[0.072s] Invoking command in '/home/aprs/aprs/aprs_ws/build/panda_description': CMAKE_PREFIX_PATH=${CMAKE_PREFIX_PATH}:/home/aprs/aprs/aprs_ws/install/conveyor_controller:/opt/ros/humble /usr/bin/cmake --build /home/aprs/aprs/aprs_ws/build/panda_description -- -j16 -l16
[0.310s] Invoked command in '/home/aprs/aprs/aprs_ws/build/panda_description' returned '0': CMAKE_PREFIX_PATH=${CMAKE_PREFIX_PATH}:/home/aprs/aprs/aprs_ws/install/conveyor_controller:/opt/ros/humble /usr/bin/cmake --build /home/aprs/aprs/aprs_ws/build/panda_description -- -j16 -l16
[0.364s] Invoking command in '/home/aprs/aprs/aprs_ws/build/panda_description': CMAKE_PREFIX_PATH=${CMAKE_PREFIX_PATH}:/home/aprs/aprs/aprs_ws/install/conveyor_controller:/opt/ros/humble /usr/bin/cmake --install /home/aprs/aprs/aprs_ws/build/panda_description
[0.382s] -- Install configuration: ""
[0.383s] -- Up-to-date: /home/aprs/aprs/aprs_ws/install/panda_description/share/panda_description/config
[0.384s] -- Up-to-date: /home/aprs/aprs/aprs_ws/install/panda_description/share/panda_description/config/joint_limits.yaml
[0.385s] -- Up-to-date: /home/aprs/aprs/aprs_ws/install/panda_description/share/panda_description/config/initial_joint_positions.yaml
[0.385s] -- Up-to-date: /home/aprs/aprs/aprs_ws/install/panda_description/share/panda_description/meshes
[0.385s] -- Up-to-date: /home/aprs/aprs/aprs_ws/install/panda_description/share/panda_description/meshes/collision
[0.386s] -- Up-to-date: /home/aprs/aprs/aprs_ws/install/panda_description/share/panda_description/meshes/collision/link0.stl
[0.387s] -- Up-to-date: /home/aprs/aprs/aprs_ws/install/panda_description/share/panda_description/meshes/collision/link4.stl
[0.388s] -- Up-to-date: /home/aprs/aprs/aprs_ws/install/panda_description/share/panda_description/meshes/collision/link3.stl
[0.388s] -- Up-to-date: /home/aprs/aprs/aprs_ws/install/panda_description/share/panda_description/meshes/collision/finger.stl
[0.388s] -- Up-to-date: /home/aprs/aprs/aprs_ws/install/panda_description/share/panda_description/meshes/collision/link7.stl
[0.388s] -- Up-to-date: /home/aprs/aprs/aprs_ws/install/panda_description/share/panda_description/meshes/collision/link5.stl
[0.389s] -- Up-to-date: /home/aprs/aprs/aprs_ws/install/panda_description/share/panda_description/meshes/collision/link2.stl
[0.393s] -- Up-to-date: /home/aprs/aprs/aprs_ws/install/panda_description/share/panda_description/meshes/collision/hand.stl
[0.394s] -- Up-to-date: /home/aprs/aprs/aprs_ws/install/panda_description/share/panda_description/meshes/collision/link1.stl
[0.394s] -- Up-to-date: /home/aprs/aprs/aprs_ws/install/panda_description/share/panda_description/meshes/collision/link6.stl
[0.394s] -- Up-to-date: /home/aprs/aprs/aprs_ws/install/panda_description/share/panda_description/meshes/visual
[0.394s] -- Up-to-date: /home/aprs/aprs/aprs_ws/install/panda_description/share/panda_description/meshes/visual/link2.dae
[0.394s] -- Up-to-date: /home/aprs/aprs/aprs_ws/install/panda_description/share/panda_description/meshes/visual/link0.dae
[0.394s] -- Up-to-date: /home/aprs/aprs/aprs_ws/install/panda_description/share/panda_description/meshes/visual/link3.dae
[0.395s] -- Up-to-date: /home/aprs/aprs/aprs_ws/install/panda_description/share/panda_description/meshes/visual/link1.dae
[0.395s] -- Up-to-date: /home/aprs/aprs/aprs_ws/install/panda_description/share/panda_description/meshes/visual/link5.dae
[0.395s] -- Up-to-date: /home/aprs/aprs/aprs_ws/install/panda_description/share/panda_description/meshes/visual/link7.dae
[0.395s] -- Up-to-date: /home/aprs/aprs/aprs_ws/install/panda_description/share/panda_description/meshes/visual/hand.dae
[0.395s] -- Up-to-date: /home/aprs/aprs/aprs_ws/install/panda_description/share/panda_description/meshes/visual/finger.dae
[0.395s] -- Up-to-date: /home/aprs/aprs/aprs_ws/install/panda_description/share/panda_description/meshes/visual/link6.dae
[0.395s] -- Up-to-date: /home/aprs/aprs/aprs_ws/install/panda_description/share/panda_description/meshes/visual/link4.dae
[0.395s] -- Up-to-date: /home/aprs/aprs/aprs_ws/install/panda_description/share/panda_description/urdf
[0.395s] -- Up-to-date: /home/aprs/aprs/aprs_ws/install/panda_description/share/panda_description/urdf/panda_gripper.xacro
[0.395s] -- Up-to-date: /home/aprs/aprs/aprs_ws/install/panda_description/share/panda_description/urdf/panda_arm.xacro
[0.395s] -- Up-to-date: /home/aprs/aprs/aprs_ws/install/panda_description/share/panda_description/urdf/panda_inertial.xacro
[0.395s] -- Up-to-date: /home/aprs/aprs/aprs_ws/install/panda_description/share/panda_description/urdf/panda.ros2_control
[0.395s] -- Up-to-date: /home/aprs/aprs/aprs_ws/install/panda_description/share/panda_description/urdf/panda.urdf
[0.396s] -- Up-to-date: /home/aprs/aprs/aprs_ws/install/panda_description/share/panda_description/urdf/panda_utils.xacro
[0.397s] -- Up-to-date: /home/aprs/aprs/aprs_ws/install/panda_description/share/panda_description/urdf/panda.urdf.xacro
[0.397s] -- Up-to-date: /home/aprs/aprs/aprs_ws/install/panda_description/share/panda_description/urdf/panda.gazebo
[0.397s] -- Up-to-date: /home/aprs/aprs/aprs_ws/install/panda_description/share/panda_description/hooks
[0.397s] -- Up-to-date: /home/aprs/aprs/aprs_ws/install/panda_description/share/panda_description/hooks/panda_description.dsv.in
[0.397s] -- Up-to-date: /home/aprs/aprs/aprs_ws/install/panda_description/share/panda_description/hooks/panda_description.sh.in
[0.397s] -- Up-to-date: /home/aprs/aprs/aprs_ws/install/panda_description/share/panda_description/environment/panda_description.dsv
[0.398s] -- Up-to-date: /home/aprs/aprs/aprs_ws/install/panda_description/share/panda_description/environment/panda_description.sh
[0.398s] -- Up-to-date: /home/aprs/aprs/aprs_ws/install/panda_description/share/ament_index/resource_index/package_run_dependencies/panda_description
[0.398s] -- Up-to-date: /home/aprs/aprs/aprs_ws/install/panda_description/share/ament_index/resource_index/parent_prefix_path/panda_description
[0.398s] -- Up-to-date: /home/aprs/aprs/aprs_ws/install/panda_description/share/panda_description/environment/ament_prefix_path.sh
[0.398s] -- Up-to-date: /home/aprs/aprs/aprs_ws/install/panda_description/share/panda_description/environment/ament_prefix_path.dsv
[0.399s] -- Up-to-date: /home/aprs/aprs/aprs_ws/install/panda_description/share/panda_description/environment/path.sh
[0.400s] -- Up-to-date: /home/aprs/aprs/aprs_ws/install/panda_description/share/panda_description/environment/path.dsv
[0.400s] -- Up-to-date: /home/aprs/aprs/aprs_ws/install/panda_description/share/panda_description/local_setup.bash
[0.401s] -- Up-to-date: /home/aprs/aprs/aprs_ws/install/panda_description/share/panda_description/local_setup.sh
[0.401s] -- Up-to-date: /home/aprs/aprs/aprs_ws/install/panda_description/share/panda_description/local_setup.zsh
[0.401s] -- Up-to-date: /home/aprs/aprs/aprs_ws/install/panda_description/share/panda_description/local_setup.dsv
[0.401s] -- Installing: /home/aprs/aprs/aprs_ws/install/panda_description/share/panda_description/package.dsv
[0.401s] -- Up-to-date: /home/aprs/aprs/aprs_ws/install/panda_description/share/ament_index/resource_index/packages/panda_description
[0.402s] -- Up-to-date: /home/aprs/aprs/aprs_ws/install/panda_description/share/panda_description/cmake/panda_descriptionConfig.cmake
[0.402s] -- Up-to-date: /home/aprs/aprs/aprs_ws/install/panda_description/share/panda_description/cmake/panda_descriptionConfig-version.cmake
[0.402s] -- Up-to-date: /home/aprs/aprs/aprs_ws/install/panda_description/share/panda_description/package.xml
[0.453s] Invoked command in '/home/aprs/aprs/aprs_ws/build/panda_description' returned '0': CMAKE_PREFIX_PATH=${CMAKE_PREFIX_PATH}:/home/aprs/aprs/aprs_ws/install/conveyor_controller:/opt/ros/humble /usr/bin/cmake --install /home/aprs/aprs/aprs_ws/build/panda_description
