[0.017s] Invoking command in '/workspaces/aprs/aprs_ws/build/franka_gz': AMENT_PREFIX_PATH=/workspaces/aprs/aprs_ws/install/gz_ros2_control:${AMENT_PREFIX_PATH} CMAKE_PREFIX_PATH=/workspaces/aprs/aprs_ws/install/gz_ros2_control:/opt/ros/rolling GZ_SIM_PLUGIn_PATH=/workspaces/aprs/aprs_ws/install/gz_ros2_control/lib/gz_ros2_control GZ_SIM_RESOURCE_PATH=/workspaces/aprs/aprs_ws/install/gz_ros2_control/share LD_LIBRARY_PATH=/workspaces/aprs/aprs_ws/install/gz_ros2_control/lib:${LD_LIBRARY_PATH} /usr/bin/cmake /workspaces/aprs/aprs_ws/src/franka_gz -DBUILD_TESTING=ON -DCMAKE_INSTALL_PREFIX=/workspaces/aprs/aprs_ws/install/franka_gz
[0.063s] -- The C compiler identification is GNU 11.3.0
[0.104s] -- The CXX compiler identification is GNU 11.3.0
[0.109s] -- Detecting C compiler ABI info
[0.162s] -- Detecting C compiler ABI info - done
[0.167s] -- Check for working C compiler: /usr/bin/cc - skipped
[0.167s] -- Detecting C compile features
[0.168s] -- Detecting C compile features - done
[0.171s] -- Detecting CXX compiler ABI info
[0.237s] -- Detecting CXX compiler ABI info - done
[0.245s] -- Check for working CXX compiler: /usr/bin/c++ - skipped
[0.245s] -- Detecting CXX compile features
[0.245s] -- Detecting CXX compile features - done
[0.252s] -- Found ament_cmake: 2.2.1 (/opt/ros/rolling/share/ament_cmake/cmake)
[0.390s] -- Found Python3: /usr/bin/python3.10 (found version "3.10.6") found components: Interpreter 
[0.486s] -- Found control_msgs: 5.0.0 (/opt/ros/rolling/share/control_msgs/cmake)
[0.528s] -- Found rosidl_generator_c: 4.3.0 (/opt/ros/rolling/share/rosidl_generator_c/cmake)
[0.542s] -- Found rosidl_generator_cpp: 4.3.0 (/opt/ros/rolling/share/rosidl_generator_cpp/cmake)
[0.558s] -- Using all available rosidl_typesupport_c: rosidl_typesupport_fastrtps_c;rosidl_typesupport_introspection_c
[0.577s] -- Using all available rosidl_typesupport_cpp: rosidl_typesupport_fastrtps_cpp;rosidl_typesupport_introspection_cpp
[1.077s] -- Found rclcpp: 22.0.0 (/opt/ros/rolling/share/rclcpp/cmake)
[1.168s] -- Found rmw_implementation_cmake: 7.2.1 (/opt/ros/rolling/share/rmw_implementation_cmake/cmake)
[1.171s] -- Found rmw_fastrtps_cpp: 7.3.0 (/opt/ros/rolling/share/rmw_fastrtps_cpp/cmake)
[1.255s] -- Found OpenSSL: /usr/lib/x86_64-linux-gnu/libcrypto.so (found version "3.0.2")  
[1.282s] -- Found FastRTPS: /opt/ros/rolling/include  
[1.326s] -- Using RMW implementation 'rmw_fastrtps_cpp' as default
[1.462s] -- Found rclcpp_action: 22.0.0 (/opt/ros/rolling/share/rclcpp_action/cmake)
[1.495s] -- Found ament_cmake_gtest: 2.2.1 (/opt/ros/rolling/share/ament_cmake_gtest/cmake)
[1.498s] -- Found ament_lint_auto: 0.15.2 (/opt/ros/rolling/share/ament_lint_auto/cmake)
[1.581s] -- Added test 'copyright' to check source files copyright and LICENSE
[1.582s] -- Added test 'flake8' to check Python code syntax and style conventions
[1.582s] -- Configured 'flake8' exclude dirs and/or files: 
[1.582s] -- Added test 'lint_cmake' to check CMake code style
[1.583s] -- Added test 'pep257' to check Python code against some of the docstring style conventions in PEP 257
[1.583s] -- Added test 'xmllint' to check XML markup files
[1.584s] -- Configuring done
[1.589s] -- Generating done
[1.591s] -- Build files have been written to: /workspaces/aprs/aprs_ws/build/franka_gz
[1.601s] Invoked command in '/workspaces/aprs/aprs_ws/build/franka_gz' returned '0': AMENT_PREFIX_PATH=/workspaces/aprs/aprs_ws/install/gz_ros2_control:${AMENT_PREFIX_PATH} CMAKE_PREFIX_PATH=/workspaces/aprs/aprs_ws/install/gz_ros2_control:/opt/ros/rolling GZ_SIM_PLUGIn_PATH=/workspaces/aprs/aprs_ws/install/gz_ros2_control/lib/gz_ros2_control GZ_SIM_RESOURCE_PATH=/workspaces/aprs/aprs_ws/install/gz_ros2_control/share LD_LIBRARY_PATH=/workspaces/aprs/aprs_ws/install/gz_ros2_control/lib:${LD_LIBRARY_PATH} /usr/bin/cmake /workspaces/aprs/aprs_ws/src/franka_gz -DBUILD_TESTING=ON -DCMAKE_INSTALL_PREFIX=/workspaces/aprs/aprs_ws/install/franka_gz
[1.604s] Invoking command in '/workspaces/aprs/aprs_ws/build/franka_gz': AMENT_PREFIX_PATH=/workspaces/aprs/aprs_ws/install/gz_ros2_control:${AMENT_PREFIX_PATH} CMAKE_PREFIX_PATH=/workspaces/aprs/aprs_ws/install/gz_ros2_control:/opt/ros/rolling GZ_SIM_PLUGIn_PATH=/workspaces/aprs/aprs_ws/install/gz_ros2_control/lib/gz_ros2_control GZ_SIM_RESOURCE_PATH=/workspaces/aprs/aprs_ws/install/gz_ros2_control/share LD_LIBRARY_PATH=/workspaces/aprs/aprs_ws/install/gz_ros2_control/lib:${LD_LIBRARY_PATH} /usr/bin/cmake --build /workspaces/aprs/aprs_ws/build/franka_gz -- -j16 -l16
[1.633s] Invoked command in '/workspaces/aprs/aprs_ws/build/franka_gz' returned '0': AMENT_PREFIX_PATH=/workspaces/aprs/aprs_ws/install/gz_ros2_control:${AMENT_PREFIX_PATH} CMAKE_PREFIX_PATH=/workspaces/aprs/aprs_ws/install/gz_ros2_control:/opt/ros/rolling GZ_SIM_PLUGIn_PATH=/workspaces/aprs/aprs_ws/install/gz_ros2_control/lib/gz_ros2_control GZ_SIM_RESOURCE_PATH=/workspaces/aprs/aprs_ws/install/gz_ros2_control/share LD_LIBRARY_PATH=/workspaces/aprs/aprs_ws/install/gz_ros2_control/lib:${LD_LIBRARY_PATH} /usr/bin/cmake --build /workspaces/aprs/aprs_ws/build/franka_gz -- -j16 -l16
[1.651s] Invoking command in '/workspaces/aprs/aprs_ws/build/franka_gz': AMENT_PREFIX_PATH=/workspaces/aprs/aprs_ws/install/gz_ros2_control:${AMENT_PREFIX_PATH} CMAKE_PREFIX_PATH=/workspaces/aprs/aprs_ws/install/gz_ros2_control:/opt/ros/rolling GZ_SIM_PLUGIn_PATH=/workspaces/aprs/aprs_ws/install/gz_ros2_control/lib/gz_ros2_control GZ_SIM_RESOURCE_PATH=/workspaces/aprs/aprs_ws/install/gz_ros2_control/share LD_LIBRARY_PATH=/workspaces/aprs/aprs_ws/install/gz_ros2_control/lib:${LD_LIBRARY_PATH} /usr/bin/cmake --install /workspaces/aprs/aprs_ws/build/franka_gz
[1.656s] -- Install configuration: ""
[1.656s] -- Installing: /workspaces/aprs/aprs_ws/install/franka_gz/share/franka_gz//launch
[1.656s] -- Installing: /workspaces/aprs/aprs_ws/install/franka_gz/share/franka_gz//launch/frankarobot.launch.py
[1.656s] -- Installing: /workspaces/aprs/aprs_ws/install/franka_gz/share/franka_gz//config
[1.657s] -- Installing: /workspaces/aprs/aprs_ws/install/franka_gz/share/franka_gz//config/franka_controller.yaml
[1.657s] -- Installing: /workspaces/aprs/aprs_ws/install/franka_gz/share/ament_index/resource_index/package_run_dependencies/franka_gz
[1.657s] -- Installing: /workspaces/aprs/aprs_ws/install/franka_gz/share/ament_index/resource_index/parent_prefix_path/franka_gz
[1.657s] -- Installing: /workspaces/aprs/aprs_ws/install/franka_gz/share/franka_gz/environment/ament_prefix_path.sh
[1.657s] -- Installing: /workspaces/aprs/aprs_ws/install/franka_gz/share/franka_gz/environment/ament_prefix_path.dsv
[1.657s] -- Installing: /workspaces/aprs/aprs_ws/install/franka_gz/share/franka_gz/environment/path.sh
[1.657s] -- Installing: /workspaces/aprs/aprs_ws/install/franka_gz/share/franka_gz/environment/path.dsv
[1.657s] -- Installing: /workspaces/aprs/aprs_ws/install/franka_gz/share/franka_gz/local_setup.bash
[1.657s] -- Installing: /workspaces/aprs/aprs_ws/install/franka_gz/share/franka_gz/local_setup.sh
[1.657s] -- Installing: /workspaces/aprs/aprs_ws/install/franka_gz/share/franka_gz/local_setup.zsh
[1.658s] -- Installing: /workspaces/aprs/aprs_ws/install/franka_gz/share/franka_gz/local_setup.dsv
[1.658s] -- Installing: /workspaces/aprs/aprs_ws/install/franka_gz/share/franka_gz/package.dsv
[1.658s] -- Installing: /workspaces/aprs/aprs_ws/install/franka_gz/share/ament_index/resource_index/packages/franka_gz
[1.658s] -- Installing: /workspaces/aprs/aprs_ws/install/franka_gz/share/franka_gz/cmake/franka_gzConfig.cmake
[1.658s] -- Installing: /workspaces/aprs/aprs_ws/install/franka_gz/share/franka_gz/cmake/franka_gzConfig-version.cmake
[1.658s] -- Installing: /workspaces/aprs/aprs_ws/install/franka_gz/share/franka_gz/package.xml
[1.659s] Invoked command in '/workspaces/aprs/aprs_ws/build/franka_gz' returned '0': AMENT_PREFIX_PATH=/workspaces/aprs/aprs_ws/install/gz_ros2_control:${AMENT_PREFIX_PATH} CMAKE_PREFIX_PATH=/workspaces/aprs/aprs_ws/install/gz_ros2_control:/opt/ros/rolling GZ_SIM_PLUGIn_PATH=/workspaces/aprs/aprs_ws/install/gz_ros2_control/lib/gz_ros2_control GZ_SIM_RESOURCE_PATH=/workspaces/aprs/aprs_ws/install/gz_ros2_control/share LD_LIBRARY_PATH=/workspaces/aprs/aprs_ws/install/gz_ros2_control/lib:${LD_LIBRARY_PATH} /usr/bin/cmake --install /workspaces/aprs/aprs_ws/build/franka_gz
