[0.096s] Invoking command in '/home/aprs/aprs/aprs_ws/build/ur_msgs': CMAKE_PREFIX_PATH=${CMAKE_PREFIX_PATH}:/home/aprs/aprs/aprs_ws/install/conveyor_controller:/opt/ros/humble /usr/bin/cmake --build /home/aprs/aprs/aprs_ws/build/ur_msgs -- -j16 -l16
[0.338s] [  0%] Built target ur_msgs__cpp
[0.338s] [  0%] Built target ament_cmake_python_copy_ur_msgs
[0.339s] [ 12%] Built target ur_msgs__rosidl_typesupport_introspection_cpp
[0.375s] running egg_info
[0.375s] writing ur_msgs.egg-info/PKG-INFO
[0.375s] writing dependency_links to ur_msgs.egg-info/dependency_links.txt
[0.375s] writing top-level names to ur_msgs.egg-info/top_level.txt
[0.375s] reading manifest file 'ur_msgs.egg-info/SOURCES.txt'
[0.375s] writing manifest file 'ur_msgs.egg-info/SOURCES.txt'
[0.456s] [ 12%] Built target ament_cmake_python_build_ur_msgs_egg
[0.481s] [ 23%] Built target ur_msgs__rosidl_typesupport_fastrtps_cpp
[0.482s] [ 35%] Built target ur_msgs__rosidl_typesupport_cpp
[0.488s] [ 47%] Built target ur_msgs__rosidl_generator_c
[0.515s] [ 59%] Built target ur_msgs__rosidl_typesupport_fastrtps_c
[0.533s] [ 70%] Built target ur_msgs__rosidl_typesupport_c
[0.573s] [ 82%] Built target ur_msgs__rosidl_typesupport_introspection_c
[0.585s] [ 82%] Built target ur_msgs
[0.608s] [ 83%] Built target ur_msgs__py
[0.641s] [ 94%] Built target ur_msgs__rosidl_generator_py
[0.658s] [ 96%] Built target ur_msgs__rosidl_typesupport_fastrtps_c__pyext
[0.672s] [ 98%] Built target ur_msgs__rosidl_typesupport_c__pyext
[0.692s] [100%] Built target ur_msgs__rosidl_typesupport_introspection_c__pyext
[0.796s] Invoked command in '/home/aprs/aprs/aprs_ws/build/ur_msgs' returned '0': CMAKE_PREFIX_PATH=${CMAKE_PREFIX_PATH}:/home/aprs/aprs/aprs_ws/install/conveyor_controller:/opt/ros/humble /usr/bin/cmake --build /home/aprs/aprs/aprs_ws/build/ur_msgs -- -j16 -l16
[1.203s] Invoking command in '/home/aprs/aprs/aprs_ws/build/ur_msgs': CMAKE_PREFIX_PATH=${CMAKE_PREFIX_PATH}:/home/aprs/aprs/aprs_ws/install/conveyor_controller:/opt/ros/humble /usr/bin/cmake --install /home/aprs/aprs/aprs_ws/build/ur_msgs
[1.218s] -- Install configuration: ""
[1.218s] -- Up-to-date: /home/aprs/aprs/aprs_ws/install/ur_msgs/share/ament_index/resource_index/rosidl_interfaces/ur_msgs
[1.218s] -- Up-to-date: /home/aprs/aprs/aprs_ws/install/ur_msgs/include/ur_msgs/ur_msgs
[1.219s] -- Up-to-date: /home/aprs/aprs/aprs_ws/install/ur_msgs/include/ur_msgs/ur_msgs/msg
[1.221s] -- Up-to-date: /home/aprs/aprs/aprs_ws/install/ur_msgs/include/ur_msgs/ur_msgs/msg/analog.h
[1.221s] -- Up-to-date: /home/aprs/aprs/aprs_ws/install/ur_msgs/include/ur_msgs/ur_msgs/msg/io_states.h
[1.222s] -- Up-to-date: /home/aprs/aprs/aprs_ws/install/ur_msgs/include/ur_msgs/ur_msgs/msg/detail
[1.222s] -- Up-to-date: /home/aprs/aprs/aprs_ws/install/ur_msgs/include/ur_msgs/ur_msgs/msg/detail/robot_state_rt_msg__functions.h
[1.222s] -- Up-to-date: /home/aprs/aprs/aprs_ws/install/ur_msgs/include/ur_msgs/ur_msgs/msg/detail/masterboard_data_msg__functions.h
[1.222s] -- Up-to-date: /home/aprs/aprs/aprs_ws/install/ur_msgs/include/ur_msgs/ur_msgs/msg/detail/digital__functions.c
[1.222s] -- Up-to-date: /home/aprs/aprs/aprs_ws/install/ur_msgs/include/ur_msgs/ur_msgs/msg/detail/masterboard_data_msg__struct.h
[1.223s] -- Up-to-date: /home/aprs/aprs/aprs_ws/install/ur_msgs/include/ur_msgs/ur_msgs/msg/detail/masterboard_data_msg__type_support.h
[1.223s] -- Up-to-date: /home/aprs/aprs/aprs_ws/install/ur_msgs/include/ur_msgs/ur_msgs/msg/detail/tool_data_msg__functions.c
[1.223s] -- Up-to-date: /home/aprs/aprs/aprs_ws/install/ur_msgs/include/ur_msgs/ur_msgs/msg/detail/io_states__struct.h
[1.223s] -- Up-to-date: /home/aprs/aprs/aprs_ws/install/ur_msgs/include/ur_msgs/ur_msgs/msg/detail/masterboard_data_msg__functions.c
[1.223s] -- Up-to-date: /home/aprs/aprs/aprs_ws/install/ur_msgs/include/ur_msgs/ur_msgs/msg/detail/robot_state_rt_msg__type_support.h
[1.223s] -- Up-to-date: /home/aprs/aprs/aprs_ws/install/ur_msgs/include/ur_msgs/ur_msgs/msg/detail/tool_data_msg__functions.h
[1.223s] -- Up-to-date: /home/aprs/aprs/aprs_ws/install/ur_msgs/include/ur_msgs/ur_msgs/msg/detail/digital__type_support.h
[1.225s] -- Up-to-date: /home/aprs/aprs/aprs_ws/install/ur_msgs/include/ur_msgs/ur_msgs/msg/detail/io_states__type_support.h
[1.225s] -- Up-to-date: /home/aprs/aprs/aprs_ws/install/ur_msgs/include/ur_msgs/ur_msgs/msg/detail/io_states__functions.h
[1.226s] -- Up-to-date: /home/aprs/aprs/aprs_ws/install/ur_msgs/include/ur_msgs/ur_msgs/msg/detail/analog__type_support.h
[1.226s] -- Up-to-date: /home/aprs/aprs/aprs_ws/install/ur_msgs/include/ur_msgs/ur_msgs/msg/detail/robot_state_rt_msg__functions.c
[1.226s] -- Up-to-date: /home/aprs/aprs/aprs_ws/install/ur_msgs/include/ur_msgs/ur_msgs/msg/detail/digital__struct.h
[1.226s] -- Up-to-date: /home/aprs/aprs/aprs_ws/install/ur_msgs/include/ur_msgs/ur_msgs/msg/detail/analog__struct.h
[1.226s] -- Up-to-date: /home/aprs/aprs/aprs_ws/install/ur_msgs/include/ur_msgs/ur_msgs/msg/detail/robot_mode_data_msg__struct.h
[1.227s] -- Up-to-date: /home/aprs/aprs/aprs_ws/install/ur_msgs/include/ur_msgs/ur_msgs/msg/detail/robot_mode_data_msg__functions.c
[1.227s] -- Up-to-date: /home/aprs/aprs/aprs_ws/install/ur_msgs/include/ur_msgs/ur_msgs/msg/detail/tool_data_msg__struct.h
[1.227s] -- Up-to-date: /home/aprs/aprs/aprs_ws/install/ur_msgs/include/ur_msgs/ur_msgs/msg/detail/io_states__functions.c
[1.227s] -- Up-to-date: /home/aprs/aprs/aprs_ws/install/ur_msgs/include/ur_msgs/ur_msgs/msg/detail/tool_data_msg__type_support.h
[1.227s] -- Up-to-date: /home/aprs/aprs/aprs_ws/install/ur_msgs/include/ur_msgs/ur_msgs/msg/detail/robot_state_rt_msg__struct.h
[1.227s] -- Up-to-date: /home/aprs/aprs/aprs_ws/install/ur_msgs/include/ur_msgs/ur_msgs/msg/detail/robot_mode_data_msg__functions.h
[1.227s] -- Up-to-date: /home/aprs/aprs/aprs_ws/install/ur_msgs/include/ur_msgs/ur_msgs/msg/detail/analog__functions.h
[1.229s] -- Up-to-date: /home/aprs/aprs/aprs_ws/install/ur_msgs/include/ur_msgs/ur_msgs/msg/detail/analog__functions.c
[1.230s] -- Up-to-date: /home/aprs/aprs/aprs_ws/install/ur_msgs/include/ur_msgs/ur_msgs/msg/detail/digital__functions.h
[1.230s] -- Up-to-date: /home/aprs/aprs/aprs_ws/install/ur_msgs/include/ur_msgs/ur_msgs/msg/detail/robot_mode_data_msg__type_support.h
[1.230s] -- Up-to-date: /home/aprs/aprs/aprs_ws/install/ur_msgs/include/ur_msgs/ur_msgs/msg/robot_state_rt_msg.h
[1.230s] -- Up-to-date: /home/aprs/aprs/aprs_ws/install/ur_msgs/include/ur_msgs/ur_msgs/msg/robot_mode_data_msg.h
[1.230s] -- Up-to-date: /home/aprs/aprs/aprs_ws/install/ur_msgs/include/ur_msgs/ur_msgs/msg/rosidl_generator_c__visibility_control.h
[1.242s] -- Up-to-date: /home/aprs/aprs/aprs_ws/install/ur_msgs/include/ur_msgs/ur_msgs/msg/masterboard_data_msg.h
[1.243s] -- Up-to-date: /home/aprs/aprs/aprs_ws/install/ur_msgs/include/ur_msgs/ur_msgs/msg/digital.h
[1.243s] -- Up-to-date: /home/aprs/aprs/aprs_ws/install/ur_msgs/include/ur_msgs/ur_msgs/msg/tool_data_msg.h
[1.243s] -- Up-to-date: /home/aprs/aprs/aprs_ws/install/ur_msgs/include/ur_msgs/ur_msgs/srv
[1.243s] -- Up-to-date: /home/aprs/aprs/aprs_ws/install/ur_msgs/include/ur_msgs/ur_msgs/srv/set_payload.h
[1.243s] -- Up-to-date: /home/aprs/aprs/aprs_ws/install/ur_msgs/include/ur_msgs/ur_msgs/srv/set_io.h
[1.243s] -- Up-to-date: /home/aprs/aprs/aprs_ws/install/ur_msgs/include/ur_msgs/ur_msgs/srv/detail
[1.243s] -- Up-to-date: /home/aprs/aprs/aprs_ws/install/ur_msgs/include/ur_msgs/ur_msgs/srv/detail/set_speed_slider_fraction__struct.h
[1.243s] -- Up-to-date: /home/aprs/aprs/aprs_ws/install/ur_msgs/include/ur_msgs/ur_msgs/srv/detail/set_io__functions.c
[1.244s] -- Up-to-date: /home/aprs/aprs/aprs_ws/install/ur_msgs/include/ur_msgs/ur_msgs/srv/detail/set_payload__type_support.h
[1.244s] -- Up-to-date: /home/aprs/aprs/aprs_ws/install/ur_msgs/include/ur_msgs/ur_msgs/srv/detail/set_speed_slider_fraction__functions.h
[1.244s] -- Up-to-date: /home/aprs/aprs/aprs_ws/install/ur_msgs/include/ur_msgs/ur_msgs/srv/detail/set_io__type_support.h
[1.244s] -- Up-to-date: /home/aprs/aprs/aprs_ws/install/ur_msgs/include/ur_msgs/ur_msgs/srv/detail/set_payload__functions.h
[1.244s] -- Up-to-date: /home/aprs/aprs/aprs_ws/install/ur_msgs/include/ur_msgs/ur_msgs/srv/detail/set_io__functions.h
[1.244s] -- Up-to-date: /home/aprs/aprs/aprs_ws/install/ur_msgs/include/ur_msgs/ur_msgs/srv/detail/set_speed_slider_fraction__type_support.h
[1.245s] -- Up-to-date: /home/aprs/aprs/aprs_ws/install/ur_msgs/include/ur_msgs/ur_msgs/srv/detail/set_io__struct.h
[1.245s] -- Up-to-date: /home/aprs/aprs/aprs_ws/install/ur_msgs/include/ur_msgs/ur_msgs/srv/detail/set_payload__struct.h
[1.245s] -- Up-to-date: /home/aprs/aprs/aprs_ws/install/ur_msgs/include/ur_msgs/ur_msgs/srv/detail/set_speed_slider_fraction__functions.c
[1.245s] -- Up-to-date: /home/aprs/aprs/aprs_ws/install/ur_msgs/include/ur_msgs/ur_msgs/srv/detail/set_payload__functions.c
[1.245s] -- Up-to-date: /home/aprs/aprs/aprs_ws/install/ur_msgs/include/ur_msgs/ur_msgs/srv/set_speed_slider_fraction.h
[1.245s] -- Up-to-date: /home/aprs/aprs/aprs_ws/install/ur_msgs/share/ur_msgs/environment/library_path.sh
[1.246s] -- Up-to-date: /home/aprs/aprs/aprs_ws/install/ur_msgs/share/ur_msgs/environment/library_path.dsv
[1.246s] -- Up-to-date: /home/aprs/aprs/aprs_ws/install/ur_msgs/lib/libur_msgs__rosidl_generator_c.so
[1.246s] -- Up-to-date: /home/aprs/aprs/aprs_ws/install/ur_msgs/include/ur_msgs/ur_msgs
[1.247s] -- Up-to-date: /home/aprs/aprs/aprs_ws/install/ur_msgs/include/ur_msgs/ur_msgs/msg
[1.247s] -- Up-to-date: /home/aprs/aprs/aprs_ws/install/ur_msgs/include/ur_msgs/ur_msgs/msg/rosidl_typesupport_fastrtps_c__visibility_control.h
[1.253s] -- Up-to-date: /home/aprs/aprs/aprs_ws/install/ur_msgs/include/ur_msgs/ur_msgs/msg/detail
[1.254s] -- Up-to-date: /home/aprs/aprs/aprs_ws/install/ur_msgs/include/ur_msgs/ur_msgs/msg/detail/analog__rosidl_typesupport_fastrtps_c.h
[1.254s] -- Up-to-date: /home/aprs/aprs/aprs_ws/install/ur_msgs/include/ur_msgs/ur_msgs/msg/detail/digital__rosidl_typesupport_fastrtps_c.h
[1.254s] -- Up-to-date: /home/aprs/aprs/aprs_ws/install/ur_msgs/include/ur_msgs/ur_msgs/msg/detail/robot_state_rt_msg__rosidl_typesupport_fastrtps_c.h
[1.254s] -- Up-to-date: /home/aprs/aprs/aprs_ws/install/ur_msgs/include/ur_msgs/ur_msgs/msg/detail/io_states__rosidl_typesupport_fastrtps_c.h
[1.254s] -- Up-to-date: /home/aprs/aprs/aprs_ws/install/ur_msgs/include/ur_msgs/ur_msgs/msg/detail/robot_mode_data_msg__rosidl_typesupport_fastrtps_c.h
[1.254s] -- Up-to-date: /home/aprs/aprs/aprs_ws/install/ur_msgs/include/ur_msgs/ur_msgs/msg/detail/masterboard_data_msg__rosidl_typesupport_fastrtps_c.h
[1.254s] -- Up-to-date: /home/aprs/aprs/aprs_ws/install/ur_msgs/include/ur_msgs/ur_msgs/msg/detail/tool_data_msg__rosidl_typesupport_fastrtps_c.h
[1.255s] -- Up-to-date: /home/aprs/aprs/aprs_ws/install/ur_msgs/include/ur_msgs/ur_msgs/srv
[1.255s] -- Up-to-date: /home/aprs/aprs/aprs_ws/install/ur_msgs/include/ur_msgs/ur_msgs/srv/detail
[1.255s] -- Up-to-date: /home/aprs/aprs/aprs_ws/install/ur_msgs/include/ur_msgs/ur_msgs/srv/detail/set_io__rosidl_typesupport_fastrtps_c.h
[1.255s] -- Up-to-date: /home/aprs/aprs/aprs_ws/install/ur_msgs/include/ur_msgs/ur_msgs/srv/detail/set_payload__rosidl_typesupport_fastrtps_c.h
[1.257s] -- Up-to-date: /home/aprs/aprs/aprs_ws/install/ur_msgs/include/ur_msgs/ur_msgs/srv/detail/set_speed_slider_fraction__rosidl_typesupport_fastrtps_c.h
[1.258s] -- Up-to-date: /home/aprs/aprs/aprs_ws/install/ur_msgs/lib/libur_msgs__rosidl_typesupport_fastrtps_c.so
[1.258s] -- Up-to-date: /home/aprs/aprs/aprs_ws/install/ur_msgs/include/ur_msgs/ur_msgs
[1.258s] -- Up-to-date: /home/aprs/aprs/aprs_ws/install/ur_msgs/include/ur_msgs/ur_msgs/msg
[1.258s] -- Up-to-date: /home/aprs/aprs/aprs_ws/install/ur_msgs/include/ur_msgs/ur_msgs/msg/digital.hpp
[1.258s] -- Up-to-date: /home/aprs/aprs/aprs_ws/install/ur_msgs/include/ur_msgs/ur_msgs/msg/masterboard_data_msg.hpp
[1.258s] -- Up-to-date: /home/aprs/aprs/aprs_ws/install/ur_msgs/include/ur_msgs/ur_msgs/msg/detail
[1.260s] -- Up-to-date: /home/aprs/aprs/aprs_ws/install/ur_msgs/include/ur_msgs/ur_msgs/msg/detail/robot_mode_data_msg__traits.hpp
[1.261s] -- Up-to-date: /home/aprs/aprs/aprs_ws/install/ur_msgs/include/ur_msgs/ur_msgs/msg/detail/analog__struct.hpp
[1.262s] -- Up-to-date: /home/aprs/aprs/aprs_ws/install/ur_msgs/include/ur_msgs/ur_msgs/msg/detail/digital__builder.hpp
[1.263s] -- Up-to-date: /home/aprs/aprs/aprs_ws/install/ur_msgs/include/ur_msgs/ur_msgs/msg/detail/robot_state_rt_msg__struct.hpp
[1.263s] -- Up-to-date: /home/aprs/aprs/aprs_ws/install/ur_msgs/include/ur_msgs/ur_msgs/msg/detail/tool_data_msg__builder.hpp
[1.263s] -- Up-to-date: /home/aprs/aprs/aprs_ws/install/ur_msgs/include/ur_msgs/ur_msgs/msg/detail/tool_data_msg__traits.hpp
[1.264s] -- Up-to-date: /home/aprs/aprs/aprs_ws/install/ur_msgs/include/ur_msgs/ur_msgs/msg/detail/masterboard_data_msg__struct.hpp
[1.264s] -- Up-to-date: /home/aprs/aprs/aprs_ws/install/ur_msgs/include/ur_msgs/ur_msgs/msg/detail/robot_state_rt_msg__traits.hpp
[1.264s] -- Up-to-date: /home/aprs/aprs/aprs_ws/install/ur_msgs/include/ur_msgs/ur_msgs/msg/detail/robot_mode_data_msg__struct.hpp
[1.264s] -- Up-to-date: /home/aprs/aprs/aprs_ws/install/ur_msgs/include/ur_msgs/ur_msgs/msg/detail/digital__struct.hpp
[1.267s] -- Up-to-date: /home/aprs/aprs/aprs_ws/install/ur_msgs/include/ur_msgs/ur_msgs/msg/detail/io_states__builder.hpp
[1.268s] -- Up-to-date: /home/aprs/aprs/aprs_ws/install/ur_msgs/include/ur_msgs/ur_msgs/msg/detail/digital__traits.hpp
[1.268s] -- Up-to-date: /home/aprs/aprs/aprs_ws/install/ur_msgs/include/ur_msgs/ur_msgs/msg/detail/io_states__traits.hpp
[1.268s] -- Up-to-date: /home/aprs/aprs/aprs_ws/install/ur_msgs/include/ur_msgs/ur_msgs/msg/detail/robot_mode_data_msg__builder.hpp
[1.268s] -- Up-to-date: /home/aprs/aprs/aprs_ws/install/ur_msgs/include/ur_msgs/ur_msgs/msg/detail/masterboard_data_msg__traits.hpp
[1.268s] -- Up-to-date: /home/aprs/aprs/aprs_ws/install/ur_msgs/include/ur_msgs/ur_msgs/msg/detail/tool_data_msg__struct.hpp
[1.268s] -- Up-to-date: /home/aprs/aprs/aprs_ws/install/ur_msgs/include/ur_msgs/ur_msgs/msg/detail/analog__builder.hpp
[1.268s] -- Up-to-date: /home/aprs/aprs/aprs_ws/install/ur_msgs/include/ur_msgs/ur_msgs/msg/detail/io_states__struct.hpp
[1.269s] -- Up-to-date: /home/aprs/aprs/aprs_ws/install/ur_msgs/include/ur_msgs/ur_msgs/msg/detail/masterboard_data_msg__builder.hpp
[1.269s] -- Up-to-date: /home/aprs/aprs/aprs_ws/install/ur_msgs/include/ur_msgs/ur_msgs/msg/detail/robot_state_rt_msg__builder.hpp
[1.269s] -- Up-to-date: /home/aprs/aprs/aprs_ws/install/ur_msgs/include/ur_msgs/ur_msgs/msg/detail/analog__traits.hpp
[1.269s] -- Up-to-date: /home/aprs/aprs/aprs_ws/install/ur_msgs/include/ur_msgs/ur_msgs/msg/analog.hpp
[1.269s] -- Up-to-date: /home/aprs/aprs/aprs_ws/install/ur_msgs/include/ur_msgs/ur_msgs/msg/robot_state_rt_msg.hpp
[1.270s] -- Up-to-date: /home/aprs/aprs/aprs_ws/install/ur_msgs/include/ur_msgs/ur_msgs/msg/tool_data_msg.hpp
[1.271s] -- Up-to-date: /home/aprs/aprs/aprs_ws/install/ur_msgs/include/ur_msgs/ur_msgs/msg/io_states.hpp
[1.271s] -- Up-to-date: /home/aprs/aprs/aprs_ws/install/ur_msgs/include/ur_msgs/ur_msgs/msg/robot_mode_data_msg.hpp
[1.271s] -- Up-to-date: /home/aprs/aprs/aprs_ws/install/ur_msgs/include/ur_msgs/ur_msgs/srv
[1.271s] -- Up-to-date: /home/aprs/aprs/aprs_ws/install/ur_msgs/include/ur_msgs/ur_msgs/srv/set_io.hpp
[1.271s] -- Up-to-date: /home/aprs/aprs/aprs_ws/install/ur_msgs/include/ur_msgs/ur_msgs/srv/set_payload.hpp
[1.271s] -- Up-to-date: /home/aprs/aprs/aprs_ws/install/ur_msgs/include/ur_msgs/ur_msgs/srv/detail
[1.272s] -- Up-to-date: /home/aprs/aprs/aprs_ws/install/ur_msgs/include/ur_msgs/ur_msgs/srv/detail/set_io__struct.hpp
[1.272s] -- Up-to-date: /home/aprs/aprs/aprs_ws/install/ur_msgs/include/ur_msgs/ur_msgs/srv/detail/set_speed_slider_fraction__traits.hpp
[1.272s] -- Up-to-date: /home/aprs/aprs/aprs_ws/install/ur_msgs/include/ur_msgs/ur_msgs/srv/detail/set_speed_slider_fraction__builder.hpp
[1.272s] -- Up-to-date: /home/aprs/aprs/aprs_ws/install/ur_msgs/include/ur_msgs/ur_msgs/srv/detail/set_payload__traits.hpp
[1.274s] -- Up-to-date: /home/aprs/aprs/aprs_ws/install/ur_msgs/include/ur_msgs/ur_msgs/srv/detail/set_io__traits.hpp
[1.274s] -- Up-to-date: /home/aprs/aprs/aprs_ws/install/ur_msgs/include/ur_msgs/ur_msgs/srv/detail/set_payload__struct.hpp
[1.275s] -- Up-to-date: /home/aprs/aprs/aprs_ws/install/ur_msgs/include/ur_msgs/ur_msgs/srv/detail/set_payload__builder.hpp
[1.275s] -- Up-to-date: /home/aprs/aprs/aprs_ws/install/ur_msgs/include/ur_msgs/ur_msgs/srv/detail/set_io__builder.hpp
[1.275s] -- Up-to-date: /home/aprs/aprs/aprs_ws/install/ur_msgs/include/ur_msgs/ur_msgs/srv/detail/set_speed_slider_fraction__struct.hpp
[1.275s] -- Up-to-date: /home/aprs/aprs/aprs_ws/install/ur_msgs/include/ur_msgs/ur_msgs/srv/set_speed_slider_fraction.hpp
[1.275s] -- Up-to-date: /home/aprs/aprs/aprs_ws/install/ur_msgs/include/ur_msgs/ur_msgs
[1.276s] -- Up-to-date: /home/aprs/aprs/aprs_ws/install/ur_msgs/include/ur_msgs/ur_msgs/msg
[1.276s] -- Up-to-date: /home/aprs/aprs/aprs_ws/install/ur_msgs/include/ur_msgs/ur_msgs/msg/detail
[1.276s] -- Up-to-date: /home/aprs/aprs/aprs_ws/install/ur_msgs/include/ur_msgs/ur_msgs/msg/detail/robot_state_rt_msg__rosidl_typesupport_fastrtps_cpp.hpp
[1.276s] -- Up-to-date: /home/aprs/aprs/aprs_ws/install/ur_msgs/include/ur_msgs/ur_msgs/msg/detail/tool_data_msg__rosidl_typesupport_fastrtps_cpp.hpp
[1.276s] -- Up-to-date: /home/aprs/aprs/aprs_ws/install/ur_msgs/include/ur_msgs/ur_msgs/msg/detail/dds_fastrtps
[1.276s] -- Up-to-date: /home/aprs/aprs/aprs_ws/install/ur_msgs/include/ur_msgs/ur_msgs/msg/detail/analog__rosidl_typesupport_fastrtps_cpp.hpp
[1.277s] -- Up-to-date: /home/aprs/aprs/aprs_ws/install/ur_msgs/include/ur_msgs/ur_msgs/msg/detail/robot_mode_data_msg__rosidl_typesupport_fastrtps_cpp.hpp
[1.277s] -- Up-to-date: /home/aprs/aprs/aprs_ws/install/ur_msgs/include/ur_msgs/ur_msgs/msg/detail/digital__rosidl_typesupport_fastrtps_cpp.hpp
[1.277s] -- Up-to-date: /home/aprs/aprs/aprs_ws/install/ur_msgs/include/ur_msgs/ur_msgs/msg/detail/io_states__rosidl_typesupport_fastrtps_cpp.hpp
[1.278s] -- Up-to-date: /home/aprs/aprs/aprs_ws/install/ur_msgs/include/ur_msgs/ur_msgs/msg/detail/masterboard_data_msg__rosidl_typesupport_fastrtps_cpp.hpp
[1.278s] -- Up-to-date: /home/aprs/aprs/aprs_ws/install/ur_msgs/include/ur_msgs/ur_msgs/msg/rosidl_typesupport_fastrtps_cpp__visibility_control.h
[1.278s] -- Up-to-date: /home/aprs/aprs/aprs_ws/install/ur_msgs/include/ur_msgs/ur_msgs/srv
[1.279s] -- Up-to-date: /home/aprs/aprs/aprs_ws/install/ur_msgs/include/ur_msgs/ur_msgs/srv/detail
[1.279s] -- Up-to-date: /home/aprs/aprs/aprs_ws/install/ur_msgs/include/ur_msgs/ur_msgs/srv/detail/dds_fastrtps
[1.279s] -- Up-to-date: /home/aprs/aprs/aprs_ws/install/ur_msgs/include/ur_msgs/ur_msgs/srv/detail/set_payload__rosidl_typesupport_fastrtps_cpp.hpp
[1.280s] -- Up-to-date: /home/aprs/aprs/aprs_ws/install/ur_msgs/include/ur_msgs/ur_msgs/srv/detail/set_speed_slider_fraction__rosidl_typesupport_fastrtps_cpp.hpp
[1.280s] -- Up-to-date: /home/aprs/aprs/aprs_ws/install/ur_msgs/include/ur_msgs/ur_msgs/srv/detail/set_io__rosidl_typesupport_fastrtps_cpp.hpp
[1.280s] -- Up-to-date: /home/aprs/aprs/aprs_ws/install/ur_msgs/lib/libur_msgs__rosidl_typesupport_fastrtps_cpp.so
[1.280s] -- Up-to-date: /home/aprs/aprs/aprs_ws/install/ur_msgs/include/ur_msgs/ur_msgs
[1.280s] -- Up-to-date: /home/aprs/aprs/aprs_ws/install/ur_msgs/include/ur_msgs/ur_msgs/msg
[1.280s] -- Up-to-date: /home/aprs/aprs/aprs_ws/install/ur_msgs/include/ur_msgs/ur_msgs/msg/detail
[1.280s] -- Up-to-date: /home/aprs/aprs/aprs_ws/install/ur_msgs/include/ur_msgs/ur_msgs/msg/detail/io_states__type_support.c
[1.280s] -- Up-to-date: /home/aprs/aprs/aprs_ws/install/ur_msgs/include/ur_msgs/ur_msgs/msg/detail/robot_mode_data_msg__rosidl_typesupport_introspection_c.h
[1.280s] -- Up-to-date: /home/aprs/aprs/aprs_ws/install/ur_msgs/include/ur_msgs/ur_msgs/msg/detail/robot_state_rt_msg__type_support.c
[1.280s] -- Up-to-date: /home/aprs/aprs/aprs_ws/install/ur_msgs/include/ur_msgs/ur_msgs/msg/detail/io_states__rosidl_typesupport_introspection_c.h
[1.280s] -- Up-to-date: /home/aprs/aprs/aprs_ws/install/ur_msgs/include/ur_msgs/ur_msgs/msg/detail/masterboard_data_msg__type_support.c
[1.280s] -- Up-to-date: /home/aprs/aprs/aprs_ws/install/ur_msgs/include/ur_msgs/ur_msgs/msg/detail/robot_mode_data_msg__type_support.c
[1.280s] -- Up-to-date: /home/aprs/aprs/aprs_ws/install/ur_msgs/include/ur_msgs/ur_msgs/msg/detail/tool_data_msg__type_support.c
[1.280s] -- Up-to-date: /home/aprs/aprs/aprs_ws/install/ur_msgs/include/ur_msgs/ur_msgs/msg/detail/tool_data_msg__rosidl_typesupport_introspection_c.h
[1.280s] -- Up-to-date: /home/aprs/aprs/aprs_ws/install/ur_msgs/include/ur_msgs/ur_msgs/msg/detail/analog__type_support.c
[1.280s] -- Up-to-date: /home/aprs/aprs/aprs_ws/install/ur_msgs/include/ur_msgs/ur_msgs/msg/detail/analog__rosidl_typesupport_introspection_c.h
[1.280s] -- Up-to-date: /home/aprs/aprs/aprs_ws/install/ur_msgs/include/ur_msgs/ur_msgs/msg/detail/masterboard_data_msg__rosidl_typesupport_introspection_c.h
[1.280s] -- Up-to-date: /home/aprs/aprs/aprs_ws/install/ur_msgs/include/ur_msgs/ur_msgs/msg/detail/robot_state_rt_msg__rosidl_typesupport_introspection_c.h
[1.280s] -- Up-to-date: /home/aprs/aprs/aprs_ws/install/ur_msgs/include/ur_msgs/ur_msgs/msg/detail/digital__type_support.c
[1.280s] -- Up-to-date: /home/aprs/aprs/aprs_ws/install/ur_msgs/include/ur_msgs/ur_msgs/msg/detail/digital__rosidl_typesupport_introspection_c.h
[1.280s] -- Up-to-date: /home/aprs/aprs/aprs_ws/install/ur_msgs/include/ur_msgs/ur_msgs/msg/rosidl_typesupport_introspection_c__visibility_control.h
[1.280s] -- Up-to-date: /home/aprs/aprs/aprs_ws/install/ur_msgs/include/ur_msgs/ur_msgs/srv
[1.280s] -- Up-to-date: /home/aprs/aprs/aprs_ws/install/ur_msgs/include/ur_msgs/ur_msgs/srv/detail
[1.280s] -- Up-to-date: /home/aprs/aprs/aprs_ws/install/ur_msgs/include/ur_msgs/ur_msgs/srv/detail/set_payload__type_support.c
[1.280s] -- Up-to-date: /home/aprs/aprs/aprs_ws/install/ur_msgs/include/ur_msgs/ur_msgs/srv/detail/set_payload__rosidl_typesupport_introspection_c.h
[1.280s] -- Up-to-date: /home/aprs/aprs/aprs_ws/install/ur_msgs/include/ur_msgs/ur_msgs/srv/detail/set_speed_slider_fraction__type_support.c
[1.280s] -- Up-to-date: /home/aprs/aprs/aprs_ws/install/ur_msgs/include/ur_msgs/ur_msgs/srv/detail/set_speed_slider_fraction__rosidl_typesupport_introspection_c.h
[1.280s] -- Up-to-date: /home/aprs/aprs/aprs_ws/install/ur_msgs/include/ur_msgs/ur_msgs/srv/detail/set_io__rosidl_typesupport_introspection_c.h
[1.281s] -- Up-to-date: /home/aprs/aprs/aprs_ws/install/ur_msgs/include/ur_msgs/ur_msgs/srv/detail/set_io__type_support.c
[1.281s] -- Up-to-date: /home/aprs/aprs/aprs_ws/install/ur_msgs/lib/libur_msgs__rosidl_typesupport_introspection_c.so
[1.281s] -- Up-to-date: /home/aprs/aprs/aprs_ws/install/ur_msgs/lib/libur_msgs__rosidl_typesupport_c.so
[1.281s] -- Up-to-date: /home/aprs/aprs/aprs_ws/install/ur_msgs/include/ur_msgs/ur_msgs
[1.281s] -- Up-to-date: /home/aprs/aprs/aprs_ws/install/ur_msgs/include/ur_msgs/ur_msgs/msg
[1.281s] -- Up-to-date: /home/aprs/aprs/aprs_ws/install/ur_msgs/include/ur_msgs/ur_msgs/msg/detail
[1.281s] -- Up-to-date: /home/aprs/aprs/aprs_ws/install/ur_msgs/include/ur_msgs/ur_msgs/msg/detail/robot_mode_data_msg__type_support.cpp
[1.281s] -- Up-to-date: /home/aprs/aprs/aprs_ws/install/ur_msgs/include/ur_msgs/ur_msgs/msg/detail/masterboard_data_msg__rosidl_typesupport_introspection_cpp.hpp
[1.281s] -- Up-to-date: /home/aprs/aprs/aprs_ws/install/ur_msgs/include/ur_msgs/ur_msgs/msg/detail/tool_data_msg__type_support.cpp
[1.281s] -- Up-to-date: /home/aprs/aprs/aprs_ws/install/ur_msgs/include/ur_msgs/ur_msgs/msg/detail/digital__type_support.cpp
[1.281s] -- Up-to-date: /home/aprs/aprs/aprs_ws/install/ur_msgs/include/ur_msgs/ur_msgs/msg/detail/robot_mode_data_msg__rosidl_typesupport_introspection_cpp.hpp
[1.281s] -- Up-to-date: /home/aprs/aprs/aprs_ws/install/ur_msgs/include/ur_msgs/ur_msgs/msg/detail/io_states__rosidl_typesupport_introspection_cpp.hpp
[1.281s] -- Up-to-date: /home/aprs/aprs/aprs_ws/install/ur_msgs/include/ur_msgs/ur_msgs/msg/detail/analog__rosidl_typesupport_introspection_cpp.hpp
[1.281s] -- Up-to-date: /home/aprs/aprs/aprs_ws/install/ur_msgs/include/ur_msgs/ur_msgs/msg/detail/io_states__type_support.cpp
[1.281s] -- Up-to-date: /home/aprs/aprs/aprs_ws/install/ur_msgs/include/ur_msgs/ur_msgs/msg/detail/analog__type_support.cpp
[1.281s] -- Up-to-date: /home/aprs/aprs/aprs_ws/install/ur_msgs/include/ur_msgs/ur_msgs/msg/detail/robot_state_rt_msg__rosidl_typesupport_introspection_cpp.hpp
[1.281s] -- Up-to-date: /home/aprs/aprs/aprs_ws/install/ur_msgs/include/ur_msgs/ur_msgs/msg/detail/tool_data_msg__rosidl_typesupport_introspection_cpp.hpp
[1.281s] -- Up-to-date: /home/aprs/aprs/aprs_ws/install/ur_msgs/include/ur_msgs/ur_msgs/msg/detail/robot_state_rt_msg__type_support.cpp
[1.281s] -- Up-to-date: /home/aprs/aprs/aprs_ws/install/ur_msgs/include/ur_msgs/ur_msgs/msg/detail/masterboard_data_msg__type_support.cpp
[1.281s] -- Up-to-date: /home/aprs/aprs/aprs_ws/install/ur_msgs/include/ur_msgs/ur_msgs/msg/detail/digital__rosidl_typesupport_introspection_cpp.hpp
[1.281s] -- Up-to-date: /home/aprs/aprs/aprs_ws/install/ur_msgs/include/ur_msgs/ur_msgs/srv
[1.281s] -- Up-to-date: /home/aprs/aprs/aprs_ws/install/ur_msgs/include/ur_msgs/ur_msgs/srv/detail
[1.281s] -- Up-to-date: /home/aprs/aprs/aprs_ws/install/ur_msgs/include/ur_msgs/ur_msgs/srv/detail/set_io__type_support.cpp
[1.281s] -- Up-to-date: /home/aprs/aprs/aprs_ws/install/ur_msgs/include/ur_msgs/ur_msgs/srv/detail/set_payload__rosidl_typesupport_introspection_cpp.hpp
[1.281s] -- Up-to-date: /home/aprs/aprs/aprs_ws/install/ur_msgs/include/ur_msgs/ur_msgs/srv/detail/set_io__rosidl_typesupport_introspection_cpp.hpp
[1.281s] -- Up-to-date: /home/aprs/aprs/aprs_ws/install/ur_msgs/include/ur_msgs/ur_msgs/srv/detail/set_speed_slider_fraction__rosidl_typesupport_introspection_cpp.hpp
[1.282s] -- Up-to-date: /home/aprs/aprs/aprs_ws/install/ur_msgs/include/ur_msgs/ur_msgs/srv/detail/set_speed_slider_fraction__type_support.cpp
[1.282s] -- Up-to-date: /home/aprs/aprs/aprs_ws/install/ur_msgs/include/ur_msgs/ur_msgs/srv/detail/set_payload__type_support.cpp
[1.289s] -- Up-to-date: /home/aprs/aprs/aprs_ws/install/ur_msgs/lib/libur_msgs__rosidl_typesupport_introspection_cpp.so
[1.290s] -- Up-to-date: /home/aprs/aprs/aprs_ws/install/ur_msgs/lib/libur_msgs__rosidl_typesupport_cpp.so
[1.290s] -- Up-to-date: /home/aprs/aprs/aprs_ws/install/ur_msgs/share/ur_msgs/environment/pythonpath.sh
[1.291s] -- Up-to-date: /home/aprs/aprs/aprs_ws/install/ur_msgs/share/ur_msgs/environment/pythonpath.dsv
[1.292s] -- Up-to-date: /home/aprs/aprs/aprs_ws/install/ur_msgs/local/lib/python3.10/dist-packages/ur_msgs-2.0.0-py3.10.egg-info
[1.292s] -- Installing: /home/aprs/aprs/aprs_ws/install/ur_msgs/local/lib/python3.10/dist-packages/ur_msgs-2.0.0-py3.10.egg-info/PKG-INFO
[1.292s] -- Installing: /home/aprs/aprs/aprs_ws/install/ur_msgs/local/lib/python3.10/dist-packages/ur_msgs-2.0.0-py3.10.egg-info/dependency_links.txt
[1.292s] -- Installing: /home/aprs/aprs/aprs_ws/install/ur_msgs/local/lib/python3.10/dist-packages/ur_msgs-2.0.0-py3.10.egg-info/SOURCES.txt
[1.292s] -- Installing: /home/aprs/aprs/aprs_ws/install/ur_msgs/local/lib/python3.10/dist-packages/ur_msgs-2.0.0-py3.10.egg-info/top_level.txt
[1.292s] -- Up-to-date: /home/aprs/aprs/aprs_ws/install/ur_msgs/local/lib/python3.10/dist-packages/ur_msgs
[1.293s] -- Up-to-date: /home/aprs/aprs/aprs_ws/install/ur_msgs/local/lib/python3.10/dist-packages/ur_msgs/__init__.py
[1.293s] -- Up-to-date: /home/aprs/aprs/aprs_ws/install/ur_msgs/local/lib/python3.10/dist-packages/ur_msgs/ur_msgs_s__rosidl_typesupport_introspection_c.cpython-310-x86_64-linux-gnu.so
[1.293s] -- Up-to-date: /home/aprs/aprs/aprs_ws/install/ur_msgs/local/lib/python3.10/dist-packages/ur_msgs/_ur_msgs_s.ep.rosidl_typesupport_introspection_c.c
[1.293s] -- Up-to-date: /home/aprs/aprs/aprs_ws/install/ur_msgs/local/lib/python3.10/dist-packages/ur_msgs/_ur_msgs_s.ep.rosidl_typesupport_c.c
[1.293s] -- Up-to-date: /home/aprs/aprs/aprs_ws/install/ur_msgs/local/lib/python3.10/dist-packages/ur_msgs/ur_msgs_s__rosidl_typesupport_fastrtps_c.cpython-310-x86_64-linux-gnu.so
[1.293s] -- Up-to-date: /home/aprs/aprs/aprs_ws/install/ur_msgs/local/lib/python3.10/dist-packages/ur_msgs/msg
[1.293s] -- Up-to-date: /home/aprs/aprs/aprs_ws/install/ur_msgs/local/lib/python3.10/dist-packages/ur_msgs/msg/_io_states.py
[1.293s] -- Up-to-date: /home/aprs/aprs/aprs_ws/install/ur_msgs/local/lib/python3.10/dist-packages/ur_msgs/msg/__init__.py
[1.293s] -- Up-to-date: /home/aprs/aprs/aprs_ws/install/ur_msgs/local/lib/python3.10/dist-packages/ur_msgs/msg/_masterboard_data_msg_s.c
[1.293s] -- Up-to-date: /home/aprs/aprs/aprs_ws/install/ur_msgs/local/lib/python3.10/dist-packages/ur_msgs/msg/_robot_state_rt_msg.py
[1.294s] -- Up-to-date: /home/aprs/aprs/aprs_ws/install/ur_msgs/local/lib/python3.10/dist-packages/ur_msgs/msg/_tool_data_msg.py
[1.294s] -- Up-to-date: /home/aprs/aprs/aprs_ws/install/ur_msgs/local/lib/python3.10/dist-packages/ur_msgs/msg/_tool_data_msg_s.c
[1.294s] -- Up-to-date: /home/aprs/aprs/aprs_ws/install/ur_msgs/local/lib/python3.10/dist-packages/ur_msgs/msg/_masterboard_data_msg.py
[1.294s] -- Up-to-date: /home/aprs/aprs/aprs_ws/install/ur_msgs/local/lib/python3.10/dist-packages/ur_msgs/msg/_analog.py
[1.294s] -- Up-to-date: /home/aprs/aprs/aprs_ws/install/ur_msgs/local/lib/python3.10/dist-packages/ur_msgs/msg/_robot_state_rt_msg_s.c
[1.294s] -- Up-to-date: /home/aprs/aprs/aprs_ws/install/ur_msgs/local/lib/python3.10/dist-packages/ur_msgs/msg/_robot_mode_data_msg_s.c
[1.294s] -- Up-to-date: /home/aprs/aprs/aprs_ws/install/ur_msgs/local/lib/python3.10/dist-packages/ur_msgs/msg/_analog_s.c
[1.294s] -- Up-to-date: /home/aprs/aprs/aprs_ws/install/ur_msgs/local/lib/python3.10/dist-packages/ur_msgs/msg/_digital.py
[1.294s] -- Up-to-date: /home/aprs/aprs/aprs_ws/install/ur_msgs/local/lib/python3.10/dist-packages/ur_msgs/msg/_robot_mode_data_msg.py
[1.294s] -- Up-to-date: /home/aprs/aprs/aprs_ws/install/ur_msgs/local/lib/python3.10/dist-packages/ur_msgs/msg/_io_states_s.c
[1.294s] -- Up-to-date: /home/aprs/aprs/aprs_ws/install/ur_msgs/local/lib/python3.10/dist-packages/ur_msgs/msg/_digital_s.c
[1.294s] -- Up-to-date: /home/aprs/aprs/aprs_ws/install/ur_msgs/local/lib/python3.10/dist-packages/ur_msgs/_ur_msgs_s.ep.rosidl_typesupport_fastrtps_c.c
[1.294s] -- Up-to-date: /home/aprs/aprs/aprs_ws/install/ur_msgs/local/lib/python3.10/dist-packages/ur_msgs/libur_msgs__rosidl_generator_py.so
[1.295s] -- Up-to-date: /home/aprs/aprs/aprs_ws/install/ur_msgs/local/lib/python3.10/dist-packages/ur_msgs/srv
[1.295s] -- Up-to-date: /home/aprs/aprs/aprs_ws/install/ur_msgs/local/lib/python3.10/dist-packages/ur_msgs/srv/__init__.py
[1.295s] -- Up-to-date: /home/aprs/aprs/aprs_ws/install/ur_msgs/local/lib/python3.10/dist-packages/ur_msgs/srv/_set_payload.py
[1.295s] -- Up-to-date: /home/aprs/aprs/aprs_ws/install/ur_msgs/local/lib/python3.10/dist-packages/ur_msgs/srv/_set_payload_s.c
[1.295s] -- Up-to-date: /home/aprs/aprs/aprs_ws/install/ur_msgs/local/lib/python3.10/dist-packages/ur_msgs/srv/_set_io_s.c
[1.295s] -- Up-to-date: /home/aprs/aprs/aprs_ws/install/ur_msgs/local/lib/python3.10/dist-packages/ur_msgs/srv/_set_io.py
[1.295s] -- Up-to-date: /home/aprs/aprs/aprs_ws/install/ur_msgs/local/lib/python3.10/dist-packages/ur_msgs/srv/_set_speed_slider_fraction_s.c
[1.295s] -- Up-to-date: /home/aprs/aprs/aprs_ws/install/ur_msgs/local/lib/python3.10/dist-packages/ur_msgs/srv/_set_speed_slider_fraction.py
[1.295s] -- Up-to-date: /home/aprs/aprs/aprs_ws/install/ur_msgs/local/lib/python3.10/dist-packages/ur_msgs/ur_msgs_s__rosidl_typesupport_c.cpython-310-x86_64-linux-gnu.so
[1.303s] Listing '/home/aprs/aprs/aprs_ws/install/ur_msgs/local/lib/python3.10/dist-packages/ur_msgs'...
[1.303s] Listing '/home/aprs/aprs/aprs_ws/install/ur_msgs/local/lib/python3.10/dist-packages/ur_msgs/msg'...
[1.303s] Listing '/home/aprs/aprs/aprs_ws/install/ur_msgs/local/lib/python3.10/dist-packages/ur_msgs/srv'...
[1.303s] -- Up-to-date: /home/aprs/aprs/aprs_ws/install/ur_msgs/local/lib/python3.10/dist-packages/ur_msgs/ur_msgs_s__rosidl_typesupport_fastrtps_c.cpython-310-x86_64-linux-gnu.so
[1.303s] -- Up-to-date: /home/aprs/aprs/aprs_ws/install/ur_msgs/local/lib/python3.10/dist-packages/ur_msgs/ur_msgs_s__rosidl_typesupport_introspection_c.cpython-310-x86_64-linux-gnu.so
[1.304s] -- Up-to-date: /home/aprs/aprs/aprs_ws/install/ur_msgs/local/lib/python3.10/dist-packages/ur_msgs/ur_msgs_s__rosidl_typesupport_c.cpython-310-x86_64-linux-gnu.so
[1.304s] -- Up-to-date: /home/aprs/aprs/aprs_ws/install/ur_msgs/lib/libur_msgs__rosidl_generator_py.so
[1.304s] -- Up-to-date: /home/aprs/aprs/aprs_ws/install/ur_msgs/share/ur_msgs/msg/Analog.idl
[1.304s] -- Up-to-date: /home/aprs/aprs/aprs_ws/install/ur_msgs/share/ur_msgs/msg/Digital.idl
[1.304s] -- Up-to-date: /home/aprs/aprs/aprs_ws/install/ur_msgs/share/ur_msgs/msg/IOStates.idl
[1.304s] -- Up-to-date: /home/aprs/aprs/aprs_ws/install/ur_msgs/share/ur_msgs/msg/RobotStateRTMsg.idl
[1.304s] -- Up-to-date: /home/aprs/aprs/aprs_ws/install/ur_msgs/share/ur_msgs/msg/MasterboardDataMsg.idl
[1.304s] -- Up-to-date: /home/aprs/aprs/aprs_ws/install/ur_msgs/share/ur_msgs/msg/RobotModeDataMsg.idl
[1.304s] -- Up-to-date: /home/aprs/aprs/aprs_ws/install/ur_msgs/share/ur_msgs/msg/ToolDataMsg.idl
[1.304s] -- Up-to-date: /home/aprs/aprs/aprs_ws/install/ur_msgs/share/ur_msgs/srv/SetPayload.idl
[1.304s] -- Up-to-date: /home/aprs/aprs/aprs_ws/install/ur_msgs/share/ur_msgs/srv/SetSpeedSliderFraction.idl
[1.304s] -- Up-to-date: /home/aprs/aprs/aprs_ws/install/ur_msgs/share/ur_msgs/srv/SetIO.idl
[1.304s] -- Up-to-date: /home/aprs/aprs/aprs_ws/install/ur_msgs/share/ur_msgs/msg/Analog.msg
[1.304s] -- Up-to-date: /home/aprs/aprs/aprs_ws/install/ur_msgs/share/ur_msgs/msg/Digital.msg
[1.304s] -- Up-to-date: /home/aprs/aprs/aprs_ws/install/ur_msgs/share/ur_msgs/msg/IOStates.msg
[1.304s] -- Up-to-date: /home/aprs/aprs/aprs_ws/install/ur_msgs/share/ur_msgs/msg/RobotStateRTMsg.msg
[1.304s] -- Up-to-date: /home/aprs/aprs/aprs_ws/install/ur_msgs/share/ur_msgs/msg/MasterboardDataMsg.msg
[1.304s] -- Up-to-date: /home/aprs/aprs/aprs_ws/install/ur_msgs/share/ur_msgs/msg/RobotModeDataMsg.msg
[1.304s] -- Up-to-date: /home/aprs/aprs/aprs_ws/install/ur_msgs/share/ur_msgs/msg/ToolDataMsg.msg
[1.304s] -- Up-to-date: /home/aprs/aprs/aprs_ws/install/ur_msgs/share/ur_msgs/srv/SetPayload.srv
[1.305s] -- Up-to-date: /home/aprs/aprs/aprs_ws/install/ur_msgs/share/ur_msgs/srv/SetPayload_Request.msg
[1.305s] -- Up-to-date: /home/aprs/aprs/aprs_ws/install/ur_msgs/share/ur_msgs/srv/SetPayload_Response.msg
[1.305s] -- Up-to-date: /home/aprs/aprs/aprs_ws/install/ur_msgs/share/ur_msgs/srv/SetSpeedSliderFraction.srv
[1.305s] -- Up-to-date: /home/aprs/aprs/aprs_ws/install/ur_msgs/share/ur_msgs/srv/SetSpeedSliderFraction_Request.msg
[1.305s] -- Up-to-date: /home/aprs/aprs/aprs_ws/install/ur_msgs/share/ur_msgs/srv/SetSpeedSliderFraction_Response.msg
[1.305s] -- Up-to-date: /home/aprs/aprs/aprs_ws/install/ur_msgs/share/ur_msgs/srv/SetIO.srv
[1.305s] -- Up-to-date: /home/aprs/aprs/aprs_ws/install/ur_msgs/share/ur_msgs/srv/SetIO_Request.msg
[1.305s] -- Up-to-date: /home/aprs/aprs/aprs_ws/install/ur_msgs/share/ur_msgs/srv/SetIO_Response.msg
[1.305s] -- Up-to-date: /home/aprs/aprs/aprs_ws/install/ur_msgs/share/ament_index/resource_index/package_run_dependencies/ur_msgs
[1.305s] -- Up-to-date: /home/aprs/aprs/aprs_ws/install/ur_msgs/share/ament_index/resource_index/parent_prefix_path/ur_msgs
[1.305s] -- Up-to-date: /home/aprs/aprs/aprs_ws/install/ur_msgs/share/ur_msgs/environment/ament_prefix_path.sh
[1.305s] -- Up-to-date: /home/aprs/aprs/aprs_ws/install/ur_msgs/share/ur_msgs/environment/ament_prefix_path.dsv
[1.305s] -- Up-to-date: /home/aprs/aprs/aprs_ws/install/ur_msgs/share/ur_msgs/environment/path.sh
[1.305s] -- Up-to-date: /home/aprs/aprs/aprs_ws/install/ur_msgs/share/ur_msgs/environment/path.dsv
[1.305s] -- Up-to-date: /home/aprs/aprs/aprs_ws/install/ur_msgs/share/ur_msgs/local_setup.bash
[1.306s] -- Up-to-date: /home/aprs/aprs/aprs_ws/install/ur_msgs/share/ur_msgs/local_setup.sh
[1.306s] -- Up-to-date: /home/aprs/aprs/aprs_ws/install/ur_msgs/share/ur_msgs/local_setup.zsh
[1.306s] -- Up-to-date: /home/aprs/aprs/aprs_ws/install/ur_msgs/share/ur_msgs/local_setup.dsv
[1.306s] -- Installing: /home/aprs/aprs/aprs_ws/install/ur_msgs/share/ur_msgs/package.dsv
[1.306s] -- Up-to-date: /home/aprs/aprs/aprs_ws/install/ur_msgs/share/ament_index/resource_index/packages/ur_msgs
[1.306s] -- Up-to-date: /home/aprs/aprs/aprs_ws/install/ur_msgs/share/ur_msgs/cmake/export_ur_msgs__rosidl_generator_cExport.cmake
[1.306s] -- Up-to-date: /home/aprs/aprs/aprs_ws/install/ur_msgs/share/ur_msgs/cmake/export_ur_msgs__rosidl_generator_cExport-noconfig.cmake
[1.306s] -- Up-to-date: /home/aprs/aprs/aprs_ws/install/ur_msgs/share/ur_msgs/cmake/export_ur_msgs__rosidl_typesupport_fastrtps_cExport.cmake
[1.306s] -- Up-to-date: /home/aprs/aprs/aprs_ws/install/ur_msgs/share/ur_msgs/cmake/export_ur_msgs__rosidl_typesupport_fastrtps_cExport-noconfig.cmake
[1.306s] -- Up-to-date: /home/aprs/aprs/aprs_ws/install/ur_msgs/share/ur_msgs/cmake/export_ur_msgs__rosidl_generator_cppExport.cmake
[1.307s] -- Up-to-date: /home/aprs/aprs/aprs_ws/install/ur_msgs/share/ur_msgs/cmake/export_ur_msgs__rosidl_typesupport_fastrtps_cppExport.cmake
[1.307s] -- Up-to-date: /home/aprs/aprs/aprs_ws/install/ur_msgs/share/ur_msgs/cmake/export_ur_msgs__rosidl_typesupport_fastrtps_cppExport-noconfig.cmake
[1.307s] -- Up-to-date: /home/aprs/aprs/aprs_ws/install/ur_msgs/share/ur_msgs/cmake/ur_msgs__rosidl_typesupport_introspection_cExport.cmake
[1.307s] -- Up-to-date: /home/aprs/aprs/aprs_ws/install/ur_msgs/share/ur_msgs/cmake/ur_msgs__rosidl_typesupport_introspection_cExport-noconfig.cmake
[1.307s] -- Up-to-date: /home/aprs/aprs/aprs_ws/install/ur_msgs/share/ur_msgs/cmake/ur_msgs__rosidl_typesupport_cExport.cmake
[1.307s] -- Up-to-date: /home/aprs/aprs/aprs_ws/install/ur_msgs/share/ur_msgs/cmake/ur_msgs__rosidl_typesupport_cExport-noconfig.cmake
[1.307s] -- Up-to-date: /home/aprs/aprs/aprs_ws/install/ur_msgs/share/ur_msgs/cmake/ur_msgs__rosidl_typesupport_introspection_cppExport.cmake
[1.307s] -- Up-to-date: /home/aprs/aprs/aprs_ws/install/ur_msgs/share/ur_msgs/cmake/ur_msgs__rosidl_typesupport_introspection_cppExport-noconfig.cmake
[1.307s] -- Up-to-date: /home/aprs/aprs/aprs_ws/install/ur_msgs/share/ur_msgs/cmake/ur_msgs__rosidl_typesupport_cppExport.cmake
[1.307s] -- Up-to-date: /home/aprs/aprs/aprs_ws/install/ur_msgs/share/ur_msgs/cmake/ur_msgs__rosidl_typesupport_cppExport-noconfig.cmake
[1.307s] -- Up-to-date: /home/aprs/aprs/aprs_ws/install/ur_msgs/share/ur_msgs/cmake/export_ur_msgs__rosidl_generator_pyExport.cmake
[1.307s] -- Up-to-date: /home/aprs/aprs/aprs_ws/install/ur_msgs/share/ur_msgs/cmake/export_ur_msgs__rosidl_generator_pyExport-noconfig.cmake
[1.307s] -- Up-to-date: /home/aprs/aprs/aprs_ws/install/ur_msgs/share/ur_msgs/cmake/rosidl_cmake-extras.cmake
[1.307s] -- Up-to-date: /home/aprs/aprs/aprs_ws/install/ur_msgs/share/ur_msgs/cmake/ament_cmake_export_dependencies-extras.cmake
[1.308s] -- Up-to-date: /home/aprs/aprs/aprs_ws/install/ur_msgs/share/ur_msgs/cmake/ament_cmake_export_include_directories-extras.cmake
[1.308s] -- Up-to-date: /home/aprs/aprs/aprs_ws/install/ur_msgs/share/ur_msgs/cmake/ament_cmake_export_libraries-extras.cmake
[1.308s] -- Up-to-date: /home/aprs/aprs/aprs_ws/install/ur_msgs/share/ur_msgs/cmake/ament_cmake_export_targets-extras.cmake
[1.308s] -- Up-to-date: /home/aprs/aprs/aprs_ws/install/ur_msgs/share/ur_msgs/cmake/rosidl_cmake_export_typesupport_targets-extras.cmake
[1.308s] -- Up-to-date: /home/aprs/aprs/aprs_ws/install/ur_msgs/share/ur_msgs/cmake/rosidl_cmake_export_typesupport_libraries-extras.cmake
[1.308s] -- Up-to-date: /home/aprs/aprs/aprs_ws/install/ur_msgs/share/ur_msgs/cmake/ur_msgsConfig.cmake
[1.308s] -- Up-to-date: /home/aprs/aprs/aprs_ws/install/ur_msgs/share/ur_msgs/cmake/ur_msgsConfig-version.cmake
[1.308s] -- Up-to-date: /home/aprs/aprs/aprs_ws/install/ur_msgs/share/ur_msgs/package.xml
[1.351s] Invoked command in '/home/aprs/aprs/aprs_ws/build/ur_msgs' returned '0': CMAKE_PREFIX_PATH=${CMAKE_PREFIX_PATH}:/home/aprs/aprs/aprs_ws/install/conveyor_controller:/opt/ros/humble /usr/bin/cmake --install /home/aprs/aprs/aprs_ws/build/ur_msgs
