[0.140s] Invoking command in '/home/aprs/aprs/aprs_ws/build/ur_moveit_config': CMAKE_PREFIX_PATH=/home/aprs/aprs/aprs_ws/install/ur_description:/home/aprs/aprs/aprs_ws/install/gear_place:/home/aprs/aprs/aprs_ws/install/worlds:/home/aprs/aprs/aprs_ws/install/workbench_description:/home/aprs/aprs/aprs_ws/install/vaccum_description:/home/aprs/aprs/aprs_ws/install/ur_setup:/home/aprs/aprs/aprs_ws/install/ur:/home/aprs/aprs/aprs_ws/install/ur_calibration:/home/aprs/aprs/aprs_ws/install/ur_robot_driver:/home/aprs/aprs/aprs_ws/install/ur_bringup:/home/aprs/aprs/aprs_ws/install/ur_controllers:/home/aprs/aprs/aprs_ws/install/ur_msgs:/home/aprs/aprs/aprs_ws/install/ur_moveit_config:/home/aprs/aprs/aprs_ws/install/ur_gz:/home/aprs/aprs/aprs_ws/install/ur_description_gz:/home/aprs/aprs/aprs_ws/install/ur5e_moveit_config:/home/aprs/aprs/aprs_ws/install/panda_moveit_config:/home/aprs/aprs/aprs_ws/install/ur_dashboard_msgs:/home/aprs/aprs/aprs_ws/install/ur_client_library:/home/aprs/aprs/aprs_ws/install/table_description:/home/aprs/aprs/aprs_ws/install/point_cloud:/home/aprs/aprs/aprs_ws/install/realsense2_description:/home/aprs/aprs/aprs_ws/install/realsense2_camera:/home/aprs/aprs/aprs_ws/install/realsense2_camera_msgs:/home/aprs/aprs/aprs_ws/install/panda_description:/home/aprs/aprs/aprs_ws/install/ign_ros2_control_demos:/home/aprs/aprs/aprs_ws/install/gz_ros2_control_tests:/home/aprs/aprs/aprs_ws/install/ign_ros2_control:/home/aprs/aprs/aprs_ws/install/franka_setup:/home/aprs/aprs/aprs_ws/install/franka_gz:/home/aprs/aprs/aprs_ws/install/fanuc_moveit_config:/home/aprs/aprs/aprs_ws/install/fanuc_description:/home/aprs/aprs/aprs_ws/install/conveyor_interfaces:/home/aprs/aprs/aprs_ws/install/camera_mount:/home/aprs/aprs/aprs_ws/install/conveyor_controller:/opt/ros/humble GZ_MODEL_PATH=/home/aprs/aprs/aprs_ws/install/ur_description/share/ur_description/meshes GZ_SIM_PLUGIn_PATH=/home/aprs/aprs/aprs_ws/install/ur_description/lib/ur_description /usr/bin/cmake --build /home/aprs/aprs/aprs_ws/build/ur_moveit_config -- -j16 -l16
[0.190s] Built target ament_cmake_python_copy_ur_moveit_config
[0.557s] running egg_info
[0.557s] writing ur_moveit_config.egg-info/PKG-INFO
[0.557s] writing dependency_links to ur_moveit_config.egg-info/dependency_links.txt
[0.557s] writing top-level names to ur_moveit_config.egg-info/top_level.txt
[0.558s] reading manifest file 'ur_moveit_config.egg-info/SOURCES.txt'
[0.558s] writing manifest file 'ur_moveit_config.egg-info/SOURCES.txt'
[0.558s] Built target ament_cmake_python_build_ur_moveit_config_egg
[0.576s] Invoked command in '/home/aprs/aprs/aprs_ws/build/ur_moveit_config' returned '0': CMAKE_PREFIX_PATH=/home/aprs/aprs/aprs_ws/install/ur_description:/home/aprs/aprs/aprs_ws/install/gear_place:/home/aprs/aprs/aprs_ws/install/worlds:/home/aprs/aprs/aprs_ws/install/workbench_description:/home/aprs/aprs/aprs_ws/install/vaccum_description:/home/aprs/aprs/aprs_ws/install/ur_setup:/home/aprs/aprs/aprs_ws/install/ur:/home/aprs/aprs/aprs_ws/install/ur_calibration:/home/aprs/aprs/aprs_ws/install/ur_robot_driver:/home/aprs/aprs/aprs_ws/install/ur_bringup:/home/aprs/aprs/aprs_ws/install/ur_controllers:/home/aprs/aprs/aprs_ws/install/ur_msgs:/home/aprs/aprs/aprs_ws/install/ur_moveit_config:/home/aprs/aprs/aprs_ws/install/ur_gz:/home/aprs/aprs/aprs_ws/install/ur_description_gz:/home/aprs/aprs/aprs_ws/install/ur5e_moveit_config:/home/aprs/aprs/aprs_ws/install/panda_moveit_config:/home/aprs/aprs/aprs_ws/install/ur_dashboard_msgs:/home/aprs/aprs/aprs_ws/install/ur_client_library:/home/aprs/aprs/aprs_ws/install/table_description:/home/aprs/aprs/aprs_ws/install/point_cloud:/home/aprs/aprs/aprs_ws/install/realsense2_description:/home/aprs/aprs/aprs_ws/install/realsense2_camera:/home/aprs/aprs/aprs_ws/install/realsense2_camera_msgs:/home/aprs/aprs/aprs_ws/install/panda_description:/home/aprs/aprs/aprs_ws/install/ign_ros2_control_demos:/home/aprs/aprs/aprs_ws/install/gz_ros2_control_tests:/home/aprs/aprs/aprs_ws/install/ign_ros2_control:/home/aprs/aprs/aprs_ws/install/franka_setup:/home/aprs/aprs/aprs_ws/install/franka_gz:/home/aprs/aprs/aprs_ws/install/fanuc_moveit_config:/home/aprs/aprs/aprs_ws/install/fanuc_description:/home/aprs/aprs/aprs_ws/install/conveyor_interfaces:/home/aprs/aprs/aprs_ws/install/camera_mount:/home/aprs/aprs/aprs_ws/install/conveyor_controller:/opt/ros/humble GZ_MODEL_PATH=/home/aprs/aprs/aprs_ws/install/ur_description/share/ur_description/meshes GZ_SIM_PLUGIn_PATH=/home/aprs/aprs/aprs_ws/install/ur_description/lib/ur_description /usr/bin/cmake --build /home/aprs/aprs/aprs_ws/build/ur_moveit_config -- -j16 -l16
[0.726s] Invoking command in '/home/aprs/aprs/aprs_ws/build/ur_moveit_config': CMAKE_PREFIX_PATH=/home/aprs/aprs/aprs_ws/install/ur_description:/home/aprs/aprs/aprs_ws/install/gear_place:/home/aprs/aprs/aprs_ws/install/worlds:/home/aprs/aprs/aprs_ws/install/workbench_description:/home/aprs/aprs/aprs_ws/install/vaccum_description:/home/aprs/aprs/aprs_ws/install/ur_setup:/home/aprs/aprs/aprs_ws/install/ur:/home/aprs/aprs/aprs_ws/install/ur_calibration:/home/aprs/aprs/aprs_ws/install/ur_robot_driver:/home/aprs/aprs/aprs_ws/install/ur_bringup:/home/aprs/aprs/aprs_ws/install/ur_controllers:/home/aprs/aprs/aprs_ws/install/ur_msgs:/home/aprs/aprs/aprs_ws/install/ur_moveit_config:/home/aprs/aprs/aprs_ws/install/ur_gz:/home/aprs/aprs/aprs_ws/install/ur_description_gz:/home/aprs/aprs/aprs_ws/install/ur5e_moveit_config:/home/aprs/aprs/aprs_ws/install/panda_moveit_config:/home/aprs/aprs/aprs_ws/install/ur_dashboard_msgs:/home/aprs/aprs/aprs_ws/install/ur_client_library:/home/aprs/aprs/aprs_ws/install/table_description:/home/aprs/aprs/aprs_ws/install/point_cloud:/home/aprs/aprs/aprs_ws/install/realsense2_description:/home/aprs/aprs/aprs_ws/install/realsense2_camera:/home/aprs/aprs/aprs_ws/install/realsense2_camera_msgs:/home/aprs/aprs/aprs_ws/install/panda_description:/home/aprs/aprs/aprs_ws/install/ign_ros2_control_demos:/home/aprs/aprs/aprs_ws/install/gz_ros2_control_tests:/home/aprs/aprs/aprs_ws/install/ign_ros2_control:/home/aprs/aprs/aprs_ws/install/franka_setup:/home/aprs/aprs/aprs_ws/install/franka_gz:/home/aprs/aprs/aprs_ws/install/fanuc_moveit_config:/home/aprs/aprs/aprs_ws/install/fanuc_description:/home/aprs/aprs/aprs_ws/install/conveyor_interfaces:/home/aprs/aprs/aprs_ws/install/camera_mount:/home/aprs/aprs/aprs_ws/install/conveyor_controller:/opt/ros/humble GZ_MODEL_PATH=/home/aprs/aprs/aprs_ws/install/ur_description/share/ur_description/meshes GZ_SIM_PLUGIn_PATH=/home/aprs/aprs/aprs_ws/install/ur_description/lib/ur_description /usr/bin/cmake --install /home/aprs/aprs/aprs_ws/build/ur_moveit_config
[0.771s] -- Install configuration: ""
[0.771s] -- Up-to-date: /home/aprs/aprs/aprs_ws/install/ur_moveit_config/share/ur_moveit_config/config
[0.774s] -- Up-to-date: /home/aprs/aprs/aprs_ws/install/ur_moveit_config/share/ur_moveit_config/config/ompl_planning.yaml
[0.774s] -- Up-to-date: /home/aprs/aprs/aprs_ws/install/ur_moveit_config/share/ur_moveit_config/config/kinematics.yaml
[0.774s] -- Up-to-date: /home/aprs/aprs/aprs_ws/install/ur_moveit_config/share/ur_moveit_config/config/ur_servo.yaml
[0.774s] -- Up-to-date: /home/aprs/aprs/aprs_ws/install/ur_moveit_config/share/ur_moveit_config/config/controllers.yaml
[0.774s] -- Up-to-date: /home/aprs/aprs/aprs_ws/install/ur_moveit_config/share/ur_moveit_config/launch
[0.774s] -- Up-to-date: /home/aprs/aprs/aprs_ws/install/ur_moveit_config/share/ur_moveit_config/launch/ur_moveit.launch.py
[0.775s] -- Up-to-date: /home/aprs/aprs/aprs_ws/install/ur_moveit_config/share/ur_moveit_config/rviz
[0.775s] -- Up-to-date: /home/aprs/aprs/aprs_ws/install/ur_moveit_config/share/ur_moveit_config/rviz/view_robot.rviz
[0.775s] -- Up-to-date: /home/aprs/aprs/aprs_ws/install/ur_moveit_config/share/ur_moveit_config/srdf
[0.775s] -- Up-to-date: /home/aprs/aprs/aprs_ws/install/ur_moveit_config/share/ur_moveit_config/srdf/ur_macro.srdf.xacro
[0.775s] -- Up-to-date: /home/aprs/aprs/aprs_ws/install/ur_moveit_config/share/ur_moveit_config/srdf/ur.srdf.xacro
[0.775s] -- Up-to-date: /home/aprs/aprs/aprs_ws/install/ur_moveit_config/share/ur_moveit_config/environment/pythonpath.sh
[0.775s] -- Up-to-date: /home/aprs/aprs/aprs_ws/install/ur_moveit_config/share/ur_moveit_config/environment/pythonpath.dsv
[0.776s] -- Up-to-date: /home/aprs/aprs/aprs_ws/install/ur_moveit_config/local/lib/python3.10/dist-packages/ur_moveit_config-2.2.8-py3.10.egg-info
[0.776s] -- Installing: /home/aprs/aprs/aprs_ws/install/ur_moveit_config/local/lib/python3.10/dist-packages/ur_moveit_config-2.2.8-py3.10.egg-info/PKG-INFO
[0.776s] -- Installing: /home/aprs/aprs/aprs_ws/install/ur_moveit_config/local/lib/python3.10/dist-packages/ur_moveit_config-2.2.8-py3.10.egg-info/dependency_links.txt
[0.776s] -- Installing: /home/aprs/aprs/aprs_ws/install/ur_moveit_config/local/lib/python3.10/dist-packages/ur_moveit_config-2.2.8-py3.10.egg-info/SOURCES.txt
[0.776s] -- Installing: /home/aprs/aprs/aprs_ws/install/ur_moveit_config/local/lib/python3.10/dist-packages/ur_moveit_config-2.2.8-py3.10.egg-info/top_level.txt
[0.776s] -- Up-to-date: /home/aprs/aprs/aprs_ws/install/ur_moveit_config/local/lib/python3.10/dist-packages/ur_moveit_config
[0.776s] -- Up-to-date: /home/aprs/aprs/aprs_ws/install/ur_moveit_config/local/lib/python3.10/dist-packages/ur_moveit_config/__init__.py
[0.776s] -- Up-to-date: /home/aprs/aprs/aprs_ws/install/ur_moveit_config/local/lib/python3.10/dist-packages/ur_moveit_config/launch_common.py
[0.779s] Listing '/home/aprs/aprs/aprs_ws/install/ur_moveit_config/local/lib/python3.10/dist-packages/ur_moveit_config'...
[0.779s] -- Up-to-date: /home/aprs/aprs/aprs_ws/install/ur_moveit_config/local/lib/python3.10/dist-packages/launch_common.py
[0.806s] -- Up-to-date: /home/aprs/aprs/aprs_ws/install/ur_moveit_config/share/ament_index/resource_index/package_run_dependencies/ur_moveit_config
[0.807s] -- Up-to-date: /home/aprs/aprs/aprs_ws/install/ur_moveit_config/share/ament_index/resource_index/parent_prefix_path/ur_moveit_config
[0.807s] -- Up-to-date: /home/aprs/aprs/aprs_ws/install/ur_moveit_config/share/ur_moveit_config/environment/ament_prefix_path.sh
[0.807s] -- Up-to-date: /home/aprs/aprs/aprs_ws/install/ur_moveit_config/share/ur_moveit_config/environment/ament_prefix_path.dsv
[0.807s] -- Up-to-date: /home/aprs/aprs/aprs_ws/install/ur_moveit_config/share/ur_moveit_config/environment/path.sh
[0.807s] -- Up-to-date: /home/aprs/aprs/aprs_ws/install/ur_moveit_config/share/ur_moveit_config/environment/path.dsv
[0.807s] -- Up-to-date: /home/aprs/aprs/aprs_ws/install/ur_moveit_config/share/ur_moveit_config/local_setup.bash
[0.807s] -- Up-to-date: /home/aprs/aprs/aprs_ws/install/ur_moveit_config/share/ur_moveit_config/local_setup.sh
[0.808s] -- Up-to-date: /home/aprs/aprs/aprs_ws/install/ur_moveit_config/share/ur_moveit_config/local_setup.zsh
[0.808s] -- Up-to-date: /home/aprs/aprs/aprs_ws/install/ur_moveit_config/share/ur_moveit_config/local_setup.dsv
[0.809s] -- Installing: /home/aprs/aprs/aprs_ws/install/ur_moveit_config/share/ur_moveit_config/package.dsv
[0.822s] -- Up-to-date: /home/aprs/aprs/aprs_ws/install/ur_moveit_config/share/ament_index/resource_index/packages/ur_moveit_config
[0.822s] -- Up-to-date: /home/aprs/aprs/aprs_ws/install/ur_moveit_config/share/ur_moveit_config/cmake/ur_moveit_configConfig.cmake
[0.822s] -- Up-to-date: /home/aprs/aprs/aprs_ws/install/ur_moveit_config/share/ur_moveit_config/cmake/ur_moveit_configConfig-version.cmake
[0.822s] -- Up-to-date: /home/aprs/aprs/aprs_ws/install/ur_moveit_config/share/ur_moveit_config/package.xml
[0.823s] Invoked command in '/home/aprs/aprs/aprs_ws/build/ur_moveit_config' returned '0': CMAKE_PREFIX_PATH=/home/aprs/aprs/aprs_ws/install/ur_description:/home/aprs/aprs/aprs_ws/install/gear_place:/home/aprs/aprs/aprs_ws/install/worlds:/home/aprs/aprs/aprs_ws/install/workbench_description:/home/aprs/aprs/aprs_ws/install/vaccum_description:/home/aprs/aprs/aprs_ws/install/ur_setup:/home/aprs/aprs/aprs_ws/install/ur:/home/aprs/aprs/aprs_ws/install/ur_calibration:/home/aprs/aprs/aprs_ws/install/ur_robot_driver:/home/aprs/aprs/aprs_ws/install/ur_bringup:/home/aprs/aprs/aprs_ws/install/ur_controllers:/home/aprs/aprs/aprs_ws/install/ur_msgs:/home/aprs/aprs/aprs_ws/install/ur_moveit_config:/home/aprs/aprs/aprs_ws/install/ur_gz:/home/aprs/aprs/aprs_ws/install/ur_description_gz:/home/aprs/aprs/aprs_ws/install/ur5e_moveit_config:/home/aprs/aprs/aprs_ws/install/panda_moveit_config:/home/aprs/aprs/aprs_ws/install/ur_dashboard_msgs:/home/aprs/aprs/aprs_ws/install/ur_client_library:/home/aprs/aprs/aprs_ws/install/table_description:/home/aprs/aprs/aprs_ws/install/point_cloud:/home/aprs/aprs/aprs_ws/install/realsense2_description:/home/aprs/aprs/aprs_ws/install/realsense2_camera:/home/aprs/aprs/aprs_ws/install/realsense2_camera_msgs:/home/aprs/aprs/aprs_ws/install/panda_description:/home/aprs/aprs/aprs_ws/install/ign_ros2_control_demos:/home/aprs/aprs/aprs_ws/install/gz_ros2_control_tests:/home/aprs/aprs/aprs_ws/install/ign_ros2_control:/home/aprs/aprs/aprs_ws/install/franka_setup:/home/aprs/aprs/aprs_ws/install/franka_gz:/home/aprs/aprs/aprs_ws/install/fanuc_moveit_config:/home/aprs/aprs/aprs_ws/install/fanuc_description:/home/aprs/aprs/aprs_ws/install/conveyor_interfaces:/home/aprs/aprs/aprs_ws/install/camera_mount:/home/aprs/aprs/aprs_ws/install/conveyor_controller:/opt/ros/humble GZ_MODEL_PATH=/home/aprs/aprs/aprs_ws/install/ur_description/share/ur_description/meshes GZ_SIM_PLUGIn_PATH=/home/aprs/aprs/aprs_ws/install/ur_description/lib/ur_description /usr/bin/cmake --install /home/aprs/aprs/aprs_ws/build/ur_moveit_config
