[0.247s] Invoking command in '/workspaces/aprs_humble/aprs_ws/build/ur_robot_driver': CMAKE_PREFIX_PATH=/workspaces/aprs_humble/aprs_ws/install/ur_controllers:/workspaces/aprs_humble/aprs_ws/install/controller_manager:/workspaces/aprs_humble/aprs_ws/install/controller_interface:/workspaces/aprs_humble/aprs_ws/install/hardware_interface:/workspaces/aprs_humble/aprs_ws/install/ur_msgs:/workspaces/aprs_humble/aprs_ws/install/ur_description:/workspaces/aprs_humble/aprs_ws/install/ur_dashboard_msgs:/workspaces/aprs_humble/aprs_ws/install/ur_client_library:/workspaces/aprs_humble/aprs_ws/install/ros2_control_test_assets:/workspaces/aprs_humble/aprs_ws/install/controller_manager_msgs:/workspaces/aprs_humble/aprs_ws/install/worlds:/workspaces/aprs_humble/aprs_ws/install/workbench_description:/workspaces/aprs_humble/aprs_ws/install/vaccum_description:/workspaces/aprs_humble/aprs_ws/install/ur_setup:/workspaces/aprs_humble/aprs_ws/install/ur_calibration:/workspaces/aprs_humble/aprs_ws/install/ur_robot_driver:/workspaces/aprs_humble/aprs_ws/install/ur_bringup:/workspaces/aprs_humble/aprs_ws/install/ur_moveit_config:/workspaces/aprs_humble/aprs_ws/install/ur_gz:/workspaces/aprs_humble/aprs_ws/install/ur5e_moveit_config:/workspaces/aprs_humble/aprs_ws/install/panda_moveit_config:/workspaces/aprs_humble/aprs_ws/install/ros2_control:/workspaces/aprs_humble/aprs_ws/install/transmission_interface:/workspaces/aprs_humble/aprs_ws/install/table_description:/workspaces/aprs_humble/aprs_ws/install/ign_ros2_control_demos:/workspaces/aprs_humble/aprs_ws/install/gz_ros2_control_tests:/workspaces/aprs_humble/aprs_ws/install/franka_gz:/workspaces/aprs_humble/aprs_ws/install/ign_ros2_control:/workspaces/aprs_humble/aprs_ws/install/realsense2_description_:/workspaces/aprs_humble/aprs_ws/install/point_cloud:/workspaces/aprs_humble/aprs_ws/install/panda_description:/workspaces/aprs_humble/aprs_ws/install/joint_limits:/workspaces/aprs_humble/aprs_ws/install/franka_setup:/workspaces/aprs_humble/aprs_ws/install/fanuc_moveit_config:/workspaces/aprs_humble/aprs_ws/install/fanuc_description:/workspaces/aprs_humble/aprs_ws/install/camera_mount:/workspaces/aprs_humble/aprs_ws/install/rqt_controller_manager:/workspaces/aprs_humble/aprs_ws/install/ros2controlcli:/opt/ros/humble LD_LIBRARY_PATH=/workspaces/aprs_humble/aprs_ws/install/ur_controllers/lib:/workspaces/aprs_humble/aprs_ws/install/controller_manager/lib:/workspaces/aprs_humble/aprs_ws/install/controller_interface/lib:/workspaces/aprs_humble/aprs_ws/install/hardware_interface/lib:/workspaces/aprs_humble/aprs_ws/install/ur_msgs/lib:/workspaces/aprs_humble/aprs_ws/install/ur_dashboard_msgs/lib:/workspaces/aprs_humble/aprs_ws/install/ur_client_library/lib:/workspaces/aprs_humble/aprs_ws/install/controller_manager_msgs/lib:/workspaces/aprs_humble/aprs_ws/install/ur_robot_driver/lib:/workspaces/aprs_humble/aprs_ws/install/transmission_interface/lib:/workspaces/aprs_humble/aprs_ws/install/ign_ros2_control/lib:/workspaces/aprs_humble/aprs_ws/install/point_cloud/lib:/opt/ros/humble/opt/rviz_ogre_vendor/lib:/opt/ros/humble/lib/x86_64-linux-gnu:/opt/ros/humble/lib /usr/bin/cmake /workspaces/aprs_humble/aprs_ws/src/Universal_Robots_ROS2_Driver/ur_robot_driver -DCMAKE_INSTALL_PREFIX=/workspaces/aprs_humble/aprs_ws/install/ur_robot_driver
[0.257s] [0mur_robot_driver: You did not request a specific build type: selecting 'RelWithDebInfo'.[0m
[0.257s] -- Found ament_cmake: 1.3.5 (/opt/ros/humble/share/ament_cmake/cmake)
[0.394s] -- Found controller_manager: 2.31.0 (/workspaces/aprs_humble/aprs_ws/install/controller_manager/share/controller_manager/cmake)
[0.419s] -- Found rosidl_generator_c: 3.1.5 (/opt/ros/humble/share/rosidl_generator_c/cmake)
[0.421s] -- Found rosidl_adapter: 3.1.5 (/opt/ros/humble/share/rosidl_adapter/cmake)
[0.425s] -- Found rosidl_generator_cpp: 3.1.5 (/opt/ros/humble/share/rosidl_generator_cpp/cmake)
[0.435s] -- Using all available rosidl_typesupport_c: rosidl_typesupport_fastrtps_c;rosidl_typesupport_introspection_c
[0.450s] -- Using all available rosidl_typesupport_cpp: rosidl_typesupport_fastrtps_cpp;rosidl_typesupport_introspection_cpp
[0.980s] -- Found rmw_implementation_cmake: 6.1.1 (/opt/ros/humble/share/rmw_implementation_cmake/cmake)
[0.982s] -- Found rmw_fastrtps_cpp: 6.2.3 (/opt/ros/humble/share/rmw_fastrtps_cpp/cmake)
[1.123s] -- Using RMW implementation 'rmw_fastrtps_cpp' as default
[1.609s] -- Found rclpy: 3.3.9 (/opt/ros/humble/share/rclpy/cmake)
[1.617s] -- Found std_srvs: 4.2.3 (/opt/ros/humble/share/std_srvs/cmake)
[1.622s] -- Found tf2_geometry_msgs: 0.25.3 (/opt/ros/humble/share/tf2_geometry_msgs/cmake)
[1.625s] -- Found eigen3_cmake_module: 0.1.1 (/opt/ros/humble/share/eigen3_cmake_module/cmake)
[1.626s] -- Ensuring Eigen3 include directory is part of orocos-kdl CMake target
[1.834s] -- Found ur_dashboard_msgs: 2.2.8 (/workspaces/aprs_humble/aprs_ws/install/ur_dashboard_msgs/share/ur_dashboard_msgs/cmake)
[3.554s] -- Found ur_controllers: 2.2.8 (/workspaces/aprs_humble/aprs_ws/install/ur_controllers/share/ur_controllers/cmake)
[3.737s] -- Found parameter_traits: 0.3.6 (/opt/ros/humble/share/parameter_traits/cmake)
[4.117s] -- Found ur_description: 2.0.1 (/workspaces/aprs_humble/aprs_ws/install/ur_description/share/ur_description/cmake)
[4.117s] -- Found launch_testing_ament_cmake: 1.0.4 (/opt/ros/humble/share/launch_testing_ament_cmake/cmake)
[4.117s] -- Found python_cmake_module: 0.10.0 (/opt/ros/humble/share/python_cmake_module/cmake)
[4.138s] -- Using PYTHON_EXECUTABLE: /usr/bin/python3
[4.138s] -- Using PYTHON_INCLUDE_DIRS: /usr/include/python3.10
[4.138s] -- Using PYTHON_LIBRARIES: /usr/lib/x86_64-linux-gnu/libpython3.10.so
[4.139s] -- Configuring done
[4.237s] -- Generating done
[4.241s] -- Build files have been written to: /workspaces/aprs_humble/aprs_ws/build/ur_robot_driver
[4.257s] Invoked command in '/workspaces/aprs_humble/aprs_ws/build/ur_robot_driver' returned '0': CMAKE_PREFIX_PATH=/workspaces/aprs_humble/aprs_ws/install/ur_controllers:/workspaces/aprs_humble/aprs_ws/install/controller_manager:/workspaces/aprs_humble/aprs_ws/install/controller_interface:/workspaces/aprs_humble/aprs_ws/install/hardware_interface:/workspaces/aprs_humble/aprs_ws/install/ur_msgs:/workspaces/aprs_humble/aprs_ws/install/ur_description:/workspaces/aprs_humble/aprs_ws/install/ur_dashboard_msgs:/workspaces/aprs_humble/aprs_ws/install/ur_client_library:/workspaces/aprs_humble/aprs_ws/install/ros2_control_test_assets:/workspaces/aprs_humble/aprs_ws/install/controller_manager_msgs:/workspaces/aprs_humble/aprs_ws/install/worlds:/workspaces/aprs_humble/aprs_ws/install/workbench_description:/workspaces/aprs_humble/aprs_ws/install/vaccum_description:/workspaces/aprs_humble/aprs_ws/install/ur_setup:/workspaces/aprs_humble/aprs_ws/install/ur_calibration:/workspaces/aprs_humble/aprs_ws/install/ur_robot_driver:/workspaces/aprs_humble/aprs_ws/install/ur_bringup:/workspaces/aprs_humble/aprs_ws/install/ur_moveit_config:/workspaces/aprs_humble/aprs_ws/install/ur_gz:/workspaces/aprs_humble/aprs_ws/install/ur5e_moveit_config:/workspaces/aprs_humble/aprs_ws/install/panda_moveit_config:/workspaces/aprs_humble/aprs_ws/install/ros2_control:/workspaces/aprs_humble/aprs_ws/install/transmission_interface:/workspaces/aprs_humble/aprs_ws/install/table_description:/workspaces/aprs_humble/aprs_ws/install/ign_ros2_control_demos:/workspaces/aprs_humble/aprs_ws/install/gz_ros2_control_tests:/workspaces/aprs_humble/aprs_ws/install/franka_gz:/workspaces/aprs_humble/aprs_ws/install/ign_ros2_control:/workspaces/aprs_humble/aprs_ws/install/realsense2_description_:/workspaces/aprs_humble/aprs_ws/install/point_cloud:/workspaces/aprs_humble/aprs_ws/install/panda_description:/workspaces/aprs_humble/aprs_ws/install/joint_limits:/workspaces/aprs_humble/aprs_ws/install/franka_setup:/workspaces/aprs_humble/aprs_ws/install/fanuc_moveit_config:/workspaces/aprs_humble/aprs_ws/install/fanuc_description:/workspaces/aprs_humble/aprs_ws/install/camera_mount:/workspaces/aprs_humble/aprs_ws/install/rqt_controller_manager:/workspaces/aprs_humble/aprs_ws/install/ros2controlcli:/opt/ros/humble LD_LIBRARY_PATH=/workspaces/aprs_humble/aprs_ws/install/ur_controllers/lib:/workspaces/aprs_humble/aprs_ws/install/controller_manager/lib:/workspaces/aprs_humble/aprs_ws/install/controller_interface/lib:/workspaces/aprs_humble/aprs_ws/install/hardware_interface/lib:/workspaces/aprs_humble/aprs_ws/install/ur_msgs/lib:/workspaces/aprs_humble/aprs_ws/install/ur_dashboard_msgs/lib:/workspaces/aprs_humble/aprs_ws/install/ur_client_library/lib:/workspaces/aprs_humble/aprs_ws/install/controller_manager_msgs/lib:/workspaces/aprs_humble/aprs_ws/install/ur_robot_driver/lib:/workspaces/aprs_humble/aprs_ws/install/transmission_interface/lib:/workspaces/aprs_humble/aprs_ws/install/ign_ros2_control/lib:/workspaces/aprs_humble/aprs_ws/install/point_cloud/lib:/opt/ros/humble/opt/rviz_ogre_vendor/lib:/opt/ros/humble/lib/x86_64-linux-gnu:/opt/ros/humble/lib /usr/bin/cmake /workspaces/aprs_humble/aprs_ws/src/Universal_Robots_ROS2_Driver/ur_robot_driver -DCMAKE_INSTALL_PREFIX=/workspaces/aprs_humble/aprs_ws/install/ur_robot_driver
[4.259s] Invoking command in '/workspaces/aprs_humble/aprs_ws/build/ur_robot_driver': CMAKE_PREFIX_PATH=/workspaces/aprs_humble/aprs_ws/install/ur_controllers:/workspaces/aprs_humble/aprs_ws/install/controller_manager:/workspaces/aprs_humble/aprs_ws/install/controller_interface:/workspaces/aprs_humble/aprs_ws/install/hardware_interface:/workspaces/aprs_humble/aprs_ws/install/ur_msgs:/workspaces/aprs_humble/aprs_ws/install/ur_description:/workspaces/aprs_humble/aprs_ws/install/ur_dashboard_msgs:/workspaces/aprs_humble/aprs_ws/install/ur_client_library:/workspaces/aprs_humble/aprs_ws/install/ros2_control_test_assets:/workspaces/aprs_humble/aprs_ws/install/controller_manager_msgs:/workspaces/aprs_humble/aprs_ws/install/worlds:/workspaces/aprs_humble/aprs_ws/install/workbench_description:/workspaces/aprs_humble/aprs_ws/install/vaccum_description:/workspaces/aprs_humble/aprs_ws/install/ur_setup:/workspaces/aprs_humble/aprs_ws/install/ur_calibration:/workspaces/aprs_humble/aprs_ws/install/ur_robot_driver:/workspaces/aprs_humble/aprs_ws/install/ur_bringup:/workspaces/aprs_humble/aprs_ws/install/ur_moveit_config:/workspaces/aprs_humble/aprs_ws/install/ur_gz:/workspaces/aprs_humble/aprs_ws/install/ur5e_moveit_config:/workspaces/aprs_humble/aprs_ws/install/panda_moveit_config:/workspaces/aprs_humble/aprs_ws/install/ros2_control:/workspaces/aprs_humble/aprs_ws/install/transmission_interface:/workspaces/aprs_humble/aprs_ws/install/table_description:/workspaces/aprs_humble/aprs_ws/install/ign_ros2_control_demos:/workspaces/aprs_humble/aprs_ws/install/gz_ros2_control_tests:/workspaces/aprs_humble/aprs_ws/install/franka_gz:/workspaces/aprs_humble/aprs_ws/install/ign_ros2_control:/workspaces/aprs_humble/aprs_ws/install/realsense2_description_:/workspaces/aprs_humble/aprs_ws/install/point_cloud:/workspaces/aprs_humble/aprs_ws/install/panda_description:/workspaces/aprs_humble/aprs_ws/install/joint_limits:/workspaces/aprs_humble/aprs_ws/install/franka_setup:/workspaces/aprs_humble/aprs_ws/install/fanuc_moveit_config:/workspaces/aprs_humble/aprs_ws/install/fanuc_description:/workspaces/aprs_humble/aprs_ws/install/camera_mount:/workspaces/aprs_humble/aprs_ws/install/rqt_controller_manager:/workspaces/aprs_humble/aprs_ws/install/ros2controlcli:/opt/ros/humble LD_LIBRARY_PATH=/workspaces/aprs_humble/aprs_ws/install/ur_controllers/lib:/workspaces/aprs_humble/aprs_ws/install/controller_manager/lib:/workspaces/aprs_humble/aprs_ws/install/controller_interface/lib:/workspaces/aprs_humble/aprs_ws/install/hardware_interface/lib:/workspaces/aprs_humble/aprs_ws/install/ur_msgs/lib:/workspaces/aprs_humble/aprs_ws/install/ur_dashboard_msgs/lib:/workspaces/aprs_humble/aprs_ws/install/ur_client_library/lib:/workspaces/aprs_humble/aprs_ws/install/controller_manager_msgs/lib:/workspaces/aprs_humble/aprs_ws/install/ur_robot_driver/lib:/workspaces/aprs_humble/aprs_ws/install/transmission_interface/lib:/workspaces/aprs_humble/aprs_ws/install/ign_ros2_control/lib:/workspaces/aprs_humble/aprs_ws/install/point_cloud/lib:/opt/ros/humble/opt/rviz_ogre_vendor/lib:/opt/ros/humble/lib/x86_64-linux-gnu:/opt/ros/humble/lib /usr/bin/cmake --build /workspaces/aprs_humble/aprs_ws/build/ur_robot_driver -- -j16 -l16
[4.304s] [35m[1mConsolidate compiler generated dependencies of target ur_ros2_control_node[0m
[4.305s] [35m[1mConsolidate compiler generated dependencies of target urscript_interface[0m
[4.305s] [35m[1mConsolidate compiler generated dependencies of target controller_stopper_node[0m
[4.306s] [35m[1mConsolidate compiler generated dependencies of target dashboard_client[0m
[4.306s] [35m[1mConsolidate compiler generated dependencies of target ur_robot_driver_plugin[0m
[4.326s] [  6%] [32mBuilding CXX object CMakeFiles/urscript_interface.dir/src/urscript_interface.cpp.o[0m
[4.327s] [ 13%] [32mBuilding CXX object CMakeFiles/controller_stopper_node.dir/src/controller_stopper_node.cpp.o[0m
[4.327s] [ 20%] Built target ament_cmake_python_copy_ur_robot_driver
[4.327s] [ 26%] Built target ur_ros2_control_node
[4.327s] [ 33%] [32mBuilding CXX object CMakeFiles/controller_stopper_node.dir/src/controller_stopper.cpp.o[0m
[4.336s] [ 46%] [32mBuilding CXX object CMakeFiles/dashboard_client.dir/src/dashboard_client_node.cpp.o[0m
[4.336s] [ 46%] [32mBuilding CXX object CMakeFiles/dashboard_client.dir/src/dashboard_client_ros.cpp.o[0m
[4.340s] [ 60%] [32mBuilding CXX object CMakeFiles/ur_robot_driver_plugin.dir/src/dashboard_client_ros.cpp.o[0m
[4.340s] [ 66%] [32mBuilding CXX object CMakeFiles/ur_robot_driver_plugin.dir/src/urcl_log_handler.cpp.o[0m
[4.340s] [ 60%] [32mBuilding CXX object CMakeFiles/dashboard_client.dir/src/urcl_log_handler.cpp.o[0m
[4.340s] [ 73%] [32mBuilding CXX object CMakeFiles/ur_robot_driver_plugin.dir/src/hardware_interface.cpp.o[0m
[4.623s] running egg_info
[4.624s] writing ur_robot_driver.egg-info/PKG-INFO
[4.624s] writing dependency_links to ur_robot_driver.egg-info/dependency_links.txt
[4.624s] writing top-level names to ur_robot_driver.egg-info/top_level.txt
[4.627s] reading manifest file 'ur_robot_driver.egg-info/SOURCES.txt'
[4.628s] writing manifest file 'ur_robot_driver.egg-info/SOURCES.txt'
[4.680s] [ 73%] Built target ament_cmake_python_build_ur_robot_driver_egg
[18.396s] [ 80%] [32m[1mLinking CXX executable urscript_interface[0m
[18.712s] [ 80%] Built target urscript_interface
[21.011s] [ 86%] [32m[1mLinking CXX executable controller_stopper_node[0m
[21.331s] [ 86%] Built target controller_stopper_node
[22.989s] [ 93%] [32m[1mLinking CXX executable dashboard_client[0m
[23.292s] [ 93%] Built target dashboard_client
[23.362s] [100%] [32m[1mLinking CXX shared library libur_robot_driver_plugin.so[0m
[23.662s] [100%] Built target ur_robot_driver_plugin
[23.670s] Invoked command in '/workspaces/aprs_humble/aprs_ws/build/ur_robot_driver' returned '0': CMAKE_PREFIX_PATH=/workspaces/aprs_humble/aprs_ws/install/ur_controllers:/workspaces/aprs_humble/aprs_ws/install/controller_manager:/workspaces/aprs_humble/aprs_ws/install/controller_interface:/workspaces/aprs_humble/aprs_ws/install/hardware_interface:/workspaces/aprs_humble/aprs_ws/install/ur_msgs:/workspaces/aprs_humble/aprs_ws/install/ur_description:/workspaces/aprs_humble/aprs_ws/install/ur_dashboard_msgs:/workspaces/aprs_humble/aprs_ws/install/ur_client_library:/workspaces/aprs_humble/aprs_ws/install/ros2_control_test_assets:/workspaces/aprs_humble/aprs_ws/install/controller_manager_msgs:/workspaces/aprs_humble/aprs_ws/install/worlds:/workspaces/aprs_humble/aprs_ws/install/workbench_description:/workspaces/aprs_humble/aprs_ws/install/vaccum_description:/workspaces/aprs_humble/aprs_ws/install/ur_setup:/workspaces/aprs_humble/aprs_ws/install/ur_calibration:/workspaces/aprs_humble/aprs_ws/install/ur_robot_driver:/workspaces/aprs_humble/aprs_ws/install/ur_bringup:/workspaces/aprs_humble/aprs_ws/install/ur_moveit_config:/workspaces/aprs_humble/aprs_ws/install/ur_gz:/workspaces/aprs_humble/aprs_ws/install/ur5e_moveit_config:/workspaces/aprs_humble/aprs_ws/install/panda_moveit_config:/workspaces/aprs_humble/aprs_ws/install/ros2_control:/workspaces/aprs_humble/aprs_ws/install/transmission_interface:/workspaces/aprs_humble/aprs_ws/install/table_description:/workspaces/aprs_humble/aprs_ws/install/ign_ros2_control_demos:/workspaces/aprs_humble/aprs_ws/install/gz_ros2_control_tests:/workspaces/aprs_humble/aprs_ws/install/franka_gz:/workspaces/aprs_humble/aprs_ws/install/ign_ros2_control:/workspaces/aprs_humble/aprs_ws/install/realsense2_description_:/workspaces/aprs_humble/aprs_ws/install/point_cloud:/workspaces/aprs_humble/aprs_ws/install/panda_description:/workspaces/aprs_humble/aprs_ws/install/joint_limits:/workspaces/aprs_humble/aprs_ws/install/franka_setup:/workspaces/aprs_humble/aprs_ws/install/fanuc_moveit_config:/workspaces/aprs_humble/aprs_ws/install/fanuc_description:/workspaces/aprs_humble/aprs_ws/install/camera_mount:/workspaces/aprs_humble/aprs_ws/install/rqt_controller_manager:/workspaces/aprs_humble/aprs_ws/install/ros2controlcli:/opt/ros/humble LD_LIBRARY_PATH=/workspaces/aprs_humble/aprs_ws/install/ur_controllers/lib:/workspaces/aprs_humble/aprs_ws/install/controller_manager/lib:/workspaces/aprs_humble/aprs_ws/install/controller_interface/lib:/workspaces/aprs_humble/aprs_ws/install/hardware_interface/lib:/workspaces/aprs_humble/aprs_ws/install/ur_msgs/lib:/workspaces/aprs_humble/aprs_ws/install/ur_dashboard_msgs/lib:/workspaces/aprs_humble/aprs_ws/install/ur_client_library/lib:/workspaces/aprs_humble/aprs_ws/install/controller_manager_msgs/lib:/workspaces/aprs_humble/aprs_ws/install/ur_robot_driver/lib:/workspaces/aprs_humble/aprs_ws/install/transmission_interface/lib:/workspaces/aprs_humble/aprs_ws/install/ign_ros2_control/lib:/workspaces/aprs_humble/aprs_ws/install/point_cloud/lib:/opt/ros/humble/opt/rviz_ogre_vendor/lib:/opt/ros/humble/lib/x86_64-linux-gnu:/opt/ros/humble/lib /usr/bin/cmake --build /workspaces/aprs_humble/aprs_ws/build/ur_robot_driver -- -j16 -l16
[23.707s] Invoking command in '/workspaces/aprs_humble/aprs_ws/build/ur_robot_driver': CMAKE_PREFIX_PATH=/workspaces/aprs_humble/aprs_ws/install/ur_controllers:/workspaces/aprs_humble/aprs_ws/install/controller_manager:/workspaces/aprs_humble/aprs_ws/install/controller_interface:/workspaces/aprs_humble/aprs_ws/install/hardware_interface:/workspaces/aprs_humble/aprs_ws/install/ur_msgs:/workspaces/aprs_humble/aprs_ws/install/ur_description:/workspaces/aprs_humble/aprs_ws/install/ur_dashboard_msgs:/workspaces/aprs_humble/aprs_ws/install/ur_client_library:/workspaces/aprs_humble/aprs_ws/install/ros2_control_test_assets:/workspaces/aprs_humble/aprs_ws/install/controller_manager_msgs:/workspaces/aprs_humble/aprs_ws/install/worlds:/workspaces/aprs_humble/aprs_ws/install/workbench_description:/workspaces/aprs_humble/aprs_ws/install/vaccum_description:/workspaces/aprs_humble/aprs_ws/install/ur_setup:/workspaces/aprs_humble/aprs_ws/install/ur_calibration:/workspaces/aprs_humble/aprs_ws/install/ur_robot_driver:/workspaces/aprs_humble/aprs_ws/install/ur_bringup:/workspaces/aprs_humble/aprs_ws/install/ur_moveit_config:/workspaces/aprs_humble/aprs_ws/install/ur_gz:/workspaces/aprs_humble/aprs_ws/install/ur5e_moveit_config:/workspaces/aprs_humble/aprs_ws/install/panda_moveit_config:/workspaces/aprs_humble/aprs_ws/install/ros2_control:/workspaces/aprs_humble/aprs_ws/install/transmission_interface:/workspaces/aprs_humble/aprs_ws/install/table_description:/workspaces/aprs_humble/aprs_ws/install/ign_ros2_control_demos:/workspaces/aprs_humble/aprs_ws/install/gz_ros2_control_tests:/workspaces/aprs_humble/aprs_ws/install/franka_gz:/workspaces/aprs_humble/aprs_ws/install/ign_ros2_control:/workspaces/aprs_humble/aprs_ws/install/realsense2_description_:/workspaces/aprs_humble/aprs_ws/install/point_cloud:/workspaces/aprs_humble/aprs_ws/install/panda_description:/workspaces/aprs_humble/aprs_ws/install/joint_limits:/workspaces/aprs_humble/aprs_ws/install/franka_setup:/workspaces/aprs_humble/aprs_ws/install/fanuc_moveit_config:/workspaces/aprs_humble/aprs_ws/install/fanuc_description:/workspaces/aprs_humble/aprs_ws/install/camera_mount:/workspaces/aprs_humble/aprs_ws/install/rqt_controller_manager:/workspaces/aprs_humble/aprs_ws/install/ros2controlcli:/opt/ros/humble LD_LIBRARY_PATH=/workspaces/aprs_humble/aprs_ws/install/ur_controllers/lib:/workspaces/aprs_humble/aprs_ws/install/controller_manager/lib:/workspaces/aprs_humble/aprs_ws/install/controller_interface/lib:/workspaces/aprs_humble/aprs_ws/install/hardware_interface/lib:/workspaces/aprs_humble/aprs_ws/install/ur_msgs/lib:/workspaces/aprs_humble/aprs_ws/install/ur_dashboard_msgs/lib:/workspaces/aprs_humble/aprs_ws/install/ur_client_library/lib:/workspaces/aprs_humble/aprs_ws/install/controller_manager_msgs/lib:/workspaces/aprs_humble/aprs_ws/install/ur_robot_driver/lib:/workspaces/aprs_humble/aprs_ws/install/transmission_interface/lib:/workspaces/aprs_humble/aprs_ws/install/ign_ros2_control/lib:/workspaces/aprs_humble/aprs_ws/install/point_cloud/lib:/opt/ros/humble/opt/rviz_ogre_vendor/lib:/opt/ros/humble/lib/x86_64-linux-gnu:/opt/ros/humble/lib /usr/bin/cmake --install /workspaces/aprs_humble/aprs_ws/build/ur_robot_driver
[23.712s] -- Install configuration: "RelWithDebInfo"
[23.712s] -- Up-to-date: /workspaces/aprs_humble/aprs_ws/install/ur_robot_driver/share/ur_robot_driver/hardware_interface_plugin.xml
[23.712s] -- Installing: /workspaces/aprs_humble/aprs_ws/install/ur_robot_driver/lib/ur_robot_driver/dashboard_client
[23.724s] -- Set runtime path of "/workspaces/aprs_humble/aprs_ws/install/ur_robot_driver/lib/ur_robot_driver/dashboard_client" to ""
[23.724s] -- Up-to-date: /workspaces/aprs_humble/aprs_ws/install/ur_robot_driver/lib/ur_robot_driver/ur_ros2_control_node
[23.724s] -- Installing: /workspaces/aprs_humble/aprs_ws/install/ur_robot_driver/lib/ur_robot_driver/controller_stopper_node
[23.736s] -- Set runtime path of "/workspaces/aprs_humble/aprs_ws/install/ur_robot_driver/lib/ur_robot_driver/controller_stopper_node" to ""
[23.736s] -- Installing: /workspaces/aprs_humble/aprs_ws/install/ur_robot_driver/lib/ur_robot_driver/urscript_interface
[23.746s] -- Set runtime path of "/workspaces/aprs_humble/aprs_ws/install/ur_robot_driver/lib/ur_robot_driver/urscript_interface" to ""
[23.746s] -- Installing: /workspaces/aprs_humble/aprs_ws/install/ur_robot_driver/lib/libur_robot_driver_plugin.so
[23.762s] -- Set runtime path of "/workspaces/aprs_humble/aprs_ws/install/ur_robot_driver/lib/libur_robot_driver_plugin.so" to ""
[23.762s] -- Up-to-date: /workspaces/aprs_humble/aprs_ws/install/ur_robot_driver/include
[23.762s] -- Up-to-date: /workspaces/aprs_humble/aprs_ws/install/ur_robot_driver/include/ur_robot_driver
[23.762s] -- Up-to-date: /workspaces/aprs_humble/aprs_ws/install/ur_robot_driver/include/ur_robot_driver/hardware_interface.hpp
[23.762s] -- Up-to-date: /workspaces/aprs_humble/aprs_ws/install/ur_robot_driver/include/ur_robot_driver/controller_stopper.hpp
[23.762s] -- Up-to-date: /workspaces/aprs_humble/aprs_ws/install/ur_robot_driver/include/ur_robot_driver/dashboard_client_ros.hpp
[23.762s] -- Up-to-date: /workspaces/aprs_humble/aprs_ws/install/ur_robot_driver/include/ur_robot_driver/urcl_log_handler.hpp
[23.762s] -- Up-to-date: /workspaces/aprs_humble/aprs_ws/install/ur_robot_driver/share/ur_robot_driver/environment/library_path.sh
[23.762s] -- Installing: /workspaces/aprs_humble/aprs_ws/install/ur_robot_driver/share/ur_robot_driver/environment/library_path.dsv
[23.762s] -- Up-to-date: /workspaces/aprs_humble/aprs_ws/install/ur_robot_driver/share/ur_robot_driver/resources
[23.762s] -- Up-to-date: /workspaces/aprs_humble/aprs_ws/install/ur_robot_driver/share/ur_robot_driver/resources/rtde_input_recipe.txt
[23.763s] -- Up-to-date: /workspaces/aprs_humble/aprs_ws/install/ur_robot_driver/share/ur_robot_driver/resources/externalcontrol-1.0.5.urcap
[23.763s] -- Up-to-date: /workspaces/aprs_humble/aprs_ws/install/ur_robot_driver/share/ur_robot_driver/resources/rs485-1.0.urcap
[23.763s] -- Up-to-date: /workspaces/aprs_humble/aprs_ws/install/ur_robot_driver/share/ur_robot_driver/resources/ros_control.urscript
[23.763s] -- Up-to-date: /workspaces/aprs_humble/aprs_ws/install/ur_robot_driver/share/ur_robot_driver/resources/rtde_output_recipe.txt
[23.763s] -- Up-to-date: /workspaces/aprs_humble/aprs_ws/install/ur_robot_driver/include
[23.763s] -- Up-to-date: /workspaces/aprs_humble/aprs_ws/install/ur_robot_driver/include/ur_robot_driver
[23.763s] -- Up-to-date: /workspaces/aprs_humble/aprs_ws/install/ur_robot_driver/include/ur_robot_driver/hardware_interface.hpp
[23.763s] -- Up-to-date: /workspaces/aprs_humble/aprs_ws/install/ur_robot_driver/include/ur_robot_driver/controller_stopper.hpp
[23.763s] -- Up-to-date: /workspaces/aprs_humble/aprs_ws/install/ur_robot_driver/include/ur_robot_driver/dashboard_client_ros.hpp
[23.763s] -- Up-to-date: /workspaces/aprs_humble/aprs_ws/install/ur_robot_driver/include/ur_robot_driver/urcl_log_handler.hpp
[23.763s] -- Up-to-date: /workspaces/aprs_humble/aprs_ws/install/ur_robot_driver/share/ur_robot_driver/environment/pythonpath.sh
[23.763s] -- Installing: /workspaces/aprs_humble/aprs_ws/install/ur_robot_driver/share/ur_robot_driver/environment/pythonpath.dsv
[23.763s] -- Up-to-date: /workspaces/aprs_humble/aprs_ws/install/ur_robot_driver/local/lib/python3.10/dist-packages/ur_robot_driver-2.2.8-py3.10.egg-info
[23.763s] -- Installing: /workspaces/aprs_humble/aprs_ws/install/ur_robot_driver/local/lib/python3.10/dist-packages/ur_robot_driver-2.2.8-py3.10.egg-info/dependency_links.txt
[23.763s] -- Installing: /workspaces/aprs_humble/aprs_ws/install/ur_robot_driver/local/lib/python3.10/dist-packages/ur_robot_driver-2.2.8-py3.10.egg-info/top_level.txt
[23.763s] -- Installing: /workspaces/aprs_humble/aprs_ws/install/ur_robot_driver/local/lib/python3.10/dist-packages/ur_robot_driver-2.2.8-py3.10.egg-info/PKG-INFO
[23.763s] -- Installing: /workspaces/aprs_humble/aprs_ws/install/ur_robot_driver/local/lib/python3.10/dist-packages/ur_robot_driver-2.2.8-py3.10.egg-info/SOURCES.txt
[23.763s] -- Up-to-date: /workspaces/aprs_humble/aprs_ws/install/ur_robot_driver/local/lib/python3.10/dist-packages/ur_robot_driver
[23.763s] -- Up-to-date: /workspaces/aprs_humble/aprs_ws/install/ur_robot_driver/local/lib/python3.10/dist-packages/ur_robot_driver/__init__.py
[23.786s] Listing '/workspaces/aprs_humble/aprs_ws/install/ur_robot_driver/local/lib/python3.10/dist-packages/ur_robot_driver'...
[23.788s] -- Up-to-date: /workspaces/aprs_humble/aprs_ws/install/ur_robot_driver/lib/ur_robot_driver/tool_communication.py
[23.788s] -- Up-to-date: /workspaces/aprs_humble/aprs_ws/install/ur_robot_driver/bin/wait_dashboard_server.sh
[23.788s] -- Up-to-date: /workspaces/aprs_humble/aprs_ws/install/ur_robot_driver/lib/ur_robot_driver/start_ursim.sh
[23.789s] -- Up-to-date: /workspaces/aprs_humble/aprs_ws/install/ur_robot_driver/share/ur_robot_driver/config
[23.789s] -- Up-to-date: /workspaces/aprs_humble/aprs_ws/install/ur_robot_driver/share/ur_robot_driver/config/ur5_update_rate.yaml
[23.789s] -- Up-to-date: /workspaces/aprs_humble/aprs_ws/install/ur_robot_driver/share/ur_robot_driver/config/ur16e_update_rate.yaml
[23.789s] -- Up-to-date: /workspaces/aprs_humble/aprs_ws/install/ur_robot_driver/share/ur_robot_driver/config/test_goal_publishers_config.yaml
[23.789s] -- Up-to-date: /workspaces/aprs_humble/aprs_ws/install/ur_robot_driver/share/ur_robot_driver/config/ur5e_update_rate.yaml
[23.789s] -- Up-to-date: /workspaces/aprs_humble/aprs_ws/install/ur_robot_driver/share/ur_robot_driver/config/ur10_update_rate.yaml
[23.789s] -- Up-to-date: /workspaces/aprs_humble/aprs_ws/install/ur_robot_driver/share/ur_robot_driver/config/ur3e_update_rate.yaml
[23.789s] -- Up-to-date: /workspaces/aprs_humble/aprs_ws/install/ur_robot_driver/share/ur_robot_driver/config/ur_controllers.yaml
[23.789s] -- Up-to-date: /workspaces/aprs_humble/aprs_ws/install/ur_robot_driver/share/ur_robot_driver/config/ur3_update_rate.yaml
[23.789s] -- Up-to-date: /workspaces/aprs_humble/aprs_ws/install/ur_robot_driver/share/ur_robot_driver/config/test_velocity_goal_publishers_config.yaml
[23.789s] -- Up-to-date: /workspaces/aprs_humble/aprs_ws/install/ur_robot_driver/share/ur_robot_driver/config/ur10e_update_rate.yaml
[23.789s] -- Up-to-date: /workspaces/aprs_humble/aprs_ws/install/ur_robot_driver/share/ur_robot_driver/launch
[23.789s] -- Up-to-date: /workspaces/aprs_humble/aprs_ws/install/ur_robot_driver/share/ur_robot_driver/launch/ur5e.launch.py
[23.789s] -- Up-to-date: /workspaces/aprs_humble/aprs_ws/install/ur_robot_driver/share/ur_robot_driver/launch/ur3e.launch.py
[23.789s] -- Up-to-date: /workspaces/aprs_humble/aprs_ws/install/ur_robot_driver/share/ur_robot_driver/launch/test_scaled_joint_trajectory_controller.launch.py
[23.789s] -- Up-to-date: /workspaces/aprs_humble/aprs_ws/install/ur_robot_driver/share/ur_robot_driver/launch/ur_dashboard_client.launch.py
[23.789s] -- Up-to-date: /workspaces/aprs_humble/aprs_ws/install/ur_robot_driver/share/ur_robot_driver/launch/ur16e.launch.py
[23.789s] -- Up-to-date: /workspaces/aprs_humble/aprs_ws/install/ur_robot_driver/share/ur_robot_driver/launch/ur10.launch.py
[23.790s] -- Up-to-date: /workspaces/aprs_humble/aprs_ws/install/ur_robot_driver/share/ur_robot_driver/launch/test_forward_velocity_controller.launch.py
[23.790s] -- Up-to-date: /workspaces/aprs_humble/aprs_ws/install/ur_robot_driver/share/ur_robot_driver/launch/ur_control.launch.py
[23.790s] -- Up-to-date: /workspaces/aprs_humble/aprs_ws/install/ur_robot_driver/share/ur_robot_driver/launch/ur10e.launch.py
[23.790s] -- Up-to-date: /workspaces/aprs_humble/aprs_ws/install/ur_robot_driver/share/ur_robot_driver/launch/test_joint_trajectory_controller.launch.py
[23.790s] -- Up-to-date: /workspaces/aprs_humble/aprs_ws/install/ur_robot_driver/share/ur_robot_driver/launch/ur5.launch.py
[23.790s] -- Up-to-date: /workspaces/aprs_humble/aprs_ws/install/ur_robot_driver/share/ur_robot_driver/launch/ur3.launch.py
[23.790s] -- Up-to-date: /workspaces/aprs_humble/aprs_ws/install/ur_robot_driver/share/ament_index/resource_index/package_run_dependencies/ur_robot_driver
[23.790s] -- Installing: /workspaces/aprs_humble/aprs_ws/install/ur_robot_driver/share/ament_index/resource_index/parent_prefix_path/ur_robot_driver
[23.790s] -- Up-to-date: /workspaces/aprs_humble/aprs_ws/install/ur_robot_driver/share/ur_robot_driver/environment/ament_prefix_path.sh
[23.790s] -- Installing: /workspaces/aprs_humble/aprs_ws/install/ur_robot_driver/share/ur_robot_driver/environment/ament_prefix_path.dsv
[23.790s] -- Up-to-date: /workspaces/aprs_humble/aprs_ws/install/ur_robot_driver/share/ur_robot_driver/environment/path.sh
[23.790s] -- Installing: /workspaces/aprs_humble/aprs_ws/install/ur_robot_driver/share/ur_robot_driver/environment/path.dsv
[23.790s] -- Up-to-date: /workspaces/aprs_humble/aprs_ws/install/ur_robot_driver/share/ur_robot_driver/local_setup.bash
[23.790s] -- Up-to-date: /workspaces/aprs_humble/aprs_ws/install/ur_robot_driver/share/ur_robot_driver/local_setup.sh
[23.790s] -- Up-to-date: /workspaces/aprs_humble/aprs_ws/install/ur_robot_driver/share/ur_robot_driver/local_setup.zsh
[23.790s] -- Installing: /workspaces/aprs_humble/aprs_ws/install/ur_robot_driver/share/ur_robot_driver/local_setup.dsv
[23.790s] -- Installing: /workspaces/aprs_humble/aprs_ws/install/ur_robot_driver/share/ur_robot_driver/package.dsv
[23.790s] -- Up-to-date: /workspaces/aprs_humble/aprs_ws/install/ur_robot_driver/share/ament_index/resource_index/packages/ur_robot_driver
[23.790s] -- Up-to-date: /workspaces/aprs_humble/aprs_ws/install/ur_robot_driver/share/ament_index/resource_index/hardware_interface__pluginlib__plugin/ur_robot_driver
[23.790s] -- Up-to-date: /workspaces/aprs_humble/aprs_ws/install/ur_robot_driver/share/ur_robot_driver/cmake/ament_cmake_export_include_directories-extras.cmake
[23.790s] -- Up-to-date: /workspaces/aprs_humble/aprs_ws/install/ur_robot_driver/share/ur_robot_driver/cmake/ament_cmake_export_libraries-extras.cmake
[23.790s] -- Up-to-date: /workspaces/aprs_humble/aprs_ws/install/ur_robot_driver/share/ur_robot_driver/cmake/ament_cmake_export_dependencies-extras.cmake
[23.790s] -- Up-to-date: /workspaces/aprs_humble/aprs_ws/install/ur_robot_driver/share/ur_robot_driver/cmake/ur_robot_driverConfig.cmake
[23.790s] -- Up-to-date: /workspaces/aprs_humble/aprs_ws/install/ur_robot_driver/share/ur_robot_driver/cmake/ur_robot_driverConfig-version.cmake
[23.790s] -- Up-to-date: /workspaces/aprs_humble/aprs_ws/install/ur_robot_driver/share/ur_robot_driver/package.xml
[23.791s] Invoked command in '/workspaces/aprs_humble/aprs_ws/build/ur_robot_driver' returned '0': CMAKE_PREFIX_PATH=/workspaces/aprs_humble/aprs_ws/install/ur_controllers:/workspaces/aprs_humble/aprs_ws/install/controller_manager:/workspaces/aprs_humble/aprs_ws/install/controller_interface:/workspaces/aprs_humble/aprs_ws/install/hardware_interface:/workspaces/aprs_humble/aprs_ws/install/ur_msgs:/workspaces/aprs_humble/aprs_ws/install/ur_description:/workspaces/aprs_humble/aprs_ws/install/ur_dashboard_msgs:/workspaces/aprs_humble/aprs_ws/install/ur_client_library:/workspaces/aprs_humble/aprs_ws/install/ros2_control_test_assets:/workspaces/aprs_humble/aprs_ws/install/controller_manager_msgs:/workspaces/aprs_humble/aprs_ws/install/worlds:/workspaces/aprs_humble/aprs_ws/install/workbench_description:/workspaces/aprs_humble/aprs_ws/install/vaccum_description:/workspaces/aprs_humble/aprs_ws/install/ur_setup:/workspaces/aprs_humble/aprs_ws/install/ur_calibration:/workspaces/aprs_humble/aprs_ws/install/ur_robot_driver:/workspaces/aprs_humble/aprs_ws/install/ur_bringup:/workspaces/aprs_humble/aprs_ws/install/ur_moveit_config:/workspaces/aprs_humble/aprs_ws/install/ur_gz:/workspaces/aprs_humble/aprs_ws/install/ur5e_moveit_config:/workspaces/aprs_humble/aprs_ws/install/panda_moveit_config:/workspaces/aprs_humble/aprs_ws/install/ros2_control:/workspaces/aprs_humble/aprs_ws/install/transmission_interface:/workspaces/aprs_humble/aprs_ws/install/table_description:/workspaces/aprs_humble/aprs_ws/install/ign_ros2_control_demos:/workspaces/aprs_humble/aprs_ws/install/gz_ros2_control_tests:/workspaces/aprs_humble/aprs_ws/install/franka_gz:/workspaces/aprs_humble/aprs_ws/install/ign_ros2_control:/workspaces/aprs_humble/aprs_ws/install/realsense2_description_:/workspaces/aprs_humble/aprs_ws/install/point_cloud:/workspaces/aprs_humble/aprs_ws/install/panda_description:/workspaces/aprs_humble/aprs_ws/install/joint_limits:/workspaces/aprs_humble/aprs_ws/install/franka_setup:/workspaces/aprs_humble/aprs_ws/install/fanuc_moveit_config:/workspaces/aprs_humble/aprs_ws/install/fanuc_description:/workspaces/aprs_humble/aprs_ws/install/camera_mount:/workspaces/aprs_humble/aprs_ws/install/rqt_controller_manager:/workspaces/aprs_humble/aprs_ws/install/ros2controlcli:/opt/ros/humble LD_LIBRARY_PATH=/workspaces/aprs_humble/aprs_ws/install/ur_controllers/lib:/workspaces/aprs_humble/aprs_ws/install/controller_manager/lib:/workspaces/aprs_humble/aprs_ws/install/controller_interface/lib:/workspaces/aprs_humble/aprs_ws/install/hardware_interface/lib:/workspaces/aprs_humble/aprs_ws/install/ur_msgs/lib:/workspaces/aprs_humble/aprs_ws/install/ur_dashboard_msgs/lib:/workspaces/aprs_humble/aprs_ws/install/ur_client_library/lib:/workspaces/aprs_humble/aprs_ws/install/controller_manager_msgs/lib:/workspaces/aprs_humble/aprs_ws/install/ur_robot_driver/lib:/workspaces/aprs_humble/aprs_ws/install/transmission_interface/lib:/workspaces/aprs_humble/aprs_ws/install/ign_ros2_control/lib:/workspaces/aprs_humble/aprs_ws/install/point_cloud/lib:/opt/ros/humble/opt/rviz_ogre_vendor/lib:/opt/ros/humble/lib/x86_64-linux-gnu:/opt/ros/humble/lib /usr/bin/cmake --install /workspaces/aprs_humble/aprs_ws/build/ur_robot_driver
