[0.061s] Invoking command in '/home/aprs/aprs/aprs_ws/build/ur_gz': CMAKE_PREFIX_PATH=${CMAKE_PREFIX_PATH}:/home/aprs/aprs/aprs_ws/install/conveyor_controller:/opt/ros/humble /usr/bin/cmake /home/aprs/aprs/aprs_ws/src/ur_gz -DCMAKE_INSTALL_PREFIX=/home/aprs/aprs/aprs_ws/install/ur_gz
[0.864s] -- The C compiler identification is GNU 11.4.0
[0.864s] -- The CXX compiler identification is GNU 11.4.0
[0.864s] -- Detecting C compiler ABI info
[0.864s] -- Detecting C compiler ABI info - done
[0.864s] -- Check for working C compiler: /usr/bin/cc - skipped
[0.864s] -- Detecting C compile features
[0.864s] -- Detecting C compile features - done
[0.864s] -- Detecting CXX compiler ABI info
[0.999s] -- Detecting CXX compiler ABI info - done
[1.017s] -- Check for working CXX compiler: /usr/bin/c++ - skipped
[1.017s] -- Detecting CXX compile features
[1.017s] -- Detecting CXX compile features - done
[1.017s] -- Found ament_cmake: 1.3.5 (/opt/ros/humble/share/ament_cmake/cmake)
[1.592s] -- Found Python3: /usr/bin/python3.10 (found version "3.10.12") found components: Interpreter 
[1.785s] -- Found control_msgs: 4.4.0 (/opt/ros/humble/share/control_msgs/cmake)
[1.847s] -- Found rosidl_generator_c: 3.1.5 (/opt/ros/humble/share/rosidl_generator_c/cmake)
[1.853s] -- Found rosidl_adapter: 3.1.5 (/opt/ros/humble/share/rosidl_adapter/cmake)
[1.863s] -- Found rosidl_generator_cpp: 3.1.5 (/opt/ros/humble/share/rosidl_generator_cpp/cmake)
[1.897s] -- Using all available rosidl_typesupport_c: rosidl_typesupport_fastrtps_c;rosidl_typesupport_introspection_c
[1.906s] -- Using all available rosidl_typesupport_cpp: rosidl_typesupport_fastrtps_cpp;rosidl_typesupport_introspection_cpp
[2.443s] -- Found rclcpp: 16.0.5 (/opt/ros/humble/share/rclcpp/cmake)
[2.509s] -- Found rmw_implementation_cmake: 6.1.1 (/opt/ros/humble/share/rmw_implementation_cmake/cmake)
[2.513s] -- Found rmw_fastrtps_cpp: 6.2.3 (/opt/ros/humble/share/rmw_fastrtps_cpp/cmake)
[3.911s] -- Found OpenSSL: /usr/lib/x86_64-linux-gnu/libcrypto.so (found version "3.0.2")  
[4.062s] -- Found FastRTPS: /opt/ros/humble/include  
[4.196s] -- Using RMW implementation 'rmw_fastrtps_cpp' as default
[4.210s] -- Looking for pthread.h
[4.664s] -- Looking for pthread.h - found
[4.665s] -- Performing Test CMAKE_HAVE_LIBC_PTHREAD
[5.456s] -- Performing Test CMAKE_HAVE_LIBC_PTHREAD - Success
[5.459s] -- Found Threads: TRUE  
[5.615s] -- Found rclcpp_action: 16.0.5 (/opt/ros/humble/share/rclcpp_action/cmake)
[5.647s] -- Found ament_cmake_gtest: 1.3.5 (/opt/ros/humble/share/ament_cmake_gtest/cmake)
[5.647s] -- Found ament_lint_auto: 0.12.7 (/opt/ros/humble/share/ament_lint_auto/cmake)
[5.866s] -- Added test 'copyright' to check source files copyright and LICENSE
[5.869s] -- Added test 'flake8' to check Python code syntax and style conventions
[5.871s] -- Added test 'lint_cmake' to check CMake code style
[5.872s] -- Added test 'pep257' to check Python code against some of the docstring style conventions in PEP 257
[5.875s] -- Added test 'xmllint' to check XML markup files
[5.878s] -- Configuring done
[5.884s] -- Generating done
[5.886s] -- Build files have been written to: /home/aprs/aprs/aprs_ws/build/ur_gz
[5.969s] Invoked command in '/home/aprs/aprs/aprs_ws/build/ur_gz' returned '0': CMAKE_PREFIX_PATH=${CMAKE_PREFIX_PATH}:/home/aprs/aprs/aprs_ws/install/conveyor_controller:/opt/ros/humble /usr/bin/cmake /home/aprs/aprs/aprs_ws/src/ur_gz -DCMAKE_INSTALL_PREFIX=/home/aprs/aprs/aprs_ws/install/ur_gz
[5.971s] Invoking command in '/home/aprs/aprs/aprs_ws/build/ur_gz': CMAKE_PREFIX_PATH=${CMAKE_PREFIX_PATH}:/home/aprs/aprs/aprs_ws/install/conveyor_controller:/opt/ros/humble /usr/bin/cmake --build /home/aprs/aprs/aprs_ws/build/ur_gz -- -j16 -l16
[6.814s] Invoked command in '/home/aprs/aprs/aprs_ws/build/ur_gz' returned '0': CMAKE_PREFIX_PATH=${CMAKE_PREFIX_PATH}:/home/aprs/aprs/aprs_ws/install/conveyor_controller:/opt/ros/humble /usr/bin/cmake --build /home/aprs/aprs/aprs_ws/build/ur_gz -- -j16 -l16
[7.142s] Invoking command in '/home/aprs/aprs/aprs_ws/build/ur_gz': CMAKE_PREFIX_PATH=${CMAKE_PREFIX_PATH}:/home/aprs/aprs/aprs_ws/install/conveyor_controller:/opt/ros/humble /usr/bin/cmake --install /home/aprs/aprs/aprs_ws/build/ur_gz
[7.956s] -- Install configuration: ""
[7.956s] -- Installing: /home/aprs/aprs/aprs_ws/install/ur_gz/share/ur_gz//launch
[7.956s] -- Installing: /home/aprs/aprs/aprs_ws/install/ur_gz/share/ur_gz//launch/s2r.launch.py
[7.956s] -- Installing: /home/aprs/aprs/aprs_ws/install/ur_gz/share/ur_gz//launch/ur_real.launch.py
[7.956s] -- Installing: /home/aprs/aprs/aprs_ws/install/ur_gz/share/ur_gz//launch/urrobot.launch.py
[7.956s] -- Installing: /home/aprs/aprs/aprs_ws/install/ur_gz/share/ur_gz//config
[7.956s] -- Installing: /home/aprs/aprs/aprs_ws/install/ur_gz/share/ur_gz//config/ur_controller.yaml
[7.956s] -- Installing: /home/aprs/aprs/aprs_ws/install/ur_gz/share/ur_gz//urdf
[7.956s] -- Installing: /home/aprs/aprs/aprs_ws/install/ur_gz/share/ur_gz//urdf/ur_gz_macro.xacro
[7.956s] -- Installing: /home/aprs/aprs/aprs_ws/install/ur_gz/share/ur_gz//urdf/ur_gz.xacro
[7.956s] -- Installing: /home/aprs/aprs/aprs_ws/install/ur_gz/share/ur_gz/environment/ur_gz.dsv
[7.956s] -- Installing: /home/aprs/aprs/aprs_ws/install/ur_gz/share/ur_gz/environment/ur_gz.sh
[7.957s] -- Installing: /home/aprs/aprs/aprs_ws/install/ur_gz/share/ament_index/resource_index/package_run_dependencies/ur_gz
[7.957s] -- Installing: /home/aprs/aprs/aprs_ws/install/ur_gz/share/ament_index/resource_index/parent_prefix_path/ur_gz
[7.957s] -- Installing: /home/aprs/aprs/aprs_ws/install/ur_gz/share/ur_gz/environment/ament_prefix_path.sh
[7.957s] -- Installing: /home/aprs/aprs/aprs_ws/install/ur_gz/share/ur_gz/environment/ament_prefix_path.dsv
[7.957s] -- Installing: /home/aprs/aprs/aprs_ws/install/ur_gz/share/ur_gz/environment/path.sh
[7.957s] -- Installing: /home/aprs/aprs/aprs_ws/install/ur_gz/share/ur_gz/environment/path.dsv
[7.957s] -- Installing: /home/aprs/aprs/aprs_ws/install/ur_gz/share/ur_gz/local_setup.bash
[7.957s] -- Installing: /home/aprs/aprs/aprs_ws/install/ur_gz/share/ur_gz/local_setup.sh
[7.957s] -- Installing: /home/aprs/aprs/aprs_ws/install/ur_gz/share/ur_gz/local_setup.zsh
[7.957s] -- Installing: /home/aprs/aprs/aprs_ws/install/ur_gz/share/ur_gz/local_setup.dsv
[7.957s] -- Installing: /home/aprs/aprs/aprs_ws/install/ur_gz/share/ur_gz/package.dsv
[7.957s] -- Installing: /home/aprs/aprs/aprs_ws/install/ur_gz/share/ament_index/resource_index/packages/ur_gz
[7.957s] -- Installing: /home/aprs/aprs/aprs_ws/install/ur_gz/share/ur_gz/cmake/ur_gzConfig.cmake
[7.957s] -- Installing: /home/aprs/aprs/aprs_ws/install/ur_gz/share/ur_gz/cmake/ur_gzConfig-version.cmake
[7.957s] -- Installing: /home/aprs/aprs/aprs_ws/install/ur_gz/share/ur_gz/package.xml
[7.970s] Invoked command in '/home/aprs/aprs/aprs_ws/build/ur_gz' returned '0': CMAKE_PREFIX_PATH=${CMAKE_PREFIX_PATH}:/home/aprs/aprs/aprs_ws/install/conveyor_controller:/opt/ros/humble /usr/bin/cmake --install /home/aprs/aprs/aprs_ws/build/ur_gz
