-- Found ament_cmake: 1.3.5 (/opt/ros/humble/share/ament_cmake/cmake)
-- Found moveit_ros_planning_interface: 2.5.4 (/opt/ros/humble/share/moveit_ros_planning_interface/cmake)
-- Found Boost: /usr/lib/x86_64-linux-gnu/cmake/Boost-1.74.0/BoostConfig.cmake (found version "1.74.0") found components: date_time filesystem program_options system thread 
-- Found rosidl_generator_c: 3.1.5 (/opt/ros/humble/share/rosidl_generator_c/cmake)
-- Found rosidl_adapter: 3.1.5 (/opt/ros/humble/share/rosidl_adapter/cmake)
-- Found rosidl_generator_cpp: 3.1.5 (/opt/ros/humble/share/rosidl_generator_cpp/cmake)
-- Using all available rosidl_typesupport_c: rosidl_typesupport_fastrtps_c;rosidl_typesupport_introspection_c
-- Using all available rosidl_typesupport_cpp: rosidl_typesupport_fastrtps_cpp;rosidl_typesupport_introspection_cpp
-- Found Boost: /usr/lib/x86_64-linux-gnu/cmake/Boost-1.74.0/BoostConfig.cmake (found version "1.74.0") found components: chrono date_time filesystem iostreams program_options regex serialization system thread 
-- Found Boost: /usr/lib/x86_64-linux-gnu/cmake/Boost-1.74.0/BoostConfig.cmake (found version "1.74.0") found components: filesystem 
-- Found rmw_implementation_cmake: 6.1.1 (/opt/ros/humble/share/rmw_implementation_cmake/cmake)
-- Found rmw_fastrtps_cpp: 6.2.3 (/opt/ros/humble/share/rmw_fastrtps_cpp/cmake)
-- Using RMW implementation 'rmw_fastrtps_cpp' as default
-- library: /usr/lib/x86_64-linux-gnu/libcurl.so
-- Ensuring Eigen3 include directory is part of orocos-kdl CMake target
-- Found Boost: /usr/lib/x86_64-linux-gnu/cmake/Boost-1.74.0/BoostConfig.cmake (found version "1.74.0") found components: system filesystem date_time program_options thread chrono 
-- Found Boost: /usr/lib/x86_64-linux-gnu/cmake/Boost-1.74.0/BoostConfig.cmake (found version "1.74.0") found components: thread system filesystem regex date_time program_options 
-- Found Boost: /usr/lib/x86_64-linux-gnu/cmake/Boost-1.74.0/BoostConfig.cmake (found version "1.74.0") found components: system filesystem date_time program_options thread 
-- Found ament_lint_auto: 0.12.7 (/opt/ros/humble/share/ament_lint_auto/cmake)
-- Added test 'cppcheck' to perform static code analysis on C / C++ code
-- Configured cppcheck include dirs: $<BUILD_INTERFACE:/workspaces/aprs_humble/aprs_ws/src/ur_setup/include>
-- Configured cppcheck exclude dirs and/or files: 
-- Added test 'flake8' to check Python code syntax and style conventions
-- Added test 'lint_cmake' to check CMake code style
-- Added test 'pep257' to check Python code against some of the docstring style conventions in PEP 257
-- Added test 'uncrustify' to check C / C++ code style
-- Configured uncrustify additional arguments: 
-- Added test 'xmllint' to check XML markup files
-- Configuring done
-- Generating done
-- Build files have been written to: /workspaces/aprs_humble/aprs_ws/build/ur_setup
[35m[1mConsolidate compiler generated dependencies of target ur_setup[0m
[100%] Built target ur_setup
-- Install configuration: ""
-- Up-to-date: /workspaces/aprs_humble/aprs_ws/install/ur_setup/share/ur_setup//launch
-- Up-to-date: /workspaces/aprs_humble/aprs_ws/install/ur_setup/share/ur_setup//launch/ur_setup.launch.py
-- Up-to-date: /workspaces/aprs_humble/aprs_ws/install/ur_setup/lib/ur_setup/ur_setup
-- Up-to-date: /workspaces/aprs_humble/aprs_ws/install/ur_setup/share/ament_index/resource_index/package_run_dependencies/ur_setup
-- Installing: /workspaces/aprs_humble/aprs_ws/install/ur_setup/share/ament_index/resource_index/parent_prefix_path/ur_setup
-- Up-to-date: /workspaces/aprs_humble/aprs_ws/install/ur_setup/share/ur_setup/environment/ament_prefix_path.sh
-- Installing: /workspaces/aprs_humble/aprs_ws/install/ur_setup/share/ur_setup/environment/ament_prefix_path.dsv
-- Up-to-date: /workspaces/aprs_humble/aprs_ws/install/ur_setup/share/ur_setup/environment/path.sh
-- Installing: /workspaces/aprs_humble/aprs_ws/install/ur_setup/share/ur_setup/environment/path.dsv
-- Up-to-date: /workspaces/aprs_humble/aprs_ws/install/ur_setup/share/ur_setup/local_setup.bash
-- Up-to-date: /workspaces/aprs_humble/aprs_ws/install/ur_setup/share/ur_setup/local_setup.sh
-- Up-to-date: /workspaces/aprs_humble/aprs_ws/install/ur_setup/share/ur_setup/local_setup.zsh
-- Installing: /workspaces/aprs_humble/aprs_ws/install/ur_setup/share/ur_setup/local_setup.dsv
-- Installing: /workspaces/aprs_humble/aprs_ws/install/ur_setup/share/ur_setup/package.dsv
-- Up-to-date: /workspaces/aprs_humble/aprs_ws/install/ur_setup/share/ament_index/resource_index/packages/ur_setup
-- Up-to-date: /workspaces/aprs_humble/aprs_ws/install/ur_setup/share/ur_setup/cmake/ur_setupConfig.cmake
-- Up-to-date: /workspaces/aprs_humble/aprs_ws/install/ur_setup/share/ur_setup/cmake/ur_setupConfig-version.cmake
-- Up-to-date: /workspaces/aprs_humble/aprs_ws/install/ur_setup/share/ur_setup/package.xml
