[0.253s] Invoking command in '/home/aprs/aprs/aprs_ws/build/franka_gz': CMAKE_PREFIX_PATH=${CMAKE_PREFIX_PATH}:/home/aprs/aprs/aprs_ws/install/conveyor_controller:/opt/ros/humble /usr/bin/cmake --build /home/aprs/aprs/aprs_ws/build/franka_gz -- -j16 -l16
[0.319s] Invoked command in '/home/aprs/aprs/aprs_ws/build/franka_gz' returned '0': CMAKE_PREFIX_PATH=${CMAKE_PREFIX_PATH}:/home/aprs/aprs/aprs_ws/install/conveyor_controller:/opt/ros/humble /usr/bin/cmake --build /home/aprs/aprs/aprs_ws/build/franka_gz -- -j16 -l16
[0.404s] Invoking command in '/home/aprs/aprs/aprs_ws/build/franka_gz': CMAKE_PREFIX_PATH=${CMAKE_PREFIX_PATH}:/home/aprs/aprs/aprs_ws/install/conveyor_controller:/opt/ros/humble /usr/bin/cmake --install /home/aprs/aprs/aprs_ws/build/franka_gz
[0.420s] -- Install configuration: ""
[0.421s] -- Up-to-date: /home/aprs/aprs/aprs_ws/install/franka_gz/share/franka_gz//launch
[0.422s] -- Up-to-date: /home/aprs/aprs/aprs_ws/install/franka_gz/share/franka_gz//launch/frankarobot.launch.py
[0.425s] -- Up-to-date: /home/aprs/aprs/aprs_ws/install/franka_gz/share/franka_gz//config
[0.426s] -- Up-to-date: /home/aprs/aprs/aprs_ws/install/franka_gz/share/franka_gz//config/franka_controller.yaml
[0.426s] -- Up-to-date: /home/aprs/aprs/aprs_ws/install/franka_gz/share/ament_index/resource_index/package_run_dependencies/franka_gz
[0.426s] -- Up-to-date: /home/aprs/aprs/aprs_ws/install/franka_gz/share/ament_index/resource_index/parent_prefix_path/franka_gz
[0.426s] -- Up-to-date: /home/aprs/aprs/aprs_ws/install/franka_gz/share/franka_gz/environment/ament_prefix_path.sh
[0.426s] -- Up-to-date: /home/aprs/aprs/aprs_ws/install/franka_gz/share/franka_gz/environment/ament_prefix_path.dsv
[0.426s] -- Up-to-date: /home/aprs/aprs/aprs_ws/install/franka_gz/share/franka_gz/environment/path.sh
[0.426s] -- Up-to-date: /home/aprs/aprs/aprs_ws/install/franka_gz/share/franka_gz/environment/path.dsv
[0.426s] -- Up-to-date: /home/aprs/aprs/aprs_ws/install/franka_gz/share/franka_gz/local_setup.bash
[0.426s] -- Up-to-date: /home/aprs/aprs/aprs_ws/install/franka_gz/share/franka_gz/local_setup.sh
[0.428s] -- Up-to-date: /home/aprs/aprs/aprs_ws/install/franka_gz/share/franka_gz/local_setup.zsh
[0.428s] -- Up-to-date: /home/aprs/aprs/aprs_ws/install/franka_gz/share/franka_gz/local_setup.dsv
[0.428s] -- Installing: /home/aprs/aprs/aprs_ws/install/franka_gz/share/franka_gz/package.dsv
[0.429s] -- Up-to-date: /home/aprs/aprs/aprs_ws/install/franka_gz/share/ament_index/resource_index/packages/franka_gz
[0.429s] -- Up-to-date: /home/aprs/aprs/aprs_ws/install/franka_gz/share/franka_gz/cmake/franka_gzConfig.cmake
[0.429s] -- Up-to-date: /home/aprs/aprs/aprs_ws/install/franka_gz/share/franka_gz/cmake/franka_gzConfig-version.cmake
[0.429s] -- Up-to-date: /home/aprs/aprs/aprs_ws/install/franka_gz/share/franka_gz/package.xml
[0.485s] Invoked command in '/home/aprs/aprs/aprs_ws/build/franka_gz' returned '0': CMAKE_PREFIX_PATH=${CMAKE_PREFIX_PATH}:/home/aprs/aprs/aprs_ws/install/conveyor_controller:/opt/ros/humble /usr/bin/cmake --install /home/aprs/aprs/aprs_ws/build/franka_gz
