[0.245s] Invoking command in '/home/aprs/aprs/aprs_ws/build/franka_setup': CMAKE_PREFIX_PATH=${CMAKE_PREFIX_PATH}:/home/aprs/aprs/aprs_ws/install/conveyor_controller:/opt/ros/humble /usr/bin/cmake --build /home/aprs/aprs/aprs_ws/build/franka_setup -- -j16 -l16
[0.318s] [100%] Built target franka_setup
[0.404s] Invoked command in '/home/aprs/aprs/aprs_ws/build/franka_setup' returned '0': CMAKE_PREFIX_PATH=${CMAKE_PREFIX_PATH}:/home/aprs/aprs/aprs_ws/install/conveyor_controller:/opt/ros/humble /usr/bin/cmake --build /home/aprs/aprs/aprs_ws/build/franka_setup -- -j16 -l16
[0.475s] Invoking command in '/home/aprs/aprs/aprs_ws/build/franka_setup': CMAKE_PREFIX_PATH=${CMAKE_PREFIX_PATH}:/home/aprs/aprs/aprs_ws/install/conveyor_controller:/opt/ros/humble /usr/bin/cmake --install /home/aprs/aprs/aprs_ws/build/franka_setup
[0.521s] -- Install configuration: ""
[0.521s] -- Up-to-date: /home/aprs/aprs/aprs_ws/install/franka_setup/share/franka_setup//launch
[0.521s] -- Up-to-date: /home/aprs/aprs/aprs_ws/install/franka_setup/share/franka_setup//launch/franka_setup.launch.py
[0.521s] -- Up-to-date: /home/aprs/aprs/aprs_ws/install/franka_setup/lib/franka_setup/franka_setup
[0.521s] -- Up-to-date: /home/aprs/aprs/aprs_ws/install/franka_setup/share/ament_index/resource_index/package_run_dependencies/franka_setup
[0.521s] -- Up-to-date: /home/aprs/aprs/aprs_ws/install/franka_setup/share/ament_index/resource_index/parent_prefix_path/franka_setup
[0.522s] -- Up-to-date: /home/aprs/aprs/aprs_ws/install/franka_setup/share/franka_setup/environment/ament_prefix_path.sh
[0.522s] -- Up-to-date: /home/aprs/aprs/aprs_ws/install/franka_setup/share/franka_setup/environment/ament_prefix_path.dsv
[0.522s] -- Up-to-date: /home/aprs/aprs/aprs_ws/install/franka_setup/share/franka_setup/environment/path.sh
[0.522s] -- Up-to-date: /home/aprs/aprs/aprs_ws/install/franka_setup/share/franka_setup/environment/path.dsv
[0.522s] -- Up-to-date: /home/aprs/aprs/aprs_ws/install/franka_setup/share/franka_setup/local_setup.bash
[0.522s] -- Up-to-date: /home/aprs/aprs/aprs_ws/install/franka_setup/share/franka_setup/local_setup.sh
[0.522s] -- Up-to-date: /home/aprs/aprs/aprs_ws/install/franka_setup/share/franka_setup/local_setup.zsh
[0.522s] -- Up-to-date: /home/aprs/aprs/aprs_ws/install/franka_setup/share/franka_setup/local_setup.dsv
[0.522s] -- Installing: /home/aprs/aprs/aprs_ws/install/franka_setup/share/franka_setup/package.dsv
[0.523s] -- Up-to-date: /home/aprs/aprs/aprs_ws/install/franka_setup/share/ament_index/resource_index/packages/franka_setup
[0.523s] -- Up-to-date: /home/aprs/aprs/aprs_ws/install/franka_setup/share/franka_setup/cmake/franka_setupConfig.cmake
[0.523s] -- Up-to-date: /home/aprs/aprs/aprs_ws/install/franka_setup/share/franka_setup/cmake/franka_setupConfig-version.cmake
[0.523s] -- Up-to-date: /home/aprs/aprs/aprs_ws/install/franka_setup/share/franka_setup/package.xml
[0.570s] Invoked command in '/home/aprs/aprs/aprs_ws/build/franka_setup' returned '0': CMAKE_PREFIX_PATH=${CMAKE_PREFIX_PATH}:/home/aprs/aprs/aprs_ws/install/conveyor_controller:/opt/ros/humble /usr/bin/cmake --install /home/aprs/aprs/aprs_ws/build/franka_setup
