-- Install configuration: ""
-- Up-to-date: /workspaces/aprs/aprs_ws/install/motoman_description/share/motoman_description/config
-- Up-to-date: /workspaces/aprs/aprs_ws/install/motoman_description/share/motoman_description/meshes
-- Up-to-date: /workspaces/aprs/aprs_ws/install/motoman_description/share/motoman_description/meshes/link_e.STL
-- Up-to-date: /workspaces/aprs/aprs_ws/install/motoman_description/share/motoman_description/meshes/link_u.STL
-- Up-to-date: /workspaces/aprs/aprs_ws/install/motoman_description/share/motoman_description/meshes/link_b.STL
-- Up-to-date: /workspaces/aprs/aprs_ws/install/motoman_description/share/motoman_description/meshes/base_link.STL
-- Up-to-date: /workspaces/aprs/aprs_ws/install/motoman_description/share/motoman_description/meshes/link_l.STL
-- Up-to-date: /workspaces/aprs/aprs_ws/install/motoman_description/share/motoman_description/meshes/link_s.STL
-- Up-to-date: /workspaces/aprs/aprs_ws/install/motoman_description/share/motoman_description/meshes/link_t.STL
-- Up-to-date: /workspaces/aprs/aprs_ws/install/motoman_description/share/motoman_description/meshes/link_r.STL
-- Up-to-date: /workspaces/aprs/aprs_ws/install/motoman_description/share/motoman_description/urdf
-- Up-to-date: /workspaces/aprs/aprs_ws/install/motoman_description/share/motoman_description/urdf/motoman.urdf.xacro
-- Up-to-date: /workspaces/aprs/aprs_ws/install/motoman_description/share/motoman_description/urdf/common.urdf.xacro
-- Up-to-date: /workspaces/aprs/aprs_ws/install/motoman_description/share/motoman_description/urdf/motoman_ros2_control.xacro
-- Up-to-date: /workspaces/aprs/aprs_ws/install/motoman_description/share/motoman_description/urdf/sia20.urdf.xacro
-- Up-to-date: /workspaces/aprs/aprs_ws/install/motoman_description/share/motoman_description/hooks
-- Up-to-date: /workspaces/aprs/aprs_ws/install/motoman_description/share/motoman_description/hooks/motoman_description.dsv.in
-- Up-to-date: /workspaces/aprs/aprs_ws/install/motoman_description/share/motoman_description/hooks/motoman_description.sh.in
-- Up-to-date: /workspaces/aprs/aprs_ws/install/motoman_description/share/motoman_description/environment/motoman_description.dsv
-- Up-to-date: /workspaces/aprs/aprs_ws/install/motoman_description/share/motoman_description/environment/motoman_description.sh
-- Up-to-date: /workspaces/aprs/aprs_ws/install/motoman_description/share/ament_index/resource_index/package_run_dependencies/motoman_description
-- Up-to-date: /workspaces/aprs/aprs_ws/install/motoman_description/share/ament_index/resource_index/parent_prefix_path/motoman_description
-- Up-to-date: /workspaces/aprs/aprs_ws/install/motoman_description/share/motoman_description/environment/ament_prefix_path.sh
-- Up-to-date: /workspaces/aprs/aprs_ws/install/motoman_description/share/motoman_description/environment/ament_prefix_path.dsv
-- Up-to-date: /workspaces/aprs/aprs_ws/install/motoman_description/share/motoman_description/environment/path.sh
-- Up-to-date: /workspaces/aprs/aprs_ws/install/motoman_description/share/motoman_description/environment/path.dsv
-- Up-to-date: /workspaces/aprs/aprs_ws/install/motoman_description/share/motoman_description/local_setup.bash
-- Up-to-date: /workspaces/aprs/aprs_ws/install/motoman_description/share/motoman_description/local_setup.sh
-- Up-to-date: /workspaces/aprs/aprs_ws/install/motoman_description/share/motoman_description/local_setup.zsh
-- Up-to-date: /workspaces/aprs/aprs_ws/install/motoman_description/share/motoman_description/local_setup.dsv
-- Installing: /workspaces/aprs/aprs_ws/install/motoman_description/share/motoman_description/package.dsv
-- Up-to-date: /workspaces/aprs/aprs_ws/install/motoman_description/share/ament_index/resource_index/packages/motoman_description
-- Up-to-date: /workspaces/aprs/aprs_ws/install/motoman_description/share/motoman_description/cmake/motoman_descriptionConfig.cmake
-- Up-to-date: /workspaces/aprs/aprs_ws/install/motoman_description/share/motoman_description/cmake/motoman_descriptionConfig-version.cmake
-- Up-to-date: /workspaces/aprs/aprs_ws/install/motoman_description/share/motoman_description/package.xml
