[0.655s] Invoking command in '/workspaces/aprs/aprs_ws/build/ur5e_moveit_config': CMAKE_PREFIX_PATH=/workspaces/aprs/aprs_ws/install/ur_description:/workspaces/aprs/aprs_ws/install/worlds:/workspaces/aprs/aprs_ws/install/workbench_description:/workspaces/aprs/aprs_ws/install/vaccum_description:/workspaces/aprs/aprs_ws/install/ur_setup:/workspaces/aprs/aprs_ws/install/ur:/workspaces/aprs/aprs_ws/install/ur_calibration:/workspaces/aprs/aprs_ws/install/ur_robot_driver:/workspaces/aprs/aprs_ws/install/ur_bringup:/workspaces/aprs/aprs_ws/install/ur_controllers:/workspaces/aprs/aprs_ws/install/ur_msgs:/workspaces/aprs/aprs_ws/install/ur_moveit_config:/workspaces/aprs/aprs_ws/install/ur_gz:/workspaces/aprs/aprs_ws/install/ur_description__:/workspaces/aprs/aprs_ws/install/ur5e_moveit_config:/workspaces/aprs/aprs_ws/install/panda_moveit_config:/workspaces/aprs/aprs_ws/install/ur_dashboard_msgs:/workspaces/aprs/aprs_ws/install/ur_client_library:/workspaces/aprs/aprs_ws/install/table_description:/workspaces/aprs/aprs_ws/install/point_cloud:/workspaces/aprs/aprs_ws/install/realsense2_description:/workspaces/aprs/aprs_ws/install/realsense2_camera:/workspaces/aprs/aprs_ws/install/realsense2_camera_msgs:/workspaces/aprs/aprs_ws/install/panda_description:/workspaces/aprs/aprs_ws/install/ign_ros2_control_demos:/workspaces/aprs/aprs_ws/install/gz_ros2_control_tests:/workspaces/aprs/aprs_ws/install/ign_ros2_control:/workspaces/aprs/aprs_ws/install/franka_setup:/workspaces/aprs/aprs_ws/install/franka_gz:/workspaces/aprs/aprs_ws/install/fanuc_moveit_config:/workspaces/aprs/aprs_ws/install/fanuc_description:/workspaces/aprs/aprs_ws/install/camera_mount:/workspaces/aprs/aprs_ws/install/aprs_lab:/workspaces/aprs/aprs_ws/install/aprs_gazebo:/opt/ros/humble /usr/bin/cmake --build /workspaces/aprs/aprs_ws/build/ur5e_moveit_config -- -j16 -l16
[0.717s] Built target ament_cmake_python_copy_ur5e_moveit_config
[1.090s] running egg_info
[1.090s] writing ur5e_moveit_config.egg-info/PKG-INFO
[1.090s] writing dependency_links to ur5e_moveit_config.egg-info/dependency_links.txt
[1.090s] writing top-level names to ur5e_moveit_config.egg-info/top_level.txt
[1.090s] reading manifest file 'ur5e_moveit_config.egg-info/SOURCES.txt'
[1.090s] writing manifest file 'ur5e_moveit_config.egg-info/SOURCES.txt'
[1.090s] running install_scripts
[1.090s] /usr/lib/python3/dist-packages/setuptools/command/install.py:34: SetuptoolsDeprecationWarning: setup.py install is deprecated. Use build and pip and other standards-based tools.
[1.090s]   warnings.warn(
[1.091s] running egg_info
[1.091s] writing ur5e_moveit_config.egg-info/PKG-INFO
[1.092s] writing dependency_links to ur5e_moveit_config.egg-info/dependency_links.txt
[1.092s] writing top-level names to ur5e_moveit_config.egg-info/top_level.txt
[1.092s] reading manifest file 'ur5e_moveit_config.egg-info/SOURCES.txt'
[1.092s] writing manifest file 'ur5e_moveit_config.egg-info/SOURCES.txt'
[1.092s] Built target ament_cmake_python_build_ur5e_moveit_config_egg
[1.095s] Built target ament_cmake_python_build_ur5e_moveit_config_scripts
[1.437s] Invoked command in '/workspaces/aprs/aprs_ws/build/ur5e_moveit_config' returned '0': CMAKE_PREFIX_PATH=/workspaces/aprs/aprs_ws/install/ur_description:/workspaces/aprs/aprs_ws/install/worlds:/workspaces/aprs/aprs_ws/install/workbench_description:/workspaces/aprs/aprs_ws/install/vaccum_description:/workspaces/aprs/aprs_ws/install/ur_setup:/workspaces/aprs/aprs_ws/install/ur:/workspaces/aprs/aprs_ws/install/ur_calibration:/workspaces/aprs/aprs_ws/install/ur_robot_driver:/workspaces/aprs/aprs_ws/install/ur_bringup:/workspaces/aprs/aprs_ws/install/ur_controllers:/workspaces/aprs/aprs_ws/install/ur_msgs:/workspaces/aprs/aprs_ws/install/ur_moveit_config:/workspaces/aprs/aprs_ws/install/ur_gz:/workspaces/aprs/aprs_ws/install/ur_description__:/workspaces/aprs/aprs_ws/install/ur5e_moveit_config:/workspaces/aprs/aprs_ws/install/panda_moveit_config:/workspaces/aprs/aprs_ws/install/ur_dashboard_msgs:/workspaces/aprs/aprs_ws/install/ur_client_library:/workspaces/aprs/aprs_ws/install/table_description:/workspaces/aprs/aprs_ws/install/point_cloud:/workspaces/aprs/aprs_ws/install/realsense2_description:/workspaces/aprs/aprs_ws/install/realsense2_camera:/workspaces/aprs/aprs_ws/install/realsense2_camera_msgs:/workspaces/aprs/aprs_ws/install/panda_description:/workspaces/aprs/aprs_ws/install/ign_ros2_control_demos:/workspaces/aprs/aprs_ws/install/gz_ros2_control_tests:/workspaces/aprs/aprs_ws/install/ign_ros2_control:/workspaces/aprs/aprs_ws/install/franka_setup:/workspaces/aprs/aprs_ws/install/franka_gz:/workspaces/aprs/aprs_ws/install/fanuc_moveit_config:/workspaces/aprs/aprs_ws/install/fanuc_description:/workspaces/aprs/aprs_ws/install/camera_mount:/workspaces/aprs/aprs_ws/install/aprs_lab:/workspaces/aprs/aprs_ws/install/aprs_gazebo:/opt/ros/humble /usr/bin/cmake --build /workspaces/aprs/aprs_ws/build/ur5e_moveit_config -- -j16 -l16
[2.062s] Invoking command in '/workspaces/aprs/aprs_ws/build/ur5e_moveit_config': CMAKE_PREFIX_PATH=/workspaces/aprs/aprs_ws/install/ur_description:/workspaces/aprs/aprs_ws/install/worlds:/workspaces/aprs/aprs_ws/install/workbench_description:/workspaces/aprs/aprs_ws/install/vaccum_description:/workspaces/aprs/aprs_ws/install/ur_setup:/workspaces/aprs/aprs_ws/install/ur:/workspaces/aprs/aprs_ws/install/ur_calibration:/workspaces/aprs/aprs_ws/install/ur_robot_driver:/workspaces/aprs/aprs_ws/install/ur_bringup:/workspaces/aprs/aprs_ws/install/ur_controllers:/workspaces/aprs/aprs_ws/install/ur_msgs:/workspaces/aprs/aprs_ws/install/ur_moveit_config:/workspaces/aprs/aprs_ws/install/ur_gz:/workspaces/aprs/aprs_ws/install/ur_description__:/workspaces/aprs/aprs_ws/install/ur5e_moveit_config:/workspaces/aprs/aprs_ws/install/panda_moveit_config:/workspaces/aprs/aprs_ws/install/ur_dashboard_msgs:/workspaces/aprs/aprs_ws/install/ur_client_library:/workspaces/aprs/aprs_ws/install/table_description:/workspaces/aprs/aprs_ws/install/point_cloud:/workspaces/aprs/aprs_ws/install/realsense2_description:/workspaces/aprs/aprs_ws/install/realsense2_camera:/workspaces/aprs/aprs_ws/install/realsense2_camera_msgs:/workspaces/aprs/aprs_ws/install/panda_description:/workspaces/aprs/aprs_ws/install/ign_ros2_control_demos:/workspaces/aprs/aprs_ws/install/gz_ros2_control_tests:/workspaces/aprs/aprs_ws/install/ign_ros2_control:/workspaces/aprs/aprs_ws/install/franka_setup:/workspaces/aprs/aprs_ws/install/franka_gz:/workspaces/aprs/aprs_ws/install/fanuc_moveit_config:/workspaces/aprs/aprs_ws/install/fanuc_description:/workspaces/aprs/aprs_ws/install/camera_mount:/workspaces/aprs/aprs_ws/install/aprs_lab:/workspaces/aprs/aprs_ws/install/aprs_gazebo:/opt/ros/humble /usr/bin/cmake --install /workspaces/aprs/aprs_ws/build/ur5e_moveit_config
[2.133s] -- Install configuration: ""
[2.133s] -- Up-to-date: /workspaces/aprs/aprs_ws/install/ur5e_moveit_config/share/ur5e_moveit_config/config
[2.134s] -- Up-to-date: /workspaces/aprs/aprs_ws/install/ur5e_moveit_config/share/ur5e_moveit_config/config/ompl_planning.yaml
[2.134s] -- Up-to-date: /workspaces/aprs/aprs_ws/install/ur5e_moveit_config/share/ur5e_moveit_config/config/joint_limits.yaml
[2.134s] -- Up-to-date: /workspaces/aprs/aprs_ws/install/ur5e_moveit_config/share/ur5e_moveit_config/config/ur_servo.yaml
[2.134s] -- Up-to-date: /workspaces/aprs/aprs_ws/install/ur5e_moveit_config/share/ur5e_moveit_config/config/kinematics.yaml
[2.134s] -- Up-to-date: /workspaces/aprs/aprs_ws/install/ur5e_moveit_config/share/ur5e_moveit_config/config/controllers.yaml
[2.134s] -- Up-to-date: /workspaces/aprs/aprs_ws/install/ur5e_moveit_config/share/ur5e_moveit_config/launch
[2.134s] -- Up-to-date: /workspaces/aprs/aprs_ws/install/ur5e_moveit_config/share/ur5e_moveit_config/launch/ur_moveit.launch.py
[2.134s] -- Up-to-date: /workspaces/aprs/aprs_ws/install/ur5e_moveit_config/share/ur5e_moveit_config/srdf
[2.134s] -- Up-to-date: /workspaces/aprs/aprs_ws/install/ur5e_moveit_config/share/ur5e_moveit_config/srdf/ur.srdf
[2.134s] -- Up-to-date: /workspaces/aprs/aprs_ws/install/ur5e_moveit_config/share/ur5e_moveit_config/rviz
[2.134s] -- Up-to-date: /workspaces/aprs/aprs_ws/install/ur5e_moveit_config/share/ur5e_moveit_config/rviz/moveit.rviz
[2.135s] -- Up-to-date: /workspaces/aprs/aprs_ws/install/ur5e_moveit_config/share/ur5e_moveit_config/environment/pythonpath.sh
[2.135s] -- Up-to-date: /workspaces/aprs/aprs_ws/install/ur5e_moveit_config/share/ur5e_moveit_config/environment/pythonpath.dsv
[2.135s] -- Up-to-date: /workspaces/aprs/aprs_ws/install/ur5e_moveit_config/local/lib/python3.10/dist-packages/ur5e_moveit_config-0.0.0-py3.10.egg-info
[2.135s] -- Installing: /workspaces/aprs/aprs_ws/install/ur5e_moveit_config/local/lib/python3.10/dist-packages/ur5e_moveit_config-0.0.0-py3.10.egg-info/dependency_links.txt
[2.135s] -- Installing: /workspaces/aprs/aprs_ws/install/ur5e_moveit_config/local/lib/python3.10/dist-packages/ur5e_moveit_config-0.0.0-py3.10.egg-info/top_level.txt
[2.135s] -- Installing: /workspaces/aprs/aprs_ws/install/ur5e_moveit_config/local/lib/python3.10/dist-packages/ur5e_moveit_config-0.0.0-py3.10.egg-info/PKG-INFO
[2.135s] -- Installing: /workspaces/aprs/aprs_ws/install/ur5e_moveit_config/local/lib/python3.10/dist-packages/ur5e_moveit_config-0.0.0-py3.10.egg-info/SOURCES.txt
[2.135s] -- Up-to-date: /workspaces/aprs/aprs_ws/install/ur5e_moveit_config/lib/ur5e_moveit_config/
[2.135s] -- Up-to-date: /workspaces/aprs/aprs_ws/install/ur5e_moveit_config/local/lib/python3.10/dist-packages/ur5e_moveit_config
[2.135s] -- Up-to-date: /workspaces/aprs/aprs_ws/install/ur5e_moveit_config/local/lib/python3.10/dist-packages/ur5e_moveit_config/parameters.py
[2.135s] -- Up-to-date: /workspaces/aprs/aprs_ws/install/ur5e_moveit_config/local/lib/python3.10/dist-packages/ur5e_moveit_config/__init__.py
[2.135s] Listing '/workspaces/aprs/aprs_ws/install/ur5e_moveit_config/local/lib/python3.10/dist-packages/ur5e_moveit_config'...
[2.136s] -- Up-to-date: /workspaces/aprs/aprs_ws/install/ur5e_moveit_config/share/ament_index/resource_index/package_run_dependencies/ur5e_moveit_config
[2.136s] -- Up-to-date: /workspaces/aprs/aprs_ws/install/ur5e_moveit_config/share/ament_index/resource_index/parent_prefix_path/ur5e_moveit_config
[2.136s] -- Up-to-date: /workspaces/aprs/aprs_ws/install/ur5e_moveit_config/share/ur5e_moveit_config/environment/ament_prefix_path.sh
[2.136s] -- Up-to-date: /workspaces/aprs/aprs_ws/install/ur5e_moveit_config/share/ur5e_moveit_config/environment/ament_prefix_path.dsv
[2.136s] -- Up-to-date: /workspaces/aprs/aprs_ws/install/ur5e_moveit_config/share/ur5e_moveit_config/environment/path.sh
[2.136s] -- Up-to-date: /workspaces/aprs/aprs_ws/install/ur5e_moveit_config/share/ur5e_moveit_config/environment/path.dsv
[2.136s] -- Up-to-date: /workspaces/aprs/aprs_ws/install/ur5e_moveit_config/share/ur5e_moveit_config/local_setup.bash
[2.136s] -- Up-to-date: /workspaces/aprs/aprs_ws/install/ur5e_moveit_config/share/ur5e_moveit_config/local_setup.sh
[2.136s] -- Up-to-date: /workspaces/aprs/aprs_ws/install/ur5e_moveit_config/share/ur5e_moveit_config/local_setup.zsh
[2.136s] -- Up-to-date: /workspaces/aprs/aprs_ws/install/ur5e_moveit_config/share/ur5e_moveit_config/local_setup.dsv
[2.136s] -- Installing: /workspaces/aprs/aprs_ws/install/ur5e_moveit_config/share/ur5e_moveit_config/package.dsv
[2.137s] -- Up-to-date: /workspaces/aprs/aprs_ws/install/ur5e_moveit_config/share/ament_index/resource_index/packages/ur5e_moveit_config
[2.137s] -- Up-to-date: /workspaces/aprs/aprs_ws/install/ur5e_moveit_config/share/ur5e_moveit_config/cmake/ur5e_moveit_configConfig.cmake
[2.137s] -- Up-to-date: /workspaces/aprs/aprs_ws/install/ur5e_moveit_config/share/ur5e_moveit_config/cmake/ur5e_moveit_configConfig-version.cmake
[2.137s] -- Up-to-date: /workspaces/aprs/aprs_ws/install/ur5e_moveit_config/share/ur5e_moveit_config/package.xml
[2.285s] Invoked command in '/workspaces/aprs/aprs_ws/build/ur5e_moveit_config' returned '0': CMAKE_PREFIX_PATH=/workspaces/aprs/aprs_ws/install/ur_description:/workspaces/aprs/aprs_ws/install/worlds:/workspaces/aprs/aprs_ws/install/workbench_description:/workspaces/aprs/aprs_ws/install/vaccum_description:/workspaces/aprs/aprs_ws/install/ur_setup:/workspaces/aprs/aprs_ws/install/ur:/workspaces/aprs/aprs_ws/install/ur_calibration:/workspaces/aprs/aprs_ws/install/ur_robot_driver:/workspaces/aprs/aprs_ws/install/ur_bringup:/workspaces/aprs/aprs_ws/install/ur_controllers:/workspaces/aprs/aprs_ws/install/ur_msgs:/workspaces/aprs/aprs_ws/install/ur_moveit_config:/workspaces/aprs/aprs_ws/install/ur_gz:/workspaces/aprs/aprs_ws/install/ur_description__:/workspaces/aprs/aprs_ws/install/ur5e_moveit_config:/workspaces/aprs/aprs_ws/install/panda_moveit_config:/workspaces/aprs/aprs_ws/install/ur_dashboard_msgs:/workspaces/aprs/aprs_ws/install/ur_client_library:/workspaces/aprs/aprs_ws/install/table_description:/workspaces/aprs/aprs_ws/install/point_cloud:/workspaces/aprs/aprs_ws/install/realsense2_description:/workspaces/aprs/aprs_ws/install/realsense2_camera:/workspaces/aprs/aprs_ws/install/realsense2_camera_msgs:/workspaces/aprs/aprs_ws/install/panda_description:/workspaces/aprs/aprs_ws/install/ign_ros2_control_demos:/workspaces/aprs/aprs_ws/install/gz_ros2_control_tests:/workspaces/aprs/aprs_ws/install/ign_ros2_control:/workspaces/aprs/aprs_ws/install/franka_setup:/workspaces/aprs/aprs_ws/install/franka_gz:/workspaces/aprs/aprs_ws/install/fanuc_moveit_config:/workspaces/aprs/aprs_ws/install/fanuc_description:/workspaces/aprs/aprs_ws/install/camera_mount:/workspaces/aprs/aprs_ws/install/aprs_lab:/workspaces/aprs/aprs_ws/install/aprs_gazebo:/opt/ros/humble /usr/bin/cmake --install /workspaces/aprs/aprs_ws/build/ur5e_moveit_config
