[0.485s] Invoking command in '/workspaces/aprs/aprs_ws/build/ign_ros2_control': CMAKE_PREFIX_PATH=/opt/ros/humble /usr/bin/cmake /workspaces/aprs/aprs_ws/src/gz_ros2_control/ign_ros2_control -DCMAKE_INSTALL_PREFIX=/workspaces/aprs/aprs_ws/install/ign_ros2_control
[0.581s] -- Found ament_cmake: 1.3.5 (/opt/ros/humble/share/ament_cmake/cmake)
[0.798s] -- Found ament_index_cpp: 1.4.0 (/opt/ros/humble/share/ament_index_cpp/cmake)
[0.799s] -- Found controller_manager: 2.31.0 (/opt/ros/humble/share/controller_manager/cmake)
[0.878s] -- Found rosidl_generator_c: 3.1.5 (/opt/ros/humble/share/rosidl_generator_c/cmake)
[0.882s] -- Found rosidl_adapter: 3.1.5 (/opt/ros/humble/share/rosidl_adapter/cmake)
[0.890s] -- Found rosidl_generator_cpp: 3.1.5 (/opt/ros/humble/share/rosidl_generator_cpp/cmake)
[0.906s] -- Using all available rosidl_typesupport_c: rosidl_typesupport_fastrtps_c;rosidl_typesupport_introspection_c
[0.925s] -- Using all available rosidl_typesupport_cpp: rosidl_typesupport_fastrtps_cpp;rosidl_typesupport_introspection_cpp
[1.677s] -- Found rmw_implementation_cmake: 6.1.1 (/opt/ros/humble/share/rmw_implementation_cmake/cmake)
[1.678s] -- Found rmw_fastrtps_cpp: 6.2.4 (/opt/ros/humble/share/rmw_fastrtps_cpp/cmake)
[1.921s] -- Using RMW implementation 'rmw_fastrtps_cpp' as default
[2.523s] -- Found yaml_cpp_vendor: 8.0.2 (/opt/ros/humble/share/yaml_cpp_vendor/cmake)
[2.524s] -- Looking for ignition-gazebo6 -- found version 6.15.0
[2.527s] -- Searching for dependencies of ignition-gazebo6
[2.528s] -- Looking for sdformat12 -- found version 12.7.2
[2.529s] -- Searching for dependencies of sdformat12
[2.545s] -- Looking for ignition-math6 -- found version 6.15.0
[2.546s] -- Searching for dependencies of ignition-math6
[2.546s] -- Looking for ignition-utils1 -- found version 1.5.1
[2.546s] -- Searching for dependencies of ignition-utils1
[2.550s] -- Looking for ignition-plugin1 -- found version 1.4.0
[2.551s] -- Searching for dependencies of ignition-plugin1
[2.551s] -- Searching for <ignition-plugin1> component [loader]
[2.551s] -- Looking for ignition-plugin1-loader -- found version 1.4.0
[2.551s] -- Searching for dependencies of ignition-plugin1-loader
[2.562s] -- Searching for <ignition-plugin1> component [register]
[2.563s] -- Looking for ignition-plugin1-register -- found version 1.4.0
[2.563s] -- Searching for dependencies of ignition-plugin1-register
[2.567s] -- Looking for ignition-transport11 -- found version 11.4.1
[2.568s] -- Searching for dependencies of ignition-transport11
[2.747s] -- Config-file not installed for ZeroMQ -- checking for pkg-config
[2.786s] -- Checking for module 'libzmq >= 4'
[2.787s] --   Found libzmq , version 4.3.4
[2.876s] -- Checking for module 'uuid'
[2.901s] --   Found uuid, version 2.37.2
[2.961s] -- Looking for ignition-utils1 -- found version 1.5.1
[2.962s] -- Searching for dependencies of ignition-utils1
[2.963s] -- Searching for <ignition-utils1> component [cli]
[2.963s] -- Looking for ignition-utils1-cli -- found version 1.5.1
[2.963s] -- Searching for dependencies of ignition-utils1-cli
[2.964s] -- Looking for ignition-msgs8 -- found version 8.7.0
[2.964s] -- Searching for dependencies of ignition-msgs8
[3.026s] -- Found Protobuf: /usr/lib/x86_64-linux-gnu/libprotobuf.so (found suitable version "3.12.4", minimum required is "3") 
[3.026s] -- Looking for ignition-math6 -- found version 6.15.0
[3.042s] -- Searching for <ignition-transport11> component [log]
[3.042s] -- Looking for ignition-transport11-log -- found version 11.4.1
[3.042s] -- Searching for dependencies of ignition-transport11-log
[3.042s] -- Searching for <ignition-transport11> component [parameters]
[3.042s] -- Looking for ignition-transport11-parameters -- found version 11.4.1
[3.042s] -- Searching for dependencies of ignition-transport11-parameters
[3.042s] -- Looking for ignition-msgs8 -- found version 8.7.0
[3.043s] -- Looking for ignition-common4 -- found version 4.7.0
[3.043s] -- Searching for dependencies of ignition-common4
[3.046s] -- Looking for dlfcn.h - found
[3.047s] -- Looking for libdl - found
[3.069s] -- Searching for <ignition-common4> component [profiler]
[3.070s] -- Looking for ignition-common4-profiler -- found version 4.7.0
[3.070s] -- Searching for dependencies of ignition-common4-profiler
[3.071s] -- Searching for <ignition-common4> component [events]
[3.072s] -- Looking for ignition-common4-events -- found version 4.7.0
[3.072s] -- Searching for dependencies of ignition-common4-events
[3.073s] -- Looking for ignition-math6 -- found version 6.15.0
[3.073s] -- Searching for <ignition-common4> component [av]
[3.075s] -- Looking for ignition-common4-av -- found version 4.7.0
[3.076s] -- Searching for dependencies of ignition-common4-av
[3.083s] -- Checking for module 'libswscale'
[3.104s] --   Found libswscale, version 5.9.100
[3.152s] -- Checking for module 'libavdevice >= 56.4.100'
[3.171s] --   Found libavdevice , version 58.13.100
[3.230s] -- Checking for module 'libavformat'
[3.249s] --   Found libavformat, version 58.76.100
[3.310s] -- Checking for module 'libavcodec'
[3.335s] --   Found libavcodec, version 58.134.100
[3.406s] -- Checking for module 'libavutil'
[3.426s] --   Found libavutil, version 56.70.100
[3.482s] -- Looking for ignition-fuel_tools7 -- found version 7.3.0
[3.482s] -- Searching for dependencies of ignition-fuel_tools7
[3.558s] -- Checking for module 'jsoncpp'
[3.577s] --   Found jsoncpp, version 1.9.5
[3.644s] -- Checking for module 'libzip'
[3.669s] --   Found libzip, version 1.7.3
[3.738s] -- Looking for ignition-common4 -- found version 4.7.0
[3.739s] -- Looking for ignition-math6 -- found version 6.15.0
[3.740s] -- Looking for ignition-msgs8 -- found version 8.7.0
[3.741s] -- Looking for ignition-gui6 -- found version 6.8.0
[3.742s] -- Searching for dependencies of ignition-gui6
[3.816s] -- Looking for ignition-math6 -- found version 6.15.0
[3.816s] -- Looking for ignition-common4 -- found version 4.7.0
[3.817s] -- Looking for ignition-plugin1 -- found version 1.4.0
[3.817s] -- Looking for ignition-transport11 -- found version 11.4.1
[3.818s] -- Looking for ignition-rendering6 -- found version 6.6.2
[3.818s] -- Searching for dependencies of ignition-rendering6
[3.819s] -- Looking for ignition-math6 -- found version 6.15.0
[3.819s] -- Searching for dependencies of ignition-math6
[3.819s] -- Searching for <ignition-math6> component [eigen3]
[3.820s] -- Looking for ignition-math6-eigen3 -- found version 6.15.0
[3.821s] -- Searching for dependencies of ignition-math6-eigen3
[3.823s] -- Looking for ignition-common4 -- found version 4.7.0
[3.823s] -- Searching for dependencies of ignition-common4
[3.824s] -- Looking for dlfcn.h - found
[3.824s] -- Looking for libdl - found
[3.836s] -- Searching for <ignition-common4> component [graphics]
[3.836s] -- Looking for ignition-common4-graphics -- found version 4.7.0
[3.837s] -- Searching for dependencies of ignition-common4-graphics
[3.837s] -- Looking for ignition-math6 -- found version 6.15.0
[3.838s] -- Looking for ignition-utils1 -- found version 1.5.1
[3.839s] -- Searching for <ignition-common4> component [events]
[3.840s] -- Looking for ignition-plugin1 -- found version 1.4.0
[3.840s] -- Searching for dependencies of ignition-plugin1
[3.841s] -- Searching for <ignition-plugin1> component [all]
[3.841s] -- Looking for all libraries of ignition-plugin1 -- found version 1.4.0
[3.842s] -- Looking for ignition-plugin1 -- found version 1.4.0
[3.847s] -- Looking for ignition-msgs8 -- found version 8.7.0
[3.872s] -- Looking for ignition-physics5 -- found version 5.3.2
[3.873s] -- Searching for dependencies of ignition-physics5
[3.873s] -- Looking for ignition-math6 -- found version 6.15.0
[3.874s] -- Looking for ignition-plugin1 -- found version 1.4.0
[3.874s] -- Looking for ignition-utils1 -- found version 1.5.1
[3.876s] -- Searching for <ignition-physics5> component [heightmap]
[3.877s] -- Looking for ignition-physics5-heightmap -- found version 5.3.2
[3.878s] -- Searching for dependencies of ignition-physics5-heightmap
[3.878s] -- Looking for ignition-common4 -- found version 4.7.0
[3.879s] -- Searching for <ignition-physics5> component [mesh]
[3.879s] -- Looking for ignition-physics5-mesh -- found version 5.3.2
[3.880s] -- Searching for dependencies of ignition-physics5-mesh
[3.881s] -- Looking for ignition-common4 -- found version 4.7.0
[3.881s] -- Searching for <ignition-physics5> component [sdf]
[3.882s] -- Looking for ignition-physics5-sdf -- found version 5.3.2
[3.883s] -- Searching for dependencies of ignition-physics5-sdf
[3.883s] -- Looking for sdformat12 -- found version 12.7.2
[3.885s] -- Looking for ignition-sensors6 -- found version 6.7.1
[3.886s] -- Searching for dependencies of ignition-sensors6
[3.936s] -- Found Protobuf: /usr/lib/x86_64-linux-gnu/libprotobuf.so (found version "3.12.4") 
[3.936s] -- Looking for ignition-math6 -- found version 6.15.0
[3.936s] -- Looking for ignition-common4 -- found version 4.7.0
[3.937s] -- Looking for ignition-transport11 -- found version 11.4.1
[3.937s] -- Looking for ignition-rendering6 -- found version 6.6.2
[3.938s] -- Looking for ignition-msgs8 -- found version 8.7.0
[3.938s] -- Looking for sdformat12 -- found version 12.7.2
[3.938s] -- Searching for <ignition-sensors6> component [air_pressure]
[3.939s] -- Looking for ignition-sensors6-air_pressure -- found version 6.7.1
[3.940s] -- Searching for dependencies of ignition-sensors6-air_pressure
[3.940s] -- Searching for <ignition-sensors6> component [altimeter]
[3.940s] -- Looking for ignition-sensors6-altimeter -- found version 6.7.1
[3.941s] -- Searching for dependencies of ignition-sensors6-altimeter
[3.941s] -- Searching for <ignition-sensors6> component [imu]
[3.941s] -- Looking for ignition-sensors6-imu -- found version 6.7.1
[3.942s] -- Searching for dependencies of ignition-sensors6-imu
[3.942s] -- Searching for <ignition-sensors6> component [force_torque]
[3.943s] -- Looking for ignition-sensors6-force_torque -- found version 6.7.1
[3.943s] -- Searching for dependencies of ignition-sensors6-force_torque
[3.944s] -- Searching for <ignition-sensors6> component [logical_camera]
[3.944s] -- Looking for ignition-sensors6-logical_camera -- found version 6.7.1
[3.945s] -- Searching for dependencies of ignition-sensors6-logical_camera
[3.946s] -- Searching for <ignition-sensors6> component [magnetometer]
[3.946s] -- Looking for ignition-sensors6-magnetometer -- found version 6.7.1
[3.946s] -- Searching for dependencies of ignition-sensors6-magnetometer
[3.946s] -- Searching for <ignition-sensors6> component [navsat]
[3.947s] -- Looking for ignition-sensors6-navsat -- found version 6.7.1
[3.947s] -- Searching for dependencies of ignition-sensors6-navsat
[3.951s] -- Searching for <ignition-sensors6> component [rendering]
[3.951s] -- Looking for ignition-sensors6-rendering -- found version 6.7.1
[3.951s] -- Searching for dependencies of ignition-sensors6-rendering
[3.951s] -- Searching for <ignition-sensors6> component [lidar]
[3.951s] -- Looking for ignition-sensors6-lidar -- found version 6.7.1
[3.951s] -- Searching for dependencies of ignition-sensors6-lidar
[3.951s] -- Looking for ignition-sensors6 -- found version 6.7.1
[3.952s] -- Searching for <ignition-sensors6> component [gpu_lidar]
[3.952s] -- Looking for ignition-sensors6-gpu_lidar -- found version 6.7.1
[3.952s] -- Searching for dependencies of ignition-sensors6-gpu_lidar
[3.952s] -- Looking for ignition-sensors6 -- found version 6.7.1
[3.953s] -- Searching for <ignition-sensors6> component [camera]
[3.953s] -- Looking for ignition-sensors6-camera -- found version 6.7.1
[3.954s] -- Searching for dependencies of ignition-sensors6-camera
[3.954s] -- Looking for ignition-sensors6 -- found version 6.7.1
[3.955s] -- Searching for <ignition-sensors6> component [boundingbox_camera]
[3.955s] -- Looking for ignition-sensors6-boundingbox_camera -- found version 6.7.1
[3.956s] -- Searching for dependencies of ignition-sensors6-boundingbox_camera
[3.956s] -- Searching for <ignition-sensors6> component [segmentation_camera]
[3.957s] -- Looking for ignition-sensors6-segmentation_camera -- found version 6.7.1
[3.957s] -- Searching for dependencies of ignition-sensors6-segmentation_camera
[3.958s] -- Searching for <ignition-sensors6> component [depth_camera]
[3.958s] -- Looking for ignition-sensors6-depth_camera -- found version 6.7.1
[3.959s] -- Searching for dependencies of ignition-sensors6-depth_camera
[3.959s] -- Looking for ignition-sensors6 -- found version 6.7.1
[3.961s] -- Searching for <ignition-sensors6> component [rgbd_camera]
[3.961s] -- Looking for ignition-sensors6-rgbd_camera -- found version 6.7.1
[3.961s] -- Searching for dependencies of ignition-sensors6-rgbd_camera
[3.962s] -- Looking for ignition-sensors6 -- found version 6.7.1
[3.962s] -- Searching for <ignition-sensors6> component [thermal_camera]
[3.962s] -- Looking for ignition-sensors6-thermal_camera -- found version 6.7.1
[3.963s] -- Searching for dependencies of ignition-sensors6-thermal_camera
[3.963s] -- Looking for ignition-sensors6 -- found version 6.7.1
[3.964s] -- Looking for ignition-rendering6 -- found version 6.6.2
[3.966s] -- Looking for ignition-math6 -- found version 6.15.0
[3.968s] -- Looking for ignition-utils1 -- found version 1.5.1
[4.003s] -- Compiling against Ignition Fortress
[4.004s] -- Looking for ignition-plugin1 -- found version 1.4.0
[4.556s] -- Found ament_lint_auto: 0.12.8 (/opt/ros/humble/share/ament_lint_auto/cmake)
[4.645s] -- Added test 'copyright' to check source files copyright and LICENSE
[4.647s] -- Added test 'cppcheck' to perform static code analysis on C / C++ code
[4.647s] -- Configured cppcheck include dirs: /workspaces/aprs/aprs_ws/src/gz_ros2_control/ign_ros2_control/include
[4.648s] -- Configured cppcheck exclude dirs and/or files: 
[4.648s] -- Added test 'cpplint' to check C / C++ code against the Google style
[4.648s] -- Configured cpplint exclude dirs and/or files: 
[4.649s] -- Added test 'lint_cmake' to check CMake code style
[4.650s] -- Added test 'uncrustify' to check C / C++ code style
[4.650s] -- Configured uncrustify additional arguments: 
[4.650s] -- Added test 'xmllint' to check XML markup files
[4.652s] -- Configuring done
[4.884s] -- Generating done
[4.895s] -- Build files have been written to: /workspaces/aprs/aprs_ws/build/ign_ros2_control
[5.112s] Invoked command in '/workspaces/aprs/aprs_ws/build/ign_ros2_control' returned '0': CMAKE_PREFIX_PATH=/opt/ros/humble /usr/bin/cmake /workspaces/aprs/aprs_ws/src/gz_ros2_control/ign_ros2_control -DCMAKE_INSTALL_PREFIX=/workspaces/aprs/aprs_ws/install/ign_ros2_control
[5.112s] Invoking command in '/workspaces/aprs/aprs_ws/build/ign_ros2_control': CMAKE_PREFIX_PATH=/opt/ros/humble /usr/bin/cmake --build /workspaces/aprs/aprs_ws/build/ign_ros2_control -- -j16 -l16
[5.163s] [35m[1mConsolidate compiler generated dependencies of target ign_ros2_control-system[0m
[5.163s] [35m[1mConsolidate compiler generated dependencies of target ign_hardware_plugins[0m
[5.197s] [100%] Built target ign_hardware_plugins
[5.197s] [100%] Built target ign_ros2_control-system
[5.553s] Invoked command in '/workspaces/aprs/aprs_ws/build/ign_ros2_control' returned '0': CMAKE_PREFIX_PATH=/opt/ros/humble /usr/bin/cmake --build /workspaces/aprs/aprs_ws/build/ign_ros2_control -- -j16 -l16
[5.754s] Invoking command in '/workspaces/aprs/aprs_ws/build/ign_ros2_control': CMAKE_PREFIX_PATH=/opt/ros/humble /usr/bin/cmake --install /workspaces/aprs/aprs_ws/build/ign_ros2_control
[5.762s] -- Install configuration: ""
[5.762s] -- Up-to-date: /workspaces/aprs/aprs_ws/install/ign_ros2_control/lib/libign_hardware_plugins.so
[5.762s] -- Up-to-date: /workspaces/aprs/aprs_ws/install/ign_ros2_control/include
[5.762s] -- Up-to-date: /workspaces/aprs/aprs_ws/install/ign_ros2_control/include/ign_ros2_control
[5.762s] -- Up-to-date: /workspaces/aprs/aprs_ws/install/ign_ros2_control/include/ign_ros2_control/ign_system.hpp
[5.762s] -- Up-to-date: /workspaces/aprs/aprs_ws/install/ign_ros2_control/include/ign_ros2_control/ign_system_interface.hpp
[5.763s] -- Up-to-date: /workspaces/aprs/aprs_ws/install/ign_ros2_control/include/ign_ros2_control/ign_ros2_control_plugin.hpp
[5.763s] -- Up-to-date: /workspaces/aprs/aprs_ws/install/ign_ros2_control/share/ign_ros2_control/environment/library_path.sh
[5.763s] -- Installing: /workspaces/aprs/aprs_ws/install/ign_ros2_control/share/ign_ros2_control/environment/library_path.dsv
[5.763s] -- Up-to-date: /workspaces/aprs/aprs_ws/install/ign_ros2_control/lib/libign_ros2_control-system.so
[5.764s] -- Up-to-date: /workspaces/aprs/aprs_ws/install/ign_ros2_control/share/ign_ros2_control/ign_hardware_plugins.xml
[5.764s] -- Up-to-date: /workspaces/aprs/aprs_ws/install/ign_ros2_control/share/ign_ros2_control/environment/ign_ros2_control.dsv
[5.764s] -- Up-to-date: /workspaces/aprs/aprs_ws/install/ign_ros2_control/share/ign_ros2_control/environment/ign_ros2_control.sh
[5.764s] -- Up-to-date: /workspaces/aprs/aprs_ws/install/ign_ros2_control/share/ament_index/resource_index/package_run_dependencies/ign_ros2_control
[5.764s] -- Up-to-date: /workspaces/aprs/aprs_ws/install/ign_ros2_control/share/ament_index/resource_index/parent_prefix_path/ign_ros2_control
[5.765s] -- Up-to-date: /workspaces/aprs/aprs_ws/install/ign_ros2_control/share/ign_ros2_control/environment/ament_prefix_path.sh
[5.765s] -- Installing: /workspaces/aprs/aprs_ws/install/ign_ros2_control/share/ign_ros2_control/environment/ament_prefix_path.dsv
[5.765s] -- Up-to-date: /workspaces/aprs/aprs_ws/install/ign_ros2_control/share/ign_ros2_control/environment/path.sh
[5.765s] -- Installing: /workspaces/aprs/aprs_ws/install/ign_ros2_control/share/ign_ros2_control/environment/path.dsv
[5.765s] -- Up-to-date: /workspaces/aprs/aprs_ws/install/ign_ros2_control/share/ign_ros2_control/local_setup.bash
[5.765s] -- Up-to-date: /workspaces/aprs/aprs_ws/install/ign_ros2_control/share/ign_ros2_control/local_setup.sh
[5.765s] -- Up-to-date: /workspaces/aprs/aprs_ws/install/ign_ros2_control/share/ign_ros2_control/local_setup.zsh
[5.765s] -- Installing: /workspaces/aprs/aprs_ws/install/ign_ros2_control/share/ign_ros2_control/local_setup.dsv
[5.765s] -- Installing: /workspaces/aprs/aprs_ws/install/ign_ros2_control/share/ign_ros2_control/package.dsv
[5.765s] -- Up-to-date: /workspaces/aprs/aprs_ws/install/ign_ros2_control/share/ament_index/resource_index/packages/ign_ros2_control
[5.766s] -- Up-to-date: /workspaces/aprs/aprs_ws/install/ign_ros2_control/share/ament_index/resource_index/ign_ros2_control__pluginlib__plugin/ign_ros2_control
[5.766s] -- Up-to-date: /workspaces/aprs/aprs_ws/install/ign_ros2_control/share/ign_ros2_control/cmake/ament_cmake_export_include_directories-extras.cmake
[5.766s] -- Up-to-date: /workspaces/aprs/aprs_ws/install/ign_ros2_control/share/ign_ros2_control/cmake/ament_cmake_export_libraries-extras.cmake
[5.766s] -- Up-to-date: /workspaces/aprs/aprs_ws/install/ign_ros2_control/share/ign_ros2_control/cmake/ign_ros2_controlConfig.cmake
[5.766s] -- Up-to-date: /workspaces/aprs/aprs_ws/install/ign_ros2_control/share/ign_ros2_control/cmake/ign_ros2_controlConfig-version.cmake
[5.766s] -- Up-to-date: /workspaces/aprs/aprs_ws/install/ign_ros2_control/share/ign_ros2_control/package.xml
[5.936s] Invoked command in '/workspaces/aprs/aprs_ws/build/ign_ros2_control' returned '0': CMAKE_PREFIX_PATH=/opt/ros/humble /usr/bin/cmake --install /workspaces/aprs/aprs_ws/build/ign_ros2_control
