[0.056s] Invoking command in '/workspaces/aprs/aprs_ws/build/point_cloud': AMENT_PREFIX_PATH=/workspaces/aprs/aprs_ws/install/realsense2_description:/workspaces/aprs/aprs_ws/install/realsense2_camera:/workspaces/aprs/aprs_ws/install/realsense2_camera_msgs:${AMENT_PREFIX_PATH} CMAKE_PREFIX_PATH=/workspaces/aprs/aprs_ws/install/realsense2_description:/workspaces/aprs/aprs_ws/install/realsense2_camera:/workspaces/aprs/aprs_ws/install/realsense2_camera_msgs:/opt/ros/humble LD_LIBRARY_PATH=/workspaces/aprs/aprs_ws/install/realsense2_camera/lib:/workspaces/aprs/aprs_ws/install/realsense2_camera_msgs/lib:${LD_LIBRARY_PATH} PYTHONPATH=/workspaces/aprs/aprs_ws/install/realsense2_camera_msgs/local/lib/python3.10/dist-packages:${PYTHONPATH} /usr/bin/cmake /workspaces/aprs/aprs_ws/src/point_cloud -DBUILD_TESTING=ON -DCMAKE_INSTALL_PREFIX=/workspaces/aprs/aprs_ws/install/point_cloud
[0.120s] -- The C compiler identification is GNU 11.4.0
[0.181s] -- The CXX compiler identification is GNU 11.4.0
[0.191s] -- Detecting C compiler ABI info
[0.269s] -- Detecting C compiler ABI info - done
[0.277s] -- Check for working C compiler: /usr/bin/cc - skipped
[0.277s] -- Detecting C compile features
[0.277s] -- Detecting C compile features - done
[0.280s] -- Detecting CXX compiler ABI info
[0.367s] -- Detecting CXX compiler ABI info - done
[0.378s] -- Check for working CXX compiler: /usr/bin/c++ - skipped
[0.378s] -- Detecting CXX compile features
[0.379s] -- Detecting CXX compile features - done
[0.390s] -- Found ament_cmake: 1.3.5 (/opt/ros/humble/share/ament_cmake/cmake)
[0.592s] -- Found Python3: /usr/bin/python3.10 (found version "3.10.12") found components: Interpreter 
[0.791s] -- Found rclcpp: 16.0.6 (/opt/ros/humble/share/rclcpp/cmake)
[0.886s] -- Found rosidl_generator_c: 3.1.5 (/opt/ros/humble/share/rosidl_generator_c/cmake)
[0.901s] -- Found rosidl_adapter: 3.1.5 (/opt/ros/humble/share/rosidl_adapter/cmake)
[0.920s] -- Found rosidl_generator_cpp: 3.1.5 (/opt/ros/humble/share/rosidl_generator_cpp/cmake)
[0.941s] -- Using all available rosidl_typesupport_c: rosidl_typesupport_fastrtps_c;rosidl_typesupport_introspection_c
[0.976s] -- Using all available rosidl_typesupport_cpp: rosidl_typesupport_fastrtps_cpp;rosidl_typesupport_introspection_cpp
[1.086s] -- Found rmw_implementation_cmake: 6.1.1 (/opt/ros/humble/share/rmw_implementation_cmake/cmake)
[1.093s] -- Found rmw_fastrtps_cpp: 6.2.4 (/opt/ros/humble/share/rmw_fastrtps_cpp/cmake)
[1.307s] -- Found OpenSSL: /usr/lib/x86_64-linux-gnu/libcrypto.so (found version "3.0.2")  
[1.382s] -- Found FastRTPS: /opt/ros/humble/include  
[1.499s] -- Using RMW implementation 'rmw_fastrtps_cpp' as default
[1.524s] -- Looking for pthread.h
[1.607s] -- Looking for pthread.h - found
[1.607s] -- Performing Test CMAKE_HAVE_LIBC_PTHREAD
[1.691s] -- Performing Test CMAKE_HAVE_LIBC_PTHREAD - Success
[1.692s] -- Found Threads: TRUE  
[1.870s] -- Found rclpy: 3.3.10 (/opt/ros/humble/share/rclpy/cmake)
[1.878s] -- Found tf2_kdl: 0.25.4 (/opt/ros/humble/share/tf2_kdl/cmake)
[1.977s] -- Found eigen3_cmake_module: 0.1.1 (/opt/ros/humble/share/eigen3_cmake_module/cmake)
[1.978s] -- Found Eigen3: TRUE (found version "3.4.0") 
[1.978s] -- Ensuring Eigen3 include directory is part of orocos-kdl CMake target
[2.389s] -- Found OpenCV: /usr (found version "4.5.4") 
[2.399s] -- Found cv_bridge: 3.2.1 (/opt/ros/humble/share/cv_bridge/cmake)
[2.499s] -- Found kdl_parser: 2.6.4 (/opt/ros/humble/share/kdl_parser/cmake)
[2.626s] -- Found ament_lint_auto: 0.12.8 (/opt/ros/humble/share/ament_lint_auto/cmake)
[2.748s] -- Added test 'flake8' to check Python code syntax and style conventions
[2.748s] -- Added test 'lint_cmake' to check CMake code style
[2.749s] -- Added test 'pep257' to check Python code against some of the docstring style conventions in PEP 257
[2.750s] -- Added test 'xmllint' to check XML markup files
[2.752s] -- Configuring done
[2.764s] -- Generating done
[2.766s] -- Build files have been written to: /workspaces/aprs/aprs_ws/build/point_cloud
[2.787s] Invoked command in '/workspaces/aprs/aprs_ws/build/point_cloud' returned '0': AMENT_PREFIX_PATH=/workspaces/aprs/aprs_ws/install/realsense2_description:/workspaces/aprs/aprs_ws/install/realsense2_camera:/workspaces/aprs/aprs_ws/install/realsense2_camera_msgs:${AMENT_PREFIX_PATH} CMAKE_PREFIX_PATH=/workspaces/aprs/aprs_ws/install/realsense2_description:/workspaces/aprs/aprs_ws/install/realsense2_camera:/workspaces/aprs/aprs_ws/install/realsense2_camera_msgs:/opt/ros/humble LD_LIBRARY_PATH=/workspaces/aprs/aprs_ws/install/realsense2_camera/lib:/workspaces/aprs/aprs_ws/install/realsense2_camera_msgs/lib:${LD_LIBRARY_PATH} PYTHONPATH=/workspaces/aprs/aprs_ws/install/realsense2_camera_msgs/local/lib/python3.10/dist-packages:${PYTHONPATH} /usr/bin/cmake /workspaces/aprs/aprs_ws/src/point_cloud -DBUILD_TESTING=ON -DCMAKE_INSTALL_PREFIX=/workspaces/aprs/aprs_ws/install/point_cloud
[2.789s] Invoking command in '/workspaces/aprs/aprs_ws/build/point_cloud': AMENT_PREFIX_PATH=/workspaces/aprs/aprs_ws/install/realsense2_description:/workspaces/aprs/aprs_ws/install/realsense2_camera:/workspaces/aprs/aprs_ws/install/realsense2_camera_msgs:${AMENT_PREFIX_PATH} CMAKE_PREFIX_PATH=/workspaces/aprs/aprs_ws/install/realsense2_description:/workspaces/aprs/aprs_ws/install/realsense2_camera:/workspaces/aprs/aprs_ws/install/realsense2_camera_msgs:/opt/ros/humble LD_LIBRARY_PATH=/workspaces/aprs/aprs_ws/install/realsense2_camera/lib:/workspaces/aprs/aprs_ws/install/realsense2_camera_msgs/lib:${LD_LIBRARY_PATH} PYTHONPATH=/workspaces/aprs/aprs_ws/install/realsense2_camera_msgs/local/lib/python3.10/dist-packages:${PYTHONPATH} /usr/bin/cmake --build /workspaces/aprs/aprs_ws/build/point_cloud -- -j16 -l16
[2.862s] Built target ament_cmake_python_copy_point_cloud
[3.111s] running egg_info
[3.112s] creating point_cloud.egg-info
[3.112s] writing point_cloud.egg-info/PKG-INFO
[3.112s] writing dependency_links to point_cloud.egg-info/dependency_links.txt
[3.112s] writing top-level names to point_cloud.egg-info/top_level.txt
[3.113s] writing manifest file 'point_cloud.egg-info/SOURCES.txt'
[3.115s] reading manifest file 'point_cloud.egg-info/SOURCES.txt'
[3.116s] writing manifest file 'point_cloud.egg-info/SOURCES.txt'
[3.155s] Built target ament_cmake_python_build_point_cloud_egg
[3.172s] Invoked command in '/workspaces/aprs/aprs_ws/build/point_cloud' returned '0': AMENT_PREFIX_PATH=/workspaces/aprs/aprs_ws/install/realsense2_description:/workspaces/aprs/aprs_ws/install/realsense2_camera:/workspaces/aprs/aprs_ws/install/realsense2_camera_msgs:${AMENT_PREFIX_PATH} CMAKE_PREFIX_PATH=/workspaces/aprs/aprs_ws/install/realsense2_description:/workspaces/aprs/aprs_ws/install/realsense2_camera:/workspaces/aprs/aprs_ws/install/realsense2_camera_msgs:/opt/ros/humble LD_LIBRARY_PATH=/workspaces/aprs/aprs_ws/install/realsense2_camera/lib:/workspaces/aprs/aprs_ws/install/realsense2_camera_msgs/lib:${LD_LIBRARY_PATH} PYTHONPATH=/workspaces/aprs/aprs_ws/install/realsense2_camera_msgs/local/lib/python3.10/dist-packages:${PYTHONPATH} /usr/bin/cmake --build /workspaces/aprs/aprs_ws/build/point_cloud -- -j16 -l16
[3.202s] Invoking command in '/workspaces/aprs/aprs_ws/build/point_cloud': AMENT_PREFIX_PATH=/workspaces/aprs/aprs_ws/install/realsense2_description:/workspaces/aprs/aprs_ws/install/realsense2_camera:/workspaces/aprs/aprs_ws/install/realsense2_camera_msgs:${AMENT_PREFIX_PATH} CMAKE_PREFIX_PATH=/workspaces/aprs/aprs_ws/install/realsense2_description:/workspaces/aprs/aprs_ws/install/realsense2_camera:/workspaces/aprs/aprs_ws/install/realsense2_camera_msgs:/opt/ros/humble LD_LIBRARY_PATH=/workspaces/aprs/aprs_ws/install/realsense2_camera/lib:/workspaces/aprs/aprs_ws/install/realsense2_camera_msgs/lib:${LD_LIBRARY_PATH} PYTHONPATH=/workspaces/aprs/aprs_ws/install/realsense2_camera_msgs/local/lib/python3.10/dist-packages:${PYTHONPATH} /usr/bin/cmake --install /workspaces/aprs/aprs_ws/build/point_cloud
[3.209s] -- Install configuration: ""
[3.209s] -- Installing: /workspaces/aprs/aprs_ws/install/point_cloud/share/point_cloud/environment/pythonpath.sh
[3.209s] -- Installing: /workspaces/aprs/aprs_ws/install/point_cloud/share/point_cloud/environment/pythonpath.dsv
[3.210s] -- Installing: /workspaces/aprs/aprs_ws/install/point_cloud/local/lib/python3.10/dist-packages/point_cloud-0.0.0-py3.10.egg-info
[3.210s] -- Installing: /workspaces/aprs/aprs_ws/install/point_cloud/local/lib/python3.10/dist-packages/point_cloud-0.0.0-py3.10.egg-info/dependency_links.txt
[3.210s] -- Installing: /workspaces/aprs/aprs_ws/install/point_cloud/local/lib/python3.10/dist-packages/point_cloud-0.0.0-py3.10.egg-info/top_level.txt
[3.210s] -- Installing: /workspaces/aprs/aprs_ws/install/point_cloud/local/lib/python3.10/dist-packages/point_cloud-0.0.0-py3.10.egg-info/PKG-INFO
[3.210s] -- Installing: /workspaces/aprs/aprs_ws/install/point_cloud/local/lib/python3.10/dist-packages/point_cloud-0.0.0-py3.10.egg-info/SOURCES.txt
[3.210s] -- Installing: /workspaces/aprs/aprs_ws/install/point_cloud/local/lib/python3.10/dist-packages/point_cloud
[3.210s] -- Installing: /workspaces/aprs/aprs_ws/install/point_cloud/local/lib/python3.10/dist-packages/point_cloud/__init__.py
[3.238s] Listing '/workspaces/aprs/aprs_ws/install/point_cloud/local/lib/python3.10/dist-packages/point_cloud'...
[3.238s] Compiling '/workspaces/aprs/aprs_ws/install/point_cloud/local/lib/python3.10/dist-packages/point_cloud/__init__.py'...
[3.250s] -- Installing: /workspaces/aprs/aprs_ws/install/point_cloud/lib/point_cloud/point_cloud.py
[3.250s] -- Installing: /workspaces/aprs/aprs_ws/install/point_cloud/share/point_cloud/environment/library_path.sh
[3.250s] -- Installing: /workspaces/aprs/aprs_ws/install/point_cloud/share/point_cloud/environment/library_path.dsv
[3.251s] -- Installing: /workspaces/aprs/aprs_ws/install/point_cloud/share/ament_index/resource_index/package_run_dependencies/point_cloud
[3.251s] -- Installing: /workspaces/aprs/aprs_ws/install/point_cloud/share/ament_index/resource_index/parent_prefix_path/point_cloud
[3.251s] -- Installing: /workspaces/aprs/aprs_ws/install/point_cloud/share/point_cloud/environment/ament_prefix_path.sh
[3.251s] -- Installing: /workspaces/aprs/aprs_ws/install/point_cloud/share/point_cloud/environment/ament_prefix_path.dsv
[3.251s] -- Installing: /workspaces/aprs/aprs_ws/install/point_cloud/share/point_cloud/environment/path.sh
[3.251s] -- Installing: /workspaces/aprs/aprs_ws/install/point_cloud/share/point_cloud/environment/path.dsv
[3.251s] -- Installing: /workspaces/aprs/aprs_ws/install/point_cloud/share/point_cloud/local_setup.bash
[3.252s] -- Installing: /workspaces/aprs/aprs_ws/install/point_cloud/share/point_cloud/local_setup.sh
[3.252s] -- Installing: /workspaces/aprs/aprs_ws/install/point_cloud/share/point_cloud/local_setup.zsh
[3.252s] -- Installing: /workspaces/aprs/aprs_ws/install/point_cloud/share/point_cloud/local_setup.dsv
[3.252s] -- Installing: /workspaces/aprs/aprs_ws/install/point_cloud/share/point_cloud/package.dsv
[3.252s] -- Installing: /workspaces/aprs/aprs_ws/install/point_cloud/share/ament_index/resource_index/packages/point_cloud
[3.252s] -- Installing: /workspaces/aprs/aprs_ws/install/point_cloud/share/point_cloud/cmake/ament_cmake_export_libraries-extras.cmake
[3.253s] -- Installing: /workspaces/aprs/aprs_ws/install/point_cloud/share/point_cloud/cmake/ament_cmake_export_dependencies-extras.cmake
[3.253s] -- Installing: /workspaces/aprs/aprs_ws/install/point_cloud/share/point_cloud/cmake/point_cloudConfig.cmake
[3.253s] -- Installing: /workspaces/aprs/aprs_ws/install/point_cloud/share/point_cloud/cmake/point_cloudConfig-version.cmake
[3.253s] -- Installing: /workspaces/aprs/aprs_ws/install/point_cloud/share/point_cloud/package.xml
[3.256s] Invoked command in '/workspaces/aprs/aprs_ws/build/point_cloud' returned '0': AMENT_PREFIX_PATH=/workspaces/aprs/aprs_ws/install/realsense2_description:/workspaces/aprs/aprs_ws/install/realsense2_camera:/workspaces/aprs/aprs_ws/install/realsense2_camera_msgs:${AMENT_PREFIX_PATH} CMAKE_PREFIX_PATH=/workspaces/aprs/aprs_ws/install/realsense2_description:/workspaces/aprs/aprs_ws/install/realsense2_camera:/workspaces/aprs/aprs_ws/install/realsense2_camera_msgs:/opt/ros/humble LD_LIBRARY_PATH=/workspaces/aprs/aprs_ws/install/realsense2_camera/lib:/workspaces/aprs/aprs_ws/install/realsense2_camera_msgs/lib:${LD_LIBRARY_PATH} PYTHONPATH=/workspaces/aprs/aprs_ws/install/realsense2_camera_msgs/local/lib/python3.10/dist-packages:${PYTHONPATH} /usr/bin/cmake --install /workspaces/aprs/aprs_ws/build/point_cloud
