[1.145s] Invoking command in '/workspaces/aprs/aprs_ws/build/table_description': CMAKE_PREFIX_PATH=${CMAKE_PREFIX_PATH}:/opt/ros/humble /usr/bin/cmake --build /workspaces/aprs/aprs_ws/build/table_description -- -j16 -l16
[1.491s] Invoked command in '/workspaces/aprs/aprs_ws/build/table_description' returned '0': CMAKE_PREFIX_PATH=${CMAKE_PREFIX_PATH}:/opt/ros/humble /usr/bin/cmake --build /workspaces/aprs/aprs_ws/build/table_description -- -j16 -l16
[1.781s] Invoking command in '/workspaces/aprs/aprs_ws/build/table_description': CMAKE_PREFIX_PATH=${CMAKE_PREFIX_PATH}:/opt/ros/humble /usr/bin/cmake --install /workspaces/aprs/aprs_ws/build/table_description
[1.798s] -- Install configuration: ""
[1.798s] -- Up-to-date: /workspaces/aprs/aprs_ws/install/table_description/share/table_description/meshes
[1.798s] -- Up-to-date: /workspaces/aprs/aprs_ws/install/table_description/share/table_description/meshes/visual
[1.798s] -- Up-to-date: /workspaces/aprs/aprs_ws/install/table_description/share/table_description/meshes/visual/table.stl
[1.798s] -- Up-to-date: /workspaces/aprs/aprs_ws/install/table_description/share/table_description/meshes/collision
[1.799s] -- Up-to-date: /workspaces/aprs/aprs_ws/install/table_description/share/table_description/meshes/collision/table.stl
[1.800s] -- Up-to-date: /workspaces/aprs/aprs_ws/install/table_description/share/table_description/urdf
[1.800s] -- Up-to-date: /workspaces/aprs/aprs_ws/install/table_description/share/table_description/urdf/table.urdf.xacro
[1.801s] -- Up-to-date: /workspaces/aprs/aprs_ws/install/table_description/share/ament_index/resource_index/package_run_dependencies/table_description
[1.801s] -- Up-to-date: /workspaces/aprs/aprs_ws/install/table_description/share/ament_index/resource_index/parent_prefix_path/table_description
[1.802s] -- Up-to-date: /workspaces/aprs/aprs_ws/install/table_description/share/table_description/environment/ament_prefix_path.sh
[1.802s] -- Up-to-date: /workspaces/aprs/aprs_ws/install/table_description/share/table_description/environment/ament_prefix_path.dsv
[1.803s] -- Up-to-date: /workspaces/aprs/aprs_ws/install/table_description/share/table_description/environment/path.sh
[1.838s] -- Up-to-date: /workspaces/aprs/aprs_ws/install/table_description/share/table_description/environment/path.dsv
[1.838s] -- Up-to-date: /workspaces/aprs/aprs_ws/install/table_description/share/table_description/local_setup.bash
[1.839s] -- Up-to-date: /workspaces/aprs/aprs_ws/install/table_description/share/table_description/local_setup.sh
[1.839s] -- Up-to-date: /workspaces/aprs/aprs_ws/install/table_description/share/table_description/local_setup.zsh
[1.839s] -- Up-to-date: /workspaces/aprs/aprs_ws/install/table_description/share/table_description/local_setup.dsv
[1.839s] -- Installing: /workspaces/aprs/aprs_ws/install/table_description/share/table_description/package.dsv
[1.845s] -- Up-to-date: /workspaces/aprs/aprs_ws/install/table_description/share/ament_index/resource_index/packages/table_description
[1.845s] -- Up-to-date: /workspaces/aprs/aprs_ws/install/table_description/share/table_description/cmake/table_descriptionConfig.cmake
[1.845s] -- Up-to-date: /workspaces/aprs/aprs_ws/install/table_description/share/table_description/cmake/table_descriptionConfig-version.cmake
[1.846s] -- Up-to-date: /workspaces/aprs/aprs_ws/install/table_description/share/table_description/package.xml
[1.945s] Invoked command in '/workspaces/aprs/aprs_ws/build/table_description' returned '0': CMAKE_PREFIX_PATH=${CMAKE_PREFIX_PATH}:/opt/ros/humble /usr/bin/cmake --install /workspaces/aprs/aprs_ws/build/table_description
