[0.262s] Invoking command in '/home/aprs/aprs/aprs_ws/build/franka_gz': CMAKE_PREFIX_PATH=${CMAKE_PREFIX_PATH}:/home/aprs/aprs/aprs_ws/install/conveyor_controller:/opt/ros/humble /usr/bin/cmake --build /home/aprs/aprs/aprs_ws/build/franka_gz -- -j16 -l16
[0.310s] Invoked command in '/home/aprs/aprs/aprs_ws/build/franka_gz' returned '0': CMAKE_PREFIX_PATH=${CMAKE_PREFIX_PATH}:/home/aprs/aprs/aprs_ws/install/conveyor_controller:/opt/ros/humble /usr/bin/cmake --build /home/aprs/aprs/aprs_ws/build/franka_gz -- -j16 -l16
[0.385s] Invoking command in '/home/aprs/aprs/aprs_ws/build/franka_gz': CMAKE_PREFIX_PATH=${CMAKE_PREFIX_PATH}:/home/aprs/aprs/aprs_ws/install/conveyor_controller:/opt/ros/humble /usr/bin/cmake --install /home/aprs/aprs/aprs_ws/build/franka_gz
[0.404s] -- Install configuration: ""
[0.404s] -- Up-to-date: /home/aprs/aprs/aprs_ws/install/franka_gz/share/franka_gz//launch
[0.404s] -- Up-to-date: /home/aprs/aprs/aprs_ws/install/franka_gz/share/franka_gz//launch/frankarobot.launch.py
[0.405s] -- Up-to-date: /home/aprs/aprs/aprs_ws/install/franka_gz/share/franka_gz//config
[0.406s] -- Up-to-date: /home/aprs/aprs/aprs_ws/install/franka_gz/share/franka_gz//config/franka_controller.yaml
[0.407s] -- Up-to-date: /home/aprs/aprs/aprs_ws/install/franka_gz/share/ament_index/resource_index/package_run_dependencies/franka_gz
[0.410s] -- Up-to-date: /home/aprs/aprs/aprs_ws/install/franka_gz/share/ament_index/resource_index/parent_prefix_path/franka_gz
[0.410s] -- Up-to-date: /home/aprs/aprs/aprs_ws/install/franka_gz/share/franka_gz/environment/ament_prefix_path.sh
[0.410s] -- Up-to-date: /home/aprs/aprs/aprs_ws/install/franka_gz/share/franka_gz/environment/ament_prefix_path.dsv
[0.410s] -- Up-to-date: /home/aprs/aprs/aprs_ws/install/franka_gz/share/franka_gz/environment/path.sh
[0.410s] -- Up-to-date: /home/aprs/aprs/aprs_ws/install/franka_gz/share/franka_gz/environment/path.dsv
[0.410s] -- Up-to-date: /home/aprs/aprs/aprs_ws/install/franka_gz/share/franka_gz/local_setup.bash
[0.410s] -- Up-to-date: /home/aprs/aprs/aprs_ws/install/franka_gz/share/franka_gz/local_setup.sh
[0.411s] -- Up-to-date: /home/aprs/aprs/aprs_ws/install/franka_gz/share/franka_gz/local_setup.zsh
[0.411s] -- Up-to-date: /home/aprs/aprs/aprs_ws/install/franka_gz/share/franka_gz/local_setup.dsv
[0.411s] -- Installing: /home/aprs/aprs/aprs_ws/install/franka_gz/share/franka_gz/package.dsv
[0.411s] -- Up-to-date: /home/aprs/aprs/aprs_ws/install/franka_gz/share/ament_index/resource_index/packages/franka_gz
[0.412s] -- Up-to-date: /home/aprs/aprs/aprs_ws/install/franka_gz/share/franka_gz/cmake/franka_gzConfig.cmake
[0.412s] -- Up-to-date: /home/aprs/aprs/aprs_ws/install/franka_gz/share/franka_gz/cmake/franka_gzConfig-version.cmake
[0.413s] -- Up-to-date: /home/aprs/aprs/aprs_ws/install/franka_gz/share/franka_gz/package.xml
[0.439s] Invoked command in '/home/aprs/aprs/aprs_ws/build/franka_gz' returned '0': CMAKE_PREFIX_PATH=${CMAKE_PREFIX_PATH}:/home/aprs/aprs/aprs_ws/install/conveyor_controller:/opt/ros/humble /usr/bin/cmake --install /home/aprs/aprs/aprs_ws/build/franka_gz
