[0.180s] Invoking command in '/home/aprs/aprs/aprs_ws/build/imu_sensor_broadcaster': AMENT_PREFIX_PATH=/home/aprs/aprs/aprs_ws/install/controller_manager:/home/aprs/aprs/aprs_ws/install/controller_interface:/home/aprs/aprs/aprs_ws/install/hardware_interface:/home/aprs/aprs/aprs_ws/install/ros2_control_test_assets:/home/aprs/aprs/aprs_ws/install/controller_manager_msgs:/home/aprs/aprs/aprs_ws/install/control_msgs:${AMENT_PREFIX_PATH} CMAKE_PREFIX_PATH=/home/aprs/aprs/aprs_ws/install/controller_manager:/home/aprs/aprs/aprs_ws/install/controller_interface:/home/aprs/aprs/aprs_ws/install/hardware_interface:/home/aprs/aprs/aprs_ws/install/ros2_control_test_assets:/home/aprs/aprs/aprs_ws/install/controller_manager_msgs:/home/aprs/aprs/aprs_ws/install/control_msgs:/opt/ros/rolling LD_LIBRARY_PATH=/home/aprs/aprs/aprs_ws/install/controller_manager/lib:/home/aprs/aprs/aprs_ws/install/controller_interface/lib:/home/aprs/aprs/aprs_ws/install/hardware_interface/lib:/home/aprs/aprs/aprs_ws/install/ros2_control_test_assets/lib:/home/aprs/aprs/aprs_ws/install/controller_manager_msgs/lib:/home/aprs/aprs/aprs_ws/install/control_msgs/lib:${LD_LIBRARY_PATH} PYTHONPATH=/home/aprs/aprs/aprs_ws/install/controller_manager/lib/python3.10/site-packages:/home/aprs/aprs/aprs_ws/install/controller_manager_msgs/lib/python3.10/site-packages:/home/aprs/aprs/aprs_ws/install/control_msgs/lib/python3.10/site-packages:${PYTHONPATH} /usr/bin/cmake /home/aprs/aprs/aprs_ws/src/ros2_controllers/imu_sensor_broadcaster -DCMAKE_INSTALL_PREFIX=/home/aprs/aprs/aprs_ws/install/imu_sensor_broadcaster
[0.228s] -- The CXX compiler identification is GNU 11.4.0
[0.235s] -- Detecting CXX compiler ABI info
[0.312s] -- Detecting CXX compiler ABI info - done
[0.319s] -- Check for working CXX compiler: /usr/bin/c++ - skipped
[0.319s] -- Detecting CXX compile features
[0.319s] -- Detecting CXX compile features - done
[0.323s] -- Found ament_cmake: 2.2.1 (/opt/ros/rolling/share/ament_cmake/cmake)
[0.470s] -- Found Python3: /usr/bin/python3.10 (found version "3.10.12") found components: Interpreter 
[0.565s] -- Found backward_ros: 1.0.2 (/opt/ros/rolling/share/backward_ros/cmake)
[0.574s] -- Found libdw: /usr/lib/x86_64-linux-gnu/libdw.so  
[0.580s] -- Could NOT find libbfd (missing: LIBBFD_LIBRARY LIBBFD_INCLUDE_DIR) 
[0.580s] -- BACKWARD_HAS_UNWIND=1
[0.580s] -- BACKWARD_HAS_BACKTRACE=0
[0.580s] -- BACKWARD_HAS_BACKTRACE_SYMBOL=0
[0.580s] -- BACKWARD_HAS_DW=1
[0.580s] -- BACKWARD_HAS_BFD=0
[0.581s] -- Found Backward: /opt/ros/rolling/share/backward_ros/cmake  
[0.581s] -- Found controller_interface: 3.17.0 (/home/aprs/aprs/aprs_ws/install/controller_interface/share/controller_interface/cmake)
[0.620s] -- Found rosidl_generator_c: 4.3.0 (/opt/ros/rolling/share/rosidl_generator_c/cmake)
[0.634s] -- Found rosidl_generator_cpp: 4.3.0 (/opt/ros/rolling/share/rosidl_generator_cpp/cmake)
[0.652s] -- Using all available rosidl_typesupport_c: rosidl_typesupport_fastrtps_c;rosidl_typesupport_introspection_c
[0.673s] -- Using all available rosidl_typesupport_cpp: rosidl_typesupport_fastrtps_cpp;rosidl_typesupport_introspection_cpp
[1.490s] -- Found rmw_implementation_cmake: 7.2.1 (/opt/ros/rolling/share/rmw_implementation_cmake/cmake)
[1.495s] -- Found rmw_fastrtps_cpp: 7.3.0 (/opt/ros/rolling/share/rmw_fastrtps_cpp/cmake)
[1.586s] -- Found OpenSSL: /usr/lib/x86_64-linux-gnu/libcrypto.so (found version "3.0.2")  
[1.607s] -- Found FastRTPS: /opt/ros/rolling/include  
[1.641s] -- Using RMW implementation 'rmw_fastrtps_cpp' as default
[1.834s] -- Found generate_parameter_library: 0.3.3 (/opt/ros/rolling/share/generate_parameter_library/cmake)
[1.839s] -- Found parameter_traits: 0.3.3 (/opt/ros/rolling/share/parameter_traits/cmake)
[1.867s] -- Found realtime_tools: 2.5.0 (/opt/ros/rolling/share/realtime_tools/cmake)
[2.113s] -- Found ament_cmake_gmock: 2.2.1 (/opt/ros/rolling/share/ament_cmake_gmock/cmake)
[2.113s] -- Found controller_manager: 3.17.0 (/home/aprs/aprs/aprs_ws/install/controller_manager/share/controller_manager/cmake)
[2.403s] -- Found ros2_control_test_assets: 3.17.0 (/home/aprs/aprs/aprs_ws/install/ros2_control_test_assets/share/ros2_control_test_assets/cmake)
[2.405s] -- Found gmock sources under '/opt/ros/rolling/src/gmock_vendor': C++ tests using 'Google Mock' will be built
[2.466s] -- The C compiler identification is GNU 11.4.0
[2.473s] -- Detecting C compiler ABI info
[2.626s] -- Detecting C compiler ABI info - done
[2.637s] -- Check for working C compiler: /usr/bin/cc - skipped
[2.637s] -- Detecting C compile features
[2.637s] -- Detecting C compile features - done
[2.654s] -- Found ament_cmake_gtest: 2.2.1 (/opt/ros/rolling/share/ament_cmake_gtest/cmake)
[2.654s] -- Found gtest sources under '/opt/ros/rolling/src/gtest_vendor': C++ tests using 'Google Test' will be built
[2.670s] -- Found gmock sources under '/opt/ros/rolling/src/gmock_vendor': C++ tests using 'Google Mock' will be built
[2.670s] -- Found ament_cmake_gtest: 2.2.1 (/opt/ros/rolling/share/ament_cmake_gtest/cmake)
[2.670s] -- Found gtest sources under '/opt/ros/rolling/src/gtest_vendor': C++ tests using 'Google Test' will be built
[2.815s] -- Configuring done
[2.886s] -- Generating done
[2.890s] -- Build files have been written to: /home/aprs/aprs/aprs_ws/build/imu_sensor_broadcaster
[2.925s] Invoked command in '/home/aprs/aprs/aprs_ws/build/imu_sensor_broadcaster' returned '0': AMENT_PREFIX_PATH=/home/aprs/aprs/aprs_ws/install/controller_manager:/home/aprs/aprs/aprs_ws/install/controller_interface:/home/aprs/aprs/aprs_ws/install/hardware_interface:/home/aprs/aprs/aprs_ws/install/ros2_control_test_assets:/home/aprs/aprs/aprs_ws/install/controller_manager_msgs:/home/aprs/aprs/aprs_ws/install/control_msgs:${AMENT_PREFIX_PATH} CMAKE_PREFIX_PATH=/home/aprs/aprs/aprs_ws/install/controller_manager:/home/aprs/aprs/aprs_ws/install/controller_interface:/home/aprs/aprs/aprs_ws/install/hardware_interface:/home/aprs/aprs/aprs_ws/install/ros2_control_test_assets:/home/aprs/aprs/aprs_ws/install/controller_manager_msgs:/home/aprs/aprs/aprs_ws/install/control_msgs:/opt/ros/rolling LD_LIBRARY_PATH=/home/aprs/aprs/aprs_ws/install/controller_manager/lib:/home/aprs/aprs/aprs_ws/install/controller_interface/lib:/home/aprs/aprs/aprs_ws/install/hardware_interface/lib:/home/aprs/aprs/aprs_ws/install/ros2_control_test_assets/lib:/home/aprs/aprs/aprs_ws/install/controller_manager_msgs/lib:/home/aprs/aprs/aprs_ws/install/control_msgs/lib:${LD_LIBRARY_PATH} PYTHONPATH=/home/aprs/aprs/aprs_ws/install/controller_manager/lib/python3.10/site-packages:/home/aprs/aprs/aprs_ws/install/controller_manager_msgs/lib/python3.10/site-packages:/home/aprs/aprs/aprs_ws/install/control_msgs/lib/python3.10/site-packages:${PYTHONPATH} /usr/bin/cmake /home/aprs/aprs/aprs_ws/src/ros2_controllers/imu_sensor_broadcaster -DCMAKE_INSTALL_PREFIX=/home/aprs/aprs/aprs_ws/install/imu_sensor_broadcaster
[2.925s] Invoking command in '/home/aprs/aprs/aprs_ws/build/imu_sensor_broadcaster': AMENT_PREFIX_PATH=/home/aprs/aprs/aprs_ws/install/controller_manager:/home/aprs/aprs/aprs_ws/install/controller_interface:/home/aprs/aprs/aprs_ws/install/hardware_interface:/home/aprs/aprs/aprs_ws/install/ros2_control_test_assets:/home/aprs/aprs/aprs_ws/install/controller_manager_msgs:/home/aprs/aprs/aprs_ws/install/control_msgs:${AMENT_PREFIX_PATH} CMAKE_PREFIX_PATH=/home/aprs/aprs/aprs_ws/install/controller_manager:/home/aprs/aprs/aprs_ws/install/controller_interface:/home/aprs/aprs/aprs_ws/install/hardware_interface:/home/aprs/aprs/aprs_ws/install/ros2_control_test_assets:/home/aprs/aprs/aprs_ws/install/controller_manager_msgs:/home/aprs/aprs/aprs_ws/install/control_msgs:/opt/ros/rolling LD_LIBRARY_PATH=/home/aprs/aprs/aprs_ws/install/controller_manager/lib:/home/aprs/aprs/aprs_ws/install/controller_interface/lib:/home/aprs/aprs/aprs_ws/install/hardware_interface/lib:/home/aprs/aprs/aprs_ws/install/ros2_control_test_assets/lib:/home/aprs/aprs/aprs_ws/install/controller_manager_msgs/lib:/home/aprs/aprs/aprs_ws/install/control_msgs/lib:${LD_LIBRARY_PATH} PYTHONPATH=/home/aprs/aprs/aprs_ws/install/controller_manager/lib/python3.10/site-packages:/home/aprs/aprs/aprs_ws/install/controller_manager_msgs/lib/python3.10/site-packages:/home/aprs/aprs/aprs_ws/install/control_msgs/lib/python3.10/site-packages:${PYTHONPATH} /usr/bin/cmake --build /home/aprs/aprs/aprs_ws/build/imu_sensor_broadcaster -- -j16 -l16
[3.048s] [ 10%] [32mBuilding CXX object gmock/CMakeFiles/gmock.dir/opt/ros/rolling/src/gtest_vendor/src/gtest-all.cc.o[0m
[3.053s] [ 20%] [34m[1mRunning `/opt/ros/rolling/bin/generate_parameter_library_py /home/aprs/aprs/aprs_ws/build/imu_sensor_broadcaster/imu_sensor_broadcaster_parameters/include//imu_sensor_broadcaster_parameters.hpp /home/aprs/aprs/aprs_ws/src/ros2_controllers/imu_sensor_broadcaster/src/imu_sensor_broadcaster_parameters.yaml `[0m
[3.066s] [ 30%] [32mBuilding CXX object gmock/CMakeFiles/gmock.dir/src/gmock-all.cc.o[0m
[3.474s] [ 30%] Built target imu_sensor_broadcaster_parameters
[3.497s] [ 40%] [32mBuilding CXX object CMakeFiles/imu_sensor_broadcaster.dir/src/imu_sensor_broadcaster.cpp.o[0m
[9.759s] [ 50%] [32m[1mLinking CXX static library libgmock.a[0m
[9.827s] [ 50%] Built target gmock
[12.625s] [ 60%] [32m[1mLinking CXX shared library libimu_sensor_broadcaster.so[0m
[12.925s] [ 60%] Built target imu_sensor_broadcaster
[12.945s] [ 80%] [32mBuilding CXX object CMakeFiles/test_imu_sensor_broadcaster.dir/test/test_imu_sensor_broadcaster.cpp.o[0m
[12.945s] [ 80%] [32mBuilding CXX object CMakeFiles/test_load_imu_sensor_broadcaster.dir/test/test_load_imu_sensor_broadcaster.cpp.o[0m
[21.641s] [ 90%] [32m[1mLinking CXX executable test_load_imu_sensor_broadcaster[0m
[24.367s] [ 90%] Built target test_load_imu_sensor_broadcaster
[26.481s] [100%] [32m[1mLinking CXX executable test_imu_sensor_broadcaster[0m
[27.229s] [100%] Built target test_imu_sensor_broadcaster
[27.236s] Invoked command in '/home/aprs/aprs/aprs_ws/build/imu_sensor_broadcaster' returned '0': AMENT_PREFIX_PATH=/home/aprs/aprs/aprs_ws/install/controller_manager:/home/aprs/aprs/aprs_ws/install/controller_interface:/home/aprs/aprs/aprs_ws/install/hardware_interface:/home/aprs/aprs/aprs_ws/install/ros2_control_test_assets:/home/aprs/aprs/aprs_ws/install/controller_manager_msgs:/home/aprs/aprs/aprs_ws/install/control_msgs:${AMENT_PREFIX_PATH} CMAKE_PREFIX_PATH=/home/aprs/aprs/aprs_ws/install/controller_manager:/home/aprs/aprs/aprs_ws/install/controller_interface:/home/aprs/aprs/aprs_ws/install/hardware_interface:/home/aprs/aprs/aprs_ws/install/ros2_control_test_assets:/home/aprs/aprs/aprs_ws/install/controller_manager_msgs:/home/aprs/aprs/aprs_ws/install/control_msgs:/opt/ros/rolling LD_LIBRARY_PATH=/home/aprs/aprs/aprs_ws/install/controller_manager/lib:/home/aprs/aprs/aprs_ws/install/controller_interface/lib:/home/aprs/aprs/aprs_ws/install/hardware_interface/lib:/home/aprs/aprs/aprs_ws/install/ros2_control_test_assets/lib:/home/aprs/aprs/aprs_ws/install/controller_manager_msgs/lib:/home/aprs/aprs/aprs_ws/install/control_msgs/lib:${LD_LIBRARY_PATH} PYTHONPATH=/home/aprs/aprs/aprs_ws/install/controller_manager/lib/python3.10/site-packages:/home/aprs/aprs/aprs_ws/install/controller_manager_msgs/lib/python3.10/site-packages:/home/aprs/aprs/aprs_ws/install/control_msgs/lib/python3.10/site-packages:${PYTHONPATH} /usr/bin/cmake --build /home/aprs/aprs/aprs_ws/build/imu_sensor_broadcaster -- -j16 -l16
[27.276s] Invoking command in '/home/aprs/aprs/aprs_ws/build/imu_sensor_broadcaster': AMENT_PREFIX_PATH=/home/aprs/aprs/aprs_ws/install/controller_manager:/home/aprs/aprs/aprs_ws/install/controller_interface:/home/aprs/aprs/aprs_ws/install/hardware_interface:/home/aprs/aprs/aprs_ws/install/ros2_control_test_assets:/home/aprs/aprs/aprs_ws/install/controller_manager_msgs:/home/aprs/aprs/aprs_ws/install/control_msgs:${AMENT_PREFIX_PATH} CMAKE_PREFIX_PATH=/home/aprs/aprs/aprs_ws/install/controller_manager:/home/aprs/aprs/aprs_ws/install/controller_interface:/home/aprs/aprs/aprs_ws/install/hardware_interface:/home/aprs/aprs/aprs_ws/install/ros2_control_test_assets:/home/aprs/aprs/aprs_ws/install/controller_manager_msgs:/home/aprs/aprs/aprs_ws/install/control_msgs:/opt/ros/rolling LD_LIBRARY_PATH=/home/aprs/aprs/aprs_ws/install/controller_manager/lib:/home/aprs/aprs/aprs_ws/install/controller_interface/lib:/home/aprs/aprs/aprs_ws/install/hardware_interface/lib:/home/aprs/aprs/aprs_ws/install/ros2_control_test_assets/lib:/home/aprs/aprs/aprs_ws/install/controller_manager_msgs/lib:/home/aprs/aprs/aprs_ws/install/control_msgs/lib:${LD_LIBRARY_PATH} PYTHONPATH=/home/aprs/aprs/aprs_ws/install/controller_manager/lib/python3.10/site-packages:/home/aprs/aprs/aprs_ws/install/controller_manager_msgs/lib/python3.10/site-packages:/home/aprs/aprs/aprs_ws/install/control_msgs/lib/python3.10/site-packages:${PYTHONPATH} /usr/bin/cmake --install /home/aprs/aprs/aprs_ws/build/imu_sensor_broadcaster
[27.283s] -- Install configuration: ""
[27.283s] -- Installing: /home/aprs/aprs/aprs_ws/install/imu_sensor_broadcaster/include/imu_sensor_broadcaster_parameters
[27.284s] -- Installing: /home/aprs/aprs/aprs_ws/install/imu_sensor_broadcaster/include/imu_sensor_broadcaster_parameters/imu_sensor_broadcaster_parameters.hpp
[27.284s] -- Installing: /home/aprs/aprs/aprs_ws/install/imu_sensor_broadcaster/share/imu_sensor_broadcaster/imu_sensor_broadcaster.xml
[27.285s] -- Installing: /home/aprs/aprs/aprs_ws/install/imu_sensor_broadcaster/include/imu_sensor_broadcaster
[27.286s] -- Installing: /home/aprs/aprs/aprs_ws/install/imu_sensor_broadcaster/include/imu_sensor_broadcaster/imu_sensor_broadcaster
[27.286s] -- Installing: /home/aprs/aprs/aprs_ws/install/imu_sensor_broadcaster/include/imu_sensor_broadcaster/imu_sensor_broadcaster/visibility_control.h
[27.286s] -- Installing: /home/aprs/aprs/aprs_ws/install/imu_sensor_broadcaster/include/imu_sensor_broadcaster/imu_sensor_broadcaster/imu_sensor_broadcaster.hpp
[27.286s] -- Installing: /home/aprs/aprs/aprs_ws/install/imu_sensor_broadcaster/lib/libimu_sensor_broadcaster.so
[27.287s] -- Set runtime path of "/home/aprs/aprs/aprs_ws/install/imu_sensor_broadcaster/lib/libimu_sensor_broadcaster.so" to ""
[27.287s] -- Installing: /home/aprs/aprs/aprs_ws/install/imu_sensor_broadcaster/share/imu_sensor_broadcaster/environment/library_path.sh
[27.287s] -- Installing: /home/aprs/aprs/aprs_ws/install/imu_sensor_broadcaster/share/imu_sensor_broadcaster/environment/library_path.dsv
[27.287s] -- Installing: /home/aprs/aprs/aprs_ws/install/imu_sensor_broadcaster/share/ament_index/resource_index/package_run_dependencies/imu_sensor_broadcaster
[27.287s] -- Installing: /home/aprs/aprs/aprs_ws/install/imu_sensor_broadcaster/share/ament_index/resource_index/parent_prefix_path/imu_sensor_broadcaster
[27.287s] -- Installing: /home/aprs/aprs/aprs_ws/install/imu_sensor_broadcaster/share/imu_sensor_broadcaster/environment/ament_prefix_path.sh
[27.288s] -- Installing: /home/aprs/aprs/aprs_ws/install/imu_sensor_broadcaster/share/imu_sensor_broadcaster/environment/ament_prefix_path.dsv
[27.288s] -- Installing: /home/aprs/aprs/aprs_ws/install/imu_sensor_broadcaster/share/imu_sensor_broadcaster/environment/path.sh
[27.288s] -- Installing: /home/aprs/aprs/aprs_ws/install/imu_sensor_broadcaster/share/imu_sensor_broadcaster/environment/path.dsv
[27.289s] -- Installing: /home/aprs/aprs/aprs_ws/install/imu_sensor_broadcaster/share/imu_sensor_broadcaster/local_setup.bash
[27.289s] -- Installing: /home/aprs/aprs/aprs_ws/install/imu_sensor_broadcaster/share/imu_sensor_broadcaster/local_setup.sh
[27.289s] -- Installing: /home/aprs/aprs/aprs_ws/install/imu_sensor_broadcaster/share/imu_sensor_broadcaster/local_setup.zsh
[27.289s] -- Installing: /home/aprs/aprs/aprs_ws/install/imu_sensor_broadcaster/share/imu_sensor_broadcaster/local_setup.dsv
[27.290s] -- Installing: /home/aprs/aprs/aprs_ws/install/imu_sensor_broadcaster/share/imu_sensor_broadcaster/package.dsv
[27.290s] -- Installing: /home/aprs/aprs/aprs_ws/install/imu_sensor_broadcaster/share/ament_index/resource_index/packages/imu_sensor_broadcaster
[27.290s] -- Installing: /home/aprs/aprs/aprs_ws/install/imu_sensor_broadcaster/share/ament_index/resource_index/controller_interface__pluginlib__plugin/imu_sensor_broadcaster
[27.290s] -- Installing: /home/aprs/aprs/aprs_ws/install/imu_sensor_broadcaster/share/imu_sensor_broadcaster/cmake/export_imu_sensor_broadcasterExport.cmake
[27.290s] -- Installing: /home/aprs/aprs/aprs_ws/install/imu_sensor_broadcaster/share/imu_sensor_broadcaster/cmake/export_imu_sensor_broadcasterExport-noconfig.cmake
[27.290s] -- Installing: /home/aprs/aprs/aprs_ws/install/imu_sensor_broadcaster/share/imu_sensor_broadcaster/cmake/ament_cmake_export_targets-extras.cmake
[27.290s] -- Installing: /home/aprs/aprs/aprs_ws/install/imu_sensor_broadcaster/share/imu_sensor_broadcaster/cmake/ament_cmake_export_dependencies-extras.cmake
[27.290s] -- Installing: /home/aprs/aprs/aprs_ws/install/imu_sensor_broadcaster/share/imu_sensor_broadcaster/cmake/imu_sensor_broadcasterConfig.cmake
[27.290s] -- Installing: /home/aprs/aprs/aprs_ws/install/imu_sensor_broadcaster/share/imu_sensor_broadcaster/cmake/imu_sensor_broadcasterConfig-version.cmake
[27.290s] -- Installing: /home/aprs/aprs/aprs_ws/install/imu_sensor_broadcaster/share/imu_sensor_broadcaster/package.xml
[27.302s] Invoked command in '/home/aprs/aprs/aprs_ws/build/imu_sensor_broadcaster' returned '0': AMENT_PREFIX_PATH=/home/aprs/aprs/aprs_ws/install/controller_manager:/home/aprs/aprs/aprs_ws/install/controller_interface:/home/aprs/aprs/aprs_ws/install/hardware_interface:/home/aprs/aprs/aprs_ws/install/ros2_control_test_assets:/home/aprs/aprs/aprs_ws/install/controller_manager_msgs:/home/aprs/aprs/aprs_ws/install/control_msgs:${AMENT_PREFIX_PATH} CMAKE_PREFIX_PATH=/home/aprs/aprs/aprs_ws/install/controller_manager:/home/aprs/aprs/aprs_ws/install/controller_interface:/home/aprs/aprs/aprs_ws/install/hardware_interface:/home/aprs/aprs/aprs_ws/install/ros2_control_test_assets:/home/aprs/aprs/aprs_ws/install/controller_manager_msgs:/home/aprs/aprs/aprs_ws/install/control_msgs:/opt/ros/rolling LD_LIBRARY_PATH=/home/aprs/aprs/aprs_ws/install/controller_manager/lib:/home/aprs/aprs/aprs_ws/install/controller_interface/lib:/home/aprs/aprs/aprs_ws/install/hardware_interface/lib:/home/aprs/aprs/aprs_ws/install/ros2_control_test_assets/lib:/home/aprs/aprs/aprs_ws/install/controller_manager_msgs/lib:/home/aprs/aprs/aprs_ws/install/control_msgs/lib:${LD_LIBRARY_PATH} PYTHONPATH=/home/aprs/aprs/aprs_ws/install/controller_manager/lib/python3.10/site-packages:/home/aprs/aprs/aprs_ws/install/controller_manager_msgs/lib/python3.10/site-packages:/home/aprs/aprs/aprs_ws/install/control_msgs/lib/python3.10/site-packages:${PYTHONPATH} /usr/bin/cmake --install /home/aprs/aprs/aprs_ws/build/imu_sensor_broadcaster
