[0.732s] Invoking command in '/workspaces/aprs/aprs_ws/build/ur_client_library': CMAKE_PREFIX_PATH=${CMAKE_PREFIX_PATH}:/opt/ros/humble /usr/bin/cmake --build /workspaces/aprs/aprs_ws/build/ur_client_library -- -j16 -l16
[0.835s] [ 63%] Built target urcl
[0.887s] [ 67%] Built target primary_pipeline_example
[0.910s] [ 71%] Built target driver_example
[0.913s] [ 75%] Built target dashboard_example
[0.913s] [ 79%] Built target spline_example
[0.918s] [ 83%] Built target rtde_client_example
[0.925s] [ 91%] Built target tool_contact_example
[0.926s] [ 91%] Built target primary_pipeline_calibration_example
[0.940s] [ 95%] Built target force_mode_example
[0.951s] [100%] Built target freedrive_example
[1.287s] Invoked command in '/workspaces/aprs/aprs_ws/build/ur_client_library' returned '0': CMAKE_PREFIX_PATH=${CMAKE_PREFIX_PATH}:/opt/ros/humble /usr/bin/cmake --build /workspaces/aprs/aprs_ws/build/ur_client_library -- -j16 -l16
[2.178s] Invoking command in '/workspaces/aprs/aprs_ws/build/ur_client_library': CMAKE_PREFIX_PATH=${CMAKE_PREFIX_PATH}:/opt/ros/humble /usr/bin/cmake --install /workspaces/aprs/aprs_ws/build/ur_client_library
[2.529s] -- Install configuration: "RelWithDebInfo"
[2.529s] -- Up-to-date: /workspaces/aprs/aprs_ws/install/ur_client_library/lib/liburcl.so
[2.529s] -- Up-to-date: /workspaces/aprs/aprs_ws/install/ur_client_library/include
[2.529s] -- Up-to-date: /workspaces/aprs/aprs_ws/install/ur_client_library/include/ur_client_library
[2.530s] -- Up-to-date: /workspaces/aprs/aprs_ws/install/ur_client_library/include/ur_client_library/rtde
[2.530s] -- Up-to-date: /workspaces/aprs/aprs_ws/install/ur_client_library/include/ur_client_library/rtde/control_package_start.h
[2.530s] -- Up-to-date: /workspaces/aprs/aprs_ws/install/ur_client_library/include/ur_client_library/rtde/text_message.h
[2.530s] -- Up-to-date: /workspaces/aprs/aprs_ws/install/ur_client_library/include/ur_client_library/rtde/request_protocol_version.h
[2.530s] -- Up-to-date: /workspaces/aprs/aprs_ws/install/ur_client_library/include/ur_client_library/rtde/data_package.h
[2.530s] -- Up-to-date: /workspaces/aprs/aprs_ws/install/ur_client_library/include/ur_client_library/rtde/control_package_setup_outputs.h
[2.530s] -- Up-to-date: /workspaces/aprs/aprs_ws/install/ur_client_library/include/ur_client_library/rtde/package_header.h
[2.530s] -- Up-to-date: /workspaces/aprs/aprs_ws/install/ur_client_library/include/ur_client_library/rtde/control_package_setup_inputs.h
[2.530s] -- Up-to-date: /workspaces/aprs/aprs_ws/install/ur_client_library/include/ur_client_library/rtde/rtde_parser.h
[2.531s] -- Up-to-date: /workspaces/aprs/aprs_ws/install/ur_client_library/include/ur_client_library/rtde/get_urcontrol_version.h
[2.531s] -- Up-to-date: /workspaces/aprs/aprs_ws/install/ur_client_library/include/ur_client_library/rtde/rtde_writer.h
[2.531s] -- Up-to-date: /workspaces/aprs/aprs_ws/install/ur_client_library/include/ur_client_library/rtde/rtde_client.h
[2.531s] -- Up-to-date: /workspaces/aprs/aprs_ws/install/ur_client_library/include/ur_client_library/rtde/rtde_package.h
[2.531s] -- Up-to-date: /workspaces/aprs/aprs_ws/install/ur_client_library/include/ur_client_library/rtde/control_package_pause.h
[2.531s] -- Up-to-date: /workspaces/aprs/aprs_ws/install/ur_client_library/include/ur_client_library/default_log_handler.h
[2.531s] -- Up-to-date: /workspaces/aprs/aprs_ws/install/ur_client_library/include/ur_client_library/queue
[2.531s] -- Up-to-date: /workspaces/aprs/aprs_ws/install/ur_client_library/include/ur_client_library/queue/LICENSE.md
[2.531s] -- Up-to-date: /workspaces/aprs/aprs_ws/install/ur_client_library/include/ur_client_library/queue/atomicops.h
[2.532s] -- Up-to-date: /workspaces/aprs/aprs_ws/install/ur_client_library/include/ur_client_library/queue/readerwriterqueue.h
[2.532s] -- Up-to-date: /workspaces/aprs/aprs_ws/install/ur_client_library/include/ur_client_library/control
[2.532s] -- Up-to-date: /workspaces/aprs/aprs_ws/install/ur_client_library/include/ur_client_library/control/script_sender.h
[2.532s] -- Up-to-date: /workspaces/aprs/aprs_ws/install/ur_client_library/include/ur_client_library/control/reverse_interface.h
[2.532s] -- Up-to-date: /workspaces/aprs/aprs_ws/install/ur_client_library/include/ur_client_library/control/trajectory_point_interface.h
[2.532s] -- Up-to-date: /workspaces/aprs/aprs_ws/install/ur_client_library/include/ur_client_library/control/script_command_interface.h
[2.532s] -- Up-to-date: /workspaces/aprs/aprs_ws/install/ur_client_library/include/ur_client_library/helpers.h
[2.532s] -- Up-to-date: /workspaces/aprs/aprs_ws/install/ur_client_library/include/ur_client_library/log.h
[2.532s] -- Up-to-date: /workspaces/aprs/aprs_ws/install/ur_client_library/include/ur_client_library/types.h
[2.533s] -- Up-to-date: /workspaces/aprs/aprs_ws/install/ur_client_library/include/ur_client_library/exceptions.h
[2.533s] -- Up-to-date: /workspaces/aprs/aprs_ws/install/ur_client_library/include/ur_client_library/comm
[2.533s] -- Up-to-date: /workspaces/aprs/aprs_ws/install/ur_client_library/include/ur_client_library/comm/package_serializer.h
[2.533s] -- Up-to-date: /workspaces/aprs/aprs_ws/install/ur_client_library/include/ur_client_library/comm/stream.h
[2.533s] -- Up-to-date: /workspaces/aprs/aprs_ws/install/ur_client_library/include/ur_client_library/comm/control_mode.h
[2.533s] -- Up-to-date: /workspaces/aprs/aprs_ws/install/ur_client_library/include/ur_client_library/comm/bin_parser.h
[2.534s] -- Up-to-date: /workspaces/aprs/aprs_ws/install/ur_client_library/include/ur_client_library/comm/producer.h
[2.534s] -- Up-to-date: /workspaces/aprs/aprs_ws/install/ur_client_library/include/ur_client_library/comm/tcp_server.h
[2.534s] -- Up-to-date: /workspaces/aprs/aprs_ws/install/ur_client_library/include/ur_client_library/comm/parser.h
[2.534s] -- Up-to-date: /workspaces/aprs/aprs_ws/install/ur_client_library/include/ur_client_library/comm/package.h
[2.534s] -- Up-to-date: /workspaces/aprs/aprs_ws/install/ur_client_library/include/ur_client_library/comm/shell_consumer.h
[2.534s] -- Up-to-date: /workspaces/aprs/aprs_ws/install/ur_client_library/include/ur_client_library/comm/pipeline.h
[2.535s] -- Up-to-date: /workspaces/aprs/aprs_ws/install/ur_client_library/include/ur_client_library/comm/tcp_socket.h
[2.535s] -- Up-to-date: /workspaces/aprs/aprs_ws/install/ur_client_library/include/ur_client_library/ur
[2.535s] -- Up-to-date: /workspaces/aprs/aprs_ws/install/ur_client_library/include/ur_client_library/ur/datatypes.h
[2.535s] -- Up-to-date: /workspaces/aprs/aprs_ws/install/ur_client_library/include/ur_client_library/ur/calibration_checker.h
[2.536s] -- Up-to-date: /workspaces/aprs/aprs_ws/install/ur_client_library/include/ur_client_library/ur/version_information.h
[2.536s] -- Up-to-date: /workspaces/aprs/aprs_ws/install/ur_client_library/include/ur_client_library/ur/tool_communication.h
[2.536s] -- Up-to-date: /workspaces/aprs/aprs_ws/install/ur_client_library/include/ur_client_library/ur/dashboard_client.h
[2.536s] -- Up-to-date: /workspaces/aprs/aprs_ws/install/ur_client_library/include/ur_client_library/ur/ur_driver.h
[2.537s] -- Up-to-date: /workspaces/aprs/aprs_ws/install/ur_client_library/include/ur_client_library/primary
[2.537s] -- Up-to-date: /workspaces/aprs/aprs_ws/install/ur_client_library/include/ur_client_library/primary/primary_package.h
[2.537s] -- Up-to-date: /workspaces/aprs/aprs_ws/install/ur_client_library/include/ur_client_library/primary/robot_message.h
[2.537s] -- Up-to-date: /workspaces/aprs/aprs_ws/install/ur_client_library/include/ur_client_library/primary/robot_state
[2.538s] -- Up-to-date: /workspaces/aprs/aprs_ws/install/ur_client_library/include/ur_client_library/primary/robot_state/kinematics_info.h
[2.538s] -- Up-to-date: /workspaces/aprs/aprs_ws/install/ur_client_library/include/ur_client_library/primary/primary_parser.h
[2.538s] -- Up-to-date: /workspaces/aprs/aprs_ws/install/ur_client_library/include/ur_client_library/primary/abstract_primary_consumer.h
[2.538s] -- Up-to-date: /workspaces/aprs/aprs_ws/install/ur_client_library/include/ur_client_library/primary/package_header.h
[2.539s] -- Up-to-date: /workspaces/aprs/aprs_ws/install/ur_client_library/include/ur_client_library/primary/robot_message
[2.539s] -- Up-to-date: /workspaces/aprs/aprs_ws/install/ur_client_library/include/ur_client_library/primary/robot_message/version_message.h
[2.539s] -- Up-to-date: /workspaces/aprs/aprs_ws/install/ur_client_library/include/ur_client_library/primary/robot_state.h
[2.539s] -- Up-to-date: /workspaces/aprs/aprs_ws/install/ur_client_library/lib/cmake/ur_client_library/urclTargets.cmake
[2.540s] -- Up-to-date: /workspaces/aprs/aprs_ws/install/ur_client_library/lib/cmake/ur_client_library/urclTargets-relwithdebinfo.cmake
[2.540s] -- Up-to-date: /workspaces/aprs/aprs_ws/install/ur_client_library/lib/ur_client_library/start_ursim.sh
[2.540s] -- Up-to-date: /workspaces/aprs/aprs_ws/install/ur_client_library/lib/cmake/ur_client_library/ur_client_libraryConfig.cmake
[2.540s] -- Up-to-date: /workspaces/aprs/aprs_ws/install/ur_client_library/share/ur_client_library/package.xml
[2.540s] -- Up-to-date: /workspaces/aprs/aprs_ws/install/ur_client_library/share/ament_index/resource_index/packages/ur_client_library
[2.541s] -- Up-to-date: /workspaces/aprs/aprs_ws/install/ur_client_library/share/ur_client_library/hook/ament_prefix_path.dsv
[2.541s] -- Up-to-date: /workspaces/aprs/aprs_ws/install/ur_client_library/share/ur_client_library/hook/ros_package_path.dsv
[2.541s] -- Up-to-date: /workspaces/aprs/aprs_ws/install/ur_client_library/share/ur_client_library/resources
[2.541s] -- Up-to-date: /workspaces/aprs/aprs_ws/install/ur_client_library/share/ur_client_library/resources/external_control.urscript
[2.895s] Invoked command in '/workspaces/aprs/aprs_ws/build/ur_client_library' returned '0': CMAKE_PREFIX_PATH=${CMAKE_PREFIX_PATH}:/opt/ros/humble /usr/bin/cmake --install /workspaces/aprs/aprs_ws/build/ur_client_library
