[0.433s] Invoking command in '/workspaces/aprs/aprs_ws/build/camera_mount': CMAKE_PREFIX_PATH=${CMAKE_PREFIX_PATH}:/opt/ros/humble /usr/bin/cmake /workspaces/aprs/aprs_ws/src/assets/sensors/camera_mount -DCMAKE_INSTALL_PREFIX=/workspaces/aprs/aprs_ws/install/camera_mount
[0.552s] -- The C compiler identification is GNU 11.4.0
[0.680s] -- The CXX compiler identification is GNU 11.4.0
[0.693s] -- Detecting C compiler ABI info
[0.847s] -- Detecting C compiler ABI info - done
[0.864s] -- Check for working C compiler: /usr/bin/cc - skipped
[0.864s] -- Detecting C compile features
[0.864s] -- Detecting C compile features - done
[0.865s] -- Detecting CXX compiler ABI info
[1.038s] -- Detecting CXX compiler ABI info - done
[1.045s] -- Check for working CXX compiler: /usr/bin/c++ - skipped
[1.045s] -- Detecting CXX compile features
[1.045s] -- Detecting CXX compile features - done
[1.055s] -- Found ament_cmake: 1.3.6 (/opt/ros/humble/share/ament_cmake/cmake)
[1.441s] -- Found Python3: /usr/bin/python3.10 (found version "3.10.12") found components: Interpreter 
[1.679s] -- Found rosidl_default_runtime: 1.2.0 (/opt/ros/humble/share/rosidl_default_runtime/cmake)
[1.754s] -- Using all available rosidl_typesupport_c: rosidl_typesupport_fastrtps_c;rosidl_typesupport_introspection_c
[1.791s] -- Found rosidl_adapter: 3.1.5 (/opt/ros/humble/share/rosidl_adapter/cmake)
[1.969s] -- Using all available rosidl_typesupport_cpp: rosidl_typesupport_fastrtps_cpp;rosidl_typesupport_introspection_cpp
[2.482s] -- Configuring done
[2.493s] -- Generating done
[2.498s] -- Build files have been written to: /workspaces/aprs/aprs_ws/build/camera_mount
[2.539s] Invoked command in '/workspaces/aprs/aprs_ws/build/camera_mount' returned '0': CMAKE_PREFIX_PATH=${CMAKE_PREFIX_PATH}:/opt/ros/humble /usr/bin/cmake /workspaces/aprs/aprs_ws/src/assets/sensors/camera_mount -DCMAKE_INSTALL_PREFIX=/workspaces/aprs/aprs_ws/install/camera_mount
[2.540s] Invoking command in '/workspaces/aprs/aprs_ws/build/camera_mount': CMAKE_PREFIX_PATH=${CMAKE_PREFIX_PATH}:/opt/ros/humble /usr/bin/cmake --build /workspaces/aprs/aprs_ws/build/camera_mount -- -j16 -l16
[3.789s] Invoked command in '/workspaces/aprs/aprs_ws/build/camera_mount' returned '0': CMAKE_PREFIX_PATH=${CMAKE_PREFIX_PATH}:/opt/ros/humble /usr/bin/cmake --build /workspaces/aprs/aprs_ws/build/camera_mount -- -j16 -l16
[4.194s] Invoking command in '/workspaces/aprs/aprs_ws/build/camera_mount': CMAKE_PREFIX_PATH=${CMAKE_PREFIX_PATH}:/opt/ros/humble /usr/bin/cmake --install /workspaces/aprs/aprs_ws/build/camera_mount
[4.622s] -- Install configuration: ""
[4.623s] -- Installing: /workspaces/aprs/aprs_ws/install/camera_mount/share/camera_mount/meshes
[4.623s] -- Installing: /workspaces/aprs/aprs_ws/install/camera_mount/share/camera_mount/meshes/camera_mount.STL
[4.623s] -- Installing: /workspaces/aprs/aprs_ws/install/camera_mount/share/camera_mount/urdf
[4.623s] -- Installing: /workspaces/aprs/aprs_ws/install/camera_mount/share/camera_mount/urdf/camera_mount.urdf.xacro
[4.623s] -- Up-to-date: /workspaces/aprs/aprs_ws/install/camera_mount/share/camera_mount/urdf
[4.623s] -- Up-to-date: /workspaces/aprs/aprs_ws/install/camera_mount/share/camera_mount/urdf/camera_mount.urdf.xacro
[4.623s] -- Installing: /workspaces/aprs/aprs_ws/install/camera_mount/share/camera_mount/environment/camera_mount.dsv
[4.623s] -- Installing: /workspaces/aprs/aprs_ws/install/camera_mount/share/camera_mount/environment/camera_mount.sh
[4.623s] -- Installing: /workspaces/aprs/aprs_ws/install/camera_mount/share/ament_index/resource_index/package_run_dependencies/camera_mount
[4.623s] -- Installing: /workspaces/aprs/aprs_ws/install/camera_mount/share/ament_index/resource_index/parent_prefix_path/camera_mount
[4.623s] -- Installing: /workspaces/aprs/aprs_ws/install/camera_mount/share/camera_mount/environment/ament_prefix_path.sh
[4.623s] -- Installing: /workspaces/aprs/aprs_ws/install/camera_mount/share/camera_mount/environment/ament_prefix_path.dsv
[4.624s] -- Installing: /workspaces/aprs/aprs_ws/install/camera_mount/share/camera_mount/environment/path.sh
[4.624s] -- Installing: /workspaces/aprs/aprs_ws/install/camera_mount/share/camera_mount/environment/path.dsv
[4.624s] -- Installing: /workspaces/aprs/aprs_ws/install/camera_mount/share/camera_mount/local_setup.bash
[4.624s] -- Installing: /workspaces/aprs/aprs_ws/install/camera_mount/share/camera_mount/local_setup.sh
[4.624s] -- Installing: /workspaces/aprs/aprs_ws/install/camera_mount/share/camera_mount/local_setup.zsh
[4.624s] -- Installing: /workspaces/aprs/aprs_ws/install/camera_mount/share/camera_mount/local_setup.dsv
[4.624s] -- Installing: /workspaces/aprs/aprs_ws/install/camera_mount/share/camera_mount/package.dsv
[4.624s] -- Installing: /workspaces/aprs/aprs_ws/install/camera_mount/share/ament_index/resource_index/packages/camera_mount
[4.624s] -- Installing: /workspaces/aprs/aprs_ws/install/camera_mount/share/camera_mount/cmake/camera_mountConfig.cmake
[4.624s] -- Installing: /workspaces/aprs/aprs_ws/install/camera_mount/share/camera_mount/cmake/camera_mountConfig-version.cmake
[4.625s] -- Installing: /workspaces/aprs/aprs_ws/install/camera_mount/share/camera_mount/package.xml
[4.956s] Invoked command in '/workspaces/aprs/aprs_ws/build/camera_mount' returned '0': CMAKE_PREFIX_PATH=${CMAKE_PREFIX_PATH}:/opt/ros/humble /usr/bin/cmake --install /workspaces/aprs/aprs_ws/build/camera_mount
