[0.766s] Invoking command in '/workspaces/aprs/aprs_ws/build/ur_client_library': CMAKE_PREFIX_PATH=${CMAKE_PREFIX_PATH}:/opt/ros/humble /usr/bin/cmake /workspaces/aprs/aprs_ws/src/Universal_Robots_Client_Library -DCMAKE_INSTALL_PREFIX=/workspaces/aprs/aprs_ws/install/ur_client_library
[0.888s] -- The C compiler identification is GNU 11.4.0
[1.003s] -- The CXX compiler identification is GNU 11.4.0
[1.017s] -- Detecting C compiler ABI info
[1.210s] -- Detecting C compiler ABI info - done
[1.217s] -- Check for working C compiler: /usr/bin/cc - skipped
[1.218s] -- Detecting C compile features
[1.218s] -- Detecting C compile features - done
[1.223s] -- Detecting CXX compiler ABI info
[1.398s] -- Detecting CXX compiler ABI info - done
[1.408s] -- Check for working CXX compiler: /usr/bin/c++ - skipped
[1.409s] -- Detecting CXX compile features
[1.410s] -- Detecting CXX compile features - done
[1.411s] [0mur_client_library: You did not request a specific build type: selecting 'RelWithDebInfo'.[0m
[1.413s] -- Performing C++17 Test
[1.414s] -- Performing Test COMPILER_SUPPORTS_CXX17
[1.612s] -- Performing Test COMPILER_SUPPORTS_CXX17 - Success
[1.614s] -- Looking for pthread.h
[1.769s] -- Looking for pthread.h - found
[1.769s] -- Performing Test CMAKE_HAVE_LIBC_PTHREAD
[1.976s] -- Performing Test CMAKE_HAVE_LIBC_PTHREAD - Success
[1.977s] -- Found Threads: TRUE  
[1.977s] -- Building tests disabled.
[1.983s] -- Configuring done
[2.002s] -- Generating done
[2.003s] -- Build files have been written to: /workspaces/aprs/aprs_ws/build/ur_client_library
[2.011s] Invoked command in '/workspaces/aprs/aprs_ws/build/ur_client_library' returned '0': CMAKE_PREFIX_PATH=${CMAKE_PREFIX_PATH}:/opt/ros/humble /usr/bin/cmake /workspaces/aprs/aprs_ws/src/Universal_Robots_Client_Library -DCMAKE_INSTALL_PREFIX=/workspaces/aprs/aprs_ws/install/ur_client_library
[2.014s] Invoking command in '/workspaces/aprs/aprs_ws/build/ur_client_library': CMAKE_PREFIX_PATH=${CMAKE_PREFIX_PATH}:/opt/ros/humble /usr/bin/cmake --build /workspaces/aprs/aprs_ws/build/ur_client_library -- -j16 -l16
[2.870s] [  2%] [32mBuilding CXX object CMakeFiles/urcl.dir/src/comm/tcp_socket.cpp.o[0m
[2.870s] [  4%] [32mBuilding CXX object CMakeFiles/urcl.dir/src/control/trajectory_point_interface.cpp.o[0m
[2.871s] [  6%] [32mBuilding CXX object CMakeFiles/urcl.dir/src/comm/tcp_server.cpp.o[0m
[2.871s] [  8%] [32mBuilding CXX object CMakeFiles/urcl.dir/src/control/reverse_interface.cpp.o[0m
[2.871s] [ 10%] [32mBuilding CXX object CMakeFiles/urcl.dir/src/control/script_sender.cpp.o[0m
[2.871s] [ 12%] [32mBuilding CXX object CMakeFiles/urcl.dir/src/control/script_command_interface.cpp.o[0m
[2.871s] [ 14%] [32mBuilding CXX object CMakeFiles/urcl.dir/src/primary/primary_package.cpp.o[0m
[2.871s] [ 16%] [32mBuilding CXX object CMakeFiles/urcl.dir/src/primary/robot_state.cpp.o[0m
[2.871s] [ 18%] [32mBuilding CXX object CMakeFiles/urcl.dir/src/primary/robot_message/version_message.cpp.o[0m
[2.871s] [ 20%] [32mBuilding CXX object CMakeFiles/urcl.dir/src/primary/robot_message.cpp.o[0m
[2.871s] [ 24%] [32mBuilding CXX object CMakeFiles/urcl.dir/src/primary/robot_state/kinematics_info.cpp.o[0m
[2.871s] [ 24%] [32mBuilding CXX object CMakeFiles/urcl.dir/src/rtde/control_package_pause.cpp.o[0m
[2.871s] [ 26%] [32mBuilding CXX object CMakeFiles/urcl.dir/src/rtde/data_package.cpp.o[0m
[2.872s] [ 28%] [32mBuilding CXX object CMakeFiles/urcl.dir/src/rtde/control_package_setup_inputs.cpp.o[0m
[2.872s] [ 30%] [32mBuilding CXX object CMakeFiles/urcl.dir/src/rtde/control_package_setup_outputs.cpp.o[0m
[2.872s] [ 32%] [32mBuilding CXX object CMakeFiles/urcl.dir/src/rtde/control_package_start.cpp.o[0m
[3.408s] [ 34%] [32mBuilding CXX object CMakeFiles/urcl.dir/src/rtde/get_urcontrol_version.cpp.o[0m
[3.416s] [ 36%] [32mBuilding CXX object CMakeFiles/urcl.dir/src/rtde/request_protocol_version.cpp.o[0m
[3.527s] [ 38%] [32mBuilding CXX object CMakeFiles/urcl.dir/src/rtde/rtde_package.cpp.o[0m
[3.592s] [ 40%] [32mBuilding CXX object CMakeFiles/urcl.dir/src/rtde/rtde_client.cpp.o[0m
[3.613s] [ 42%] [32mBuilding CXX object CMakeFiles/urcl.dir/src/rtde/text_message.cpp.o[0m
[3.620s] [ 44%] [32mBuilding CXX object CMakeFiles/urcl.dir/src/ur/ur_driver.cpp.o[0m
[3.648s] [ 46%] [32mBuilding CXX object CMakeFiles/urcl.dir/src/ur/calibration_checker.cpp.o[0m
[3.695s] [ 48%] [32mBuilding CXX object CMakeFiles/urcl.dir/src/ur/dashboard_client.cpp.o[0m
[3.839s] [ 51%] [32mBuilding CXX object CMakeFiles/urcl.dir/src/ur/tool_communication.cpp.o[0m
[3.987s] [ 53%] [32mBuilding CXX object CMakeFiles/urcl.dir/src/ur/version_information.cpp.o[0m
[4.010s] [ 55%] [32mBuilding CXX object CMakeFiles/urcl.dir/src/rtde/rtde_writer.cpp.o[0m
[4.064s] [ 57%] [32mBuilding CXX object CMakeFiles/urcl.dir/src/default_log_handler.cpp.o[0m
[4.155s] [ 59%] [32mBuilding CXX object CMakeFiles/urcl.dir/src/log.cpp.o[0m
[4.295s] [ 61%] [32mBuilding CXX object CMakeFiles/urcl.dir/src/helpers.cpp.o[0m
[15.595s] [ 63%] [32m[1mLinking CXX shared library liburcl.so[0m
[16.922s] [ 63%] Built target urcl
[17.092s] [ 65%] [32mBuilding CXX object examples/CMakeFiles/driver_example.dir/full_driver.cpp.o[0m
[17.092s] [ 67%] [32mBuilding CXX object examples/CMakeFiles/primary_pipeline_example.dir/primary_pipeline.cpp.o[0m
[17.122s] [ 69%] [32mBuilding CXX object examples/CMakeFiles/primary_pipeline_calibration_example.dir/primary_pipeline_calibration.cpp.o[0m
[17.185s] [ 71%] [32mBuilding CXX object examples/CMakeFiles/dashboard_example.dir/dashboard_example.cpp.o[0m
[17.202s] [ 73%] [32mBuilding CXX object examples/CMakeFiles/rtde_client_example.dir/rtde_client.cpp.o[0m
[17.223s] [ 77%] [32mBuilding CXX object examples/CMakeFiles/tool_contact_example.dir/tool_contact_example.cpp.o[0m
[17.226s] [ 77%] [32mBuilding CXX object examples/CMakeFiles/spline_example.dir/spline_example.cpp.o[0m
[17.278s] [ 79%] [32mBuilding CXX object examples/CMakeFiles/force_mode_example.dir/force_mode_example.cpp.o[0m
[17.298s] [ 81%] [32mBuilding CXX object examples/CMakeFiles/freedrive_example.dir/freedrive_example.cpp.o[0m
[19.114s] [ 83%] [32m[1mLinking CXX executable dashboard_example[0m
[19.515s] [ 83%] Built target dashboard_example
[20.244s] [ 85%] [32m[1mLinking CXX executable rtde_client_example[0m
[20.280s] [ 87%] [32m[1mLinking CXX executable primary_pipeline_calibration_example[0m
[20.451s] [ 89%] [32m[1mLinking CXX executable driver_example[0m
[20.595s] [ 89%] Built target rtde_client_example
[20.652s] [ 91%] [32m[1mLinking CXX executable freedrive_example[0m
[20.661s] [ 91%] Built target primary_pipeline_calibration_example
[20.671s] [ 93%] [32m[1mLinking CXX executable force_mode_example[0m
[20.789s] [ 95%] [32m[1mLinking CXX executable primary_pipeline_example[0m
[20.837s] [ 95%] Built target driver_example
[20.990s] [ 97%] [32m[1mLinking CXX executable tool_contact_example[0m
[21.030s] [100%] [32m[1mLinking CXX executable spline_example[0m
[21.187s] [100%] Built target force_mode_example
[21.206s] [100%] Built target primary_pipeline_example
[21.225s] [100%] Built target freedrive_example
[21.357s] [100%] Built target tool_contact_example
[21.432s] [100%] Built target spline_example
[21.534s] Invoked command in '/workspaces/aprs/aprs_ws/build/ur_client_library' returned '0': CMAKE_PREFIX_PATH=${CMAKE_PREFIX_PATH}:/opt/ros/humble /usr/bin/cmake --build /workspaces/aprs/aprs_ws/build/ur_client_library -- -j16 -l16
[21.855s] Invoking command in '/workspaces/aprs/aprs_ws/build/ur_client_library': CMAKE_PREFIX_PATH=${CMAKE_PREFIX_PATH}:/opt/ros/humble /usr/bin/cmake --install /workspaces/aprs/aprs_ws/build/ur_client_library
[22.112s] -- Install configuration: "RelWithDebInfo"
[22.112s] -- Installing: /workspaces/aprs/aprs_ws/install/ur_client_library/lib/liburcl.so
[22.113s] -- Installing: /workspaces/aprs/aprs_ws/install/ur_client_library/include
[22.113s] -- Installing: /workspaces/aprs/aprs_ws/install/ur_client_library/include/ur_client_library
[22.113s] -- Installing: /workspaces/aprs/aprs_ws/install/ur_client_library/include/ur_client_library/rtde
[22.113s] -- Installing: /workspaces/aprs/aprs_ws/install/ur_client_library/include/ur_client_library/rtde/control_package_start.h
[22.113s] -- Installing: /workspaces/aprs/aprs_ws/install/ur_client_library/include/ur_client_library/rtde/text_message.h
[22.113s] -- Installing: /workspaces/aprs/aprs_ws/install/ur_client_library/include/ur_client_library/rtde/request_protocol_version.h
[22.113s] -- Installing: /workspaces/aprs/aprs_ws/install/ur_client_library/include/ur_client_library/rtde/data_package.h
[22.114s] -- Installing: /workspaces/aprs/aprs_ws/install/ur_client_library/include/ur_client_library/rtde/control_package_setup_outputs.h
[22.114s] -- Installing: /workspaces/aprs/aprs_ws/install/ur_client_library/include/ur_client_library/rtde/package_header.h
[22.114s] -- Installing: /workspaces/aprs/aprs_ws/install/ur_client_library/include/ur_client_library/rtde/control_package_setup_inputs.h
[22.114s] -- Installing: /workspaces/aprs/aprs_ws/install/ur_client_library/include/ur_client_library/rtde/rtde_parser.h
[22.114s] -- Installing: /workspaces/aprs/aprs_ws/install/ur_client_library/include/ur_client_library/rtde/get_urcontrol_version.h
[22.114s] -- Installing: /workspaces/aprs/aprs_ws/install/ur_client_library/include/ur_client_library/rtde/rtde_writer.h
[22.114s] -- Installing: /workspaces/aprs/aprs_ws/install/ur_client_library/include/ur_client_library/rtde/rtde_client.h
[22.114s] -- Installing: /workspaces/aprs/aprs_ws/install/ur_client_library/include/ur_client_library/rtde/rtde_package.h
[22.114s] -- Installing: /workspaces/aprs/aprs_ws/install/ur_client_library/include/ur_client_library/rtde/control_package_pause.h
[22.114s] -- Installing: /workspaces/aprs/aprs_ws/install/ur_client_library/include/ur_client_library/default_log_handler.h
[22.114s] -- Installing: /workspaces/aprs/aprs_ws/install/ur_client_library/include/ur_client_library/queue
[22.115s] -- Installing: /workspaces/aprs/aprs_ws/install/ur_client_library/include/ur_client_library/queue/LICENSE.md
[22.115s] -- Installing: /workspaces/aprs/aprs_ws/install/ur_client_library/include/ur_client_library/queue/atomicops.h
[22.115s] -- Installing: /workspaces/aprs/aprs_ws/install/ur_client_library/include/ur_client_library/queue/readerwriterqueue.h
[22.115s] -- Installing: /workspaces/aprs/aprs_ws/install/ur_client_library/include/ur_client_library/control
[22.115s] -- Installing: /workspaces/aprs/aprs_ws/install/ur_client_library/include/ur_client_library/control/script_sender.h
[22.115s] -- Installing: /workspaces/aprs/aprs_ws/install/ur_client_library/include/ur_client_library/control/reverse_interface.h
[22.115s] -- Installing: /workspaces/aprs/aprs_ws/install/ur_client_library/include/ur_client_library/control/trajectory_point_interface.h
[22.115s] -- Installing: /workspaces/aprs/aprs_ws/install/ur_client_library/include/ur_client_library/control/script_command_interface.h
[22.115s] -- Installing: /workspaces/aprs/aprs_ws/install/ur_client_library/include/ur_client_library/helpers.h
[22.115s] -- Installing: /workspaces/aprs/aprs_ws/install/ur_client_library/include/ur_client_library/log.h
[22.116s] -- Installing: /workspaces/aprs/aprs_ws/install/ur_client_library/include/ur_client_library/types.h
[22.116s] -- Installing: /workspaces/aprs/aprs_ws/install/ur_client_library/include/ur_client_library/exceptions.h
[22.120s] -- Installing: /workspaces/aprs/aprs_ws/install/ur_client_library/include/ur_client_library/comm
[22.121s] -- Installing: /workspaces/aprs/aprs_ws/install/ur_client_library/include/ur_client_library/comm/package_serializer.h
[22.121s] -- Installing: /workspaces/aprs/aprs_ws/install/ur_client_library/include/ur_client_library/comm/stream.h
[22.121s] -- Installing: /workspaces/aprs/aprs_ws/install/ur_client_library/include/ur_client_library/comm/control_mode.h
[22.121s] -- Installing: /workspaces/aprs/aprs_ws/install/ur_client_library/include/ur_client_library/comm/bin_parser.h
[22.121s] -- Installing: /workspaces/aprs/aprs_ws/install/ur_client_library/include/ur_client_library/comm/producer.h
[22.121s] -- Installing: /workspaces/aprs/aprs_ws/install/ur_client_library/include/ur_client_library/comm/tcp_server.h
[22.121s] -- Installing: /workspaces/aprs/aprs_ws/install/ur_client_library/include/ur_client_library/comm/parser.h
[22.121s] -- Installing: /workspaces/aprs/aprs_ws/install/ur_client_library/include/ur_client_library/comm/package.h
[22.121s] -- Installing: /workspaces/aprs/aprs_ws/install/ur_client_library/include/ur_client_library/comm/shell_consumer.h
[22.121s] -- Installing: /workspaces/aprs/aprs_ws/install/ur_client_library/include/ur_client_library/comm/pipeline.h
[22.122s] -- Installing: /workspaces/aprs/aprs_ws/install/ur_client_library/include/ur_client_library/comm/tcp_socket.h
[22.122s] -- Installing: /workspaces/aprs/aprs_ws/install/ur_client_library/include/ur_client_library/ur
[22.122s] -- Installing: /workspaces/aprs/aprs_ws/install/ur_client_library/include/ur_client_library/ur/datatypes.h
[22.122s] -- Installing: /workspaces/aprs/aprs_ws/install/ur_client_library/include/ur_client_library/ur/calibration_checker.h
[22.122s] -- Installing: /workspaces/aprs/aprs_ws/install/ur_client_library/include/ur_client_library/ur/version_information.h
[22.122s] -- Installing: /workspaces/aprs/aprs_ws/install/ur_client_library/include/ur_client_library/ur/tool_communication.h
[22.122s] -- Installing: /workspaces/aprs/aprs_ws/install/ur_client_library/include/ur_client_library/ur/dashboard_client.h
[22.122s] -- Installing: /workspaces/aprs/aprs_ws/install/ur_client_library/include/ur_client_library/ur/ur_driver.h
[22.122s] -- Installing: /workspaces/aprs/aprs_ws/install/ur_client_library/include/ur_client_library/primary
[22.122s] -- Installing: /workspaces/aprs/aprs_ws/install/ur_client_library/include/ur_client_library/primary/primary_package.h
[22.122s] -- Installing: /workspaces/aprs/aprs_ws/install/ur_client_library/include/ur_client_library/primary/robot_message.h
[22.122s] -- Installing: /workspaces/aprs/aprs_ws/install/ur_client_library/include/ur_client_library/primary/robot_state
[22.123s] -- Installing: /workspaces/aprs/aprs_ws/install/ur_client_library/include/ur_client_library/primary/robot_state/kinematics_info.h
[22.123s] -- Installing: /workspaces/aprs/aprs_ws/install/ur_client_library/include/ur_client_library/primary/primary_parser.h
[22.123s] -- Installing: /workspaces/aprs/aprs_ws/install/ur_client_library/include/ur_client_library/primary/abstract_primary_consumer.h
[22.123s] -- Installing: /workspaces/aprs/aprs_ws/install/ur_client_library/include/ur_client_library/primary/package_header.h
[22.123s] -- Installing: /workspaces/aprs/aprs_ws/install/ur_client_library/include/ur_client_library/primary/robot_message
[22.124s] -- Installing: /workspaces/aprs/aprs_ws/install/ur_client_library/include/ur_client_library/primary/robot_message/version_message.h
[22.124s] -- Installing: /workspaces/aprs/aprs_ws/install/ur_client_library/include/ur_client_library/primary/robot_state.h
[22.124s] -- Installing: /workspaces/aprs/aprs_ws/install/ur_client_library/lib/cmake/ur_client_library/urclTargets.cmake
[22.124s] -- Installing: /workspaces/aprs/aprs_ws/install/ur_client_library/lib/cmake/ur_client_library/urclTargets-relwithdebinfo.cmake
[22.124s] -- Installing: /workspaces/aprs/aprs_ws/install/ur_client_library/lib/ur_client_library/start_ursim.sh
[22.124s] -- Installing: /workspaces/aprs/aprs_ws/install/ur_client_library/lib/cmake/ur_client_library/ur_client_libraryConfig.cmake
[22.124s] -- Installing: /workspaces/aprs/aprs_ws/install/ur_client_library/share/ur_client_library/package.xml
[22.124s] -- Installing: /workspaces/aprs/aprs_ws/install/ur_client_library/share/ament_index/resource_index/packages/ur_client_library
[22.124s] -- Installing: /workspaces/aprs/aprs_ws/install/ur_client_library/share/ur_client_library/hook/ament_prefix_path.dsv
[22.124s] -- Installing: /workspaces/aprs/aprs_ws/install/ur_client_library/share/ur_client_library/hook/ros_package_path.dsv
[22.124s] -- Installing: /workspaces/aprs/aprs_ws/install/ur_client_library/share/ur_client_library/resources
[22.124s] -- Installing: /workspaces/aprs/aprs_ws/install/ur_client_library/share/ur_client_library/resources/external_control.urscript
[22.230s] Invoked command in '/workspaces/aprs/aprs_ws/build/ur_client_library' returned '0': CMAKE_PREFIX_PATH=${CMAKE_PREFIX_PATH}:/opt/ros/humble /usr/bin/cmake --install /workspaces/aprs/aprs_ws/build/ur_client_library
