[0.201s] Invoking command in '/workspaces/aprs/aprs_ws/build/table_description': CMAKE_PREFIX_PATH=${CMAKE_PREFIX_PATH}:/opt/ros/humble /usr/bin/cmake --build /workspaces/aprs/aprs_ws/build/table_description -- -j16 -l16
[0.383s] Invoked command in '/workspaces/aprs/aprs_ws/build/table_description' returned '0': CMAKE_PREFIX_PATH=${CMAKE_PREFIX_PATH}:/opt/ros/humble /usr/bin/cmake --build /workspaces/aprs/aprs_ws/build/table_description -- -j16 -l16
[0.517s] Invoking command in '/workspaces/aprs/aprs_ws/build/table_description': CMAKE_PREFIX_PATH=${CMAKE_PREFIX_PATH}:/opt/ros/humble /usr/bin/cmake --install /workspaces/aprs/aprs_ws/build/table_description
[0.551s] -- Install configuration: ""
[0.551s] -- Up-to-date: /workspaces/aprs/aprs_ws/install/table_description/share/table_description/meshes
[0.551s] -- Up-to-date: /workspaces/aprs/aprs_ws/install/table_description/share/table_description/meshes/visual
[0.551s] -- Up-to-date: /workspaces/aprs/aprs_ws/install/table_description/share/table_description/meshes/visual/table.stl
[0.551s] -- Up-to-date: /workspaces/aprs/aprs_ws/install/table_description/share/table_description/meshes/collision
[0.551s] -- Up-to-date: /workspaces/aprs/aprs_ws/install/table_description/share/table_description/meshes/collision/table.stl
[0.551s] -- Up-to-date: /workspaces/aprs/aprs_ws/install/table_description/share/table_description/urdf
[0.551s] -- Up-to-date: /workspaces/aprs/aprs_ws/install/table_description/share/table_description/urdf/table.urdf.xacro
[0.551s] -- Up-to-date: /workspaces/aprs/aprs_ws/install/table_description/share/ament_index/resource_index/package_run_dependencies/table_description
[0.552s] -- Up-to-date: /workspaces/aprs/aprs_ws/install/table_description/share/ament_index/resource_index/parent_prefix_path/table_description
[0.552s] -- Up-to-date: /workspaces/aprs/aprs_ws/install/table_description/share/table_description/environment/ament_prefix_path.sh
[0.552s] -- Up-to-date: /workspaces/aprs/aprs_ws/install/table_description/share/table_description/environment/ament_prefix_path.dsv
[0.552s] -- Up-to-date: /workspaces/aprs/aprs_ws/install/table_description/share/table_description/environment/path.sh
[0.552s] -- Up-to-date: /workspaces/aprs/aprs_ws/install/table_description/share/table_description/environment/path.dsv
[0.552s] -- Up-to-date: /workspaces/aprs/aprs_ws/install/table_description/share/table_description/local_setup.bash
[0.552s] -- Up-to-date: /workspaces/aprs/aprs_ws/install/table_description/share/table_description/local_setup.sh
[0.552s] -- Up-to-date: /workspaces/aprs/aprs_ws/install/table_description/share/table_description/local_setup.zsh
[0.552s] -- Up-to-date: /workspaces/aprs/aprs_ws/install/table_description/share/table_description/local_setup.dsv
[0.552s] -- Installing: /workspaces/aprs/aprs_ws/install/table_description/share/table_description/package.dsv
[0.552s] -- Up-to-date: /workspaces/aprs/aprs_ws/install/table_description/share/ament_index/resource_index/packages/table_description
[0.552s] -- Up-to-date: /workspaces/aprs/aprs_ws/install/table_description/share/table_description/cmake/table_descriptionConfig.cmake
[0.552s] -- Up-to-date: /workspaces/aprs/aprs_ws/install/table_description/share/table_description/cmake/table_descriptionConfig-version.cmake
[0.552s] -- Up-to-date: /workspaces/aprs/aprs_ws/install/table_description/share/table_description/package.xml
[1.049s] Invoked command in '/workspaces/aprs/aprs_ws/build/table_description' returned '0': CMAKE_PREFIX_PATH=${CMAKE_PREFIX_PATH}:/opt/ros/humble /usr/bin/cmake --install /workspaces/aprs/aprs_ws/build/table_description
