[0.035s] Invoking command in '/workspaces/aprs/aprs_ws/build/ur_moveit_config': CMAKE_PREFIX_PATH=/workspaces/aprs/aprs_ws/install/ur_description:/workspaces/aprs/aprs_ws/install/ur_setup:/workspaces/aprs/aprs_ws/install/ur_moveit_config:/workspaces/aprs/aprs_ws/install/ur_gz:/workspaces/aprs/aprs_ws/install/ur:/workspaces/aprs/aprs_ws/install/moveit_resources_panda_moveit_config:/workspaces/aprs/aprs_ws/install/moveit_resources_panda_description:/workspaces/aprs/aprs_ws/install/moveit_resources_fanuc_moveit_config:/workspaces/aprs/aprs_ws/install/moveit_resources_fanuc_description:/workspaces/aprs/aprs_ws/install/gz_ros2_control_tests:/workspaces/aprs/aprs_ws/install/gz_ros2_control_demos:/workspaces/aprs/aprs_ws/install/franka_gz:/workspaces/aprs/aprs_ws/install/gz_ros2_control:/workspaces/aprs/aprs_ws/install/franka_description:/opt/ros/rolling /usr/bin/cmake --build /workspaces/aprs/aprs_ws/build/ur_moveit_config -- -j16 -l16
[0.068s] Built target ament_cmake_python_copy_ur_moveit_config
[0.291s] running egg_info
[0.292s] writing ur_moveit_config.egg-info/PKG-INFO
[0.292s] writing dependency_links to ur_moveit_config.egg-info/dependency_links.txt
[0.292s] writing top-level names to ur_moveit_config.egg-info/top_level.txt
[0.296s] reading manifest file 'ur_moveit_config.egg-info/SOURCES.txt'
[0.296s] writing manifest file 'ur_moveit_config.egg-info/SOURCES.txt'
[0.300s] running install_scripts
[0.301s] /usr/lib/python3/dist-packages/setuptools/command/install.py:34: SetuptoolsDeprecationWarning: setup.py install is deprecated. Use build and pip and other standards-based tools.
[0.301s]   warnings.warn(
[0.319s] running egg_info
[0.320s] writing ur_moveit_config.egg-info/PKG-INFO
[0.320s] writing dependency_links to ur_moveit_config.egg-info/dependency_links.txt
[0.320s] writing top-level names to ur_moveit_config.egg-info/top_level.txt
[0.321s] reading manifest file 'ur_moveit_config.egg-info/SOURCES.txt'
[0.322s] writing manifest file 'ur_moveit_config.egg-info/SOURCES.txt'
[0.322s] Built target ament_cmake_python_build_ur_moveit_config_egg
[0.359s] Built target ament_cmake_python_build_ur_moveit_config_scripts
[0.368s] Invoked command in '/workspaces/aprs/aprs_ws/build/ur_moveit_config' returned '0': CMAKE_PREFIX_PATH=/workspaces/aprs/aprs_ws/install/ur_description:/workspaces/aprs/aprs_ws/install/ur_setup:/workspaces/aprs/aprs_ws/install/ur_moveit_config:/workspaces/aprs/aprs_ws/install/ur_gz:/workspaces/aprs/aprs_ws/install/ur:/workspaces/aprs/aprs_ws/install/moveit_resources_panda_moveit_config:/workspaces/aprs/aprs_ws/install/moveit_resources_panda_description:/workspaces/aprs/aprs_ws/install/moveit_resources_fanuc_moveit_config:/workspaces/aprs/aprs_ws/install/moveit_resources_fanuc_description:/workspaces/aprs/aprs_ws/install/gz_ros2_control_tests:/workspaces/aprs/aprs_ws/install/gz_ros2_control_demos:/workspaces/aprs/aprs_ws/install/franka_gz:/workspaces/aprs/aprs_ws/install/gz_ros2_control:/workspaces/aprs/aprs_ws/install/franka_description:/opt/ros/rolling /usr/bin/cmake --build /workspaces/aprs/aprs_ws/build/ur_moveit_config -- -j16 -l16
[0.382s] Invoking command in '/workspaces/aprs/aprs_ws/build/ur_moveit_config': CMAKE_PREFIX_PATH=/workspaces/aprs/aprs_ws/install/ur_description:/workspaces/aprs/aprs_ws/install/ur_setup:/workspaces/aprs/aprs_ws/install/ur_moveit_config:/workspaces/aprs/aprs_ws/install/ur_gz:/workspaces/aprs/aprs_ws/install/ur:/workspaces/aprs/aprs_ws/install/moveit_resources_panda_moveit_config:/workspaces/aprs/aprs_ws/install/moveit_resources_panda_description:/workspaces/aprs/aprs_ws/install/moveit_resources_fanuc_moveit_config:/workspaces/aprs/aprs_ws/install/moveit_resources_fanuc_description:/workspaces/aprs/aprs_ws/install/gz_ros2_control_tests:/workspaces/aprs/aprs_ws/install/gz_ros2_control_demos:/workspaces/aprs/aprs_ws/install/franka_gz:/workspaces/aprs/aprs_ws/install/gz_ros2_control:/workspaces/aprs/aprs_ws/install/franka_description:/opt/ros/rolling /usr/bin/cmake --install /workspaces/aprs/aprs_ws/build/ur_moveit_config
[0.388s] -- Install configuration: ""
[0.388s] -- Up-to-date: /workspaces/aprs/aprs_ws/install/ur_moveit_config/share/ur_moveit_config/config
[0.388s] -- Up-to-date: /workspaces/aprs/aprs_ws/install/ur_moveit_config/share/ur_moveit_config/config/kinematics.yaml
[0.389s] -- Up-to-date: /workspaces/aprs/aprs_ws/install/ur_moveit_config/share/ur_moveit_config/config/controllers.yaml
[0.389s] -- Up-to-date: /workspaces/aprs/aprs_ws/install/ur_moveit_config/share/ur_moveit_config/config/joint_limits.yaml
[0.389s] -- Up-to-date: /workspaces/aprs/aprs_ws/install/ur_moveit_config/share/ur_moveit_config/config/ompl_planning.yaml
[0.389s] -- Up-to-date: /workspaces/aprs/aprs_ws/install/ur_moveit_config/share/ur_moveit_config/launch
[0.389s] -- Installing: /workspaces/aprs/aprs_ws/install/ur_moveit_config/share/ur_moveit_config/launch/ur_moveit.launch.py
[0.389s] -- Up-to-date: /workspaces/aprs/aprs_ws/install/ur_moveit_config/share/ur_moveit_config/srdf
[0.389s] -- Up-to-date: /workspaces/aprs/aprs_ws/install/ur_moveit_config/share/ur_moveit_config/srdf/ur.srdf
[0.389s] -- Up-to-date: /workspaces/aprs/aprs_ws/install/ur_moveit_config/share/ur_moveit_config/rviz
[0.389s] -- Up-to-date: /workspaces/aprs/aprs_ws/install/ur_moveit_config/share/ur_moveit_config/rviz/moveit.rviz
[0.389s] -- Up-to-date: /workspaces/aprs/aprs_ws/install/ur_moveit_config/share/ur_moveit_config/environment/pythonpath.sh
[0.389s] -- Up-to-date: /workspaces/aprs/aprs_ws/install/ur_moveit_config/share/ur_moveit_config/environment/pythonpath.dsv
[0.389s] -- Up-to-date: /workspaces/aprs/aprs_ws/install/ur_moveit_config/lib/python3.10/site-packages/ur_moveit_config-0.0.0-py3.10.egg-info
[0.389s] -- Installing: /workspaces/aprs/aprs_ws/install/ur_moveit_config/lib/python3.10/site-packages/ur_moveit_config-0.0.0-py3.10.egg-info/dependency_links.txt
[0.389s] -- Installing: /workspaces/aprs/aprs_ws/install/ur_moveit_config/lib/python3.10/site-packages/ur_moveit_config-0.0.0-py3.10.egg-info/PKG-INFO
[0.389s] -- Installing: /workspaces/aprs/aprs_ws/install/ur_moveit_config/lib/python3.10/site-packages/ur_moveit_config-0.0.0-py3.10.egg-info/SOURCES.txt
[0.389s] -- Installing: /workspaces/aprs/aprs_ws/install/ur_moveit_config/lib/python3.10/site-packages/ur_moveit_config-0.0.0-py3.10.egg-info/top_level.txt
[0.389s] -- Up-to-date: /workspaces/aprs/aprs_ws/install/ur_moveit_config/lib/ur_moveit_config/
[0.389s] -- Up-to-date: /workspaces/aprs/aprs_ws/install/ur_moveit_config/lib/python3.10/site-packages/ur_moveit_config
[0.389s] -- Up-to-date: /workspaces/aprs/aprs_ws/install/ur_moveit_config/lib/python3.10/site-packages/ur_moveit_config/__init__.py
[0.389s] -- Up-to-date: /workspaces/aprs/aprs_ws/install/ur_moveit_config/lib/python3.10/site-packages/ur_moveit_config/parameters.py
[0.410s] Listing '/workspaces/aprs/aprs_ws/install/ur_moveit_config/lib/python3.10/site-packages/ur_moveit_config'...
[0.413s] -- Up-to-date: /workspaces/aprs/aprs_ws/install/ur_moveit_config/share/ament_index/resource_index/package_run_dependencies/ur_moveit_config
[0.414s] -- Up-to-date: /workspaces/aprs/aprs_ws/install/ur_moveit_config/share/ament_index/resource_index/parent_prefix_path/ur_moveit_config
[0.414s] -- Up-to-date: /workspaces/aprs/aprs_ws/install/ur_moveit_config/share/ur_moveit_config/environment/ament_prefix_path.sh
[0.414s] -- Up-to-date: /workspaces/aprs/aprs_ws/install/ur_moveit_config/share/ur_moveit_config/environment/ament_prefix_path.dsv
[0.414s] -- Up-to-date: /workspaces/aprs/aprs_ws/install/ur_moveit_config/share/ur_moveit_config/environment/path.sh
[0.414s] -- Up-to-date: /workspaces/aprs/aprs_ws/install/ur_moveit_config/share/ur_moveit_config/environment/path.dsv
[0.414s] -- Up-to-date: /workspaces/aprs/aprs_ws/install/ur_moveit_config/share/ur_moveit_config/local_setup.bash
[0.414s] -- Up-to-date: /workspaces/aprs/aprs_ws/install/ur_moveit_config/share/ur_moveit_config/local_setup.sh
[0.414s] -- Up-to-date: /workspaces/aprs/aprs_ws/install/ur_moveit_config/share/ur_moveit_config/local_setup.zsh
[0.414s] -- Up-to-date: /workspaces/aprs/aprs_ws/install/ur_moveit_config/share/ur_moveit_config/local_setup.dsv
[0.414s] -- Installing: /workspaces/aprs/aprs_ws/install/ur_moveit_config/share/ur_moveit_config/package.dsv
[0.414s] -- Up-to-date: /workspaces/aprs/aprs_ws/install/ur_moveit_config/share/ament_index/resource_index/packages/ur_moveit_config
[0.414s] -- Up-to-date: /workspaces/aprs/aprs_ws/install/ur_moveit_config/share/ur_moveit_config/cmake/ur_moveit_configConfig.cmake
[0.414s] -- Up-to-date: /workspaces/aprs/aprs_ws/install/ur_moveit_config/share/ur_moveit_config/cmake/ur_moveit_configConfig-version.cmake
[0.414s] -- Up-to-date: /workspaces/aprs/aprs_ws/install/ur_moveit_config/share/ur_moveit_config/package.xml
[0.418s] Invoked command in '/workspaces/aprs/aprs_ws/build/ur_moveit_config' returned '0': CMAKE_PREFIX_PATH=/workspaces/aprs/aprs_ws/install/ur_description:/workspaces/aprs/aprs_ws/install/ur_setup:/workspaces/aprs/aprs_ws/install/ur_moveit_config:/workspaces/aprs/aprs_ws/install/ur_gz:/workspaces/aprs/aprs_ws/install/ur:/workspaces/aprs/aprs_ws/install/moveit_resources_panda_moveit_config:/workspaces/aprs/aprs_ws/install/moveit_resources_panda_description:/workspaces/aprs/aprs_ws/install/moveit_resources_fanuc_moveit_config:/workspaces/aprs/aprs_ws/install/moveit_resources_fanuc_description:/workspaces/aprs/aprs_ws/install/gz_ros2_control_tests:/workspaces/aprs/aprs_ws/install/gz_ros2_control_demos:/workspaces/aprs/aprs_ws/install/franka_gz:/workspaces/aprs/aprs_ws/install/gz_ros2_control:/workspaces/aprs/aprs_ws/install/franka_description:/opt/ros/rolling /usr/bin/cmake --install /workspaces/aprs/aprs_ws/build/ur_moveit_config
