[0.117s] Invoking command in '/workspaces/aprs_humble/aprs_ws/build/joint_limits': CMAKE_PREFIX_PATH=${CMAKE_PREFIX_PATH}:/workspaces/aprs_humble/aprs_ws/install/rqt_controller_manager:/workspaces/aprs_humble/aprs_ws/install/ros2controlcli:/opt/ros/humble /usr/bin/cmake --build /workspaces/aprs_humble/aprs_ws/build/joint_limits -- -j16 -l16
[0.241s] [ 33%] Built target gtest_main
[0.241s] [ 66%] Built target gtest
[0.254s] [100%] Built target joint_limits_rosparam_test
[0.362s] Invoked command in '/workspaces/aprs_humble/aprs_ws/build/joint_limits' returned '0': CMAKE_PREFIX_PATH=${CMAKE_PREFIX_PATH}:/workspaces/aprs_humble/aprs_ws/install/rqt_controller_manager:/workspaces/aprs_humble/aprs_ws/install/ros2controlcli:/opt/ros/humble /usr/bin/cmake --build /workspaces/aprs_humble/aprs_ws/build/joint_limits -- -j16 -l16
[0.558s] Invoking command in '/workspaces/aprs_humble/aprs_ws/build/joint_limits': CMAKE_PREFIX_PATH=${CMAKE_PREFIX_PATH}:/workspaces/aprs_humble/aprs_ws/install/rqt_controller_manager:/workspaces/aprs_humble/aprs_ws/install/ros2controlcli:/opt/ros/humble /usr/bin/cmake --install /workspaces/aprs_humble/aprs_ws/build/joint_limits
[0.568s] -- Install configuration: ""
[0.568s] -- Up-to-date: /workspaces/aprs_humble/aprs_ws/install/joint_limits/include
[0.568s] -- Up-to-date: /workspaces/aprs_humble/aprs_ws/install/joint_limits/include/joint_limits
[0.568s] -- Up-to-date: /workspaces/aprs_humble/aprs_ws/install/joint_limits/include/joint_limits/joint_limits_rosparam.hpp
[0.568s] -- Up-to-date: /workspaces/aprs_humble/aprs_ws/install/joint_limits/include/joint_limits/joint_limits.hpp
[0.569s] -- Up-to-date: /workspaces/aprs_humble/aprs_ws/install/joint_limits/lib/joint_limits/joint_limits_rosparam_test
[0.569s] -- Up-to-date: /workspaces/aprs_humble/aprs_ws/install/joint_limits/share/joint_limits/test/joint_limits_rosparam.yaml
[0.569s] -- Up-to-date: /workspaces/aprs_humble/aprs_ws/install/joint_limits/share/ament_index/resource_index/package_run_dependencies/joint_limits
[0.569s] -- Up-to-date: /workspaces/aprs_humble/aprs_ws/install/joint_limits/share/ament_index/resource_index/parent_prefix_path/joint_limits
[0.569s] -- Up-to-date: /workspaces/aprs_humble/aprs_ws/install/joint_limits/share/joint_limits/environment/ament_prefix_path.sh
[0.569s] -- Up-to-date: /workspaces/aprs_humble/aprs_ws/install/joint_limits/share/joint_limits/environment/ament_prefix_path.dsv
[0.569s] -- Up-to-date: /workspaces/aprs_humble/aprs_ws/install/joint_limits/share/joint_limits/environment/path.sh
[0.569s] -- Up-to-date: /workspaces/aprs_humble/aprs_ws/install/joint_limits/share/joint_limits/environment/path.dsv
[0.572s] -- Up-to-date: /workspaces/aprs_humble/aprs_ws/install/joint_limits/share/joint_limits/local_setup.bash
[0.572s] -- Up-to-date: /workspaces/aprs_humble/aprs_ws/install/joint_limits/share/joint_limits/local_setup.sh
[0.572s] -- Up-to-date: /workspaces/aprs_humble/aprs_ws/install/joint_limits/share/joint_limits/local_setup.zsh
[0.573s] -- Up-to-date: /workspaces/aprs_humble/aprs_ws/install/joint_limits/share/joint_limits/local_setup.dsv
[0.573s] -- Up-to-date: /workspaces/aprs_humble/aprs_ws/install/joint_limits/share/joint_limits/package.dsv
[0.573s] -- Up-to-date: /workspaces/aprs_humble/aprs_ws/install/joint_limits/share/ament_index/resource_index/packages/joint_limits
[0.573s] -- Up-to-date: /workspaces/aprs_humble/aprs_ws/install/joint_limits/share/joint_limits/cmake/ament_cmake_export_dependencies-extras.cmake
[0.574s] -- Up-to-date: /workspaces/aprs_humble/aprs_ws/install/joint_limits/share/joint_limits/cmake/ament_cmake_export_include_directories-extras.cmake
[0.574s] -- Up-to-date: /workspaces/aprs_humble/aprs_ws/install/joint_limits/share/joint_limits/cmake/joint_limitsConfig.cmake
[0.574s] -- Up-to-date: /workspaces/aprs_humble/aprs_ws/install/joint_limits/share/joint_limits/cmake/joint_limitsConfig-version.cmake
[0.575s] -- Up-to-date: /workspaces/aprs_humble/aprs_ws/install/joint_limits/share/joint_limits/package.xml
[0.667s] Invoked command in '/workspaces/aprs_humble/aprs_ws/build/joint_limits' returned '0': CMAKE_PREFIX_PATH=${CMAKE_PREFIX_PATH}:/workspaces/aprs_humble/aprs_ws/install/rqt_controller_manager:/workspaces/aprs_humble/aprs_ws/install/ros2controlcli:/opt/ros/humble /usr/bin/cmake --install /workspaces/aprs_humble/aprs_ws/build/joint_limits
