[0.737s] Invoking command in '/workspaces/aprs/aprs_ws/build/camera_mount': CMAKE_PREFIX_PATH=${CMAKE_PREFIX_PATH}:/opt/ros/humble /usr/bin/cmake --build /workspaces/aprs/aprs_ws/build/camera_mount -- -j16 -l16
[0.883s] Invoked command in '/workspaces/aprs/aprs_ws/build/camera_mount' returned '0': CMAKE_PREFIX_PATH=${CMAKE_PREFIX_PATH}:/opt/ros/humble /usr/bin/cmake --build /workspaces/aprs/aprs_ws/build/camera_mount -- -j16 -l16
[0.971s] Invoking command in '/workspaces/aprs/aprs_ws/build/camera_mount': CMAKE_PREFIX_PATH=${CMAKE_PREFIX_PATH}:/opt/ros/humble /usr/bin/cmake --install /workspaces/aprs/aprs_ws/build/camera_mount
[1.014s] -- Install configuration: ""
[1.014s] -- Up-to-date: /workspaces/aprs/aprs_ws/install/camera_mount/share/camera_mount/meshes
[1.014s] -- Up-to-date: /workspaces/aprs/aprs_ws/install/camera_mount/share/camera_mount/meshes/camera_mount.STL
[1.014s] -- Up-to-date: /workspaces/aprs/aprs_ws/install/camera_mount/share/camera_mount/urdf
[1.014s] -- Up-to-date: /workspaces/aprs/aprs_ws/install/camera_mount/share/camera_mount/urdf/camera_mount.urdf.xacro
[1.014s] -- Up-to-date: /workspaces/aprs/aprs_ws/install/camera_mount/share/camera_mount/urdf
[1.015s] -- Up-to-date: /workspaces/aprs/aprs_ws/install/camera_mount/share/camera_mount/urdf/camera_mount.urdf.xacro
[1.015s] -- Up-to-date: /workspaces/aprs/aprs_ws/install/camera_mount/share/camera_mount/environment/camera_mount.dsv
[1.015s] -- Up-to-date: /workspaces/aprs/aprs_ws/install/camera_mount/share/camera_mount/environment/camera_mount.sh
[1.015s] -- Up-to-date: /workspaces/aprs/aprs_ws/install/camera_mount/share/ament_index/resource_index/package_run_dependencies/camera_mount
[1.015s] -- Up-to-date: /workspaces/aprs/aprs_ws/install/camera_mount/share/ament_index/resource_index/parent_prefix_path/camera_mount
[1.015s] -- Up-to-date: /workspaces/aprs/aprs_ws/install/camera_mount/share/camera_mount/environment/ament_prefix_path.sh
[1.015s] -- Up-to-date: /workspaces/aprs/aprs_ws/install/camera_mount/share/camera_mount/environment/ament_prefix_path.dsv
[1.015s] -- Up-to-date: /workspaces/aprs/aprs_ws/install/camera_mount/share/camera_mount/environment/path.sh
[1.015s] -- Up-to-date: /workspaces/aprs/aprs_ws/install/camera_mount/share/camera_mount/environment/path.dsv
[1.015s] -- Up-to-date: /workspaces/aprs/aprs_ws/install/camera_mount/share/camera_mount/local_setup.bash
[1.016s] -- Up-to-date: /workspaces/aprs/aprs_ws/install/camera_mount/share/camera_mount/local_setup.sh
[1.016s] -- Up-to-date: /workspaces/aprs/aprs_ws/install/camera_mount/share/camera_mount/local_setup.zsh
[1.016s] -- Up-to-date: /workspaces/aprs/aprs_ws/install/camera_mount/share/camera_mount/local_setup.dsv
[1.016s] -- Installing: /workspaces/aprs/aprs_ws/install/camera_mount/share/camera_mount/package.dsv
[1.016s] -- Up-to-date: /workspaces/aprs/aprs_ws/install/camera_mount/share/ament_index/resource_index/packages/camera_mount
[1.016s] -- Up-to-date: /workspaces/aprs/aprs_ws/install/camera_mount/share/camera_mount/cmake/camera_mountConfig.cmake
[1.016s] -- Up-to-date: /workspaces/aprs/aprs_ws/install/camera_mount/share/camera_mount/cmake/camera_mountConfig-version.cmake
[1.016s] -- Up-to-date: /workspaces/aprs/aprs_ws/install/camera_mount/share/camera_mount/package.xml
[1.232s] Invoked command in '/workspaces/aprs/aprs_ws/build/camera_mount' returned '0': CMAKE_PREFIX_PATH=${CMAKE_PREFIX_PATH}:/opt/ros/humble /usr/bin/cmake --install /workspaces/aprs/aprs_ws/build/camera_mount
