[0.020s] Invoking command in '/home/aprs/aprs/aprs_ws/build/ur_controllers': AMENT_PREFIX_PATH=/home/aprs/aprs/aprs_ws/install/joint_trajectory_controller:/home/aprs/aprs/aprs_ws/install/controller_interface:/home/aprs/aprs/aprs_ws/install/hardware_interface:/home/aprs/aprs/aprs_ws/install/ur_msgs:/home/aprs/aprs/aprs_ws/install/ur_dashboard_msgs:/home/aprs/aprs/aprs_ws/install/control_msgs:${AMENT_PREFIX_PATH} CMAKE_PREFIX_PATH=/home/aprs/aprs/aprs_ws/install/joint_trajectory_controller:/home/aprs/aprs/aprs_ws/install/controller_interface:/home/aprs/aprs/aprs_ws/install/hardware_interface:/home/aprs/aprs/aprs_ws/install/ur_msgs:/home/aprs/aprs/aprs_ws/install/ur_dashboard_msgs:/home/aprs/aprs/aprs_ws/install/control_msgs:/opt/ros/rolling LD_LIBRARY_PATH=/home/aprs/aprs/aprs_ws/install/joint_trajectory_controller/lib:/home/aprs/aprs/aprs_ws/install/controller_interface/lib:/home/aprs/aprs/aprs_ws/install/hardware_interface/lib:/home/aprs/aprs/aprs_ws/install/ur_msgs/lib:/home/aprs/aprs/aprs_ws/install/ur_dashboard_msgs/lib:/home/aprs/aprs/aprs_ws/install/control_msgs/lib:${LD_LIBRARY_PATH} PYTHONPATH=/home/aprs/aprs/aprs_ws/install/ur_msgs/lib/python3.10/site-packages:/home/aprs/aprs/aprs_ws/install/ur_dashboard_msgs/lib/python3.10/site-packages:/home/aprs/aprs/aprs_ws/install/control_msgs/lib/python3.10/site-packages:${PYTHONPATH} /usr/bin/cmake /home/aprs/aprs/aprs_ws/src/Universal_Robots_ROS2_Driver/ur_controllers -DCMAKE_INSTALL_PREFIX=/home/aprs/aprs/aprs_ws/install/ur_controllers
[0.059s] -- The C compiler identification is GNU 11.4.0
[0.100s] -- The CXX compiler identification is GNU 11.4.0
[0.107s] -- Detecting C compiler ABI info
[0.159s] -- Detecting C compiler ABI info - done
[0.166s] -- Check for working C compiler: /usr/bin/cc - skipped
[0.167s] -- Detecting C compile features
[0.167s] -- Detecting C compile features - done
[0.170s] -- Detecting CXX compiler ABI info
[0.227s] -- Detecting CXX compiler ABI info - done
[0.232s] -- Check for working CXX compiler: /usr/bin/c++ - skipped
[0.232s] -- Detecting CXX compile features
[0.232s] -- Detecting CXX compile features - done
[0.234s] -- Found ament_cmake: 2.2.1 (/opt/ros/rolling/share/ament_cmake/cmake)
[0.372s] -- Found Python3: /usr/bin/python3.10 (found version "3.10.12") found components: Interpreter 
[0.458s] -- Found angles: 1.16.0 (/opt/ros/rolling/share/angles/cmake)
[0.460s] -- Found controller_interface: 3.17.0 (/home/aprs/aprs/aprs_ws/install/controller_interface/share/controller_interface/cmake)
[0.500s] -- Found rosidl_generator_c: 4.3.0 (/opt/ros/rolling/share/rosidl_generator_c/cmake)
[0.514s] -- Found rosidl_generator_cpp: 4.3.0 (/opt/ros/rolling/share/rosidl_generator_cpp/cmake)
[0.532s] -- Using all available rosidl_typesupport_c: rosidl_typesupport_fastrtps_c;rosidl_typesupport_introspection_c
[0.554s] -- Using all available rosidl_typesupport_cpp: rosidl_typesupport_fastrtps_cpp;rosidl_typesupport_introspection_cpp
[1.359s] -- Found rmw_implementation_cmake: 7.2.1 (/opt/ros/rolling/share/rmw_implementation_cmake/cmake)
[1.362s] -- Found rmw_fastrtps_cpp: 7.3.0 (/opt/ros/rolling/share/rmw_fastrtps_cpp/cmake)
[1.440s] -- Found OpenSSL: /usr/lib/x86_64-linux-gnu/libcrypto.so (found version "3.0.2")  
[1.471s] -- Found FastRTPS: /opt/ros/rolling/include  
[1.521s] -- Using RMW implementation 'rmw_fastrtps_cpp' as default
[1.778s] -- Found joint_trajectory_controller: 3.13.0 (/home/aprs/aprs/aprs_ws/install/joint_trajectory_controller/share/joint_trajectory_controller/cmake)
[1.981s] -- Found parameter_traits: 0.3.3 (/opt/ros/rolling/share/parameter_traits/cmake)
[2.054s] -- Found std_srvs: 5.2.0 (/opt/ros/rolling/share/std_srvs/cmake)
[2.103s] -- Found ur_dashboard_msgs: 2.3.2 (/home/aprs/aprs/aprs_ws/install/ur_dashboard_msgs/share/ur_dashboard_msgs/cmake)
[2.268s] -- Found ur_msgs: 2.0.0 (/home/aprs/aprs/aprs_ws/install/ur_msgs/share/ur_msgs/cmake)
[2.432s] -- Configuring done
[2.447s] -- Generating done
[2.449s] -- Build files have been written to: /home/aprs/aprs/aprs_ws/build/ur_controllers
[2.469s] Invoked command in '/home/aprs/aprs/aprs_ws/build/ur_controllers' returned '0': AMENT_PREFIX_PATH=/home/aprs/aprs/aprs_ws/install/joint_trajectory_controller:/home/aprs/aprs/aprs_ws/install/controller_interface:/home/aprs/aprs/aprs_ws/install/hardware_interface:/home/aprs/aprs/aprs_ws/install/ur_msgs:/home/aprs/aprs/aprs_ws/install/ur_dashboard_msgs:/home/aprs/aprs/aprs_ws/install/control_msgs:${AMENT_PREFIX_PATH} CMAKE_PREFIX_PATH=/home/aprs/aprs/aprs_ws/install/joint_trajectory_controller:/home/aprs/aprs/aprs_ws/install/controller_interface:/home/aprs/aprs/aprs_ws/install/hardware_interface:/home/aprs/aprs/aprs_ws/install/ur_msgs:/home/aprs/aprs/aprs_ws/install/ur_dashboard_msgs:/home/aprs/aprs/aprs_ws/install/control_msgs:/opt/ros/rolling LD_LIBRARY_PATH=/home/aprs/aprs/aprs_ws/install/joint_trajectory_controller/lib:/home/aprs/aprs/aprs_ws/install/controller_interface/lib:/home/aprs/aprs/aprs_ws/install/hardware_interface/lib:/home/aprs/aprs/aprs_ws/install/ur_msgs/lib:/home/aprs/aprs/aprs_ws/install/ur_dashboard_msgs/lib:/home/aprs/aprs/aprs_ws/install/control_msgs/lib:${LD_LIBRARY_PATH} PYTHONPATH=/home/aprs/aprs/aprs_ws/install/ur_msgs/lib/python3.10/site-packages:/home/aprs/aprs/aprs_ws/install/ur_dashboard_msgs/lib/python3.10/site-packages:/home/aprs/aprs/aprs_ws/install/control_msgs/lib/python3.10/site-packages:${PYTHONPATH} /usr/bin/cmake /home/aprs/aprs/aprs_ws/src/Universal_Robots_ROS2_Driver/ur_controllers -DCMAKE_INSTALL_PREFIX=/home/aprs/aprs/aprs_ws/install/ur_controllers
[2.469s] Invoking command in '/home/aprs/aprs/aprs_ws/build/ur_controllers': AMENT_PREFIX_PATH=/home/aprs/aprs/aprs_ws/install/joint_trajectory_controller:/home/aprs/aprs/aprs_ws/install/controller_interface:/home/aprs/aprs/aprs_ws/install/hardware_interface:/home/aprs/aprs/aprs_ws/install/ur_msgs:/home/aprs/aprs/aprs_ws/install/ur_dashboard_msgs:/home/aprs/aprs/aprs_ws/install/control_msgs:${AMENT_PREFIX_PATH} CMAKE_PREFIX_PATH=/home/aprs/aprs/aprs_ws/install/joint_trajectory_controller:/home/aprs/aprs/aprs_ws/install/controller_interface:/home/aprs/aprs/aprs_ws/install/hardware_interface:/home/aprs/aprs/aprs_ws/install/ur_msgs:/home/aprs/aprs/aprs_ws/install/ur_dashboard_msgs:/home/aprs/aprs/aprs_ws/install/control_msgs:/opt/ros/rolling LD_LIBRARY_PATH=/home/aprs/aprs/aprs_ws/install/joint_trajectory_controller/lib:/home/aprs/aprs/aprs_ws/install/controller_interface/lib:/home/aprs/aprs/aprs_ws/install/hardware_interface/lib:/home/aprs/aprs/aprs_ws/install/ur_msgs/lib:/home/aprs/aprs/aprs_ws/install/ur_dashboard_msgs/lib:/home/aprs/aprs/aprs_ws/install/control_msgs/lib:${LD_LIBRARY_PATH} PYTHONPATH=/home/aprs/aprs/aprs_ws/install/ur_msgs/lib/python3.10/site-packages:/home/aprs/aprs/aprs_ws/install/ur_dashboard_msgs/lib/python3.10/site-packages:/home/aprs/aprs/aprs_ws/install/control_msgs/lib/python3.10/site-packages:${PYTHONPATH} /usr/bin/cmake --build /home/aprs/aprs/aprs_ws/build/ur_controllers -- -j16 -l16
[2.503s] [ 14%] [34m[1mRunning `/opt/ros/rolling/bin/generate_parameter_library_py /home/aprs/aprs/aprs_ws/build/ur_controllers/gpio_controller_parameters/include//gpio_controller_parameters.hpp /home/aprs/aprs/aprs_ws/src/Universal_Robots_ROS2_Driver/ur_controllers/src/gpio_controller_parameters.yaml `[0m
[2.509s] [ 28%] [34m[1mRunning `/opt/ros/rolling/bin/generate_parameter_library_py /home/aprs/aprs/aprs_ws/build/ur_controllers/speed_scaling_state_broadcaster_parameters/include//speed_scaling_state_broadcaster_parameters.hpp /home/aprs/aprs/aprs_ws/src/Universal_Robots_ROS2_Driver/ur_controllers/src/speed_scaling_state_broadcaster_parameters.yaml `[0m
[2.513s] [ 42%] [34m[1mRunning `/opt/ros/rolling/bin/generate_parameter_library_py /home/aprs/aprs/aprs_ws/build/ur_controllers/scaled_joint_trajectory_controller_parameters/include//scaled_joint_trajectory_controller_parameters.hpp /home/aprs/aprs/aprs_ws/src/Universal_Robots_ROS2_Driver/ur_controllers/src/scaled_joint_trajectory_controller_parameters.yaml `[0m
[2.598s] [ 42%] Built target gpio_controller_parameters
[2.651s] [ 42%] Built target scaled_joint_trajectory_controller_parameters
[2.663s] [ 42%] Built target speed_scaling_state_broadcaster_parameters
[2.680s] [ 71%] [32mBuilding CXX object CMakeFiles/ur_controllers.dir/src/scaled_joint_trajectory_controller.cpp.o[0m
[2.680s] [ 71%] [32mBuilding CXX object CMakeFiles/ur_controllers.dir/src/gpio_controller.cpp.o[0m
[2.684s] [ 85%] [32mBuilding CXX object CMakeFiles/ur_controllers.dir/src/speed_scaling_state_broadcaster.cpp.o[0m
[9.527s] [100%] [32m[1mLinking CXX shared library libur_controllers.so[0m
[10.007s] [100%] Built target ur_controllers
[10.014s] Invoked command in '/home/aprs/aprs/aprs_ws/build/ur_controllers' returned '0': AMENT_PREFIX_PATH=/home/aprs/aprs/aprs_ws/install/joint_trajectory_controller:/home/aprs/aprs/aprs_ws/install/controller_interface:/home/aprs/aprs/aprs_ws/install/hardware_interface:/home/aprs/aprs/aprs_ws/install/ur_msgs:/home/aprs/aprs/aprs_ws/install/ur_dashboard_msgs:/home/aprs/aprs/aprs_ws/install/control_msgs:${AMENT_PREFIX_PATH} CMAKE_PREFIX_PATH=/home/aprs/aprs/aprs_ws/install/joint_trajectory_controller:/home/aprs/aprs/aprs_ws/install/controller_interface:/home/aprs/aprs/aprs_ws/install/hardware_interface:/home/aprs/aprs/aprs_ws/install/ur_msgs:/home/aprs/aprs/aprs_ws/install/ur_dashboard_msgs:/home/aprs/aprs/aprs_ws/install/control_msgs:/opt/ros/rolling LD_LIBRARY_PATH=/home/aprs/aprs/aprs_ws/install/joint_trajectory_controller/lib:/home/aprs/aprs/aprs_ws/install/controller_interface/lib:/home/aprs/aprs/aprs_ws/install/hardware_interface/lib:/home/aprs/aprs/aprs_ws/install/ur_msgs/lib:/home/aprs/aprs/aprs_ws/install/ur_dashboard_msgs/lib:/home/aprs/aprs/aprs_ws/install/control_msgs/lib:${LD_LIBRARY_PATH} PYTHONPATH=/home/aprs/aprs/aprs_ws/install/ur_msgs/lib/python3.10/site-packages:/home/aprs/aprs/aprs_ws/install/ur_dashboard_msgs/lib/python3.10/site-packages:/home/aprs/aprs/aprs_ws/install/control_msgs/lib/python3.10/site-packages:${PYTHONPATH} /usr/bin/cmake --build /home/aprs/aprs/aprs_ws/build/ur_controllers -- -j16 -l16
[10.029s] Invoking command in '/home/aprs/aprs/aprs_ws/build/ur_controllers': AMENT_PREFIX_PATH=/home/aprs/aprs/aprs_ws/install/joint_trajectory_controller:/home/aprs/aprs/aprs_ws/install/controller_interface:/home/aprs/aprs/aprs_ws/install/hardware_interface:/home/aprs/aprs/aprs_ws/install/ur_msgs:/home/aprs/aprs/aprs_ws/install/ur_dashboard_msgs:/home/aprs/aprs/aprs_ws/install/control_msgs:${AMENT_PREFIX_PATH} CMAKE_PREFIX_PATH=/home/aprs/aprs/aprs_ws/install/joint_trajectory_controller:/home/aprs/aprs/aprs_ws/install/controller_interface:/home/aprs/aprs/aprs_ws/install/hardware_interface:/home/aprs/aprs/aprs_ws/install/ur_msgs:/home/aprs/aprs/aprs_ws/install/ur_dashboard_msgs:/home/aprs/aprs/aprs_ws/install/control_msgs:/opt/ros/rolling LD_LIBRARY_PATH=/home/aprs/aprs/aprs_ws/install/joint_trajectory_controller/lib:/home/aprs/aprs/aprs_ws/install/controller_interface/lib:/home/aprs/aprs/aprs_ws/install/hardware_interface/lib:/home/aprs/aprs/aprs_ws/install/ur_msgs/lib:/home/aprs/aprs/aprs_ws/install/ur_dashboard_msgs/lib:/home/aprs/aprs/aprs_ws/install/control_msgs/lib:${LD_LIBRARY_PATH} PYTHONPATH=/home/aprs/aprs/aprs_ws/install/ur_msgs/lib/python3.10/site-packages:/home/aprs/aprs/aprs_ws/install/ur_dashboard_msgs/lib/python3.10/site-packages:/home/aprs/aprs/aprs_ws/install/control_msgs/lib/python3.10/site-packages:${PYTHONPATH} /usr/bin/cmake --install /home/aprs/aprs/aprs_ws/build/ur_controllers
[10.033s] -- Install configuration: ""
[10.033s] -- Installing: /home/aprs/aprs/aprs_ws/install/ur_controllers/include/gpio_controller_parameters
[10.033s] -- Installing: /home/aprs/aprs/aprs_ws/install/ur_controllers/include/gpio_controller_parameters/gpio_controller_parameters.hpp
[10.033s] -- Installing: /home/aprs/aprs/aprs_ws/install/ur_controllers/include/speed_scaling_state_broadcaster_parameters
[10.033s] -- Installing: /home/aprs/aprs/aprs_ws/install/ur_controllers/include/speed_scaling_state_broadcaster_parameters/speed_scaling_state_broadcaster_parameters.hpp
[10.033s] -- Installing: /home/aprs/aprs/aprs_ws/install/ur_controllers/include/scaled_joint_trajectory_controller_parameters
[10.033s] -- Installing: /home/aprs/aprs/aprs_ws/install/ur_controllers/include/scaled_joint_trajectory_controller_parameters/scaled_joint_trajectory_controller_parameters.hpp
[10.033s] -- Installing: /home/aprs/aprs/aprs_ws/install/ur_controllers/share/ur_controllers/controller_plugins.xml
[10.033s] -- Installing: /home/aprs/aprs/aprs_ws/install/ur_controllers/lib/libur_controllers.so
[10.038s] -- Set runtime path of "/home/aprs/aprs/aprs_ws/install/ur_controllers/lib/libur_controllers.so" to ""
[10.038s] -- Up-to-date: /home/aprs/aprs/aprs_ws/install/ur_controllers/include
[10.038s] -- Installing: /home/aprs/aprs/aprs_ws/install/ur_controllers/include/ur_controllers
[10.039s] -- Installing: /home/aprs/aprs/aprs_ws/install/ur_controllers/include/ur_controllers/scaled_joint_trajectory_controller.hpp
[10.039s] -- Installing: /home/aprs/aprs/aprs_ws/install/ur_controllers/include/ur_controllers/gpio_controller.hpp
[10.039s] -- Installing: /home/aprs/aprs/aprs_ws/install/ur_controllers/include/ur_controllers/speed_scaling_state_broadcaster.hpp
[10.039s] -- Up-to-date: /home/aprs/aprs/aprs_ws/install/ur_controllers/share/ur_controllers/controller_plugins.xml
[10.039s] -- Installing: /home/aprs/aprs/aprs_ws/install/ur_controllers/share/ur_controllers/environment/library_path.sh
[10.039s] -- Installing: /home/aprs/aprs/aprs_ws/install/ur_controllers/share/ur_controllers/environment/library_path.dsv
[10.039s] -- Installing: /home/aprs/aprs/aprs_ws/install/ur_controllers/share/ament_index/resource_index/package_run_dependencies/ur_controllers
[10.039s] -- Installing: /home/aprs/aprs/aprs_ws/install/ur_controllers/share/ament_index/resource_index/parent_prefix_path/ur_controllers
[10.039s] -- Installing: /home/aprs/aprs/aprs_ws/install/ur_controllers/share/ur_controllers/environment/ament_prefix_path.sh
[10.039s] -- Installing: /home/aprs/aprs/aprs_ws/install/ur_controllers/share/ur_controllers/environment/ament_prefix_path.dsv
[10.039s] -- Installing: /home/aprs/aprs/aprs_ws/install/ur_controllers/share/ur_controllers/environment/path.sh
[10.039s] -- Installing: /home/aprs/aprs/aprs_ws/install/ur_controllers/share/ur_controllers/environment/path.dsv
[10.039s] -- Installing: /home/aprs/aprs/aprs_ws/install/ur_controllers/share/ur_controllers/local_setup.bash
[10.039s] -- Installing: /home/aprs/aprs/aprs_ws/install/ur_controllers/share/ur_controllers/local_setup.sh
[10.039s] -- Installing: /home/aprs/aprs/aprs_ws/install/ur_controllers/share/ur_controllers/local_setup.zsh
[10.039s] -- Installing: /home/aprs/aprs/aprs_ws/install/ur_controllers/share/ur_controllers/local_setup.dsv
[10.039s] -- Installing: /home/aprs/aprs/aprs_ws/install/ur_controllers/share/ur_controllers/package.dsv
[10.039s] -- Installing: /home/aprs/aprs/aprs_ws/install/ur_controllers/share/ament_index/resource_index/packages/ur_controllers
[10.039s] -- Installing: /home/aprs/aprs/aprs_ws/install/ur_controllers/share/ament_index/resource_index/controller_interface__pluginlib__plugin/ur_controllers
[10.040s] -- Installing: /home/aprs/aprs/aprs_ws/install/ur_controllers/share/ur_controllers/cmake/ament_cmake_export_dependencies-extras.cmake
[10.040s] -- Installing: /home/aprs/aprs/aprs_ws/install/ur_controllers/share/ur_controllers/cmake/ament_cmake_export_include_directories-extras.cmake
[10.040s] -- Installing: /home/aprs/aprs/aprs_ws/install/ur_controllers/share/ur_controllers/cmake/ament_cmake_export_libraries-extras.cmake
[10.040s] -- Installing: /home/aprs/aprs/aprs_ws/install/ur_controllers/share/ur_controllers/cmake/ur_controllersConfig.cmake
[10.040s] -- Installing: /home/aprs/aprs/aprs_ws/install/ur_controllers/share/ur_controllers/cmake/ur_controllersConfig-version.cmake
[10.040s] -- Installing: /home/aprs/aprs/aprs_ws/install/ur_controllers/share/ur_controllers/package.xml
[10.042s] Invoked command in '/home/aprs/aprs/aprs_ws/build/ur_controllers' returned '0': AMENT_PREFIX_PATH=/home/aprs/aprs/aprs_ws/install/joint_trajectory_controller:/home/aprs/aprs/aprs_ws/install/controller_interface:/home/aprs/aprs/aprs_ws/install/hardware_interface:/home/aprs/aprs/aprs_ws/install/ur_msgs:/home/aprs/aprs/aprs_ws/install/ur_dashboard_msgs:/home/aprs/aprs/aprs_ws/install/control_msgs:${AMENT_PREFIX_PATH} CMAKE_PREFIX_PATH=/home/aprs/aprs/aprs_ws/install/joint_trajectory_controller:/home/aprs/aprs/aprs_ws/install/controller_interface:/home/aprs/aprs/aprs_ws/install/hardware_interface:/home/aprs/aprs/aprs_ws/install/ur_msgs:/home/aprs/aprs/aprs_ws/install/ur_dashboard_msgs:/home/aprs/aprs/aprs_ws/install/control_msgs:/opt/ros/rolling LD_LIBRARY_PATH=/home/aprs/aprs/aprs_ws/install/joint_trajectory_controller/lib:/home/aprs/aprs/aprs_ws/install/controller_interface/lib:/home/aprs/aprs/aprs_ws/install/hardware_interface/lib:/home/aprs/aprs/aprs_ws/install/ur_msgs/lib:/home/aprs/aprs/aprs_ws/install/ur_dashboard_msgs/lib:/home/aprs/aprs/aprs_ws/install/control_msgs/lib:${LD_LIBRARY_PATH} PYTHONPATH=/home/aprs/aprs/aprs_ws/install/ur_msgs/lib/python3.10/site-packages:/home/aprs/aprs/aprs_ws/install/ur_dashboard_msgs/lib/python3.10/site-packages:/home/aprs/aprs/aprs_ws/install/control_msgs/lib/python3.10/site-packages:${PYTHONPATH} /usr/bin/cmake --install /home/aprs/aprs/aprs_ws/build/ur_controllers
