[0.132s] Invoking command in '/home/aprs/aprs/aprs_ws/build/ur_setup': CMAKE_PREFIX_PATH=${CMAKE_PREFIX_PATH}:/home/aprs/aprs/aprs_ws/install/conveyor_controller:/opt/ros/humble /usr/bin/cmake --build /home/aprs/aprs/aprs_ws/build/ur_setup -- -j16 -l16
[0.172s] [100%] Built target ur_setup
[0.303s] Invoked command in '/home/aprs/aprs/aprs_ws/build/ur_setup' returned '0': CMAKE_PREFIX_PATH=${CMAKE_PREFIX_PATH}:/home/aprs/aprs/aprs_ws/install/conveyor_controller:/opt/ros/humble /usr/bin/cmake --build /home/aprs/aprs/aprs_ws/build/ur_setup -- -j16 -l16
[0.358s] Invoking command in '/home/aprs/aprs/aprs_ws/build/ur_setup': CMAKE_PREFIX_PATH=${CMAKE_PREFIX_PATH}:/home/aprs/aprs/aprs_ws/install/conveyor_controller:/opt/ros/humble /usr/bin/cmake --install /home/aprs/aprs/aprs_ws/build/ur_setup
[0.361s] -- Install configuration: ""
[0.361s] -- Up-to-date: /home/aprs/aprs/aprs_ws/install/ur_setup/share/ur_setup//launch
[0.362s] -- Up-to-date: /home/aprs/aprs/aprs_ws/install/ur_setup/share/ur_setup//launch/ur_setup.launch.py
[0.362s] -- Up-to-date: /home/aprs/aprs/aprs_ws/install/ur_setup/lib/ur_setup/ur_setup
[0.362s] -- Up-to-date: /home/aprs/aprs/aprs_ws/install/ur_setup/share/ament_index/resource_index/package_run_dependencies/ur_setup
[0.366s] -- Up-to-date: /home/aprs/aprs/aprs_ws/install/ur_setup/share/ament_index/resource_index/parent_prefix_path/ur_setup
[0.367s] -- Up-to-date: /home/aprs/aprs/aprs_ws/install/ur_setup/share/ur_setup/environment/ament_prefix_path.sh
[0.367s] -- Up-to-date: /home/aprs/aprs/aprs_ws/install/ur_setup/share/ur_setup/environment/ament_prefix_path.dsv
[0.367s] -- Up-to-date: /home/aprs/aprs/aprs_ws/install/ur_setup/share/ur_setup/environment/path.sh
[0.367s] -- Up-to-date: /home/aprs/aprs/aprs_ws/install/ur_setup/share/ur_setup/environment/path.dsv
[0.367s] -- Up-to-date: /home/aprs/aprs/aprs_ws/install/ur_setup/share/ur_setup/local_setup.bash
[0.367s] -- Up-to-date: /home/aprs/aprs/aprs_ws/install/ur_setup/share/ur_setup/local_setup.sh
[0.367s] -- Up-to-date: /home/aprs/aprs/aprs_ws/install/ur_setup/share/ur_setup/local_setup.zsh
[0.367s] -- Up-to-date: /home/aprs/aprs/aprs_ws/install/ur_setup/share/ur_setup/local_setup.dsv
[0.367s] -- Installing: /home/aprs/aprs/aprs_ws/install/ur_setup/share/ur_setup/package.dsv
[0.367s] -- Up-to-date: /home/aprs/aprs/aprs_ws/install/ur_setup/share/ament_index/resource_index/packages/ur_setup
[0.367s] -- Up-to-date: /home/aprs/aprs/aprs_ws/install/ur_setup/share/ur_setup/cmake/ur_setupConfig.cmake
[0.367s] -- Up-to-date: /home/aprs/aprs/aprs_ws/install/ur_setup/share/ur_setup/cmake/ur_setupConfig-version.cmake
[0.367s] -- Up-to-date: /home/aprs/aprs/aprs_ws/install/ur_setup/share/ur_setup/package.xml
[0.376s] Invoked command in '/home/aprs/aprs/aprs_ws/build/ur_setup' returned '0': CMAKE_PREFIX_PATH=${CMAKE_PREFIX_PATH}:/home/aprs/aprs/aprs_ws/install/conveyor_controller:/opt/ros/humble /usr/bin/cmake --install /home/aprs/aprs/aprs_ws/build/ur_setup
