[0.031s] Invoking command in '/workspaces/aprs_humble/aprs_ws/build/ur_gz': AMENT_PREFIX_PATH=/workspaces/aprs_humble/aprs_ws/install/ros2controlcli:/workspaces/aprs_humble/aprs_ws/install/controller_manager:/workspaces/aprs_humble/aprs_ws/install/controller_interface:/workspaces/aprs_humble/aprs_ws/install/hardware_interface:/workspaces/aprs_humble/aprs_ws/install/ros2_control_test_assets:/workspaces/aprs_humble/aprs_ws/install/controller_manager_msgs:${AMENT_PREFIX_PATH} CMAKE_PREFIX_PATH=/workspaces/aprs_humble/aprs_ws/install/controller_manager:/workspaces/aprs_humble/aprs_ws/install/controller_interface:/workspaces/aprs_humble/aprs_ws/install/hardware_interface:/workspaces/aprs_humble/aprs_ws/install/ros2_control_test_assets:/workspaces/aprs_humble/aprs_ws/install/controller_manager_msgs:/opt/ros/humble LD_LIBRARY_PATH=/workspaces/aprs_humble/aprs_ws/install/controller_manager/lib:/workspaces/aprs_humble/aprs_ws/install/controller_interface/lib:/workspaces/aprs_humble/aprs_ws/install/hardware_interface/lib:/workspaces/aprs_humble/aprs_ws/install/controller_manager_msgs/lib:${LD_LIBRARY_PATH} PYTHONPATH=/workspaces/aprs_humble/aprs_ws/install/ros2controlcli/lib/python3.10/site-packages:/workspaces/aprs_humble/aprs_ws/install/controller_manager/local/lib/python3.10/dist-packages:/workspaces/aprs_humble/aprs_ws/install/controller_manager_msgs/local/lib/python3.10/dist-packages:${PYTHONPATH} /usr/bin/cmake /workspaces/aprs_humble/aprs_ws/src/ur_gz -DBUILD_TESTING=ON -DCMAKE_INSTALL_PREFIX=/workspaces/aprs_humble/aprs_ws/install/ur_gz
[0.084s] -- The C compiler identification is GNU 11.4.0
[0.156s] -- The CXX compiler identification is GNU 11.4.0
[0.163s] -- Detecting C compiler ABI info
[0.245s] -- Detecting C compiler ABI info - done
[0.254s] -- Check for working C compiler: /usr/bin/cc - skipped
[0.254s] -- Detecting C compile features
[0.256s] -- Detecting C compile features - done
[0.257s] -- Detecting CXX compiler ABI info
[0.349s] -- Detecting CXX compiler ABI info - done
[0.361s] -- Check for working CXX compiler: /usr/bin/c++ - skipped
[0.361s] -- Detecting CXX compile features
[0.362s] -- Detecting CXX compile features - done
[0.368s] -- Found ament_cmake: 1.3.5 (/opt/ros/humble/share/ament_cmake/cmake)
[0.608s] -- Found Python3: /usr/bin/python3.10 (found version "3.10.12") found components: Interpreter 
[0.758s] -- Found control_msgs: 4.4.0 (/opt/ros/humble/share/control_msgs/cmake)
[0.834s] -- Found rosidl_generator_c: 3.1.5 (/opt/ros/humble/share/rosidl_generator_c/cmake)
[0.842s] -- Found rosidl_adapter: 3.1.5 (/opt/ros/humble/share/rosidl_adapter/cmake)
[0.854s] -- Found rosidl_generator_cpp: 3.1.5 (/opt/ros/humble/share/rosidl_generator_cpp/cmake)
[0.872s] -- Using all available rosidl_typesupport_c: rosidl_typesupport_fastrtps_c;rosidl_typesupport_introspection_c
[0.905s] -- Using all available rosidl_typesupport_cpp: rosidl_typesupport_fastrtps_cpp;rosidl_typesupport_introspection_cpp
[1.691s] -- Found rclcpp: 16.0.5 (/opt/ros/humble/share/rclcpp/cmake)
[1.779s] -- Found rmw_implementation_cmake: 6.1.1 (/opt/ros/humble/share/rmw_implementation_cmake/cmake)
[1.787s] -- Found rmw_fastrtps_cpp: 6.2.3 (/opt/ros/humble/share/rmw_fastrtps_cpp/cmake)
[1.978s] -- Found OpenSSL: /usr/lib/x86_64-linux-gnu/libcrypto.so (found version "3.0.2")  
[2.026s] -- Found FastRTPS: /opt/ros/humble/include  
[2.097s] -- Using RMW implementation 'rmw_fastrtps_cpp' as default
[2.116s] -- Looking for pthread.h
[2.194s] -- Looking for pthread.h - found
[2.195s] -- Performing Test CMAKE_HAVE_LIBC_PTHREAD
[2.276s] -- Performing Test CMAKE_HAVE_LIBC_PTHREAD - Success
[2.276s] -- Found Threads: TRUE  
[2.424s] -- Found rclcpp_action: 16.0.5 (/opt/ros/humble/share/rclcpp_action/cmake)
[2.464s] -- Found ament_cmake_gtest: 1.3.5 (/opt/ros/humble/share/ament_cmake_gtest/cmake)
[2.468s] -- Found ament_lint_auto: 0.12.7 (/opt/ros/humble/share/ament_lint_auto/cmake)
[2.611s] -- Added test 'copyright' to check source files copyright and LICENSE
[2.613s] -- Added test 'flake8' to check Python code syntax and style conventions
[2.613s] -- Added test 'lint_cmake' to check CMake code style
[2.614s] -- Added test 'pep257' to check Python code against some of the docstring style conventions in PEP 257
[2.615s] -- Added test 'xmllint' to check XML markup files
[2.616s] -- Configuring done
[2.622s] -- Generating done
[2.623s] -- Build files have been written to: /workspaces/aprs_humble/aprs_ws/build/ur_gz
[2.642s] Invoked command in '/workspaces/aprs_humble/aprs_ws/build/ur_gz' returned '0': AMENT_PREFIX_PATH=/workspaces/aprs_humble/aprs_ws/install/ros2controlcli:/workspaces/aprs_humble/aprs_ws/install/controller_manager:/workspaces/aprs_humble/aprs_ws/install/controller_interface:/workspaces/aprs_humble/aprs_ws/install/hardware_interface:/workspaces/aprs_humble/aprs_ws/install/ros2_control_test_assets:/workspaces/aprs_humble/aprs_ws/install/controller_manager_msgs:${AMENT_PREFIX_PATH} CMAKE_PREFIX_PATH=/workspaces/aprs_humble/aprs_ws/install/controller_manager:/workspaces/aprs_humble/aprs_ws/install/controller_interface:/workspaces/aprs_humble/aprs_ws/install/hardware_interface:/workspaces/aprs_humble/aprs_ws/install/ros2_control_test_assets:/workspaces/aprs_humble/aprs_ws/install/controller_manager_msgs:/opt/ros/humble LD_LIBRARY_PATH=/workspaces/aprs_humble/aprs_ws/install/controller_manager/lib:/workspaces/aprs_humble/aprs_ws/install/controller_interface/lib:/workspaces/aprs_humble/aprs_ws/install/hardware_interface/lib:/workspaces/aprs_humble/aprs_ws/install/controller_manager_msgs/lib:${LD_LIBRARY_PATH} PYTHONPATH=/workspaces/aprs_humble/aprs_ws/install/ros2controlcli/lib/python3.10/site-packages:/workspaces/aprs_humble/aprs_ws/install/controller_manager/local/lib/python3.10/dist-packages:/workspaces/aprs_humble/aprs_ws/install/controller_manager_msgs/local/lib/python3.10/dist-packages:${PYTHONPATH} /usr/bin/cmake /workspaces/aprs_humble/aprs_ws/src/ur_gz -DBUILD_TESTING=ON -DCMAKE_INSTALL_PREFIX=/workspaces/aprs_humble/aprs_ws/install/ur_gz
[2.644s] Invoking command in '/workspaces/aprs_humble/aprs_ws/build/ur_gz': AMENT_PREFIX_PATH=/workspaces/aprs_humble/aprs_ws/install/ros2controlcli:/workspaces/aprs_humble/aprs_ws/install/controller_manager:/workspaces/aprs_humble/aprs_ws/install/controller_interface:/workspaces/aprs_humble/aprs_ws/install/hardware_interface:/workspaces/aprs_humble/aprs_ws/install/ros2_control_test_assets:/workspaces/aprs_humble/aprs_ws/install/controller_manager_msgs:${AMENT_PREFIX_PATH} CMAKE_PREFIX_PATH=/workspaces/aprs_humble/aprs_ws/install/controller_manager:/workspaces/aprs_humble/aprs_ws/install/controller_interface:/workspaces/aprs_humble/aprs_ws/install/hardware_interface:/workspaces/aprs_humble/aprs_ws/install/ros2_control_test_assets:/workspaces/aprs_humble/aprs_ws/install/controller_manager_msgs:/opt/ros/humble LD_LIBRARY_PATH=/workspaces/aprs_humble/aprs_ws/install/controller_manager/lib:/workspaces/aprs_humble/aprs_ws/install/controller_interface/lib:/workspaces/aprs_humble/aprs_ws/install/hardware_interface/lib:/workspaces/aprs_humble/aprs_ws/install/controller_manager_msgs/lib:${LD_LIBRARY_PATH} PYTHONPATH=/workspaces/aprs_humble/aprs_ws/install/ros2controlcli/lib/python3.10/site-packages:/workspaces/aprs_humble/aprs_ws/install/controller_manager/local/lib/python3.10/dist-packages:/workspaces/aprs_humble/aprs_ws/install/controller_manager_msgs/local/lib/python3.10/dist-packages:${PYTHONPATH} /usr/bin/cmake --build /workspaces/aprs_humble/aprs_ws/build/ur_gz -- -j16 -l16
[2.689s] Invoked command in '/workspaces/aprs_humble/aprs_ws/build/ur_gz' returned '0': AMENT_PREFIX_PATH=/workspaces/aprs_humble/aprs_ws/install/ros2controlcli:/workspaces/aprs_humble/aprs_ws/install/controller_manager:/workspaces/aprs_humble/aprs_ws/install/controller_interface:/workspaces/aprs_humble/aprs_ws/install/hardware_interface:/workspaces/aprs_humble/aprs_ws/install/ros2_control_test_assets:/workspaces/aprs_humble/aprs_ws/install/controller_manager_msgs:${AMENT_PREFIX_PATH} CMAKE_PREFIX_PATH=/workspaces/aprs_humble/aprs_ws/install/controller_manager:/workspaces/aprs_humble/aprs_ws/install/controller_interface:/workspaces/aprs_humble/aprs_ws/install/hardware_interface:/workspaces/aprs_humble/aprs_ws/install/ros2_control_test_assets:/workspaces/aprs_humble/aprs_ws/install/controller_manager_msgs:/opt/ros/humble LD_LIBRARY_PATH=/workspaces/aprs_humble/aprs_ws/install/controller_manager/lib:/workspaces/aprs_humble/aprs_ws/install/controller_interface/lib:/workspaces/aprs_humble/aprs_ws/install/hardware_interface/lib:/workspaces/aprs_humble/aprs_ws/install/controller_manager_msgs/lib:${LD_LIBRARY_PATH} PYTHONPATH=/workspaces/aprs_humble/aprs_ws/install/ros2controlcli/lib/python3.10/site-packages:/workspaces/aprs_humble/aprs_ws/install/controller_manager/local/lib/python3.10/dist-packages:/workspaces/aprs_humble/aprs_ws/install/controller_manager_msgs/local/lib/python3.10/dist-packages:${PYTHONPATH} /usr/bin/cmake --build /workspaces/aprs_humble/aprs_ws/build/ur_gz -- -j16 -l16
[2.711s] Invoking command in '/workspaces/aprs_humble/aprs_ws/build/ur_gz': AMENT_PREFIX_PATH=/workspaces/aprs_humble/aprs_ws/install/ros2controlcli:/workspaces/aprs_humble/aprs_ws/install/controller_manager:/workspaces/aprs_humble/aprs_ws/install/controller_interface:/workspaces/aprs_humble/aprs_ws/install/hardware_interface:/workspaces/aprs_humble/aprs_ws/install/ros2_control_test_assets:/workspaces/aprs_humble/aprs_ws/install/controller_manager_msgs:${AMENT_PREFIX_PATH} CMAKE_PREFIX_PATH=/workspaces/aprs_humble/aprs_ws/install/controller_manager:/workspaces/aprs_humble/aprs_ws/install/controller_interface:/workspaces/aprs_humble/aprs_ws/install/hardware_interface:/workspaces/aprs_humble/aprs_ws/install/ros2_control_test_assets:/workspaces/aprs_humble/aprs_ws/install/controller_manager_msgs:/opt/ros/humble LD_LIBRARY_PATH=/workspaces/aprs_humble/aprs_ws/install/controller_manager/lib:/workspaces/aprs_humble/aprs_ws/install/controller_interface/lib:/workspaces/aprs_humble/aprs_ws/install/hardware_interface/lib:/workspaces/aprs_humble/aprs_ws/install/controller_manager_msgs/lib:${LD_LIBRARY_PATH} PYTHONPATH=/workspaces/aprs_humble/aprs_ws/install/ros2controlcli/lib/python3.10/site-packages:/workspaces/aprs_humble/aprs_ws/install/controller_manager/local/lib/python3.10/dist-packages:/workspaces/aprs_humble/aprs_ws/install/controller_manager_msgs/local/lib/python3.10/dist-packages:${PYTHONPATH} /usr/bin/cmake --install /workspaces/aprs_humble/aprs_ws/build/ur_gz
[2.721s] -- Install configuration: ""
[2.721s] -- Installing: /workspaces/aprs_humble/aprs_ws/install/ur_gz/share/ur_gz//launch
[2.721s] -- Installing: /workspaces/aprs_humble/aprs_ws/install/ur_gz/share/ur_gz//launch/urrobot.launch.py
[2.721s] -- Installing: /workspaces/aprs_humble/aprs_ws/install/ur_gz/share/ur_gz//launch/s2r.launch.py
[2.721s] -- Installing: /workspaces/aprs_humble/aprs_ws/install/ur_gz/share/ur_gz//config
[2.721s] -- Installing: /workspaces/aprs_humble/aprs_ws/install/ur_gz/share/ur_gz//config/ur_controller.yaml
[2.721s] -- Installing: /workspaces/aprs_humble/aprs_ws/install/ur_gz/share/ur_gz//urdf
[2.721s] -- Installing: /workspaces/aprs_humble/aprs_ws/install/ur_gz/share/ur_gz//urdf/ur_gz_macro.xacro
[2.721s] -- Installing: /workspaces/aprs_humble/aprs_ws/install/ur_gz/share/ur_gz//urdf/ur_gz.xacro
[2.722s] -- Installing: /workspaces/aprs_humble/aprs_ws/install/ur_gz/share/ur_gz/environment/ur_gz.dsv
[2.722s] -- Installing: /workspaces/aprs_humble/aprs_ws/install/ur_gz/share/ur_gz/environment/ur_gz.sh
[2.722s] -- Installing: /workspaces/aprs_humble/aprs_ws/install/ur_gz/share/ament_index/resource_index/package_run_dependencies/ur_gz
[2.722s] -- Installing: /workspaces/aprs_humble/aprs_ws/install/ur_gz/share/ament_index/resource_index/parent_prefix_path/ur_gz
[2.722s] -- Installing: /workspaces/aprs_humble/aprs_ws/install/ur_gz/share/ur_gz/environment/ament_prefix_path.sh
[2.723s] -- Installing: /workspaces/aprs_humble/aprs_ws/install/ur_gz/share/ur_gz/environment/ament_prefix_path.dsv
[2.723s] -- Installing: /workspaces/aprs_humble/aprs_ws/install/ur_gz/share/ur_gz/environment/path.sh
[2.723s] -- Installing: /workspaces/aprs_humble/aprs_ws/install/ur_gz/share/ur_gz/environment/path.dsv
[2.723s] -- Installing: /workspaces/aprs_humble/aprs_ws/install/ur_gz/share/ur_gz/local_setup.bash
[2.723s] -- Installing: /workspaces/aprs_humble/aprs_ws/install/ur_gz/share/ur_gz/local_setup.sh
[2.723s] -- Installing: /workspaces/aprs_humble/aprs_ws/install/ur_gz/share/ur_gz/local_setup.zsh
[2.723s] -- Installing: /workspaces/aprs_humble/aprs_ws/install/ur_gz/share/ur_gz/local_setup.dsv
[2.724s] -- Installing: /workspaces/aprs_humble/aprs_ws/install/ur_gz/share/ur_gz/package.dsv
[2.724s] -- Installing: /workspaces/aprs_humble/aprs_ws/install/ur_gz/share/ament_index/resource_index/packages/ur_gz
[2.724s] -- Installing: /workspaces/aprs_humble/aprs_ws/install/ur_gz/share/ur_gz/cmake/ur_gzConfig.cmake
[2.724s] -- Installing: /workspaces/aprs_humble/aprs_ws/install/ur_gz/share/ur_gz/cmake/ur_gzConfig-version.cmake
[2.724s] -- Installing: /workspaces/aprs_humble/aprs_ws/install/ur_gz/share/ur_gz/package.xml
[2.728s] Invoked command in '/workspaces/aprs_humble/aprs_ws/build/ur_gz' returned '0': AMENT_PREFIX_PATH=/workspaces/aprs_humble/aprs_ws/install/ros2controlcli:/workspaces/aprs_humble/aprs_ws/install/controller_manager:/workspaces/aprs_humble/aprs_ws/install/controller_interface:/workspaces/aprs_humble/aprs_ws/install/hardware_interface:/workspaces/aprs_humble/aprs_ws/install/ros2_control_test_assets:/workspaces/aprs_humble/aprs_ws/install/controller_manager_msgs:${AMENT_PREFIX_PATH} CMAKE_PREFIX_PATH=/workspaces/aprs_humble/aprs_ws/install/controller_manager:/workspaces/aprs_humble/aprs_ws/install/controller_interface:/workspaces/aprs_humble/aprs_ws/install/hardware_interface:/workspaces/aprs_humble/aprs_ws/install/ros2_control_test_assets:/workspaces/aprs_humble/aprs_ws/install/controller_manager_msgs:/opt/ros/humble LD_LIBRARY_PATH=/workspaces/aprs_humble/aprs_ws/install/controller_manager/lib:/workspaces/aprs_humble/aprs_ws/install/controller_interface/lib:/workspaces/aprs_humble/aprs_ws/install/hardware_interface/lib:/workspaces/aprs_humble/aprs_ws/install/controller_manager_msgs/lib:${LD_LIBRARY_PATH} PYTHONPATH=/workspaces/aprs_humble/aprs_ws/install/ros2controlcli/lib/python3.10/site-packages:/workspaces/aprs_humble/aprs_ws/install/controller_manager/local/lib/python3.10/dist-packages:/workspaces/aprs_humble/aprs_ws/install/controller_manager_msgs/local/lib/python3.10/dist-packages:${PYTHONPATH} /usr/bin/cmake --install /workspaces/aprs_humble/aprs_ws/build/ur_gz
