[0.127s] Invoking command in '/workspaces/aprs/aprs_ws/build/ur_robot_driver': CMAKE_PREFIX_PATH=/workspaces/aprs/aprs_ws/install/ur_controllers:/workspaces/aprs/aprs_ws/install/ur_msgs:/workspaces/aprs/aprs_ws/install/ur_description:/workspaces/aprs/aprs_ws/install/ur_dashboard_msgs:/workspaces/aprs/aprs_ws/install/ur_client_library:/workspaces/aprs/aprs_ws/install/worlds:/workspaces/aprs/aprs_ws/install/workbench_description:/workspaces/aprs/aprs_ws/install/vaccum_description:/workspaces/aprs/aprs_ws/install/ur_setup:/workspaces/aprs/aprs_ws/install/ur:/workspaces/aprs/aprs_ws/install/ur_calibration:/workspaces/aprs/aprs_ws/install/ur_robot_driver:/workspaces/aprs/aprs_ws/install/ur_bringup:/workspaces/aprs/aprs_ws/install/ur_moveit_config:/workspaces/aprs/aprs_ws/install/ur_gz:/workspaces/aprs/aprs_ws/install/ur_description__:/workspaces/aprs/aprs_ws/install/ur5e_moveit_config:/workspaces/aprs/aprs_ws/install/panda_moveit_config:/workspaces/aprs/aprs_ws/install/table_description:/workspaces/aprs/aprs_ws/install/point_cloud:/workspaces/aprs/aprs_ws/install/realsense2_description:/workspaces/aprs/aprs_ws/install/realsense2_camera:/workspaces/aprs/aprs_ws/install/realsense2_camera_msgs:/workspaces/aprs/aprs_ws/install/panda_description:/workspaces/aprs/aprs_ws/install/ign_ros2_control_demos:/workspaces/aprs/aprs_ws/install/gz_ros2_control_tests:/workspaces/aprs/aprs_ws/install/ign_ros2_control:/workspaces/aprs/aprs_ws/install/franka_setup:/workspaces/aprs/aprs_ws/install/franka_gz:/workspaces/aprs/aprs_ws/install/fanuc_moveit_config:/workspaces/aprs/aprs_ws/install/fanuc_description:/workspaces/aprs/aprs_ws/install/camera_mount:/workspaces/aprs/aprs_ws/install/aprs_lab:/workspaces/aprs/aprs_ws/install/aprs_gazebo:/opt/ros/humble LD_LIBRARY_PATH=/workspaces/aprs/aprs_ws/install/ur_controllers/lib:/workspaces/aprs/aprs_ws/install/ur_msgs/lib:/workspaces/aprs/aprs_ws/install/ur_dashboard_msgs/lib:/workspaces/aprs/aprs_ws/install/ur_client_library/lib:/workspaces/aprs/aprs_ws/install/ur_robot_driver/lib:/workspaces/aprs/aprs_ws/install/point_cloud/lib:/workspaces/aprs/aprs_ws/install/realsense2_camera/lib:/workspaces/aprs/aprs_ws/install/realsense2_camera_msgs/lib:/workspaces/aprs/aprs_ws/install/ign_ros2_control/lib:/opt/ros/humble/opt/rviz_ogre_vendor/lib:/opt/ros/humble/lib/x86_64-linux-gnu:/opt/ros/humble/lib /usr/bin/cmake --build /workspaces/aprs/aprs_ws/build/ur_robot_driver -- -j16 -l16
[0.194s] [ 46%] Built target controller_stopper_node
[0.194s] [ 46%] Built target dashboard_client
[0.194s] [ 60%] Built target ur_ros2_control_node
[0.196s] [ 73%] Built target urscript_interface
[0.196s] [100%] Built target ur_robot_driver_plugin
[0.197s] [100%] Built target ament_cmake_python_copy_ur_robot_driver
[0.423s] running egg_info
[0.424s] writing ur_robot_driver.egg-info/PKG-INFO
[0.424s] writing dependency_links to ur_robot_driver.egg-info/dependency_links.txt
[0.425s] writing top-level names to ur_robot_driver.egg-info/top_level.txt
[0.427s] reading manifest file 'ur_robot_driver.egg-info/SOURCES.txt'
[0.428s] writing manifest file 'ur_robot_driver.egg-info/SOURCES.txt'
[0.487s] [100%] Built target ament_cmake_python_build_ur_robot_driver_egg
[0.505s] Invoked command in '/workspaces/aprs/aprs_ws/build/ur_robot_driver' returned '0': CMAKE_PREFIX_PATH=/workspaces/aprs/aprs_ws/install/ur_controllers:/workspaces/aprs/aprs_ws/install/ur_msgs:/workspaces/aprs/aprs_ws/install/ur_description:/workspaces/aprs/aprs_ws/install/ur_dashboard_msgs:/workspaces/aprs/aprs_ws/install/ur_client_library:/workspaces/aprs/aprs_ws/install/worlds:/workspaces/aprs/aprs_ws/install/workbench_description:/workspaces/aprs/aprs_ws/install/vaccum_description:/workspaces/aprs/aprs_ws/install/ur_setup:/workspaces/aprs/aprs_ws/install/ur:/workspaces/aprs/aprs_ws/install/ur_calibration:/workspaces/aprs/aprs_ws/install/ur_robot_driver:/workspaces/aprs/aprs_ws/install/ur_bringup:/workspaces/aprs/aprs_ws/install/ur_moveit_config:/workspaces/aprs/aprs_ws/install/ur_gz:/workspaces/aprs/aprs_ws/install/ur_description__:/workspaces/aprs/aprs_ws/install/ur5e_moveit_config:/workspaces/aprs/aprs_ws/install/panda_moveit_config:/workspaces/aprs/aprs_ws/install/table_description:/workspaces/aprs/aprs_ws/install/point_cloud:/workspaces/aprs/aprs_ws/install/realsense2_description:/workspaces/aprs/aprs_ws/install/realsense2_camera:/workspaces/aprs/aprs_ws/install/realsense2_camera_msgs:/workspaces/aprs/aprs_ws/install/panda_description:/workspaces/aprs/aprs_ws/install/ign_ros2_control_demos:/workspaces/aprs/aprs_ws/install/gz_ros2_control_tests:/workspaces/aprs/aprs_ws/install/ign_ros2_control:/workspaces/aprs/aprs_ws/install/franka_setup:/workspaces/aprs/aprs_ws/install/franka_gz:/workspaces/aprs/aprs_ws/install/fanuc_moveit_config:/workspaces/aprs/aprs_ws/install/fanuc_description:/workspaces/aprs/aprs_ws/install/camera_mount:/workspaces/aprs/aprs_ws/install/aprs_lab:/workspaces/aprs/aprs_ws/install/aprs_gazebo:/opt/ros/humble LD_LIBRARY_PATH=/workspaces/aprs/aprs_ws/install/ur_controllers/lib:/workspaces/aprs/aprs_ws/install/ur_msgs/lib:/workspaces/aprs/aprs_ws/install/ur_dashboard_msgs/lib:/workspaces/aprs/aprs_ws/install/ur_client_library/lib:/workspaces/aprs/aprs_ws/install/ur_robot_driver/lib:/workspaces/aprs/aprs_ws/install/point_cloud/lib:/workspaces/aprs/aprs_ws/install/realsense2_camera/lib:/workspaces/aprs/aprs_ws/install/realsense2_camera_msgs/lib:/workspaces/aprs/aprs_ws/install/ign_ros2_control/lib:/opt/ros/humble/opt/rviz_ogre_vendor/lib:/opt/ros/humble/lib/x86_64-linux-gnu:/opt/ros/humble/lib /usr/bin/cmake --build /workspaces/aprs/aprs_ws/build/ur_robot_driver -- -j16 -l16
[0.570s] Invoking command in '/workspaces/aprs/aprs_ws/build/ur_robot_driver': CMAKE_PREFIX_PATH=/workspaces/aprs/aprs_ws/install/ur_controllers:/workspaces/aprs/aprs_ws/install/ur_msgs:/workspaces/aprs/aprs_ws/install/ur_description:/workspaces/aprs/aprs_ws/install/ur_dashboard_msgs:/workspaces/aprs/aprs_ws/install/ur_client_library:/workspaces/aprs/aprs_ws/install/worlds:/workspaces/aprs/aprs_ws/install/workbench_description:/workspaces/aprs/aprs_ws/install/vaccum_description:/workspaces/aprs/aprs_ws/install/ur_setup:/workspaces/aprs/aprs_ws/install/ur:/workspaces/aprs/aprs_ws/install/ur_calibration:/workspaces/aprs/aprs_ws/install/ur_robot_driver:/workspaces/aprs/aprs_ws/install/ur_bringup:/workspaces/aprs/aprs_ws/install/ur_moveit_config:/workspaces/aprs/aprs_ws/install/ur_gz:/workspaces/aprs/aprs_ws/install/ur_description__:/workspaces/aprs/aprs_ws/install/ur5e_moveit_config:/workspaces/aprs/aprs_ws/install/panda_moveit_config:/workspaces/aprs/aprs_ws/install/table_description:/workspaces/aprs/aprs_ws/install/point_cloud:/workspaces/aprs/aprs_ws/install/realsense2_description:/workspaces/aprs/aprs_ws/install/realsense2_camera:/workspaces/aprs/aprs_ws/install/realsense2_camera_msgs:/workspaces/aprs/aprs_ws/install/panda_description:/workspaces/aprs/aprs_ws/install/ign_ros2_control_demos:/workspaces/aprs/aprs_ws/install/gz_ros2_control_tests:/workspaces/aprs/aprs_ws/install/ign_ros2_control:/workspaces/aprs/aprs_ws/install/franka_setup:/workspaces/aprs/aprs_ws/install/franka_gz:/workspaces/aprs/aprs_ws/install/fanuc_moveit_config:/workspaces/aprs/aprs_ws/install/fanuc_description:/workspaces/aprs/aprs_ws/install/camera_mount:/workspaces/aprs/aprs_ws/install/aprs_lab:/workspaces/aprs/aprs_ws/install/aprs_gazebo:/opt/ros/humble LD_LIBRARY_PATH=/workspaces/aprs/aprs_ws/install/ur_controllers/lib:/workspaces/aprs/aprs_ws/install/ur_msgs/lib:/workspaces/aprs/aprs_ws/install/ur_dashboard_msgs/lib:/workspaces/aprs/aprs_ws/install/ur_client_library/lib:/workspaces/aprs/aprs_ws/install/ur_robot_driver/lib:/workspaces/aprs/aprs_ws/install/point_cloud/lib:/workspaces/aprs/aprs_ws/install/realsense2_camera/lib:/workspaces/aprs/aprs_ws/install/realsense2_camera_msgs/lib:/workspaces/aprs/aprs_ws/install/ign_ros2_control/lib:/opt/ros/humble/opt/rviz_ogre_vendor/lib:/opt/ros/humble/lib/x86_64-linux-gnu:/opt/ros/humble/lib /usr/bin/cmake --install /workspaces/aprs/aprs_ws/build/ur_robot_driver
[0.581s] -- Install configuration: "RelWithDebInfo"
[0.581s] -- Up-to-date: /workspaces/aprs/aprs_ws/install/ur_robot_driver/share/ur_robot_driver/hardware_interface_plugin.xml
[0.581s] -- Up-to-date: /workspaces/aprs/aprs_ws/install/ur_robot_driver/lib/ur_robot_driver/dashboard_client
[0.581s] -- Up-to-date: /workspaces/aprs/aprs_ws/install/ur_robot_driver/lib/ur_robot_driver/ur_ros2_control_node
[0.582s] -- Up-to-date: /workspaces/aprs/aprs_ws/install/ur_robot_driver/lib/ur_robot_driver/controller_stopper_node
[0.582s] -- Up-to-date: /workspaces/aprs/aprs_ws/install/ur_robot_driver/lib/ur_robot_driver/urscript_interface
[0.582s] -- Up-to-date: /workspaces/aprs/aprs_ws/install/ur_robot_driver/lib/libur_robot_driver_plugin.so
[0.582s] -- Up-to-date: /workspaces/aprs/aprs_ws/install/ur_robot_driver/include
[0.582s] -- Up-to-date: /workspaces/aprs/aprs_ws/install/ur_robot_driver/include/ur_robot_driver
[0.582s] -- Up-to-date: /workspaces/aprs/aprs_ws/install/ur_robot_driver/include/ur_robot_driver/hardware_interface.hpp
[0.582s] -- Up-to-date: /workspaces/aprs/aprs_ws/install/ur_robot_driver/include/ur_robot_driver/controller_stopper.hpp
[0.583s] -- Up-to-date: /workspaces/aprs/aprs_ws/install/ur_robot_driver/include/ur_robot_driver/dashboard_client_ros.hpp
[0.583s] -- Up-to-date: /workspaces/aprs/aprs_ws/install/ur_robot_driver/include/ur_robot_driver/urcl_log_handler.hpp
[0.583s] -- Up-to-date: /workspaces/aprs/aprs_ws/install/ur_robot_driver/share/ur_robot_driver/environment/library_path.sh
[0.583s] -- Up-to-date: /workspaces/aprs/aprs_ws/install/ur_robot_driver/share/ur_robot_driver/environment/library_path.dsv
[0.583s] -- Up-to-date: /workspaces/aprs/aprs_ws/install/ur_robot_driver/share/ur_robot_driver/resources
[0.583s] -- Up-to-date: /workspaces/aprs/aprs_ws/install/ur_robot_driver/share/ur_robot_driver/resources/rtde_input_recipe.txt
[0.583s] -- Up-to-date: /workspaces/aprs/aprs_ws/install/ur_robot_driver/share/ur_robot_driver/resources/externalcontrol-1.0.5.urcap
[0.583s] -- Up-to-date: /workspaces/aprs/aprs_ws/install/ur_robot_driver/share/ur_robot_driver/resources/rs485-1.0.urcap
[0.583s] -- Up-to-date: /workspaces/aprs/aprs_ws/install/ur_robot_driver/share/ur_robot_driver/resources/ros_control.urscript
[0.583s] -- Up-to-date: /workspaces/aprs/aprs_ws/install/ur_robot_driver/share/ur_robot_driver/resources/rtde_output_recipe.txt
[0.583s] -- Up-to-date: /workspaces/aprs/aprs_ws/install/ur_robot_driver/include
[0.583s] -- Up-to-date: /workspaces/aprs/aprs_ws/install/ur_robot_driver/include/ur_robot_driver
[0.583s] -- Up-to-date: /workspaces/aprs/aprs_ws/install/ur_robot_driver/include/ur_robot_driver/hardware_interface.hpp
[0.583s] -- Up-to-date: /workspaces/aprs/aprs_ws/install/ur_robot_driver/include/ur_robot_driver/controller_stopper.hpp
[0.583s] -- Up-to-date: /workspaces/aprs/aprs_ws/install/ur_robot_driver/include/ur_robot_driver/dashboard_client_ros.hpp
[0.583s] -- Up-to-date: /workspaces/aprs/aprs_ws/install/ur_robot_driver/include/ur_robot_driver/urcl_log_handler.hpp
[0.583s] -- Up-to-date: /workspaces/aprs/aprs_ws/install/ur_robot_driver/share/ur_robot_driver/environment/pythonpath.sh
[0.584s] -- Up-to-date: /workspaces/aprs/aprs_ws/install/ur_robot_driver/share/ur_robot_driver/environment/pythonpath.dsv
[0.584s] -- Up-to-date: /workspaces/aprs/aprs_ws/install/ur_robot_driver/local/lib/python3.10/dist-packages/ur_robot_driver-2.2.8-py3.10.egg-info
[0.584s] -- Installing: /workspaces/aprs/aprs_ws/install/ur_robot_driver/local/lib/python3.10/dist-packages/ur_robot_driver-2.2.8-py3.10.egg-info/dependency_links.txt
[0.584s] -- Installing: /workspaces/aprs/aprs_ws/install/ur_robot_driver/local/lib/python3.10/dist-packages/ur_robot_driver-2.2.8-py3.10.egg-info/top_level.txt
[0.584s] -- Installing: /workspaces/aprs/aprs_ws/install/ur_robot_driver/local/lib/python3.10/dist-packages/ur_robot_driver-2.2.8-py3.10.egg-info/PKG-INFO
[0.584s] -- Installing: /workspaces/aprs/aprs_ws/install/ur_robot_driver/local/lib/python3.10/dist-packages/ur_robot_driver-2.2.8-py3.10.egg-info/SOURCES.txt
[0.584s] -- Up-to-date: /workspaces/aprs/aprs_ws/install/ur_robot_driver/local/lib/python3.10/dist-packages/ur_robot_driver
[0.585s] -- Up-to-date: /workspaces/aprs/aprs_ws/install/ur_robot_driver/local/lib/python3.10/dist-packages/ur_robot_driver/__init__.py
[0.615s] Listing '/workspaces/aprs/aprs_ws/install/ur_robot_driver/local/lib/python3.10/dist-packages/ur_robot_driver'...
[0.618s] -- Up-to-date: /workspaces/aprs/aprs_ws/install/ur_robot_driver/lib/ur_robot_driver/tool_communication.py
[0.619s] -- Up-to-date: /workspaces/aprs/aprs_ws/install/ur_robot_driver/bin/wait_dashboard_server.sh
[0.619s] -- Up-to-date: /workspaces/aprs/aprs_ws/install/ur_robot_driver/lib/ur_robot_driver/start_ursim.sh
[0.619s] -- Up-to-date: /workspaces/aprs/aprs_ws/install/ur_robot_driver/share/ur_robot_driver/config
[0.619s] -- Up-to-date: /workspaces/aprs/aprs_ws/install/ur_robot_driver/share/ur_robot_driver/config/ur5_update_rate.yaml
[0.619s] -- Up-to-date: /workspaces/aprs/aprs_ws/install/ur_robot_driver/share/ur_robot_driver/config/ur16e_update_rate.yaml
[0.619s] -- Up-to-date: /workspaces/aprs/aprs_ws/install/ur_robot_driver/share/ur_robot_driver/config/test_goal_publishers_config.yaml
[0.619s] -- Up-to-date: /workspaces/aprs/aprs_ws/install/ur_robot_driver/share/ur_robot_driver/config/ur5e_update_rate.yaml
[0.619s] -- Up-to-date: /workspaces/aprs/aprs_ws/install/ur_robot_driver/share/ur_robot_driver/config/ur10_update_rate.yaml
[0.619s] -- Up-to-date: /workspaces/aprs/aprs_ws/install/ur_robot_driver/share/ur_robot_driver/config/ur3e_update_rate.yaml
[0.619s] -- Up-to-date: /workspaces/aprs/aprs_ws/install/ur_robot_driver/share/ur_robot_driver/config/ur_controllers.yaml
[0.619s] -- Up-to-date: /workspaces/aprs/aprs_ws/install/ur_robot_driver/share/ur_robot_driver/config/ur3_update_rate.yaml
[0.619s] -- Up-to-date: /workspaces/aprs/aprs_ws/install/ur_robot_driver/share/ur_robot_driver/config/test_velocity_goal_publishers_config.yaml
[0.620s] -- Up-to-date: /workspaces/aprs/aprs_ws/install/ur_robot_driver/share/ur_robot_driver/config/ur10e_update_rate.yaml
[0.620s] -- Up-to-date: /workspaces/aprs/aprs_ws/install/ur_robot_driver/share/ur_robot_driver/launch
[0.620s] -- Up-to-date: /workspaces/aprs/aprs_ws/install/ur_robot_driver/share/ur_robot_driver/launch/ur5e.launch.py
[0.620s] -- Up-to-date: /workspaces/aprs/aprs_ws/install/ur_robot_driver/share/ur_robot_driver/launch/ur3e.launch.py
[0.620s] -- Up-to-date: /workspaces/aprs/aprs_ws/install/ur_robot_driver/share/ur_robot_driver/launch/test_scaled_joint_trajectory_controller.launch.py
[0.620s] -- Up-to-date: /workspaces/aprs/aprs_ws/install/ur_robot_driver/share/ur_robot_driver/launch/ur_dashboard_client.launch.py
[0.620s] -- Up-to-date: /workspaces/aprs/aprs_ws/install/ur_robot_driver/share/ur_robot_driver/launch/ur16e.launch.py
[0.620s] -- Up-to-date: /workspaces/aprs/aprs_ws/install/ur_robot_driver/share/ur_robot_driver/launch/ur10.launch.py
[0.620s] -- Up-to-date: /workspaces/aprs/aprs_ws/install/ur_robot_driver/share/ur_robot_driver/launch/test_forward_velocity_controller.launch.py
[0.620s] -- Up-to-date: /workspaces/aprs/aprs_ws/install/ur_robot_driver/share/ur_robot_driver/launch/ur_control.launch.py
[0.621s] -- Up-to-date: /workspaces/aprs/aprs_ws/install/ur_robot_driver/share/ur_robot_driver/launch/ur10e.launch.py
[0.621s] -- Up-to-date: /workspaces/aprs/aprs_ws/install/ur_robot_driver/share/ur_robot_driver/launch/test_joint_trajectory_controller.launch.py
[0.621s] -- Up-to-date: /workspaces/aprs/aprs_ws/install/ur_robot_driver/share/ur_robot_driver/launch/ur5.launch.py
[0.621s] -- Up-to-date: /workspaces/aprs/aprs_ws/install/ur_robot_driver/share/ur_robot_driver/launch/ur3.launch.py
[0.621s] -- Up-to-date: /workspaces/aprs/aprs_ws/install/ur_robot_driver/share/ament_index/resource_index/package_run_dependencies/ur_robot_driver
[0.621s] -- Up-to-date: /workspaces/aprs/aprs_ws/install/ur_robot_driver/share/ament_index/resource_index/parent_prefix_path/ur_robot_driver
[0.621s] -- Up-to-date: /workspaces/aprs/aprs_ws/install/ur_robot_driver/share/ur_robot_driver/environment/ament_prefix_path.sh
[0.621s] -- Up-to-date: /workspaces/aprs/aprs_ws/install/ur_robot_driver/share/ur_robot_driver/environment/ament_prefix_path.dsv
[0.621s] -- Up-to-date: /workspaces/aprs/aprs_ws/install/ur_robot_driver/share/ur_robot_driver/environment/path.sh
[0.621s] -- Up-to-date: /workspaces/aprs/aprs_ws/install/ur_robot_driver/share/ur_robot_driver/environment/path.dsv
[0.621s] -- Up-to-date: /workspaces/aprs/aprs_ws/install/ur_robot_driver/share/ur_robot_driver/local_setup.bash
[0.621s] -- Up-to-date: /workspaces/aprs/aprs_ws/install/ur_robot_driver/share/ur_robot_driver/local_setup.sh
[0.622s] -- Up-to-date: /workspaces/aprs/aprs_ws/install/ur_robot_driver/share/ur_robot_driver/local_setup.zsh
[0.622s] -- Up-to-date: /workspaces/aprs/aprs_ws/install/ur_robot_driver/share/ur_robot_driver/local_setup.dsv
[0.622s] -- Installing: /workspaces/aprs/aprs_ws/install/ur_robot_driver/share/ur_robot_driver/package.dsv
[0.622s] -- Up-to-date: /workspaces/aprs/aprs_ws/install/ur_robot_driver/share/ament_index/resource_index/packages/ur_robot_driver
[0.622s] -- Up-to-date: /workspaces/aprs/aprs_ws/install/ur_robot_driver/share/ament_index/resource_index/hardware_interface__pluginlib__plugin/ur_robot_driver
[0.622s] -- Up-to-date: /workspaces/aprs/aprs_ws/install/ur_robot_driver/share/ur_robot_driver/cmake/ament_cmake_export_include_directories-extras.cmake
[0.622s] -- Up-to-date: /workspaces/aprs/aprs_ws/install/ur_robot_driver/share/ur_robot_driver/cmake/ament_cmake_export_libraries-extras.cmake
[0.622s] -- Up-to-date: /workspaces/aprs/aprs_ws/install/ur_robot_driver/share/ur_robot_driver/cmake/ament_cmake_export_dependencies-extras.cmake
[0.622s] -- Up-to-date: /workspaces/aprs/aprs_ws/install/ur_robot_driver/share/ur_robot_driver/cmake/ur_robot_driverConfig.cmake
[0.622s] -- Up-to-date: /workspaces/aprs/aprs_ws/install/ur_robot_driver/share/ur_robot_driver/cmake/ur_robot_driverConfig-version.cmake
[0.622s] -- Up-to-date: /workspaces/aprs/aprs_ws/install/ur_robot_driver/share/ur_robot_driver/package.xml
[0.625s] Invoked command in '/workspaces/aprs/aprs_ws/build/ur_robot_driver' returned '0': CMAKE_PREFIX_PATH=/workspaces/aprs/aprs_ws/install/ur_controllers:/workspaces/aprs/aprs_ws/install/ur_msgs:/workspaces/aprs/aprs_ws/install/ur_description:/workspaces/aprs/aprs_ws/install/ur_dashboard_msgs:/workspaces/aprs/aprs_ws/install/ur_client_library:/workspaces/aprs/aprs_ws/install/worlds:/workspaces/aprs/aprs_ws/install/workbench_description:/workspaces/aprs/aprs_ws/install/vaccum_description:/workspaces/aprs/aprs_ws/install/ur_setup:/workspaces/aprs/aprs_ws/install/ur:/workspaces/aprs/aprs_ws/install/ur_calibration:/workspaces/aprs/aprs_ws/install/ur_robot_driver:/workspaces/aprs/aprs_ws/install/ur_bringup:/workspaces/aprs/aprs_ws/install/ur_moveit_config:/workspaces/aprs/aprs_ws/install/ur_gz:/workspaces/aprs/aprs_ws/install/ur_description__:/workspaces/aprs/aprs_ws/install/ur5e_moveit_config:/workspaces/aprs/aprs_ws/install/panda_moveit_config:/workspaces/aprs/aprs_ws/install/table_description:/workspaces/aprs/aprs_ws/install/point_cloud:/workspaces/aprs/aprs_ws/install/realsense2_description:/workspaces/aprs/aprs_ws/install/realsense2_camera:/workspaces/aprs/aprs_ws/install/realsense2_camera_msgs:/workspaces/aprs/aprs_ws/install/panda_description:/workspaces/aprs/aprs_ws/install/ign_ros2_control_demos:/workspaces/aprs/aprs_ws/install/gz_ros2_control_tests:/workspaces/aprs/aprs_ws/install/ign_ros2_control:/workspaces/aprs/aprs_ws/install/franka_setup:/workspaces/aprs/aprs_ws/install/franka_gz:/workspaces/aprs/aprs_ws/install/fanuc_moveit_config:/workspaces/aprs/aprs_ws/install/fanuc_description:/workspaces/aprs/aprs_ws/install/camera_mount:/workspaces/aprs/aprs_ws/install/aprs_lab:/workspaces/aprs/aprs_ws/install/aprs_gazebo:/opt/ros/humble LD_LIBRARY_PATH=/workspaces/aprs/aprs_ws/install/ur_controllers/lib:/workspaces/aprs/aprs_ws/install/ur_msgs/lib:/workspaces/aprs/aprs_ws/install/ur_dashboard_msgs/lib:/workspaces/aprs/aprs_ws/install/ur_client_library/lib:/workspaces/aprs/aprs_ws/install/ur_robot_driver/lib:/workspaces/aprs/aprs_ws/install/point_cloud/lib:/workspaces/aprs/aprs_ws/install/realsense2_camera/lib:/workspaces/aprs/aprs_ws/install/realsense2_camera_msgs/lib:/workspaces/aprs/aprs_ws/install/ign_ros2_control/lib:/opt/ros/humble/opt/rviz_ogre_vendor/lib:/opt/ros/humble/lib/x86_64-linux-gnu:/opt/ros/humble/lib /usr/bin/cmake --install /workspaces/aprs/aprs_ws/build/ur_robot_driver
