[0.610s] Invoking command in '/workspaces/aprs/aprs_ws/build/ur_dashboard_msgs': CMAKE_PREFIX_PATH=/opt/ros/humble /usr/bin/cmake --build /workspaces/aprs/aprs_ws/build/ur_dashboard_msgs -- -j16 -l16
[0.687s] [  0%] Built target ur_dashboard_msgs__cpp
[0.700s] [ 12%] Built target ur_dashboard_msgs__rosidl_generator_c
[0.734s] [ 12%] Built target ament_cmake_python_copy_ur_dashboard_msgs
[0.760s] [ 36%] Built target ur_dashboard_msgs__rosidl_typesupport_fastrtps_cpp
[0.761s] [ 36%] Built target ur_dashboard_msgs__rosidl_typesupport_cpp
[0.761s] [ 48%] Built target ur_dashboard_msgs__rosidl_typesupport_c
[0.765s] [ 77%] Built target ur_dashboard_msgs__rosidl_typesupport_introspection_cpp
[0.765s] [ 77%] Built target ur_dashboard_msgs__rosidl_typesupport_fastrtps_c
[0.768s] [ 84%] Built target ur_dashboard_msgs__rosidl_typesupport_introspection_c
[0.793s] [ 84%] Built target ur_dashboard_msgs
[0.833s] [ 85%] Built target ur_dashboard_msgs__py
[0.879s] [ 96%] Built target ur_dashboard_msgs__rosidl_generator_py
[0.946s] [ 98%] Built target ur_dashboard_msgs__rosidl_typesupport_introspection_c__pyext
[0.947s] [ 99%] Built target ur_dashboard_msgs__rosidl_typesupport_c__pyext
[0.947s] [100%] Built target ur_dashboard_msgs__rosidl_typesupport_fastrtps_c__pyext
[1.043s] running egg_info
[1.044s] writing ur_dashboard_msgs.egg-info/PKG-INFO
[1.044s] writing dependency_links to ur_dashboard_msgs.egg-info/dependency_links.txt
[1.044s] writing top-level names to ur_dashboard_msgs.egg-info/top_level.txt
[1.046s] reading manifest file 'ur_dashboard_msgs.egg-info/SOURCES.txt'
[1.047s] writing manifest file 'ur_dashboard_msgs.egg-info/SOURCES.txt'
[1.088s] [100%] Built target ament_cmake_python_build_ur_dashboard_msgs_egg
[1.373s] Invoked command in '/workspaces/aprs/aprs_ws/build/ur_dashboard_msgs' returned '0': CMAKE_PREFIX_PATH=/opt/ros/humble /usr/bin/cmake --build /workspaces/aprs/aprs_ws/build/ur_dashboard_msgs -- -j16 -l16
[2.501s] Invoking command in '/workspaces/aprs/aprs_ws/build/ur_dashboard_msgs': CMAKE_PREFIX_PATH=/opt/ros/humble /usr/bin/cmake --install /workspaces/aprs/aprs_ws/build/ur_dashboard_msgs
[2.562s] -- Install configuration: ""
[2.562s] -- Up-to-date: /workspaces/aprs/aprs_ws/install/ur_dashboard_msgs/share/ament_index/resource_index/rosidl_interfaces/ur_dashboard_msgs
[2.562s] -- Up-to-date: /workspaces/aprs/aprs_ws/install/ur_dashboard_msgs/include/ur_dashboard_msgs/ur_dashboard_msgs
[2.562s] -- Up-to-date: /workspaces/aprs/aprs_ws/install/ur_dashboard_msgs/include/ur_dashboard_msgs/ur_dashboard_msgs/srv
[2.563s] -- Up-to-date: /workspaces/aprs/aprs_ws/install/ur_dashboard_msgs/include/ur_dashboard_msgs/ur_dashboard_msgs/srv/get_safety_mode.h
[2.563s] -- Up-to-date: /workspaces/aprs/aprs_ws/install/ur_dashboard_msgs/include/ur_dashboard_msgs/ur_dashboard_msgs/srv/get_loaded_program.h
[2.563s] -- Up-to-date: /workspaces/aprs/aprs_ws/install/ur_dashboard_msgs/include/ur_dashboard_msgs/ur_dashboard_msgs/srv/get_robot_mode.h
[2.563s] -- Up-to-date: /workspaces/aprs/aprs_ws/install/ur_dashboard_msgs/include/ur_dashboard_msgs/ur_dashboard_msgs/srv/detail
[2.563s] -- Up-to-date: /workspaces/aprs/aprs_ws/install/ur_dashboard_msgs/include/ur_dashboard_msgs/ur_dashboard_msgs/srv/detail/load__functions.c
[2.564s] -- Up-to-date: /workspaces/aprs/aprs_ws/install/ur_dashboard_msgs/include/ur_dashboard_msgs/ur_dashboard_msgs/srv/detail/is_program_running__type_support.h
[2.564s] -- Up-to-date: /workspaces/aprs/aprs_ws/install/ur_dashboard_msgs/include/ur_dashboard_msgs/ur_dashboard_msgs/srv/detail/get_program_state__struct.h
[2.564s] -- Up-to-date: /workspaces/aprs/aprs_ws/install/ur_dashboard_msgs/include/ur_dashboard_msgs/ur_dashboard_msgs/srv/detail/get_robot_mode__type_support.h
[2.564s] -- Up-to-date: /workspaces/aprs/aprs_ws/install/ur_dashboard_msgs/include/ur_dashboard_msgs/ur_dashboard_msgs/srv/detail/is_program_running__functions.h
[2.564s] -- Up-to-date: /workspaces/aprs/aprs_ws/install/ur_dashboard_msgs/include/ur_dashboard_msgs/ur_dashboard_msgs/srv/detail/add_to_log__functions.h
[2.565s] -- Up-to-date: /workspaces/aprs/aprs_ws/install/ur_dashboard_msgs/include/ur_dashboard_msgs/ur_dashboard_msgs/srv/detail/popup__struct.h
[2.565s] -- Up-to-date: /workspaces/aprs/aprs_ws/install/ur_dashboard_msgs/include/ur_dashboard_msgs/ur_dashboard_msgs/srv/detail/is_program_running__struct.h
[2.565s] -- Up-to-date: /workspaces/aprs/aprs_ws/install/ur_dashboard_msgs/include/ur_dashboard_msgs/ur_dashboard_msgs/srv/detail/get_loaded_program__type_support.h
[2.565s] -- Up-to-date: /workspaces/aprs/aprs_ws/install/ur_dashboard_msgs/include/ur_dashboard_msgs/ur_dashboard_msgs/srv/detail/is_program_saved__type_support.h
[2.565s] -- Up-to-date: /workspaces/aprs/aprs_ws/install/ur_dashboard_msgs/include/ur_dashboard_msgs/ur_dashboard_msgs/srv/detail/get_safety_mode__functions.h
[2.566s] -- Up-to-date: /workspaces/aprs/aprs_ws/install/ur_dashboard_msgs/include/ur_dashboard_msgs/ur_dashboard_msgs/srv/detail/popup__type_support.h
[2.566s] -- Up-to-date: /workspaces/aprs/aprs_ws/install/ur_dashboard_msgs/include/ur_dashboard_msgs/ur_dashboard_msgs/srv/detail/is_program_saved__functions.c
[2.566s] -- Up-to-date: /workspaces/aprs/aprs_ws/install/ur_dashboard_msgs/include/ur_dashboard_msgs/ur_dashboard_msgs/srv/detail/load__type_support.h
[2.566s] -- Up-to-date: /workspaces/aprs/aprs_ws/install/ur_dashboard_msgs/include/ur_dashboard_msgs/ur_dashboard_msgs/srv/detail/get_loaded_program__functions.c
[2.566s] -- Up-to-date: /workspaces/aprs/aprs_ws/install/ur_dashboard_msgs/include/ur_dashboard_msgs/ur_dashboard_msgs/srv/detail/add_to_log__struct.h
[2.567s] -- Up-to-date: /workspaces/aprs/aprs_ws/install/ur_dashboard_msgs/include/ur_dashboard_msgs/ur_dashboard_msgs/srv/detail/raw_request__functions.h
[2.567s] -- Up-to-date: /workspaces/aprs/aprs_ws/install/ur_dashboard_msgs/include/ur_dashboard_msgs/ur_dashboard_msgs/srv/detail/raw_request__functions.c
[2.567s] -- Up-to-date: /workspaces/aprs/aprs_ws/install/ur_dashboard_msgs/include/ur_dashboard_msgs/ur_dashboard_msgs/srv/detail/get_loaded_program__struct.h
[2.567s] -- Up-to-date: /workspaces/aprs/aprs_ws/install/ur_dashboard_msgs/include/ur_dashboard_msgs/ur_dashboard_msgs/srv/detail/get_program_state__type_support.h
[2.567s] -- Up-to-date: /workspaces/aprs/aprs_ws/install/ur_dashboard_msgs/include/ur_dashboard_msgs/ur_dashboard_msgs/srv/detail/raw_request__type_support.h
[2.568s] -- Up-to-date: /workspaces/aprs/aprs_ws/install/ur_dashboard_msgs/include/ur_dashboard_msgs/ur_dashboard_msgs/srv/detail/get_program_state__functions.c
[2.568s] -- Up-to-date: /workspaces/aprs/aprs_ws/install/ur_dashboard_msgs/include/ur_dashboard_msgs/ur_dashboard_msgs/srv/detail/is_program_running__functions.c
[2.568s] -- Up-to-date: /workspaces/aprs/aprs_ws/install/ur_dashboard_msgs/include/ur_dashboard_msgs/ur_dashboard_msgs/srv/detail/get_safety_mode__type_support.h
[2.568s] -- Up-to-date: /workspaces/aprs/aprs_ws/install/ur_dashboard_msgs/include/ur_dashboard_msgs/ur_dashboard_msgs/srv/detail/get_safety_mode__functions.c
[2.568s] -- Up-to-date: /workspaces/aprs/aprs_ws/install/ur_dashboard_msgs/include/ur_dashboard_msgs/ur_dashboard_msgs/srv/detail/load__struct.h
[2.568s] -- Up-to-date: /workspaces/aprs/aprs_ws/install/ur_dashboard_msgs/include/ur_dashboard_msgs/ur_dashboard_msgs/srv/detail/popup__functions.c
[2.569s] -- Up-to-date: /workspaces/aprs/aprs_ws/install/ur_dashboard_msgs/include/ur_dashboard_msgs/ur_dashboard_msgs/srv/detail/is_program_saved__struct.h
[2.569s] -- Up-to-date: /workspaces/aprs/aprs_ws/install/ur_dashboard_msgs/include/ur_dashboard_msgs/ur_dashboard_msgs/srv/detail/get_loaded_program__functions.h
[2.569s] -- Up-to-date: /workspaces/aprs/aprs_ws/install/ur_dashboard_msgs/include/ur_dashboard_msgs/ur_dashboard_msgs/srv/detail/get_robot_mode__functions.h
[2.569s] -- Up-to-date: /workspaces/aprs/aprs_ws/install/ur_dashboard_msgs/include/ur_dashboard_msgs/ur_dashboard_msgs/srv/detail/get_robot_mode__functions.c
[2.569s] -- Up-to-date: /workspaces/aprs/aprs_ws/install/ur_dashboard_msgs/include/ur_dashboard_msgs/ur_dashboard_msgs/srv/detail/get_safety_mode__struct.h
[2.570s] -- Up-to-date: /workspaces/aprs/aprs_ws/install/ur_dashboard_msgs/include/ur_dashboard_msgs/ur_dashboard_msgs/srv/detail/get_robot_mode__struct.h
[2.570s] -- Up-to-date: /workspaces/aprs/aprs_ws/install/ur_dashboard_msgs/include/ur_dashboard_msgs/ur_dashboard_msgs/srv/detail/add_to_log__type_support.h
[2.570s] -- Up-to-date: /workspaces/aprs/aprs_ws/install/ur_dashboard_msgs/include/ur_dashboard_msgs/ur_dashboard_msgs/srv/detail/popup__functions.h
[2.570s] -- Up-to-date: /workspaces/aprs/aprs_ws/install/ur_dashboard_msgs/include/ur_dashboard_msgs/ur_dashboard_msgs/srv/detail/add_to_log__functions.c
[2.571s] -- Up-to-date: /workspaces/aprs/aprs_ws/install/ur_dashboard_msgs/include/ur_dashboard_msgs/ur_dashboard_msgs/srv/detail/is_program_saved__functions.h
[2.571s] -- Up-to-date: /workspaces/aprs/aprs_ws/install/ur_dashboard_msgs/include/ur_dashboard_msgs/ur_dashboard_msgs/srv/detail/get_program_state__functions.h
[2.571s] -- Up-to-date: /workspaces/aprs/aprs_ws/install/ur_dashboard_msgs/include/ur_dashboard_msgs/ur_dashboard_msgs/srv/detail/load__functions.h
[2.571s] -- Up-to-date: /workspaces/aprs/aprs_ws/install/ur_dashboard_msgs/include/ur_dashboard_msgs/ur_dashboard_msgs/srv/detail/raw_request__struct.h
[2.572s] -- Up-to-date: /workspaces/aprs/aprs_ws/install/ur_dashboard_msgs/include/ur_dashboard_msgs/ur_dashboard_msgs/srv/is_program_running.h
[2.572s] -- Up-to-date: /workspaces/aprs/aprs_ws/install/ur_dashboard_msgs/include/ur_dashboard_msgs/ur_dashboard_msgs/srv/load.h
[2.572s] -- Up-to-date: /workspaces/aprs/aprs_ws/install/ur_dashboard_msgs/include/ur_dashboard_msgs/ur_dashboard_msgs/srv/is_program_saved.h
[2.572s] -- Up-to-date: /workspaces/aprs/aprs_ws/install/ur_dashboard_msgs/include/ur_dashboard_msgs/ur_dashboard_msgs/srv/add_to_log.h
[2.572s] -- Up-to-date: /workspaces/aprs/aprs_ws/install/ur_dashboard_msgs/include/ur_dashboard_msgs/ur_dashboard_msgs/srv/get_program_state.h
[2.572s] -- Up-to-date: /workspaces/aprs/aprs_ws/install/ur_dashboard_msgs/include/ur_dashboard_msgs/ur_dashboard_msgs/srv/raw_request.h
[2.572s] -- Up-to-date: /workspaces/aprs/aprs_ws/install/ur_dashboard_msgs/include/ur_dashboard_msgs/ur_dashboard_msgs/srv/popup.h
[2.573s] -- Up-to-date: /workspaces/aprs/aprs_ws/install/ur_dashboard_msgs/include/ur_dashboard_msgs/ur_dashboard_msgs/action
[2.573s] -- Up-to-date: /workspaces/aprs/aprs_ws/install/ur_dashboard_msgs/include/ur_dashboard_msgs/ur_dashboard_msgs/action/detail
[2.573s] -- Up-to-date: /workspaces/aprs/aprs_ws/install/ur_dashboard_msgs/include/ur_dashboard_msgs/ur_dashboard_msgs/action/detail/set_mode__struct.h
[2.573s] -- Up-to-date: /workspaces/aprs/aprs_ws/install/ur_dashboard_msgs/include/ur_dashboard_msgs/ur_dashboard_msgs/action/detail/set_mode__functions.c
[2.573s] -- Up-to-date: /workspaces/aprs/aprs_ws/install/ur_dashboard_msgs/include/ur_dashboard_msgs/ur_dashboard_msgs/action/detail/set_mode__type_support.h
[2.573s] -- Up-to-date: /workspaces/aprs/aprs_ws/install/ur_dashboard_msgs/include/ur_dashboard_msgs/ur_dashboard_msgs/action/detail/set_mode__functions.h
[2.574s] -- Up-to-date: /workspaces/aprs/aprs_ws/install/ur_dashboard_msgs/include/ur_dashboard_msgs/ur_dashboard_msgs/action/set_mode.h
[2.574s] -- Up-to-date: /workspaces/aprs/aprs_ws/install/ur_dashboard_msgs/include/ur_dashboard_msgs/ur_dashboard_msgs/msg
[2.574s] -- Up-to-date: /workspaces/aprs/aprs_ws/install/ur_dashboard_msgs/include/ur_dashboard_msgs/ur_dashboard_msgs/msg/robot_mode.h
[2.574s] -- Up-to-date: /workspaces/aprs/aprs_ws/install/ur_dashboard_msgs/include/ur_dashboard_msgs/ur_dashboard_msgs/msg/detail
[2.574s] -- Up-to-date: /workspaces/aprs/aprs_ws/install/ur_dashboard_msgs/include/ur_dashboard_msgs/ur_dashboard_msgs/msg/detail/safety_mode__functions.h
[2.574s] -- Up-to-date: /workspaces/aprs/aprs_ws/install/ur_dashboard_msgs/include/ur_dashboard_msgs/ur_dashboard_msgs/msg/detail/robot_mode__type_support.h
[2.574s] -- Up-to-date: /workspaces/aprs/aprs_ws/install/ur_dashboard_msgs/include/ur_dashboard_msgs/ur_dashboard_msgs/msg/detail/program_state__struct.h
[2.574s] -- Up-to-date: /workspaces/aprs/aprs_ws/install/ur_dashboard_msgs/include/ur_dashboard_msgs/ur_dashboard_msgs/msg/detail/program_state__functions.h
[2.575s] -- Up-to-date: /workspaces/aprs/aprs_ws/install/ur_dashboard_msgs/include/ur_dashboard_msgs/ur_dashboard_msgs/msg/detail/program_state__type_support.h
[2.575s] -- Up-to-date: /workspaces/aprs/aprs_ws/install/ur_dashboard_msgs/include/ur_dashboard_msgs/ur_dashboard_msgs/msg/detail/robot_mode__struct.h
[2.575s] -- Up-to-date: /workspaces/aprs/aprs_ws/install/ur_dashboard_msgs/include/ur_dashboard_msgs/ur_dashboard_msgs/msg/detail/safety_mode__functions.c
[2.575s] -- Up-to-date: /workspaces/aprs/aprs_ws/install/ur_dashboard_msgs/include/ur_dashboard_msgs/ur_dashboard_msgs/msg/detail/safety_mode__type_support.h
[2.575s] -- Up-to-date: /workspaces/aprs/aprs_ws/install/ur_dashboard_msgs/include/ur_dashboard_msgs/ur_dashboard_msgs/msg/detail/robot_mode__functions.h
[2.575s] -- Up-to-date: /workspaces/aprs/aprs_ws/install/ur_dashboard_msgs/include/ur_dashboard_msgs/ur_dashboard_msgs/msg/detail/program_state__functions.c
[2.575s] -- Up-to-date: /workspaces/aprs/aprs_ws/install/ur_dashboard_msgs/include/ur_dashboard_msgs/ur_dashboard_msgs/msg/detail/safety_mode__struct.h
[2.575s] -- Up-to-date: /workspaces/aprs/aprs_ws/install/ur_dashboard_msgs/include/ur_dashboard_msgs/ur_dashboard_msgs/msg/detail/robot_mode__functions.c
[2.575s] -- Up-to-date: /workspaces/aprs/aprs_ws/install/ur_dashboard_msgs/include/ur_dashboard_msgs/ur_dashboard_msgs/msg/rosidl_generator_c__visibility_control.h
[2.575s] -- Up-to-date: /workspaces/aprs/aprs_ws/install/ur_dashboard_msgs/include/ur_dashboard_msgs/ur_dashboard_msgs/msg/safety_mode.h
[2.576s] -- Up-to-date: /workspaces/aprs/aprs_ws/install/ur_dashboard_msgs/include/ur_dashboard_msgs/ur_dashboard_msgs/msg/program_state.h
[2.576s] -- Up-to-date: /workspaces/aprs/aprs_ws/install/ur_dashboard_msgs/share/ur_dashboard_msgs/environment/library_path.sh
[2.576s] -- Up-to-date: /workspaces/aprs/aprs_ws/install/ur_dashboard_msgs/share/ur_dashboard_msgs/environment/library_path.dsv
[2.576s] -- Up-to-date: /workspaces/aprs/aprs_ws/install/ur_dashboard_msgs/lib/libur_dashboard_msgs__rosidl_generator_c.so
[2.576s] -- Up-to-date: /workspaces/aprs/aprs_ws/install/ur_dashboard_msgs/include/ur_dashboard_msgs/ur_dashboard_msgs
[2.576s] -- Up-to-date: /workspaces/aprs/aprs_ws/install/ur_dashboard_msgs/include/ur_dashboard_msgs/ur_dashboard_msgs/srv
[2.576s] -- Up-to-date: /workspaces/aprs/aprs_ws/install/ur_dashboard_msgs/include/ur_dashboard_msgs/ur_dashboard_msgs/srv/detail
[2.577s] -- Up-to-date: /workspaces/aprs/aprs_ws/install/ur_dashboard_msgs/include/ur_dashboard_msgs/ur_dashboard_msgs/srv/detail/get_loaded_program__rosidl_typesupport_fastrtps_c.h
[2.577s] -- Up-to-date: /workspaces/aprs/aprs_ws/install/ur_dashboard_msgs/include/ur_dashboard_msgs/ur_dashboard_msgs/srv/detail/get_program_state__rosidl_typesupport_fastrtps_c.h
[2.577s] -- Up-to-date: /workspaces/aprs/aprs_ws/install/ur_dashboard_msgs/include/ur_dashboard_msgs/ur_dashboard_msgs/srv/detail/is_program_running__rosidl_typesupport_fastrtps_c.h
[2.577s] -- Up-to-date: /workspaces/aprs/aprs_ws/install/ur_dashboard_msgs/include/ur_dashboard_msgs/ur_dashboard_msgs/srv/detail/raw_request__rosidl_typesupport_fastrtps_c.h
[2.577s] -- Up-to-date: /workspaces/aprs/aprs_ws/install/ur_dashboard_msgs/include/ur_dashboard_msgs/ur_dashboard_msgs/srv/detail/is_program_saved__rosidl_typesupport_fastrtps_c.h
[2.577s] -- Up-to-date: /workspaces/aprs/aprs_ws/install/ur_dashboard_msgs/include/ur_dashboard_msgs/ur_dashboard_msgs/srv/detail/get_robot_mode__rosidl_typesupport_fastrtps_c.h
[2.577s] -- Up-to-date: /workspaces/aprs/aprs_ws/install/ur_dashboard_msgs/include/ur_dashboard_msgs/ur_dashboard_msgs/srv/detail/load__rosidl_typesupport_fastrtps_c.h
[2.578s] -- Up-to-date: /workspaces/aprs/aprs_ws/install/ur_dashboard_msgs/include/ur_dashboard_msgs/ur_dashboard_msgs/srv/detail/popup__rosidl_typesupport_fastrtps_c.h
[2.578s] -- Up-to-date: /workspaces/aprs/aprs_ws/install/ur_dashboard_msgs/include/ur_dashboard_msgs/ur_dashboard_msgs/srv/detail/add_to_log__rosidl_typesupport_fastrtps_c.h
[2.578s] -- Up-to-date: /workspaces/aprs/aprs_ws/install/ur_dashboard_msgs/include/ur_dashboard_msgs/ur_dashboard_msgs/srv/detail/get_safety_mode__rosidl_typesupport_fastrtps_c.h
[2.578s] -- Up-to-date: /workspaces/aprs/aprs_ws/install/ur_dashboard_msgs/include/ur_dashboard_msgs/ur_dashboard_msgs/action
[2.578s] -- Up-to-date: /workspaces/aprs/aprs_ws/install/ur_dashboard_msgs/include/ur_dashboard_msgs/ur_dashboard_msgs/action/detail
[2.578s] -- Up-to-date: /workspaces/aprs/aprs_ws/install/ur_dashboard_msgs/include/ur_dashboard_msgs/ur_dashboard_msgs/action/detail/set_mode__rosidl_typesupport_fastrtps_c.h
[2.578s] -- Up-to-date: /workspaces/aprs/aprs_ws/install/ur_dashboard_msgs/include/ur_dashboard_msgs/ur_dashboard_msgs/msg
[2.578s] -- Up-to-date: /workspaces/aprs/aprs_ws/install/ur_dashboard_msgs/include/ur_dashboard_msgs/ur_dashboard_msgs/msg/detail
[2.579s] -- Up-to-date: /workspaces/aprs/aprs_ws/install/ur_dashboard_msgs/include/ur_dashboard_msgs/ur_dashboard_msgs/msg/detail/robot_mode__rosidl_typesupport_fastrtps_c.h
[2.579s] -- Up-to-date: /workspaces/aprs/aprs_ws/install/ur_dashboard_msgs/include/ur_dashboard_msgs/ur_dashboard_msgs/msg/detail/program_state__rosidl_typesupport_fastrtps_c.h
[2.579s] -- Up-to-date: /workspaces/aprs/aprs_ws/install/ur_dashboard_msgs/include/ur_dashboard_msgs/ur_dashboard_msgs/msg/detail/safety_mode__rosidl_typesupport_fastrtps_c.h
[2.579s] -- Up-to-date: /workspaces/aprs/aprs_ws/install/ur_dashboard_msgs/include/ur_dashboard_msgs/ur_dashboard_msgs/msg/rosidl_typesupport_fastrtps_c__visibility_control.h
[2.579s] -- Up-to-date: /workspaces/aprs/aprs_ws/install/ur_dashboard_msgs/lib/libur_dashboard_msgs__rosidl_typesupport_fastrtps_c.so
[2.579s] -- Up-to-date: /workspaces/aprs/aprs_ws/install/ur_dashboard_msgs/include/ur_dashboard_msgs/ur_dashboard_msgs
[2.579s] -- Up-to-date: /workspaces/aprs/aprs_ws/install/ur_dashboard_msgs/include/ur_dashboard_msgs/ur_dashboard_msgs/srv
[2.580s] -- Up-to-date: /workspaces/aprs/aprs_ws/install/ur_dashboard_msgs/include/ur_dashboard_msgs/ur_dashboard_msgs/srv/detail
[2.580s] -- Up-to-date: /workspaces/aprs/aprs_ws/install/ur_dashboard_msgs/include/ur_dashboard_msgs/ur_dashboard_msgs/srv/detail/raw_request__rosidl_typesupport_introspection_c.h
[2.580s] -- Up-to-date: /workspaces/aprs/aprs_ws/install/ur_dashboard_msgs/include/ur_dashboard_msgs/ur_dashboard_msgs/srv/detail/get_program_state__type_support.c
[2.580s] -- Up-to-date: /workspaces/aprs/aprs_ws/install/ur_dashboard_msgs/include/ur_dashboard_msgs/ur_dashboard_msgs/srv/detail/load__rosidl_typesupport_introspection_c.h
[2.580s] -- Up-to-date: /workspaces/aprs/aprs_ws/install/ur_dashboard_msgs/include/ur_dashboard_msgs/ur_dashboard_msgs/srv/detail/get_safety_mode__rosidl_typesupport_introspection_c.h
[2.580s] -- Up-to-date: /workspaces/aprs/aprs_ws/install/ur_dashboard_msgs/include/ur_dashboard_msgs/ur_dashboard_msgs/srv/detail/get_safety_mode__type_support.c
[2.581s] -- Up-to-date: /workspaces/aprs/aprs_ws/install/ur_dashboard_msgs/include/ur_dashboard_msgs/ur_dashboard_msgs/srv/detail/load__type_support.c
[2.581s] -- Up-to-date: /workspaces/aprs/aprs_ws/install/ur_dashboard_msgs/include/ur_dashboard_msgs/ur_dashboard_msgs/srv/detail/get_loaded_program__type_support.c
[2.581s] -- Up-to-date: /workspaces/aprs/aprs_ws/install/ur_dashboard_msgs/include/ur_dashboard_msgs/ur_dashboard_msgs/srv/detail/is_program_running__rosidl_typesupport_introspection_c.h
[2.581s] -- Up-to-date: /workspaces/aprs/aprs_ws/install/ur_dashboard_msgs/include/ur_dashboard_msgs/ur_dashboard_msgs/srv/detail/popup__rosidl_typesupport_introspection_c.h
[2.581s] -- Up-to-date: /workspaces/aprs/aprs_ws/install/ur_dashboard_msgs/include/ur_dashboard_msgs/ur_dashboard_msgs/srv/detail/raw_request__type_support.c
[2.581s] -- Up-to-date: /workspaces/aprs/aprs_ws/install/ur_dashboard_msgs/include/ur_dashboard_msgs/ur_dashboard_msgs/srv/detail/popup__type_support.c
[2.581s] -- Up-to-date: /workspaces/aprs/aprs_ws/install/ur_dashboard_msgs/include/ur_dashboard_msgs/ur_dashboard_msgs/srv/detail/get_robot_mode__rosidl_typesupport_introspection_c.h
[2.581s] -- Up-to-date: /workspaces/aprs/aprs_ws/install/ur_dashboard_msgs/include/ur_dashboard_msgs/ur_dashboard_msgs/srv/detail/get_robot_mode__type_support.c
[2.582s] -- Up-to-date: /workspaces/aprs/aprs_ws/install/ur_dashboard_msgs/include/ur_dashboard_msgs/ur_dashboard_msgs/srv/detail/get_loaded_program__rosidl_typesupport_introspection_c.h
[2.582s] -- Up-to-date: /workspaces/aprs/aprs_ws/install/ur_dashboard_msgs/include/ur_dashboard_msgs/ur_dashboard_msgs/srv/detail/add_to_log__type_support.c
[2.582s] -- Up-to-date: /workspaces/aprs/aprs_ws/install/ur_dashboard_msgs/include/ur_dashboard_msgs/ur_dashboard_msgs/srv/detail/get_program_state__rosidl_typesupport_introspection_c.h
[2.582s] -- Up-to-date: /workspaces/aprs/aprs_ws/install/ur_dashboard_msgs/include/ur_dashboard_msgs/ur_dashboard_msgs/srv/detail/is_program_running__type_support.c
[2.582s] -- Up-to-date: /workspaces/aprs/aprs_ws/install/ur_dashboard_msgs/include/ur_dashboard_msgs/ur_dashboard_msgs/srv/detail/is_program_saved__rosidl_typesupport_introspection_c.h
[2.582s] -- Up-to-date: /workspaces/aprs/aprs_ws/install/ur_dashboard_msgs/include/ur_dashboard_msgs/ur_dashboard_msgs/srv/detail/add_to_log__rosidl_typesupport_introspection_c.h
[2.582s] -- Up-to-date: /workspaces/aprs/aprs_ws/install/ur_dashboard_msgs/include/ur_dashboard_msgs/ur_dashboard_msgs/srv/detail/is_program_saved__type_support.c
[2.582s] -- Up-to-date: /workspaces/aprs/aprs_ws/install/ur_dashboard_msgs/include/ur_dashboard_msgs/ur_dashboard_msgs/action
[2.583s] -- Up-to-date: /workspaces/aprs/aprs_ws/install/ur_dashboard_msgs/include/ur_dashboard_msgs/ur_dashboard_msgs/action/detail
[2.583s] -- Up-to-date: /workspaces/aprs/aprs_ws/install/ur_dashboard_msgs/include/ur_dashboard_msgs/ur_dashboard_msgs/action/detail/set_mode__rosidl_typesupport_introspection_c.h
[2.583s] -- Up-to-date: /workspaces/aprs/aprs_ws/install/ur_dashboard_msgs/include/ur_dashboard_msgs/ur_dashboard_msgs/action/detail/set_mode__type_support.c
[2.583s] -- Up-to-date: /workspaces/aprs/aprs_ws/install/ur_dashboard_msgs/include/ur_dashboard_msgs/ur_dashboard_msgs/msg
[2.583s] -- Up-to-date: /workspaces/aprs/aprs_ws/install/ur_dashboard_msgs/include/ur_dashboard_msgs/ur_dashboard_msgs/msg/rosidl_typesupport_introspection_c__visibility_control.h
[2.584s] -- Up-to-date: /workspaces/aprs/aprs_ws/install/ur_dashboard_msgs/include/ur_dashboard_msgs/ur_dashboard_msgs/msg/detail
[2.584s] -- Up-to-date: /workspaces/aprs/aprs_ws/install/ur_dashboard_msgs/include/ur_dashboard_msgs/ur_dashboard_msgs/msg/detail/safety_mode__rosidl_typesupport_introspection_c.h
[2.584s] -- Up-to-date: /workspaces/aprs/aprs_ws/install/ur_dashboard_msgs/include/ur_dashboard_msgs/ur_dashboard_msgs/msg/detail/program_state__rosidl_typesupport_introspection_c.h
[2.584s] -- Up-to-date: /workspaces/aprs/aprs_ws/install/ur_dashboard_msgs/include/ur_dashboard_msgs/ur_dashboard_msgs/msg/detail/robot_mode__type_support.c
[2.584s] -- Up-to-date: /workspaces/aprs/aprs_ws/install/ur_dashboard_msgs/include/ur_dashboard_msgs/ur_dashboard_msgs/msg/detail/safety_mode__type_support.c
[2.584s] -- Up-to-date: /workspaces/aprs/aprs_ws/install/ur_dashboard_msgs/include/ur_dashboard_msgs/ur_dashboard_msgs/msg/detail/program_state__type_support.c
[2.584s] -- Up-to-date: /workspaces/aprs/aprs_ws/install/ur_dashboard_msgs/include/ur_dashboard_msgs/ur_dashboard_msgs/msg/detail/robot_mode__rosidl_typesupport_introspection_c.h
[2.584s] -- Up-to-date: /workspaces/aprs/aprs_ws/install/ur_dashboard_msgs/lib/libur_dashboard_msgs__rosidl_typesupport_introspection_c.so
[2.585s] -- Up-to-date: /workspaces/aprs/aprs_ws/install/ur_dashboard_msgs/lib/libur_dashboard_msgs__rosidl_typesupport_c.so
[2.585s] -- Up-to-date: /workspaces/aprs/aprs_ws/install/ur_dashboard_msgs/include/ur_dashboard_msgs/ur_dashboard_msgs
[2.585s] -- Up-to-date: /workspaces/aprs/aprs_ws/install/ur_dashboard_msgs/include/ur_dashboard_msgs/ur_dashboard_msgs/srv
[2.585s] -- Up-to-date: /workspaces/aprs/aprs_ws/install/ur_dashboard_msgs/include/ur_dashboard_msgs/ur_dashboard_msgs/srv/detail
[2.585s] -- Up-to-date: /workspaces/aprs/aprs_ws/install/ur_dashboard_msgs/include/ur_dashboard_msgs/ur_dashboard_msgs/srv/detail/add_to_log__traits.hpp
[2.585s] -- Up-to-date: /workspaces/aprs/aprs_ws/install/ur_dashboard_msgs/include/ur_dashboard_msgs/ur_dashboard_msgs/srv/detail/raw_request__struct.hpp
[2.585s] -- Up-to-date: /workspaces/aprs/aprs_ws/install/ur_dashboard_msgs/include/ur_dashboard_msgs/ur_dashboard_msgs/srv/detail/popup__traits.hpp
[2.585s] -- Up-to-date: /workspaces/aprs/aprs_ws/install/ur_dashboard_msgs/include/ur_dashboard_msgs/ur_dashboard_msgs/srv/detail/popup__builder.hpp
[2.585s] -- Up-to-date: /workspaces/aprs/aprs_ws/install/ur_dashboard_msgs/include/ur_dashboard_msgs/ur_dashboard_msgs/srv/detail/raw_request__traits.hpp
[2.586s] -- Up-to-date: /workspaces/aprs/aprs_ws/install/ur_dashboard_msgs/include/ur_dashboard_msgs/ur_dashboard_msgs/srv/detail/get_program_state__struct.hpp
[2.586s] -- Up-to-date: /workspaces/aprs/aprs_ws/install/ur_dashboard_msgs/include/ur_dashboard_msgs/ur_dashboard_msgs/srv/detail/add_to_log__builder.hpp
[2.586s] -- Up-to-date: /workspaces/aprs/aprs_ws/install/ur_dashboard_msgs/include/ur_dashboard_msgs/ur_dashboard_msgs/srv/detail/popup__struct.hpp
[2.586s] -- Up-to-date: /workspaces/aprs/aprs_ws/install/ur_dashboard_msgs/include/ur_dashboard_msgs/ur_dashboard_msgs/srv/detail/is_program_running__traits.hpp
[2.586s] -- Up-to-date: /workspaces/aprs/aprs_ws/install/ur_dashboard_msgs/include/ur_dashboard_msgs/ur_dashboard_msgs/srv/detail/load__traits.hpp
[2.586s] -- Up-to-date: /workspaces/aprs/aprs_ws/install/ur_dashboard_msgs/include/ur_dashboard_msgs/ur_dashboard_msgs/srv/detail/is_program_running__struct.hpp
[2.586s] -- Up-to-date: /workspaces/aprs/aprs_ws/install/ur_dashboard_msgs/include/ur_dashboard_msgs/ur_dashboard_msgs/srv/detail/add_to_log__struct.hpp
[2.586s] -- Up-to-date: /workspaces/aprs/aprs_ws/install/ur_dashboard_msgs/include/ur_dashboard_msgs/ur_dashboard_msgs/srv/detail/raw_request__builder.hpp
[2.587s] -- Up-to-date: /workspaces/aprs/aprs_ws/install/ur_dashboard_msgs/include/ur_dashboard_msgs/ur_dashboard_msgs/srv/detail/get_loaded_program__builder.hpp
[2.587s] -- Up-to-date: /workspaces/aprs/aprs_ws/install/ur_dashboard_msgs/include/ur_dashboard_msgs/ur_dashboard_msgs/srv/detail/is_program_running__builder.hpp
[2.587s] -- Up-to-date: /workspaces/aprs/aprs_ws/install/ur_dashboard_msgs/include/ur_dashboard_msgs/ur_dashboard_msgs/srv/detail/is_program_saved__struct.hpp
[2.587s] -- Up-to-date: /workspaces/aprs/aprs_ws/install/ur_dashboard_msgs/include/ur_dashboard_msgs/ur_dashboard_msgs/srv/detail/get_robot_mode__builder.hpp
[2.587s] -- Up-to-date: /workspaces/aprs/aprs_ws/install/ur_dashboard_msgs/include/ur_dashboard_msgs/ur_dashboard_msgs/srv/detail/is_program_saved__traits.hpp
[2.587s] -- Up-to-date: /workspaces/aprs/aprs_ws/install/ur_dashboard_msgs/include/ur_dashboard_msgs/ur_dashboard_msgs/srv/detail/get_safety_mode__struct.hpp
[2.587s] -- Up-to-date: /workspaces/aprs/aprs_ws/install/ur_dashboard_msgs/include/ur_dashboard_msgs/ur_dashboard_msgs/srv/detail/get_loaded_program__traits.hpp
[2.587s] -- Up-to-date: /workspaces/aprs/aprs_ws/install/ur_dashboard_msgs/include/ur_dashboard_msgs/ur_dashboard_msgs/srv/detail/get_program_state__traits.hpp
[2.588s] -- Up-to-date: /workspaces/aprs/aprs_ws/install/ur_dashboard_msgs/include/ur_dashboard_msgs/ur_dashboard_msgs/srv/detail/is_program_saved__builder.hpp
[2.588s] -- Up-to-date: /workspaces/aprs/aprs_ws/install/ur_dashboard_msgs/include/ur_dashboard_msgs/ur_dashboard_msgs/srv/detail/load__struct.hpp
[2.588s] -- Up-to-date: /workspaces/aprs/aprs_ws/install/ur_dashboard_msgs/include/ur_dashboard_msgs/ur_dashboard_msgs/srv/detail/get_safety_mode__traits.hpp
[2.588s] -- Up-to-date: /workspaces/aprs/aprs_ws/install/ur_dashboard_msgs/include/ur_dashboard_msgs/ur_dashboard_msgs/srv/detail/get_robot_mode__struct.hpp
[2.590s] -- Up-to-date: /workspaces/aprs/aprs_ws/install/ur_dashboard_msgs/include/ur_dashboard_msgs/ur_dashboard_msgs/srv/detail/get_robot_mode__traits.hpp
[2.591s] -- Up-to-date: /workspaces/aprs/aprs_ws/install/ur_dashboard_msgs/include/ur_dashboard_msgs/ur_dashboard_msgs/srv/detail/get_loaded_program__struct.hpp
[2.591s] -- Up-to-date: /workspaces/aprs/aprs_ws/install/ur_dashboard_msgs/include/ur_dashboard_msgs/ur_dashboard_msgs/srv/detail/get_program_state__builder.hpp
[2.591s] -- Up-to-date: /workspaces/aprs/aprs_ws/install/ur_dashboard_msgs/include/ur_dashboard_msgs/ur_dashboard_msgs/srv/detail/get_safety_mode__builder.hpp
[2.591s] -- Up-to-date: /workspaces/aprs/aprs_ws/install/ur_dashboard_msgs/include/ur_dashboard_msgs/ur_dashboard_msgs/srv/detail/load__builder.hpp
[2.592s] -- Up-to-date: /workspaces/aprs/aprs_ws/install/ur_dashboard_msgs/include/ur_dashboard_msgs/ur_dashboard_msgs/srv/raw_request.hpp
[2.592s] -- Up-to-date: /workspaces/aprs/aprs_ws/install/ur_dashboard_msgs/include/ur_dashboard_msgs/ur_dashboard_msgs/srv/get_loaded_program.hpp
[2.592s] -- Up-to-date: /workspaces/aprs/aprs_ws/install/ur_dashboard_msgs/include/ur_dashboard_msgs/ur_dashboard_msgs/srv/get_safety_mode.hpp
[2.592s] -- Up-to-date: /workspaces/aprs/aprs_ws/install/ur_dashboard_msgs/include/ur_dashboard_msgs/ur_dashboard_msgs/srv/popup.hpp
[2.593s] -- Up-to-date: /workspaces/aprs/aprs_ws/install/ur_dashboard_msgs/include/ur_dashboard_msgs/ur_dashboard_msgs/srv/load.hpp
[2.593s] -- Up-to-date: /workspaces/aprs/aprs_ws/install/ur_dashboard_msgs/include/ur_dashboard_msgs/ur_dashboard_msgs/srv/add_to_log.hpp
[2.593s] -- Up-to-date: /workspaces/aprs/aprs_ws/install/ur_dashboard_msgs/include/ur_dashboard_msgs/ur_dashboard_msgs/srv/get_program_state.hpp
[2.593s] -- Up-to-date: /workspaces/aprs/aprs_ws/install/ur_dashboard_msgs/include/ur_dashboard_msgs/ur_dashboard_msgs/srv/get_robot_mode.hpp
[2.593s] -- Up-to-date: /workspaces/aprs/aprs_ws/install/ur_dashboard_msgs/include/ur_dashboard_msgs/ur_dashboard_msgs/srv/is_program_running.hpp
[2.593s] -- Up-to-date: /workspaces/aprs/aprs_ws/install/ur_dashboard_msgs/include/ur_dashboard_msgs/ur_dashboard_msgs/srv/is_program_saved.hpp
[2.594s] -- Up-to-date: /workspaces/aprs/aprs_ws/install/ur_dashboard_msgs/include/ur_dashboard_msgs/ur_dashboard_msgs/action
[2.594s] -- Up-to-date: /workspaces/aprs/aprs_ws/install/ur_dashboard_msgs/include/ur_dashboard_msgs/ur_dashboard_msgs/action/detail
[2.594s] -- Up-to-date: /workspaces/aprs/aprs_ws/install/ur_dashboard_msgs/include/ur_dashboard_msgs/ur_dashboard_msgs/action/detail/set_mode__struct.hpp
[2.594s] -- Up-to-date: /workspaces/aprs/aprs_ws/install/ur_dashboard_msgs/include/ur_dashboard_msgs/ur_dashboard_msgs/action/detail/set_mode__builder.hpp
[2.594s] -- Up-to-date: /workspaces/aprs/aprs_ws/install/ur_dashboard_msgs/include/ur_dashboard_msgs/ur_dashboard_msgs/action/detail/set_mode__traits.hpp
[2.595s] -- Up-to-date: /workspaces/aprs/aprs_ws/install/ur_dashboard_msgs/include/ur_dashboard_msgs/ur_dashboard_msgs/action/set_mode.hpp
[2.595s] -- Up-to-date: /workspaces/aprs/aprs_ws/install/ur_dashboard_msgs/include/ur_dashboard_msgs/ur_dashboard_msgs/msg
[2.595s] -- Up-to-date: /workspaces/aprs/aprs_ws/install/ur_dashboard_msgs/include/ur_dashboard_msgs/ur_dashboard_msgs/msg/robot_mode.hpp
[2.595s] -- Up-to-date: /workspaces/aprs/aprs_ws/install/ur_dashboard_msgs/include/ur_dashboard_msgs/ur_dashboard_msgs/msg/detail
[2.595s] -- Up-to-date: /workspaces/aprs/aprs_ws/install/ur_dashboard_msgs/include/ur_dashboard_msgs/ur_dashboard_msgs/msg/detail/program_state__builder.hpp
[2.596s] -- Up-to-date: /workspaces/aprs/aprs_ws/install/ur_dashboard_msgs/include/ur_dashboard_msgs/ur_dashboard_msgs/msg/detail/safety_mode__builder.hpp
[2.596s] -- Up-to-date: /workspaces/aprs/aprs_ws/install/ur_dashboard_msgs/include/ur_dashboard_msgs/ur_dashboard_msgs/msg/detail/safety_mode__traits.hpp
[2.596s] -- Up-to-date: /workspaces/aprs/aprs_ws/install/ur_dashboard_msgs/include/ur_dashboard_msgs/ur_dashboard_msgs/msg/detail/program_state__traits.hpp
[2.596s] -- Up-to-date: /workspaces/aprs/aprs_ws/install/ur_dashboard_msgs/include/ur_dashboard_msgs/ur_dashboard_msgs/msg/detail/robot_mode__builder.hpp
[2.596s] -- Up-to-date: /workspaces/aprs/aprs_ws/install/ur_dashboard_msgs/include/ur_dashboard_msgs/ur_dashboard_msgs/msg/detail/safety_mode__struct.hpp
[2.596s] -- Up-to-date: /workspaces/aprs/aprs_ws/install/ur_dashboard_msgs/include/ur_dashboard_msgs/ur_dashboard_msgs/msg/detail/robot_mode__struct.hpp
[2.597s] -- Up-to-date: /workspaces/aprs/aprs_ws/install/ur_dashboard_msgs/include/ur_dashboard_msgs/ur_dashboard_msgs/msg/detail/robot_mode__traits.hpp
[2.597s] -- Up-to-date: /workspaces/aprs/aprs_ws/install/ur_dashboard_msgs/include/ur_dashboard_msgs/ur_dashboard_msgs/msg/detail/program_state__struct.hpp
[2.597s] -- Up-to-date: /workspaces/aprs/aprs_ws/install/ur_dashboard_msgs/include/ur_dashboard_msgs/ur_dashboard_msgs/msg/safety_mode.hpp
[2.597s] -- Up-to-date: /workspaces/aprs/aprs_ws/install/ur_dashboard_msgs/include/ur_dashboard_msgs/ur_dashboard_msgs/msg/program_state.hpp
[2.597s] -- Up-to-date: /workspaces/aprs/aprs_ws/install/ur_dashboard_msgs/include/ur_dashboard_msgs/ur_dashboard_msgs
[2.597s] -- Up-to-date: /workspaces/aprs/aprs_ws/install/ur_dashboard_msgs/include/ur_dashboard_msgs/ur_dashboard_msgs/srv
[2.597s] -- Up-to-date: /workspaces/aprs/aprs_ws/install/ur_dashboard_msgs/include/ur_dashboard_msgs/ur_dashboard_msgs/srv/detail
[2.598s] -- Up-to-date: /workspaces/aprs/aprs_ws/install/ur_dashboard_msgs/include/ur_dashboard_msgs/ur_dashboard_msgs/srv/detail/dds_fastrtps
[2.598s] -- Up-to-date: /workspaces/aprs/aprs_ws/install/ur_dashboard_msgs/include/ur_dashboard_msgs/ur_dashboard_msgs/srv/detail/get_loaded_program__rosidl_typesupport_fastrtps_cpp.hpp
[2.598s] -- Up-to-date: /workspaces/aprs/aprs_ws/install/ur_dashboard_msgs/include/ur_dashboard_msgs/ur_dashboard_msgs/srv/detail/add_to_log__rosidl_typesupport_fastrtps_cpp.hpp
[2.598s] -- Up-to-date: /workspaces/aprs/aprs_ws/install/ur_dashboard_msgs/include/ur_dashboard_msgs/ur_dashboard_msgs/srv/detail/get_robot_mode__rosidl_typesupport_fastrtps_cpp.hpp
[2.598s] -- Up-to-date: /workspaces/aprs/aprs_ws/install/ur_dashboard_msgs/include/ur_dashboard_msgs/ur_dashboard_msgs/srv/detail/raw_request__rosidl_typesupport_fastrtps_cpp.hpp
[2.598s] -- Up-to-date: /workspaces/aprs/aprs_ws/install/ur_dashboard_msgs/include/ur_dashboard_msgs/ur_dashboard_msgs/srv/detail/load__rosidl_typesupport_fastrtps_cpp.hpp
[2.598s] -- Up-to-date: /workspaces/aprs/aprs_ws/install/ur_dashboard_msgs/include/ur_dashboard_msgs/ur_dashboard_msgs/srv/detail/get_safety_mode__rosidl_typesupport_fastrtps_cpp.hpp
[2.599s] -- Up-to-date: /workspaces/aprs/aprs_ws/install/ur_dashboard_msgs/include/ur_dashboard_msgs/ur_dashboard_msgs/srv/detail/get_program_state__rosidl_typesupport_fastrtps_cpp.hpp
[2.599s] -- Up-to-date: /workspaces/aprs/aprs_ws/install/ur_dashboard_msgs/include/ur_dashboard_msgs/ur_dashboard_msgs/srv/detail/is_program_saved__rosidl_typesupport_fastrtps_cpp.hpp
[2.599s] -- Up-to-date: /workspaces/aprs/aprs_ws/install/ur_dashboard_msgs/include/ur_dashboard_msgs/ur_dashboard_msgs/srv/detail/is_program_running__rosidl_typesupport_fastrtps_cpp.hpp
[2.599s] -- Up-to-date: /workspaces/aprs/aprs_ws/install/ur_dashboard_msgs/include/ur_dashboard_msgs/ur_dashboard_msgs/srv/detail/popup__rosidl_typesupport_fastrtps_cpp.hpp
[2.600s] -- Up-to-date: /workspaces/aprs/aprs_ws/install/ur_dashboard_msgs/include/ur_dashboard_msgs/ur_dashboard_msgs/action
[2.600s] -- Up-to-date: /workspaces/aprs/aprs_ws/install/ur_dashboard_msgs/include/ur_dashboard_msgs/ur_dashboard_msgs/action/detail
[2.600s] -- Up-to-date: /workspaces/aprs/aprs_ws/install/ur_dashboard_msgs/include/ur_dashboard_msgs/ur_dashboard_msgs/action/detail/dds_fastrtps
[2.600s] -- Up-to-date: /workspaces/aprs/aprs_ws/install/ur_dashboard_msgs/include/ur_dashboard_msgs/ur_dashboard_msgs/action/detail/set_mode__rosidl_typesupport_fastrtps_cpp.hpp
[2.600s] -- Up-to-date: /workspaces/aprs/aprs_ws/install/ur_dashboard_msgs/include/ur_dashboard_msgs/ur_dashboard_msgs/msg
[2.600s] -- Up-to-date: /workspaces/aprs/aprs_ws/install/ur_dashboard_msgs/include/ur_dashboard_msgs/ur_dashboard_msgs/msg/detail
[2.601s] -- Up-to-date: /workspaces/aprs/aprs_ws/install/ur_dashboard_msgs/include/ur_dashboard_msgs/ur_dashboard_msgs/msg/detail/robot_mode__rosidl_typesupport_fastrtps_cpp.hpp
[2.601s] -- Up-to-date: /workspaces/aprs/aprs_ws/install/ur_dashboard_msgs/include/ur_dashboard_msgs/ur_dashboard_msgs/msg/detail/dds_fastrtps
[2.601s] -- Up-to-date: /workspaces/aprs/aprs_ws/install/ur_dashboard_msgs/include/ur_dashboard_msgs/ur_dashboard_msgs/msg/detail/safety_mode__rosidl_typesupport_fastrtps_cpp.hpp
[2.601s] -- Up-to-date: /workspaces/aprs/aprs_ws/install/ur_dashboard_msgs/include/ur_dashboard_msgs/ur_dashboard_msgs/msg/detail/program_state__rosidl_typesupport_fastrtps_cpp.hpp
[2.601s] -- Up-to-date: /workspaces/aprs/aprs_ws/install/ur_dashboard_msgs/include/ur_dashboard_msgs/ur_dashboard_msgs/msg/rosidl_typesupport_fastrtps_cpp__visibility_control.h
[2.601s] -- Up-to-date: /workspaces/aprs/aprs_ws/install/ur_dashboard_msgs/lib/libur_dashboard_msgs__rosidl_typesupport_fastrtps_cpp.so
[2.602s] -- Up-to-date: /workspaces/aprs/aprs_ws/install/ur_dashboard_msgs/include/ur_dashboard_msgs/ur_dashboard_msgs
[2.602s] -- Up-to-date: /workspaces/aprs/aprs_ws/install/ur_dashboard_msgs/include/ur_dashboard_msgs/ur_dashboard_msgs/srv
[2.602s] -- Up-to-date: /workspaces/aprs/aprs_ws/install/ur_dashboard_msgs/include/ur_dashboard_msgs/ur_dashboard_msgs/srv/detail
[2.602s] -- Up-to-date: /workspaces/aprs/aprs_ws/install/ur_dashboard_msgs/include/ur_dashboard_msgs/ur_dashboard_msgs/srv/detail/get_safety_mode__type_support.cpp
[2.602s] -- Up-to-date: /workspaces/aprs/aprs_ws/install/ur_dashboard_msgs/include/ur_dashboard_msgs/ur_dashboard_msgs/srv/detail/raw_request__type_support.cpp
[2.602s] -- Up-to-date: /workspaces/aprs/aprs_ws/install/ur_dashboard_msgs/include/ur_dashboard_msgs/ur_dashboard_msgs/srv/detail/is_program_saved__rosidl_typesupport_introspection_cpp.hpp
[2.603s] -- Up-to-date: /workspaces/aprs/aprs_ws/install/ur_dashboard_msgs/include/ur_dashboard_msgs/ur_dashboard_msgs/srv/detail/get_loaded_program__rosidl_typesupport_introspection_cpp.hpp
[2.603s] -- Up-to-date: /workspaces/aprs/aprs_ws/install/ur_dashboard_msgs/include/ur_dashboard_msgs/ur_dashboard_msgs/srv/detail/raw_request__rosidl_typesupport_introspection_cpp.hpp
[2.603s] -- Up-to-date: /workspaces/aprs/aprs_ws/install/ur_dashboard_msgs/include/ur_dashboard_msgs/ur_dashboard_msgs/srv/detail/popup__type_support.cpp
[2.603s] -- Up-to-date: /workspaces/aprs/aprs_ws/install/ur_dashboard_msgs/include/ur_dashboard_msgs/ur_dashboard_msgs/srv/detail/get_program_state__type_support.cpp
[2.603s] -- Up-to-date: /workspaces/aprs/aprs_ws/install/ur_dashboard_msgs/include/ur_dashboard_msgs/ur_dashboard_msgs/srv/detail/is_program_running__type_support.cpp
[2.603s] -- Up-to-date: /workspaces/aprs/aprs_ws/install/ur_dashboard_msgs/include/ur_dashboard_msgs/ur_dashboard_msgs/srv/detail/is_program_saved__type_support.cpp
[2.604s] -- Up-to-date: /workspaces/aprs/aprs_ws/install/ur_dashboard_msgs/include/ur_dashboard_msgs/ur_dashboard_msgs/srv/detail/get_loaded_program__type_support.cpp
[2.604s] -- Up-to-date: /workspaces/aprs/aprs_ws/install/ur_dashboard_msgs/include/ur_dashboard_msgs/ur_dashboard_msgs/srv/detail/load__rosidl_typesupport_introspection_cpp.hpp
[2.604s] -- Up-to-date: /workspaces/aprs/aprs_ws/install/ur_dashboard_msgs/include/ur_dashboard_msgs/ur_dashboard_msgs/srv/detail/add_to_log__rosidl_typesupport_introspection_cpp.hpp
[2.604s] -- Up-to-date: /workspaces/aprs/aprs_ws/install/ur_dashboard_msgs/include/ur_dashboard_msgs/ur_dashboard_msgs/srv/detail/get_program_state__rosidl_typesupport_introspection_cpp.hpp
[2.604s] -- Up-to-date: /workspaces/aprs/aprs_ws/install/ur_dashboard_msgs/include/ur_dashboard_msgs/ur_dashboard_msgs/srv/detail/popup__rosidl_typesupport_introspection_cpp.hpp
[2.604s] -- Up-to-date: /workspaces/aprs/aprs_ws/install/ur_dashboard_msgs/include/ur_dashboard_msgs/ur_dashboard_msgs/srv/detail/load__type_support.cpp
[2.605s] -- Up-to-date: /workspaces/aprs/aprs_ws/install/ur_dashboard_msgs/include/ur_dashboard_msgs/ur_dashboard_msgs/srv/detail/is_program_running__rosidl_typesupport_introspection_cpp.hpp
[2.605s] -- Up-to-date: /workspaces/aprs/aprs_ws/install/ur_dashboard_msgs/include/ur_dashboard_msgs/ur_dashboard_msgs/srv/detail/add_to_log__type_support.cpp
[2.605s] -- Up-to-date: /workspaces/aprs/aprs_ws/install/ur_dashboard_msgs/include/ur_dashboard_msgs/ur_dashboard_msgs/srv/detail/get_safety_mode__rosidl_typesupport_introspection_cpp.hpp
[2.605s] -- Up-to-date: /workspaces/aprs/aprs_ws/install/ur_dashboard_msgs/include/ur_dashboard_msgs/ur_dashboard_msgs/srv/detail/get_robot_mode__rosidl_typesupport_introspection_cpp.hpp
[2.605s] -- Up-to-date: /workspaces/aprs/aprs_ws/install/ur_dashboard_msgs/include/ur_dashboard_msgs/ur_dashboard_msgs/srv/detail/get_robot_mode__type_support.cpp
[2.605s] -- Up-to-date: /workspaces/aprs/aprs_ws/install/ur_dashboard_msgs/include/ur_dashboard_msgs/ur_dashboard_msgs/action
[2.605s] -- Up-to-date: /workspaces/aprs/aprs_ws/install/ur_dashboard_msgs/include/ur_dashboard_msgs/ur_dashboard_msgs/action/detail
[2.606s] -- Up-to-date: /workspaces/aprs/aprs_ws/install/ur_dashboard_msgs/include/ur_dashboard_msgs/ur_dashboard_msgs/action/detail/set_mode__rosidl_typesupport_introspection_cpp.hpp
[2.606s] -- Up-to-date: /workspaces/aprs/aprs_ws/install/ur_dashboard_msgs/include/ur_dashboard_msgs/ur_dashboard_msgs/action/detail/set_mode__type_support.cpp
[2.606s] -- Up-to-date: /workspaces/aprs/aprs_ws/install/ur_dashboard_msgs/include/ur_dashboard_msgs/ur_dashboard_msgs/msg
[2.606s] -- Up-to-date: /workspaces/aprs/aprs_ws/install/ur_dashboard_msgs/include/ur_dashboard_msgs/ur_dashboard_msgs/msg/detail
[2.606s] -- Up-to-date: /workspaces/aprs/aprs_ws/install/ur_dashboard_msgs/include/ur_dashboard_msgs/ur_dashboard_msgs/msg/detail/program_state__type_support.cpp
[2.607s] -- Up-to-date: /workspaces/aprs/aprs_ws/install/ur_dashboard_msgs/include/ur_dashboard_msgs/ur_dashboard_msgs/msg/detail/safety_mode__type_support.cpp
[2.607s] -- Up-to-date: /workspaces/aprs/aprs_ws/install/ur_dashboard_msgs/include/ur_dashboard_msgs/ur_dashboard_msgs/msg/detail/safety_mode__rosidl_typesupport_introspection_cpp.hpp
[2.608s] -- Up-to-date: /workspaces/aprs/aprs_ws/install/ur_dashboard_msgs/include/ur_dashboard_msgs/ur_dashboard_msgs/msg/detail/robot_mode__type_support.cpp
[2.608s] -- Up-to-date: /workspaces/aprs/aprs_ws/install/ur_dashboard_msgs/include/ur_dashboard_msgs/ur_dashboard_msgs/msg/detail/robot_mode__rosidl_typesupport_introspection_cpp.hpp
[2.608s] -- Up-to-date: /workspaces/aprs/aprs_ws/install/ur_dashboard_msgs/include/ur_dashboard_msgs/ur_dashboard_msgs/msg/detail/program_state__rosidl_typesupport_introspection_cpp.hpp
[2.609s] -- Up-to-date: /workspaces/aprs/aprs_ws/install/ur_dashboard_msgs/lib/libur_dashboard_msgs__rosidl_typesupport_introspection_cpp.so
[2.609s] -- Up-to-date: /workspaces/aprs/aprs_ws/install/ur_dashboard_msgs/lib/libur_dashboard_msgs__rosidl_typesupport_cpp.so
[2.609s] -- Up-to-date: /workspaces/aprs/aprs_ws/install/ur_dashboard_msgs/share/ur_dashboard_msgs/environment/pythonpath.sh
[2.609s] -- Up-to-date: /workspaces/aprs/aprs_ws/install/ur_dashboard_msgs/share/ur_dashboard_msgs/environment/pythonpath.dsv
[2.609s] -- Up-to-date: /workspaces/aprs/aprs_ws/install/ur_dashboard_msgs/local/lib/python3.10/dist-packages/ur_dashboard_msgs-2.2.8-py3.10.egg-info
[2.610s] -- Installing: /workspaces/aprs/aprs_ws/install/ur_dashboard_msgs/local/lib/python3.10/dist-packages/ur_dashboard_msgs-2.2.8-py3.10.egg-info/dependency_links.txt
[2.610s] -- Installing: /workspaces/aprs/aprs_ws/install/ur_dashboard_msgs/local/lib/python3.10/dist-packages/ur_dashboard_msgs-2.2.8-py3.10.egg-info/top_level.txt
[2.610s] -- Installing: /workspaces/aprs/aprs_ws/install/ur_dashboard_msgs/local/lib/python3.10/dist-packages/ur_dashboard_msgs-2.2.8-py3.10.egg-info/PKG-INFO
[2.610s] -- Installing: /workspaces/aprs/aprs_ws/install/ur_dashboard_msgs/local/lib/python3.10/dist-packages/ur_dashboard_msgs-2.2.8-py3.10.egg-info/SOURCES.txt
[2.610s] -- Up-to-date: /workspaces/aprs/aprs_ws/install/ur_dashboard_msgs/local/lib/python3.10/dist-packages/ur_dashboard_msgs
[2.610s] -- Up-to-date: /workspaces/aprs/aprs_ws/install/ur_dashboard_msgs/local/lib/python3.10/dist-packages/ur_dashboard_msgs/srv
[2.611s] -- Up-to-date: /workspaces/aprs/aprs_ws/install/ur_dashboard_msgs/local/lib/python3.10/dist-packages/ur_dashboard_msgs/srv/_load.py
[2.611s] -- Up-to-date: /workspaces/aprs/aprs_ws/install/ur_dashboard_msgs/local/lib/python3.10/dist-packages/ur_dashboard_msgs/srv/_is_program_running_s.c
[2.611s] -- Up-to-date: /workspaces/aprs/aprs_ws/install/ur_dashboard_msgs/local/lib/python3.10/dist-packages/ur_dashboard_msgs/srv/_raw_request_s.c
[2.611s] -- Up-to-date: /workspaces/aprs/aprs_ws/install/ur_dashboard_msgs/local/lib/python3.10/dist-packages/ur_dashboard_msgs/srv/_raw_request.py
[2.611s] -- Up-to-date: /workspaces/aprs/aprs_ws/install/ur_dashboard_msgs/local/lib/python3.10/dist-packages/ur_dashboard_msgs/srv/_get_robot_mode_s.c
[2.611s] -- Up-to-date: /workspaces/aprs/aprs_ws/install/ur_dashboard_msgs/local/lib/python3.10/dist-packages/ur_dashboard_msgs/srv/_popup_s.c
[2.611s] -- Up-to-date: /workspaces/aprs/aprs_ws/install/ur_dashboard_msgs/local/lib/python3.10/dist-packages/ur_dashboard_msgs/srv/_load_s.c
[2.612s] -- Up-to-date: /workspaces/aprs/aprs_ws/install/ur_dashboard_msgs/local/lib/python3.10/dist-packages/ur_dashboard_msgs/srv/_get_loaded_program.py
[2.612s] -- Up-to-date: /workspaces/aprs/aprs_ws/install/ur_dashboard_msgs/local/lib/python3.10/dist-packages/ur_dashboard_msgs/srv/_get_program_state.py
[2.612s] -- Up-to-date: /workspaces/aprs/aprs_ws/install/ur_dashboard_msgs/local/lib/python3.10/dist-packages/ur_dashboard_msgs/srv/_get_robot_mode.py
[2.612s] -- Up-to-date: /workspaces/aprs/aprs_ws/install/ur_dashboard_msgs/local/lib/python3.10/dist-packages/ur_dashboard_msgs/srv/_get_loaded_program_s.c
[2.612s] -- Up-to-date: /workspaces/aprs/aprs_ws/install/ur_dashboard_msgs/local/lib/python3.10/dist-packages/ur_dashboard_msgs/srv/_get_safety_mode.py
[2.612s] -- Up-to-date: /workspaces/aprs/aprs_ws/install/ur_dashboard_msgs/local/lib/python3.10/dist-packages/ur_dashboard_msgs/srv/_get_program_state_s.c
[2.613s] -- Up-to-date: /workspaces/aprs/aprs_ws/install/ur_dashboard_msgs/local/lib/python3.10/dist-packages/ur_dashboard_msgs/srv/_add_to_log.py
[2.613s] -- Up-to-date: /workspaces/aprs/aprs_ws/install/ur_dashboard_msgs/local/lib/python3.10/dist-packages/ur_dashboard_msgs/srv/_is_program_saved.py
[2.613s] -- Up-to-date: /workspaces/aprs/aprs_ws/install/ur_dashboard_msgs/local/lib/python3.10/dist-packages/ur_dashboard_msgs/srv/_add_to_log_s.c
[2.613s] -- Up-to-date: /workspaces/aprs/aprs_ws/install/ur_dashboard_msgs/local/lib/python3.10/dist-packages/ur_dashboard_msgs/srv/_popup.py
[2.613s] -- Up-to-date: /workspaces/aprs/aprs_ws/install/ur_dashboard_msgs/local/lib/python3.10/dist-packages/ur_dashboard_msgs/srv/__init__.py
[2.613s] -- Up-to-date: /workspaces/aprs/aprs_ws/install/ur_dashboard_msgs/local/lib/python3.10/dist-packages/ur_dashboard_msgs/srv/_is_program_saved_s.c
[2.614s] -- Up-to-date: /workspaces/aprs/aprs_ws/install/ur_dashboard_msgs/local/lib/python3.10/dist-packages/ur_dashboard_msgs/srv/_is_program_running.py
[2.614s] -- Up-to-date: /workspaces/aprs/aprs_ws/install/ur_dashboard_msgs/local/lib/python3.10/dist-packages/ur_dashboard_msgs/srv/_get_safety_mode_s.c
[2.614s] -- Up-to-date: /workspaces/aprs/aprs_ws/install/ur_dashboard_msgs/local/lib/python3.10/dist-packages/ur_dashboard_msgs/action
[2.614s] -- Up-to-date: /workspaces/aprs/aprs_ws/install/ur_dashboard_msgs/local/lib/python3.10/dist-packages/ur_dashboard_msgs/action/_set_mode_s.c
[2.614s] -- Up-to-date: /workspaces/aprs/aprs_ws/install/ur_dashboard_msgs/local/lib/python3.10/dist-packages/ur_dashboard_msgs/action/__init__.py
[2.615s] -- Up-to-date: /workspaces/aprs/aprs_ws/install/ur_dashboard_msgs/local/lib/python3.10/dist-packages/ur_dashboard_msgs/action/_set_mode.py
[2.615s] -- Up-to-date: /workspaces/aprs/aprs_ws/install/ur_dashboard_msgs/local/lib/python3.10/dist-packages/ur_dashboard_msgs/ur_dashboard_msgs_s__rosidl_typesupport_c.cpython-310-x86_64-linux-gnu.so
[2.615s] -- Up-to-date: /workspaces/aprs/aprs_ws/install/ur_dashboard_msgs/local/lib/python3.10/dist-packages/ur_dashboard_msgs/_ur_dashboard_msgs_s.ep.rosidl_typesupport_c.c
[2.615s] -- Up-to-date: /workspaces/aprs/aprs_ws/install/ur_dashboard_msgs/local/lib/python3.10/dist-packages/ur_dashboard_msgs/libur_dashboard_msgs__rosidl_generator_py.so
[2.616s] -- Up-to-date: /workspaces/aprs/aprs_ws/install/ur_dashboard_msgs/local/lib/python3.10/dist-packages/ur_dashboard_msgs/_ur_dashboard_msgs_s.ep.rosidl_typesupport_introspection_c.c
[2.616s] -- Up-to-date: /workspaces/aprs/aprs_ws/install/ur_dashboard_msgs/local/lib/python3.10/dist-packages/ur_dashboard_msgs/__init__.py
[2.616s] -- Up-to-date: /workspaces/aprs/aprs_ws/install/ur_dashboard_msgs/local/lib/python3.10/dist-packages/ur_dashboard_msgs/ur_dashboard_msgs_s__rosidl_typesupport_introspection_c.cpython-310-x86_64-linux-gnu.so
[2.616s] -- Up-to-date: /workspaces/aprs/aprs_ws/install/ur_dashboard_msgs/local/lib/python3.10/dist-packages/ur_dashboard_msgs/ur_dashboard_msgs_s__rosidl_typesupport_fastrtps_c.cpython-310-x86_64-linux-gnu.so
[2.616s] -- Up-to-date: /workspaces/aprs/aprs_ws/install/ur_dashboard_msgs/local/lib/python3.10/dist-packages/ur_dashboard_msgs/_ur_dashboard_msgs_s.ep.rosidl_typesupport_fastrtps_c.c
[2.616s] -- Up-to-date: /workspaces/aprs/aprs_ws/install/ur_dashboard_msgs/local/lib/python3.10/dist-packages/ur_dashboard_msgs/msg
[2.616s] -- Up-to-date: /workspaces/aprs/aprs_ws/install/ur_dashboard_msgs/local/lib/python3.10/dist-packages/ur_dashboard_msgs/msg/_program_state_s.c
[2.616s] -- Up-to-date: /workspaces/aprs/aprs_ws/install/ur_dashboard_msgs/local/lib/python3.10/dist-packages/ur_dashboard_msgs/msg/_program_state.py
[2.617s] -- Up-to-date: /workspaces/aprs/aprs_ws/install/ur_dashboard_msgs/local/lib/python3.10/dist-packages/ur_dashboard_msgs/msg/_safety_mode.py
[2.617s] -- Up-to-date: /workspaces/aprs/aprs_ws/install/ur_dashboard_msgs/local/lib/python3.10/dist-packages/ur_dashboard_msgs/msg/_robot_mode_s.c
[2.617s] -- Up-to-date: /workspaces/aprs/aprs_ws/install/ur_dashboard_msgs/local/lib/python3.10/dist-packages/ur_dashboard_msgs/msg/_safety_mode_s.c
[2.617s] -- Up-to-date: /workspaces/aprs/aprs_ws/install/ur_dashboard_msgs/local/lib/python3.10/dist-packages/ur_dashboard_msgs/msg/__init__.py
[2.617s] -- Up-to-date: /workspaces/aprs/aprs_ws/install/ur_dashboard_msgs/local/lib/python3.10/dist-packages/ur_dashboard_msgs/msg/_robot_mode.py
[2.617s] Listing '/workspaces/aprs/aprs_ws/install/ur_dashboard_msgs/local/lib/python3.10/dist-packages/ur_dashboard_msgs'...
[2.618s] Listing '/workspaces/aprs/aprs_ws/install/ur_dashboard_msgs/local/lib/python3.10/dist-packages/ur_dashboard_msgs/action'...
[2.618s] Listing '/workspaces/aprs/aprs_ws/install/ur_dashboard_msgs/local/lib/python3.10/dist-packages/ur_dashboard_msgs/msg'...
[2.618s] Listing '/workspaces/aprs/aprs_ws/install/ur_dashboard_msgs/local/lib/python3.10/dist-packages/ur_dashboard_msgs/srv'...
[2.618s] -- Up-to-date: /workspaces/aprs/aprs_ws/install/ur_dashboard_msgs/local/lib/python3.10/dist-packages/ur_dashboard_msgs/ur_dashboard_msgs_s__rosidl_typesupport_fastrtps_c.cpython-310-x86_64-linux-gnu.so
[2.618s] -- Up-to-date: /workspaces/aprs/aprs_ws/install/ur_dashboard_msgs/local/lib/python3.10/dist-packages/ur_dashboard_msgs/ur_dashboard_msgs_s__rosidl_typesupport_introspection_c.cpython-310-x86_64-linux-gnu.so
[2.618s] -- Up-to-date: /workspaces/aprs/aprs_ws/install/ur_dashboard_msgs/local/lib/python3.10/dist-packages/ur_dashboard_msgs/ur_dashboard_msgs_s__rosidl_typesupport_c.cpython-310-x86_64-linux-gnu.so
[2.619s] -- Up-to-date: /workspaces/aprs/aprs_ws/install/ur_dashboard_msgs/lib/libur_dashboard_msgs__rosidl_generator_py.so
[2.619s] -- Up-to-date: /workspaces/aprs/aprs_ws/install/ur_dashboard_msgs/share/ur_dashboard_msgs/msg/ProgramState.idl
[2.619s] -- Up-to-date: /workspaces/aprs/aprs_ws/install/ur_dashboard_msgs/share/ur_dashboard_msgs/msg/RobotMode.idl
[2.619s] -- Up-to-date: /workspaces/aprs/aprs_ws/install/ur_dashboard_msgs/share/ur_dashboard_msgs/msg/SafetyMode.idl
[2.620s] -- Up-to-date: /workspaces/aprs/aprs_ws/install/ur_dashboard_msgs/share/ur_dashboard_msgs/srv/AddToLog.idl
[2.620s] -- Up-to-date: /workspaces/aprs/aprs_ws/install/ur_dashboard_msgs/share/ur_dashboard_msgs/srv/GetLoadedProgram.idl
[2.620s] -- Up-to-date: /workspaces/aprs/aprs_ws/install/ur_dashboard_msgs/share/ur_dashboard_msgs/srv/GetProgramState.idl
[2.620s] -- Up-to-date: /workspaces/aprs/aprs_ws/install/ur_dashboard_msgs/share/ur_dashboard_msgs/srv/GetRobotMode.idl
[2.620s] -- Up-to-date: /workspaces/aprs/aprs_ws/install/ur_dashboard_msgs/share/ur_dashboard_msgs/srv/GetSafetyMode.idl
[2.620s] -- Up-to-date: /workspaces/aprs/aprs_ws/install/ur_dashboard_msgs/share/ur_dashboard_msgs/srv/IsProgramRunning.idl
[2.621s] -- Up-to-date: /workspaces/aprs/aprs_ws/install/ur_dashboard_msgs/share/ur_dashboard_msgs/srv/IsProgramSaved.idl
[2.621s] -- Up-to-date: /workspaces/aprs/aprs_ws/install/ur_dashboard_msgs/share/ur_dashboard_msgs/srv/Load.idl
[2.622s] -- Up-to-date: /workspaces/aprs/aprs_ws/install/ur_dashboard_msgs/share/ur_dashboard_msgs/srv/Popup.idl
[2.622s] -- Up-to-date: /workspaces/aprs/aprs_ws/install/ur_dashboard_msgs/share/ur_dashboard_msgs/srv/RawRequest.idl
[2.622s] -- Up-to-date: /workspaces/aprs/aprs_ws/install/ur_dashboard_msgs/share/ur_dashboard_msgs/action/SetMode.idl
[2.622s] -- Up-to-date: /workspaces/aprs/aprs_ws/install/ur_dashboard_msgs/share/ur_dashboard_msgs/msg/ProgramState.msg
[2.622s] -- Up-to-date: /workspaces/aprs/aprs_ws/install/ur_dashboard_msgs/share/ur_dashboard_msgs/msg/RobotMode.msg
[2.623s] -- Up-to-date: /workspaces/aprs/aprs_ws/install/ur_dashboard_msgs/share/ur_dashboard_msgs/msg/SafetyMode.msg
[2.623s] -- Up-to-date: /workspaces/aprs/aprs_ws/install/ur_dashboard_msgs/share/ur_dashboard_msgs/srv/AddToLog.srv
[2.623s] -- Up-to-date: /workspaces/aprs/aprs_ws/install/ur_dashboard_msgs/share/ur_dashboard_msgs/srv/AddToLog_Request.msg
[2.623s] -- Up-to-date: /workspaces/aprs/aprs_ws/install/ur_dashboard_msgs/share/ur_dashboard_msgs/srv/AddToLog_Response.msg
[2.623s] -- Up-to-date: /workspaces/aprs/aprs_ws/install/ur_dashboard_msgs/share/ur_dashboard_msgs/srv/GetLoadedProgram.srv
[2.623s] -- Up-to-date: /workspaces/aprs/aprs_ws/install/ur_dashboard_msgs/share/ur_dashboard_msgs/srv/GetLoadedProgram_Request.msg
[2.624s] -- Up-to-date: /workspaces/aprs/aprs_ws/install/ur_dashboard_msgs/share/ur_dashboard_msgs/srv/GetLoadedProgram_Response.msg
[2.624s] -- Up-to-date: /workspaces/aprs/aprs_ws/install/ur_dashboard_msgs/share/ur_dashboard_msgs/srv/GetProgramState.srv
[2.624s] -- Up-to-date: /workspaces/aprs/aprs_ws/install/ur_dashboard_msgs/share/ur_dashboard_msgs/srv/GetProgramState_Request.msg
[2.624s] -- Up-to-date: /workspaces/aprs/aprs_ws/install/ur_dashboard_msgs/share/ur_dashboard_msgs/srv/GetProgramState_Response.msg
[2.624s] -- Up-to-date: /workspaces/aprs/aprs_ws/install/ur_dashboard_msgs/share/ur_dashboard_msgs/srv/GetRobotMode.srv
[2.624s] -- Up-to-date: /workspaces/aprs/aprs_ws/install/ur_dashboard_msgs/share/ur_dashboard_msgs/srv/GetRobotMode_Request.msg
[2.624s] -- Up-to-date: /workspaces/aprs/aprs_ws/install/ur_dashboard_msgs/share/ur_dashboard_msgs/srv/GetRobotMode_Response.msg
[2.625s] -- Up-to-date: /workspaces/aprs/aprs_ws/install/ur_dashboard_msgs/share/ur_dashboard_msgs/srv/GetSafetyMode.srv
[2.625s] -- Up-to-date: /workspaces/aprs/aprs_ws/install/ur_dashboard_msgs/share/ur_dashboard_msgs/srv/GetSafetyMode_Request.msg
[2.625s] -- Up-to-date: /workspaces/aprs/aprs_ws/install/ur_dashboard_msgs/share/ur_dashboard_msgs/srv/GetSafetyMode_Response.msg
[2.625s] -- Up-to-date: /workspaces/aprs/aprs_ws/install/ur_dashboard_msgs/share/ur_dashboard_msgs/srv/IsProgramRunning.srv
[2.625s] -- Up-to-date: /workspaces/aprs/aprs_ws/install/ur_dashboard_msgs/share/ur_dashboard_msgs/srv/IsProgramRunning_Request.msg
[2.625s] -- Up-to-date: /workspaces/aprs/aprs_ws/install/ur_dashboard_msgs/share/ur_dashboard_msgs/srv/IsProgramRunning_Response.msg
[2.626s] -- Up-to-date: /workspaces/aprs/aprs_ws/install/ur_dashboard_msgs/share/ur_dashboard_msgs/srv/IsProgramSaved.srv
[2.626s] -- Up-to-date: /workspaces/aprs/aprs_ws/install/ur_dashboard_msgs/share/ur_dashboard_msgs/srv/IsProgramSaved_Request.msg
[2.626s] -- Up-to-date: /workspaces/aprs/aprs_ws/install/ur_dashboard_msgs/share/ur_dashboard_msgs/srv/IsProgramSaved_Response.msg
[2.626s] -- Up-to-date: /workspaces/aprs/aprs_ws/install/ur_dashboard_msgs/share/ur_dashboard_msgs/srv/Load.srv
[2.626s] -- Up-to-date: /workspaces/aprs/aprs_ws/install/ur_dashboard_msgs/share/ur_dashboard_msgs/srv/Load_Request.msg
[2.626s] -- Up-to-date: /workspaces/aprs/aprs_ws/install/ur_dashboard_msgs/share/ur_dashboard_msgs/srv/Load_Response.msg
[2.627s] -- Up-to-date: /workspaces/aprs/aprs_ws/install/ur_dashboard_msgs/share/ur_dashboard_msgs/srv/Popup.srv
[2.627s] -- Up-to-date: /workspaces/aprs/aprs_ws/install/ur_dashboard_msgs/share/ur_dashboard_msgs/srv/Popup_Request.msg
[2.627s] -- Up-to-date: /workspaces/aprs/aprs_ws/install/ur_dashboard_msgs/share/ur_dashboard_msgs/srv/Popup_Response.msg
[2.627s] -- Up-to-date: /workspaces/aprs/aprs_ws/install/ur_dashboard_msgs/share/ur_dashboard_msgs/srv/RawRequest.srv
[2.627s] -- Up-to-date: /workspaces/aprs/aprs_ws/install/ur_dashboard_msgs/share/ur_dashboard_msgs/srv/RawRequest_Request.msg
[2.627s] -- Up-to-date: /workspaces/aprs/aprs_ws/install/ur_dashboard_msgs/share/ur_dashboard_msgs/srv/RawRequest_Response.msg
[2.628s] -- Up-to-date: /workspaces/aprs/aprs_ws/install/ur_dashboard_msgs/share/ur_dashboard_msgs/action/SetMode.action
[2.628s] -- Up-to-date: /workspaces/aprs/aprs_ws/install/ur_dashboard_msgs/share/ament_index/resource_index/package_run_dependencies/ur_dashboard_msgs
[2.628s] -- Up-to-date: /workspaces/aprs/aprs_ws/install/ur_dashboard_msgs/share/ament_index/resource_index/parent_prefix_path/ur_dashboard_msgs
[2.628s] -- Up-to-date: /workspaces/aprs/aprs_ws/install/ur_dashboard_msgs/share/ur_dashboard_msgs/environment/ament_prefix_path.sh
[2.628s] -- Up-to-date: /workspaces/aprs/aprs_ws/install/ur_dashboard_msgs/share/ur_dashboard_msgs/environment/ament_prefix_path.dsv
[2.628s] -- Up-to-date: /workspaces/aprs/aprs_ws/install/ur_dashboard_msgs/share/ur_dashboard_msgs/environment/path.sh
[2.628s] -- Up-to-date: /workspaces/aprs/aprs_ws/install/ur_dashboard_msgs/share/ur_dashboard_msgs/environment/path.dsv
[2.628s] -- Up-to-date: /workspaces/aprs/aprs_ws/install/ur_dashboard_msgs/share/ur_dashboard_msgs/local_setup.bash
[2.628s] -- Up-to-date: /workspaces/aprs/aprs_ws/install/ur_dashboard_msgs/share/ur_dashboard_msgs/local_setup.sh
[2.629s] -- Up-to-date: /workspaces/aprs/aprs_ws/install/ur_dashboard_msgs/share/ur_dashboard_msgs/local_setup.zsh
[2.629s] -- Up-to-date: /workspaces/aprs/aprs_ws/install/ur_dashboard_msgs/share/ur_dashboard_msgs/local_setup.dsv
[2.629s] -- Installing: /workspaces/aprs/aprs_ws/install/ur_dashboard_msgs/share/ur_dashboard_msgs/package.dsv
[2.629s] -- Up-to-date: /workspaces/aprs/aprs_ws/install/ur_dashboard_msgs/share/ament_index/resource_index/packages/ur_dashboard_msgs
[2.629s] -- Up-to-date: /workspaces/aprs/aprs_ws/install/ur_dashboard_msgs/share/ur_dashboard_msgs/cmake/export_ur_dashboard_msgs__rosidl_generator_cExport.cmake
[2.629s] -- Up-to-date: /workspaces/aprs/aprs_ws/install/ur_dashboard_msgs/share/ur_dashboard_msgs/cmake/export_ur_dashboard_msgs__rosidl_generator_cExport-noconfig.cmake
[2.629s] -- Up-to-date: /workspaces/aprs/aprs_ws/install/ur_dashboard_msgs/share/ur_dashboard_msgs/cmake/export_ur_dashboard_msgs__rosidl_typesupport_fastrtps_cExport.cmake
[2.630s] -- Up-to-date: /workspaces/aprs/aprs_ws/install/ur_dashboard_msgs/share/ur_dashboard_msgs/cmake/export_ur_dashboard_msgs__rosidl_typesupport_fastrtps_cExport-noconfig.cmake
[2.630s] -- Up-to-date: /workspaces/aprs/aprs_ws/install/ur_dashboard_msgs/share/ur_dashboard_msgs/cmake/ur_dashboard_msgs__rosidl_typesupport_introspection_cExport.cmake
[2.630s] -- Up-to-date: /workspaces/aprs/aprs_ws/install/ur_dashboard_msgs/share/ur_dashboard_msgs/cmake/ur_dashboard_msgs__rosidl_typesupport_introspection_cExport-noconfig.cmake
[2.630s] -- Up-to-date: /workspaces/aprs/aprs_ws/install/ur_dashboard_msgs/share/ur_dashboard_msgs/cmake/ur_dashboard_msgs__rosidl_typesupport_cExport.cmake
[2.630s] -- Up-to-date: /workspaces/aprs/aprs_ws/install/ur_dashboard_msgs/share/ur_dashboard_msgs/cmake/ur_dashboard_msgs__rosidl_typesupport_cExport-noconfig.cmake
[2.630s] -- Up-to-date: /workspaces/aprs/aprs_ws/install/ur_dashboard_msgs/share/ur_dashboard_msgs/cmake/export_ur_dashboard_msgs__rosidl_generator_cppExport.cmake
[2.631s] -- Up-to-date: /workspaces/aprs/aprs_ws/install/ur_dashboard_msgs/share/ur_dashboard_msgs/cmake/export_ur_dashboard_msgs__rosidl_typesupport_fastrtps_cppExport.cmake
[2.631s] -- Up-to-date: /workspaces/aprs/aprs_ws/install/ur_dashboard_msgs/share/ur_dashboard_msgs/cmake/export_ur_dashboard_msgs__rosidl_typesupport_fastrtps_cppExport-noconfig.cmake
[2.631s] -- Up-to-date: /workspaces/aprs/aprs_ws/install/ur_dashboard_msgs/share/ur_dashboard_msgs/cmake/ur_dashboard_msgs__rosidl_typesupport_introspection_cppExport.cmake
[2.631s] -- Up-to-date: /workspaces/aprs/aprs_ws/install/ur_dashboard_msgs/share/ur_dashboard_msgs/cmake/ur_dashboard_msgs__rosidl_typesupport_introspection_cppExport-noconfig.cmake
[2.631s] -- Up-to-date: /workspaces/aprs/aprs_ws/install/ur_dashboard_msgs/share/ur_dashboard_msgs/cmake/ur_dashboard_msgs__rosidl_typesupport_cppExport.cmake
[2.631s] -- Up-to-date: /workspaces/aprs/aprs_ws/install/ur_dashboard_msgs/share/ur_dashboard_msgs/cmake/ur_dashboard_msgs__rosidl_typesupport_cppExport-noconfig.cmake
[2.631s] -- Up-to-date: /workspaces/aprs/aprs_ws/install/ur_dashboard_msgs/share/ur_dashboard_msgs/cmake/export_ur_dashboard_msgs__rosidl_generator_pyExport.cmake
[2.631s] -- Up-to-date: /workspaces/aprs/aprs_ws/install/ur_dashboard_msgs/share/ur_dashboard_msgs/cmake/export_ur_dashboard_msgs__rosidl_generator_pyExport-noconfig.cmake
[2.632s] -- Up-to-date: /workspaces/aprs/aprs_ws/install/ur_dashboard_msgs/share/ur_dashboard_msgs/cmake/rosidl_cmake-extras.cmake
[2.632s] -- Up-to-date: /workspaces/aprs/aprs_ws/install/ur_dashboard_msgs/share/ur_dashboard_msgs/cmake/ament_cmake_export_dependencies-extras.cmake
[2.632s] -- Up-to-date: /workspaces/aprs/aprs_ws/install/ur_dashboard_msgs/share/ur_dashboard_msgs/cmake/ament_cmake_export_include_directories-extras.cmake
[2.632s] -- Up-to-date: /workspaces/aprs/aprs_ws/install/ur_dashboard_msgs/share/ur_dashboard_msgs/cmake/ament_cmake_export_libraries-extras.cmake
[2.632s] -- Up-to-date: /workspaces/aprs/aprs_ws/install/ur_dashboard_msgs/share/ur_dashboard_msgs/cmake/ament_cmake_export_targets-extras.cmake
[2.632s] -- Up-to-date: /workspaces/aprs/aprs_ws/install/ur_dashboard_msgs/share/ur_dashboard_msgs/cmake/rosidl_cmake_export_typesupport_targets-extras.cmake
[2.632s] -- Up-to-date: /workspaces/aprs/aprs_ws/install/ur_dashboard_msgs/share/ur_dashboard_msgs/cmake/rosidl_cmake_export_typesupport_libraries-extras.cmake
[2.632s] -- Up-to-date: /workspaces/aprs/aprs_ws/install/ur_dashboard_msgs/share/ur_dashboard_msgs/cmake/ur_dashboard_msgsConfig.cmake
[2.633s] -- Up-to-date: /workspaces/aprs/aprs_ws/install/ur_dashboard_msgs/share/ur_dashboard_msgs/cmake/ur_dashboard_msgsConfig-version.cmake
[2.633s] -- Up-to-date: /workspaces/aprs/aprs_ws/install/ur_dashboard_msgs/share/ur_dashboard_msgs/package.xml
[2.949s] Invoked command in '/workspaces/aprs/aprs_ws/build/ur_dashboard_msgs' returned '0': CMAKE_PREFIX_PATH=/opt/ros/humble /usr/bin/cmake --install /workspaces/aprs/aprs_ws/build/ur_dashboard_msgs
