[0.552s] Invoking command in '/workspaces/aprs/aprs_ws/build/realsense2_camera': CMAKE_PREFIX_PATH=/workspaces/aprs/aprs_ws/install/realsense2_camera_msgs:/workspaces/aprs/aprs_ws/install/worlds:/workspaces/aprs/aprs_ws/install/workbench_description:/workspaces/aprs/aprs_ws/install/vaccum_description:/workspaces/aprs/aprs_ws/install/ur_setup:/workspaces/aprs/aprs_ws/install/ur:/workspaces/aprs/aprs_ws/install/ur_calibration:/workspaces/aprs/aprs_ws/install/ur_robot_driver:/workspaces/aprs/aprs_ws/install/ur_bringup:/workspaces/aprs/aprs_ws/install/ur_controllers:/workspaces/aprs/aprs_ws/install/ur_msgs:/workspaces/aprs/aprs_ws/install/ur_moveit_config:/workspaces/aprs/aprs_ws/install/ur_gz:/workspaces/aprs/aprs_ws/install/ur_description__:/workspaces/aprs/aprs_ws/install/ur5e_moveit_config:/workspaces/aprs/aprs_ws/install/panda_moveit_config:/workspaces/aprs/aprs_ws/install/ur_description:/workspaces/aprs/aprs_ws/install/ur_dashboard_msgs:/workspaces/aprs/aprs_ws/install/ur_client_library:/workspaces/aprs/aprs_ws/install/table_description:/workspaces/aprs/aprs_ws/install/point_cloud:/workspaces/aprs/aprs_ws/install/realsense2_description:/workspaces/aprs/aprs_ws/install/realsense2_camera:/workspaces/aprs/aprs_ws/install/panda_description:/workspaces/aprs/aprs_ws/install/ign_ros2_control_demos:/workspaces/aprs/aprs_ws/install/gz_ros2_control_tests:/workspaces/aprs/aprs_ws/install/ign_ros2_control:/workspaces/aprs/aprs_ws/install/franka_setup:/workspaces/aprs/aprs_ws/install/franka_gz:/workspaces/aprs/aprs_ws/install/fanuc_moveit_config:/workspaces/aprs/aprs_ws/install/fanuc_description:/workspaces/aprs/aprs_ws/install/camera_mount:/workspaces/aprs/aprs_ws/install/aprs_lab:/workspaces/aprs/aprs_ws/install/aprs_gazebo:/opt/ros/humble LD_LIBRARY_PATH=/workspaces/aprs/aprs_ws/install/realsense2_camera_msgs/lib:/workspaces/aprs/aprs_ws/install/ur_robot_driver/lib:/workspaces/aprs/aprs_ws/install/ur_controllers/lib:/workspaces/aprs/aprs_ws/install/ur_msgs/lib:/workspaces/aprs/aprs_ws/install/ur_dashboard_msgs/lib:/workspaces/aprs/aprs_ws/install/ur_client_library/lib:/workspaces/aprs/aprs_ws/install/point_cloud/lib:/workspaces/aprs/aprs_ws/install/realsense2_camera/lib:/workspaces/aprs/aprs_ws/install/ign_ros2_control/lib:/opt/ros/humble/opt/rviz_ogre_vendor/lib:/opt/ros/humble/lib/x86_64-linux-gnu:/opt/ros/humble/lib /usr/bin/cmake --build /workspaces/aprs/aprs_ws/build/realsense2_camera -- -j16 -l16
[0.612s] [ 18%] Built target gtest
[0.613s] [ 18%] Built target gtest_main
[0.618s] [ 27%] Built target realsense2_camera_node
[0.634s] [ 90%] Built target realsense2_camera
[0.641s] [100%] Built target gtest_template
[0.838s] Invoked command in '/workspaces/aprs/aprs_ws/build/realsense2_camera' returned '0': CMAKE_PREFIX_PATH=/workspaces/aprs/aprs_ws/install/realsense2_camera_msgs:/workspaces/aprs/aprs_ws/install/worlds:/workspaces/aprs/aprs_ws/install/workbench_description:/workspaces/aprs/aprs_ws/install/vaccum_description:/workspaces/aprs/aprs_ws/install/ur_setup:/workspaces/aprs/aprs_ws/install/ur:/workspaces/aprs/aprs_ws/install/ur_calibration:/workspaces/aprs/aprs_ws/install/ur_robot_driver:/workspaces/aprs/aprs_ws/install/ur_bringup:/workspaces/aprs/aprs_ws/install/ur_controllers:/workspaces/aprs/aprs_ws/install/ur_msgs:/workspaces/aprs/aprs_ws/install/ur_moveit_config:/workspaces/aprs/aprs_ws/install/ur_gz:/workspaces/aprs/aprs_ws/install/ur_description__:/workspaces/aprs/aprs_ws/install/ur5e_moveit_config:/workspaces/aprs/aprs_ws/install/panda_moveit_config:/workspaces/aprs/aprs_ws/install/ur_description:/workspaces/aprs/aprs_ws/install/ur_dashboard_msgs:/workspaces/aprs/aprs_ws/install/ur_client_library:/workspaces/aprs/aprs_ws/install/table_description:/workspaces/aprs/aprs_ws/install/point_cloud:/workspaces/aprs/aprs_ws/install/realsense2_description:/workspaces/aprs/aprs_ws/install/realsense2_camera:/workspaces/aprs/aprs_ws/install/panda_description:/workspaces/aprs/aprs_ws/install/ign_ros2_control_demos:/workspaces/aprs/aprs_ws/install/gz_ros2_control_tests:/workspaces/aprs/aprs_ws/install/ign_ros2_control:/workspaces/aprs/aprs_ws/install/franka_setup:/workspaces/aprs/aprs_ws/install/franka_gz:/workspaces/aprs/aprs_ws/install/fanuc_moveit_config:/workspaces/aprs/aprs_ws/install/fanuc_description:/workspaces/aprs/aprs_ws/install/camera_mount:/workspaces/aprs/aprs_ws/install/aprs_lab:/workspaces/aprs/aprs_ws/install/aprs_gazebo:/opt/ros/humble LD_LIBRARY_PATH=/workspaces/aprs/aprs_ws/install/realsense2_camera_msgs/lib:/workspaces/aprs/aprs_ws/install/ur_robot_driver/lib:/workspaces/aprs/aprs_ws/install/ur_controllers/lib:/workspaces/aprs/aprs_ws/install/ur_msgs/lib:/workspaces/aprs/aprs_ws/install/ur_dashboard_msgs/lib:/workspaces/aprs/aprs_ws/install/ur_client_library/lib:/workspaces/aprs/aprs_ws/install/point_cloud/lib:/workspaces/aprs/aprs_ws/install/realsense2_camera/lib:/workspaces/aprs/aprs_ws/install/ign_ros2_control/lib:/opt/ros/humble/opt/rviz_ogre_vendor/lib:/opt/ros/humble/lib/x86_64-linux-gnu:/opt/ros/humble/lib /usr/bin/cmake --build /workspaces/aprs/aprs_ws/build/realsense2_camera -- -j16 -l16
[0.963s] Invoking command in '/workspaces/aprs/aprs_ws/build/realsense2_camera': CMAKE_PREFIX_PATH=/workspaces/aprs/aprs_ws/install/realsense2_camera_msgs:/workspaces/aprs/aprs_ws/install/worlds:/workspaces/aprs/aprs_ws/install/workbench_description:/workspaces/aprs/aprs_ws/install/vaccum_description:/workspaces/aprs/aprs_ws/install/ur_setup:/workspaces/aprs/aprs_ws/install/ur:/workspaces/aprs/aprs_ws/install/ur_calibration:/workspaces/aprs/aprs_ws/install/ur_robot_driver:/workspaces/aprs/aprs_ws/install/ur_bringup:/workspaces/aprs/aprs_ws/install/ur_controllers:/workspaces/aprs/aprs_ws/install/ur_msgs:/workspaces/aprs/aprs_ws/install/ur_moveit_config:/workspaces/aprs/aprs_ws/install/ur_gz:/workspaces/aprs/aprs_ws/install/ur_description__:/workspaces/aprs/aprs_ws/install/ur5e_moveit_config:/workspaces/aprs/aprs_ws/install/panda_moveit_config:/workspaces/aprs/aprs_ws/install/ur_description:/workspaces/aprs/aprs_ws/install/ur_dashboard_msgs:/workspaces/aprs/aprs_ws/install/ur_client_library:/workspaces/aprs/aprs_ws/install/table_description:/workspaces/aprs/aprs_ws/install/point_cloud:/workspaces/aprs/aprs_ws/install/realsense2_description:/workspaces/aprs/aprs_ws/install/realsense2_camera:/workspaces/aprs/aprs_ws/install/panda_description:/workspaces/aprs/aprs_ws/install/ign_ros2_control_demos:/workspaces/aprs/aprs_ws/install/gz_ros2_control_tests:/workspaces/aprs/aprs_ws/install/ign_ros2_control:/workspaces/aprs/aprs_ws/install/franka_setup:/workspaces/aprs/aprs_ws/install/franka_gz:/workspaces/aprs/aprs_ws/install/fanuc_moveit_config:/workspaces/aprs/aprs_ws/install/fanuc_description:/workspaces/aprs/aprs_ws/install/camera_mount:/workspaces/aprs/aprs_ws/install/aprs_lab:/workspaces/aprs/aprs_ws/install/aprs_gazebo:/opt/ros/humble LD_LIBRARY_PATH=/workspaces/aprs/aprs_ws/install/realsense2_camera_msgs/lib:/workspaces/aprs/aprs_ws/install/ur_robot_driver/lib:/workspaces/aprs/aprs_ws/install/ur_controllers/lib:/workspaces/aprs/aprs_ws/install/ur_msgs/lib:/workspaces/aprs/aprs_ws/install/ur_dashboard_msgs/lib:/workspaces/aprs/aprs_ws/install/ur_client_library/lib:/workspaces/aprs/aprs_ws/install/point_cloud/lib:/workspaces/aprs/aprs_ws/install/realsense2_camera/lib:/workspaces/aprs/aprs_ws/install/ign_ros2_control/lib:/opt/ros/humble/opt/rviz_ogre_vendor/lib:/opt/ros/humble/lib/x86_64-linux-gnu:/opt/ros/humble/lib /usr/bin/cmake --install /workspaces/aprs/aprs_ws/build/realsense2_camera
[0.972s] -- Install configuration: "Release"
[0.973s] -- Up-to-date: /workspaces/aprs/aprs_ws/install/realsense2_camera/lib/realsense2_camera/realsense2_camera_node
[0.975s] -- Up-to-date: /workspaces/aprs/aprs_ws/install/realsense2_camera/lib/librealsense2_camera.so
[0.975s] -- Up-to-date: /workspaces/aprs/aprs_ws/install/realsense2_camera/include
[0.976s] -- Up-to-date: /workspaces/aprs/aprs_ws/install/realsense2_camera/include/base_realsense_node.h
[0.976s] -- Up-to-date: /workspaces/aprs/aprs_ws/install/realsense2_camera/include/constants.h
[0.976s] -- Up-to-date: /workspaces/aprs/aprs_ws/install/realsense2_camera/include/image_publisher.h
[0.976s] -- Up-to-date: /workspaces/aprs/aprs_ws/install/realsense2_camera/include/ros_sensor.h
[0.978s] -- Up-to-date: /workspaces/aprs/aprs_ws/install/realsense2_camera/include/dynamic_params.h
[0.979s] -- Up-to-date: /workspaces/aprs/aprs_ws/install/realsense2_camera/include/sensor_params.h
[0.979s] -- Up-to-date: /workspaces/aprs/aprs_ws/install/realsense2_camera/include/ros_utils.h
[0.979s] -- Up-to-date: /workspaces/aprs/aprs_ws/install/realsense2_camera/include/named_filter.h
[0.980s] -- Up-to-date: /workspaces/aprs/aprs_ws/install/realsense2_camera/include/profile_manager.h
[0.980s] -- Up-to-date: /workspaces/aprs/aprs_ws/install/realsense2_camera/include/realsense_node_factory.h
[0.980s] -- Up-to-date: /workspaces/aprs/aprs_ws/install/realsense2_camera/include/ros_param_backend.h
[0.980s] -- Up-to-date: /workspaces/aprs/aprs_ws/install/realsense2_camera/share/realsense2_camera/launch
[0.980s] -- Up-to-date: /workspaces/aprs/aprs_ws/install/realsense2_camera/share/realsense2_camera/launch/rs_launch.py
[0.980s] -- Up-to-date: /workspaces/aprs/aprs_ws/install/realsense2_camera/share/realsense2_camera/launch/default.rviz
[0.980s] -- Up-to-date: /workspaces/aprs/aprs_ws/install/realsense2_camera/share/realsense2_camera/launch/rs_multi_camera_launch.py
[0.981s] -- Up-to-date: /workspaces/aprs/aprs_ws/install/realsense2_camera/share/realsense2_camera/launch/rs_intra_process_demo_launch.py
[0.981s] -- Up-to-date: /workspaces/aprs/aprs_ws/install/realsense2_camera/share/realsense2_camera/examples
[0.981s] -- Up-to-date: /workspaces/aprs/aprs_ws/install/realsense2_camera/share/realsense2_camera/examples/dual_camera
[0.981s] -- Up-to-date: /workspaces/aprs/aprs_ws/install/realsense2_camera/share/realsense2_camera/examples/dual_camera/rviz
[0.981s] -- Up-to-date: /workspaces/aprs/aprs_ws/install/realsense2_camera/share/realsense2_camera/examples/dual_camera/rviz/dual_camera_pointcloud.rviz
[0.981s] -- Up-to-date: /workspaces/aprs/aprs_ws/install/realsense2_camera/share/realsense2_camera/examples/dual_camera/rs_dual_camera_launch.py
[0.981s] -- Up-to-date: /workspaces/aprs/aprs_ws/install/realsense2_camera/share/realsense2_camera/examples/dual_camera/README.md
[0.982s] -- Up-to-date: /workspaces/aprs/aprs_ws/install/realsense2_camera/share/realsense2_camera/examples/launch_from_rosbag
[0.982s] -- Up-to-date: /workspaces/aprs/aprs_ws/install/realsense2_camera/share/realsense2_camera/examples/launch_from_rosbag/README.md
[0.982s] -- Up-to-date: /workspaces/aprs/aprs_ws/install/realsense2_camera/share/realsense2_camera/examples/launch_from_rosbag/rs_launch_from_rosbag.py
[0.982s] -- Up-to-date: /workspaces/aprs/aprs_ws/install/realsense2_camera/share/realsense2_camera/examples/align_depth
[0.982s] -- Up-to-date: /workspaces/aprs/aprs_ws/install/realsense2_camera/share/realsense2_camera/examples/align_depth/rs_align_depth_launch.py
[0.982s] -- Up-to-date: /workspaces/aprs/aprs_ws/install/realsense2_camera/share/realsense2_camera/examples/align_depth/README.md
[0.982s] -- Up-to-date: /workspaces/aprs/aprs_ws/install/realsense2_camera/share/realsense2_camera/examples/pointcloud
[0.982s] -- Up-to-date: /workspaces/aprs/aprs_ws/install/realsense2_camera/share/realsense2_camera/examples/pointcloud/rviz
[0.982s] -- Up-to-date: /workspaces/aprs/aprs_ws/install/realsense2_camera/share/realsense2_camera/examples/pointcloud/rviz/pointcloud.rviz
[0.982s] -- Up-to-date: /workspaces/aprs/aprs_ws/install/realsense2_camera/share/realsense2_camera/examples/pointcloud/rviz/urdf_pointcloud.rviz
[0.983s] -- Up-to-date: /workspaces/aprs/aprs_ws/install/realsense2_camera/share/realsense2_camera/examples/pointcloud/rs_pointcloud_launch.py
[0.983s] -- Up-to-date: /workspaces/aprs/aprs_ws/install/realsense2_camera/share/realsense2_camera/examples/pointcloud/rs_d455_pointcloud_launch.py
[0.983s] -- Up-to-date: /workspaces/aprs/aprs_ws/install/realsense2_camera/share/realsense2_camera/examples/pointcloud/README.md
[0.983s] -- Up-to-date: /workspaces/aprs/aprs_ws/install/realsense2_camera/share/realsense2_camera/examples/launch_params_from_file
[0.983s] -- Up-to-date: /workspaces/aprs/aprs_ws/install/realsense2_camera/share/realsense2_camera/examples/launch_params_from_file/rs_launch_get_params_from_yaml.py
[0.983s] -- Up-to-date: /workspaces/aprs/aprs_ws/install/realsense2_camera/share/realsense2_camera/examples/launch_params_from_file/config
[0.983s] -- Up-to-date: /workspaces/aprs/aprs_ws/install/realsense2_camera/share/realsense2_camera/examples/launch_params_from_file/config/config.yaml
[0.983s] -- Up-to-date: /workspaces/aprs/aprs_ws/install/realsense2_camera/share/realsense2_camera/examples/launch_params_from_file/README.md
[0.983s] -- Up-to-date: /workspaces/aprs/aprs_ws/install/realsense2_camera/share/realsense2_camera/environment/library_path.sh
[0.984s] -- Up-to-date: /workspaces/aprs/aprs_ws/install/realsense2_camera/share/realsense2_camera/environment/library_path.dsv
[0.984s] -- Up-to-date: /workspaces/aprs/aprs_ws/install/realsense2_camera/share/ament_index/resource_index/package_run_dependencies/realsense2_camera
[0.984s] -- Up-to-date: /workspaces/aprs/aprs_ws/install/realsense2_camera/share/ament_index/resource_index/parent_prefix_path/realsense2_camera
[0.984s] -- Up-to-date: /workspaces/aprs/aprs_ws/install/realsense2_camera/share/realsense2_camera/environment/ament_prefix_path.sh
[0.984s] -- Up-to-date: /workspaces/aprs/aprs_ws/install/realsense2_camera/share/realsense2_camera/environment/ament_prefix_path.dsv
[0.984s] -- Up-to-date: /workspaces/aprs/aprs_ws/install/realsense2_camera/share/realsense2_camera/environment/path.sh
[0.984s] -- Up-to-date: /workspaces/aprs/aprs_ws/install/realsense2_camera/share/realsense2_camera/environment/path.dsv
[0.984s] -- Up-to-date: /workspaces/aprs/aprs_ws/install/realsense2_camera/share/realsense2_camera/local_setup.bash
[0.984s] -- Up-to-date: /workspaces/aprs/aprs_ws/install/realsense2_camera/share/realsense2_camera/local_setup.sh
[0.984s] -- Up-to-date: /workspaces/aprs/aprs_ws/install/realsense2_camera/share/realsense2_camera/local_setup.zsh
[0.984s] -- Up-to-date: /workspaces/aprs/aprs_ws/install/realsense2_camera/share/realsense2_camera/local_setup.dsv
[0.984s] -- Installing: /workspaces/aprs/aprs_ws/install/realsense2_camera/share/realsense2_camera/package.dsv
[0.985s] -- Up-to-date: /workspaces/aprs/aprs_ws/install/realsense2_camera/share/ament_index/resource_index/packages/realsense2_camera
[0.985s] -- Up-to-date: /workspaces/aprs/aprs_ws/install/realsense2_camera/share/ament_index/resource_index/rclcpp_components/realsense2_camera
[0.985s] -- Up-to-date: /workspaces/aprs/aprs_ws/install/realsense2_camera/share/realsense2_camera/cmake/ament_cmake_export_include_directories-extras.cmake
[0.985s] -- Up-to-date: /workspaces/aprs/aprs_ws/install/realsense2_camera/share/realsense2_camera/cmake/ament_cmake_export_libraries-extras.cmake
[0.985s] -- Up-to-date: /workspaces/aprs/aprs_ws/install/realsense2_camera/share/realsense2_camera/cmake/ament_cmake_export_dependencies-extras.cmake
[0.985s] -- Up-to-date: /workspaces/aprs/aprs_ws/install/realsense2_camera/share/realsense2_camera/cmake/realsense2_cameraConfig.cmake
[0.985s] -- Up-to-date: /workspaces/aprs/aprs_ws/install/realsense2_camera/share/realsense2_camera/cmake/realsense2_cameraConfig-version.cmake
[0.985s] -- Up-to-date: /workspaces/aprs/aprs_ws/install/realsense2_camera/share/realsense2_camera/package.xml
[1.032s] Invoked command in '/workspaces/aprs/aprs_ws/build/realsense2_camera' returned '0': CMAKE_PREFIX_PATH=/workspaces/aprs/aprs_ws/install/realsense2_camera_msgs:/workspaces/aprs/aprs_ws/install/worlds:/workspaces/aprs/aprs_ws/install/workbench_description:/workspaces/aprs/aprs_ws/install/vaccum_description:/workspaces/aprs/aprs_ws/install/ur_setup:/workspaces/aprs/aprs_ws/install/ur:/workspaces/aprs/aprs_ws/install/ur_calibration:/workspaces/aprs/aprs_ws/install/ur_robot_driver:/workspaces/aprs/aprs_ws/install/ur_bringup:/workspaces/aprs/aprs_ws/install/ur_controllers:/workspaces/aprs/aprs_ws/install/ur_msgs:/workspaces/aprs/aprs_ws/install/ur_moveit_config:/workspaces/aprs/aprs_ws/install/ur_gz:/workspaces/aprs/aprs_ws/install/ur_description__:/workspaces/aprs/aprs_ws/install/ur5e_moveit_config:/workspaces/aprs/aprs_ws/install/panda_moveit_config:/workspaces/aprs/aprs_ws/install/ur_description:/workspaces/aprs/aprs_ws/install/ur_dashboard_msgs:/workspaces/aprs/aprs_ws/install/ur_client_library:/workspaces/aprs/aprs_ws/install/table_description:/workspaces/aprs/aprs_ws/install/point_cloud:/workspaces/aprs/aprs_ws/install/realsense2_description:/workspaces/aprs/aprs_ws/install/realsense2_camera:/workspaces/aprs/aprs_ws/install/panda_description:/workspaces/aprs/aprs_ws/install/ign_ros2_control_demos:/workspaces/aprs/aprs_ws/install/gz_ros2_control_tests:/workspaces/aprs/aprs_ws/install/ign_ros2_control:/workspaces/aprs/aprs_ws/install/franka_setup:/workspaces/aprs/aprs_ws/install/franka_gz:/workspaces/aprs/aprs_ws/install/fanuc_moveit_config:/workspaces/aprs/aprs_ws/install/fanuc_description:/workspaces/aprs/aprs_ws/install/camera_mount:/workspaces/aprs/aprs_ws/install/aprs_lab:/workspaces/aprs/aprs_ws/install/aprs_gazebo:/opt/ros/humble LD_LIBRARY_PATH=/workspaces/aprs/aprs_ws/install/realsense2_camera_msgs/lib:/workspaces/aprs/aprs_ws/install/ur_robot_driver/lib:/workspaces/aprs/aprs_ws/install/ur_controllers/lib:/workspaces/aprs/aprs_ws/install/ur_msgs/lib:/workspaces/aprs/aprs_ws/install/ur_dashboard_msgs/lib:/workspaces/aprs/aprs_ws/install/ur_client_library/lib:/workspaces/aprs/aprs_ws/install/point_cloud/lib:/workspaces/aprs/aprs_ws/install/realsense2_camera/lib:/workspaces/aprs/aprs_ws/install/ign_ros2_control/lib:/opt/ros/humble/opt/rviz_ogre_vendor/lib:/opt/ros/humble/lib/x86_64-linux-gnu:/opt/ros/humble/lib /usr/bin/cmake --install /workspaces/aprs/aprs_ws/build/realsense2_camera
