[0.809s] Invoking command in '/home/aprs/aprs/aprs_ws/src/aprs-ros-conveyor/conveyor_controller': PYTHONPATH=/home/aprs/aprs/aprs_ws/build/conveyor_controller/prefix_override:/home/aprs/aprs/aprs_ws/install/conveyor_controller/lib/python3.10/site-packages:${PYTHONPATH} /usr/bin/python3 setup.py egg_info --egg-base ../../../build/conveyor_controller build --build-base /home/aprs/aprs/aprs_ws/build/conveyor_controller/build install --record /home/aprs/aprs/aprs_ws/build/conveyor_controller/install.log --single-version-externally-managed
[1.045s] running egg_info
[1.045s] writing ../../../build/conveyor_controller/conveyor_controller.egg-info/PKG-INFO
[1.045s] writing dependency_links to ../../../build/conveyor_controller/conveyor_controller.egg-info/dependency_links.txt
[1.045s] writing entry points to ../../../build/conveyor_controller/conveyor_controller.egg-info/entry_points.txt
[1.045s] writing requirements to ../../../build/conveyor_controller/conveyor_controller.egg-info/requires.txt
[1.045s] writing top-level names to ../../../build/conveyor_controller/conveyor_controller.egg-info/top_level.txt
[1.045s] reading manifest file '../../../build/conveyor_controller/conveyor_controller.egg-info/SOURCES.txt'
[1.045s] writing manifest file '../../../build/conveyor_controller/conveyor_controller.egg-info/SOURCES.txt'
[1.045s] running build
[1.045s] running build_py
[1.045s] /usr/lib/python3/dist-packages/setuptools/command/install.py:34: SetuptoolsDeprecationWarning: setup.py install is deprecated. Use build and pip and other standards-based tools.
[1.045s]   warnings.warn(
[1.045s] running install
[1.045s] running install_lib
[1.045s] running install_data
[1.045s] running install_egg_info
[1.045s] removing '/home/aprs/aprs/aprs_ws/install/conveyor_controller/lib/python3.10/site-packages/conveyor_controller-0.0.0-py3.10.egg-info' (and everything under it)
[1.046s] Copying ../../../build/conveyor_controller/conveyor_controller.egg-info to /home/aprs/aprs/aprs_ws/install/conveyor_controller/lib/python3.10/site-packages/conveyor_controller-0.0.0-py3.10.egg-info
[1.046s] running install_scripts
[1.048s] Installing conveyor_controller script to /home/aprs/aprs/aprs_ws/install/conveyor_controller/lib/conveyor_controller
[1.048s] writing list of installed files to '/home/aprs/aprs/aprs_ws/build/conveyor_controller/install.log'
[1.132s] Invoked command in '/home/aprs/aprs/aprs_ws/src/aprs-ros-conveyor/conveyor_controller' returned '0': PYTHONPATH=/home/aprs/aprs/aprs_ws/build/conveyor_controller/prefix_override:/home/aprs/aprs/aprs_ws/install/conveyor_controller/lib/python3.10/site-packages:${PYTHONPATH} /usr/bin/python3 setup.py egg_info --egg-base ../../../build/conveyor_controller build --build-base /home/aprs/aprs/aprs_ws/build/conveyor_controller/build install --record /home/aprs/aprs/aprs_ws/build/conveyor_controller/install.log --single-version-externally-managed
