[0.891s] Invoking command in '/workspaces/aprs/aprs_ws/build/ur_setup': CMAKE_PREFIX_PATH=${CMAKE_PREFIX_PATH}:/opt/ros/humble /usr/bin/cmake --build /workspaces/aprs/aprs_ws/build/ur_setup -- -j16 -l16
[1.010s] [100%] Built target ur_setup
[1.179s] Invoked command in '/workspaces/aprs/aprs_ws/build/ur_setup' returned '0': CMAKE_PREFIX_PATH=${CMAKE_PREFIX_PATH}:/opt/ros/humble /usr/bin/cmake --build /workspaces/aprs/aprs_ws/build/ur_setup -- -j16 -l16
[1.377s] Invoking command in '/workspaces/aprs/aprs_ws/build/ur_setup': CMAKE_PREFIX_PATH=${CMAKE_PREFIX_PATH}:/opt/ros/humble /usr/bin/cmake --install /workspaces/aprs/aprs_ws/build/ur_setup
[1.445s] -- Install configuration: ""
[1.445s] -- Up-to-date: /workspaces/aprs/aprs_ws/install/ur_setup/share/ur_setup//launch
[1.446s] -- Up-to-date: /workspaces/aprs/aprs_ws/install/ur_setup/share/ur_setup//launch/ur_setup.launch.py
[1.446s] -- Up-to-date: /workspaces/aprs/aprs_ws/install/ur_setup/lib/ur_setup/ur_setup
[1.446s] -- Up-to-date: /workspaces/aprs/aprs_ws/install/ur_setup/share/ament_index/resource_index/package_run_dependencies/ur_setup
[1.446s] -- Up-to-date: /workspaces/aprs/aprs_ws/install/ur_setup/share/ament_index/resource_index/parent_prefix_path/ur_setup
[1.446s] -- Up-to-date: /workspaces/aprs/aprs_ws/install/ur_setup/share/ur_setup/environment/ament_prefix_path.sh
[1.446s] -- Up-to-date: /workspaces/aprs/aprs_ws/install/ur_setup/share/ur_setup/environment/ament_prefix_path.dsv
[1.447s] -- Up-to-date: /workspaces/aprs/aprs_ws/install/ur_setup/share/ur_setup/environment/path.sh
[1.447s] -- Up-to-date: /workspaces/aprs/aprs_ws/install/ur_setup/share/ur_setup/environment/path.dsv
[1.447s] -- Up-to-date: /workspaces/aprs/aprs_ws/install/ur_setup/share/ur_setup/local_setup.bash
[1.447s] -- Up-to-date: /workspaces/aprs/aprs_ws/install/ur_setup/share/ur_setup/local_setup.sh
[1.447s] -- Up-to-date: /workspaces/aprs/aprs_ws/install/ur_setup/share/ur_setup/local_setup.zsh
[1.448s] -- Up-to-date: /workspaces/aprs/aprs_ws/install/ur_setup/share/ur_setup/local_setup.dsv
[1.448s] -- Installing: /workspaces/aprs/aprs_ws/install/ur_setup/share/ur_setup/package.dsv
[1.448s] -- Up-to-date: /workspaces/aprs/aprs_ws/install/ur_setup/share/ament_index/resource_index/packages/ur_setup
[1.448s] -- Up-to-date: /workspaces/aprs/aprs_ws/install/ur_setup/share/ur_setup/cmake/ur_setupConfig.cmake
[1.448s] -- Up-to-date: /workspaces/aprs/aprs_ws/install/ur_setup/share/ur_setup/cmake/ur_setupConfig-version.cmake
[1.449s] -- Up-to-date: /workspaces/aprs/aprs_ws/install/ur_setup/share/ur_setup/package.xml
[1.604s] Invoked command in '/workspaces/aprs/aprs_ws/build/ur_setup' returned '0': CMAKE_PREFIX_PATH=${CMAKE_PREFIX_PATH}:/opt/ros/humble /usr/bin/cmake --install /workspaces/aprs/aprs_ws/build/ur_setup
