-- The CXX compiler identification is GNU 11.4.0
-- Detecting CXX compiler ABI info
-- Detecting CXX compiler ABI info - done
-- Check for working CXX compiler: /usr/bin/c++ - skipped
-- Detecting CXX compile features
-- Detecting CXX compile features - done
-- Found ament_cmake: 2.2.1 (/opt/ros/rolling/share/ament_cmake/cmake)
-- Found Python3: /usr/bin/python3.10 (found version "3.10.12") found components: Interpreter 
-- Found backward_ros: 1.0.2 (/opt/ros/rolling/share/backward_ros/cmake)
-- Found libdw: /usr/lib/x86_64-linux-gnu/libdw.so  
-- Could NOT find libbfd (missing: LIBBFD_LIBRARY LIBBFD_INCLUDE_DIR) 
-- BACKWARD_HAS_UNWIND=1
-- BACKWARD_HAS_BACKTRACE=0
-- BACKWARD_HAS_BACKTRACE_SYMBOL=0
-- BACKWARD_HAS_DW=1
-- BACKWARD_HAS_BFD=0
-- Found Backward: /opt/ros/rolling/share/backward_ros/cmake  
-- Found controller_interface: 3.17.0 (/home/aprs/aprs/aprs_ws/install/controller_interface/share/controller_interface/cmake)
-- Found rosidl_generator_c: 4.3.0 (/opt/ros/rolling/share/rosidl_generator_c/cmake)
-- Found rosidl_generator_cpp: 4.3.0 (/opt/ros/rolling/share/rosidl_generator_cpp/cmake)
-- Using all available rosidl_typesupport_c: rosidl_typesupport_fastrtps_c;rosidl_typesupport_introspection_c
-- Using all available rosidl_typesupport_cpp: rosidl_typesupport_fastrtps_cpp;rosidl_typesupport_introspection_cpp
-- Found rmw_implementation_cmake: 7.2.1 (/opt/ros/rolling/share/rmw_implementation_cmake/cmake)
-- Found rmw_fastrtps_cpp: 7.3.0 (/opt/ros/rolling/share/rmw_fastrtps_cpp/cmake)
-- Found OpenSSL: /usr/lib/x86_64-linux-gnu/libcrypto.so (found version "3.0.2")  
-- Found FastRTPS: /opt/ros/rolling/include  
-- Using RMW implementation 'rmw_fastrtps_cpp' as default
-- Found generate_parameter_library: 0.3.3 (/opt/ros/rolling/share/generate_parameter_library/cmake)
-- Found parameter_traits: 0.3.3 (/opt/ros/rolling/share/parameter_traits/cmake)
-- Found realtime_tools: 2.5.0 (/opt/ros/rolling/share/realtime_tools/cmake)
-- Found std_srvs: 5.2.0 (/opt/ros/rolling/share/std_srvs/cmake)
-- Found steering_controllers_library: 3.13.0 (/home/aprs/aprs/aprs_ws/install/steering_controllers_library/share/steering_controllers_library/cmake)
-- Found eigen3_cmake_module: 0.3.0 (/opt/ros/rolling/share/eigen3_cmake_module/cmake)
-- Found Eigen3: TRUE (found version "3.4.0") 
-- Ensuring Eigen3 include directory is part of orocos-kdl CMake target
-- Found ament_cmake_gmock: 2.2.1 (/opt/ros/rolling/share/ament_cmake_gmock/cmake)
-- Found controller_manager: 3.17.0 (/home/aprs/aprs/aprs_ws/install/controller_manager/share/controller_manager/cmake)
-- Found ros2_control_test_assets: 3.17.0 (/home/aprs/aprs/aprs_ws/install/ros2_control_test_assets/share/ros2_control_test_assets/cmake)
-- Found gmock sources under '/opt/ros/rolling/src/gmock_vendor': C++ tests using 'Google Mock' will be built
-- The C compiler identification is GNU 11.4.0
-- Detecting C compiler ABI info
-- Detecting C compiler ABI info - done
-- Check for working C compiler: /usr/bin/cc - skipped
-- Detecting C compile features
-- Detecting C compile features - done
-- Found ament_cmake_gtest: 2.2.1 (/opt/ros/rolling/share/ament_cmake_gtest/cmake)
-- Found gtest sources under '/opt/ros/rolling/src/gtest_vendor': C++ tests using 'Google Test' will be built
-- Found gmock sources under '/opt/ros/rolling/src/gmock_vendor': C++ tests using 'Google Mock' will be built
-- Found ament_cmake_gtest: 2.2.1 (/opt/ros/rolling/share/ament_cmake_gtest/cmake)
-- Found gtest sources under '/opt/ros/rolling/src/gtest_vendor': C++ tests using 'Google Test' will be built
-- Found gmock sources under '/opt/ros/rolling/src/gmock_vendor': C++ tests using 'Google Mock' will be built
-- Found ament_cmake_gtest: 2.2.1 (/opt/ros/rolling/share/ament_cmake_gtest/cmake)
-- Found gtest sources under '/opt/ros/rolling/src/gtest_vendor': C++ tests using 'Google Test' will be built
-- Configuring done
-- Generating done
-- Build files have been written to: /home/aprs/aprs/aprs_ws/build/ackermann_steering_controller
[  8%] [34m[1mRunning `/opt/ros/rolling/bin/generate_parameter_library_py /home/aprs/aprs/aprs_ws/build/ackermann_steering_controller/ackermann_steering_controller_parameters/include//ackermann_steering_controller_parameters.hpp /home/aprs/aprs/aprs_ws/src/ros2_controllers/ackermann_steering_controller/src/ackermann_steering_controller.yaml `[0m
[  8%] Built target ackermann_steering_controller_parameters
[ 16%] [32mBuilding CXX object gmock/CMakeFiles/gmock.dir/opt/ros/rolling/src/gtest_vendor/src/gtest-all.cc.o[0m
[ 25%] [32mBuilding CXX object gmock/CMakeFiles/gmock.dir/src/gmock-all.cc.o[0m
[ 33%] [32m[1mLinking CXX static library libgmock.a[0m
[ 33%] Built target gmock
[ 41%] [32mBuilding CXX object CMakeFiles/ackermann_steering_controller.dir/src/ackermann_steering_controller.cpp.o[0m
[ 50%] [32m[1mLinking CXX shared library libackermann_steering_controller.so[0m
[ 50%] Built target ackermann_steering_controller
[ 58%] [32mBuilding CXX object CMakeFiles/test_load_ackermann_steering_controller.dir/test/test_load_ackermann_steering_controller.cpp.o[0m
[ 66%] [32mBuilding CXX object CMakeFiles/test_ackermann_steering_controller.dir/test/test_ackermann_steering_controller.cpp.o[0m
[ 75%] [32mBuilding CXX object CMakeFiles/test_ackermann_steering_controller_preceeding.dir/test/test_ackermann_steering_controller_preceeding.cpp.o[0m
[ 83%] [32m[1mLinking CXX executable test_ackermann_steering_controller_preceeding[0m
[ 91%] [32m[1mLinking CXX executable test_load_ackermann_steering_controller[0m
[ 91%] Built target test_ackermann_steering_controller_preceeding
[ 91%] Built target test_load_ackermann_steering_controller
[100%] [32m[1mLinking CXX executable test_ackermann_steering_controller[0m
[100%] Built target test_ackermann_steering_controller
-- Install configuration: ""
-- Installing: /home/aprs/aprs/aprs_ws/install/ackermann_steering_controller/include/ackermann_steering_controller_parameters
-- Installing: /home/aprs/aprs/aprs_ws/install/ackermann_steering_controller/include/ackermann_steering_controller_parameters/ackermann_steering_controller_parameters.hpp
-- Installing: /home/aprs/aprs/aprs_ws/install/ackermann_steering_controller/share/ackermann_steering_controller/ackermann_steering_controller.xml
-- Installing: /home/aprs/aprs/aprs_ws/install/ackermann_steering_controller/include/ackermann_steering_controller
-- Installing: /home/aprs/aprs/aprs_ws/install/ackermann_steering_controller/include/ackermann_steering_controller/ackermann_steering_controller
-- Installing: /home/aprs/aprs/aprs_ws/install/ackermann_steering_controller/include/ackermann_steering_controller/ackermann_steering_controller/visibility_control.h
-- Installing: /home/aprs/aprs/aprs_ws/install/ackermann_steering_controller/include/ackermann_steering_controller/ackermann_steering_controller/ackermann_steering_controller.hpp
-- Installing: /home/aprs/aprs/aprs_ws/install/ackermann_steering_controller/lib/libackermann_steering_controller.so
-- Set runtime path of "/home/aprs/aprs/aprs_ws/install/ackermann_steering_controller/lib/libackermann_steering_controller.so" to ""
-- Installing: /home/aprs/aprs/aprs_ws/install/ackermann_steering_controller/share/ackermann_steering_controller/environment/library_path.sh
-- Installing: /home/aprs/aprs/aprs_ws/install/ackermann_steering_controller/share/ackermann_steering_controller/environment/library_path.dsv
-- Installing: /home/aprs/aprs/aprs_ws/install/ackermann_steering_controller/share/ament_index/resource_index/package_run_dependencies/ackermann_steering_controller
-- Installing: /home/aprs/aprs/aprs_ws/install/ackermann_steering_controller/share/ament_index/resource_index/parent_prefix_path/ackermann_steering_controller
-- Installing: /home/aprs/aprs/aprs_ws/install/ackermann_steering_controller/share/ackermann_steering_controller/environment/ament_prefix_path.sh
-- Installing: /home/aprs/aprs/aprs_ws/install/ackermann_steering_controller/share/ackermann_steering_controller/environment/ament_prefix_path.dsv
-- Installing: /home/aprs/aprs/aprs_ws/install/ackermann_steering_controller/share/ackermann_steering_controller/environment/path.sh
-- Installing: /home/aprs/aprs/aprs_ws/install/ackermann_steering_controller/share/ackermann_steering_controller/environment/path.dsv
-- Installing: /home/aprs/aprs/aprs_ws/install/ackermann_steering_controller/share/ackermann_steering_controller/local_setup.bash
-- Installing: /home/aprs/aprs/aprs_ws/install/ackermann_steering_controller/share/ackermann_steering_controller/local_setup.sh
-- Installing: /home/aprs/aprs/aprs_ws/install/ackermann_steering_controller/share/ackermann_steering_controller/local_setup.zsh
-- Installing: /home/aprs/aprs/aprs_ws/install/ackermann_steering_controller/share/ackermann_steering_controller/local_setup.dsv
-- Installing: /home/aprs/aprs/aprs_ws/install/ackermann_steering_controller/share/ackermann_steering_controller/package.dsv
-- Installing: /home/aprs/aprs/aprs_ws/install/ackermann_steering_controller/share/ament_index/resource_index/packages/ackermann_steering_controller
-- Installing: /home/aprs/aprs/aprs_ws/install/ackermann_steering_controller/share/ament_index/resource_index/controller_interface__pluginlib__plugin/ackermann_steering_controller
-- Installing: /home/aprs/aprs/aprs_ws/install/ackermann_steering_controller/share/ackermann_steering_controller/cmake/export_ackermann_steering_controllerExport.cmake
-- Installing: /home/aprs/aprs/aprs_ws/install/ackermann_steering_controller/share/ackermann_steering_controller/cmake/export_ackermann_steering_controllerExport-noconfig.cmake
-- Installing: /home/aprs/aprs/aprs_ws/install/ackermann_steering_controller/share/ackermann_steering_controller/cmake/ament_cmake_export_targets-extras.cmake
-- Installing: /home/aprs/aprs/aprs_ws/install/ackermann_steering_controller/share/ackermann_steering_controller/cmake/ament_cmake_export_dependencies-extras.cmake
-- Installing: /home/aprs/aprs/aprs_ws/install/ackermann_steering_controller/share/ackermann_steering_controller/cmake/ackermann_steering_controllerConfig.cmake
-- Installing: /home/aprs/aprs/aprs_ws/install/ackermann_steering_controller/share/ackermann_steering_controller/cmake/ackermann_steering_controllerConfig-version.cmake
-- Installing: /home/aprs/aprs/aprs_ws/install/ackermann_steering_controller/share/ackermann_steering_controller/package.xml
