[0.928s] Invoking command in '/workspaces/aprs/aprs_ws/build/ur_description__': CMAKE_PREFIX_PATH=${CMAKE_PREFIX_PATH}:/opt/ros/humble /usr/bin/cmake --build /workspaces/aprs/aprs_ws/build/ur_description__ -- -j16 -l16
[1.502s] Invoked command in '/workspaces/aprs/aprs_ws/build/ur_description__' returned '0': CMAKE_PREFIX_PATH=${CMAKE_PREFIX_PATH}:/opt/ros/humble /usr/bin/cmake --build /workspaces/aprs/aprs_ws/build/ur_description__ -- -j16 -l16
[1.949s] Invoking command in '/workspaces/aprs/aprs_ws/build/ur_description__': CMAKE_PREFIX_PATH=${CMAKE_PREFIX_PATH}:/opt/ros/humble /usr/bin/cmake --install /workspaces/aprs/aprs_ws/build/ur_description__
[1.982s] -- Install configuration: ""
[1.982s] -- Up-to-date: /workspaces/aprs/aprs_ws/install/ur_description__/share/ur_description__/config
[1.982s] -- Up-to-date: /workspaces/aprs/aprs_ws/install/ur_description__/share/ur_description__/config/ur3e
[1.982s] -- Up-to-date: /workspaces/aprs/aprs_ws/install/ur_description__/share/ur_description__/config/ur3e/physical_parameters.yaml
[1.982s] -- Up-to-date: /workspaces/aprs/aprs_ws/install/ur_description__/share/ur_description__/config/ur3e/joint_limits.yaml
[1.983s] -- Up-to-date: /workspaces/aprs/aprs_ws/install/ur_description__/share/ur_description__/config/ur3e/default_kinematics.yaml
[1.983s] -- Up-to-date: /workspaces/aprs/aprs_ws/install/ur_description__/share/ur_description__/config/ur3e/visual_parameters.yaml
[1.983s] -- Up-to-date: /workspaces/aprs/aprs_ws/install/ur_description__/share/ur_description__/config/ur3
[1.983s] -- Up-to-date: /workspaces/aprs/aprs_ws/install/ur_description__/share/ur_description__/config/ur3/physical_parameters.yaml
[1.983s] -- Up-to-date: /workspaces/aprs/aprs_ws/install/ur_description__/share/ur_description__/config/ur3/joint_limits.yaml
[1.984s] -- Up-to-date: /workspaces/aprs/aprs_ws/install/ur_description__/share/ur_description__/config/ur3/default_kinematics.yaml
[1.984s] -- Up-to-date: /workspaces/aprs/aprs_ws/install/ur_description__/share/ur_description__/config/ur3/visual_parameters.yaml
[1.984s] -- Up-to-date: /workspaces/aprs/aprs_ws/install/ur_description__/share/ur_description__/config/initial_positions.yaml
[1.984s] -- Up-to-date: /workspaces/aprs/aprs_ws/install/ur_description__/share/ur_description__/config/ur10e
[1.984s] -- Up-to-date: /workspaces/aprs/aprs_ws/install/ur_description__/share/ur_description__/config/ur10e/physical_parameters.yaml
[1.985s] -- Up-to-date: /workspaces/aprs/aprs_ws/install/ur_description__/share/ur_description__/config/ur10e/joint_limits.yaml
[1.986s] -- Up-to-date: /workspaces/aprs/aprs_ws/install/ur_description__/share/ur_description__/config/ur10e/default_kinematics.yaml
[1.987s] -- Up-to-date: /workspaces/aprs/aprs_ws/install/ur_description__/share/ur_description__/config/ur10e/visual_parameters.yaml
[1.987s] -- Up-to-date: /workspaces/aprs/aprs_ws/install/ur_description__/share/ur_description__/config/ur5e
[1.988s] -- Up-to-date: /workspaces/aprs/aprs_ws/install/ur_description__/share/ur_description__/config/ur5e/physical_parameters.yaml
[1.989s] -- Up-to-date: /workspaces/aprs/aprs_ws/install/ur_description__/share/ur_description__/config/ur5e/joint_limits.yaml
[1.989s] -- Up-to-date: /workspaces/aprs/aprs_ws/install/ur_description__/share/ur_description__/config/ur5e/default_kinematics.yaml
[1.990s] -- Up-to-date: /workspaces/aprs/aprs_ws/install/ur_description__/share/ur_description__/config/ur5e/visual_parameters.yaml
[1.990s] -- Up-to-date: /workspaces/aprs/aprs_ws/install/ur_description__/share/ur_description__/config/ur10
[1.990s] -- Up-to-date: /workspaces/aprs/aprs_ws/install/ur_description__/share/ur_description__/config/ur10/physical_parameters.yaml
[1.990s] -- Up-to-date: /workspaces/aprs/aprs_ws/install/ur_description__/share/ur_description__/config/ur10/joint_limits.yaml
[1.990s] -- Up-to-date: /workspaces/aprs/aprs_ws/install/ur_description__/share/ur_description__/config/ur10/default_kinematics.yaml
[1.990s] -- Up-to-date: /workspaces/aprs/aprs_ws/install/ur_description__/share/ur_description__/config/ur10/visual_parameters.yaml
[1.991s] -- Up-to-date: /workspaces/aprs/aprs_ws/install/ur_description__/share/ur_description__/config/ur5
[1.991s] -- Up-to-date: /workspaces/aprs/aprs_ws/install/ur_description__/share/ur_description__/config/ur5/physical_parameters.yaml
[1.991s] -- Up-to-date: /workspaces/aprs/aprs_ws/install/ur_description__/share/ur_description__/config/ur5/joint_limits.yaml
[1.992s] -- Up-to-date: /workspaces/aprs/aprs_ws/install/ur_description__/share/ur_description__/config/ur5/default_kinematics.yaml
[1.992s] -- Up-to-date: /workspaces/aprs/aprs_ws/install/ur_description__/share/ur_description__/config/ur5/visual_parameters.yaml
[1.992s] -- Up-to-date: /workspaces/aprs/aprs_ws/install/ur_description__/share/ur_description__/config/ur16e
[1.993s] -- Up-to-date: /workspaces/aprs/aprs_ws/install/ur_description__/share/ur_description__/config/ur16e/physical_parameters.yaml
[1.993s] -- Up-to-date: /workspaces/aprs/aprs_ws/install/ur_description__/share/ur_description__/config/ur16e/joint_limits.yaml
[1.993s] -- Up-to-date: /workspaces/aprs/aprs_ws/install/ur_description__/share/ur_description__/config/ur16e/default_kinematics.yaml
[1.993s] -- Up-to-date: /workspaces/aprs/aprs_ws/install/ur_description__/share/ur_description__/config/ur16e/visual_parameters.yaml
[1.993s] -- Up-to-date: /workspaces/aprs/aprs_ws/install/ur_description__/share/ur_description__/launch
[1.994s] -- Up-to-date: /workspaces/aprs/aprs_ws/install/ur_description__/share/ur_description__/launch/view_ur.launch.py
[1.994s] -- Up-to-date: /workspaces/aprs/aprs_ws/install/ur_description__/share/ur_description__/meshes
[1.994s] -- Up-to-date: /workspaces/aprs/aprs_ws/install/ur_description__/share/ur_description__/meshes/ur3e
[1.994s] -- Up-to-date: /workspaces/aprs/aprs_ws/install/ur_description__/share/ur_description__/meshes/ur3e/visual
[1.994s] -- Up-to-date: /workspaces/aprs/aprs_ws/install/ur_description__/share/ur_description__/meshes/ur3e/visual/upperarm.dae
[1.995s] -- Up-to-date: /workspaces/aprs/aprs_ws/install/ur_description__/share/ur_description__/meshes/ur3e/visual/forearm.dae
[1.995s] -- Up-to-date: /workspaces/aprs/aprs_ws/install/ur_description__/share/ur_description__/meshes/ur3e/visual/wrist2.dae
[1.995s] -- Up-to-date: /workspaces/aprs/aprs_ws/install/ur_description__/share/ur_description__/meshes/ur3e/visual/shoulder.dae
[1.995s] -- Up-to-date: /workspaces/aprs/aprs_ws/install/ur_description__/share/ur_description__/meshes/ur3e/visual/wrist3.dae
[1.995s] -- Up-to-date: /workspaces/aprs/aprs_ws/install/ur_description__/share/ur_description__/meshes/ur3e/visual/wrist1.dae
[1.995s] -- Up-to-date: /workspaces/aprs/aprs_ws/install/ur_description__/share/ur_description__/meshes/ur3e/visual/base.dae
[1.995s] -- Up-to-date: /workspaces/aprs/aprs_ws/install/ur_description__/share/ur_description__/meshes/ur3e/collision
[2.004s] -- Up-to-date: /workspaces/aprs/aprs_ws/install/ur_description__/share/ur_description__/meshes/ur3e/collision/wrist3.stl
[2.005s] -- Up-to-date: /workspaces/aprs/aprs_ws/install/ur_description__/share/ur_description__/meshes/ur3e/collision/base.stl
[2.005s] -- Up-to-date: /workspaces/aprs/aprs_ws/install/ur_description__/share/ur_description__/meshes/ur3e/collision/shoulder.stl
[2.005s] -- Up-to-date: /workspaces/aprs/aprs_ws/install/ur_description__/share/ur_description__/meshes/ur3e/collision/wrist1.stl
[2.006s] -- Up-to-date: /workspaces/aprs/aprs_ws/install/ur_description__/share/ur_description__/meshes/ur3e/collision/wrist2.stl
[2.007s] -- Up-to-date: /workspaces/aprs/aprs_ws/install/ur_description__/share/ur_description__/meshes/ur3e/collision/upperarm.stl
[2.008s] -- Up-to-date: /workspaces/aprs/aprs_ws/install/ur_description__/share/ur_description__/meshes/ur3e/collision/forearm.stl
[2.008s] -- Up-to-date: /workspaces/aprs/aprs_ws/install/ur_description__/share/ur_description__/meshes/ur3
[2.008s] -- Up-to-date: /workspaces/aprs/aprs_ws/install/ur_description__/share/ur_description__/meshes/ur3/visual
[2.008s] -- Up-to-date: /workspaces/aprs/aprs_ws/install/ur_description__/share/ur_description__/meshes/ur3/visual/upperarm.dae
[2.009s] -- Up-to-date: /workspaces/aprs/aprs_ws/install/ur_description__/share/ur_description__/meshes/ur3/visual/forearm.dae
[2.009s] -- Up-to-date: /workspaces/aprs/aprs_ws/install/ur_description__/share/ur_description__/meshes/ur3/visual/wrist2.dae
[2.009s] -- Up-to-date: /workspaces/aprs/aprs_ws/install/ur_description__/share/ur_description__/meshes/ur3/visual/shoulder.dae
[2.009s] -- Up-to-date: /workspaces/aprs/aprs_ws/install/ur_description__/share/ur_description__/meshes/ur3/visual/wrist3.dae
[2.010s] -- Up-to-date: /workspaces/aprs/aprs_ws/install/ur_description__/share/ur_description__/meshes/ur3/visual/wrist1.dae
[2.011s] -- Up-to-date: /workspaces/aprs/aprs_ws/install/ur_description__/share/ur_description__/meshes/ur3/visual/base.dae
[2.011s] -- Up-to-date: /workspaces/aprs/aprs_ws/install/ur_description__/share/ur_description__/meshes/ur3/collision
[2.011s] -- Up-to-date: /workspaces/aprs/aprs_ws/install/ur_description__/share/ur_description__/meshes/ur3/collision/wrist3.stl
[2.011s] -- Up-to-date: /workspaces/aprs/aprs_ws/install/ur_description__/share/ur_description__/meshes/ur3/collision/base.stl
[2.012s] -- Up-to-date: /workspaces/aprs/aprs_ws/install/ur_description__/share/ur_description__/meshes/ur3/collision/shoulder.stl
[2.013s] -- Up-to-date: /workspaces/aprs/aprs_ws/install/ur_description__/share/ur_description__/meshes/ur3/collision/wrist1.stl
[2.013s] -- Up-to-date: /workspaces/aprs/aprs_ws/install/ur_description__/share/ur_description__/meshes/ur3/collision/wrist2.stl
[2.013s] -- Up-to-date: /workspaces/aprs/aprs_ws/install/ur_description__/share/ur_description__/meshes/ur3/collision/upperarm.stl
[2.014s] -- Up-to-date: /workspaces/aprs/aprs_ws/install/ur_description__/share/ur_description__/meshes/ur3/collision/forearm.stl
[2.014s] -- Up-to-date: /workspaces/aprs/aprs_ws/install/ur_description__/share/ur_description__/meshes/ur10e
[2.014s] -- Up-to-date: /workspaces/aprs/aprs_ws/install/ur_description__/share/ur_description__/meshes/ur10e/visual
[2.015s] -- Up-to-date: /workspaces/aprs/aprs_ws/install/ur_description__/share/ur_description__/meshes/ur10e/visual/upperarm.dae
[2.015s] -- Up-to-date: /workspaces/aprs/aprs_ws/install/ur_description__/share/ur_description__/meshes/ur10e/visual/forearm.dae
[2.015s] -- Up-to-date: /workspaces/aprs/aprs_ws/install/ur_description__/share/ur_description__/meshes/ur10e/visual/wrist2.dae
[2.016s] -- Up-to-date: /workspaces/aprs/aprs_ws/install/ur_description__/share/ur_description__/meshes/ur10e/visual/shoulder.dae
[2.016s] -- Up-to-date: /workspaces/aprs/aprs_ws/install/ur_description__/share/ur_description__/meshes/ur10e/visual/wrist3.dae
[2.016s] -- Up-to-date: /workspaces/aprs/aprs_ws/install/ur_description__/share/ur_description__/meshes/ur10e/visual/wrist1.dae
[2.016s] -- Up-to-date: /workspaces/aprs/aprs_ws/install/ur_description__/share/ur_description__/meshes/ur10e/visual/base.dae
[2.017s] -- Up-to-date: /workspaces/aprs/aprs_ws/install/ur_description__/share/ur_description__/meshes/ur10e/collision
[2.017s] -- Up-to-date: /workspaces/aprs/aprs_ws/install/ur_description__/share/ur_description__/meshes/ur10e/collision/wrist3.stl
[2.017s] -- Up-to-date: /workspaces/aprs/aprs_ws/install/ur_description__/share/ur_description__/meshes/ur10e/collision/base.stl
[2.018s] -- Up-to-date: /workspaces/aprs/aprs_ws/install/ur_description__/share/ur_description__/meshes/ur10e/collision/shoulder.stl
[2.018s] -- Up-to-date: /workspaces/aprs/aprs_ws/install/ur_description__/share/ur_description__/meshes/ur10e/collision/wrist1.stl
[2.018s] -- Up-to-date: /workspaces/aprs/aprs_ws/install/ur_description__/share/ur_description__/meshes/ur10e/collision/wrist2.stl
[2.019s] -- Up-to-date: /workspaces/aprs/aprs_ws/install/ur_description__/share/ur_description__/meshes/ur10e/collision/upperarm.stl
[2.019s] -- Up-to-date: /workspaces/aprs/aprs_ws/install/ur_description__/share/ur_description__/meshes/ur10e/collision/forearm.stl
[2.020s] -- Up-to-date: /workspaces/aprs/aprs_ws/install/ur_description__/share/ur_description__/meshes/ur5e
[2.020s] -- Up-to-date: /workspaces/aprs/aprs_ws/install/ur_description__/share/ur_description__/meshes/ur5e/visual
[2.020s] -- Up-to-date: /workspaces/aprs/aprs_ws/install/ur_description__/share/ur_description__/meshes/ur5e/visual/upperarm.dae
[2.021s] -- Up-to-date: /workspaces/aprs/aprs_ws/install/ur_description__/share/ur_description__/meshes/ur5e/visual/forearm.dae
[2.021s] -- Up-to-date: /workspaces/aprs/aprs_ws/install/ur_description__/share/ur_description__/meshes/ur5e/visual/wrist2.dae
[2.021s] -- Up-to-date: /workspaces/aprs/aprs_ws/install/ur_description__/share/ur_description__/meshes/ur5e/visual/shoulder.dae
[2.022s] -- Up-to-date: /workspaces/aprs/aprs_ws/install/ur_description__/share/ur_description__/meshes/ur5e/visual/wrist3.dae
[2.022s] -- Up-to-date: /workspaces/aprs/aprs_ws/install/ur_description__/share/ur_description__/meshes/ur5e/visual/wrist1.dae
[2.022s] -- Up-to-date: /workspaces/aprs/aprs_ws/install/ur_description__/share/ur_description__/meshes/ur5e/visual/base.dae
[2.022s] -- Up-to-date: /workspaces/aprs/aprs_ws/install/ur_description__/share/ur_description__/meshes/ur5e/collision
[2.023s] -- Up-to-date: /workspaces/aprs/aprs_ws/install/ur_description__/share/ur_description__/meshes/ur5e/collision/wrist3.stl
[2.024s] -- Up-to-date: /workspaces/aprs/aprs_ws/install/ur_description__/share/ur_description__/meshes/ur5e/collision/base.stl
[2.024s] -- Up-to-date: /workspaces/aprs/aprs_ws/install/ur_description__/share/ur_description__/meshes/ur5e/collision/shoulder.stl
[2.025s] -- Up-to-date: /workspaces/aprs/aprs_ws/install/ur_description__/share/ur_description__/meshes/ur5e/collision/wrist1.stl
[2.026s] -- Up-to-date: /workspaces/aprs/aprs_ws/install/ur_description__/share/ur_description__/meshes/ur5e/collision/wrist2.stl
[2.027s] -- Up-to-date: /workspaces/aprs/aprs_ws/install/ur_description__/share/ur_description__/meshes/ur5e/collision/upperarm.stl
[2.027s] -- Up-to-date: /workspaces/aprs/aprs_ws/install/ur_description__/share/ur_description__/meshes/ur5e/collision/forearm.stl
[2.028s] -- Up-to-date: /workspaces/aprs/aprs_ws/install/ur_description__/share/ur_description__/meshes/ur10
[2.028s] -- Up-to-date: /workspaces/aprs/aprs_ws/install/ur_description__/share/ur_description__/meshes/ur10/visual
[2.028s] -- Up-to-date: /workspaces/aprs/aprs_ws/install/ur_description__/share/ur_description__/meshes/ur10/visual/upperarm.dae
[2.029s] -- Up-to-date: /workspaces/aprs/aprs_ws/install/ur_description__/share/ur_description__/meshes/ur10/visual/forearm.dae
[2.029s] -- Up-to-date: /workspaces/aprs/aprs_ws/install/ur_description__/share/ur_description__/meshes/ur10/visual/wrist2.dae
[2.029s] -- Up-to-date: /workspaces/aprs/aprs_ws/install/ur_description__/share/ur_description__/meshes/ur10/visual/shoulder.dae
[2.030s] -- Up-to-date: /workspaces/aprs/aprs_ws/install/ur_description__/share/ur_description__/meshes/ur10/visual/wrist3.dae
[2.030s] -- Up-to-date: /workspaces/aprs/aprs_ws/install/ur_description__/share/ur_description__/meshes/ur10/visual/wrist1.dae
[2.030s] -- Up-to-date: /workspaces/aprs/aprs_ws/install/ur_description__/share/ur_description__/meshes/ur10/visual/base.dae
[2.031s] -- Up-to-date: /workspaces/aprs/aprs_ws/install/ur_description__/share/ur_description__/meshes/ur10/collision
[2.031s] -- Up-to-date: /workspaces/aprs/aprs_ws/install/ur_description__/share/ur_description__/meshes/ur10/collision/wrist3.stl
[2.031s] -- Up-to-date: /workspaces/aprs/aprs_ws/install/ur_description__/share/ur_description__/meshes/ur10/collision/base.stl
[2.031s] -- Up-to-date: /workspaces/aprs/aprs_ws/install/ur_description__/share/ur_description__/meshes/ur10/collision/shoulder.stl
[2.032s] -- Up-to-date: /workspaces/aprs/aprs_ws/install/ur_description__/share/ur_description__/meshes/ur10/collision/wrist1.stl
[2.032s] -- Up-to-date: /workspaces/aprs/aprs_ws/install/ur_description__/share/ur_description__/meshes/ur10/collision/wrist2.stl
[2.032s] -- Up-to-date: /workspaces/aprs/aprs_ws/install/ur_description__/share/ur_description__/meshes/ur10/collision/upperarm.stl
[2.033s] -- Up-to-date: /workspaces/aprs/aprs_ws/install/ur_description__/share/ur_description__/meshes/ur10/collision/forearm.stl
[2.033s] -- Up-to-date: /workspaces/aprs/aprs_ws/install/ur_description__/share/ur_description__/meshes/ur5
[2.033s] -- Up-to-date: /workspaces/aprs/aprs_ws/install/ur_description__/share/ur_description__/meshes/ur5/visual
[2.033s] -- Up-to-date: /workspaces/aprs/aprs_ws/install/ur_description__/share/ur_description__/meshes/ur5/visual/upperarm.dae
[2.034s] -- Up-to-date: /workspaces/aprs/aprs_ws/install/ur_description__/share/ur_description__/meshes/ur5/visual/forearm.dae
[2.034s] -- Up-to-date: /workspaces/aprs/aprs_ws/install/ur_description__/share/ur_description__/meshes/ur5/visual/wrist2.dae
[2.034s] -- Up-to-date: /workspaces/aprs/aprs_ws/install/ur_description__/share/ur_description__/meshes/ur5/visual/shoulder.dae
[2.034s] -- Up-to-date: /workspaces/aprs/aprs_ws/install/ur_description__/share/ur_description__/meshes/ur5/visual/wrist3.dae
[2.035s] -- Up-to-date: /workspaces/aprs/aprs_ws/install/ur_description__/share/ur_description__/meshes/ur5/visual/wrist1.dae
[2.035s] -- Up-to-date: /workspaces/aprs/aprs_ws/install/ur_description__/share/ur_description__/meshes/ur5/visual/base.dae
[2.035s] -- Up-to-date: /workspaces/aprs/aprs_ws/install/ur_description__/share/ur_description__/meshes/ur5/collision
[2.035s] -- Up-to-date: /workspaces/aprs/aprs_ws/install/ur_description__/share/ur_description__/meshes/ur5/collision/wrist3.stl
[2.036s] -- Up-to-date: /workspaces/aprs/aprs_ws/install/ur_description__/share/ur_description__/meshes/ur5/collision/base.stl
[2.036s] -- Up-to-date: /workspaces/aprs/aprs_ws/install/ur_description__/share/ur_description__/meshes/ur5/collision/shoulder.stl
[2.037s] -- Up-to-date: /workspaces/aprs/aprs_ws/install/ur_description__/share/ur_description__/meshes/ur5/collision/wrist1.stl
[2.038s] -- Up-to-date: /workspaces/aprs/aprs_ws/install/ur_description__/share/ur_description__/meshes/ur5/collision/wrist2.stl
[2.038s] -- Up-to-date: /workspaces/aprs/aprs_ws/install/ur_description__/share/ur_description__/meshes/ur5/collision/upperarm.stl
[2.038s] -- Up-to-date: /workspaces/aprs/aprs_ws/install/ur_description__/share/ur_description__/meshes/ur5/collision/forearm.stl
[2.038s] -- Up-to-date: /workspaces/aprs/aprs_ws/install/ur_description__/share/ur_description__/meshes/ur16e
[2.039s] -- Up-to-date: /workspaces/aprs/aprs_ws/install/ur_description__/share/ur_description__/meshes/ur16e/visual
[2.039s] -- Up-to-date: /workspaces/aprs/aprs_ws/install/ur_description__/share/ur_description__/meshes/ur16e/visual/upperarm.dae
[2.039s] -- Up-to-date: /workspaces/aprs/aprs_ws/install/ur_description__/share/ur_description__/meshes/ur16e/visual/forearm.dae
[2.039s] -- Up-to-date: /workspaces/aprs/aprs_ws/install/ur_description__/share/ur_description__/meshes/ur16e/collision
[2.040s] -- Up-to-date: /workspaces/aprs/aprs_ws/install/ur_description__/share/ur_description__/meshes/ur16e/collision/upperarm.stl
[2.040s] -- Up-to-date: /workspaces/aprs/aprs_ws/install/ur_description__/share/ur_description__/meshes/ur16e/collision/forearm.stl
[2.040s] -- Up-to-date: /workspaces/aprs/aprs_ws/install/ur_description__/share/ur_description__/rviz
[2.040s] -- Up-to-date: /workspaces/aprs/aprs_ws/install/ur_description__/share/ur_description__/rviz/view_robot.rviz
[2.040s] -- Up-to-date: /workspaces/aprs/aprs_ws/install/ur_description__/share/ur_description__/urdf
[2.041s] -- Up-to-date: /workspaces/aprs/aprs_ws/install/ur_description__/share/ur_description__/urdf/ur.urdf
[2.041s] -- Up-to-date: /workspaces/aprs/aprs_ws/install/ur_description__/share/ur_description__/urdf/ur_macro.xacro
[2.041s] -- Up-to-date: /workspaces/aprs/aprs_ws/install/ur_description__/share/ur_description__/urdf/inc
[2.041s] -- Up-to-date: /workspaces/aprs/aprs_ws/install/ur_description__/share/ur_description__/urdf/inc/ur_common.xacro
[2.042s] -- Up-to-date: /workspaces/aprs/aprs_ws/install/ur_description__/share/ur_description__/urdf/inc/ur_transmissions.xacro
[2.042s] -- Up-to-date: /workspaces/aprs/aprs_ws/install/ur_description__/share/ur_description__/urdf/ur.urdf.xacro
[2.042s] -- Up-to-date: /workspaces/aprs/aprs_ws/install/ur_description__/share/ur_description__/urdf/ur.ros2_control.xacro
[2.043s] -- Up-to-date: /workspaces/aprs/aprs_ws/install/ur_description__/share/ur_description__/test
[2.043s] -- Up-to-date: /workspaces/aprs/aprs_ws/install/ur_description__/share/ur_description__/test/test_ur_urdf_xacro.py
[2.043s] -- Up-to-date: /workspaces/aprs/aprs_ws/install/ur_description__/share/ur_description__/test/test_view_ur_launch.py
[2.043s] -- Up-to-date: /workspaces/aprs/aprs_ws/install/ur_description__/share/ur_description__/environment/ur_description__.dsv
[2.044s] -- Up-to-date: /workspaces/aprs/aprs_ws/install/ur_description__/share/ur_description__/environment/ur_description__.sh
[2.044s] -- Up-to-date: /workspaces/aprs/aprs_ws/install/ur_description__/share/ament_index/resource_index/package_run_dependencies/ur_description__
[2.044s] -- Up-to-date: /workspaces/aprs/aprs_ws/install/ur_description__/share/ament_index/resource_index/parent_prefix_path/ur_description__
[2.045s] -- Up-to-date: /workspaces/aprs/aprs_ws/install/ur_description__/share/ur_description__/environment/ament_prefix_path.sh
[2.045s] -- Up-to-date: /workspaces/aprs/aprs_ws/install/ur_description__/share/ur_description__/environment/ament_prefix_path.dsv
[2.045s] -- Up-to-date: /workspaces/aprs/aprs_ws/install/ur_description__/share/ur_description__/environment/path.sh
[2.046s] -- Up-to-date: /workspaces/aprs/aprs_ws/install/ur_description__/share/ur_description__/environment/path.dsv
[2.046s] -- Up-to-date: /workspaces/aprs/aprs_ws/install/ur_description__/share/ur_description__/local_setup.bash
[2.046s] -- Up-to-date: /workspaces/aprs/aprs_ws/install/ur_description__/share/ur_description__/local_setup.sh
[2.047s] -- Up-to-date: /workspaces/aprs/aprs_ws/install/ur_description__/share/ur_description__/local_setup.zsh
[2.047s] -- Up-to-date: /workspaces/aprs/aprs_ws/install/ur_description__/share/ur_description__/local_setup.dsv
[2.048s] -- Installing: /workspaces/aprs/aprs_ws/install/ur_description__/share/ur_description__/package.dsv
[2.048s] -- Up-to-date: /workspaces/aprs/aprs_ws/install/ur_description__/share/ament_index/resource_index/packages/ur_description__
[2.048s] -- Up-to-date: /workspaces/aprs/aprs_ws/install/ur_description__/share/ur_description__/cmake/ur_description__Config.cmake
[2.049s] -- Up-to-date: /workspaces/aprs/aprs_ws/install/ur_description__/share/ur_description__/cmake/ur_description__Config-version.cmake
[2.049s] -- Up-to-date: /workspaces/aprs/aprs_ws/install/ur_description__/share/ur_description__/package.xml
[2.462s] Invoked command in '/workspaces/aprs/aprs_ws/build/ur_description__' returned '0': CMAKE_PREFIX_PATH=${CMAKE_PREFIX_PATH}:/opt/ros/humble /usr/bin/cmake --install /workspaces/aprs/aprs_ws/build/ur_description__
