[0.051s] Invoking command in '/home/aprs/aprs/aprs_ws/build/ign_ros2_control': CMAKE_PREFIX_PATH=${CMAKE_PREFIX_PATH}:/home/aprs/aprs/aprs_ws/install/conveyor_controller:/opt/ros/humble /usr/bin/cmake /home/aprs/aprs/aprs_ws/src/gz_ros2_control/ign_ros2_control -DCMAKE_INSTALL_PREFIX=/home/aprs/aprs/aprs_ws/install/ign_ros2_control
[0.288s] -- The C compiler identification is GNU 11.4.0
[0.288s] -- The CXX compiler identification is GNU 11.4.0
[0.288s] -- Detecting C compiler ABI info
[0.289s] -- Detecting C compiler ABI info - done
[0.289s] -- Check for working C compiler: /usr/bin/cc - skipped
[0.289s] -- Detecting C compile features
[0.289s] -- Detecting C compile features - done
[0.289s] -- Detecting CXX compiler ABI info
[0.289s] -- Detecting CXX compiler ABI info - done
[0.289s] -- Check for working CXX compiler: /usr/bin/c++ - skipped
[0.289s] -- Detecting CXX compile features
[0.289s] -- Detecting CXX compile features - done
[0.289s] -- Found ament_cmake: 1.3.5 (/opt/ros/humble/share/ament_cmake/cmake)
[0.521s] -- Found Python3: /usr/bin/python3.10 (found version "3.10.12") found components: Interpreter 
[0.636s] -- Found ament_index_cpp: 1.4.0 (/opt/ros/humble/share/ament_index_cpp/cmake)
[0.638s] -- Found controller_manager: 2.30.0 (/opt/ros/humble/share/controller_manager/cmake)
[0.693s] -- Found rosidl_generator_c: 3.1.5 (/opt/ros/humble/share/rosidl_generator_c/cmake)
[0.696s] -- Found rosidl_adapter: 3.1.5 (/opt/ros/humble/share/rosidl_adapter/cmake)
[0.704s] -- Found rosidl_generator_cpp: 3.1.5 (/opt/ros/humble/share/rosidl_generator_cpp/cmake)
[0.720s] -- Using all available rosidl_typesupport_c: rosidl_typesupport_fastrtps_c;rosidl_typesupport_introspection_c
[0.761s] -- Using all available rosidl_typesupport_cpp: rosidl_typesupport_fastrtps_cpp;rosidl_typesupport_introspection_cpp
[1.645s] -- Found rmw_implementation_cmake: 6.1.1 (/opt/ros/humble/share/rmw_implementation_cmake/cmake)
[1.650s] -- Found rmw_fastrtps_cpp: 6.2.3 (/opt/ros/humble/share/rmw_fastrtps_cpp/cmake)
[2.017s] -- Found OpenSSL: /usr/lib/x86_64-linux-gnu/libcrypto.so (found version "3.0.2")  
[2.101s] -- Found FastRTPS: /opt/ros/humble/include  
[2.191s] -- Using RMW implementation 'rmw_fastrtps_cpp' as default
[2.216s] -- Looking for pthread.h
[2.559s] -- Looking for pthread.h - found
[2.560s] -- Performing Test CMAKE_HAVE_LIBC_PTHREAD
[2.873s] -- Performing Test CMAKE_HAVE_LIBC_PTHREAD - Success
[2.873s] -- Found Threads: TRUE  
[3.541s] -- Found yaml_cpp_vendor: 8.0.2 (/opt/ros/humble/share/yaml_cpp_vendor/cmake)
[3.553s] -- Looking for ignition-gazebo6 -- found version 6.15.0
[3.574s] -- Searching for dependencies of ignition-gazebo6
[3.580s] -- Looking for sdformat12 -- found version 12.7.2
[3.581s] -- Searching for dependencies of sdformat12
[3.600s] -- Checking for module 'tinyxml2'
[3.629s] --   Found tinyxml2, version 9.0.0
[4.721s] -- Looking for ignition-math6 -- found version 6.15.0
[4.722s] -- Searching for dependencies of ignition-math6
[4.738s] -- Looking for ignition-utils1 -- found version 1.5.1
[4.739s] -- Searching for dependencies of ignition-utils1
[4.753s] -- Looking for ignition-plugin1 -- found version 1.4.0
[4.754s] -- Searching for dependencies of ignition-plugin1
[4.757s] -- Searching for <ignition-plugin1> component [loader]
[4.765s] -- Looking for ignition-plugin1-loader -- found version 1.4.0
[4.766s] -- Searching for dependencies of ignition-plugin1-loader
[4.769s] -- Searching for <ignition-plugin1> component [register]
[4.771s] -- Looking for ignition-plugin1-register -- found version 1.4.0
[4.772s] -- Searching for dependencies of ignition-plugin1-register
[4.780s] -- Looking for ignition-transport11 -- found version 11.4.1
[4.781s] -- Searching for dependencies of ignition-transport11
[4.911s] -- Found Protobuf: /usr/lib/x86_64-linux-gnu/libprotobuf.so (found version "3.12.4") 
[4.935s] -- Config-file not installed for ZeroMQ -- checking for pkg-config
[4.981s] -- Checking for module 'libzmq >= 4'
[5.265s] --   Found libzmq , version 4.3.4
[5.472s] -- Found ZeroMQ: TRUE (Required is at least version "4") 
[5.516s] -- Checking for module 'uuid'
[5.633s] --   Found uuid, version 2.37.2
[6.065s] -- Found UUID: TRUE  
[6.065s] -- Looking for ignition-utils1 -- found version 1.5.1
[6.065s] -- Searching for dependencies of ignition-utils1
[6.066s] -- Searching for <ignition-utils1> component [cli]
[6.069s] -- Looking for ignition-utils1-cli -- found version 1.5.1
[6.070s] -- Searching for dependencies of ignition-utils1-cli
[6.077s] -- Looking for ignition-msgs8 -- found version 8.7.0
[6.077s] -- Searching for dependencies of ignition-msgs8
[6.283s] -- Found Protobuf: /usr/lib/x86_64-linux-gnu/libprotobuf.so (found suitable version "3.12.4", minimum required is "3") 
[6.287s] -- Looking for ignition-math6 -- found version 6.15.0
[6.329s] -- Searching for <ignition-transport11> component [log]
[6.332s] -- Looking for ignition-transport11-log -- found version 11.4.1
[6.333s] -- Searching for dependencies of ignition-transport11-log
[6.337s] -- Searching for <ignition-transport11> component [parameters]
[6.341s] -- Looking for ignition-transport11-parameters -- found version 11.4.1
[6.348s] -- Searching for dependencies of ignition-transport11-parameters
[6.353s] -- Looking for ignition-msgs8 -- found version 8.7.0
[6.361s] -- Looking for ignition-common4 -- found version 4.7.0
[6.365s] -- Searching for dependencies of ignition-common4
[6.365s] -- Looking for dlfcn.h - found
[6.366s] -- Looking for libdl - found
[6.368s] -- Found DL: TRUE  
[6.433s] -- Searching for <ignition-common4> component [profiler]
[6.522s] -- Looking for ignition-common4-profiler -- found version 4.7.0
[6.523s] -- Searching for dependencies of ignition-common4-profiler
[6.524s] -- Searching for <ignition-common4> component [events]
[6.526s] -- Looking for ignition-common4-events -- found version 4.7.0
[6.527s] -- Searching for dependencies of ignition-common4-events
[6.527s] -- Looking for ignition-math6 -- found version 6.15.0
[6.528s] -- Searching for <ignition-common4> component [av]
[6.532s] -- Looking for ignition-common4-av -- found version 4.7.0
[6.537s] -- Searching for dependencies of ignition-common4-av
[6.570s] -- Checking for module 'libswscale'
[6.636s] --   Found libswscale, version 5.9.100
[6.876s] -- Found SWSCALE: TRUE  
[6.976s] -- Checking for module 'libavdevice >= 56.4.100'
[7.069s] --   Found libavdevice , version 58.13.100
[7.472s] -- Found AVDEVICE: TRUE (Required is at least version "56.4.100") 
[7.487s] -- Checking for module 'libavformat'
[7.624s] --   Found libavformat, version 58.76.100
[7.973s] -- Found AVFORMAT: TRUE  
[8.173s] -- Checking for module 'libavcodec'
[8.197s] --   Found libavcodec, version 58.134.100
[8.341s] -- Found AVCODEC: TRUE  
[8.383s] -- Checking for module 'libavutil'
[8.756s] --   Found libavutil, version 56.70.100
[9.421s] -- Found AVUTIL: TRUE  
[9.449s] -- Looking for ignition-fuel_tools7 -- found version 7.3.0
[9.450s] -- Searching for dependencies of ignition-fuel_tools7
[10.039s] -- Found CURL: /usr/lib/x86_64-linux-gnu/libcurl.so (found version "7.81.0")  
[10.078s] -- Checking for module 'jsoncpp'
[10.128s] --   Found jsoncpp, version 1.9.5
[10.306s] -- Found JSONCPP: TRUE  
[10.357s] -- Checking for module 'libzip'
[10.437s] --   Found libzip, version 1.7.3
[10.703s] -- Found ZIP: TRUE  
[10.704s] -- Looking for ignition-common4 -- found version 4.7.0
[10.704s] -- Looking for ignition-math6 -- found version 6.15.0
[10.705s] -- Looking for ignition-msgs8 -- found version 8.7.0
[10.711s] -- Looking for ignition-gui6 -- found version 6.8.0
[10.712s] -- Searching for dependencies of ignition-gui6
[10.876s] -- Looking for ignition-math6 -- found version 6.15.0
[10.876s] -- Looking for ignition-common4 -- found version 4.7.0
[10.877s] -- Looking for ignition-plugin1 -- found version 1.4.0
[10.877s] -- Looking for ignition-transport11 -- found version 11.4.1
[10.889s] -- Looking for ignition-rendering6 -- found version 6.6.1
[10.890s] -- Searching for dependencies of ignition-rendering6
[10.890s] -- Looking for ignition-math6 -- found version 6.15.0
[10.891s] -- Searching for dependencies of ignition-math6
[10.891s] -- Searching for <ignition-math6> component [eigen3]
[10.905s] -- Looking for ignition-math6-eigen3 -- found version 6.15.0
[10.905s] -- Searching for dependencies of ignition-math6-eigen3
[10.917s] -- Looking for ignition-common4 -- found version 4.7.0
[10.917s] -- Searching for dependencies of ignition-common4
[10.917s] -- Looking for dlfcn.h - found
[10.917s] -- Looking for libdl - found
[10.942s] -- Searching for <ignition-common4> component [graphics]
[10.954s] -- Looking for ignition-common4-graphics -- found version 4.7.0
[10.955s] -- Searching for dependencies of ignition-common4-graphics
[10.955s] -- Looking for ignition-math6 -- found version 6.15.0
[10.956s] -- Looking for ignition-utils1 -- found version 1.5.1
[10.981s] -- Searching for <ignition-common4> component [events]
[10.981s] -- Looking for ignition-plugin1 -- found version 1.4.0
[10.981s] -- Searching for dependencies of ignition-plugin1
[10.983s] -- Searching for <ignition-plugin1> component [all]
[10.991s] -- Looking for all libraries of ignition-plugin1 -- found version 1.4.0
[10.991s] -- Looking for ignition-plugin1 -- found version 1.4.0
[11.030s] -- Looking for ignition-msgs8 -- found version 8.7.0
[11.125s] -- Looking for ignition-physics5 -- found version 5.3.2
[11.126s] -- Searching for dependencies of ignition-physics5
[11.126s] -- Looking for ignition-math6 -- found version 6.15.0
[11.126s] -- Looking for ignition-plugin1 -- found version 1.4.0
[11.127s] -- Looking for ignition-utils1 -- found version 1.5.1
[11.129s] -- Searching for <ignition-physics5> component [heightmap]
[11.138s] -- Looking for ignition-physics5-heightmap -- found version 5.3.2
[11.139s] -- Searching for dependencies of ignition-physics5-heightmap
[11.141s] -- Looking for ignition-common4 -- found version 4.7.0
[11.146s] -- Searching for <ignition-physics5> component [mesh]
[11.146s] -- Looking for ignition-physics5-mesh -- found version 5.3.2
[11.147s] -- Searching for dependencies of ignition-physics5-mesh
[11.147s] -- Looking for ignition-common4 -- found version 4.7.0
[11.148s] -- Searching for <ignition-physics5> component [sdf]
[11.153s] -- Looking for ignition-physics5-sdf -- found version 5.3.2
[11.153s] -- Searching for dependencies of ignition-physics5-sdf
[11.154s] -- Looking for sdformat12 -- found version 12.7.2
[11.183s] -- Looking for ignition-sensors6 -- found version 6.7.1
[11.183s] -- Searching for dependencies of ignition-sensors6
[11.226s] -- Found Protobuf: /usr/lib/x86_64-linux-gnu/libprotobuf.so (found version "3.12.4") 
[11.226s] -- Looking for ignition-math6 -- found version 6.15.0
[11.227s] -- Looking for ignition-common4 -- found version 4.7.0
[11.227s] -- Looking for ignition-transport11 -- found version 11.4.1
[11.228s] -- Looking for ignition-rendering6 -- found version 6.6.1
[11.228s] -- Looking for ignition-msgs8 -- found version 8.7.0
[11.229s] -- Looking for sdformat12 -- found version 12.7.2
[11.229s] -- Searching for <ignition-sensors6> component [air_pressure]
[11.235s] -- Looking for ignition-sensors6-air_pressure -- found version 6.7.1
[11.235s] -- Searching for dependencies of ignition-sensors6-air_pressure
[11.236s] -- Searching for <ignition-sensors6> component [altimeter]
[11.240s] -- Looking for ignition-sensors6-altimeter -- found version 6.7.1
[11.241s] -- Searching for dependencies of ignition-sensors6-altimeter
[11.242s] -- Searching for <ignition-sensors6> component [imu]
[11.249s] -- Looking for ignition-sensors6-imu -- found version 6.7.1
[11.249s] -- Searching for dependencies of ignition-sensors6-imu
[11.250s] -- Searching for <ignition-sensors6> component [force_torque]
[11.254s] -- Looking for ignition-sensors6-force_torque -- found version 6.7.1
[11.255s] -- Searching for dependencies of ignition-sensors6-force_torque
[11.256s] -- Searching for <ignition-sensors6> component [logical_camera]
[11.260s] -- Looking for ignition-sensors6-logical_camera -- found version 6.7.1
[11.260s] -- Searching for dependencies of ignition-sensors6-logical_camera
[11.261s] -- Searching for <ignition-sensors6> component [magnetometer]
[11.269s] -- Looking for ignition-sensors6-magnetometer -- found version 6.7.1
[11.269s] -- Searching for dependencies of ignition-sensors6-magnetometer
[11.269s] -- Searching for <ignition-sensors6> component [navsat]
[11.271s] -- Looking for ignition-sensors6-navsat -- found version 6.7.1
[11.272s] -- Searching for dependencies of ignition-sensors6-navsat
[11.276s] -- Searching for <ignition-sensors6> component [rendering]
[11.277s] -- Looking for ignition-sensors6-rendering -- found version 6.7.1
[11.278s] -- Searching for dependencies of ignition-sensors6-rendering
[11.283s] -- Searching for <ignition-sensors6> component [lidar]
[11.287s] -- Looking for ignition-sensors6-lidar -- found version 6.7.1
[11.287s] -- Searching for dependencies of ignition-sensors6-lidar
[11.288s] -- Looking for ignition-sensors6 -- found version 6.7.1
[11.289s] -- Searching for <ignition-sensors6> component [gpu_lidar]
[11.293s] -- Looking for ignition-sensors6-gpu_lidar -- found version 6.7.1
[11.294s] -- Searching for dependencies of ignition-sensors6-gpu_lidar
[11.294s] -- Looking for ignition-sensors6 -- found version 6.7.1
[11.296s] -- Searching for <ignition-sensors6> component [camera]
[11.301s] -- Looking for ignition-sensors6-camera -- found version 6.7.1
[11.301s] -- Searching for dependencies of ignition-sensors6-camera
[11.301s] -- Looking for ignition-sensors6 -- found version 6.7.1
[11.301s] -- Searching for <ignition-sensors6> component [boundingbox_camera]
[11.309s] -- Looking for ignition-sensors6-boundingbox_camera -- found version 6.7.1
[11.309s] -- Searching for dependencies of ignition-sensors6-boundingbox_camera
[11.309s] -- Searching for <ignition-sensors6> component [segmentation_camera]
[11.312s] -- Looking for ignition-sensors6-segmentation_camera -- found version 6.7.1
[11.313s] -- Searching for dependencies of ignition-sensors6-segmentation_camera
[11.313s] -- Searching for <ignition-sensors6> component [depth_camera]
[11.316s] -- Looking for ignition-sensors6-depth_camera -- found version 6.7.1
[11.316s] -- Searching for dependencies of ignition-sensors6-depth_camera
[11.317s] -- Looking for ignition-sensors6 -- found version 6.7.1
[11.318s] -- Searching for <ignition-sensors6> component [rgbd_camera]
[11.323s] -- Looking for ignition-sensors6-rgbd_camera -- found version 6.7.1
[11.324s] -- Searching for dependencies of ignition-sensors6-rgbd_camera
[11.325s] -- Looking for ignition-sensors6 -- found version 6.7.1
[11.326s] -- Searching for <ignition-sensors6> component [thermal_camera]
[11.329s] -- Looking for ignition-sensors6-thermal_camera -- found version 6.7.1
[11.330s] -- Searching for dependencies of ignition-sensors6-thermal_camera
[11.330s] -- Looking for ignition-sensors6 -- found version 6.7.1
[11.331s] -- Looking for ignition-rendering6 -- found version 6.6.1
[11.332s] -- Looking for ignition-math6 -- found version 6.15.0
[11.341s] -- Looking for ignition-utils1 -- found version 1.5.1
[11.365s] -- Compiling against Ignition Fortress
[11.365s] -- Looking for ignition-plugin1 -- found version 1.4.0
[11.808s] -- Found ament_lint_auto: 0.12.7 (/opt/ros/humble/share/ament_lint_auto/cmake)
[12.105s] -- Added test 'copyright' to check source files copyright and LICENSE
[12.107s] -- Added test 'cppcheck' to perform static code analysis on C / C++ code
[12.108s] -- Configured cppcheck include dirs: /home/aprs/aprs/aprs_ws/src/gz_ros2_control/ign_ros2_control/include
[12.108s] -- Configured cppcheck exclude dirs and/or files: 
[12.110s] -- Added test 'cpplint' to check C / C++ code against the Google style
[12.110s] -- Configured cpplint exclude dirs and/or files: 
[12.111s] -- Added test 'lint_cmake' to check CMake code style
[12.113s] -- Added test 'uncrustify' to check C / C++ code style
[12.113s] -- Configured uncrustify additional arguments: 
[12.115s] -- Added test 'xmllint' to check XML markup files
[12.118s] -- Configuring done
[12.189s] -- Generating done
[12.192s] -- Build files have been written to: /home/aprs/aprs/aprs_ws/build/ign_ros2_control
[12.209s] Invoked command in '/home/aprs/aprs/aprs_ws/build/ign_ros2_control' returned '0': CMAKE_PREFIX_PATH=${CMAKE_PREFIX_PATH}:/home/aprs/aprs/aprs_ws/install/conveyor_controller:/opt/ros/humble /usr/bin/cmake /home/aprs/aprs/aprs_ws/src/gz_ros2_control/ign_ros2_control -DCMAKE_INSTALL_PREFIX=/home/aprs/aprs/aprs_ws/install/ign_ros2_control
[12.212s] Invoking command in '/home/aprs/aprs/aprs_ws/build/ign_ros2_control': CMAKE_PREFIX_PATH=${CMAKE_PREFIX_PATH}:/home/aprs/aprs/aprs_ws/install/conveyor_controller:/opt/ros/humble /usr/bin/cmake --build /home/aprs/aprs/aprs_ws/build/ign_ros2_control -- -j16 -l16
[12.280s] [ 50%] [32mBuilding CXX object CMakeFiles/ign_ros2_control-system.dir/src/ign_ros2_control_plugin.cpp.o[0m
[12.281s] [ 50%] [32mBuilding CXX object CMakeFiles/ign_hardware_plugins.dir/src/ign_system.cpp.o[0m
[20.783s] [ 75%] [32m[1mLinking CXX shared library libign_ros2_control-system.so[0m
[21.204s] [ 75%] Built target ign_ros2_control-system
[21.447s] [100%] [32m[1mLinking CXX shared library libign_hardware_plugins.so[0m
[21.801s] [100%] Built target ign_hardware_plugins
[21.808s] Invoked command in '/home/aprs/aprs/aprs_ws/build/ign_ros2_control' returned '0': CMAKE_PREFIX_PATH=${CMAKE_PREFIX_PATH}:/home/aprs/aprs/aprs_ws/install/conveyor_controller:/opt/ros/humble /usr/bin/cmake --build /home/aprs/aprs/aprs_ws/build/ign_ros2_control -- -j16 -l16
[21.827s] Invoking command in '/home/aprs/aprs/aprs_ws/build/ign_ros2_control': CMAKE_PREFIX_PATH=${CMAKE_PREFIX_PATH}:/home/aprs/aprs/aprs_ws/install/conveyor_controller:/opt/ros/humble /usr/bin/cmake --install /home/aprs/aprs/aprs_ws/build/ign_ros2_control
[21.831s] -- Install configuration: ""
[21.831s] -- Installing: /home/aprs/aprs/aprs_ws/install/ign_ros2_control/lib/libign_hardware_plugins.so
[21.834s] -- Set runtime path of "/home/aprs/aprs/aprs_ws/install/ign_ros2_control/lib/libign_hardware_plugins.so" to ""
[21.834s] -- Installing: /home/aprs/aprs/aprs_ws/install/ign_ros2_control/include
[21.835s] -- Installing: /home/aprs/aprs/aprs_ws/install/ign_ros2_control/include/ign_ros2_control
[21.835s] -- Installing: /home/aprs/aprs/aprs_ws/install/ign_ros2_control/include/ign_ros2_control/ign_system.hpp
[21.835s] -- Installing: /home/aprs/aprs/aprs_ws/install/ign_ros2_control/include/ign_ros2_control/ign_ros2_control_plugin.hpp
[21.835s] -- Installing: /home/aprs/aprs/aprs_ws/install/ign_ros2_control/include/ign_ros2_control/ign_system_interface.hpp
[21.835s] -- Installing: /home/aprs/aprs/aprs_ws/install/ign_ros2_control/share/ign_ros2_control/environment/library_path.sh
[21.835s] -- Installing: /home/aprs/aprs/aprs_ws/install/ign_ros2_control/share/ign_ros2_control/environment/library_path.dsv
[21.835s] -- Installing: /home/aprs/aprs/aprs_ws/install/ign_ros2_control/lib/libign_ros2_control-system.so
[21.838s] -- Set runtime path of "/home/aprs/aprs/aprs_ws/install/ign_ros2_control/lib/libign_ros2_control-system.so" to ""
[21.838s] -- Installing: /home/aprs/aprs/aprs_ws/install/ign_ros2_control/share/ign_ros2_control/ign_hardware_plugins.xml
[21.838s] -- Installing: /home/aprs/aprs/aprs_ws/install/ign_ros2_control/share/ign_ros2_control/environment/ign_ros2_control.dsv
[21.838s] -- Installing: /home/aprs/aprs/aprs_ws/install/ign_ros2_control/share/ign_ros2_control/environment/ign_ros2_control.sh
[21.838s] -- Installing: /home/aprs/aprs/aprs_ws/install/ign_ros2_control/share/ament_index/resource_index/package_run_dependencies/ign_ros2_control
[21.838s] -- Installing: /home/aprs/aprs/aprs_ws/install/ign_ros2_control/share/ament_index/resource_index/parent_prefix_path/ign_ros2_control
[21.838s] -- Installing: /home/aprs/aprs/aprs_ws/install/ign_ros2_control/share/ign_ros2_control/environment/ament_prefix_path.sh
[21.838s] -- Installing: /home/aprs/aprs/aprs_ws/install/ign_ros2_control/share/ign_ros2_control/environment/ament_prefix_path.dsv
[21.838s] -- Installing: /home/aprs/aprs/aprs_ws/install/ign_ros2_control/share/ign_ros2_control/environment/path.sh
[21.838s] -- Installing: /home/aprs/aprs/aprs_ws/install/ign_ros2_control/share/ign_ros2_control/environment/path.dsv
[21.838s] -- Installing: /home/aprs/aprs/aprs_ws/install/ign_ros2_control/share/ign_ros2_control/local_setup.bash
[21.838s] -- Installing: /home/aprs/aprs/aprs_ws/install/ign_ros2_control/share/ign_ros2_control/local_setup.sh
[21.838s] -- Installing: /home/aprs/aprs/aprs_ws/install/ign_ros2_control/share/ign_ros2_control/local_setup.zsh
[21.838s] -- Installing: /home/aprs/aprs/aprs_ws/install/ign_ros2_control/share/ign_ros2_control/local_setup.dsv
[21.838s] -- Installing: /home/aprs/aprs/aprs_ws/install/ign_ros2_control/share/ign_ros2_control/package.dsv
[21.839s] -- Installing: /home/aprs/aprs/aprs_ws/install/ign_ros2_control/share/ament_index/resource_index/packages/ign_ros2_control
[21.839s] -- Installing: /home/aprs/aprs/aprs_ws/install/ign_ros2_control/share/ament_index/resource_index/ign_ros2_control__pluginlib__plugin/ign_ros2_control
[21.839s] -- Installing: /home/aprs/aprs/aprs_ws/install/ign_ros2_control/share/ign_ros2_control/cmake/ament_cmake_export_include_directories-extras.cmake
[21.839s] -- Installing: /home/aprs/aprs/aprs_ws/install/ign_ros2_control/share/ign_ros2_control/cmake/ament_cmake_export_libraries-extras.cmake
[21.839s] -- Installing: /home/aprs/aprs/aprs_ws/install/ign_ros2_control/share/ign_ros2_control/cmake/ign_ros2_controlConfig.cmake
[21.839s] -- Installing: /home/aprs/aprs/aprs_ws/install/ign_ros2_control/share/ign_ros2_control/cmake/ign_ros2_controlConfig-version.cmake
[21.839s] -- Installing: /home/aprs/aprs/aprs_ws/install/ign_ros2_control/share/ign_ros2_control/package.xml
[21.841s] Invoked command in '/home/aprs/aprs/aprs_ws/build/ign_ros2_control' returned '0': CMAKE_PREFIX_PATH=${CMAKE_PREFIX_PATH}:/home/aprs/aprs/aprs_ws/install/conveyor_controller:/opt/ros/humble /usr/bin/cmake --install /home/aprs/aprs/aprs_ws/build/ign_ros2_control
