[0.162s] Invoking command in '/home/aprs/aprs/aprs_ws/build/ur_setup': CMAKE_PREFIX_PATH=${CMAKE_PREFIX_PATH}:/home/aprs/aprs/aprs_ws/install/conveyor_controller:/opt/ros/humble /usr/bin/cmake /home/aprs/aprs/aprs_ws/src/ur_setup -DCMAKE_INSTALL_PREFIX=/home/aprs/aprs/aprs_ws/install/ur_setup
[0.476s] -- The C compiler identification is GNU 11.4.0
[0.500s] -- The CXX compiler identification is GNU 11.4.0
[0.510s] -- Detecting C compiler ABI info
[0.824s] -- Detecting C compiler ABI info - done
[0.843s] -- Check for working C compiler: /usr/bin/cc - skipped
[0.843s] -- Detecting C compile features
[0.843s] -- Detecting C compile features - done
[0.846s] -- Detecting CXX compiler ABI info
[1.189s] -- Detecting CXX compiler ABI info - done
[1.200s] -- Check for working CXX compiler: /usr/bin/c++ - skipped
[1.200s] -- Detecting CXX compile features
[1.201s] -- Detecting CXX compile features - done
[1.203s] -- Found ament_cmake: 1.3.5 (/opt/ros/humble/share/ament_cmake/cmake)
[2.184s] -- Found Python3: /usr/bin/python3.10 (found version "3.10.12") found components: Interpreter 
[2.649s] -- Found moveit_ros_planning_interface: 2.5.4 (/opt/ros/humble/share/moveit_ros_planning_interface/cmake)
[4.150s] -- Found Boost: /usr/lib/x86_64-linux-gnu/cmake/Boost-1.74.0/BoostConfig.cmake (found version "1.74.0") found components: date_time filesystem program_options system thread 
[4.236s] -- Found rosidl_generator_c: 3.1.5 (/opt/ros/humble/share/rosidl_generator_c/cmake)
[4.252s] -- Found rosidl_adapter: 3.1.5 (/opt/ros/humble/share/rosidl_adapter/cmake)
[4.260s] -- Found rosidl_generator_cpp: 3.1.5 (/opt/ros/humble/share/rosidl_generator_cpp/cmake)
[4.276s] -- Using all available rosidl_typesupport_c: rosidl_typesupport_fastrtps_c;rosidl_typesupport_introspection_c
[4.300s] -- Using all available rosidl_typesupport_cpp: rosidl_typesupport_fastrtps_cpp;rosidl_typesupport_introspection_cpp
[5.232s] -- Found Boost: /usr/lib/x86_64-linux-gnu/cmake/Boost-1.74.0/BoostConfig.cmake (found version "1.74.0") found components: chrono date_time filesystem iostreams program_options regex serialization system thread 
[5.244s] -- Found Boost: /usr/lib/x86_64-linux-gnu/cmake/Boost-1.74.0/BoostConfig.cmake (found version "1.74.0") found components: filesystem 
[5.352s] -- Found rmw_implementation_cmake: 6.1.1 (/opt/ros/humble/share/rmw_implementation_cmake/cmake)
[5.355s] -- Found rmw_fastrtps_cpp: 6.2.3 (/opt/ros/humble/share/rmw_fastrtps_cpp/cmake)
[6.085s] -- Found OpenSSL: /usr/lib/x86_64-linux-gnu/libcrypto.so (found version "3.0.2")  
[6.153s] -- Found FastRTPS: /opt/ros/humble/include  
[6.379s] -- Using RMW implementation 'rmw_fastrtps_cpp' as default
[6.402s] -- Found Threads: TRUE  
[7.028s] -- library: /usr/lib/x86_64-linux-gnu/libcurl.so
[7.243s] -- Found Eigen3: TRUE (found version "3.4.0") 
[7.243s] -- Ensuring Eigen3 include directory is part of orocos-kdl CMake target
[7.850s] -- Found Boost: /usr/lib/x86_64-linux-gnu/cmake/Boost-1.74.0/BoostConfig.cmake (found version "1.74.0") found components: system filesystem date_time program_options thread chrono 
[8.440s] -- Found Boost: /usr/lib/x86_64-linux-gnu/cmake/Boost-1.74.0/BoostConfig.cmake (found version "1.74.0") found components: thread system filesystem regex date_time program_options 
[8.705s] -- Found Boost: /usr/lib/x86_64-linux-gnu/cmake/Boost-1.74.0/BoostConfig.cmake (found version "1.74.0") found components: system filesystem date_time program_options thread 
[9.217s] -- Found ament_lint_auto: 0.12.7 (/opt/ros/humble/share/ament_lint_auto/cmake)
[9.504s] -- Added test 'cppcheck' to perform static code analysis on C / C++ code
[9.505s] -- Configured cppcheck include dirs: $<BUILD_INTERFACE:/home/aprs/aprs/aprs_ws/src/ur_setup/include>
[9.505s] -- Configured cppcheck exclude dirs and/or files: 
[9.506s] -- Added test 'flake8' to check Python code syntax and style conventions
[9.507s] -- Added test 'lint_cmake' to check CMake code style
[9.508s] -- Added test 'pep257' to check Python code against some of the docstring style conventions in PEP 257
[9.510s] -- Added test 'uncrustify' to check C / C++ code style
[9.510s] -- Configured uncrustify additional arguments: 
[9.511s] -- Added test 'xmllint' to check XML markup files
[9.514s] -- Configuring done
[9.552s] -- Generating done
[9.552s] -- Build files have been written to: /home/aprs/aprs/aprs_ws/build/ur_setup
[9.582s] Invoked command in '/home/aprs/aprs/aprs_ws/build/ur_setup' returned '0': CMAKE_PREFIX_PATH=${CMAKE_PREFIX_PATH}:/home/aprs/aprs/aprs_ws/install/conveyor_controller:/opt/ros/humble /usr/bin/cmake /home/aprs/aprs/aprs_ws/src/ur_setup -DCMAKE_INSTALL_PREFIX=/home/aprs/aprs/aprs_ws/install/ur_setup
[9.588s] Invoking command in '/home/aprs/aprs/aprs_ws/build/ur_setup': CMAKE_PREFIX_PATH=${CMAKE_PREFIX_PATH}:/home/aprs/aprs/aprs_ws/install/conveyor_controller:/opt/ros/humble /usr/bin/cmake --build /home/aprs/aprs/aprs_ws/build/ur_setup -- -j16 -l16
[9.700s] [ 50%] [32mBuilding CXX object CMakeFiles/ur_setup.dir/src/ur_setup.cpp.o[0m
[17.582s] [100%] [32m[1mLinking CXX executable ur_setup[0m
[18.192s] [100%] Built target ur_setup
[18.248s] Invoked command in '/home/aprs/aprs/aprs_ws/build/ur_setup' returned '0': CMAKE_PREFIX_PATH=${CMAKE_PREFIX_PATH}:/home/aprs/aprs/aprs_ws/install/conveyor_controller:/opt/ros/humble /usr/bin/cmake --build /home/aprs/aprs/aprs_ws/build/ur_setup -- -j16 -l16
[18.304s] Invoking command in '/home/aprs/aprs/aprs_ws/build/ur_setup': CMAKE_PREFIX_PATH=${CMAKE_PREFIX_PATH}:/home/aprs/aprs/aprs_ws/install/conveyor_controller:/opt/ros/humble /usr/bin/cmake --install /home/aprs/aprs/aprs_ws/build/ur_setup
[18.312s] -- Install configuration: ""
[18.312s] -- Installing: /home/aprs/aprs/aprs_ws/install/ur_setup/share/ur_setup//launch
[18.312s] -- Installing: /home/aprs/aprs/aprs_ws/install/ur_setup/share/ur_setup//launch/ur_setup.launch.py
[18.312s] -- Installing: /home/aprs/aprs/aprs_ws/install/ur_setup/lib/ur_setup/ur_setup
[18.312s] -- Set runtime path of "/home/aprs/aprs/aprs_ws/install/ur_setup/lib/ur_setup/ur_setup" to ""
[18.312s] -- Installing: /home/aprs/aprs/aprs_ws/install/ur_setup/share/ament_index/resource_index/package_run_dependencies/ur_setup
[18.313s] -- Installing: /home/aprs/aprs/aprs_ws/install/ur_setup/share/ament_index/resource_index/parent_prefix_path/ur_setup
[18.313s] -- Installing: /home/aprs/aprs/aprs_ws/install/ur_setup/share/ur_setup/environment/ament_prefix_path.sh
[18.313s] -- Installing: /home/aprs/aprs/aprs_ws/install/ur_setup/share/ur_setup/environment/ament_prefix_path.dsv
[18.313s] -- Installing: /home/aprs/aprs/aprs_ws/install/ur_setup/share/ur_setup/environment/path.sh
[18.313s] -- Installing: /home/aprs/aprs/aprs_ws/install/ur_setup/share/ur_setup/environment/path.dsv
[18.313s] -- Installing: /home/aprs/aprs/aprs_ws/install/ur_setup/share/ur_setup/local_setup.bash
[18.313s] -- Installing: /home/aprs/aprs/aprs_ws/install/ur_setup/share/ur_setup/local_setup.sh
[18.313s] -- Installing: /home/aprs/aprs/aprs_ws/install/ur_setup/share/ur_setup/local_setup.zsh
[18.313s] -- Installing: /home/aprs/aprs/aprs_ws/install/ur_setup/share/ur_setup/local_setup.dsv
[18.313s] -- Installing: /home/aprs/aprs/aprs_ws/install/ur_setup/share/ur_setup/package.dsv
[18.313s] -- Installing: /home/aprs/aprs/aprs_ws/install/ur_setup/share/ament_index/resource_index/packages/ur_setup
[18.313s] -- Installing: /home/aprs/aprs/aprs_ws/install/ur_setup/share/ur_setup/cmake/ur_setupConfig.cmake
[18.313s] -- Installing: /home/aprs/aprs/aprs_ws/install/ur_setup/share/ur_setup/cmake/ur_setupConfig-version.cmake
[18.313s] -- Installing: /home/aprs/aprs/aprs_ws/install/ur_setup/share/ur_setup/package.xml
[18.332s] Invoked command in '/home/aprs/aprs/aprs_ws/build/ur_setup' returned '0': CMAKE_PREFIX_PATH=${CMAKE_PREFIX_PATH}:/home/aprs/aprs/aprs_ws/install/conveyor_controller:/opt/ros/humble /usr/bin/cmake --install /home/aprs/aprs/aprs_ws/build/ur_setup
