[0.284s] Invoking command in '/home/aprs/aprs/aprs_ws/build/conveyor_interfaces': CMAKE_PREFIX_PATH=${CMAKE_PREFIX_PATH}:/home/aprs/aprs/aprs_ws/install/conveyor_controller:/opt/ros/humble /usr/bin/cmake --build /home/aprs/aprs/aprs_ws/build/conveyor_interfaces -- -j16 -l16
[0.343s] [ 10%] Built target conveyor_interfaces__rosidl_generator_c
[0.346s] [ 12%] Built target conveyor_interfaces__cpp
[0.369s] [ 12%] Built target ament_cmake_python_copy_conveyor_interfaces
[0.387s] [ 23%] Built target conveyor_interfaces__rosidl_typesupport_fastrtps_c
[0.400s] [ 34%] Built target conveyor_interfaces__rosidl_typesupport_introspection_c
[0.407s] [ 44%] Built target conveyor_interfaces__rosidl_typesupport_c
[0.426s] [ 55%] Built target conveyor_interfaces__rosidl_typesupport_fastrtps_cpp
[0.463s] [ 65%] Built target conveyor_interfaces__rosidl_typesupport_introspection_cpp
[0.463s] [ 76%] Built target conveyor_interfaces__rosidl_typesupport_cpp
[0.476s] [ 76%] Built target conveyor_interfaces
[0.484s] [ 78%] Built target conveyor_interfaces__py
[0.507s] [ 87%] Built target conveyor_interfaces__rosidl_generator_py
[0.536s] [ 91%] Built target conveyor_interfaces__rosidl_typesupport_introspection_c__pyext
[0.563s] [ 95%] Built target conveyor_interfaces__rosidl_typesupport_fastrtps_c__pyext
[0.563s] [100%] Built target conveyor_interfaces__rosidl_typesupport_c__pyext
[0.679s] running egg_info
[0.679s] writing conveyor_interfaces.egg-info/PKG-INFO
[0.679s] writing dependency_links to conveyor_interfaces.egg-info/dependency_links.txt
[0.679s] writing top-level names to conveyor_interfaces.egg-info/top_level.txt
[0.681s] reading manifest file 'conveyor_interfaces.egg-info/SOURCES.txt'
[0.683s] writing manifest file 'conveyor_interfaces.egg-info/SOURCES.txt'
[0.723s] [100%] Built target ament_cmake_python_build_conveyor_interfaces_egg
[0.848s] Invoked command in '/home/aprs/aprs/aprs_ws/build/conveyor_interfaces' returned '0': CMAKE_PREFIX_PATH=${CMAKE_PREFIX_PATH}:/home/aprs/aprs/aprs_ws/install/conveyor_controller:/opt/ros/humble /usr/bin/cmake --build /home/aprs/aprs/aprs_ws/build/conveyor_interfaces -- -j16 -l16
[1.043s] Invoking command in '/home/aprs/aprs/aprs_ws/build/conveyor_interfaces': CMAKE_PREFIX_PATH=${CMAKE_PREFIX_PATH}:/home/aprs/aprs/aprs_ws/install/conveyor_controller:/opt/ros/humble /usr/bin/cmake --install /home/aprs/aprs/aprs_ws/build/conveyor_interfaces
[1.045s] -- Install configuration: ""
[1.045s] -- Up-to-date: /home/aprs/aprs/aprs_ws/install/conveyor_interfaces/share/ament_index/resource_index/rosidl_interfaces/conveyor_interfaces
[1.045s] -- Up-to-date: /home/aprs/aprs/aprs_ws/install/conveyor_interfaces/include/conveyor_interfaces/conveyor_interfaces
[1.045s] -- Up-to-date: /home/aprs/aprs/aprs_ws/install/conveyor_interfaces/include/conveyor_interfaces/conveyor_interfaces/msg
[1.045s] -- Up-to-date: /home/aprs/aprs/aprs_ws/install/conveyor_interfaces/include/conveyor_interfaces/conveyor_interfaces/msg/detail
[1.045s] -- Up-to-date: /home/aprs/aprs/aprs_ws/install/conveyor_interfaces/include/conveyor_interfaces/conveyor_interfaces/msg/detail/conveyor_state__functions.h
[1.045s] -- Up-to-date: /home/aprs/aprs/aprs_ws/install/conveyor_interfaces/include/conveyor_interfaces/conveyor_interfaces/msg/detail/conveyor_state__struct.h
[1.046s] -- Up-to-date: /home/aprs/aprs/aprs_ws/install/conveyor_interfaces/include/conveyor_interfaces/conveyor_interfaces/msg/detail/conveyor_state__functions.c
[1.046s] -- Up-to-date: /home/aprs/aprs/aprs_ws/install/conveyor_interfaces/include/conveyor_interfaces/conveyor_interfaces/msg/detail/conveyor_state__type_support.h
[1.046s] -- Up-to-date: /home/aprs/aprs/aprs_ws/install/conveyor_interfaces/include/conveyor_interfaces/conveyor_interfaces/msg/rosidl_generator_c__visibility_control.h
[1.046s] -- Up-to-date: /home/aprs/aprs/aprs_ws/install/conveyor_interfaces/include/conveyor_interfaces/conveyor_interfaces/msg/conveyor_state.h
[1.046s] -- Up-to-date: /home/aprs/aprs/aprs_ws/install/conveyor_interfaces/include/conveyor_interfaces/conveyor_interfaces/srv
[1.046s] -- Up-to-date: /home/aprs/aprs/aprs_ws/install/conveyor_interfaces/include/conveyor_interfaces/conveyor_interfaces/srv/set_conveyor_state.h
[1.046s] -- Up-to-date: /home/aprs/aprs/aprs_ws/install/conveyor_interfaces/include/conveyor_interfaces/conveyor_interfaces/srv/detail
[1.046s] -- Up-to-date: /home/aprs/aprs/aprs_ws/install/conveyor_interfaces/include/conveyor_interfaces/conveyor_interfaces/srv/detail/enable_conveyor__functions.c
[1.046s] -- Up-to-date: /home/aprs/aprs/aprs_ws/install/conveyor_interfaces/include/conveyor_interfaces/conveyor_interfaces/srv/detail/enable_conveyor__struct.h
[1.046s] -- Up-to-date: /home/aprs/aprs/aprs_ws/install/conveyor_interfaces/include/conveyor_interfaces/conveyor_interfaces/srv/detail/set_conveyor_state__functions.c
[1.046s] -- Up-to-date: /home/aprs/aprs/aprs_ws/install/conveyor_interfaces/include/conveyor_interfaces/conveyor_interfaces/srv/detail/enable_conveyor__functions.h
[1.046s] -- Up-to-date: /home/aprs/aprs/aprs_ws/install/conveyor_interfaces/include/conveyor_interfaces/conveyor_interfaces/srv/detail/enable_conveyor__type_support.h
[1.046s] -- Up-to-date: /home/aprs/aprs/aprs_ws/install/conveyor_interfaces/include/conveyor_interfaces/conveyor_interfaces/srv/detail/set_conveyor_state__functions.h
[1.046s] -- Up-to-date: /home/aprs/aprs/aprs_ws/install/conveyor_interfaces/include/conveyor_interfaces/conveyor_interfaces/srv/detail/set_conveyor_state__struct.h
[1.046s] -- Up-to-date: /home/aprs/aprs/aprs_ws/install/conveyor_interfaces/include/conveyor_interfaces/conveyor_interfaces/srv/detail/set_conveyor_state__type_support.h
[1.046s] -- Up-to-date: /home/aprs/aprs/aprs_ws/install/conveyor_interfaces/include/conveyor_interfaces/conveyor_interfaces/srv/enable_conveyor.h
[1.046s] -- Up-to-date: /home/aprs/aprs/aprs_ws/install/conveyor_interfaces/share/conveyor_interfaces/environment/library_path.sh
[1.046s] -- Up-to-date: /home/aprs/aprs/aprs_ws/install/conveyor_interfaces/share/conveyor_interfaces/environment/library_path.dsv
[1.046s] -- Up-to-date: /home/aprs/aprs/aprs_ws/install/conveyor_interfaces/lib/libconveyor_interfaces__rosidl_generator_c.so
[1.046s] -- Up-to-date: /home/aprs/aprs/aprs_ws/install/conveyor_interfaces/include/conveyor_interfaces/conveyor_interfaces
[1.047s] -- Up-to-date: /home/aprs/aprs/aprs_ws/install/conveyor_interfaces/include/conveyor_interfaces/conveyor_interfaces/msg
[1.047s] -- Up-to-date: /home/aprs/aprs/aprs_ws/install/conveyor_interfaces/include/conveyor_interfaces/conveyor_interfaces/msg/rosidl_typesupport_fastrtps_c__visibility_control.h
[1.055s] -- Up-to-date: /home/aprs/aprs/aprs_ws/install/conveyor_interfaces/include/conveyor_interfaces/conveyor_interfaces/msg/detail
[1.055s] -- Up-to-date: /home/aprs/aprs/aprs_ws/install/conveyor_interfaces/include/conveyor_interfaces/conveyor_interfaces/msg/detail/conveyor_state__rosidl_typesupport_fastrtps_c.h
[1.055s] -- Up-to-date: /home/aprs/aprs/aprs_ws/install/conveyor_interfaces/include/conveyor_interfaces/conveyor_interfaces/srv
[1.055s] -- Up-to-date: /home/aprs/aprs/aprs_ws/install/conveyor_interfaces/include/conveyor_interfaces/conveyor_interfaces/srv/detail
[1.056s] -- Up-to-date: /home/aprs/aprs/aprs_ws/install/conveyor_interfaces/include/conveyor_interfaces/conveyor_interfaces/srv/detail/enable_conveyor__rosidl_typesupport_fastrtps_c.h
[1.056s] -- Up-to-date: /home/aprs/aprs/aprs_ws/install/conveyor_interfaces/include/conveyor_interfaces/conveyor_interfaces/srv/detail/set_conveyor_state__rosidl_typesupport_fastrtps_c.h
[1.056s] -- Up-to-date: /home/aprs/aprs/aprs_ws/install/conveyor_interfaces/lib/libconveyor_interfaces__rosidl_typesupport_fastrtps_c.so
[1.056s] -- Up-to-date: /home/aprs/aprs/aprs_ws/install/conveyor_interfaces/include/conveyor_interfaces/conveyor_interfaces
[1.056s] -- Up-to-date: /home/aprs/aprs/aprs_ws/install/conveyor_interfaces/include/conveyor_interfaces/conveyor_interfaces/msg
[1.057s] -- Up-to-date: /home/aprs/aprs/aprs_ws/install/conveyor_interfaces/include/conveyor_interfaces/conveyor_interfaces/msg/detail
[1.057s] -- Up-to-date: /home/aprs/aprs/aprs_ws/install/conveyor_interfaces/include/conveyor_interfaces/conveyor_interfaces/msg/detail/conveyor_state__rosidl_typesupport_introspection_c.h
[1.058s] -- Up-to-date: /home/aprs/aprs/aprs_ws/install/conveyor_interfaces/include/conveyor_interfaces/conveyor_interfaces/msg/detail/conveyor_state__type_support.c
[1.058s] -- Up-to-date: /home/aprs/aprs/aprs_ws/install/conveyor_interfaces/include/conveyor_interfaces/conveyor_interfaces/msg/rosidl_typesupport_introspection_c__visibility_control.h
[1.058s] -- Up-to-date: /home/aprs/aprs/aprs_ws/install/conveyor_interfaces/include/conveyor_interfaces/conveyor_interfaces/srv
[1.058s] -- Up-to-date: /home/aprs/aprs/aprs_ws/install/conveyor_interfaces/include/conveyor_interfaces/conveyor_interfaces/srv/detail
[1.058s] -- Up-to-date: /home/aprs/aprs/aprs_ws/install/conveyor_interfaces/include/conveyor_interfaces/conveyor_interfaces/srv/detail/set_conveyor_state__type_support.c
[1.059s] -- Up-to-date: /home/aprs/aprs/aprs_ws/install/conveyor_interfaces/include/conveyor_interfaces/conveyor_interfaces/srv/detail/set_conveyor_state__rosidl_typesupport_introspection_c.h
[1.059s] -- Up-to-date: /home/aprs/aprs/aprs_ws/install/conveyor_interfaces/include/conveyor_interfaces/conveyor_interfaces/srv/detail/enable_conveyor__type_support.c
[1.059s] -- Up-to-date: /home/aprs/aprs/aprs_ws/install/conveyor_interfaces/include/conveyor_interfaces/conveyor_interfaces/srv/detail/enable_conveyor__rosidl_typesupport_introspection_c.h
[1.059s] -- Up-to-date: /home/aprs/aprs/aprs_ws/install/conveyor_interfaces/lib/libconveyor_interfaces__rosidl_typesupport_introspection_c.so
[1.059s] -- Up-to-date: /home/aprs/aprs/aprs_ws/install/conveyor_interfaces/lib/libconveyor_interfaces__rosidl_typesupport_c.so
[1.059s] -- Up-to-date: /home/aprs/aprs/aprs_ws/install/conveyor_interfaces/include/conveyor_interfaces/conveyor_interfaces
[1.059s] -- Up-to-date: /home/aprs/aprs/aprs_ws/install/conveyor_interfaces/include/conveyor_interfaces/conveyor_interfaces/msg
[1.059s] -- Up-to-date: /home/aprs/aprs/aprs_ws/install/conveyor_interfaces/include/conveyor_interfaces/conveyor_interfaces/msg/detail
[1.060s] -- Up-to-date: /home/aprs/aprs/aprs_ws/install/conveyor_interfaces/include/conveyor_interfaces/conveyor_interfaces/msg/detail/conveyor_state__traits.hpp
[1.060s] -- Up-to-date: /home/aprs/aprs/aprs_ws/install/conveyor_interfaces/include/conveyor_interfaces/conveyor_interfaces/msg/detail/conveyor_state__struct.hpp
[1.061s] -- Up-to-date: /home/aprs/aprs/aprs_ws/install/conveyor_interfaces/include/conveyor_interfaces/conveyor_interfaces/msg/detail/conveyor_state__builder.hpp
[1.061s] -- Up-to-date: /home/aprs/aprs/aprs_ws/install/conveyor_interfaces/include/conveyor_interfaces/conveyor_interfaces/msg/conveyor_state.hpp
[1.063s] -- Up-to-date: /home/aprs/aprs/aprs_ws/install/conveyor_interfaces/include/conveyor_interfaces/conveyor_interfaces/srv
[1.066s] -- Up-to-date: /home/aprs/aprs/aprs_ws/install/conveyor_interfaces/include/conveyor_interfaces/conveyor_interfaces/srv/set_conveyor_state.hpp
[1.066s] -- Up-to-date: /home/aprs/aprs/aprs_ws/install/conveyor_interfaces/include/conveyor_interfaces/conveyor_interfaces/srv/detail
[1.067s] -- Up-to-date: /home/aprs/aprs/aprs_ws/install/conveyor_interfaces/include/conveyor_interfaces/conveyor_interfaces/srv/detail/enable_conveyor__builder.hpp
[1.067s] -- Up-to-date: /home/aprs/aprs/aprs_ws/install/conveyor_interfaces/include/conveyor_interfaces/conveyor_interfaces/srv/detail/set_conveyor_state__builder.hpp
[1.067s] -- Up-to-date: /home/aprs/aprs/aprs_ws/install/conveyor_interfaces/include/conveyor_interfaces/conveyor_interfaces/srv/detail/enable_conveyor__traits.hpp
[1.067s] -- Up-to-date: /home/aprs/aprs/aprs_ws/install/conveyor_interfaces/include/conveyor_interfaces/conveyor_interfaces/srv/detail/set_conveyor_state__traits.hpp
[1.067s] -- Up-to-date: /home/aprs/aprs/aprs_ws/install/conveyor_interfaces/include/conveyor_interfaces/conveyor_interfaces/srv/detail/enable_conveyor__struct.hpp
[1.067s] -- Up-to-date: /home/aprs/aprs/aprs_ws/install/conveyor_interfaces/include/conveyor_interfaces/conveyor_interfaces/srv/detail/set_conveyor_state__struct.hpp
[1.067s] -- Up-to-date: /home/aprs/aprs/aprs_ws/install/conveyor_interfaces/include/conveyor_interfaces/conveyor_interfaces/srv/enable_conveyor.hpp
[1.069s] -- Up-to-date: /home/aprs/aprs/aprs_ws/install/conveyor_interfaces/include/conveyor_interfaces/conveyor_interfaces
[1.069s] -- Up-to-date: /home/aprs/aprs/aprs_ws/install/conveyor_interfaces/include/conveyor_interfaces/conveyor_interfaces/msg
[1.072s] -- Up-to-date: /home/aprs/aprs/aprs_ws/install/conveyor_interfaces/include/conveyor_interfaces/conveyor_interfaces/msg/detail
[1.073s] -- Up-to-date: /home/aprs/aprs/aprs_ws/install/conveyor_interfaces/include/conveyor_interfaces/conveyor_interfaces/msg/detail/conveyor_state__rosidl_typesupport_fastrtps_cpp.hpp
[1.073s] -- Up-to-date: /home/aprs/aprs/aprs_ws/install/conveyor_interfaces/include/conveyor_interfaces/conveyor_interfaces/msg/detail/dds_fastrtps
[1.073s] -- Up-to-date: /home/aprs/aprs/aprs_ws/install/conveyor_interfaces/include/conveyor_interfaces/conveyor_interfaces/msg/rosidl_typesupport_fastrtps_cpp__visibility_control.h
[1.073s] -- Up-to-date: /home/aprs/aprs/aprs_ws/install/conveyor_interfaces/include/conveyor_interfaces/conveyor_interfaces/srv
[1.073s] -- Up-to-date: /home/aprs/aprs/aprs_ws/install/conveyor_interfaces/include/conveyor_interfaces/conveyor_interfaces/srv/detail
[1.073s] -- Up-to-date: /home/aprs/aprs/aprs_ws/install/conveyor_interfaces/include/conveyor_interfaces/conveyor_interfaces/srv/detail/set_conveyor_state__rosidl_typesupport_fastrtps_cpp.hpp
[1.074s] -- Up-to-date: /home/aprs/aprs/aprs_ws/install/conveyor_interfaces/include/conveyor_interfaces/conveyor_interfaces/srv/detail/dds_fastrtps
[1.074s] -- Up-to-date: /home/aprs/aprs/aprs_ws/install/conveyor_interfaces/include/conveyor_interfaces/conveyor_interfaces/srv/detail/enable_conveyor__rosidl_typesupport_fastrtps_cpp.hpp
[1.074s] -- Up-to-date: /home/aprs/aprs/aprs_ws/install/conveyor_interfaces/lib/libconveyor_interfaces__rosidl_typesupport_fastrtps_cpp.so
[1.074s] -- Up-to-date: /home/aprs/aprs/aprs_ws/install/conveyor_interfaces/include/conveyor_interfaces/conveyor_interfaces
[1.077s] -- Up-to-date: /home/aprs/aprs/aprs_ws/install/conveyor_interfaces/include/conveyor_interfaces/conveyor_interfaces/msg
[1.077s] -- Up-to-date: /home/aprs/aprs/aprs_ws/install/conveyor_interfaces/include/conveyor_interfaces/conveyor_interfaces/msg/detail
[1.077s] -- Up-to-date: /home/aprs/aprs/aprs_ws/install/conveyor_interfaces/include/conveyor_interfaces/conveyor_interfaces/msg/detail/conveyor_state__rosidl_typesupport_introspection_cpp.hpp
[1.078s] -- Up-to-date: /home/aprs/aprs/aprs_ws/install/conveyor_interfaces/include/conveyor_interfaces/conveyor_interfaces/msg/detail/conveyor_state__type_support.cpp
[1.078s] -- Up-to-date: /home/aprs/aprs/aprs_ws/install/conveyor_interfaces/include/conveyor_interfaces/conveyor_interfaces/srv
[1.078s] -- Up-to-date: /home/aprs/aprs/aprs_ws/install/conveyor_interfaces/include/conveyor_interfaces/conveyor_interfaces/srv/detail
[1.078s] -- Up-to-date: /home/aprs/aprs/aprs_ws/install/conveyor_interfaces/include/conveyor_interfaces/conveyor_interfaces/srv/detail/set_conveyor_state__type_support.cpp
[1.078s] -- Up-to-date: /home/aprs/aprs/aprs_ws/install/conveyor_interfaces/include/conveyor_interfaces/conveyor_interfaces/srv/detail/enable_conveyor__rosidl_typesupport_introspection_cpp.hpp
[1.078s] -- Up-to-date: /home/aprs/aprs/aprs_ws/install/conveyor_interfaces/include/conveyor_interfaces/conveyor_interfaces/srv/detail/set_conveyor_state__rosidl_typesupport_introspection_cpp.hpp
[1.078s] -- Up-to-date: /home/aprs/aprs/aprs_ws/install/conveyor_interfaces/include/conveyor_interfaces/conveyor_interfaces/srv/detail/enable_conveyor__type_support.cpp
[1.079s] -- Up-to-date: /home/aprs/aprs/aprs_ws/install/conveyor_interfaces/lib/libconveyor_interfaces__rosidl_typesupport_introspection_cpp.so
[1.079s] -- Up-to-date: /home/aprs/aprs/aprs_ws/install/conveyor_interfaces/lib/libconveyor_interfaces__rosidl_typesupport_cpp.so
[1.079s] -- Up-to-date: /home/aprs/aprs/aprs_ws/install/conveyor_interfaces/share/conveyor_interfaces/environment/pythonpath.sh
[1.081s] -- Up-to-date: /home/aprs/aprs/aprs_ws/install/conveyor_interfaces/share/conveyor_interfaces/environment/pythonpath.dsv
[1.081s] -- Up-to-date: /home/aprs/aprs/aprs_ws/install/conveyor_interfaces/local/lib/python3.10/dist-packages/conveyor_interfaces-0.0.0-py3.10.egg-info
[1.081s] -- Installing: /home/aprs/aprs/aprs_ws/install/conveyor_interfaces/local/lib/python3.10/dist-packages/conveyor_interfaces-0.0.0-py3.10.egg-info/PKG-INFO
[1.081s] -- Installing: /home/aprs/aprs/aprs_ws/install/conveyor_interfaces/local/lib/python3.10/dist-packages/conveyor_interfaces-0.0.0-py3.10.egg-info/dependency_links.txt
[1.082s] -- Installing: /home/aprs/aprs/aprs_ws/install/conveyor_interfaces/local/lib/python3.10/dist-packages/conveyor_interfaces-0.0.0-py3.10.egg-info/SOURCES.txt
[1.082s] -- Installing: /home/aprs/aprs/aprs_ws/install/conveyor_interfaces/local/lib/python3.10/dist-packages/conveyor_interfaces-0.0.0-py3.10.egg-info/top_level.txt
[1.082s] -- Up-to-date: /home/aprs/aprs/aprs_ws/install/conveyor_interfaces/local/lib/python3.10/dist-packages/conveyor_interfaces
[1.082s] -- Up-to-date: /home/aprs/aprs/aprs_ws/install/conveyor_interfaces/local/lib/python3.10/dist-packages/conveyor_interfaces/__init__.py
[1.082s] -- Up-to-date: /home/aprs/aprs/aprs_ws/install/conveyor_interfaces/local/lib/python3.10/dist-packages/conveyor_interfaces/_conveyor_interfaces_s.ep.rosidl_typesupport_c.c
[1.082s] -- Up-to-date: /home/aprs/aprs/aprs_ws/install/conveyor_interfaces/local/lib/python3.10/dist-packages/conveyor_interfaces/_conveyor_interfaces_s.ep.rosidl_typesupport_introspection_c.c
[1.083s] -- Up-to-date: /home/aprs/aprs/aprs_ws/install/conveyor_interfaces/local/lib/python3.10/dist-packages/conveyor_interfaces/_conveyor_interfaces_s.ep.rosidl_typesupport_fastrtps_c.c
[1.083s] -- Up-to-date: /home/aprs/aprs/aprs_ws/install/conveyor_interfaces/local/lib/python3.10/dist-packages/conveyor_interfaces/libconveyor_interfaces__rosidl_generator_py.so
[1.085s] -- Up-to-date: /home/aprs/aprs/aprs_ws/install/conveyor_interfaces/local/lib/python3.10/dist-packages/conveyor_interfaces/msg
[1.085s] -- Up-to-date: /home/aprs/aprs/aprs_ws/install/conveyor_interfaces/local/lib/python3.10/dist-packages/conveyor_interfaces/msg/__init__.py
[1.085s] -- Up-to-date: /home/aprs/aprs/aprs_ws/install/conveyor_interfaces/local/lib/python3.10/dist-packages/conveyor_interfaces/msg/_conveyor_state_s.c
[1.085s] -- Up-to-date: /home/aprs/aprs/aprs_ws/install/conveyor_interfaces/local/lib/python3.10/dist-packages/conveyor_interfaces/msg/_conveyor_state.py
[1.085s] -- Up-to-date: /home/aprs/aprs/aprs_ws/install/conveyor_interfaces/local/lib/python3.10/dist-packages/conveyor_interfaces/conveyor_interfaces_s__rosidl_typesupport_introspection_c.cpython-310-x86_64-linux-gnu.so
[1.085s] -- Up-to-date: /home/aprs/aprs/aprs_ws/install/conveyor_interfaces/local/lib/python3.10/dist-packages/conveyor_interfaces/srv
[1.085s] -- Up-to-date: /home/aprs/aprs/aprs_ws/install/conveyor_interfaces/local/lib/python3.10/dist-packages/conveyor_interfaces/srv/__init__.py
[1.085s] -- Up-to-date: /home/aprs/aprs/aprs_ws/install/conveyor_interfaces/local/lib/python3.10/dist-packages/conveyor_interfaces/srv/_enable_conveyor_s.c
[1.085s] -- Up-to-date: /home/aprs/aprs/aprs_ws/install/conveyor_interfaces/local/lib/python3.10/dist-packages/conveyor_interfaces/srv/_enable_conveyor.py
[1.085s] -- Up-to-date: /home/aprs/aprs/aprs_ws/install/conveyor_interfaces/local/lib/python3.10/dist-packages/conveyor_interfaces/srv/_set_conveyor_state.py
[1.085s] -- Up-to-date: /home/aprs/aprs/aprs_ws/install/conveyor_interfaces/local/lib/python3.10/dist-packages/conveyor_interfaces/srv/_set_conveyor_state_s.c
[1.085s] -- Up-to-date: /home/aprs/aprs/aprs_ws/install/conveyor_interfaces/local/lib/python3.10/dist-packages/conveyor_interfaces/conveyor_interfaces_s__rosidl_typesupport_fastrtps_c.cpython-310-x86_64-linux-gnu.so
[1.085s] -- Up-to-date: /home/aprs/aprs/aprs_ws/install/conveyor_interfaces/local/lib/python3.10/dist-packages/conveyor_interfaces/conveyor_interfaces_s__rosidl_typesupport_c.cpython-310-x86_64-linux-gnu.so
[1.087s] Listing '/home/aprs/aprs/aprs_ws/install/conveyor_interfaces/local/lib/python3.10/dist-packages/conveyor_interfaces'...
[1.087s] Listing '/home/aprs/aprs/aprs_ws/install/conveyor_interfaces/local/lib/python3.10/dist-packages/conveyor_interfaces/msg'...
[1.087s] Listing '/home/aprs/aprs/aprs_ws/install/conveyor_interfaces/local/lib/python3.10/dist-packages/conveyor_interfaces/srv'...
[1.087s] -- Up-to-date: /home/aprs/aprs/aprs_ws/install/conveyor_interfaces/local/lib/python3.10/dist-packages/conveyor_interfaces/conveyor_interfaces_s__rosidl_typesupport_fastrtps_c.cpython-310-x86_64-linux-gnu.so
[1.087s] -- Up-to-date: /home/aprs/aprs/aprs_ws/install/conveyor_interfaces/local/lib/python3.10/dist-packages/conveyor_interfaces/conveyor_interfaces_s__rosidl_typesupport_introspection_c.cpython-310-x86_64-linux-gnu.so
[1.088s] -- Up-to-date: /home/aprs/aprs/aprs_ws/install/conveyor_interfaces/local/lib/python3.10/dist-packages/conveyor_interfaces/conveyor_interfaces_s__rosidl_typesupport_c.cpython-310-x86_64-linux-gnu.so
[1.088s] -- Up-to-date: /home/aprs/aprs/aprs_ws/install/conveyor_interfaces/lib/libconveyor_interfaces__rosidl_generator_py.so
[1.089s] -- Up-to-date: /home/aprs/aprs/aprs_ws/install/conveyor_interfaces/share/conveyor_interfaces/msg/ConveyorState.idl
[1.091s] -- Up-to-date: /home/aprs/aprs/aprs_ws/install/conveyor_interfaces/share/conveyor_interfaces/srv/EnableConveyor.idl
[1.091s] -- Up-to-date: /home/aprs/aprs/aprs_ws/install/conveyor_interfaces/share/conveyor_interfaces/srv/SetConveyorState.idl
[1.091s] -- Up-to-date: /home/aprs/aprs/aprs_ws/install/conveyor_interfaces/share/conveyor_interfaces/msg/ConveyorState.msg
[1.091s] -- Up-to-date: /home/aprs/aprs/aprs_ws/install/conveyor_interfaces/share/conveyor_interfaces/srv/EnableConveyor.srv
[1.091s] -- Up-to-date: /home/aprs/aprs/aprs_ws/install/conveyor_interfaces/share/conveyor_interfaces/srv/EnableConveyor_Request.msg
[1.092s] -- Up-to-date: /home/aprs/aprs/aprs_ws/install/conveyor_interfaces/share/conveyor_interfaces/srv/EnableConveyor_Response.msg
[1.092s] -- Up-to-date: /home/aprs/aprs/aprs_ws/install/conveyor_interfaces/share/conveyor_interfaces/srv/SetConveyorState.srv
[1.092s] -- Up-to-date: /home/aprs/aprs/aprs_ws/install/conveyor_interfaces/share/conveyor_interfaces/srv/SetConveyorState_Request.msg
[1.092s] -- Up-to-date: /home/aprs/aprs/aprs_ws/install/conveyor_interfaces/share/conveyor_interfaces/srv/SetConveyorState_Response.msg
[1.092s] -- Up-to-date: /home/aprs/aprs/aprs_ws/install/conveyor_interfaces/share/ament_index/resource_index/package_run_dependencies/conveyor_interfaces
[1.092s] -- Up-to-date: /home/aprs/aprs/aprs_ws/install/conveyor_interfaces/share/ament_index/resource_index/parent_prefix_path/conveyor_interfaces
[1.092s] -- Up-to-date: /home/aprs/aprs/aprs_ws/install/conveyor_interfaces/share/conveyor_interfaces/environment/ament_prefix_path.sh
[1.092s] -- Up-to-date: /home/aprs/aprs/aprs_ws/install/conveyor_interfaces/share/conveyor_interfaces/environment/ament_prefix_path.dsv
[1.092s] -- Up-to-date: /home/aprs/aprs/aprs_ws/install/conveyor_interfaces/share/conveyor_interfaces/environment/path.sh
[1.092s] -- Up-to-date: /home/aprs/aprs/aprs_ws/install/conveyor_interfaces/share/conveyor_interfaces/environment/path.dsv
[1.092s] -- Up-to-date: /home/aprs/aprs/aprs_ws/install/conveyor_interfaces/share/conveyor_interfaces/local_setup.bash
[1.095s] -- Up-to-date: /home/aprs/aprs/aprs_ws/install/conveyor_interfaces/share/conveyor_interfaces/local_setup.sh
[1.097s] -- Up-to-date: /home/aprs/aprs/aprs_ws/install/conveyor_interfaces/share/conveyor_interfaces/local_setup.zsh
[1.097s] -- Up-to-date: /home/aprs/aprs/aprs_ws/install/conveyor_interfaces/share/conveyor_interfaces/local_setup.dsv
[1.097s] -- Installing: /home/aprs/aprs/aprs_ws/install/conveyor_interfaces/share/conveyor_interfaces/package.dsv
[1.097s] -- Up-to-date: /home/aprs/aprs/aprs_ws/install/conveyor_interfaces/share/ament_index/resource_index/packages/conveyor_interfaces
[1.098s] -- Up-to-date: /home/aprs/aprs/aprs_ws/install/conveyor_interfaces/share/conveyor_interfaces/cmake/export_conveyor_interfaces__rosidl_generator_cExport.cmake
[1.098s] -- Up-to-date: /home/aprs/aprs/aprs_ws/install/conveyor_interfaces/share/conveyor_interfaces/cmake/export_conveyor_interfaces__rosidl_generator_cExport-noconfig.cmake
[1.098s] -- Up-to-date: /home/aprs/aprs/aprs_ws/install/conveyor_interfaces/share/conveyor_interfaces/cmake/export_conveyor_interfaces__rosidl_typesupport_fastrtps_cExport.cmake
[1.098s] -- Up-to-date: /home/aprs/aprs/aprs_ws/install/conveyor_interfaces/share/conveyor_interfaces/cmake/export_conveyor_interfaces__rosidl_typesupport_fastrtps_cExport-noconfig.cmake
[1.098s] -- Up-to-date: /home/aprs/aprs/aprs_ws/install/conveyor_interfaces/share/conveyor_interfaces/cmake/conveyor_interfaces__rosidl_typesupport_introspection_cExport.cmake
[1.098s] -- Up-to-date: /home/aprs/aprs/aprs_ws/install/conveyor_interfaces/share/conveyor_interfaces/cmake/conveyor_interfaces__rosidl_typesupport_introspection_cExport-noconfig.cmake
[1.099s] -- Up-to-date: /home/aprs/aprs/aprs_ws/install/conveyor_interfaces/share/conveyor_interfaces/cmake/conveyor_interfaces__rosidl_typesupport_cExport.cmake
[1.099s] -- Up-to-date: /home/aprs/aprs/aprs_ws/install/conveyor_interfaces/share/conveyor_interfaces/cmake/conveyor_interfaces__rosidl_typesupport_cExport-noconfig.cmake
[1.099s] -- Up-to-date: /home/aprs/aprs/aprs_ws/install/conveyor_interfaces/share/conveyor_interfaces/cmake/export_conveyor_interfaces__rosidl_generator_cppExport.cmake
[1.099s] -- Up-to-date: /home/aprs/aprs/aprs_ws/install/conveyor_interfaces/share/conveyor_interfaces/cmake/export_conveyor_interfaces__rosidl_typesupport_fastrtps_cppExport.cmake
[1.099s] -- Up-to-date: /home/aprs/aprs/aprs_ws/install/conveyor_interfaces/share/conveyor_interfaces/cmake/export_conveyor_interfaces__rosidl_typesupport_fastrtps_cppExport-noconfig.cmake
[1.100s] -- Up-to-date: /home/aprs/aprs/aprs_ws/install/conveyor_interfaces/share/conveyor_interfaces/cmake/conveyor_interfaces__rosidl_typesupport_introspection_cppExport.cmake
[1.111s] -- Up-to-date: /home/aprs/aprs/aprs_ws/install/conveyor_interfaces/share/conveyor_interfaces/cmake/conveyor_interfaces__rosidl_typesupport_introspection_cppExport-noconfig.cmake
[1.111s] -- Up-to-date: /home/aprs/aprs/aprs_ws/install/conveyor_interfaces/share/conveyor_interfaces/cmake/conveyor_interfaces__rosidl_typesupport_cppExport.cmake
[1.111s] -- Up-to-date: /home/aprs/aprs/aprs_ws/install/conveyor_interfaces/share/conveyor_interfaces/cmake/conveyor_interfaces__rosidl_typesupport_cppExport-noconfig.cmake
[1.111s] -- Up-to-date: /home/aprs/aprs/aprs_ws/install/conveyor_interfaces/share/conveyor_interfaces/cmake/export_conveyor_interfaces__rosidl_generator_pyExport.cmake
[1.112s] -- Up-to-date: /home/aprs/aprs/aprs_ws/install/conveyor_interfaces/share/conveyor_interfaces/cmake/export_conveyor_interfaces__rosidl_generator_pyExport-noconfig.cmake
[1.112s] -- Up-to-date: /home/aprs/aprs/aprs_ws/install/conveyor_interfaces/share/conveyor_interfaces/cmake/rosidl_cmake-extras.cmake
[1.112s] -- Up-to-date: /home/aprs/aprs/aprs_ws/install/conveyor_interfaces/share/conveyor_interfaces/cmake/ament_cmake_export_include_directories-extras.cmake
[1.112s] -- Up-to-date: /home/aprs/aprs/aprs_ws/install/conveyor_interfaces/share/conveyor_interfaces/cmake/ament_cmake_export_libraries-extras.cmake
[1.112s] -- Up-to-date: /home/aprs/aprs/aprs_ws/install/conveyor_interfaces/share/conveyor_interfaces/cmake/ament_cmake_export_targets-extras.cmake
[1.112s] -- Up-to-date: /home/aprs/aprs/aprs_ws/install/conveyor_interfaces/share/conveyor_interfaces/cmake/rosidl_cmake_export_typesupport_targets-extras.cmake
[1.112s] -- Up-to-date: /home/aprs/aprs/aprs_ws/install/conveyor_interfaces/share/conveyor_interfaces/cmake/ament_cmake_export_dependencies-extras.cmake
[1.112s] -- Up-to-date: /home/aprs/aprs/aprs_ws/install/conveyor_interfaces/share/conveyor_interfaces/cmake/rosidl_cmake_export_typesupport_libraries-extras.cmake
[1.112s] -- Up-to-date: /home/aprs/aprs/aprs_ws/install/conveyor_interfaces/share/conveyor_interfaces/cmake/conveyor_interfacesConfig.cmake
[1.112s] -- Up-to-date: /home/aprs/aprs/aprs_ws/install/conveyor_interfaces/share/conveyor_interfaces/cmake/conveyor_interfacesConfig-version.cmake
[1.112s] -- Up-to-date: /home/aprs/aprs/aprs_ws/install/conveyor_interfaces/share/conveyor_interfaces/package.xml
[1.131s] Invoked command in '/home/aprs/aprs/aprs_ws/build/conveyor_interfaces' returned '0': CMAKE_PREFIX_PATH=${CMAKE_PREFIX_PATH}:/home/aprs/aprs/aprs_ws/install/conveyor_controller:/opt/ros/humble /usr/bin/cmake --install /home/aprs/aprs/aprs_ws/build/conveyor_interfaces
