[0.032s] Invoking command in '/workspaces/aprs/aprs_ws/build/moveit_resources_panda_description': CMAKE_PREFIX_PATH=/opt/ros/rolling /usr/bin/cmake /workspaces/aprs/aprs_ws/src/panda_description -DBUILD_TESTING=ON -DCMAKE_INSTALL_PREFIX=/workspaces/aprs/aprs_ws/install/moveit_resources_panda_description
[0.114s] -- The C compiler identification is GNU 11.3.0
[0.184s] -- The CXX compiler identification is GNU 11.3.0
[0.189s] -- Detecting C compiler ABI info
[0.258s] -- Detecting C compiler ABI info - done
[0.267s] -- Check for working C compiler: /usr/bin/cc - skipped
[0.267s] -- Detecting C compile features
[0.268s] -- Detecting C compile features - done
[0.272s] -- Detecting CXX compiler ABI info
[0.346s] -- Detecting CXX compiler ABI info - done
[0.393s] -- Check for working CXX compiler: /usr/bin/c++ - skipped
[0.393s] -- Detecting CXX compile features
[0.393s] -- Detecting CXX compile features - done
[0.413s] -- Found ament_cmake: 2.2.1 (/opt/ros/rolling/share/ament_cmake/cmake)
[0.905s] -- Found Python3: /usr/bin/python3.10 (found version "3.10.6") found components: Interpreter 
[1.465s] -- Configuring done
[1.473s] -- Generating done
[1.476s] -- Build files have been written to: /workspaces/aprs/aprs_ws/build/moveit_resources_panda_description
[1.486s] Invoked command in '/workspaces/aprs/aprs_ws/build/moveit_resources_panda_description' returned '0': CMAKE_PREFIX_PATH=/opt/ros/rolling /usr/bin/cmake /workspaces/aprs/aprs_ws/src/panda_description -DBUILD_TESTING=ON -DCMAKE_INSTALL_PREFIX=/workspaces/aprs/aprs_ws/install/moveit_resources_panda_description
[1.491s] Invoking command in '/workspaces/aprs/aprs_ws/build/moveit_resources_panda_description': CMAKE_PREFIX_PATH=/opt/ros/rolling /usr/bin/cmake --build /workspaces/aprs/aprs_ws/build/moveit_resources_panda_description -- -j16 -l16
[1.575s] Invoked command in '/workspaces/aprs/aprs_ws/build/moveit_resources_panda_description' returned '0': CMAKE_PREFIX_PATH=/opt/ros/rolling /usr/bin/cmake --build /workspaces/aprs/aprs_ws/build/moveit_resources_panda_description -- -j16 -l16
[1.679s] Invoking command in '/workspaces/aprs/aprs_ws/build/moveit_resources_panda_description': CMAKE_PREFIX_PATH=/opt/ros/rolling /usr/bin/cmake --install /workspaces/aprs/aprs_ws/build/moveit_resources_panda_description
[1.713s] -- Install configuration: ""
[1.714s] -- Installing: /workspaces/aprs/aprs_ws/install/moveit_resources_panda_description/share/ament_index/resource_index/package_run_dependencies/moveit_resources_panda_description
[1.714s] -- Installing: /workspaces/aprs/aprs_ws/install/moveit_resources_panda_description/share/ament_index/resource_index/parent_prefix_path/moveit_resources_panda_description
[1.722s] -- Installing: /workspaces/aprs/aprs_ws/install/moveit_resources_panda_description/share/moveit_resources_panda_description/environment/ament_prefix_path.sh
[1.722s] -- Installing: /workspaces/aprs/aprs_ws/install/moveit_resources_panda_description/share/moveit_resources_panda_description/environment/ament_prefix_path.dsv
[1.722s] -- Installing: /workspaces/aprs/aprs_ws/install/moveit_resources_panda_description/share/moveit_resources_panda_description/environment/path.sh
[1.722s] -- Installing: /workspaces/aprs/aprs_ws/install/moveit_resources_panda_description/share/moveit_resources_panda_description/environment/path.dsv
[1.722s] -- Installing: /workspaces/aprs/aprs_ws/install/moveit_resources_panda_description/share/moveit_resources_panda_description/local_setup.bash
[1.723s] -- Installing: /workspaces/aprs/aprs_ws/install/moveit_resources_panda_description/share/moveit_resources_panda_description/local_setup.sh
[1.723s] -- Installing: /workspaces/aprs/aprs_ws/install/moveit_resources_panda_description/share/moveit_resources_panda_description/local_setup.zsh
[1.723s] -- Installing: /workspaces/aprs/aprs_ws/install/moveit_resources_panda_description/share/moveit_resources_panda_description/local_setup.dsv
[1.744s] -- Installing: /workspaces/aprs/aprs_ws/install/moveit_resources_panda_description/share/moveit_resources_panda_description/package.dsv
[1.745s] -- Installing: /workspaces/aprs/aprs_ws/install/moveit_resources_panda_description/share/ament_index/resource_index/packages/moveit_resources_panda_description
[1.746s] -- Installing: /workspaces/aprs/aprs_ws/install/moveit_resources_panda_description/share/moveit_resources_panda_description/cmake/moveit_resources_panda_descriptionConfig.cmake
[1.747s] -- Installing: /workspaces/aprs/aprs_ws/install/moveit_resources_panda_description/share/moveit_resources_panda_description/cmake/moveit_resources_panda_descriptionConfig-version.cmake
[1.748s] -- Installing: /workspaces/aprs/aprs_ws/install/moveit_resources_panda_description/share/moveit_resources_panda_description/package.xml
[1.749s] -- Installing: /workspaces/aprs/aprs_ws/install/moveit_resources_panda_description/share/moveit_resources_panda_description/meshes
[1.750s] -- Installing: /workspaces/aprs/aprs_ws/install/moveit_resources_panda_description/share/moveit_resources_panda_description/meshes/collision
[1.756s] -- Installing: /workspaces/aprs/aprs_ws/install/moveit_resources_panda_description/share/moveit_resources_panda_description/meshes/collision/link3.stl
[1.761s] -- Installing: /workspaces/aprs/aprs_ws/install/moveit_resources_panda_description/share/moveit_resources_panda_description/meshes/collision/link1.stl
[1.771s] -- Installing: /workspaces/aprs/aprs_ws/install/moveit_resources_panda_description/share/moveit_resources_panda_description/meshes/collision/finger.stl
[1.791s] -- Installing: /workspaces/aprs/aprs_ws/install/moveit_resources_panda_description/share/moveit_resources_panda_description/meshes/collision/link5.stl
[1.806s] -- Installing: /workspaces/aprs/aprs_ws/install/moveit_resources_panda_description/share/moveit_resources_panda_description/meshes/collision/link0.stl
[1.808s] -- Installing: /workspaces/aprs/aprs_ws/install/moveit_resources_panda_description/share/moveit_resources_panda_description/meshes/collision/link7.stl
[1.808s] -- Installing: /workspaces/aprs/aprs_ws/install/moveit_resources_panda_description/share/moveit_resources_panda_description/meshes/collision/link6.stl
[1.808s] -- Installing: /workspaces/aprs/aprs_ws/install/moveit_resources_panda_description/share/moveit_resources_panda_description/meshes/collision/link2.stl
[1.809s] -- Installing: /workspaces/aprs/aprs_ws/install/moveit_resources_panda_description/share/moveit_resources_panda_description/meshes/collision/link4.stl
[1.809s] -- Installing: /workspaces/aprs/aprs_ws/install/moveit_resources_panda_description/share/moveit_resources_panda_description/meshes/collision/hand.stl
[1.809s] -- Installing: /workspaces/aprs/aprs_ws/install/moveit_resources_panda_description/share/moveit_resources_panda_description/meshes/visual
[1.809s] -- Installing: /workspaces/aprs/aprs_ws/install/moveit_resources_panda_description/share/moveit_resources_panda_description/meshes/visual/link2.dae
[1.810s] -- Installing: /workspaces/aprs/aprs_ws/install/moveit_resources_panda_description/share/moveit_resources_panda_description/meshes/visual/link0.dae
[1.810s] -- Installing: /workspaces/aprs/aprs_ws/install/moveit_resources_panda_description/share/moveit_resources_panda_description/meshes/visual/hand.dae
[1.811s] -- Installing: /workspaces/aprs/aprs_ws/install/moveit_resources_panda_description/share/moveit_resources_panda_description/meshes/visual/link4.dae
[1.812s] -- Installing: /workspaces/aprs/aprs_ws/install/moveit_resources_panda_description/share/moveit_resources_panda_description/meshes/visual/link6.dae
[1.818s] -- Installing: /workspaces/aprs/aprs_ws/install/moveit_resources_panda_description/share/moveit_resources_panda_description/meshes/visual/link5.dae
[1.827s] -- Installing: /workspaces/aprs/aprs_ws/install/moveit_resources_panda_description/share/moveit_resources_panda_description/meshes/visual/link1.dae
[1.828s] -- Installing: /workspaces/aprs/aprs_ws/install/moveit_resources_panda_description/share/moveit_resources_panda_description/meshes/visual/finger.dae
[1.829s] -- Installing: /workspaces/aprs/aprs_ws/install/moveit_resources_panda_description/share/moveit_resources_panda_description/meshes/visual/link7.dae
[1.841s] -- Installing: /workspaces/aprs/aprs_ws/install/moveit_resources_panda_description/share/moveit_resources_panda_description/meshes/visual/link3.dae
[1.841s] -- Installing: /workspaces/aprs/aprs_ws/install/moveit_resources_panda_description/share/moveit_resources_panda_description/urdf
[1.843s] -- Installing: /workspaces/aprs/aprs_ws/install/moveit_resources_panda_description/share/moveit_resources_panda_description/urdf/panda.urdf
[1.875s] Invoked command in '/workspaces/aprs/aprs_ws/build/moveit_resources_panda_description' returned '0': CMAKE_PREFIX_PATH=/opt/ros/rolling /usr/bin/cmake --install /workspaces/aprs/aprs_ws/build/moveit_resources_panda_description
