[0.243s] Invoking command in '/home/aprs/aprs/aprs_ws/build/franka_gz': CMAKE_PREFIX_PATH=${CMAKE_PREFIX_PATH}:/home/aprs/aprs/aprs_ws/install/conveyor_controller:/opt/ros/humble /usr/bin/cmake --build /home/aprs/aprs/aprs_ws/build/franka_gz -- -j16 -l16
[0.296s] Invoked command in '/home/aprs/aprs/aprs_ws/build/franka_gz' returned '0': CMAKE_PREFIX_PATH=${CMAKE_PREFIX_PATH}:/home/aprs/aprs/aprs_ws/install/conveyor_controller:/opt/ros/humble /usr/bin/cmake --build /home/aprs/aprs/aprs_ws/build/franka_gz -- -j16 -l16
[0.395s] Invoking command in '/home/aprs/aprs/aprs_ws/build/franka_gz': CMAKE_PREFIX_PATH=${CMAKE_PREFIX_PATH}:/home/aprs/aprs/aprs_ws/install/conveyor_controller:/opt/ros/humble /usr/bin/cmake --install /home/aprs/aprs/aprs_ws/build/franka_gz
[0.428s] -- Install configuration: ""
[0.428s] -- Up-to-date: /home/aprs/aprs/aprs_ws/install/franka_gz/share/franka_gz//launch
[0.428s] -- Up-to-date: /home/aprs/aprs/aprs_ws/install/franka_gz/share/franka_gz//launch/frankarobot.launch.py
[0.428s] -- Up-to-date: /home/aprs/aprs/aprs_ws/install/franka_gz/share/franka_gz//config
[0.428s] -- Up-to-date: /home/aprs/aprs/aprs_ws/install/franka_gz/share/franka_gz//config/franka_controller.yaml
[0.428s] -- Up-to-date: /home/aprs/aprs/aprs_ws/install/franka_gz/share/ament_index/resource_index/package_run_dependencies/franka_gz
[0.429s] -- Up-to-date: /home/aprs/aprs/aprs_ws/install/franka_gz/share/ament_index/resource_index/parent_prefix_path/franka_gz
[0.429s] -- Up-to-date: /home/aprs/aprs/aprs_ws/install/franka_gz/share/franka_gz/environment/ament_prefix_path.sh
[0.429s] -- Up-to-date: /home/aprs/aprs/aprs_ws/install/franka_gz/share/franka_gz/environment/ament_prefix_path.dsv
[0.429s] -- Up-to-date: /home/aprs/aprs/aprs_ws/install/franka_gz/share/franka_gz/environment/path.sh
[0.429s] -- Up-to-date: /home/aprs/aprs/aprs_ws/install/franka_gz/share/franka_gz/environment/path.dsv
[0.429s] -- Up-to-date: /home/aprs/aprs/aprs_ws/install/franka_gz/share/franka_gz/local_setup.bash
[0.429s] -- Up-to-date: /home/aprs/aprs/aprs_ws/install/franka_gz/share/franka_gz/local_setup.sh
[0.429s] -- Up-to-date: /home/aprs/aprs/aprs_ws/install/franka_gz/share/franka_gz/local_setup.zsh
[0.430s] -- Up-to-date: /home/aprs/aprs/aprs_ws/install/franka_gz/share/franka_gz/local_setup.dsv
[0.430s] -- Installing: /home/aprs/aprs/aprs_ws/install/franka_gz/share/franka_gz/package.dsv
[0.430s] -- Up-to-date: /home/aprs/aprs/aprs_ws/install/franka_gz/share/ament_index/resource_index/packages/franka_gz
[0.430s] -- Up-to-date: /home/aprs/aprs/aprs_ws/install/franka_gz/share/franka_gz/cmake/franka_gzConfig.cmake
[0.430s] -- Up-to-date: /home/aprs/aprs/aprs_ws/install/franka_gz/share/franka_gz/cmake/franka_gzConfig-version.cmake
[0.431s] -- Up-to-date: /home/aprs/aprs/aprs_ws/install/franka_gz/share/franka_gz/package.xml
[0.481s] Invoked command in '/home/aprs/aprs/aprs_ws/build/franka_gz' returned '0': CMAKE_PREFIX_PATH=${CMAKE_PREFIX_PATH}:/home/aprs/aprs/aprs_ws/install/conveyor_controller:/opt/ros/humble /usr/bin/cmake --install /home/aprs/aprs/aprs_ws/build/franka_gz
