[0.283s] Invoking command in '/workspaces/aprs/aprs_ws/build/ur_robot_driver': CMAKE_PREFIX_PATH=/workspaces/aprs/aprs_ws/install/ur_controllers:/workspaces/aprs/aprs_ws/install/ur_msgs:/workspaces/aprs/aprs_ws/install/ur_description:/workspaces/aprs/aprs_ws/install/ur_dashboard_msgs:/workspaces/aprs/aprs_ws/install/ur_client_library:/workspaces/aprs/aprs_ws/install/worlds:/workspaces/aprs/aprs_ws/install/workbench_description:/workspaces/aprs/aprs_ws/install/vaccum_description:/workspaces/aprs/aprs_ws/install/ur_setup:/workspaces/aprs/aprs_ws/install/ur:/workspaces/aprs/aprs_ws/install/ur_calibration:/workspaces/aprs/aprs_ws/install/ur_robot_driver:/workspaces/aprs/aprs_ws/install/ur_bringup:/workspaces/aprs/aprs_ws/install/ur_moveit_config:/workspaces/aprs/aprs_ws/install/ur_gz:/workspaces/aprs/aprs_ws/install/ur_description__:/workspaces/aprs/aprs_ws/install/ur5e_moveit_config:/workspaces/aprs/aprs_ws/install/panda_moveit_config:/workspaces/aprs/aprs_ws/install/motoman_moveit_config:/workspaces/aprs/aprs_ws/install/fanuc_moveit_config:/workspaces/aprs/aprs_ws/install/aprs_moveit_config:/workspaces/aprs/aprs_ws/install/table_description:/workspaces/aprs/aprs_ws/install/ros_gz_example_gazebo:/workspaces/aprs/aprs_ws/install/point_cloud:/workspaces/aprs/aprs_ws/install/realsense2_description:/workspaces/aprs/aprs_ws/install/panda_description:/workspaces/aprs/aprs_ws/install/motoman_gz:/workspaces/aprs/aprs_ws/install/motoman_description:/workspaces/aprs/aprs_ws/install/ign_ros2_control_demos:/workspaces/aprs/aprs_ws/install/gz_ros2_control_tests:/workspaces/aprs/aprs_ws/install/ign_ros2_control:/workspaces/aprs/aprs_ws/install/franka_setup:/workspaces/aprs/aprs_ws/install/franka_gz:/workspaces/aprs/aprs_ws/install/fanuc_gz:/workspaces/aprs/aprs_ws/install/fanuc_description:/workspaces/aprs/aprs_ws/install/camera_mount:/workspaces/aprs/aprs_ws/install/aprs_lab:/workspaces/aprs/aprs_ws/install/aprs_gazebo:/opt/ros/humble LD_LIBRARY_PATH=/workspaces/aprs/aprs_ws/install/ur_controllers/lib:/workspaces/aprs/aprs_ws/install/ur_msgs/lib:/workspaces/aprs/aprs_ws/install/ur_dashboard_msgs/lib:/workspaces/aprs/aprs_ws/install/ur_client_library/lib:/workspaces/aprs/aprs_ws/install/ur_robot_driver/lib:/workspaces/aprs/aprs_ws/install/point_cloud/lib:/workspaces/aprs/aprs_ws/install/ign_ros2_control/lib:/opt/ros/humble/opt/rviz_ogre_vendor/lib:/opt/ros/humble/lib/x86_64-linux-gnu:/opt/ros/humble/lib /usr/bin/cmake --build /workspaces/aprs/aprs_ws/build/ur_robot_driver -- -j16 -l16
[0.416s] [ 26%] Built target ur_robot_driver_plugin
[0.474s] [ 26%] Built target ament_cmake_python_copy_ur_robot_driver
[0.526s] [ 40%] Built target urscript_interface
[0.909s] running egg_info
[0.910s] writing ur_robot_driver.egg-info/PKG-INFO
[0.911s] writing dependency_links to ur_robot_driver.egg-info/dependency_links.txt
[0.911s] writing top-level names to ur_robot_driver.egg-info/top_level.txt
[0.915s] reading manifest file 'ur_robot_driver.egg-info/SOURCES.txt'
[0.917s] writing manifest file 'ur_robot_driver.egg-info/SOURCES.txt'
[0.977s] [ 40%] Built target ament_cmake_python_build_ur_robot_driver_egg
[1.034s] [ 60%] Built target controller_stopper_node
[1.089s] [ 73%] Built target ur_ros2_control_node
[1.148s] [100%] Built target dashboard_client
[1.168s] Invoked command in '/workspaces/aprs/aprs_ws/build/ur_robot_driver' returned '0': CMAKE_PREFIX_PATH=/workspaces/aprs/aprs_ws/install/ur_controllers:/workspaces/aprs/aprs_ws/install/ur_msgs:/workspaces/aprs/aprs_ws/install/ur_description:/workspaces/aprs/aprs_ws/install/ur_dashboard_msgs:/workspaces/aprs/aprs_ws/install/ur_client_library:/workspaces/aprs/aprs_ws/install/worlds:/workspaces/aprs/aprs_ws/install/workbench_description:/workspaces/aprs/aprs_ws/install/vaccum_description:/workspaces/aprs/aprs_ws/install/ur_setup:/workspaces/aprs/aprs_ws/install/ur:/workspaces/aprs/aprs_ws/install/ur_calibration:/workspaces/aprs/aprs_ws/install/ur_robot_driver:/workspaces/aprs/aprs_ws/install/ur_bringup:/workspaces/aprs/aprs_ws/install/ur_moveit_config:/workspaces/aprs/aprs_ws/install/ur_gz:/workspaces/aprs/aprs_ws/install/ur_description__:/workspaces/aprs/aprs_ws/install/ur5e_moveit_config:/workspaces/aprs/aprs_ws/install/panda_moveit_config:/workspaces/aprs/aprs_ws/install/motoman_moveit_config:/workspaces/aprs/aprs_ws/install/fanuc_moveit_config:/workspaces/aprs/aprs_ws/install/aprs_moveit_config:/workspaces/aprs/aprs_ws/install/table_description:/workspaces/aprs/aprs_ws/install/ros_gz_example_gazebo:/workspaces/aprs/aprs_ws/install/point_cloud:/workspaces/aprs/aprs_ws/install/realsense2_description:/workspaces/aprs/aprs_ws/install/panda_description:/workspaces/aprs/aprs_ws/install/motoman_gz:/workspaces/aprs/aprs_ws/install/motoman_description:/workspaces/aprs/aprs_ws/install/ign_ros2_control_demos:/workspaces/aprs/aprs_ws/install/gz_ros2_control_tests:/workspaces/aprs/aprs_ws/install/ign_ros2_control:/workspaces/aprs/aprs_ws/install/franka_setup:/workspaces/aprs/aprs_ws/install/franka_gz:/workspaces/aprs/aprs_ws/install/fanuc_gz:/workspaces/aprs/aprs_ws/install/fanuc_description:/workspaces/aprs/aprs_ws/install/camera_mount:/workspaces/aprs/aprs_ws/install/aprs_lab:/workspaces/aprs/aprs_ws/install/aprs_gazebo:/opt/ros/humble LD_LIBRARY_PATH=/workspaces/aprs/aprs_ws/install/ur_controllers/lib:/workspaces/aprs/aprs_ws/install/ur_msgs/lib:/workspaces/aprs/aprs_ws/install/ur_dashboard_msgs/lib:/workspaces/aprs/aprs_ws/install/ur_client_library/lib:/workspaces/aprs/aprs_ws/install/ur_robot_driver/lib:/workspaces/aprs/aprs_ws/install/point_cloud/lib:/workspaces/aprs/aprs_ws/install/ign_ros2_control/lib:/opt/ros/humble/opt/rviz_ogre_vendor/lib:/opt/ros/humble/lib/x86_64-linux-gnu:/opt/ros/humble/lib /usr/bin/cmake --build /workspaces/aprs/aprs_ws/build/ur_robot_driver -- -j16 -l16
[1.293s] Invoking command in '/workspaces/aprs/aprs_ws/build/ur_robot_driver': CMAKE_PREFIX_PATH=/workspaces/aprs/aprs_ws/install/ur_controllers:/workspaces/aprs/aprs_ws/install/ur_msgs:/workspaces/aprs/aprs_ws/install/ur_description:/workspaces/aprs/aprs_ws/install/ur_dashboard_msgs:/workspaces/aprs/aprs_ws/install/ur_client_library:/workspaces/aprs/aprs_ws/install/worlds:/workspaces/aprs/aprs_ws/install/workbench_description:/workspaces/aprs/aprs_ws/install/vaccum_description:/workspaces/aprs/aprs_ws/install/ur_setup:/workspaces/aprs/aprs_ws/install/ur:/workspaces/aprs/aprs_ws/install/ur_calibration:/workspaces/aprs/aprs_ws/install/ur_robot_driver:/workspaces/aprs/aprs_ws/install/ur_bringup:/workspaces/aprs/aprs_ws/install/ur_moveit_config:/workspaces/aprs/aprs_ws/install/ur_gz:/workspaces/aprs/aprs_ws/install/ur_description__:/workspaces/aprs/aprs_ws/install/ur5e_moveit_config:/workspaces/aprs/aprs_ws/install/panda_moveit_config:/workspaces/aprs/aprs_ws/install/motoman_moveit_config:/workspaces/aprs/aprs_ws/install/fanuc_moveit_config:/workspaces/aprs/aprs_ws/install/aprs_moveit_config:/workspaces/aprs/aprs_ws/install/table_description:/workspaces/aprs/aprs_ws/install/ros_gz_example_gazebo:/workspaces/aprs/aprs_ws/install/point_cloud:/workspaces/aprs/aprs_ws/install/realsense2_description:/workspaces/aprs/aprs_ws/install/panda_description:/workspaces/aprs/aprs_ws/install/motoman_gz:/workspaces/aprs/aprs_ws/install/motoman_description:/workspaces/aprs/aprs_ws/install/ign_ros2_control_demos:/workspaces/aprs/aprs_ws/install/gz_ros2_control_tests:/workspaces/aprs/aprs_ws/install/ign_ros2_control:/workspaces/aprs/aprs_ws/install/franka_setup:/workspaces/aprs/aprs_ws/install/franka_gz:/workspaces/aprs/aprs_ws/install/fanuc_gz:/workspaces/aprs/aprs_ws/install/fanuc_description:/workspaces/aprs/aprs_ws/install/camera_mount:/workspaces/aprs/aprs_ws/install/aprs_lab:/workspaces/aprs/aprs_ws/install/aprs_gazebo:/opt/ros/humble LD_LIBRARY_PATH=/workspaces/aprs/aprs_ws/install/ur_controllers/lib:/workspaces/aprs/aprs_ws/install/ur_msgs/lib:/workspaces/aprs/aprs_ws/install/ur_dashboard_msgs/lib:/workspaces/aprs/aprs_ws/install/ur_client_library/lib:/workspaces/aprs/aprs_ws/install/ur_robot_driver/lib:/workspaces/aprs/aprs_ws/install/point_cloud/lib:/workspaces/aprs/aprs_ws/install/ign_ros2_control/lib:/opt/ros/humble/opt/rviz_ogre_vendor/lib:/opt/ros/humble/lib/x86_64-linux-gnu:/opt/ros/humble/lib /usr/bin/cmake --install /workspaces/aprs/aprs_ws/build/ur_robot_driver
[1.311s] -- Install configuration: "RelWithDebInfo"
[1.312s] -- Up-to-date: /workspaces/aprs/aprs_ws/install/ur_robot_driver/share/ur_robot_driver/hardware_interface_plugin.xml
[1.313s] -- Up-to-date: /workspaces/aprs/aprs_ws/install/ur_robot_driver/lib/ur_robot_driver/dashboard_client
[1.314s] -- Up-to-date: /workspaces/aprs/aprs_ws/install/ur_robot_driver/lib/ur_robot_driver/ur_ros2_control_node
[1.314s] -- Up-to-date: /workspaces/aprs/aprs_ws/install/ur_robot_driver/lib/ur_robot_driver/controller_stopper_node
[1.314s] -- Up-to-date: /workspaces/aprs/aprs_ws/install/ur_robot_driver/lib/ur_robot_driver/urscript_interface
[1.315s] -- Up-to-date: /workspaces/aprs/aprs_ws/install/ur_robot_driver/lib/libur_robot_driver_plugin.so
[1.315s] -- Up-to-date: /workspaces/aprs/aprs_ws/install/ur_robot_driver/include
[1.315s] -- Up-to-date: /workspaces/aprs/aprs_ws/install/ur_robot_driver/include/ur_robot_driver
[1.316s] -- Up-to-date: /workspaces/aprs/aprs_ws/install/ur_robot_driver/include/ur_robot_driver/hardware_interface.hpp
[1.316s] -- Up-to-date: /workspaces/aprs/aprs_ws/install/ur_robot_driver/include/ur_robot_driver/controller_stopper.hpp
[1.316s] -- Up-to-date: /workspaces/aprs/aprs_ws/install/ur_robot_driver/include/ur_robot_driver/dashboard_client_ros.hpp
[1.316s] -- Up-to-date: /workspaces/aprs/aprs_ws/install/ur_robot_driver/include/ur_robot_driver/urcl_log_handler.hpp
[1.316s] -- Up-to-date: /workspaces/aprs/aprs_ws/install/ur_robot_driver/share/ur_robot_driver/environment/library_path.sh
[1.316s] -- Up-to-date: /workspaces/aprs/aprs_ws/install/ur_robot_driver/share/ur_robot_driver/environment/library_path.dsv
[1.317s] -- Up-to-date: /workspaces/aprs/aprs_ws/install/ur_robot_driver/share/ur_robot_driver/resources
[1.317s] -- Up-to-date: /workspaces/aprs/aprs_ws/install/ur_robot_driver/share/ur_robot_driver/resources/rtde_input_recipe.txt
[1.317s] -- Up-to-date: /workspaces/aprs/aprs_ws/install/ur_robot_driver/share/ur_robot_driver/resources/externalcontrol-1.0.5.urcap
[1.317s] -- Up-to-date: /workspaces/aprs/aprs_ws/install/ur_robot_driver/share/ur_robot_driver/resources/rs485-1.0.urcap
[1.317s] -- Up-to-date: /workspaces/aprs/aprs_ws/install/ur_robot_driver/share/ur_robot_driver/resources/ros_control.urscript
[1.317s] -- Up-to-date: /workspaces/aprs/aprs_ws/install/ur_robot_driver/share/ur_robot_driver/resources/rtde_output_recipe.txt
[1.317s] -- Up-to-date: /workspaces/aprs/aprs_ws/install/ur_robot_driver/include
[1.317s] -- Up-to-date: /workspaces/aprs/aprs_ws/install/ur_robot_driver/include/ur_robot_driver
[1.318s] -- Up-to-date: /workspaces/aprs/aprs_ws/install/ur_robot_driver/include/ur_robot_driver/hardware_interface.hpp
[1.318s] -- Up-to-date: /workspaces/aprs/aprs_ws/install/ur_robot_driver/include/ur_robot_driver/controller_stopper.hpp
[1.318s] -- Up-to-date: /workspaces/aprs/aprs_ws/install/ur_robot_driver/include/ur_robot_driver/dashboard_client_ros.hpp
[1.318s] -- Up-to-date: /workspaces/aprs/aprs_ws/install/ur_robot_driver/include/ur_robot_driver/urcl_log_handler.hpp
[1.318s] -- Up-to-date: /workspaces/aprs/aprs_ws/install/ur_robot_driver/share/ur_robot_driver/environment/pythonpath.sh
[1.318s] -- Up-to-date: /workspaces/aprs/aprs_ws/install/ur_robot_driver/share/ur_robot_driver/environment/pythonpath.dsv
[1.318s] -- Up-to-date: /workspaces/aprs/aprs_ws/install/ur_robot_driver/local/lib/python3.10/dist-packages/ur_robot_driver-2.2.8-py3.10.egg-info
[1.318s] -- Installing: /workspaces/aprs/aprs_ws/install/ur_robot_driver/local/lib/python3.10/dist-packages/ur_robot_driver-2.2.8-py3.10.egg-info/dependency_links.txt
[1.319s] -- Installing: /workspaces/aprs/aprs_ws/install/ur_robot_driver/local/lib/python3.10/dist-packages/ur_robot_driver-2.2.8-py3.10.egg-info/top_level.txt
[1.319s] -- Installing: /workspaces/aprs/aprs_ws/install/ur_robot_driver/local/lib/python3.10/dist-packages/ur_robot_driver-2.2.8-py3.10.egg-info/PKG-INFO
[1.319s] -- Installing: /workspaces/aprs/aprs_ws/install/ur_robot_driver/local/lib/python3.10/dist-packages/ur_robot_driver-2.2.8-py3.10.egg-info/SOURCES.txt
[1.319s] -- Up-to-date: /workspaces/aprs/aprs_ws/install/ur_robot_driver/local/lib/python3.10/dist-packages/ur_robot_driver
[1.319s] -- Up-to-date: /workspaces/aprs/aprs_ws/install/ur_robot_driver/local/lib/python3.10/dist-packages/ur_robot_driver/__init__.py
[1.372s] Listing '/workspaces/aprs/aprs_ws/install/ur_robot_driver/local/lib/python3.10/dist-packages/ur_robot_driver'...
[1.380s] -- Up-to-date: /workspaces/aprs/aprs_ws/install/ur_robot_driver/lib/ur_robot_driver/tool_communication.py
[1.380s] -- Up-to-date: /workspaces/aprs/aprs_ws/install/ur_robot_driver/bin/wait_dashboard_server.sh
[1.380s] -- Up-to-date: /workspaces/aprs/aprs_ws/install/ur_robot_driver/lib/ur_robot_driver/start_ursim.sh
[1.380s] -- Up-to-date: /workspaces/aprs/aprs_ws/install/ur_robot_driver/share/ur_robot_driver/config
[1.380s] -- Up-to-date: /workspaces/aprs/aprs_ws/install/ur_robot_driver/share/ur_robot_driver/config/ur5_update_rate.yaml
[1.381s] -- Up-to-date: /workspaces/aprs/aprs_ws/install/ur_robot_driver/share/ur_robot_driver/config/ur16e_update_rate.yaml
[1.381s] -- Up-to-date: /workspaces/aprs/aprs_ws/install/ur_robot_driver/share/ur_robot_driver/config/test_goal_publishers_config.yaml
[1.381s] -- Up-to-date: /workspaces/aprs/aprs_ws/install/ur_robot_driver/share/ur_robot_driver/config/ur5e_update_rate.yaml
[1.381s] -- Up-to-date: /workspaces/aprs/aprs_ws/install/ur_robot_driver/share/ur_robot_driver/config/ur10_update_rate.yaml
[1.381s] -- Up-to-date: /workspaces/aprs/aprs_ws/install/ur_robot_driver/share/ur_robot_driver/config/ur3e_update_rate.yaml
[1.381s] -- Up-to-date: /workspaces/aprs/aprs_ws/install/ur_robot_driver/share/ur_robot_driver/config/ur_controllers.yaml
[1.381s] -- Up-to-date: /workspaces/aprs/aprs_ws/install/ur_robot_driver/share/ur_robot_driver/config/ur3_update_rate.yaml
[1.381s] -- Up-to-date: /workspaces/aprs/aprs_ws/install/ur_robot_driver/share/ur_robot_driver/config/test_velocity_goal_publishers_config.yaml
[1.381s] -- Up-to-date: /workspaces/aprs/aprs_ws/install/ur_robot_driver/share/ur_robot_driver/config/ur10e_update_rate.yaml
[1.381s] -- Up-to-date: /workspaces/aprs/aprs_ws/install/ur_robot_driver/share/ur_robot_driver/launch
[1.381s] -- Up-to-date: /workspaces/aprs/aprs_ws/install/ur_robot_driver/share/ur_robot_driver/launch/ur5e.launch.py
[1.382s] -- Up-to-date: /workspaces/aprs/aprs_ws/install/ur_robot_driver/share/ur_robot_driver/launch/ur3e.launch.py
[1.382s] -- Up-to-date: /workspaces/aprs/aprs_ws/install/ur_robot_driver/share/ur_robot_driver/launch/test_scaled_joint_trajectory_controller.launch.py
[1.382s] -- Up-to-date: /workspaces/aprs/aprs_ws/install/ur_robot_driver/share/ur_robot_driver/launch/ur_dashboard_client.launch.py
[1.382s] -- Up-to-date: /workspaces/aprs/aprs_ws/install/ur_robot_driver/share/ur_robot_driver/launch/ur16e.launch.py
[1.382s] -- Up-to-date: /workspaces/aprs/aprs_ws/install/ur_robot_driver/share/ur_robot_driver/launch/ur10.launch.py
[1.382s] -- Up-to-date: /workspaces/aprs/aprs_ws/install/ur_robot_driver/share/ur_robot_driver/launch/test_forward_velocity_controller.launch.py
[1.382s] -- Up-to-date: /workspaces/aprs/aprs_ws/install/ur_robot_driver/share/ur_robot_driver/launch/ur_control.launch.py
[1.382s] -- Up-to-date: /workspaces/aprs/aprs_ws/install/ur_robot_driver/share/ur_robot_driver/launch/ur10e.launch.py
[1.382s] -- Up-to-date: /workspaces/aprs/aprs_ws/install/ur_robot_driver/share/ur_robot_driver/launch/test_joint_trajectory_controller.launch.py
[1.382s] -- Up-to-date: /workspaces/aprs/aprs_ws/install/ur_robot_driver/share/ur_robot_driver/launch/ur5.launch.py
[1.382s] -- Up-to-date: /workspaces/aprs/aprs_ws/install/ur_robot_driver/share/ur_robot_driver/launch/ur3.launch.py
[1.382s] -- Up-to-date: /workspaces/aprs/aprs_ws/install/ur_robot_driver/share/ament_index/resource_index/package_run_dependencies/ur_robot_driver
[1.382s] -- Up-to-date: /workspaces/aprs/aprs_ws/install/ur_robot_driver/share/ament_index/resource_index/parent_prefix_path/ur_robot_driver
[1.382s] -- Up-to-date: /workspaces/aprs/aprs_ws/install/ur_robot_driver/share/ur_robot_driver/environment/ament_prefix_path.sh
[1.383s] -- Up-to-date: /workspaces/aprs/aprs_ws/install/ur_robot_driver/share/ur_robot_driver/environment/ament_prefix_path.dsv
[1.383s] -- Up-to-date: /workspaces/aprs/aprs_ws/install/ur_robot_driver/share/ur_robot_driver/environment/path.sh
[1.383s] -- Up-to-date: /workspaces/aprs/aprs_ws/install/ur_robot_driver/share/ur_robot_driver/environment/path.dsv
[1.383s] -- Up-to-date: /workspaces/aprs/aprs_ws/install/ur_robot_driver/share/ur_robot_driver/local_setup.bash
[1.383s] -- Up-to-date: /workspaces/aprs/aprs_ws/install/ur_robot_driver/share/ur_robot_driver/local_setup.sh
[1.383s] -- Up-to-date: /workspaces/aprs/aprs_ws/install/ur_robot_driver/share/ur_robot_driver/local_setup.zsh
[1.383s] -- Up-to-date: /workspaces/aprs/aprs_ws/install/ur_robot_driver/share/ur_robot_driver/local_setup.dsv
[1.383s] -- Installing: /workspaces/aprs/aprs_ws/install/ur_robot_driver/share/ur_robot_driver/package.dsv
[1.383s] -- Up-to-date: /workspaces/aprs/aprs_ws/install/ur_robot_driver/share/ament_index/resource_index/packages/ur_robot_driver
[1.383s] -- Up-to-date: /workspaces/aprs/aprs_ws/install/ur_robot_driver/share/ament_index/resource_index/hardware_interface__pluginlib__plugin/ur_robot_driver
[1.383s] -- Up-to-date: /workspaces/aprs/aprs_ws/install/ur_robot_driver/share/ur_robot_driver/cmake/ament_cmake_export_include_directories-extras.cmake
[1.383s] -- Up-to-date: /workspaces/aprs/aprs_ws/install/ur_robot_driver/share/ur_robot_driver/cmake/ament_cmake_export_libraries-extras.cmake
[1.383s] -- Up-to-date: /workspaces/aprs/aprs_ws/install/ur_robot_driver/share/ur_robot_driver/cmake/ament_cmake_export_dependencies-extras.cmake
[1.383s] -- Up-to-date: /workspaces/aprs/aprs_ws/install/ur_robot_driver/share/ur_robot_driver/cmake/ur_robot_driverConfig.cmake
[1.384s] -- Up-to-date: /workspaces/aprs/aprs_ws/install/ur_robot_driver/share/ur_robot_driver/cmake/ur_robot_driverConfig-version.cmake
[1.384s] -- Up-to-date: /workspaces/aprs/aprs_ws/install/ur_robot_driver/share/ur_robot_driver/package.xml
[1.391s] Invoked command in '/workspaces/aprs/aprs_ws/build/ur_robot_driver' returned '0': CMAKE_PREFIX_PATH=/workspaces/aprs/aprs_ws/install/ur_controllers:/workspaces/aprs/aprs_ws/install/ur_msgs:/workspaces/aprs/aprs_ws/install/ur_description:/workspaces/aprs/aprs_ws/install/ur_dashboard_msgs:/workspaces/aprs/aprs_ws/install/ur_client_library:/workspaces/aprs/aprs_ws/install/worlds:/workspaces/aprs/aprs_ws/install/workbench_description:/workspaces/aprs/aprs_ws/install/vaccum_description:/workspaces/aprs/aprs_ws/install/ur_setup:/workspaces/aprs/aprs_ws/install/ur:/workspaces/aprs/aprs_ws/install/ur_calibration:/workspaces/aprs/aprs_ws/install/ur_robot_driver:/workspaces/aprs/aprs_ws/install/ur_bringup:/workspaces/aprs/aprs_ws/install/ur_moveit_config:/workspaces/aprs/aprs_ws/install/ur_gz:/workspaces/aprs/aprs_ws/install/ur_description__:/workspaces/aprs/aprs_ws/install/ur5e_moveit_config:/workspaces/aprs/aprs_ws/install/panda_moveit_config:/workspaces/aprs/aprs_ws/install/motoman_moveit_config:/workspaces/aprs/aprs_ws/install/fanuc_moveit_config:/workspaces/aprs/aprs_ws/install/aprs_moveit_config:/workspaces/aprs/aprs_ws/install/table_description:/workspaces/aprs/aprs_ws/install/ros_gz_example_gazebo:/workspaces/aprs/aprs_ws/install/point_cloud:/workspaces/aprs/aprs_ws/install/realsense2_description:/workspaces/aprs/aprs_ws/install/panda_description:/workspaces/aprs/aprs_ws/install/motoman_gz:/workspaces/aprs/aprs_ws/install/motoman_description:/workspaces/aprs/aprs_ws/install/ign_ros2_control_demos:/workspaces/aprs/aprs_ws/install/gz_ros2_control_tests:/workspaces/aprs/aprs_ws/install/ign_ros2_control:/workspaces/aprs/aprs_ws/install/franka_setup:/workspaces/aprs/aprs_ws/install/franka_gz:/workspaces/aprs/aprs_ws/install/fanuc_gz:/workspaces/aprs/aprs_ws/install/fanuc_description:/workspaces/aprs/aprs_ws/install/camera_mount:/workspaces/aprs/aprs_ws/install/aprs_lab:/workspaces/aprs/aprs_ws/install/aprs_gazebo:/opt/ros/humble LD_LIBRARY_PATH=/workspaces/aprs/aprs_ws/install/ur_controllers/lib:/workspaces/aprs/aprs_ws/install/ur_msgs/lib:/workspaces/aprs/aprs_ws/install/ur_dashboard_msgs/lib:/workspaces/aprs/aprs_ws/install/ur_client_library/lib:/workspaces/aprs/aprs_ws/install/ur_robot_driver/lib:/workspaces/aprs/aprs_ws/install/point_cloud/lib:/workspaces/aprs/aprs_ws/install/ign_ros2_control/lib:/opt/ros/humble/opt/rviz_ogre_vendor/lib:/opt/ros/humble/lib/x86_64-linux-gnu:/opt/ros/humble/lib /usr/bin/cmake --install /workspaces/aprs/aprs_ws/build/ur_robot_driver
