[0.098s] Invoking command in '/home/aprs/aprs/aprs_ws/build/ur_msgs': CMAKE_PREFIX_PATH=${CMAKE_PREFIX_PATH}:/home/aprs/aprs/aprs_ws/install/conveyor_controller:/opt/ros/humble /usr/bin/cmake --build /home/aprs/aprs/aprs_ws/build/ur_msgs -- -j16 -l16
[0.372s] [  0%] Built target ur_msgs__cpp
[0.372s] [  0%] Built target ament_cmake_python_copy_ur_msgs
[0.372s] [ 12%] Built target ur_msgs__rosidl_generator_c
[0.372s] [ 24%] Built target ur_msgs__rosidl_typesupport_cpp
[0.372s] [ 35%] Built target ur_msgs__rosidl_typesupport_fastrtps_cpp
[0.372s] [ 47%] Built target ur_msgs__rosidl_typesupport_fastrtps_c
[0.372s] [ 59%] Built target ur_msgs__rosidl_typesupport_introspection_cpp
[0.372s] [ 71%] Built target ur_msgs__rosidl_typesupport_introspection_c
[0.373s] [ 82%] Built target ur_msgs__rosidl_typesupport_c
[0.373s] [ 82%] Built target ur_msgs
[0.373s] [ 83%] Built target ur_msgs__py
[0.373s] [ 94%] Built target ur_msgs__rosidl_generator_py
[0.373s] [ 97%] Built target ur_msgs__rosidl_typesupport_c__pyext
[0.373s] [ 98%] Built target ur_msgs__rosidl_typesupport_introspection_c__pyext
[0.373s] [100%] Built target ur_msgs__rosidl_typesupport_fastrtps_c__pyext
[0.373s] running egg_info
[0.373s] writing ur_msgs.egg-info/PKG-INFO
[0.373s] writing dependency_links to ur_msgs.egg-info/dependency_links.txt
[0.373s] writing top-level names to ur_msgs.egg-info/top_level.txt
[0.374s] reading manifest file 'ur_msgs.egg-info/SOURCES.txt'
[0.374s] writing manifest file 'ur_msgs.egg-info/SOURCES.txt'
[0.402s] [100%] Built target ament_cmake_python_build_ur_msgs_egg
[0.443s] Invoked command in '/home/aprs/aprs/aprs_ws/build/ur_msgs' returned '0': CMAKE_PREFIX_PATH=${CMAKE_PREFIX_PATH}:/home/aprs/aprs/aprs_ws/install/conveyor_controller:/opt/ros/humble /usr/bin/cmake --build /home/aprs/aprs/aprs_ws/build/ur_msgs -- -j16 -l16
[0.852s] Invoking command in '/home/aprs/aprs/aprs_ws/build/ur_msgs': CMAKE_PREFIX_PATH=${CMAKE_PREFIX_PATH}:/home/aprs/aprs/aprs_ws/install/conveyor_controller:/opt/ros/humble /usr/bin/cmake --install /home/aprs/aprs/aprs_ws/build/ur_msgs
[0.885s] -- Install configuration: ""
[0.886s] -- Up-to-date: /home/aprs/aprs/aprs_ws/install/ur_msgs/share/ament_index/resource_index/rosidl_interfaces/ur_msgs
[0.887s] -- Up-to-date: /home/aprs/aprs/aprs_ws/install/ur_msgs/include/ur_msgs/ur_msgs
[0.887s] -- Up-to-date: /home/aprs/aprs/aprs_ws/install/ur_msgs/include/ur_msgs/ur_msgs/msg
[0.887s] -- Up-to-date: /home/aprs/aprs/aprs_ws/install/ur_msgs/include/ur_msgs/ur_msgs/msg/analog.h
[0.887s] -- Up-to-date: /home/aprs/aprs/aprs_ws/install/ur_msgs/include/ur_msgs/ur_msgs/msg/io_states.h
[0.887s] -- Up-to-date: /home/aprs/aprs/aprs_ws/install/ur_msgs/include/ur_msgs/ur_msgs/msg/detail
[0.887s] -- Up-to-date: /home/aprs/aprs/aprs_ws/install/ur_msgs/include/ur_msgs/ur_msgs/msg/detail/robot_state_rt_msg__functions.h
[0.887s] -- Up-to-date: /home/aprs/aprs/aprs_ws/install/ur_msgs/include/ur_msgs/ur_msgs/msg/detail/masterboard_data_msg__functions.h
[0.887s] -- Up-to-date: /home/aprs/aprs/aprs_ws/install/ur_msgs/include/ur_msgs/ur_msgs/msg/detail/digital__functions.c
[0.887s] -- Up-to-date: /home/aprs/aprs/aprs_ws/install/ur_msgs/include/ur_msgs/ur_msgs/msg/detail/masterboard_data_msg__struct.h
[0.888s] -- Up-to-date: /home/aprs/aprs/aprs_ws/install/ur_msgs/include/ur_msgs/ur_msgs/msg/detail/masterboard_data_msg__type_support.h
[0.888s] -- Up-to-date: /home/aprs/aprs/aprs_ws/install/ur_msgs/include/ur_msgs/ur_msgs/msg/detail/tool_data_msg__functions.c
[0.888s] -- Up-to-date: /home/aprs/aprs/aprs_ws/install/ur_msgs/include/ur_msgs/ur_msgs/msg/detail/io_states__struct.h
[0.888s] -- Up-to-date: /home/aprs/aprs/aprs_ws/install/ur_msgs/include/ur_msgs/ur_msgs/msg/detail/masterboard_data_msg__functions.c
[0.888s] -- Up-to-date: /home/aprs/aprs/aprs_ws/install/ur_msgs/include/ur_msgs/ur_msgs/msg/detail/robot_state_rt_msg__type_support.h
[0.888s] -- Up-to-date: /home/aprs/aprs/aprs_ws/install/ur_msgs/include/ur_msgs/ur_msgs/msg/detail/tool_data_msg__functions.h
[0.888s] -- Up-to-date: /home/aprs/aprs/aprs_ws/install/ur_msgs/include/ur_msgs/ur_msgs/msg/detail/digital__type_support.h
[0.888s] -- Up-to-date: /home/aprs/aprs/aprs_ws/install/ur_msgs/include/ur_msgs/ur_msgs/msg/detail/io_states__type_support.h
[0.888s] -- Up-to-date: /home/aprs/aprs/aprs_ws/install/ur_msgs/include/ur_msgs/ur_msgs/msg/detail/io_states__functions.h
[0.888s] -- Up-to-date: /home/aprs/aprs/aprs_ws/install/ur_msgs/include/ur_msgs/ur_msgs/msg/detail/analog__type_support.h
[0.888s] -- Up-to-date: /home/aprs/aprs/aprs_ws/install/ur_msgs/include/ur_msgs/ur_msgs/msg/detail/robot_state_rt_msg__functions.c
[0.888s] -- Up-to-date: /home/aprs/aprs/aprs_ws/install/ur_msgs/include/ur_msgs/ur_msgs/msg/detail/digital__struct.h
[0.888s] -- Up-to-date: /home/aprs/aprs/aprs_ws/install/ur_msgs/include/ur_msgs/ur_msgs/msg/detail/analog__struct.h
[0.888s] -- Up-to-date: /home/aprs/aprs/aprs_ws/install/ur_msgs/include/ur_msgs/ur_msgs/msg/detail/robot_mode_data_msg__struct.h
[0.888s] -- Up-to-date: /home/aprs/aprs/aprs_ws/install/ur_msgs/include/ur_msgs/ur_msgs/msg/detail/robot_mode_data_msg__functions.c
[0.888s] -- Up-to-date: /home/aprs/aprs/aprs_ws/install/ur_msgs/include/ur_msgs/ur_msgs/msg/detail/tool_data_msg__struct.h
[0.888s] -- Up-to-date: /home/aprs/aprs/aprs_ws/install/ur_msgs/include/ur_msgs/ur_msgs/msg/detail/io_states__functions.c
[0.888s] -- Up-to-date: /home/aprs/aprs/aprs_ws/install/ur_msgs/include/ur_msgs/ur_msgs/msg/detail/tool_data_msg__type_support.h
[0.888s] -- Up-to-date: /home/aprs/aprs/aprs_ws/install/ur_msgs/include/ur_msgs/ur_msgs/msg/detail/robot_state_rt_msg__struct.h
[0.889s] -- Up-to-date: /home/aprs/aprs/aprs_ws/install/ur_msgs/include/ur_msgs/ur_msgs/msg/detail/robot_mode_data_msg__functions.h
[0.889s] -- Up-to-date: /home/aprs/aprs/aprs_ws/install/ur_msgs/include/ur_msgs/ur_msgs/msg/detail/analog__functions.h
[0.889s] -- Up-to-date: /home/aprs/aprs/aprs_ws/install/ur_msgs/include/ur_msgs/ur_msgs/msg/detail/analog__functions.c
[0.889s] -- Up-to-date: /home/aprs/aprs/aprs_ws/install/ur_msgs/include/ur_msgs/ur_msgs/msg/detail/digital__functions.h
[0.889s] -- Up-to-date: /home/aprs/aprs/aprs_ws/install/ur_msgs/include/ur_msgs/ur_msgs/msg/detail/robot_mode_data_msg__type_support.h
[0.889s] -- Up-to-date: /home/aprs/aprs/aprs_ws/install/ur_msgs/include/ur_msgs/ur_msgs/msg/robot_state_rt_msg.h
[0.895s] -- Up-to-date: /home/aprs/aprs/aprs_ws/install/ur_msgs/include/ur_msgs/ur_msgs/msg/robot_mode_data_msg.h
[0.895s] -- Up-to-date: /home/aprs/aprs/aprs_ws/install/ur_msgs/include/ur_msgs/ur_msgs/msg/rosidl_generator_c__visibility_control.h
[0.895s] -- Up-to-date: /home/aprs/aprs/aprs_ws/install/ur_msgs/include/ur_msgs/ur_msgs/msg/masterboard_data_msg.h
[0.895s] -- Up-to-date: /home/aprs/aprs/aprs_ws/install/ur_msgs/include/ur_msgs/ur_msgs/msg/digital.h
[0.895s] -- Up-to-date: /home/aprs/aprs/aprs_ws/install/ur_msgs/include/ur_msgs/ur_msgs/msg/tool_data_msg.h
[0.895s] -- Up-to-date: /home/aprs/aprs/aprs_ws/install/ur_msgs/include/ur_msgs/ur_msgs/srv
[0.896s] -- Up-to-date: /home/aprs/aprs/aprs_ws/install/ur_msgs/include/ur_msgs/ur_msgs/srv/set_payload.h
[0.896s] -- Up-to-date: /home/aprs/aprs/aprs_ws/install/ur_msgs/include/ur_msgs/ur_msgs/srv/set_io.h
[0.896s] -- Up-to-date: /home/aprs/aprs/aprs_ws/install/ur_msgs/include/ur_msgs/ur_msgs/srv/detail
[0.896s] -- Up-to-date: /home/aprs/aprs/aprs_ws/install/ur_msgs/include/ur_msgs/ur_msgs/srv/detail/set_speed_slider_fraction__struct.h
[0.896s] -- Up-to-date: /home/aprs/aprs/aprs_ws/install/ur_msgs/include/ur_msgs/ur_msgs/srv/detail/set_io__functions.c
[0.896s] -- Up-to-date: /home/aprs/aprs/aprs_ws/install/ur_msgs/include/ur_msgs/ur_msgs/srv/detail/set_payload__type_support.h
[0.896s] -- Up-to-date: /home/aprs/aprs/aprs_ws/install/ur_msgs/include/ur_msgs/ur_msgs/srv/detail/set_speed_slider_fraction__functions.h
[0.897s] -- Up-to-date: /home/aprs/aprs/aprs_ws/install/ur_msgs/include/ur_msgs/ur_msgs/srv/detail/set_io__type_support.h
[0.898s] -- Up-to-date: /home/aprs/aprs/aprs_ws/install/ur_msgs/include/ur_msgs/ur_msgs/srv/detail/set_payload__functions.h
[0.900s] -- Up-to-date: /home/aprs/aprs/aprs_ws/install/ur_msgs/include/ur_msgs/ur_msgs/srv/detail/set_io__functions.h
[0.900s] -- Up-to-date: /home/aprs/aprs/aprs_ws/install/ur_msgs/include/ur_msgs/ur_msgs/srv/detail/set_speed_slider_fraction__type_support.h
[0.901s] -- Up-to-date: /home/aprs/aprs/aprs_ws/install/ur_msgs/include/ur_msgs/ur_msgs/srv/detail/set_io__struct.h
[0.901s] -- Up-to-date: /home/aprs/aprs/aprs_ws/install/ur_msgs/include/ur_msgs/ur_msgs/srv/detail/set_payload__struct.h
[0.901s] -- Up-to-date: /home/aprs/aprs/aprs_ws/install/ur_msgs/include/ur_msgs/ur_msgs/srv/detail/set_speed_slider_fraction__functions.c
[0.901s] -- Up-to-date: /home/aprs/aprs/aprs_ws/install/ur_msgs/include/ur_msgs/ur_msgs/srv/detail/set_payload__functions.c
[0.901s] -- Up-to-date: /home/aprs/aprs/aprs_ws/install/ur_msgs/include/ur_msgs/ur_msgs/srv/set_speed_slider_fraction.h
[0.901s] -- Up-to-date: /home/aprs/aprs/aprs_ws/install/ur_msgs/share/ur_msgs/environment/library_path.sh
[0.901s] -- Up-to-date: /home/aprs/aprs/aprs_ws/install/ur_msgs/share/ur_msgs/environment/library_path.dsv
[0.901s] -- Up-to-date: /home/aprs/aprs/aprs_ws/install/ur_msgs/lib/libur_msgs__rosidl_generator_c.so
[0.902s] -- Up-to-date: /home/aprs/aprs/aprs_ws/install/ur_msgs/include/ur_msgs/ur_msgs
[0.902s] -- Up-to-date: /home/aprs/aprs/aprs_ws/install/ur_msgs/include/ur_msgs/ur_msgs/msg
[0.902s] -- Up-to-date: /home/aprs/aprs/aprs_ws/install/ur_msgs/include/ur_msgs/ur_msgs/msg/rosidl_typesupport_fastrtps_c__visibility_control.h
[0.902s] -- Up-to-date: /home/aprs/aprs/aprs_ws/install/ur_msgs/include/ur_msgs/ur_msgs/msg/detail
[0.902s] -- Up-to-date: /home/aprs/aprs/aprs_ws/install/ur_msgs/include/ur_msgs/ur_msgs/msg/detail/analog__rosidl_typesupport_fastrtps_c.h
[0.902s] -- Up-to-date: /home/aprs/aprs/aprs_ws/install/ur_msgs/include/ur_msgs/ur_msgs/msg/detail/digital__rosidl_typesupport_fastrtps_c.h
[0.902s] -- Up-to-date: /home/aprs/aprs/aprs_ws/install/ur_msgs/include/ur_msgs/ur_msgs/msg/detail/robot_state_rt_msg__rosidl_typesupport_fastrtps_c.h
[0.902s] -- Up-to-date: /home/aprs/aprs/aprs_ws/install/ur_msgs/include/ur_msgs/ur_msgs/msg/detail/io_states__rosidl_typesupport_fastrtps_c.h
[0.902s] -- Up-to-date: /home/aprs/aprs/aprs_ws/install/ur_msgs/include/ur_msgs/ur_msgs/msg/detail/robot_mode_data_msg__rosidl_typesupport_fastrtps_c.h
[0.902s] -- Up-to-date: /home/aprs/aprs/aprs_ws/install/ur_msgs/include/ur_msgs/ur_msgs/msg/detail/masterboard_data_msg__rosidl_typesupport_fastrtps_c.h
[0.902s] -- Up-to-date: /home/aprs/aprs/aprs_ws/install/ur_msgs/include/ur_msgs/ur_msgs/msg/detail/tool_data_msg__rosidl_typesupport_fastrtps_c.h
[0.902s] -- Up-to-date: /home/aprs/aprs/aprs_ws/install/ur_msgs/include/ur_msgs/ur_msgs/srv
[0.905s] -- Up-to-date: /home/aprs/aprs/aprs_ws/install/ur_msgs/include/ur_msgs/ur_msgs/srv/detail
[0.905s] -- Up-to-date: /home/aprs/aprs/aprs_ws/install/ur_msgs/include/ur_msgs/ur_msgs/srv/detail/set_io__rosidl_typesupport_fastrtps_c.h
[0.906s] -- Up-to-date: /home/aprs/aprs/aprs_ws/install/ur_msgs/include/ur_msgs/ur_msgs/srv/detail/set_payload__rosidl_typesupport_fastrtps_c.h
[0.906s] -- Up-to-date: /home/aprs/aprs/aprs_ws/install/ur_msgs/include/ur_msgs/ur_msgs/srv/detail/set_speed_slider_fraction__rosidl_typesupport_fastrtps_c.h
[0.906s] -- Up-to-date: /home/aprs/aprs/aprs_ws/install/ur_msgs/lib/libur_msgs__rosidl_typesupport_fastrtps_c.so
[0.906s] -- Up-to-date: /home/aprs/aprs/aprs_ws/install/ur_msgs/include/ur_msgs/ur_msgs
[0.906s] -- Up-to-date: /home/aprs/aprs/aprs_ws/install/ur_msgs/include/ur_msgs/ur_msgs/msg
[0.906s] -- Up-to-date: /home/aprs/aprs/aprs_ws/install/ur_msgs/include/ur_msgs/ur_msgs/msg/digital.hpp
[0.906s] -- Up-to-date: /home/aprs/aprs/aprs_ws/install/ur_msgs/include/ur_msgs/ur_msgs/msg/masterboard_data_msg.hpp
[0.906s] -- Up-to-date: /home/aprs/aprs/aprs_ws/install/ur_msgs/include/ur_msgs/ur_msgs/msg/detail
[0.906s] -- Up-to-date: /home/aprs/aprs/aprs_ws/install/ur_msgs/include/ur_msgs/ur_msgs/msg/detail/robot_mode_data_msg__traits.hpp
[0.906s] -- Up-to-date: /home/aprs/aprs/aprs_ws/install/ur_msgs/include/ur_msgs/ur_msgs/msg/detail/analog__struct.hpp
[0.906s] -- Up-to-date: /home/aprs/aprs/aprs_ws/install/ur_msgs/include/ur_msgs/ur_msgs/msg/detail/digital__builder.hpp
[0.906s] -- Up-to-date: /home/aprs/aprs/aprs_ws/install/ur_msgs/include/ur_msgs/ur_msgs/msg/detail/robot_state_rt_msg__struct.hpp
[0.906s] -- Up-to-date: /home/aprs/aprs/aprs_ws/install/ur_msgs/include/ur_msgs/ur_msgs/msg/detail/tool_data_msg__builder.hpp
[0.906s] -- Up-to-date: /home/aprs/aprs/aprs_ws/install/ur_msgs/include/ur_msgs/ur_msgs/msg/detail/tool_data_msg__traits.hpp
[0.906s] -- Up-to-date: /home/aprs/aprs/aprs_ws/install/ur_msgs/include/ur_msgs/ur_msgs/msg/detail/masterboard_data_msg__struct.hpp
[0.906s] -- Up-to-date: /home/aprs/aprs/aprs_ws/install/ur_msgs/include/ur_msgs/ur_msgs/msg/detail/robot_state_rt_msg__traits.hpp
[0.906s] -- Up-to-date: /home/aprs/aprs/aprs_ws/install/ur_msgs/include/ur_msgs/ur_msgs/msg/detail/robot_mode_data_msg__struct.hpp
[0.906s] -- Up-to-date: /home/aprs/aprs/aprs_ws/install/ur_msgs/include/ur_msgs/ur_msgs/msg/detail/digital__struct.hpp
[0.906s] -- Up-to-date: /home/aprs/aprs/aprs_ws/install/ur_msgs/include/ur_msgs/ur_msgs/msg/detail/io_states__builder.hpp
[0.906s] -- Up-to-date: /home/aprs/aprs/aprs_ws/install/ur_msgs/include/ur_msgs/ur_msgs/msg/detail/digital__traits.hpp
[0.906s] -- Up-to-date: /home/aprs/aprs/aprs_ws/install/ur_msgs/include/ur_msgs/ur_msgs/msg/detail/io_states__traits.hpp
[0.907s] -- Up-to-date: /home/aprs/aprs/aprs_ws/install/ur_msgs/include/ur_msgs/ur_msgs/msg/detail/robot_mode_data_msg__builder.hpp
[0.907s] -- Up-to-date: /home/aprs/aprs/aprs_ws/install/ur_msgs/include/ur_msgs/ur_msgs/msg/detail/masterboard_data_msg__traits.hpp
[0.907s] -- Up-to-date: /home/aprs/aprs/aprs_ws/install/ur_msgs/include/ur_msgs/ur_msgs/msg/detail/tool_data_msg__struct.hpp
[0.907s] -- Up-to-date: /home/aprs/aprs/aprs_ws/install/ur_msgs/include/ur_msgs/ur_msgs/msg/detail/analog__builder.hpp
[0.907s] -- Up-to-date: /home/aprs/aprs/aprs_ws/install/ur_msgs/include/ur_msgs/ur_msgs/msg/detail/io_states__struct.hpp
[0.907s] -- Up-to-date: /home/aprs/aprs/aprs_ws/install/ur_msgs/include/ur_msgs/ur_msgs/msg/detail/masterboard_data_msg__builder.hpp
[0.907s] -- Up-to-date: /home/aprs/aprs/aprs_ws/install/ur_msgs/include/ur_msgs/ur_msgs/msg/detail/robot_state_rt_msg__builder.hpp
[0.907s] -- Up-to-date: /home/aprs/aprs/aprs_ws/install/ur_msgs/include/ur_msgs/ur_msgs/msg/detail/analog__traits.hpp
[0.907s] -- Up-to-date: /home/aprs/aprs/aprs_ws/install/ur_msgs/include/ur_msgs/ur_msgs/msg/analog.hpp
[0.907s] -- Up-to-date: /home/aprs/aprs/aprs_ws/install/ur_msgs/include/ur_msgs/ur_msgs/msg/robot_state_rt_msg.hpp
[0.907s] -- Up-to-date: /home/aprs/aprs/aprs_ws/install/ur_msgs/include/ur_msgs/ur_msgs/msg/tool_data_msg.hpp
[0.907s] -- Up-to-date: /home/aprs/aprs/aprs_ws/install/ur_msgs/include/ur_msgs/ur_msgs/msg/io_states.hpp
[0.907s] -- Up-to-date: /home/aprs/aprs/aprs_ws/install/ur_msgs/include/ur_msgs/ur_msgs/msg/robot_mode_data_msg.hpp
[0.916s] -- Up-to-date: /home/aprs/aprs/aprs_ws/install/ur_msgs/include/ur_msgs/ur_msgs/srv
[0.917s] -- Up-to-date: /home/aprs/aprs/aprs_ws/install/ur_msgs/include/ur_msgs/ur_msgs/srv/set_io.hpp
[0.917s] -- Up-to-date: /home/aprs/aprs/aprs_ws/install/ur_msgs/include/ur_msgs/ur_msgs/srv/set_payload.hpp
[0.917s] -- Up-to-date: /home/aprs/aprs/aprs_ws/install/ur_msgs/include/ur_msgs/ur_msgs/srv/detail
[0.917s] -- Up-to-date: /home/aprs/aprs/aprs_ws/install/ur_msgs/include/ur_msgs/ur_msgs/srv/detail/set_io__struct.hpp
[0.917s] -- Up-to-date: /home/aprs/aprs/aprs_ws/install/ur_msgs/include/ur_msgs/ur_msgs/srv/detail/set_speed_slider_fraction__traits.hpp
[0.917s] -- Up-to-date: /home/aprs/aprs/aprs_ws/install/ur_msgs/include/ur_msgs/ur_msgs/srv/detail/set_speed_slider_fraction__builder.hpp
[0.917s] -- Up-to-date: /home/aprs/aprs/aprs_ws/install/ur_msgs/include/ur_msgs/ur_msgs/srv/detail/set_payload__traits.hpp
[0.917s] -- Up-to-date: /home/aprs/aprs/aprs_ws/install/ur_msgs/include/ur_msgs/ur_msgs/srv/detail/set_io__traits.hpp
[0.917s] -- Up-to-date: /home/aprs/aprs/aprs_ws/install/ur_msgs/include/ur_msgs/ur_msgs/srv/detail/set_payload__struct.hpp
[0.917s] -- Up-to-date: /home/aprs/aprs/aprs_ws/install/ur_msgs/include/ur_msgs/ur_msgs/srv/detail/set_payload__builder.hpp
[0.917s] -- Up-to-date: /home/aprs/aprs/aprs_ws/install/ur_msgs/include/ur_msgs/ur_msgs/srv/detail/set_io__builder.hpp
[0.918s] -- Up-to-date: /home/aprs/aprs/aprs_ws/install/ur_msgs/include/ur_msgs/ur_msgs/srv/detail/set_speed_slider_fraction__struct.hpp
[0.918s] -- Up-to-date: /home/aprs/aprs/aprs_ws/install/ur_msgs/include/ur_msgs/ur_msgs/srv/set_speed_slider_fraction.hpp
[0.919s] -- Up-to-date: /home/aprs/aprs/aprs_ws/install/ur_msgs/include/ur_msgs/ur_msgs
[0.920s] -- Up-to-date: /home/aprs/aprs/aprs_ws/install/ur_msgs/include/ur_msgs/ur_msgs/msg
[0.920s] -- Up-to-date: /home/aprs/aprs/aprs_ws/install/ur_msgs/include/ur_msgs/ur_msgs/msg/detail
[0.920s] -- Up-to-date: /home/aprs/aprs/aprs_ws/install/ur_msgs/include/ur_msgs/ur_msgs/msg/detail/robot_state_rt_msg__rosidl_typesupport_fastrtps_cpp.hpp
[0.920s] -- Up-to-date: /home/aprs/aprs/aprs_ws/install/ur_msgs/include/ur_msgs/ur_msgs/msg/detail/tool_data_msg__rosidl_typesupport_fastrtps_cpp.hpp
[0.921s] -- Up-to-date: /home/aprs/aprs/aprs_ws/install/ur_msgs/include/ur_msgs/ur_msgs/msg/detail/dds_fastrtps
[0.921s] -- Up-to-date: /home/aprs/aprs/aprs_ws/install/ur_msgs/include/ur_msgs/ur_msgs/msg/detail/analog__rosidl_typesupport_fastrtps_cpp.hpp
[0.921s] -- Up-to-date: /home/aprs/aprs/aprs_ws/install/ur_msgs/include/ur_msgs/ur_msgs/msg/detail/robot_mode_data_msg__rosidl_typesupport_fastrtps_cpp.hpp
[0.927s] -- Up-to-date: /home/aprs/aprs/aprs_ws/install/ur_msgs/include/ur_msgs/ur_msgs/msg/detail/digital__rosidl_typesupport_fastrtps_cpp.hpp
[0.927s] -- Up-to-date: /home/aprs/aprs/aprs_ws/install/ur_msgs/include/ur_msgs/ur_msgs/msg/detail/io_states__rosidl_typesupport_fastrtps_cpp.hpp
[0.927s] -- Up-to-date: /home/aprs/aprs/aprs_ws/install/ur_msgs/include/ur_msgs/ur_msgs/msg/detail/masterboard_data_msg__rosidl_typesupport_fastrtps_cpp.hpp
[0.928s] -- Up-to-date: /home/aprs/aprs/aprs_ws/install/ur_msgs/include/ur_msgs/ur_msgs/msg/rosidl_typesupport_fastrtps_cpp__visibility_control.h
[0.928s] -- Up-to-date: /home/aprs/aprs/aprs_ws/install/ur_msgs/include/ur_msgs/ur_msgs/srv
[0.928s] -- Up-to-date: /home/aprs/aprs/aprs_ws/install/ur_msgs/include/ur_msgs/ur_msgs/srv/detail
[0.928s] -- Up-to-date: /home/aprs/aprs/aprs_ws/install/ur_msgs/include/ur_msgs/ur_msgs/srv/detail/dds_fastrtps
[0.928s] -- Up-to-date: /home/aprs/aprs/aprs_ws/install/ur_msgs/include/ur_msgs/ur_msgs/srv/detail/set_payload__rosidl_typesupport_fastrtps_cpp.hpp
[0.928s] -- Up-to-date: /home/aprs/aprs/aprs_ws/install/ur_msgs/include/ur_msgs/ur_msgs/srv/detail/set_speed_slider_fraction__rosidl_typesupport_fastrtps_cpp.hpp
[0.928s] -- Up-to-date: /home/aprs/aprs/aprs_ws/install/ur_msgs/include/ur_msgs/ur_msgs/srv/detail/set_io__rosidl_typesupport_fastrtps_cpp.hpp
[0.928s] -- Up-to-date: /home/aprs/aprs/aprs_ws/install/ur_msgs/lib/libur_msgs__rosidl_typesupport_fastrtps_cpp.so
[0.935s] -- Up-to-date: /home/aprs/aprs/aprs_ws/install/ur_msgs/include/ur_msgs/ur_msgs
[0.935s] -- Up-to-date: /home/aprs/aprs/aprs_ws/install/ur_msgs/include/ur_msgs/ur_msgs/msg
[0.935s] -- Up-to-date: /home/aprs/aprs/aprs_ws/install/ur_msgs/include/ur_msgs/ur_msgs/msg/detail
[0.937s] -- Up-to-date: /home/aprs/aprs/aprs_ws/install/ur_msgs/include/ur_msgs/ur_msgs/msg/detail/io_states__type_support.c
[0.937s] -- Up-to-date: /home/aprs/aprs/aprs_ws/install/ur_msgs/include/ur_msgs/ur_msgs/msg/detail/robot_mode_data_msg__rosidl_typesupport_introspection_c.h
[0.937s] -- Up-to-date: /home/aprs/aprs/aprs_ws/install/ur_msgs/include/ur_msgs/ur_msgs/msg/detail/robot_state_rt_msg__type_support.c
[0.937s] -- Up-to-date: /home/aprs/aprs/aprs_ws/install/ur_msgs/include/ur_msgs/ur_msgs/msg/detail/io_states__rosidl_typesupport_introspection_c.h
[0.937s] -- Up-to-date: /home/aprs/aprs/aprs_ws/install/ur_msgs/include/ur_msgs/ur_msgs/msg/detail/masterboard_data_msg__type_support.c
[0.937s] -- Up-to-date: /home/aprs/aprs/aprs_ws/install/ur_msgs/include/ur_msgs/ur_msgs/msg/detail/robot_mode_data_msg__type_support.c
[0.937s] -- Up-to-date: /home/aprs/aprs/aprs_ws/install/ur_msgs/include/ur_msgs/ur_msgs/msg/detail/tool_data_msg__type_support.c
[0.937s] -- Up-to-date: /home/aprs/aprs/aprs_ws/install/ur_msgs/include/ur_msgs/ur_msgs/msg/detail/tool_data_msg__rosidl_typesupport_introspection_c.h
[0.938s] -- Up-to-date: /home/aprs/aprs/aprs_ws/install/ur_msgs/include/ur_msgs/ur_msgs/msg/detail/analog__type_support.c
[0.938s] -- Up-to-date: /home/aprs/aprs/aprs_ws/install/ur_msgs/include/ur_msgs/ur_msgs/msg/detail/analog__rosidl_typesupport_introspection_c.h
[0.938s] -- Up-to-date: /home/aprs/aprs/aprs_ws/install/ur_msgs/include/ur_msgs/ur_msgs/msg/detail/masterboard_data_msg__rosidl_typesupport_introspection_c.h
[0.938s] -- Up-to-date: /home/aprs/aprs/aprs_ws/install/ur_msgs/include/ur_msgs/ur_msgs/msg/detail/robot_state_rt_msg__rosidl_typesupport_introspection_c.h
[0.938s] -- Up-to-date: /home/aprs/aprs/aprs_ws/install/ur_msgs/include/ur_msgs/ur_msgs/msg/detail/digital__type_support.c
[0.939s] -- Up-to-date: /home/aprs/aprs/aprs_ws/install/ur_msgs/include/ur_msgs/ur_msgs/msg/detail/digital__rosidl_typesupport_introspection_c.h
[0.939s] -- Up-to-date: /home/aprs/aprs/aprs_ws/install/ur_msgs/include/ur_msgs/ur_msgs/msg/rosidl_typesupport_introspection_c__visibility_control.h
[0.939s] -- Up-to-date: /home/aprs/aprs/aprs_ws/install/ur_msgs/include/ur_msgs/ur_msgs/srv
[0.940s] -- Up-to-date: /home/aprs/aprs/aprs_ws/install/ur_msgs/include/ur_msgs/ur_msgs/srv/detail
[0.940s] -- Up-to-date: /home/aprs/aprs/aprs_ws/install/ur_msgs/include/ur_msgs/ur_msgs/srv/detail/set_payload__type_support.c
[0.940s] -- Up-to-date: /home/aprs/aprs/aprs_ws/install/ur_msgs/include/ur_msgs/ur_msgs/srv/detail/set_payload__rosidl_typesupport_introspection_c.h
[0.940s] -- Up-to-date: /home/aprs/aprs/aprs_ws/install/ur_msgs/include/ur_msgs/ur_msgs/srv/detail/set_speed_slider_fraction__type_support.c
[0.940s] -- Up-to-date: /home/aprs/aprs/aprs_ws/install/ur_msgs/include/ur_msgs/ur_msgs/srv/detail/set_speed_slider_fraction__rosidl_typesupport_introspection_c.h
[0.940s] -- Up-to-date: /home/aprs/aprs/aprs_ws/install/ur_msgs/include/ur_msgs/ur_msgs/srv/detail/set_io__rosidl_typesupport_introspection_c.h
[0.941s] -- Up-to-date: /home/aprs/aprs/aprs_ws/install/ur_msgs/include/ur_msgs/ur_msgs/srv/detail/set_io__type_support.c
[0.941s] -- Up-to-date: /home/aprs/aprs/aprs_ws/install/ur_msgs/lib/libur_msgs__rosidl_typesupport_introspection_c.so
[0.941s] -- Up-to-date: /home/aprs/aprs/aprs_ws/install/ur_msgs/lib/libur_msgs__rosidl_typesupport_c.so
[0.941s] -- Up-to-date: /home/aprs/aprs/aprs_ws/install/ur_msgs/include/ur_msgs/ur_msgs
[0.942s] -- Up-to-date: /home/aprs/aprs/aprs_ws/install/ur_msgs/include/ur_msgs/ur_msgs/msg
[0.945s] -- Up-to-date: /home/aprs/aprs/aprs_ws/install/ur_msgs/include/ur_msgs/ur_msgs/msg/detail
[0.945s] -- Up-to-date: /home/aprs/aprs/aprs_ws/install/ur_msgs/include/ur_msgs/ur_msgs/msg/detail/robot_mode_data_msg__type_support.cpp
[0.946s] -- Up-to-date: /home/aprs/aprs/aprs_ws/install/ur_msgs/include/ur_msgs/ur_msgs/msg/detail/masterboard_data_msg__rosidl_typesupport_introspection_cpp.hpp
[0.946s] -- Up-to-date: /home/aprs/aprs/aprs_ws/install/ur_msgs/include/ur_msgs/ur_msgs/msg/detail/tool_data_msg__type_support.cpp
[0.946s] -- Up-to-date: /home/aprs/aprs/aprs_ws/install/ur_msgs/include/ur_msgs/ur_msgs/msg/detail/digital__type_support.cpp
[0.946s] -- Up-to-date: /home/aprs/aprs/aprs_ws/install/ur_msgs/include/ur_msgs/ur_msgs/msg/detail/robot_mode_data_msg__rosidl_typesupport_introspection_cpp.hpp
[0.946s] -- Up-to-date: /home/aprs/aprs/aprs_ws/install/ur_msgs/include/ur_msgs/ur_msgs/msg/detail/io_states__rosidl_typesupport_introspection_cpp.hpp
[0.946s] -- Up-to-date: /home/aprs/aprs/aprs_ws/install/ur_msgs/include/ur_msgs/ur_msgs/msg/detail/analog__rosidl_typesupport_introspection_cpp.hpp
[0.946s] -- Up-to-date: /home/aprs/aprs/aprs_ws/install/ur_msgs/include/ur_msgs/ur_msgs/msg/detail/io_states__type_support.cpp
[0.946s] -- Up-to-date: /home/aprs/aprs/aprs_ws/install/ur_msgs/include/ur_msgs/ur_msgs/msg/detail/analog__type_support.cpp
[0.946s] -- Up-to-date: /home/aprs/aprs/aprs_ws/install/ur_msgs/include/ur_msgs/ur_msgs/msg/detail/robot_state_rt_msg__rosidl_typesupport_introspection_cpp.hpp
[0.946s] -- Up-to-date: /home/aprs/aprs/aprs_ws/install/ur_msgs/include/ur_msgs/ur_msgs/msg/detail/tool_data_msg__rosidl_typesupport_introspection_cpp.hpp
[0.946s] -- Up-to-date: /home/aprs/aprs/aprs_ws/install/ur_msgs/include/ur_msgs/ur_msgs/msg/detail/robot_state_rt_msg__type_support.cpp
[0.946s] -- Up-to-date: /home/aprs/aprs/aprs_ws/install/ur_msgs/include/ur_msgs/ur_msgs/msg/detail/masterboard_data_msg__type_support.cpp
[0.947s] -- Up-to-date: /home/aprs/aprs/aprs_ws/install/ur_msgs/include/ur_msgs/ur_msgs/msg/detail/digital__rosidl_typesupport_introspection_cpp.hpp
[0.947s] -- Up-to-date: /home/aprs/aprs/aprs_ws/install/ur_msgs/include/ur_msgs/ur_msgs/srv
[0.947s] -- Up-to-date: /home/aprs/aprs/aprs_ws/install/ur_msgs/include/ur_msgs/ur_msgs/srv/detail
[0.947s] -- Up-to-date: /home/aprs/aprs/aprs_ws/install/ur_msgs/include/ur_msgs/ur_msgs/srv/detail/set_io__type_support.cpp
[0.947s] -- Up-to-date: /home/aprs/aprs/aprs_ws/install/ur_msgs/include/ur_msgs/ur_msgs/srv/detail/set_payload__rosidl_typesupport_introspection_cpp.hpp
[0.947s] -- Up-to-date: /home/aprs/aprs/aprs_ws/install/ur_msgs/include/ur_msgs/ur_msgs/srv/detail/set_io__rosidl_typesupport_introspection_cpp.hpp
[0.947s] -- Up-to-date: /home/aprs/aprs/aprs_ws/install/ur_msgs/include/ur_msgs/ur_msgs/srv/detail/set_speed_slider_fraction__rosidl_typesupport_introspection_cpp.hpp
[0.947s] -- Up-to-date: /home/aprs/aprs/aprs_ws/install/ur_msgs/include/ur_msgs/ur_msgs/srv/detail/set_speed_slider_fraction__type_support.cpp
[0.947s] -- Up-to-date: /home/aprs/aprs/aprs_ws/install/ur_msgs/include/ur_msgs/ur_msgs/srv/detail/set_payload__type_support.cpp
[0.947s] -- Up-to-date: /home/aprs/aprs/aprs_ws/install/ur_msgs/lib/libur_msgs__rosidl_typesupport_introspection_cpp.so
[0.947s] -- Up-to-date: /home/aprs/aprs/aprs_ws/install/ur_msgs/lib/libur_msgs__rosidl_typesupport_cpp.so
[0.947s] -- Up-to-date: /home/aprs/aprs/aprs_ws/install/ur_msgs/share/ur_msgs/environment/pythonpath.sh
[0.947s] -- Up-to-date: /home/aprs/aprs/aprs_ws/install/ur_msgs/share/ur_msgs/environment/pythonpath.dsv
[0.947s] -- Up-to-date: /home/aprs/aprs/aprs_ws/install/ur_msgs/local/lib/python3.10/dist-packages/ur_msgs-2.0.0-py3.10.egg-info
[0.947s] -- Installing: /home/aprs/aprs/aprs_ws/install/ur_msgs/local/lib/python3.10/dist-packages/ur_msgs-2.0.0-py3.10.egg-info/PKG-INFO
[0.950s] -- Installing: /home/aprs/aprs/aprs_ws/install/ur_msgs/local/lib/python3.10/dist-packages/ur_msgs-2.0.0-py3.10.egg-info/dependency_links.txt
[0.950s] -- Installing: /home/aprs/aprs/aprs_ws/install/ur_msgs/local/lib/python3.10/dist-packages/ur_msgs-2.0.0-py3.10.egg-info/SOURCES.txt
[0.950s] -- Installing: /home/aprs/aprs/aprs_ws/install/ur_msgs/local/lib/python3.10/dist-packages/ur_msgs-2.0.0-py3.10.egg-info/top_level.txt
[0.950s] -- Up-to-date: /home/aprs/aprs/aprs_ws/install/ur_msgs/local/lib/python3.10/dist-packages/ur_msgs
[0.950s] -- Up-to-date: /home/aprs/aprs/aprs_ws/install/ur_msgs/local/lib/python3.10/dist-packages/ur_msgs/__init__.py
[0.950s] -- Up-to-date: /home/aprs/aprs/aprs_ws/install/ur_msgs/local/lib/python3.10/dist-packages/ur_msgs/ur_msgs_s__rosidl_typesupport_introspection_c.cpython-310-x86_64-linux-gnu.so
[0.950s] -- Up-to-date: /home/aprs/aprs/aprs_ws/install/ur_msgs/local/lib/python3.10/dist-packages/ur_msgs/_ur_msgs_s.ep.rosidl_typesupport_introspection_c.c
[0.950s] -- Up-to-date: /home/aprs/aprs/aprs_ws/install/ur_msgs/local/lib/python3.10/dist-packages/ur_msgs/_ur_msgs_s.ep.rosidl_typesupport_c.c
[0.950s] -- Up-to-date: /home/aprs/aprs/aprs_ws/install/ur_msgs/local/lib/python3.10/dist-packages/ur_msgs/ur_msgs_s__rosidl_typesupport_fastrtps_c.cpython-310-x86_64-linux-gnu.so
[0.950s] -- Up-to-date: /home/aprs/aprs/aprs_ws/install/ur_msgs/local/lib/python3.10/dist-packages/ur_msgs/msg
[0.950s] -- Up-to-date: /home/aprs/aprs/aprs_ws/install/ur_msgs/local/lib/python3.10/dist-packages/ur_msgs/msg/_io_states.py
[0.950s] -- Up-to-date: /home/aprs/aprs/aprs_ws/install/ur_msgs/local/lib/python3.10/dist-packages/ur_msgs/msg/__init__.py
[0.950s] -- Up-to-date: /home/aprs/aprs/aprs_ws/install/ur_msgs/local/lib/python3.10/dist-packages/ur_msgs/msg/_masterboard_data_msg_s.c
[0.950s] -- Up-to-date: /home/aprs/aprs/aprs_ws/install/ur_msgs/local/lib/python3.10/dist-packages/ur_msgs/msg/_robot_state_rt_msg.py
[0.950s] -- Up-to-date: /home/aprs/aprs/aprs_ws/install/ur_msgs/local/lib/python3.10/dist-packages/ur_msgs/msg/_tool_data_msg.py
[0.950s] -- Up-to-date: /home/aprs/aprs/aprs_ws/install/ur_msgs/local/lib/python3.10/dist-packages/ur_msgs/msg/_tool_data_msg_s.c
[0.950s] -- Up-to-date: /home/aprs/aprs/aprs_ws/install/ur_msgs/local/lib/python3.10/dist-packages/ur_msgs/msg/_masterboard_data_msg.py
[0.951s] -- Up-to-date: /home/aprs/aprs/aprs_ws/install/ur_msgs/local/lib/python3.10/dist-packages/ur_msgs/msg/_analog.py
[0.951s] -- Up-to-date: /home/aprs/aprs/aprs_ws/install/ur_msgs/local/lib/python3.10/dist-packages/ur_msgs/msg/_robot_state_rt_msg_s.c
[0.951s] -- Up-to-date: /home/aprs/aprs/aprs_ws/install/ur_msgs/local/lib/python3.10/dist-packages/ur_msgs/msg/_robot_mode_data_msg_s.c
[0.951s] -- Up-to-date: /home/aprs/aprs/aprs_ws/install/ur_msgs/local/lib/python3.10/dist-packages/ur_msgs/msg/_analog_s.c
[0.951s] -- Up-to-date: /home/aprs/aprs/aprs_ws/install/ur_msgs/local/lib/python3.10/dist-packages/ur_msgs/msg/_digital.py
[0.951s] -- Up-to-date: /home/aprs/aprs/aprs_ws/install/ur_msgs/local/lib/python3.10/dist-packages/ur_msgs/msg/_robot_mode_data_msg.py
[0.951s] -- Up-to-date: /home/aprs/aprs/aprs_ws/install/ur_msgs/local/lib/python3.10/dist-packages/ur_msgs/msg/_io_states_s.c
[0.951s] -- Up-to-date: /home/aprs/aprs/aprs_ws/install/ur_msgs/local/lib/python3.10/dist-packages/ur_msgs/msg/_digital_s.c
[0.951s] -- Up-to-date: /home/aprs/aprs/aprs_ws/install/ur_msgs/local/lib/python3.10/dist-packages/ur_msgs/_ur_msgs_s.ep.rosidl_typesupport_fastrtps_c.c
[0.951s] -- Up-to-date: /home/aprs/aprs/aprs_ws/install/ur_msgs/local/lib/python3.10/dist-packages/ur_msgs/libur_msgs__rosidl_generator_py.so
[0.951s] -- Up-to-date: /home/aprs/aprs/aprs_ws/install/ur_msgs/local/lib/python3.10/dist-packages/ur_msgs/srv
[0.951s] -- Up-to-date: /home/aprs/aprs/aprs_ws/install/ur_msgs/local/lib/python3.10/dist-packages/ur_msgs/srv/__init__.py
[0.951s] -- Up-to-date: /home/aprs/aprs/aprs_ws/install/ur_msgs/local/lib/python3.10/dist-packages/ur_msgs/srv/_set_payload.py
[0.951s] -- Up-to-date: /home/aprs/aprs/aprs_ws/install/ur_msgs/local/lib/python3.10/dist-packages/ur_msgs/srv/_set_payload_s.c
[0.951s] -- Up-to-date: /home/aprs/aprs/aprs_ws/install/ur_msgs/local/lib/python3.10/dist-packages/ur_msgs/srv/_set_io_s.c
[0.951s] -- Up-to-date: /home/aprs/aprs/aprs_ws/install/ur_msgs/local/lib/python3.10/dist-packages/ur_msgs/srv/_set_io.py
[0.951s] -- Up-to-date: /home/aprs/aprs/aprs_ws/install/ur_msgs/local/lib/python3.10/dist-packages/ur_msgs/srv/_set_speed_slider_fraction_s.c
[0.951s] -- Up-to-date: /home/aprs/aprs/aprs_ws/install/ur_msgs/local/lib/python3.10/dist-packages/ur_msgs/srv/_set_speed_slider_fraction.py
[0.951s] -- Up-to-date: /home/aprs/aprs/aprs_ws/install/ur_msgs/local/lib/python3.10/dist-packages/ur_msgs/ur_msgs_s__rosidl_typesupport_c.cpython-310-x86_64-linux-gnu.so
[0.961s] Listing '/home/aprs/aprs/aprs_ws/install/ur_msgs/local/lib/python3.10/dist-packages/ur_msgs'...
[0.961s] Listing '/home/aprs/aprs/aprs_ws/install/ur_msgs/local/lib/python3.10/dist-packages/ur_msgs/msg'...
[0.961s] Listing '/home/aprs/aprs/aprs_ws/install/ur_msgs/local/lib/python3.10/dist-packages/ur_msgs/srv'...
[0.961s] -- Up-to-date: /home/aprs/aprs/aprs_ws/install/ur_msgs/local/lib/python3.10/dist-packages/ur_msgs/ur_msgs_s__rosidl_typesupport_fastrtps_c.cpython-310-x86_64-linux-gnu.so
[0.975s] -- Up-to-date: /home/aprs/aprs/aprs_ws/install/ur_msgs/local/lib/python3.10/dist-packages/ur_msgs/ur_msgs_s__rosidl_typesupport_introspection_c.cpython-310-x86_64-linux-gnu.so
[0.975s] -- Up-to-date: /home/aprs/aprs/aprs_ws/install/ur_msgs/local/lib/python3.10/dist-packages/ur_msgs/ur_msgs_s__rosidl_typesupport_c.cpython-310-x86_64-linux-gnu.so
[0.976s] -- Up-to-date: /home/aprs/aprs/aprs_ws/install/ur_msgs/lib/libur_msgs__rosidl_generator_py.so
[0.976s] -- Up-to-date: /home/aprs/aprs/aprs_ws/install/ur_msgs/share/ur_msgs/msg/Analog.idl
[0.976s] -- Up-to-date: /home/aprs/aprs/aprs_ws/install/ur_msgs/share/ur_msgs/msg/Digital.idl
[0.976s] -- Up-to-date: /home/aprs/aprs/aprs_ws/install/ur_msgs/share/ur_msgs/msg/IOStates.idl
[0.976s] -- Up-to-date: /home/aprs/aprs/aprs_ws/install/ur_msgs/share/ur_msgs/msg/RobotStateRTMsg.idl
[0.976s] -- Up-to-date: /home/aprs/aprs/aprs_ws/install/ur_msgs/share/ur_msgs/msg/MasterboardDataMsg.idl
[0.978s] -- Up-to-date: /home/aprs/aprs/aprs_ws/install/ur_msgs/share/ur_msgs/msg/RobotModeDataMsg.idl
[0.978s] -- Up-to-date: /home/aprs/aprs/aprs_ws/install/ur_msgs/share/ur_msgs/msg/ToolDataMsg.idl
[0.978s] -- Up-to-date: /home/aprs/aprs/aprs_ws/install/ur_msgs/share/ur_msgs/srv/SetPayload.idl
[0.979s] -- Up-to-date: /home/aprs/aprs/aprs_ws/install/ur_msgs/share/ur_msgs/srv/SetSpeedSliderFraction.idl
[0.979s] -- Up-to-date: /home/aprs/aprs/aprs_ws/install/ur_msgs/share/ur_msgs/srv/SetIO.idl
[0.979s] -- Up-to-date: /home/aprs/aprs/aprs_ws/install/ur_msgs/share/ur_msgs/msg/Analog.msg
[0.979s] -- Up-to-date: /home/aprs/aprs/aprs_ws/install/ur_msgs/share/ur_msgs/msg/Digital.msg
[0.979s] -- Up-to-date: /home/aprs/aprs/aprs_ws/install/ur_msgs/share/ur_msgs/msg/IOStates.msg
[0.979s] -- Up-to-date: /home/aprs/aprs/aprs_ws/install/ur_msgs/share/ur_msgs/msg/RobotStateRTMsg.msg
[0.980s] -- Up-to-date: /home/aprs/aprs/aprs_ws/install/ur_msgs/share/ur_msgs/msg/MasterboardDataMsg.msg
[0.980s] -- Up-to-date: /home/aprs/aprs/aprs_ws/install/ur_msgs/share/ur_msgs/msg/RobotModeDataMsg.msg
[0.980s] -- Up-to-date: /home/aprs/aprs/aprs_ws/install/ur_msgs/share/ur_msgs/msg/ToolDataMsg.msg
[0.980s] -- Up-to-date: /home/aprs/aprs/aprs_ws/install/ur_msgs/share/ur_msgs/srv/SetPayload.srv
[0.982s] -- Up-to-date: /home/aprs/aprs/aprs_ws/install/ur_msgs/share/ur_msgs/srv/SetPayload_Request.msg
[0.982s] -- Up-to-date: /home/aprs/aprs/aprs_ws/install/ur_msgs/share/ur_msgs/srv/SetPayload_Response.msg
[0.983s] -- Up-to-date: /home/aprs/aprs/aprs_ws/install/ur_msgs/share/ur_msgs/srv/SetSpeedSliderFraction.srv
[0.983s] -- Up-to-date: /home/aprs/aprs/aprs_ws/install/ur_msgs/share/ur_msgs/srv/SetSpeedSliderFraction_Request.msg
[0.983s] -- Up-to-date: /home/aprs/aprs/aprs_ws/install/ur_msgs/share/ur_msgs/srv/SetSpeedSliderFraction_Response.msg
[0.983s] -- Up-to-date: /home/aprs/aprs/aprs_ws/install/ur_msgs/share/ur_msgs/srv/SetIO.srv
[0.983s] -- Up-to-date: /home/aprs/aprs/aprs_ws/install/ur_msgs/share/ur_msgs/srv/SetIO_Request.msg
[0.983s] -- Up-to-date: /home/aprs/aprs/aprs_ws/install/ur_msgs/share/ur_msgs/srv/SetIO_Response.msg
[0.983s] -- Up-to-date: /home/aprs/aprs/aprs_ws/install/ur_msgs/share/ament_index/resource_index/package_run_dependencies/ur_msgs
[0.984s] -- Up-to-date: /home/aprs/aprs/aprs_ws/install/ur_msgs/share/ament_index/resource_index/parent_prefix_path/ur_msgs
[0.984s] -- Up-to-date: /home/aprs/aprs/aprs_ws/install/ur_msgs/share/ur_msgs/environment/ament_prefix_path.sh
[0.984s] -- Up-to-date: /home/aprs/aprs/aprs_ws/install/ur_msgs/share/ur_msgs/environment/ament_prefix_path.dsv
[0.984s] -- Up-to-date: /home/aprs/aprs/aprs_ws/install/ur_msgs/share/ur_msgs/environment/path.sh
[0.984s] -- Up-to-date: /home/aprs/aprs/aprs_ws/install/ur_msgs/share/ur_msgs/environment/path.dsv
[0.984s] -- Up-to-date: /home/aprs/aprs/aprs_ws/install/ur_msgs/share/ur_msgs/local_setup.bash
[0.984s] -- Up-to-date: /home/aprs/aprs/aprs_ws/install/ur_msgs/share/ur_msgs/local_setup.sh
[0.985s] -- Up-to-date: /home/aprs/aprs/aprs_ws/install/ur_msgs/share/ur_msgs/local_setup.zsh
[0.985s] -- Up-to-date: /home/aprs/aprs/aprs_ws/install/ur_msgs/share/ur_msgs/local_setup.dsv
[0.985s] -- Installing: /home/aprs/aprs/aprs_ws/install/ur_msgs/share/ur_msgs/package.dsv
[0.985s] -- Up-to-date: /home/aprs/aprs/aprs_ws/install/ur_msgs/share/ament_index/resource_index/packages/ur_msgs
[0.992s] -- Up-to-date: /home/aprs/aprs/aprs_ws/install/ur_msgs/share/ur_msgs/cmake/export_ur_msgs__rosidl_generator_cExport.cmake
[0.992s] -- Up-to-date: /home/aprs/aprs/aprs_ws/install/ur_msgs/share/ur_msgs/cmake/export_ur_msgs__rosidl_generator_cExport-noconfig.cmake
[0.992s] -- Up-to-date: /home/aprs/aprs/aprs_ws/install/ur_msgs/share/ur_msgs/cmake/export_ur_msgs__rosidl_typesupport_fastrtps_cExport.cmake
[0.992s] -- Up-to-date: /home/aprs/aprs/aprs_ws/install/ur_msgs/share/ur_msgs/cmake/export_ur_msgs__rosidl_typesupport_fastrtps_cExport-noconfig.cmake
[0.992s] -- Up-to-date: /home/aprs/aprs/aprs_ws/install/ur_msgs/share/ur_msgs/cmake/export_ur_msgs__rosidl_generator_cppExport.cmake
[0.992s] -- Up-to-date: /home/aprs/aprs/aprs_ws/install/ur_msgs/share/ur_msgs/cmake/export_ur_msgs__rosidl_typesupport_fastrtps_cppExport.cmake
[0.992s] -- Up-to-date: /home/aprs/aprs/aprs_ws/install/ur_msgs/share/ur_msgs/cmake/export_ur_msgs__rosidl_typesupport_fastrtps_cppExport-noconfig.cmake
[0.992s] -- Up-to-date: /home/aprs/aprs/aprs_ws/install/ur_msgs/share/ur_msgs/cmake/ur_msgs__rosidl_typesupport_introspection_cExport.cmake
[0.993s] -- Up-to-date: /home/aprs/aprs/aprs_ws/install/ur_msgs/share/ur_msgs/cmake/ur_msgs__rosidl_typesupport_introspection_cExport-noconfig.cmake
[0.993s] -- Up-to-date: /home/aprs/aprs/aprs_ws/install/ur_msgs/share/ur_msgs/cmake/ur_msgs__rosidl_typesupport_cExport.cmake
[0.993s] -- Up-to-date: /home/aprs/aprs/aprs_ws/install/ur_msgs/share/ur_msgs/cmake/ur_msgs__rosidl_typesupport_cExport-noconfig.cmake
[0.993s] -- Up-to-date: /home/aprs/aprs/aprs_ws/install/ur_msgs/share/ur_msgs/cmake/ur_msgs__rosidl_typesupport_introspection_cppExport.cmake
[0.993s] -- Up-to-date: /home/aprs/aprs/aprs_ws/install/ur_msgs/share/ur_msgs/cmake/ur_msgs__rosidl_typesupport_introspection_cppExport-noconfig.cmake
[0.993s] -- Up-to-date: /home/aprs/aprs/aprs_ws/install/ur_msgs/share/ur_msgs/cmake/ur_msgs__rosidl_typesupport_cppExport.cmake
[0.993s] -- Up-to-date: /home/aprs/aprs/aprs_ws/install/ur_msgs/share/ur_msgs/cmake/ur_msgs__rosidl_typesupport_cppExport-noconfig.cmake
[0.993s] -- Up-to-date: /home/aprs/aprs/aprs_ws/install/ur_msgs/share/ur_msgs/cmake/export_ur_msgs__rosidl_generator_pyExport.cmake
[0.993s] -- Up-to-date: /home/aprs/aprs/aprs_ws/install/ur_msgs/share/ur_msgs/cmake/export_ur_msgs__rosidl_generator_pyExport-noconfig.cmake
[0.993s] -- Up-to-date: /home/aprs/aprs/aprs_ws/install/ur_msgs/share/ur_msgs/cmake/rosidl_cmake-extras.cmake
[0.993s] -- Up-to-date: /home/aprs/aprs/aprs_ws/install/ur_msgs/share/ur_msgs/cmake/ament_cmake_export_dependencies-extras.cmake
[0.994s] -- Up-to-date: /home/aprs/aprs/aprs_ws/install/ur_msgs/share/ur_msgs/cmake/ament_cmake_export_include_directories-extras.cmake
[0.994s] -- Up-to-date: /home/aprs/aprs/aprs_ws/install/ur_msgs/share/ur_msgs/cmake/ament_cmake_export_libraries-extras.cmake
[0.994s] -- Up-to-date: /home/aprs/aprs/aprs_ws/install/ur_msgs/share/ur_msgs/cmake/ament_cmake_export_targets-extras.cmake
[0.994s] -- Up-to-date: /home/aprs/aprs/aprs_ws/install/ur_msgs/share/ur_msgs/cmake/rosidl_cmake_export_typesupport_targets-extras.cmake
[0.994s] -- Up-to-date: /home/aprs/aprs/aprs_ws/install/ur_msgs/share/ur_msgs/cmake/rosidl_cmake_export_typesupport_libraries-extras.cmake
[0.994s] -- Up-to-date: /home/aprs/aprs/aprs_ws/install/ur_msgs/share/ur_msgs/cmake/ur_msgsConfig.cmake
[0.994s] -- Up-to-date: /home/aprs/aprs/aprs_ws/install/ur_msgs/share/ur_msgs/cmake/ur_msgsConfig-version.cmake
[0.994s] -- Up-to-date: /home/aprs/aprs/aprs_ws/install/ur_msgs/share/ur_msgs/package.xml
[1.046s] Invoked command in '/home/aprs/aprs/aprs_ws/build/ur_msgs' returned '0': CMAKE_PREFIX_PATH=${CMAKE_PREFIX_PATH}:/home/aprs/aprs/aprs_ws/install/conveyor_controller:/opt/ros/humble /usr/bin/cmake --install /home/aprs/aprs/aprs_ws/build/ur_msgs
