[0.200s] Invoking command in '/workspaces/aprs/aprs_ws/build/realsense2_description': AMENT_PREFIX_PATH=/workspaces/aprs/aprs_ws/install/realsense2_camera_msgs:${AMENT_PREFIX_PATH} CMAKE_PREFIX_PATH=/workspaces/aprs/aprs_ws/install/realsense2_camera_msgs:/opt/ros/humble LD_LIBRARY_PATH=/workspaces/aprs/aprs_ws/install/realsense2_camera_msgs/lib:${LD_LIBRARY_PATH} PYTHONPATH=/workspaces/aprs/aprs_ws/install/realsense2_camera_msgs/local/lib/python3.10/dist-packages:${PYTHONPATH} /usr/bin/cmake /workspaces/aprs/aprs_ws/src/assets/sensors/realsense2_description -DBUILD_TESTING=ON -DCMAKE_INSTALL_PREFIX=/workspaces/aprs/aprs_ws/install/realsense2_description
[0.396s] -- The C compiler identification is GNU 11.4.0
[0.534s] -- The CXX compiler identification is GNU 11.4.0
[0.547s] -- Detecting C compiler ABI info
[0.705s] -- Detecting C compiler ABI info - done
[0.711s] -- Check for working C compiler: /usr/bin/cc - skipped
[0.712s] -- Detecting C compile features
[0.712s] -- Detecting C compile features - done
[0.717s] -- Detecting CXX compiler ABI info
[0.898s] -- Detecting CXX compiler ABI info - done
[0.912s] -- Check for working CXX compiler: /usr/bin/c++ - skipped
[0.912s] -- Detecting CXX compile features
[0.913s] -- Detecting CXX compile features - done
[0.930s] -- Found ament_cmake: 1.3.5 (/opt/ros/humble/share/ament_cmake/cmake)
[1.267s] -- Found Python3: /usr/bin/python3.10 (found version "3.10.12") found components: Interpreter 
[1.695s] -- Configuring done
[1.699s] -- Generating done
[1.738s] -- Build files have been written to: /workspaces/aprs/aprs_ws/build/realsense2_description
[1.747s] Invoked command in '/workspaces/aprs/aprs_ws/build/realsense2_description' returned '0': AMENT_PREFIX_PATH=/workspaces/aprs/aprs_ws/install/realsense2_camera_msgs:${AMENT_PREFIX_PATH} CMAKE_PREFIX_PATH=/workspaces/aprs/aprs_ws/install/realsense2_camera_msgs:/opt/ros/humble LD_LIBRARY_PATH=/workspaces/aprs/aprs_ws/install/realsense2_camera_msgs/lib:${LD_LIBRARY_PATH} PYTHONPATH=/workspaces/aprs/aprs_ws/install/realsense2_camera_msgs/local/lib/python3.10/dist-packages:${PYTHONPATH} /usr/bin/cmake /workspaces/aprs/aprs_ws/src/assets/sensors/realsense2_description -DBUILD_TESTING=ON -DCMAKE_INSTALL_PREFIX=/workspaces/aprs/aprs_ws/install/realsense2_description
[1.748s] Invoking command in '/workspaces/aprs/aprs_ws/build/realsense2_description': AMENT_PREFIX_PATH=/workspaces/aprs/aprs_ws/install/realsense2_camera_msgs:${AMENT_PREFIX_PATH} CMAKE_PREFIX_PATH=/workspaces/aprs/aprs_ws/install/realsense2_camera_msgs:/opt/ros/humble LD_LIBRARY_PATH=/workspaces/aprs/aprs_ws/install/realsense2_camera_msgs/lib:${LD_LIBRARY_PATH} PYTHONPATH=/workspaces/aprs/aprs_ws/install/realsense2_camera_msgs/local/lib/python3.10/dist-packages:${PYTHONPATH} /usr/bin/cmake --build /workspaces/aprs/aprs_ws/build/realsense2_description -- -j16 -l16
[1.818s] Invoked command in '/workspaces/aprs/aprs_ws/build/realsense2_description' returned '0': AMENT_PREFIX_PATH=/workspaces/aprs/aprs_ws/install/realsense2_camera_msgs:${AMENT_PREFIX_PATH} CMAKE_PREFIX_PATH=/workspaces/aprs/aprs_ws/install/realsense2_camera_msgs:/opt/ros/humble LD_LIBRARY_PATH=/workspaces/aprs/aprs_ws/install/realsense2_camera_msgs/lib:${LD_LIBRARY_PATH} PYTHONPATH=/workspaces/aprs/aprs_ws/install/realsense2_camera_msgs/local/lib/python3.10/dist-packages:${PYTHONPATH} /usr/bin/cmake --build /workspaces/aprs/aprs_ws/build/realsense2_description -- -j16 -l16
[1.862s] Invoking command in '/workspaces/aprs/aprs_ws/build/realsense2_description': AMENT_PREFIX_PATH=/workspaces/aprs/aprs_ws/install/realsense2_camera_msgs:${AMENT_PREFIX_PATH} CMAKE_PREFIX_PATH=/workspaces/aprs/aprs_ws/install/realsense2_camera_msgs:/opt/ros/humble LD_LIBRARY_PATH=/workspaces/aprs/aprs_ws/install/realsense2_camera_msgs/lib:${LD_LIBRARY_PATH} PYTHONPATH=/workspaces/aprs/aprs_ws/install/realsense2_camera_msgs/local/lib/python3.10/dist-packages:${PYTHONPATH} /usr/bin/cmake --install /workspaces/aprs/aprs_ws/build/realsense2_description
[1.879s] -- Install configuration: ""
[1.879s] -- Installing: /workspaces/aprs/aprs_ws/install/realsense2_description/share/realsense2_description/launch
[1.881s] -- Installing: /workspaces/aprs/aprs_ws/install/realsense2_description/share/realsense2_description/launch/view_model.launch.py
[1.884s] -- Installing: /workspaces/aprs/aprs_ws/install/realsense2_description/share/realsense2_description/launch/launch_utils.py
[1.884s] -- Installing: /workspaces/aprs/aprs_ws/install/realsense2_description/share/realsense2_description/meshes
[1.884s] -- Installing: /workspaces/aprs/aprs_ws/install/realsense2_description/share/realsense2_description/meshes/plug.stl
[1.885s] -- Installing: /workspaces/aprs/aprs_ws/install/realsense2_description/share/realsense2_description/meshes/d435.dae
[1.928s] -- Installing: /workspaces/aprs/aprs_ws/install/realsense2_description/share/realsense2_description/meshes/d455.stl
[1.932s] -- Installing: /workspaces/aprs/aprs_ws/install/realsense2_description/share/realsense2_description/meshes/plug_collision.stl
[1.933s] -- Installing: /workspaces/aprs/aprs_ws/install/realsense2_description/share/realsense2_description/meshes/d415.stl
[1.981s] -- Installing: /workspaces/aprs/aprs_ws/install/realsense2_description/share/realsense2_description/meshes/l515.dae
[2.062s] -- Installing: /workspaces/aprs/aprs_ws/install/realsense2_description/share/realsense2_description/rviz
[2.063s] -- Installing: /workspaces/aprs/aprs_ws/install/realsense2_description/share/realsense2_description/rviz/urdf.rviz
[2.063s] -- Installing: /workspaces/aprs/aprs_ws/install/realsense2_description/share/realsense2_description/urdf
[2.064s] -- Installing: /workspaces/aprs/aprs_ws/install/realsense2_description/share/realsense2_description/urdf/test_d415_camera.urdf.xacro
[2.094s] -- Installing: /workspaces/aprs/aprs_ws/install/realsense2_description/share/realsense2_description/urdf/_materials.urdf.xacro
[2.101s] -- Installing: /workspaces/aprs/aprs_ws/install/realsense2_description/share/realsense2_description/urdf/_d435.urdf.xacro
[2.101s] -- Installing: /workspaces/aprs/aprs_ws/install/realsense2_description/share/realsense2_description/urdf/test_d435i_camera.urdf.xacro
[2.115s] -- Installing: /workspaces/aprs/aprs_ws/install/realsense2_description/share/realsense2_description/urdf/test_d435_multiple_cameras.urdf.xacro
[2.126s] -- Installing: /workspaces/aprs/aprs_ws/install/realsense2_description/share/realsense2_description/urdf/_usb_plug.urdf.xacro
[2.130s] -- Installing: /workspaces/aprs/aprs_ws/install/realsense2_description/share/realsense2_description/urdf/test_r430_camera.urdf.xacro
[2.131s] -- Installing: /workspaces/aprs/aprs_ws/install/realsense2_description/share/realsense2_description/urdf/_d435i_imu_modules.urdf.xacro
[2.131s] -- Installing: /workspaces/aprs/aprs_ws/install/realsense2_description/share/realsense2_description/urdf/_r410.urdf.xacro
[2.131s] -- Installing: /workspaces/aprs/aprs_ws/install/realsense2_description/share/realsense2_description/urdf/_d415.urdf.xacro
[2.131s] -- Installing: /workspaces/aprs/aprs_ws/install/realsense2_description/share/realsense2_description/urdf/test_d435_camera.urdf.xacro
[2.133s] -- Installing: /workspaces/aprs/aprs_ws/install/realsense2_description/share/realsense2_description/urdf/test_l515_camera.urdf.xacro
[2.134s] -- Installing: /workspaces/aprs/aprs_ws/install/realsense2_description/share/realsense2_description/urdf/_d455.urdf.xacro
[2.134s] -- Installing: /workspaces/aprs/aprs_ws/install/realsense2_description/share/realsense2_description/urdf/_r430.urdf.xacro
[2.134s] -- Installing: /workspaces/aprs/aprs_ws/install/realsense2_description/share/realsense2_description/urdf/test_r410_camera.urdf.xacro
[2.139s] -- Installing: /workspaces/aprs/aprs_ws/install/realsense2_description/share/realsense2_description/urdf/test_d455_camera.urdf.xacro
[2.141s] -- Installing: /workspaces/aprs/aprs_ws/install/realsense2_description/share/realsense2_description/urdf/_d435i.urdf.xacro
[2.142s] -- Installing: /workspaces/aprs/aprs_ws/install/realsense2_description/share/realsense2_description/urdf/_l515.urdf.xacro
[2.143s] -- Installing: /workspaces/aprs/aprs_ws/install/realsense2_description/share/ament_index/resource_index/package_run_dependencies/realsense2_description
[2.143s] -- Installing: /workspaces/aprs/aprs_ws/install/realsense2_description/share/ament_index/resource_index/parent_prefix_path/realsense2_description
[2.143s] -- Installing: /workspaces/aprs/aprs_ws/install/realsense2_description/share/realsense2_description/environment/ament_prefix_path.sh
[2.143s] -- Installing: /workspaces/aprs/aprs_ws/install/realsense2_description/share/realsense2_description/environment/ament_prefix_path.dsv
[2.144s] -- Installing: /workspaces/aprs/aprs_ws/install/realsense2_description/share/realsense2_description/environment/path.sh
[2.144s] -- Installing: /workspaces/aprs/aprs_ws/install/realsense2_description/share/realsense2_description/environment/path.dsv
[2.145s] -- Installing: /workspaces/aprs/aprs_ws/install/realsense2_description/share/realsense2_description/local_setup.bash
[2.145s] -- Installing: /workspaces/aprs/aprs_ws/install/realsense2_description/share/realsense2_description/local_setup.sh
[2.145s] -- Installing: /workspaces/aprs/aprs_ws/install/realsense2_description/share/realsense2_description/local_setup.zsh
[2.145s] -- Installing: /workspaces/aprs/aprs_ws/install/realsense2_description/share/realsense2_description/local_setup.dsv
[2.145s] -- Installing: /workspaces/aprs/aprs_ws/install/realsense2_description/share/realsense2_description/package.dsv
[2.145s] -- Installing: /workspaces/aprs/aprs_ws/install/realsense2_description/share/ament_index/resource_index/packages/realsense2_description
[2.145s] -- Installing: /workspaces/aprs/aprs_ws/install/realsense2_description/share/realsense2_description/cmake/realsense2_descriptionConfig.cmake
[2.146s] -- Installing: /workspaces/aprs/aprs_ws/install/realsense2_description/share/realsense2_description/cmake/realsense2_descriptionConfig-version.cmake
[2.146s] -- Installing: /workspaces/aprs/aprs_ws/install/realsense2_description/share/realsense2_description/package.xml
[2.158s] Invoked command in '/workspaces/aprs/aprs_ws/build/realsense2_description' returned '0': AMENT_PREFIX_PATH=/workspaces/aprs/aprs_ws/install/realsense2_camera_msgs:${AMENT_PREFIX_PATH} CMAKE_PREFIX_PATH=/workspaces/aprs/aprs_ws/install/realsense2_camera_msgs:/opt/ros/humble LD_LIBRARY_PATH=/workspaces/aprs/aprs_ws/install/realsense2_camera_msgs/lib:${LD_LIBRARY_PATH} PYTHONPATH=/workspaces/aprs/aprs_ws/install/realsense2_camera_msgs/local/lib/python3.10/dist-packages:${PYTHONPATH} /usr/bin/cmake --install /workspaces/aprs/aprs_ws/build/realsense2_description
