[0.009s] Invoking command in '/home/aprs/aprs/aprs_ws/build/controller_manager': AMENT_PREFIX_PATH=/home/aprs/aprs/aprs_ws/install/controller_interface:/home/aprs/aprs/aprs_ws/install/hardware_interface:/home/aprs/aprs/aprs_ws/install/ros2_control_test_assets:/home/aprs/aprs/aprs_ws/install/controller_manager_msgs:/home/aprs/aprs/aprs_ws/install/control_msgs:${AMENT_PREFIX_PATH} CMAKE_PREFIX_PATH=/home/aprs/aprs/aprs_ws/install/controller_interface:/home/aprs/aprs/aprs_ws/install/hardware_interface:/home/aprs/aprs/aprs_ws/install/ros2_control_test_assets:/home/aprs/aprs/aprs_ws/install/controller_manager_msgs:/home/aprs/aprs/aprs_ws/install/control_msgs:/opt/ros/rolling LD_LIBRARY_PATH=/home/aprs/aprs/aprs_ws/install/controller_interface/lib:/home/aprs/aprs/aprs_ws/install/hardware_interface/lib:/home/aprs/aprs/aprs_ws/install/ros2_control_test_assets/lib:/home/aprs/aprs/aprs_ws/install/controller_manager_msgs/lib:/home/aprs/aprs/aprs_ws/install/control_msgs/lib:${LD_LIBRARY_PATH} PYTHONPATH=/home/aprs/aprs/aprs_ws/install/controller_manager_msgs/lib/python3.10/site-packages:/home/aprs/aprs/aprs_ws/install/control_msgs/lib/python3.10/site-packages:${PYTHONPATH} /usr/bin/cmake /home/aprs/aprs/aprs_ws/src/ros2_control/controller_manager -DCMAKE_INSTALL_PREFIX=/home/aprs/aprs/aprs_ws/install/controller_manager
[0.053s] -- The CXX compiler identification is GNU 11.4.0
[0.057s] -- Detecting CXX compiler ABI info
[0.105s] -- Detecting CXX compiler ABI info - done
[0.110s] -- Check for working CXX compiler: /usr/bin/c++ - skipped
[0.110s] -- Detecting CXX compile features
[0.111s] -- Detecting CXX compile features - done
[0.113s] -- Found ament_cmake: 2.2.1 (/opt/ros/rolling/share/ament_cmake/cmake)
[0.229s] -- Found Python3: /usr/bin/python3.10 (found version "3.10.12") found components: Interpreter 
[0.283s] -- Found backward_ros: 1.0.2 (/opt/ros/rolling/share/backward_ros/cmake)
[0.289s] -- Found libdw: /usr/lib/x86_64-linux-gnu/libdw.so  
[0.293s] -- Could NOT find libbfd (missing: LIBBFD_LIBRARY LIBBFD_INCLUDE_DIR) 
[0.293s] -- BACKWARD_HAS_UNWIND=1
[0.293s] -- BACKWARD_HAS_BACKTRACE=0
[0.294s] -- BACKWARD_HAS_BACKTRACE_SYMBOL=0
[0.294s] -- BACKWARD_HAS_DW=1
[0.294s] -- BACKWARD_HAS_BFD=0
[0.294s] -- Found Backward: /opt/ros/rolling/share/backward_ros/cmake  
[0.295s] -- Found ament_index_cpp: 1.6.0 (/opt/ros/rolling/share/ament_index_cpp/cmake)
[0.295s] -- Found controller_interface: 3.17.0 (/home/aprs/aprs/aprs_ws/install/controller_interface/share/controller_interface/cmake)
[0.317s] -- Found rosidl_generator_c: 4.3.0 (/opt/ros/rolling/share/rosidl_generator_c/cmake)
[0.324s] -- Found rosidl_generator_cpp: 4.3.0 (/opt/ros/rolling/share/rosidl_generator_cpp/cmake)
[0.334s] -- Using all available rosidl_typesupport_c: rosidl_typesupport_fastrtps_c;rosidl_typesupport_introspection_c
[0.345s] -- Using all available rosidl_typesupport_cpp: rosidl_typesupport_fastrtps_cpp;rosidl_typesupport_introspection_cpp
[0.814s] -- Found rmw_implementation_cmake: 7.2.1 (/opt/ros/rolling/share/rmw_implementation_cmake/cmake)
[0.816s] -- Found rmw_fastrtps_cpp: 7.3.0 (/opt/ros/rolling/share/rmw_fastrtps_cpp/cmake)
[0.876s] -- Found OpenSSL: /usr/lib/x86_64-linux-gnu/libcrypto.so (found version "3.0.2")  
[0.891s] -- Found FastRTPS: /opt/ros/rolling/include  
[0.919s] -- Using RMW implementation 'rmw_fastrtps_cpp' as default
[1.054s] -- Found controller_manager_msgs: 3.17.0 (/home/aprs/aprs/aprs_ws/install/controller_manager_msgs/share/controller_manager_msgs/cmake)
[1.122s] -- Found diagnostic_updater: 3.1.2 (/opt/ros/rolling/share/diagnostic_updater/cmake)
[1.174s] -- Found realtime_tools: 2.5.0 (/opt/ros/rolling/share/realtime_tools/cmake)
[1.355s] -- Found ament_cmake_gmock: 2.2.1 (/opt/ros/rolling/share/ament_cmake_gmock/cmake)
[1.355s] -- Found ros2_control_test_assets: 3.17.0 (/home/aprs/aprs/aprs_ws/install/ros2_control_test_assets/share/ros2_control_test_assets/cmake)
[1.357s] -- Found gmock sources under '/opt/ros/rolling/src/gmock_vendor': C++ tests using 'Google Mock' will be built
[1.380s] -- The C compiler identification is GNU 11.4.0
[1.385s] -- Detecting C compiler ABI info
[1.458s] -- Detecting C compiler ABI info - done
[1.462s] -- Check for working C compiler: /usr/bin/cc - skipped
[1.462s] -- Detecting C compile features
[1.463s] -- Detecting C compile features - done
[1.465s] -- Found ament_cmake_gtest: 2.2.1 (/opt/ros/rolling/share/ament_cmake_gtest/cmake)
[1.466s] -- Found gtest sources under '/opt/ros/rolling/src/gtest_vendor': C++ tests using 'Google Test' will be built
[1.550s] -- Configuring done
[1.617s] -- Generating done
[1.619s] -- Build files have been written to: /home/aprs/aprs/aprs_ws/build/controller_manager
[1.628s] Invoked command in '/home/aprs/aprs/aprs_ws/build/controller_manager' returned '0': AMENT_PREFIX_PATH=/home/aprs/aprs/aprs_ws/install/controller_interface:/home/aprs/aprs/aprs_ws/install/hardware_interface:/home/aprs/aprs/aprs_ws/install/ros2_control_test_assets:/home/aprs/aprs/aprs_ws/install/controller_manager_msgs:/home/aprs/aprs/aprs_ws/install/control_msgs:${AMENT_PREFIX_PATH} CMAKE_PREFIX_PATH=/home/aprs/aprs/aprs_ws/install/controller_interface:/home/aprs/aprs/aprs_ws/install/hardware_interface:/home/aprs/aprs/aprs_ws/install/ros2_control_test_assets:/home/aprs/aprs/aprs_ws/install/controller_manager_msgs:/home/aprs/aprs/aprs_ws/install/control_msgs:/opt/ros/rolling LD_LIBRARY_PATH=/home/aprs/aprs/aprs_ws/install/controller_interface/lib:/home/aprs/aprs/aprs_ws/install/hardware_interface/lib:/home/aprs/aprs/aprs_ws/install/ros2_control_test_assets/lib:/home/aprs/aprs/aprs_ws/install/controller_manager_msgs/lib:/home/aprs/aprs/aprs_ws/install/control_msgs/lib:${LD_LIBRARY_PATH} PYTHONPATH=/home/aprs/aprs/aprs_ws/install/controller_manager_msgs/lib/python3.10/site-packages:/home/aprs/aprs/aprs_ws/install/control_msgs/lib/python3.10/site-packages:${PYTHONPATH} /usr/bin/cmake /home/aprs/aprs/aprs_ws/src/ros2_control/controller_manager -DCMAKE_INSTALL_PREFIX=/home/aprs/aprs/aprs_ws/install/controller_manager
[1.628s] Invoking command in '/home/aprs/aprs/aprs_ws/build/controller_manager': AMENT_PREFIX_PATH=/home/aprs/aprs/aprs_ws/install/controller_interface:/home/aprs/aprs/aprs_ws/install/hardware_interface:/home/aprs/aprs/aprs_ws/install/ros2_control_test_assets:/home/aprs/aprs/aprs_ws/install/controller_manager_msgs:/home/aprs/aprs/aprs_ws/install/control_msgs:${AMENT_PREFIX_PATH} CMAKE_PREFIX_PATH=/home/aprs/aprs/aprs_ws/install/controller_interface:/home/aprs/aprs/aprs_ws/install/hardware_interface:/home/aprs/aprs/aprs_ws/install/ros2_control_test_assets:/home/aprs/aprs/aprs_ws/install/controller_manager_msgs:/home/aprs/aprs/aprs_ws/install/control_msgs:/opt/ros/rolling LD_LIBRARY_PATH=/home/aprs/aprs/aprs_ws/install/controller_interface/lib:/home/aprs/aprs/aprs_ws/install/hardware_interface/lib:/home/aprs/aprs/aprs_ws/install/ros2_control_test_assets/lib:/home/aprs/aprs/aprs_ws/install/controller_manager_msgs/lib:/home/aprs/aprs/aprs_ws/install/control_msgs/lib:${LD_LIBRARY_PATH} PYTHONPATH=/home/aprs/aprs/aprs_ws/install/controller_manager_msgs/lib/python3.10/site-packages:/home/aprs/aprs/aprs_ws/install/control_msgs/lib/python3.10/site-packages:${PYTHONPATH} /usr/bin/cmake --build /home/aprs/aprs/aprs_ws/build/controller_manager -- -j16 -l16
[1.658s] [  2%] [32mBuilding CXX object gmock/CMakeFiles/gmock_main.dir/src/gmock_main.cc.o[0m
[1.658s] [  5%] [32mBuilding CXX object gmock/CMakeFiles/gmock.dir/opt/ros/rolling/src/gtest_vendor/src/gtest-all.cc.o[0m
[1.658s] [  8%] [32mBuilding CXX object CMakeFiles/controller_manager.dir/src/controller_manager.cpp.o[0m
[1.658s] [ 10%] [32mBuilding CXX object gmock/CMakeFiles/gmock.dir/src/gmock-all.cc.o[0m
[1.665s] [ 10%] Built target ament_cmake_python_copy_controller_manager_setup
[1.665s] [ 10%] Built target ament_cmake_python_copy_controller_manager
[1.800s] running egg_info
[1.800s] creating controller_manager.egg-info
[1.801s] writing controller_manager.egg-info/PKG-INFO
[1.801s] writing dependency_links to controller_manager.egg-info/dependency_links.txt
[1.801s] writing entry points to controller_manager.egg-info/entry_points.txt
[1.801s] writing top-level names to controller_manager.egg-info/top_level.txt
[1.801s] writing manifest file 'controller_manager.egg-info/SOURCES.txt'
[1.802s] reading manifest file 'controller_manager.egg-info/SOURCES.txt'
[1.802s] writing manifest file 'controller_manager.egg-info/SOURCES.txt'
[1.820s] [ 10%] Built target ament_cmake_python_build_controller_manager_egg
[1.877s] running install_scripts
[1.880s] /usr/lib/python3/dist-packages/setuptools/command/install.py:34: SetuptoolsDeprecationWarning: setup.py install is deprecated. Use build and pip and other standards-based tools.
[1.880s]   warnings.warn(
[1.900s] running egg_info
[1.901s] writing controller_manager.egg-info/PKG-INFO
[1.901s] writing dependency_links to controller_manager.egg-info/dependency_links.txt
[1.901s] writing entry points to controller_manager.egg-info/entry_points.txt
[1.901s] writing top-level names to controller_manager.egg-info/top_level.txt
[1.903s] reading manifest file 'controller_manager.egg-info/SOURCES.txt'
[1.904s] writing manifest file 'controller_manager.egg-info/SOURCES.txt'
[1.905s] Installing hardware_spawner script to scripts
[1.905s] Installing spawner script to scripts
[1.905s] Installing unspawner script to scripts
[1.932s] [ 10%] Built target ament_cmake_python_build_controller_manager_scripts
[2.323s] [ 13%] [32m[1mLinking CXX static library libgmock_main.a[0m
[2.342s] [ 13%] Built target gmock_main
[3.513s] [ 16%] [32m[1mLinking CXX static library libgmock.a[0m
[3.553s] [ 16%] Built target gmock
[11.855s] [ 18%] [32m[1mLinking CXX shared library libcontroller_manager.so[0m
[12.472s] [ 18%] Built target controller_manager
[12.484s] [ 29%] [32mBuilding CXX object CMakeFiles/test_controller.dir/test/test_controller/test_controller.cpp.o[0m
[12.485s] [ 29%] [32mBuilding CXX object CMakeFiles/test_chainable_controller.dir/test/test_chainable_controller/test_chainable_controller.cpp.o[0m
[12.485s] [ 29%] [32mBuilding CXX object CMakeFiles/test_controller_failed_init.dir/test/test_controller_failed_init/test_controller_failed_init.cpp.o[0m
[12.485s] [ 29%] [32mBuilding CXX object CMakeFiles/ros2_control_node.dir/src/ros2_control_node.cpp.o[0m
[12.485s] [ 32%] [32mBuilding CXX object CMakeFiles/test_controller_manager_urdf_passing.dir/test/test_controller_manager_urdf_passing.cpp.o[0m
[12.486s] [ 35%] [32mBuilding CXX object CMakeFiles/test_controller_with_interfaces.dir/test/test_controller_with_interfaces/test_controller_with_interfaces.cpp.o[0m
[14.888s] [ 37%] [32m[1mLinking CXX shared library libtest_controller.so[0m
[14.988s] [ 37%] Built target test_controller
[15.001s] [ 43%] [32mBuilding CXX object CMakeFiles/test_controller_manager.dir/test/test_controller_manager.cpp.o[0m
[15.002s] [ 43%] [32mBuilding CXX object CMakeFiles/test_controller_manager_with_namespace.dir/test/test_controller_manager_with_namespace.cpp.o[0m
[15.007s] [ 45%] [32mBuilding CXX object CMakeFiles/test_hardware_management_srvs.dir/test/test_hardware_management_srvs.cpp.o[0m
[15.010s] [ 48%] [32mBuilding CXX object CMakeFiles/test_spawner_unspawner.dir/test/test_spawner_unspawner.cpp.o[0m
[15.012s] [ 51%] [32mBuilding CXX object CMakeFiles/test_controller_manager_hardware_error_handling.dir/test/test_controller_manager_hardware_error_handling.cpp.o[0m
[16.246s] [ 54%] [32m[1mLinking CXX shared library libtest_controller_with_interfaces.so[0m
[16.403s] [ 54%] Built target test_controller_with_interfaces
[16.430s] [ 56%] [32mBuilding CXX object CMakeFiles/test_release_interfaces.dir/test/test_release_interfaces.cpp.o[0m
[16.603s] [ 59%] [32m[1mLinking CXX executable ros2_control_node[0m
[16.744s] [ 62%] [32m[1mLinking CXX shared library libtest_controller_failed_init.so[0m
[16.934s] [ 62%] Built target test_controller_failed_init
[16.954s] [ 64%] [32mBuilding CXX object CMakeFiles/test_load_controller.dir/test/test_load_controller.cpp.o[0m
[17.181s] [ 64%] Built target ros2_control_node
[18.015s] [ 67%] [32m[1mLinking CXX executable test_controller_manager_urdf_passing[0m
[18.759s] [ 70%] [32m[1mLinking CXX shared library libtest_chainable_controller.so[0m
[18.983s] [ 70%] Built target test_controller_manager_urdf_passing
[19.283s] [ 70%] Built target test_chainable_controller
[19.305s] [ 72%] [32mBuilding CXX object CMakeFiles/test_controller_manager_srvs.dir/test/test_controller_manager_srvs.cpp.o[0m
[19.309s] [ 75%] [32mBuilding CXX object CMakeFiles/test_controllers_chaining_with_controller_manager.dir/test/test_controllers_chaining_with_controller_manager.cpp.o[0m
[20.685s] [ 78%] [32m[1mLinking CXX executable test_spawner_unspawner[0m
[21.329s] [ 78%] Built target test_spawner_unspawner
[21.516s] [ 81%] [32m[1mLinking CXX executable test_controller_manager_hardware_error_handling[0m
[22.044s] [ 83%] [32m[1mLinking CXX executable test_controller_manager_with_namespace[0m
[22.198s] [ 83%] Built target test_controller_manager_hardware_error_handling
[22.355s] [ 86%] [32m[1mLinking CXX executable test_hardware_management_srvs[0m
[22.481s] [ 89%] [32m[1mLinking CXX executable test_controller_manager[0m
[22.740s] [ 89%] Built target test_controller_manager_with_namespace
[23.011s] [ 91%] [32m[1mLinking CXX executable test_release_interfaces[0m
[23.296s] [ 91%] Built target test_hardware_management_srvs
[23.489s] [ 91%] Built target test_controller_manager
[23.617s] [ 91%] Built target test_release_interfaces
[24.461s] [ 94%] [32m[1mLinking CXX executable test_load_controller[0m
[25.114s] [ 94%] Built target test_load_controller
[25.659s] [ 97%] [32m[1mLinking CXX executable test_controllers_chaining_with_controller_manager[0m
[26.171s] [ 97%] Built target test_controllers_chaining_with_controller_manager
[27.492s] [100%] [32m[1mLinking CXX executable test_controller_manager_srvs[0m
[28.096s] [100%] Built target test_controller_manager_srvs
[28.107s] Invoked command in '/home/aprs/aprs/aprs_ws/build/controller_manager' returned '0': AMENT_PREFIX_PATH=/home/aprs/aprs/aprs_ws/install/controller_interface:/home/aprs/aprs/aprs_ws/install/hardware_interface:/home/aprs/aprs/aprs_ws/install/ros2_control_test_assets:/home/aprs/aprs/aprs_ws/install/controller_manager_msgs:/home/aprs/aprs/aprs_ws/install/control_msgs:${AMENT_PREFIX_PATH} CMAKE_PREFIX_PATH=/home/aprs/aprs/aprs_ws/install/controller_interface:/home/aprs/aprs/aprs_ws/install/hardware_interface:/home/aprs/aprs/aprs_ws/install/ros2_control_test_assets:/home/aprs/aprs/aprs_ws/install/controller_manager_msgs:/home/aprs/aprs/aprs_ws/install/control_msgs:/opt/ros/rolling LD_LIBRARY_PATH=/home/aprs/aprs/aprs_ws/install/controller_interface/lib:/home/aprs/aprs/aprs_ws/install/hardware_interface/lib:/home/aprs/aprs/aprs_ws/install/ros2_control_test_assets/lib:/home/aprs/aprs/aprs_ws/install/controller_manager_msgs/lib:/home/aprs/aprs/aprs_ws/install/control_msgs/lib:${LD_LIBRARY_PATH} PYTHONPATH=/home/aprs/aprs/aprs_ws/install/controller_manager_msgs/lib/python3.10/site-packages:/home/aprs/aprs/aprs_ws/install/control_msgs/lib/python3.10/site-packages:${PYTHONPATH} /usr/bin/cmake --build /home/aprs/aprs/aprs_ws/build/controller_manager -- -j16 -l16
[28.188s] Invoking command in '/home/aprs/aprs/aprs_ws/build/controller_manager': AMENT_PREFIX_PATH=/home/aprs/aprs/aprs_ws/install/controller_interface:/home/aprs/aprs/aprs_ws/install/hardware_interface:/home/aprs/aprs/aprs_ws/install/ros2_control_test_assets:/home/aprs/aprs/aprs_ws/install/controller_manager_msgs:/home/aprs/aprs/aprs_ws/install/control_msgs:${AMENT_PREFIX_PATH} CMAKE_PREFIX_PATH=/home/aprs/aprs/aprs_ws/install/controller_interface:/home/aprs/aprs/aprs_ws/install/hardware_interface:/home/aprs/aprs/aprs_ws/install/ros2_control_test_assets:/home/aprs/aprs/aprs_ws/install/controller_manager_msgs:/home/aprs/aprs/aprs_ws/install/control_msgs:/opt/ros/rolling LD_LIBRARY_PATH=/home/aprs/aprs/aprs_ws/install/controller_interface/lib:/home/aprs/aprs/aprs_ws/install/hardware_interface/lib:/home/aprs/aprs/aprs_ws/install/ros2_control_test_assets/lib:/home/aprs/aprs/aprs_ws/install/controller_manager_msgs/lib:/home/aprs/aprs/aprs_ws/install/control_msgs/lib:${LD_LIBRARY_PATH} PYTHONPATH=/home/aprs/aprs/aprs_ws/install/controller_manager_msgs/lib/python3.10/site-packages:/home/aprs/aprs/aprs_ws/install/control_msgs/lib/python3.10/site-packages:${PYTHONPATH} /usr/bin/cmake --install /home/aprs/aprs/aprs_ws/build/controller_manager
[28.200s] -- Install configuration: ""
[28.200s] -- Installing: /home/aprs/aprs/aprs_ws/install/controller_manager/share/controller_manager/test/test_controller/test_controller.xml
[28.200s] -- Installing: /home/aprs/aprs/aprs_ws/install/controller_manager/lib/libtest_controller.so
[28.201s] -- Set runtime path of "/home/aprs/aprs/aprs_ws/install/controller_manager/lib/libtest_controller.so" to ""
[28.201s] -- Installing: /home/aprs/aprs/aprs_ws/install/controller_manager/share/controller_manager/test/test_controller_failed_init/test_controller_failed_init.xml
[28.201s] -- Installing: /home/aprs/aprs/aprs_ws/install/controller_manager/lib/libtest_controller_failed_init.so
[28.202s] -- Set runtime path of "/home/aprs/aprs/aprs_ws/install/controller_manager/lib/libtest_controller_failed_init.so" to ""
[28.202s] -- Installing: /home/aprs/aprs/aprs_ws/install/controller_manager/share/controller_manager/test/test_chainable_controller/test_chainable_controller.xml
[28.202s] -- Installing: /home/aprs/aprs/aprs_ws/install/controller_manager/lib/libtest_chainable_controller.so
[28.206s] -- Set runtime path of "/home/aprs/aprs/aprs_ws/install/controller_manager/lib/libtest_chainable_controller.so" to ""
[28.207s] -- Installing: /home/aprs/aprs/aprs_ws/install/controller_manager/share/controller_manager/test/test_controller_with_interfaces/test_controller_with_interfaces.xml
[28.207s] -- Installing: /home/aprs/aprs/aprs_ws/install/controller_manager/lib/libtest_controller_with_interfaces.so
[28.208s] -- Set runtime path of "/home/aprs/aprs/aprs_ws/install/controller_manager/lib/libtest_controller_with_interfaces.so" to ""
[28.208s] -- Installing: /home/aprs/aprs/aprs_ws/install/controller_manager/include/controller_manager
[28.208s] -- Installing: /home/aprs/aprs/aprs_ws/install/controller_manager/include/controller_manager/controller_manager
[28.208s] -- Installing: /home/aprs/aprs/aprs_ws/install/controller_manager/include/controller_manager/controller_manager/visibility_control.h
[28.208s] -- Installing: /home/aprs/aprs/aprs_ws/install/controller_manager/include/controller_manager/controller_manager/controller_spec.hpp
[28.208s] -- Installing: /home/aprs/aprs/aprs_ws/install/controller_manager/include/controller_manager/controller_manager/controller_manager.hpp
[28.208s] -- Installing: /home/aprs/aprs/aprs_ws/install/controller_manager/lib/libcontroller_manager.so
[28.221s] -- Set runtime path of "/home/aprs/aprs/aprs_ws/install/controller_manager/lib/libcontroller_manager.so" to ""
[28.221s] -- Installing: /home/aprs/aprs/aprs_ws/install/controller_manager/lib/controller_manager/ros2_control_node
[28.221s] -- Set runtime path of "/home/aprs/aprs/aprs_ws/install/controller_manager/lib/controller_manager/ros2_control_node" to ""
[28.222s] -- Installing: /home/aprs/aprs/aprs_ws/install/controller_manager/share/controller_manager/environment/pythonpath.sh
[28.222s] -- Installing: /home/aprs/aprs/aprs_ws/install/controller_manager/share/controller_manager/environment/pythonpath.dsv
[28.222s] -- Installing: /home/aprs/aprs/aprs_ws/install/controller_manager/lib/python3.10/site-packages/controller_manager-3.17.0-py3.10.egg-info
[28.222s] -- Installing: /home/aprs/aprs/aprs_ws/install/controller_manager/lib/python3.10/site-packages/controller_manager-3.17.0-py3.10.egg-info/PKG-INFO
[28.222s] -- Installing: /home/aprs/aprs/aprs_ws/install/controller_manager/lib/python3.10/site-packages/controller_manager-3.17.0-py3.10.egg-info/dependency_links.txt
[28.222s] -- Installing: /home/aprs/aprs/aprs_ws/install/controller_manager/lib/python3.10/site-packages/controller_manager-3.17.0-py3.10.egg-info/entry_points.txt
[28.222s] -- Installing: /home/aprs/aprs/aprs_ws/install/controller_manager/lib/python3.10/site-packages/controller_manager-3.17.0-py3.10.egg-info/SOURCES.txt
[28.222s] -- Installing: /home/aprs/aprs/aprs_ws/install/controller_manager/lib/python3.10/site-packages/controller_manager-3.17.0-py3.10.egg-info/top_level.txt
[28.222s] -- Up-to-date: /home/aprs/aprs/aprs_ws/install/controller_manager/lib/controller_manager/
[28.222s] -- Installing: /home/aprs/aprs/aprs_ws/install/controller_manager/lib/controller_manager//spawner
[28.222s] -- Installing: /home/aprs/aprs/aprs_ws/install/controller_manager/lib/controller_manager//hardware_spawner
[28.222s] -- Installing: /home/aprs/aprs/aprs_ws/install/controller_manager/lib/controller_manager//unspawner
[28.222s] -- Installing: /home/aprs/aprs/aprs_ws/install/controller_manager/lib/python3.10/site-packages/controller_manager
[28.222s] -- Installing: /home/aprs/aprs/aprs_ws/install/controller_manager/lib/python3.10/site-packages/controller_manager/__init__.py
[28.222s] -- Installing: /home/aprs/aprs/aprs_ws/install/controller_manager/lib/python3.10/site-packages/controller_manager/hardware_spawner.py
[28.222s] -- Installing: /home/aprs/aprs/aprs_ws/install/controller_manager/lib/python3.10/site-packages/controller_manager/launch_utils.py
[28.222s] -- Installing: /home/aprs/aprs/aprs_ws/install/controller_manager/lib/python3.10/site-packages/controller_manager/controller_manager_services.py
[28.222s] -- Installing: /home/aprs/aprs/aprs_ws/install/controller_manager/lib/python3.10/site-packages/controller_manager/unspawner.py
[28.222s] -- Installing: /home/aprs/aprs/aprs_ws/install/controller_manager/lib/python3.10/site-packages/controller_manager/spawner.py
[28.244s] Listing '/home/aprs/aprs/aprs_ws/install/controller_manager/lib/python3.10/site-packages/controller_manager'...
[28.244s] Compiling '/home/aprs/aprs/aprs_ws/install/controller_manager/lib/python3.10/site-packages/controller_manager/__init__.py'...
[28.244s] Compiling '/home/aprs/aprs/aprs_ws/install/controller_manager/lib/python3.10/site-packages/controller_manager/controller_manager_services.py'...
[28.244s] Compiling '/home/aprs/aprs/aprs_ws/install/controller_manager/lib/python3.10/site-packages/controller_manager/hardware_spawner.py'...
[28.244s] Compiling '/home/aprs/aprs/aprs_ws/install/controller_manager/lib/python3.10/site-packages/controller_manager/launch_utils.py'...
[28.244s] Compiling '/home/aprs/aprs/aprs_ws/install/controller_manager/lib/python3.10/site-packages/controller_manager/spawner.py'...
[28.244s] Compiling '/home/aprs/aprs/aprs_ws/install/controller_manager/lib/python3.10/site-packages/controller_manager/unspawner.py'...
[28.246s] -- Installing: /home/aprs/aprs/aprs_ws/install/controller_manager/share/controller_manager/environment/library_path.sh
[28.246s] -- Installing: /home/aprs/aprs/aprs_ws/install/controller_manager/share/controller_manager/environment/library_path.dsv
[28.247s] -- Installing: /home/aprs/aprs/aprs_ws/install/controller_manager/share/ament_index/resource_index/package_run_dependencies/controller_manager
[28.247s] -- Installing: /home/aprs/aprs/aprs_ws/install/controller_manager/share/ament_index/resource_index/parent_prefix_path/controller_manager
[28.247s] -- Installing: /home/aprs/aprs/aprs_ws/install/controller_manager/share/controller_manager/environment/ament_prefix_path.sh
[28.247s] -- Installing: /home/aprs/aprs/aprs_ws/install/controller_manager/share/controller_manager/environment/ament_prefix_path.dsv
[28.247s] -- Installing: /home/aprs/aprs/aprs_ws/install/controller_manager/share/controller_manager/environment/path.sh
[28.247s] -- Installing: /home/aprs/aprs/aprs_ws/install/controller_manager/share/controller_manager/environment/path.dsv
[28.247s] -- Installing: /home/aprs/aprs/aprs_ws/install/controller_manager/share/controller_manager/local_setup.bash
[28.247s] -- Installing: /home/aprs/aprs/aprs_ws/install/controller_manager/share/controller_manager/local_setup.sh
[28.247s] -- Installing: /home/aprs/aprs/aprs_ws/install/controller_manager/share/controller_manager/local_setup.zsh
[28.247s] -- Installing: /home/aprs/aprs/aprs_ws/install/controller_manager/share/controller_manager/local_setup.dsv
[28.247s] -- Installing: /home/aprs/aprs/aprs_ws/install/controller_manager/share/controller_manager/package.dsv
[28.247s] -- Installing: /home/aprs/aprs/aprs_ws/install/controller_manager/share/ament_index/resource_index/packages/controller_manager
[28.247s] -- Installing: /home/aprs/aprs/aprs_ws/install/controller_manager/share/ament_index/resource_index/controller_interface__pluginlib__plugin/controller_manager
[28.247s] -- Installing: /home/aprs/aprs/aprs_ws/install/controller_manager/share/controller_manager/cmake/export_controller_managerExport.cmake
[28.247s] -- Installing: /home/aprs/aprs/aprs_ws/install/controller_manager/share/controller_manager/cmake/export_controller_managerExport-noconfig.cmake
[28.247s] -- Installing: /home/aprs/aprs/aprs_ws/install/controller_manager/share/controller_manager/cmake/ament_cmake_export_targets-extras.cmake
[28.247s] -- Installing: /home/aprs/aprs/aprs_ws/install/controller_manager/share/controller_manager/cmake/ament_cmake_export_dependencies-extras.cmake
[28.247s] -- Installing: /home/aprs/aprs/aprs_ws/install/controller_manager/share/controller_manager/cmake/controller_managerConfig.cmake
[28.247s] -- Installing: /home/aprs/aprs/aprs_ws/install/controller_manager/share/controller_manager/cmake/controller_managerConfig-version.cmake
[28.248s] -- Installing: /home/aprs/aprs/aprs_ws/install/controller_manager/share/controller_manager/package.xml
[28.249s] Invoked command in '/home/aprs/aprs/aprs_ws/build/controller_manager' returned '0': AMENT_PREFIX_PATH=/home/aprs/aprs/aprs_ws/install/controller_interface:/home/aprs/aprs/aprs_ws/install/hardware_interface:/home/aprs/aprs/aprs_ws/install/ros2_control_test_assets:/home/aprs/aprs/aprs_ws/install/controller_manager_msgs:/home/aprs/aprs/aprs_ws/install/control_msgs:${AMENT_PREFIX_PATH} CMAKE_PREFIX_PATH=/home/aprs/aprs/aprs_ws/install/controller_interface:/home/aprs/aprs/aprs_ws/install/hardware_interface:/home/aprs/aprs/aprs_ws/install/ros2_control_test_assets:/home/aprs/aprs/aprs_ws/install/controller_manager_msgs:/home/aprs/aprs/aprs_ws/install/control_msgs:/opt/ros/rolling LD_LIBRARY_PATH=/home/aprs/aprs/aprs_ws/install/controller_interface/lib:/home/aprs/aprs/aprs_ws/install/hardware_interface/lib:/home/aprs/aprs/aprs_ws/install/ros2_control_test_assets/lib:/home/aprs/aprs/aprs_ws/install/controller_manager_msgs/lib:/home/aprs/aprs/aprs_ws/install/control_msgs/lib:${LD_LIBRARY_PATH} PYTHONPATH=/home/aprs/aprs/aprs_ws/install/controller_manager_msgs/lib/python3.10/site-packages:/home/aprs/aprs/aprs_ws/install/control_msgs/lib/python3.10/site-packages:${PYTHONPATH} /usr/bin/cmake --install /home/aprs/aprs/aprs_ws/build/controller_manager
