[0.054s] Invoking command in '/workspaces/aprs/aprs_ws/build/point_cloud': AMENT_PREFIX_PATH=/workspaces/aprs/aprs_ws/install/realsense2_description:/workspaces/aprs/aprs_ws/install/realsense2_camera:/workspaces/aprs/aprs_ws/install/realsense2_camera_msgs:${AMENT_PREFIX_PATH} CMAKE_PREFIX_PATH=/workspaces/aprs/aprs_ws/install/realsense2_description:/workspaces/aprs/aprs_ws/install/realsense2_camera:/workspaces/aprs/aprs_ws/install/realsense2_camera_msgs:/opt/ros/humble LD_LIBRARY_PATH=/workspaces/aprs/aprs_ws/install/realsense2_camera/lib:/workspaces/aprs/aprs_ws/install/realsense2_camera_msgs/lib:${LD_LIBRARY_PATH} PYTHONPATH=/workspaces/aprs/aprs_ws/install/realsense2_camera_msgs/local/lib/python3.10/dist-packages:${PYTHONPATH} /usr/bin/cmake /workspaces/aprs/aprs_ws/src/point_cloud -DCMAKE_INSTALL_PREFIX=/workspaces/aprs/aprs_ws/install/point_cloud
[0.069s] -- Found ament_cmake: 1.3.5 (/opt/ros/humble/share/ament_cmake/cmake)
[0.209s] -- Found rclcpp: 16.0.6 (/opt/ros/humble/share/rclcpp/cmake)
[0.243s] -- Found rosidl_generator_c: 3.1.5 (/opt/ros/humble/share/rosidl_generator_c/cmake)
[0.246s] -- Found rosidl_adapter: 3.1.5 (/opt/ros/humble/share/rosidl_adapter/cmake)
[0.253s] -- Found rosidl_generator_cpp: 3.1.5 (/opt/ros/humble/share/rosidl_generator_cpp/cmake)
[0.263s] -- Using all available rosidl_typesupport_c: rosidl_typesupport_fastrtps_c;rosidl_typesupport_introspection_c
[0.275s] -- Using all available rosidl_typesupport_cpp: rosidl_typesupport_fastrtps_cpp;rosidl_typesupport_introspection_cpp
[0.321s] -- Found rmw_implementation_cmake: 6.1.1 (/opt/ros/humble/share/rmw_implementation_cmake/cmake)
[0.322s] -- Found rmw_fastrtps_cpp: 6.2.4 (/opt/ros/humble/share/rmw_fastrtps_cpp/cmake)
[0.496s] -- Using RMW implementation 'rmw_fastrtps_cpp' as default
[0.607s] -- Found rclpy: 3.3.10 (/opt/ros/humble/share/rclpy/cmake)
[0.607s] -- Found tf2_kdl: 0.25.4 (/opt/ros/humble/share/tf2_kdl/cmake)
[0.644s] -- Found eigen3_cmake_module: 0.1.1 (/opt/ros/humble/share/eigen3_cmake_module/cmake)
[0.645s] -- Ensuring Eigen3 include directory is part of orocos-kdl CMake target
[0.895s] -- Found cv_bridge: 3.2.1 (/opt/ros/humble/share/cv_bridge/cmake)
[0.960s] -- Found kdl_parser: 2.6.4 (/opt/ros/humble/share/kdl_parser/cmake)
[1.009s] -- Found ament_lint_auto: 0.12.8 (/opt/ros/humble/share/ament_lint_auto/cmake)
[1.064s] -- Added test 'flake8' to check Python code syntax and style conventions
[1.065s] -- Added test 'lint_cmake' to check CMake code style
[1.065s] -- Added test 'pep257' to check Python code against some of the docstring style conventions in PEP 257
[1.066s] -- Added test 'xmllint' to check XML markup files
[1.066s] -- Configuring done
[1.074s] -- Generating done
[1.076s] -- Build files have been written to: /workspaces/aprs/aprs_ws/build/point_cloud
[1.084s] Invoked command in '/workspaces/aprs/aprs_ws/build/point_cloud' returned '0': AMENT_PREFIX_PATH=/workspaces/aprs/aprs_ws/install/realsense2_description:/workspaces/aprs/aprs_ws/install/realsense2_camera:/workspaces/aprs/aprs_ws/install/realsense2_camera_msgs:${AMENT_PREFIX_PATH} CMAKE_PREFIX_PATH=/workspaces/aprs/aprs_ws/install/realsense2_description:/workspaces/aprs/aprs_ws/install/realsense2_camera:/workspaces/aprs/aprs_ws/install/realsense2_camera_msgs:/opt/ros/humble LD_LIBRARY_PATH=/workspaces/aprs/aprs_ws/install/realsense2_camera/lib:/workspaces/aprs/aprs_ws/install/realsense2_camera_msgs/lib:${LD_LIBRARY_PATH} PYTHONPATH=/workspaces/aprs/aprs_ws/install/realsense2_camera_msgs/local/lib/python3.10/dist-packages:${PYTHONPATH} /usr/bin/cmake /workspaces/aprs/aprs_ws/src/point_cloud -DCMAKE_INSTALL_PREFIX=/workspaces/aprs/aprs_ws/install/point_cloud
[1.084s] Invoking command in '/workspaces/aprs/aprs_ws/build/point_cloud': AMENT_PREFIX_PATH=/workspaces/aprs/aprs_ws/install/realsense2_description:/workspaces/aprs/aprs_ws/install/realsense2_camera:/workspaces/aprs/aprs_ws/install/realsense2_camera_msgs:${AMENT_PREFIX_PATH} CMAKE_PREFIX_PATH=/workspaces/aprs/aprs_ws/install/realsense2_description:/workspaces/aprs/aprs_ws/install/realsense2_camera:/workspaces/aprs/aprs_ws/install/realsense2_camera_msgs:/opt/ros/humble LD_LIBRARY_PATH=/workspaces/aprs/aprs_ws/install/realsense2_camera/lib:/workspaces/aprs/aprs_ws/install/realsense2_camera_msgs/lib:${LD_LIBRARY_PATH} PYTHONPATH=/workspaces/aprs/aprs_ws/install/realsense2_camera_msgs/local/lib/python3.10/dist-packages:${PYTHONPATH} /usr/bin/cmake --build /workspaces/aprs/aprs_ws/build/point_cloud -- -j16 -l16
[1.143s] Built target ament_cmake_python_copy_point_cloud
[1.336s] running egg_info
[1.336s] writing point_cloud.egg-info/PKG-INFO
[1.336s] writing dependency_links to point_cloud.egg-info/dependency_links.txt
[1.336s] writing top-level names to point_cloud.egg-info/top_level.txt
[1.338s] reading manifest file 'point_cloud.egg-info/SOURCES.txt'
[1.339s] writing manifest file 'point_cloud.egg-info/SOURCES.txt'
[1.366s] Built target ament_cmake_python_build_point_cloud_egg
[1.377s] Invoked command in '/workspaces/aprs/aprs_ws/build/point_cloud' returned '0': AMENT_PREFIX_PATH=/workspaces/aprs/aprs_ws/install/realsense2_description:/workspaces/aprs/aprs_ws/install/realsense2_camera:/workspaces/aprs/aprs_ws/install/realsense2_camera_msgs:${AMENT_PREFIX_PATH} CMAKE_PREFIX_PATH=/workspaces/aprs/aprs_ws/install/realsense2_description:/workspaces/aprs/aprs_ws/install/realsense2_camera:/workspaces/aprs/aprs_ws/install/realsense2_camera_msgs:/opt/ros/humble LD_LIBRARY_PATH=/workspaces/aprs/aprs_ws/install/realsense2_camera/lib:/workspaces/aprs/aprs_ws/install/realsense2_camera_msgs/lib:${LD_LIBRARY_PATH} PYTHONPATH=/workspaces/aprs/aprs_ws/install/realsense2_camera_msgs/local/lib/python3.10/dist-packages:${PYTHONPATH} /usr/bin/cmake --build /workspaces/aprs/aprs_ws/build/point_cloud -- -j16 -l16
[1.403s] Invoking command in '/workspaces/aprs/aprs_ws/build/point_cloud': AMENT_PREFIX_PATH=/workspaces/aprs/aprs_ws/install/realsense2_description:/workspaces/aprs/aprs_ws/install/realsense2_camera:/workspaces/aprs/aprs_ws/install/realsense2_camera_msgs:${AMENT_PREFIX_PATH} CMAKE_PREFIX_PATH=/workspaces/aprs/aprs_ws/install/realsense2_description:/workspaces/aprs/aprs_ws/install/realsense2_camera:/workspaces/aprs/aprs_ws/install/realsense2_camera_msgs:/opt/ros/humble LD_LIBRARY_PATH=/workspaces/aprs/aprs_ws/install/realsense2_camera/lib:/workspaces/aprs/aprs_ws/install/realsense2_camera_msgs/lib:${LD_LIBRARY_PATH} PYTHONPATH=/workspaces/aprs/aprs_ws/install/realsense2_camera_msgs/local/lib/python3.10/dist-packages:${PYTHONPATH} /usr/bin/cmake --install /workspaces/aprs/aprs_ws/build/point_cloud
[1.410s] -- Install configuration: ""
[1.410s] -- Up-to-date: /workspaces/aprs/aprs_ws/install/point_cloud/share/point_cloud/environment/pythonpath.sh
[1.410s] -- Installing: /workspaces/aprs/aprs_ws/install/point_cloud/share/point_cloud/environment/pythonpath.dsv
[1.410s] -- Up-to-date: /workspaces/aprs/aprs_ws/install/point_cloud/local/lib/python3.10/dist-packages/point_cloud-0.0.0-py3.10.egg-info
[1.411s] -- Installing: /workspaces/aprs/aprs_ws/install/point_cloud/local/lib/python3.10/dist-packages/point_cloud-0.0.0-py3.10.egg-info/dependency_links.txt
[1.411s] -- Installing: /workspaces/aprs/aprs_ws/install/point_cloud/local/lib/python3.10/dist-packages/point_cloud-0.0.0-py3.10.egg-info/top_level.txt
[1.411s] -- Installing: /workspaces/aprs/aprs_ws/install/point_cloud/local/lib/python3.10/dist-packages/point_cloud-0.0.0-py3.10.egg-info/PKG-INFO
[1.411s] -- Installing: /workspaces/aprs/aprs_ws/install/point_cloud/local/lib/python3.10/dist-packages/point_cloud-0.0.0-py3.10.egg-info/SOURCES.txt
[1.411s] -- Up-to-date: /workspaces/aprs/aprs_ws/install/point_cloud/local/lib/python3.10/dist-packages/point_cloud
[1.411s] -- Up-to-date: /workspaces/aprs/aprs_ws/install/point_cloud/local/lib/python3.10/dist-packages/point_cloud/__init__.py
[1.436s] Listing '/workspaces/aprs/aprs_ws/install/point_cloud/local/lib/python3.10/dist-packages/point_cloud'...
[1.440s] -- Up-to-date: /workspaces/aprs/aprs_ws/install/point_cloud/lib/point_cloud/point_cloud.py
[1.440s] -- Up-to-date: /workspaces/aprs/aprs_ws/install/point_cloud/share/point_cloud/environment/library_path.sh
[1.440s] -- Installing: /workspaces/aprs/aprs_ws/install/point_cloud/share/point_cloud/environment/library_path.dsv
[1.440s] -- Up-to-date: /workspaces/aprs/aprs_ws/install/point_cloud/share/ament_index/resource_index/package_run_dependencies/point_cloud
[1.440s] -- Up-to-date: /workspaces/aprs/aprs_ws/install/point_cloud/share/ament_index/resource_index/parent_prefix_path/point_cloud
[1.440s] -- Up-to-date: /workspaces/aprs/aprs_ws/install/point_cloud/share/point_cloud/environment/ament_prefix_path.sh
[1.440s] -- Installing: /workspaces/aprs/aprs_ws/install/point_cloud/share/point_cloud/environment/ament_prefix_path.dsv
[1.440s] -- Up-to-date: /workspaces/aprs/aprs_ws/install/point_cloud/share/point_cloud/environment/path.sh
[1.441s] -- Installing: /workspaces/aprs/aprs_ws/install/point_cloud/share/point_cloud/environment/path.dsv
[1.441s] -- Up-to-date: /workspaces/aprs/aprs_ws/install/point_cloud/share/point_cloud/local_setup.bash
[1.441s] -- Up-to-date: /workspaces/aprs/aprs_ws/install/point_cloud/share/point_cloud/local_setup.sh
[1.441s] -- Up-to-date: /workspaces/aprs/aprs_ws/install/point_cloud/share/point_cloud/local_setup.zsh
[1.441s] -- Installing: /workspaces/aprs/aprs_ws/install/point_cloud/share/point_cloud/local_setup.dsv
[1.441s] -- Installing: /workspaces/aprs/aprs_ws/install/point_cloud/share/point_cloud/package.dsv
[1.441s] -- Up-to-date: /workspaces/aprs/aprs_ws/install/point_cloud/share/ament_index/resource_index/packages/point_cloud
[1.441s] -- Up-to-date: /workspaces/aprs/aprs_ws/install/point_cloud/share/point_cloud/cmake/ament_cmake_export_libraries-extras.cmake
[1.441s] -- Up-to-date: /workspaces/aprs/aprs_ws/install/point_cloud/share/point_cloud/cmake/ament_cmake_export_dependencies-extras.cmake
[1.441s] -- Up-to-date: /workspaces/aprs/aprs_ws/install/point_cloud/share/point_cloud/cmake/point_cloudConfig.cmake
[1.441s] -- Up-to-date: /workspaces/aprs/aprs_ws/install/point_cloud/share/point_cloud/cmake/point_cloudConfig-version.cmake
[1.441s] -- Up-to-date: /workspaces/aprs/aprs_ws/install/point_cloud/share/point_cloud/package.xml
[1.444s] Invoked command in '/workspaces/aprs/aprs_ws/build/point_cloud' returned '0': AMENT_PREFIX_PATH=/workspaces/aprs/aprs_ws/install/realsense2_description:/workspaces/aprs/aprs_ws/install/realsense2_camera:/workspaces/aprs/aprs_ws/install/realsense2_camera_msgs:${AMENT_PREFIX_PATH} CMAKE_PREFIX_PATH=/workspaces/aprs/aprs_ws/install/realsense2_description:/workspaces/aprs/aprs_ws/install/realsense2_camera:/workspaces/aprs/aprs_ws/install/realsense2_camera_msgs:/opt/ros/humble LD_LIBRARY_PATH=/workspaces/aprs/aprs_ws/install/realsense2_camera/lib:/workspaces/aprs/aprs_ws/install/realsense2_camera_msgs/lib:${LD_LIBRARY_PATH} PYTHONPATH=/workspaces/aprs/aprs_ws/install/realsense2_camera_msgs/local/lib/python3.10/dist-packages:${PYTHONPATH} /usr/bin/cmake --install /workspaces/aprs/aprs_ws/build/point_cloud
