[0.056s] Invoking command in '/workspaces/aprs/aprs_ws/build/realsense2_camera_msgs': CMAKE_PREFIX_PATH=/opt/ros/rolling /usr/bin/cmake /workspaces/aprs/aprs_ws/src/realsense-ros/realsense2_camera_msgs -DBUILD_TESTING=ON -DCMAKE_INSTALL_PREFIX=/workspaces/aprs/aprs_ws/install/realsense2_camera_msgs
[0.176s] -- The C compiler identification is GNU 11.4.0
[0.305s] -- The CXX compiler identification is GNU 11.4.0
[0.314s] -- Detecting C compiler ABI info
[0.456s] -- Detecting C compiler ABI info - done
[0.478s] -- Check for working C compiler: /usr/bin/cc - skipped
[0.478s] -- Detecting C compile features
[0.478s] -- Detecting C compile features - done
[0.479s] -- Detecting CXX compiler ABI info
[0.647s] -- Detecting CXX compiler ABI info - done
[0.661s] -- Check for working CXX compiler: /usr/bin/c++ - skipped
[0.661s] -- Detecting CXX compile features
[0.662s] -- Detecting CXX compile features - done
[0.671s] -- Found ament_cmake: 2.2.1 (/opt/ros/rolling/share/ament_cmake/cmake)
[1.062s] -- Found Python3: /usr/bin/python3.10 (found version "3.10.12") found components: Interpreter 
[1.250s] -- Found rosidl_default_generators: 1.6.0 (/opt/ros/rolling/share/rosidl_default_generators/cmake)
[1.257s] -- Using all available rosidl_typesupport_c: rosidl_typesupport_fastrtps_c;rosidl_typesupport_introspection_c
[1.359s] -- Using all available rosidl_typesupport_cpp: rosidl_typesupport_fastrtps_cpp;rosidl_typesupport_introspection_cpp
[1.440s] -- Found rosidl_adapter: 4.3.0 (/opt/ros/rolling/share/rosidl_adapter/cmake)
[1.446s] -- Found builtin_interfaces: 1.7.0 (/opt/ros/rolling/share/builtin_interfaces/cmake)
[1.484s] -- Found std_msgs: 5.2.0 (/opt/ros/rolling/share/std_msgs/cmake)
[1.543s] -- Found sensor_msgs: 5.2.0 (/opt/ros/rolling/share/sensor_msgs/cmake)
[3.418s] -- Found ament_cmake_cppcheck: 0.15.2 (/opt/ros/rolling/share/ament_cmake_cppcheck/cmake)
[3.418s] -- Found ament_cmake_cpplint: 0.15.2 (/opt/ros/rolling/share/ament_cmake_cpplint/cmake)
[3.418s] -- Found ament_cmake_uncrustify: 0.15.2 (/opt/ros/rolling/share/ament_cmake_uncrustify/cmake)
[3.418s] -- Found ament_cmake_ros: 0.12.0 (/opt/ros/rolling/share/ament_cmake_ros/cmake)
[4.298s] -- Using all available rosidl_typesupport_c: rosidl_typesupport_fastrtps_c;rosidl_typesupport_introspection_c
[4.993s] -- Using all available rosidl_typesupport_cpp: rosidl_typesupport_fastrtps_cpp;rosidl_typesupport_introspection_cpp
[5.033s] -- Found PythonInterp: /usr/bin/python3 (found suitable version "3.10.12", minimum required is "3.6") 
[5.036s] -- Found python_cmake_module: 0.11.0 (/opt/ros/rolling/share/python_cmake_module/cmake)
[5.077s] -- Found PythonLibs: /usr/lib/x86_64-linux-gnu/libpython3.10.so (found suitable version "3.10.12", minimum required is "3.5") 
[5.077s] -- Using PYTHON_EXECUTABLE: /usr/bin/python3
[5.077s] -- Using PYTHON_INCLUDE_DIRS: /usr/include/python3.10
[5.077s] -- Using PYTHON_LIBRARIES: /usr/lib/x86_64-linux-gnu/libpython3.10.so
[5.127s] -- Found PythonExtra: .so  
[5.246s] -- Found ament_cmake_flake8: 0.15.2 (/opt/ros/rolling/share/ament_cmake_flake8/cmake)
[5.250s] -- Found ament_cmake_pep257: 0.15.2 (/opt/ros/rolling/share/ament_cmake_pep257/cmake)
[5.260s] -- Configuring done
[5.340s] -- Generating done
[5.345s] -- Build files have been written to: /workspaces/aprs/aprs_ws/build/realsense2_camera_msgs
[5.376s] Invoked command in '/workspaces/aprs/aprs_ws/build/realsense2_camera_msgs' returned '0': CMAKE_PREFIX_PATH=/opt/ros/rolling /usr/bin/cmake /workspaces/aprs/aprs_ws/src/realsense-ros/realsense2_camera_msgs -DBUILD_TESTING=ON -DCMAKE_INSTALL_PREFIX=/workspaces/aprs/aprs_ws/install/realsense2_camera_msgs
[5.377s] Invoking command in '/workspaces/aprs/aprs_ws/build/realsense2_camera_msgs': CMAKE_PREFIX_PATH=/opt/ros/rolling /usr/bin/cmake --build /workspaces/aprs/aprs_ws/build/realsense2_camera_msgs -- -j16 -l16
[5.488s] [  1%] [34m[1mGenerating type hashes for ROS interfaces[0m
[5.543s] [  1%] Built target ament_cmake_python_copy_realsense2_camera_msgs
[5.916s] running egg_info
[5.917s] creating realsense2_camera_msgs.egg-info
[5.917s] writing realsense2_camera_msgs.egg-info/PKG-INFO
[5.918s] writing dependency_links to realsense2_camera_msgs.egg-info/dependency_links.txt
[5.918s] writing top-level names to realsense2_camera_msgs.egg-info/top_level.txt
[5.918s] writing manifest file 'realsense2_camera_msgs.egg-info/SOURCES.txt'
[5.922s] reading manifest file 'realsense2_camera_msgs.egg-info/SOURCES.txt'
[5.923s] writing manifest file 'realsense2_camera_msgs.egg-info/SOURCES.txt'
[6.026s] [  1%] Built target ament_cmake_python_build_realsense2_camera_msgs_egg
[6.189s] [  1%] Built target realsense2_camera_msgs__rosidl_generator_type_description
[6.234s] [  2%] [34m[1mGenerating C code for ROS interfaces[0m
[6.338s] [  4%] [34m[1mGenerating C++ code for ROS interfaces[0m
[7.423s] [  4%] Built target realsense2_camera_msgs__cpp
[7.494s] [  6%] [32mBuilding C object CMakeFiles/realsense2_camera_msgs__rosidl_generator_c.dir/rosidl_generator_c/realsense2_camera_msgs/msg/detail/imu_info__description.c.o[0m
[7.494s] [  6%] [32mBuilding C object CMakeFiles/realsense2_camera_msgs__rosidl_generator_c.dir/rosidl_generator_c/realsense2_camera_msgs/msg/detail/imu_info__functions.c.o[0m
[7.500s] [  8%] [32mBuilding C object CMakeFiles/realsense2_camera_msgs__rosidl_generator_c.dir/rosidl_generator_c/realsense2_camera_msgs/msg/detail/imu_info__type_support.c.o[0m
[7.505s] [ 10%] [32mBuilding C object CMakeFiles/realsense2_camera_msgs__rosidl_generator_c.dir/rosidl_generator_c/realsense2_camera_msgs/msg/detail/extrinsics__type_support.c.o[0m
[7.505s] [ 10%] [32mBuilding C object CMakeFiles/realsense2_camera_msgs__rosidl_generator_c.dir/rosidl_generator_c/realsense2_camera_msgs/msg/detail/metadata__description.c.o[0m
[7.514s] [ 12%] [32mBuilding C object CMakeFiles/realsense2_camera_msgs__rosidl_generator_c.dir/rosidl_generator_c/realsense2_camera_msgs/msg/detail/extrinsics__description.c.o[0m
[7.520s] [ 13%] [32mBuilding C object CMakeFiles/realsense2_camera_msgs__rosidl_generator_c.dir/rosidl_generator_c/realsense2_camera_msgs/msg/detail/extrinsics__functions.c.o[0m
[7.527s] [ 14%] [32mBuilding C object CMakeFiles/realsense2_camera_msgs__rosidl_generator_c.dir/rosidl_generator_c/realsense2_camera_msgs/msg/detail/metadata__type_support.c.o[0m
[7.542s] [ 16%] [32mBuilding C object CMakeFiles/realsense2_camera_msgs__rosidl_generator_c.dir/rosidl_generator_c/realsense2_camera_msgs/msg/detail/rgbd__description.c.o[0m
[7.551s] [ 17%] [32mBuilding C object CMakeFiles/realsense2_camera_msgs__rosidl_generator_c.dir/rosidl_generator_c/realsense2_camera_msgs/msg/detail/metadata__functions.c.o[0m
[7.557s] [ 18%] [32mBuilding C object CMakeFiles/realsense2_camera_msgs__rosidl_generator_c.dir/rosidl_generator_c/realsense2_camera_msgs/msg/detail/rgbd__functions.c.o[0m
[7.580s] [ 20%] [32mBuilding C object CMakeFiles/realsense2_camera_msgs__rosidl_generator_c.dir/rosidl_generator_c/realsense2_camera_msgs/msg/detail/rgbd__type_support.c.o[0m
[7.623s] [ 21%] [32mBuilding C object CMakeFiles/realsense2_camera_msgs__rosidl_generator_c.dir/rosidl_generator_c/realsense2_camera_msgs/srv/detail/device_info__description.c.o[0m
[7.628s] [ 22%] [32mBuilding C object CMakeFiles/realsense2_camera_msgs__rosidl_generator_c.dir/rosidl_generator_c/realsense2_camera_msgs/srv/detail/device_info__functions.c.o[0m
[7.638s] [ 24%] [32mBuilding C object CMakeFiles/realsense2_camera_msgs__rosidl_generator_c.dir/rosidl_generator_c/realsense2_camera_msgs/srv/detail/device_info__type_support.c.o[0m
[7.760s] [ 25%] [32m[1mLinking C shared library librealsense2_camera_msgs__rosidl_generator_c.so[0m
[7.839s] [ 25%] Built target realsense2_camera_msgs__rosidl_generator_c
[7.856s] [ 27%] [34m[1mGenerating C introspection for ROS interfaces[0m
[7.857s] [ 28%] [34m[1mGenerating C type support for eProsima Fast-RTPS[0m
[7.858s] [ 29%] [34m[1mGenerating C++ type support dispatch for ROS interfaces[0m
[7.859s] [ 31%] [34m[1mGenerating C++ type support for eProsima Fast-RTPS[0m
[7.862s] [ 32%] [34m[1mGenerating C++ introspection for ROS interfaces[0m
[7.867s] [ 33%] [34m[1mGenerating C type support dispatch for ROS interfaces[0m
[8.612s] [ 36%] [32mBuilding CXX object CMakeFiles/realsense2_camera_msgs__rosidl_typesupport_c.dir/rosidl_typesupport_c/realsense2_camera_msgs/msg/imu_info__type_support.cpp.o[0m
[8.613s] [ 36%] [32mBuilding CXX object CMakeFiles/realsense2_camera_msgs__rosidl_typesupport_c.dir/rosidl_typesupport_c/realsense2_camera_msgs/msg/extrinsics__type_support.cpp.o[0m
[8.629s] [ 37%] [32mBuilding CXX object CMakeFiles/realsense2_camera_msgs__rosidl_typesupport_c.dir/rosidl_typesupport_c/realsense2_camera_msgs/msg/metadata__type_support.cpp.o[0m
[8.644s] [ 39%] [32mBuilding CXX object CMakeFiles/realsense2_camera_msgs__rosidl_typesupport_c.dir/rosidl_typesupport_c/realsense2_camera_msgs/msg/rgbd__type_support.cpp.o[0m
[8.645s] [ 40%] [32mBuilding CXX object CMakeFiles/realsense2_camera_msgs__rosidl_typesupport_cpp.dir/rosidl_typesupport_cpp/realsense2_camera_msgs/msg/imu_info__type_support.cpp.o[0m
[8.664s] [ 41%] [32mBuilding CXX object CMakeFiles/realsense2_camera_msgs__rosidl_typesupport_c.dir/rosidl_typesupport_c/realsense2_camera_msgs/srv/device_info__type_support.cpp.o[0m
[8.680s] [ 43%] [32mBuilding CXX object CMakeFiles/realsense2_camera_msgs__rosidl_typesupport_cpp.dir/rosidl_typesupport_cpp/realsense2_camera_msgs/msg/extrinsics__type_support.cpp.o[0m
[8.687s] [ 44%] [32mBuilding CXX object CMakeFiles/realsense2_camera_msgs__rosidl_typesupport_cpp.dir/rosidl_typesupport_cpp/realsense2_camera_msgs/msg/metadata__type_support.cpp.o[0m
[8.752s] [ 45%] [32mBuilding CXX object CMakeFiles/realsense2_camera_msgs__rosidl_typesupport_cpp.dir/rosidl_typesupport_cpp/realsense2_camera_msgs/msg/rgbd__type_support.cpp.o[0m
[8.805s] [ 48%] [32m[1mLinking CXX shared library librealsense2_camera_msgs__rosidl_typesupport_c.so[0m
[8.806s] [ 48%] [32mBuilding CXX object CMakeFiles/realsense2_camera_msgs__rosidl_typesupport_cpp.dir/rosidl_typesupport_cpp/realsense2_camera_msgs/srv/device_info__type_support.cpp.o[0m
[8.847s] [ 50%] [32mBuilding CXX object CMakeFiles/realsense2_camera_msgs__rosidl_typesupport_introspection_cpp.dir/rosidl_typesupport_introspection_cpp/realsense2_camera_msgs/msg/detail/extrinsics__type_support.cpp.o[0m
[8.847s] [ 51%] [32mBuilding CXX object CMakeFiles/realsense2_camera_msgs__rosidl_typesupport_introspection_cpp.dir/rosidl_typesupport_introspection_cpp/realsense2_camera_msgs/msg/detail/imu_info__type_support.cpp.o[0m
[8.862s] [ 52%] [32mBuilding CXX object CMakeFiles/realsense2_camera_msgs__rosidl_typesupport_introspection_cpp.dir/rosidl_typesupport_introspection_cpp/realsense2_camera_msgs/msg/detail/metadata__type_support.cpp.o[0m
[8.871s] [ 54%] [32mBuilding CXX object CMakeFiles/realsense2_camera_msgs__rosidl_typesupport_introspection_cpp.dir/rosidl_typesupport_introspection_cpp/realsense2_camera_msgs/srv/detail/device_info__type_support.cpp.o[0m
[8.896s] [ 55%] [32mBuilding CXX object CMakeFiles/realsense2_camera_msgs__rosidl_typesupport_introspection_cpp.dir/rosidl_typesupport_introspection_cpp/realsense2_camera_msgs/msg/detail/rgbd__type_support.cpp.o[0m
[8.930s] [ 56%] [32mBuilding C object CMakeFiles/realsense2_camera_msgs__rosidl_typesupport_introspection_c.dir/rosidl_typesupport_introspection_c/realsense2_camera_msgs/msg/detail/imu_info__type_support.c.o[0m
[8.952s] [ 58%] [32mBuilding C object CMakeFiles/realsense2_camera_msgs__rosidl_typesupport_introspection_c.dir/rosidl_typesupport_introspection_c/realsense2_camera_msgs/msg/detail/extrinsics__type_support.c.o[0m
[8.952s] [ 59%] [32mBuilding CXX object CMakeFiles/realsense2_camera_msgs__rosidl_typesupport_fastrtps_cpp.dir/rosidl_typesupport_fastrtps_cpp/realsense2_camera_msgs/msg/detail/dds_fastrtps/imu_info__type_support.cpp.o[0m
[8.972s] [ 60%] [32mBuilding C object CMakeFiles/realsense2_camera_msgs__rosidl_typesupport_introspection_c.dir/rosidl_typesupport_introspection_c/realsense2_camera_msgs/msg/detail/metadata__type_support.c.o[0m
[8.985s] [ 60%] Built target realsense2_camera_msgs__rosidl_typesupport_c
[9.043s] [ 62%] [32mBuilding CXX object CMakeFiles/realsense2_camera_msgs__rosidl_typesupport_fastrtps_cpp.dir/rosidl_typesupport_fastrtps_cpp/realsense2_camera_msgs/msg/detail/dds_fastrtps/extrinsics__type_support.cpp.o[0m
[9.101s] [ 63%] [32mBuilding C object CMakeFiles/realsense2_camera_msgs__rosidl_typesupport_introspection_c.dir/rosidl_typesupport_introspection_c/realsense2_camera_msgs/msg/detail/rgbd__type_support.c.o[0m
[9.109s] [ 64%] [32mBuilding CXX object CMakeFiles/realsense2_camera_msgs__rosidl_typesupport_fastrtps_cpp.dir/rosidl_typesupport_fastrtps_cpp/realsense2_camera_msgs/msg/detail/dds_fastrtps/metadata__type_support.cpp.o[0m
[9.124s] [ 67%] [32mBuilding CXX object CMakeFiles/realsense2_camera_msgs__rosidl_typesupport_fastrtps_c.dir/rosidl_typesupport_fastrtps_c/realsense2_camera_msgs/msg/detail/imu_info__type_support_c.cpp.o[0m
[9.124s] [ 67%] [32mBuilding C object CMakeFiles/realsense2_camera_msgs__rosidl_typesupport_introspection_c.dir/rosidl_typesupport_introspection_c/realsense2_camera_msgs/srv/detail/device_info__type_support.c.o[0m
[9.287s] [ 68%] [32mBuilding CXX object CMakeFiles/realsense2_camera_msgs__rosidl_typesupport_fastrtps_c.dir/rosidl_typesupport_fastrtps_c/realsense2_camera_msgs/msg/detail/extrinsics__type_support_c.cpp.o[0m
[9.343s] [ 70%] [32m[1mLinking C shared library librealsense2_camera_msgs__rosidl_typesupport_introspection_c.so[0m
[9.504s] [ 71%] [32mBuilding CXX object CMakeFiles/realsense2_camera_msgs__rosidl_typesupport_fastrtps_c.dir/rosidl_typesupport_fastrtps_c/realsense2_camera_msgs/msg/detail/metadata__type_support_c.cpp.o[0m
[9.576s] [ 71%] Built target realsense2_camera_msgs__rosidl_typesupport_introspection_c
[9.635s] [ 72%] [32mBuilding CXX object CMakeFiles/realsense2_camera_msgs__rosidl_typesupport_fastrtps_c.dir/rosidl_typesupport_fastrtps_c/realsense2_camera_msgs/msg/detail/rgbd__type_support_c.cpp.o[0m
[9.845s] [ 74%] [32mBuilding CXX object CMakeFiles/realsense2_camera_msgs__rosidl_typesupport_fastrtps_c.dir/rosidl_typesupport_fastrtps_c/realsense2_camera_msgs/srv/detail/device_info__type_support_c.cpp.o[0m
[9.874s] [ 75%] [32mBuilding CXX object CMakeFiles/realsense2_camera_msgs__rosidl_typesupport_fastrtps_cpp.dir/rosidl_typesupport_fastrtps_cpp/realsense2_camera_msgs/msg/detail/dds_fastrtps/rgbd__type_support.cpp.o[0m
[9.879s] [ 77%] [32mBuilding CXX object CMakeFiles/realsense2_camera_msgs__rosidl_typesupport_fastrtps_cpp.dir/rosidl_typesupport_fastrtps_cpp/realsense2_camera_msgs/srv/detail/dds_fastrtps/device_info__type_support.cpp.o[0m
[9.976s] [ 78%] [32m[1mLinking CXX shared library librealsense2_camera_msgs__rosidl_typesupport_cpp.so[0m
[10.243s] [ 79%] [32m[1mLinking CXX shared library librealsense2_camera_msgs__rosidl_typesupport_introspection_cpp.so[0m
[10.441s] [ 79%] Built target realsense2_camera_msgs__rosidl_typesupport_cpp
[10.629s] [ 79%] Built target realsense2_camera_msgs__rosidl_typesupport_introspection_cpp
[10.755s] [ 81%] [32m[1mLinking CXX shared library librealsense2_camera_msgs__rosidl_typesupport_fastrtps_c.so[0m
[10.946s] [ 81%] Built target realsense2_camera_msgs__rosidl_typesupport_fastrtps_c
[11.140s] [ 82%] [32m[1mLinking CXX shared library librealsense2_camera_msgs__rosidl_typesupport_fastrtps_cpp.so[0m
[11.392s] [ 82%] Built target realsense2_camera_msgs__rosidl_typesupport_fastrtps_cpp
[11.484s] [ 82%] Built target realsense2_camera_msgs
[11.526s] [ 83%] [34m[1mGenerating Python code for ROS interfaces[0m
[14.081s] [ 83%] Built target realsense2_camera_msgs__py
[14.226s] [ 85%] [32mBuilding C object CMakeFiles/realsense2_camera_msgs__rosidl_generator_py.dir/rosidl_generator_py/realsense2_camera_msgs/msg/_imu_info_s.c.o[0m
[14.240s] [ 86%] [32mBuilding C object CMakeFiles/realsense2_camera_msgs__rosidl_generator_py.dir/rosidl_generator_py/realsense2_camera_msgs/msg/_extrinsics_s.c.o[0m
[14.262s] [ 87%] [32mBuilding C object CMakeFiles/realsense2_camera_msgs__rosidl_generator_py.dir/rosidl_generator_py/realsense2_camera_msgs/msg/_metadata_s.c.o[0m
[14.289s] [ 89%] [32mBuilding C object CMakeFiles/realsense2_camera_msgs__rosidl_generator_py.dir/rosidl_generator_py/realsense2_camera_msgs/msg/_rgbd_s.c.o[0m
[14.315s] [ 90%] [32mBuilding C object CMakeFiles/realsense2_camera_msgs__rosidl_generator_py.dir/rosidl_generator_py/realsense2_camera_msgs/srv/_device_info_s.c.o[0m
[14.947s] [ 91%] [32m[1mLinking C shared library rosidl_generator_py/realsense2_camera_msgs/librealsense2_camera_msgs__rosidl_generator_py.so[0m
[15.252s] [ 91%] Built target realsense2_camera_msgs__rosidl_generator_py
[15.421s] [ 93%] [32mBuilding C object CMakeFiles/realsense2_camera_msgs__rosidl_typesupport_introspection_c__pyext.dir/rosidl_generator_py/realsense2_camera_msgs/_realsense2_camera_msgs_s.ep.rosidl_typesupport_introspection_c.c.o[0m
[15.484s] [ 94%] [32mBuilding C object CMakeFiles/realsense2_camera_msgs__rosidl_typesupport_fastrtps_c__pyext.dir/rosidl_generator_py/realsense2_camera_msgs/_realsense2_camera_msgs_s.ep.rosidl_typesupport_fastrtps_c.c.o[0m
[15.497s] [ 95%] [32mBuilding C object CMakeFiles/realsense2_camera_msgs__rosidl_typesupport_c__pyext.dir/rosidl_generator_py/realsense2_camera_msgs/_realsense2_camera_msgs_s.ep.rosidl_typesupport_c.c.o[0m
[15.999s] [ 97%] [32m[1mLinking C shared library rosidl_generator_py/realsense2_camera_msgs/realsense2_camera_msgs_s__rosidl_typesupport_introspection_c.cpython-310-x86_64-linux-gnu.so[0m
[16.083s] [ 98%] [32m[1mLinking C shared library rosidl_generator_py/realsense2_camera_msgs/realsense2_camera_msgs_s__rosidl_typesupport_c.cpython-310-x86_64-linux-gnu.so[0m
[16.253s] [100%] [32m[1mLinking C shared library rosidl_generator_py/realsense2_camera_msgs/realsense2_camera_msgs_s__rosidl_typesupport_fastrtps_c.cpython-310-x86_64-linux-gnu.so[0m
[16.260s] [100%] Built target realsense2_camera_msgs__rosidl_typesupport_introspection_c__pyext
[16.303s] [100%] Built target realsense2_camera_msgs__rosidl_typesupport_c__pyext
[16.562s] [100%] Built target realsense2_camera_msgs__rosidl_typesupport_fastrtps_c__pyext
[16.624s] Invoked command in '/workspaces/aprs/aprs_ws/build/realsense2_camera_msgs' returned '0': CMAKE_PREFIX_PATH=/opt/ros/rolling /usr/bin/cmake --build /workspaces/aprs/aprs_ws/build/realsense2_camera_msgs -- -j16 -l16
[19.392s] Invoking command in '/workspaces/aprs/aprs_ws/build/realsense2_camera_msgs': CMAKE_PREFIX_PATH=/opt/ros/rolling /usr/bin/cmake --install /workspaces/aprs/aprs_ws/build/realsense2_camera_msgs
[19.429s] -- Install configuration: ""
[19.429s] -- Installing: /workspaces/aprs/aprs_ws/install/realsense2_camera_msgs/share/ament_index/resource_index/rosidl_interfaces/realsense2_camera_msgs
[19.430s] -- Installing: /workspaces/aprs/aprs_ws/install/realsense2_camera_msgs/share/realsense2_camera_msgs/msg/IMUInfo.json
[19.430s] -- Installing: /workspaces/aprs/aprs_ws/install/realsense2_camera_msgs/share/realsense2_camera_msgs/msg/Extrinsics.json
[19.430s] -- Installing: /workspaces/aprs/aprs_ws/install/realsense2_camera_msgs/share/realsense2_camera_msgs/msg/Metadata.json
[19.431s] -- Installing: /workspaces/aprs/aprs_ws/install/realsense2_camera_msgs/share/realsense2_camera_msgs/msg/RGBD.json
[19.431s] -- Installing: /workspaces/aprs/aprs_ws/install/realsense2_camera_msgs/share/realsense2_camera_msgs/srv/DeviceInfo.json
[19.431s] -- Installing: /workspaces/aprs/aprs_ws/install/realsense2_camera_msgs/include/realsense2_camera_msgs/realsense2_camera_msgs
[19.431s] -- Installing: /workspaces/aprs/aprs_ws/install/realsense2_camera_msgs/include/realsense2_camera_msgs/realsense2_camera_msgs/srv
[19.431s] -- Installing: /workspaces/aprs/aprs_ws/install/realsense2_camera_msgs/include/realsense2_camera_msgs/realsense2_camera_msgs/srv/device_info.h
[19.431s] -- Installing: /workspaces/aprs/aprs_ws/install/realsense2_camera_msgs/include/realsense2_camera_msgs/realsense2_camera_msgs/srv/detail
[19.431s] -- Installing: /workspaces/aprs/aprs_ws/install/realsense2_camera_msgs/include/realsense2_camera_msgs/realsense2_camera_msgs/srv/detail/device_info__struct.h
[19.431s] -- Installing: /workspaces/aprs/aprs_ws/install/realsense2_camera_msgs/include/realsense2_camera_msgs/realsense2_camera_msgs/srv/detail/device_info__functions.c
[19.456s] -- Installing: /workspaces/aprs/aprs_ws/install/realsense2_camera_msgs/include/realsense2_camera_msgs/realsense2_camera_msgs/srv/detail/device_info__type_support.c
[19.456s] -- Installing: /workspaces/aprs/aprs_ws/install/realsense2_camera_msgs/include/realsense2_camera_msgs/realsense2_camera_msgs/srv/detail/device_info__functions.h
[19.456s] -- Installing: /workspaces/aprs/aprs_ws/install/realsense2_camera_msgs/include/realsense2_camera_msgs/realsense2_camera_msgs/srv/detail/device_info__description.c
[19.457s] -- Installing: /workspaces/aprs/aprs_ws/install/realsense2_camera_msgs/include/realsense2_camera_msgs/realsense2_camera_msgs/srv/detail/device_info__type_support.h
[19.457s] -- Installing: /workspaces/aprs/aprs_ws/install/realsense2_camera_msgs/include/realsense2_camera_msgs/realsense2_camera_msgs/msg
[19.457s] -- Installing: /workspaces/aprs/aprs_ws/install/realsense2_camera_msgs/include/realsense2_camera_msgs/realsense2_camera_msgs/msg/rgbd.h
[19.457s] -- Installing: /workspaces/aprs/aprs_ws/install/realsense2_camera_msgs/include/realsense2_camera_msgs/realsense2_camera_msgs/msg/metadata.h
[19.457s] -- Installing: /workspaces/aprs/aprs_ws/install/realsense2_camera_msgs/include/realsense2_camera_msgs/realsense2_camera_msgs/msg/rosidl_generator_c__visibility_control.h
[19.457s] -- Installing: /workspaces/aprs/aprs_ws/install/realsense2_camera_msgs/include/realsense2_camera_msgs/realsense2_camera_msgs/msg/extrinsics.h
[19.457s] -- Installing: /workspaces/aprs/aprs_ws/install/realsense2_camera_msgs/include/realsense2_camera_msgs/realsense2_camera_msgs/msg/imu_info.h
[19.458s] -- Installing: /workspaces/aprs/aprs_ws/install/realsense2_camera_msgs/include/realsense2_camera_msgs/realsense2_camera_msgs/msg/detail
[19.458s] -- Installing: /workspaces/aprs/aprs_ws/install/realsense2_camera_msgs/include/realsense2_camera_msgs/realsense2_camera_msgs/msg/detail/metadata__struct.h
[19.458s] -- Installing: /workspaces/aprs/aprs_ws/install/realsense2_camera_msgs/include/realsense2_camera_msgs/realsense2_camera_msgs/msg/detail/extrinsics__type_support.c
[19.458s] -- Installing: /workspaces/aprs/aprs_ws/install/realsense2_camera_msgs/include/realsense2_camera_msgs/realsense2_camera_msgs/msg/detail/extrinsics__description.c
[19.458s] -- Installing: /workspaces/aprs/aprs_ws/install/realsense2_camera_msgs/include/realsense2_camera_msgs/realsense2_camera_msgs/msg/detail/imu_info__type_support.h
[19.458s] -- Installing: /workspaces/aprs/aprs_ws/install/realsense2_camera_msgs/include/realsense2_camera_msgs/realsense2_camera_msgs/msg/detail/metadata__type_support.c
[19.458s] -- Installing: /workspaces/aprs/aprs_ws/install/realsense2_camera_msgs/include/realsense2_camera_msgs/realsense2_camera_msgs/msg/detail/rgbd__description.c
[19.458s] -- Installing: /workspaces/aprs/aprs_ws/install/realsense2_camera_msgs/include/realsense2_camera_msgs/realsense2_camera_msgs/msg/detail/imu_info__struct.h
[19.458s] -- Installing: /workspaces/aprs/aprs_ws/install/realsense2_camera_msgs/include/realsense2_camera_msgs/realsense2_camera_msgs/msg/detail/imu_info__type_support.c
[19.459s] -- Installing: /workspaces/aprs/aprs_ws/install/realsense2_camera_msgs/include/realsense2_camera_msgs/realsense2_camera_msgs/msg/detail/metadata__type_support.h
[19.459s] -- Installing: /workspaces/aprs/aprs_ws/install/realsense2_camera_msgs/include/realsense2_camera_msgs/realsense2_camera_msgs/msg/detail/metadata__functions.h
[19.459s] -- Installing: /workspaces/aprs/aprs_ws/install/realsense2_camera_msgs/include/realsense2_camera_msgs/realsense2_camera_msgs/msg/detail/rgbd__functions.h
[19.459s] -- Installing: /workspaces/aprs/aprs_ws/install/realsense2_camera_msgs/include/realsense2_camera_msgs/realsense2_camera_msgs/msg/detail/imu_info__functions.h
[19.459s] -- Installing: /workspaces/aprs/aprs_ws/install/realsense2_camera_msgs/include/realsense2_camera_msgs/realsense2_camera_msgs/msg/detail/metadata__description.c
[19.459s] -- Installing: /workspaces/aprs/aprs_ws/install/realsense2_camera_msgs/include/realsense2_camera_msgs/realsense2_camera_msgs/msg/detail/rgbd__struct.h
[19.460s] -- Installing: /workspaces/aprs/aprs_ws/install/realsense2_camera_msgs/include/realsense2_camera_msgs/realsense2_camera_msgs/msg/detail/metadata__functions.c
[19.460s] -- Installing: /workspaces/aprs/aprs_ws/install/realsense2_camera_msgs/include/realsense2_camera_msgs/realsense2_camera_msgs/msg/detail/imu_info__functions.c
[19.460s] -- Installing: /workspaces/aprs/aprs_ws/install/realsense2_camera_msgs/include/realsense2_camera_msgs/realsense2_camera_msgs/msg/detail/imu_info__description.c
[19.460s] -- Installing: /workspaces/aprs/aprs_ws/install/realsense2_camera_msgs/include/realsense2_camera_msgs/realsense2_camera_msgs/msg/detail/rgbd__functions.c
[19.460s] -- Installing: /workspaces/aprs/aprs_ws/install/realsense2_camera_msgs/include/realsense2_camera_msgs/realsense2_camera_msgs/msg/detail/extrinsics__functions.h
[19.460s] -- Installing: /workspaces/aprs/aprs_ws/install/realsense2_camera_msgs/include/realsense2_camera_msgs/realsense2_camera_msgs/msg/detail/rgbd__type_support.h
[19.460s] -- Installing: /workspaces/aprs/aprs_ws/install/realsense2_camera_msgs/include/realsense2_camera_msgs/realsense2_camera_msgs/msg/detail/extrinsics__type_support.h
[19.460s] -- Installing: /workspaces/aprs/aprs_ws/install/realsense2_camera_msgs/include/realsense2_camera_msgs/realsense2_camera_msgs/msg/detail/rgbd__type_support.c
[19.460s] -- Installing: /workspaces/aprs/aprs_ws/install/realsense2_camera_msgs/include/realsense2_camera_msgs/realsense2_camera_msgs/msg/detail/extrinsics__functions.c
[19.460s] -- Installing: /workspaces/aprs/aprs_ws/install/realsense2_camera_msgs/include/realsense2_camera_msgs/realsense2_camera_msgs/msg/detail/extrinsics__struct.h
[19.461s] -- Installing: /workspaces/aprs/aprs_ws/install/realsense2_camera_msgs/share/realsense2_camera_msgs/environment/library_path.sh
[19.461s] -- Installing: /workspaces/aprs/aprs_ws/install/realsense2_camera_msgs/share/realsense2_camera_msgs/environment/library_path.dsv
[19.462s] -- Installing: /workspaces/aprs/aprs_ws/install/realsense2_camera_msgs/lib/librealsense2_camera_msgs__rosidl_generator_c.so
[19.464s] -- Set runtime path of "/workspaces/aprs/aprs_ws/install/realsense2_camera_msgs/lib/librealsense2_camera_msgs__rosidl_generator_c.so" to ""
[19.468s] -- Up-to-date: /workspaces/aprs/aprs_ws/install/realsense2_camera_msgs/include/realsense2_camera_msgs/realsense2_camera_msgs
[19.468s] -- Up-to-date: /workspaces/aprs/aprs_ws/install/realsense2_camera_msgs/include/realsense2_camera_msgs/realsense2_camera_msgs/srv
[19.468s] -- Up-to-date: /workspaces/aprs/aprs_ws/install/realsense2_camera_msgs/include/realsense2_camera_msgs/realsense2_camera_msgs/srv/detail
[19.468s] -- Installing: /workspaces/aprs/aprs_ws/install/realsense2_camera_msgs/include/realsense2_camera_msgs/realsense2_camera_msgs/srv/detail/device_info__rosidl_typesupport_fastrtps_c.h
[19.472s] -- Up-to-date: /workspaces/aprs/aprs_ws/install/realsense2_camera_msgs/include/realsense2_camera_msgs/realsense2_camera_msgs/msg
[19.473s] -- Installing: /workspaces/aprs/aprs_ws/install/realsense2_camera_msgs/include/realsense2_camera_msgs/realsense2_camera_msgs/msg/rosidl_typesupport_fastrtps_c__visibility_control.h
[19.473s] -- Up-to-date: /workspaces/aprs/aprs_ws/install/realsense2_camera_msgs/include/realsense2_camera_msgs/realsense2_camera_msgs/msg/detail
[19.473s] -- Installing: /workspaces/aprs/aprs_ws/install/realsense2_camera_msgs/include/realsense2_camera_msgs/realsense2_camera_msgs/msg/detail/imu_info__rosidl_typesupport_fastrtps_c.h
[19.473s] -- Installing: /workspaces/aprs/aprs_ws/install/realsense2_camera_msgs/include/realsense2_camera_msgs/realsense2_camera_msgs/msg/detail/metadata__rosidl_typesupport_fastrtps_c.h
[19.473s] -- Installing: /workspaces/aprs/aprs_ws/install/realsense2_camera_msgs/include/realsense2_camera_msgs/realsense2_camera_msgs/msg/detail/extrinsics__rosidl_typesupport_fastrtps_c.h
[19.473s] -- Installing: /workspaces/aprs/aprs_ws/install/realsense2_camera_msgs/include/realsense2_camera_msgs/realsense2_camera_msgs/msg/detail/rgbd__rosidl_typesupport_fastrtps_c.h
[19.473s] -- Installing: /workspaces/aprs/aprs_ws/install/realsense2_camera_msgs/lib/librealsense2_camera_msgs__rosidl_typesupport_fastrtps_c.so
[19.473s] -- Set runtime path of "/workspaces/aprs/aprs_ws/install/realsense2_camera_msgs/lib/librealsense2_camera_msgs__rosidl_typesupport_fastrtps_c.so" to ""
[19.473s] -- Up-to-date: /workspaces/aprs/aprs_ws/install/realsense2_camera_msgs/include/realsense2_camera_msgs/realsense2_camera_msgs
[19.473s] -- Up-to-date: /workspaces/aprs/aprs_ws/install/realsense2_camera_msgs/include/realsense2_camera_msgs/realsense2_camera_msgs/srv
[19.473s] -- Up-to-date: /workspaces/aprs/aprs_ws/install/realsense2_camera_msgs/include/realsense2_camera_msgs/realsense2_camera_msgs/srv/detail
[19.473s] -- Installing: /workspaces/aprs/aprs_ws/install/realsense2_camera_msgs/include/realsense2_camera_msgs/realsense2_camera_msgs/srv/detail/device_info__type_support.c
[19.473s] -- Installing: /workspaces/aprs/aprs_ws/install/realsense2_camera_msgs/include/realsense2_camera_msgs/realsense2_camera_msgs/srv/detail/device_info__rosidl_typesupport_introspection_c.h
[19.474s] -- Up-to-date: /workspaces/aprs/aprs_ws/install/realsense2_camera_msgs/include/realsense2_camera_msgs/realsense2_camera_msgs/msg
[19.474s] -- Installing: /workspaces/aprs/aprs_ws/install/realsense2_camera_msgs/include/realsense2_camera_msgs/realsense2_camera_msgs/msg/rosidl_typesupport_introspection_c__visibility_control.h
[19.474s] -- Up-to-date: /workspaces/aprs/aprs_ws/install/realsense2_camera_msgs/include/realsense2_camera_msgs/realsense2_camera_msgs/msg/detail
[19.474s] -- Installing: /workspaces/aprs/aprs_ws/install/realsense2_camera_msgs/include/realsense2_camera_msgs/realsense2_camera_msgs/msg/detail/extrinsics__type_support.c
[19.474s] -- Installing: /workspaces/aprs/aprs_ws/install/realsense2_camera_msgs/include/realsense2_camera_msgs/realsense2_camera_msgs/msg/detail/extrinsics__rosidl_typesupport_introspection_c.h
[19.474s] -- Installing: /workspaces/aprs/aprs_ws/install/realsense2_camera_msgs/include/realsense2_camera_msgs/realsense2_camera_msgs/msg/detail/metadata__type_support.c
[19.474s] -- Installing: /workspaces/aprs/aprs_ws/install/realsense2_camera_msgs/include/realsense2_camera_msgs/realsense2_camera_msgs/msg/detail/imu_info__type_support.c
[19.474s] -- Installing: /workspaces/aprs/aprs_ws/install/realsense2_camera_msgs/include/realsense2_camera_msgs/realsense2_camera_msgs/msg/detail/rgbd__rosidl_typesupport_introspection_c.h
[19.474s] -- Installing: /workspaces/aprs/aprs_ws/install/realsense2_camera_msgs/include/realsense2_camera_msgs/realsense2_camera_msgs/msg/detail/metadata__rosidl_typesupport_introspection_c.h
[19.474s] -- Installing: /workspaces/aprs/aprs_ws/install/realsense2_camera_msgs/include/realsense2_camera_msgs/realsense2_camera_msgs/msg/detail/rgbd__type_support.c
[19.474s] -- Installing: /workspaces/aprs/aprs_ws/install/realsense2_camera_msgs/include/realsense2_camera_msgs/realsense2_camera_msgs/msg/detail/imu_info__rosidl_typesupport_introspection_c.h
[19.498s] -- Installing: /workspaces/aprs/aprs_ws/install/realsense2_camera_msgs/lib/librealsense2_camera_msgs__rosidl_typesupport_introspection_c.so
[19.498s] -- Set runtime path of "/workspaces/aprs/aprs_ws/install/realsense2_camera_msgs/lib/librealsense2_camera_msgs__rosidl_typesupport_introspection_c.so" to ""
[19.498s] -- Installing: /workspaces/aprs/aprs_ws/install/realsense2_camera_msgs/lib/librealsense2_camera_msgs__rosidl_typesupport_c.so
[19.498s] -- Set runtime path of "/workspaces/aprs/aprs_ws/install/realsense2_camera_msgs/lib/librealsense2_camera_msgs__rosidl_typesupport_c.so" to ""
[19.498s] -- Up-to-date: /workspaces/aprs/aprs_ws/install/realsense2_camera_msgs/include/realsense2_camera_msgs/realsense2_camera_msgs
[19.498s] -- Up-to-date: /workspaces/aprs/aprs_ws/install/realsense2_camera_msgs/include/realsense2_camera_msgs/realsense2_camera_msgs/srv
[19.498s] -- Installing: /workspaces/aprs/aprs_ws/install/realsense2_camera_msgs/include/realsense2_camera_msgs/realsense2_camera_msgs/srv/device_info.hpp
[19.498s] -- Up-to-date: /workspaces/aprs/aprs_ws/install/realsense2_camera_msgs/include/realsense2_camera_msgs/realsense2_camera_msgs/srv/detail
[19.499s] -- Installing: /workspaces/aprs/aprs_ws/install/realsense2_camera_msgs/include/realsense2_camera_msgs/realsense2_camera_msgs/srv/detail/device_info__type_support.hpp
[19.499s] -- Installing: /workspaces/aprs/aprs_ws/install/realsense2_camera_msgs/include/realsense2_camera_msgs/realsense2_camera_msgs/srv/detail/device_info__traits.hpp
[19.499s] -- Installing: /workspaces/aprs/aprs_ws/install/realsense2_camera_msgs/include/realsense2_camera_msgs/realsense2_camera_msgs/srv/detail/device_info__struct.hpp
[19.499s] -- Installing: /workspaces/aprs/aprs_ws/install/realsense2_camera_msgs/include/realsense2_camera_msgs/realsense2_camera_msgs/srv/detail/device_info__builder.hpp
[19.499s] -- Up-to-date: /workspaces/aprs/aprs_ws/install/realsense2_camera_msgs/include/realsense2_camera_msgs/realsense2_camera_msgs/msg
[19.499s] -- Installing: /workspaces/aprs/aprs_ws/install/realsense2_camera_msgs/include/realsense2_camera_msgs/realsense2_camera_msgs/msg/imu_info.hpp
[19.499s] -- Installing: /workspaces/aprs/aprs_ws/install/realsense2_camera_msgs/include/realsense2_camera_msgs/realsense2_camera_msgs/msg/extrinsics.hpp
[19.499s] -- Installing: /workspaces/aprs/aprs_ws/install/realsense2_camera_msgs/include/realsense2_camera_msgs/realsense2_camera_msgs/msg/metadata.hpp
[19.500s] -- Installing: /workspaces/aprs/aprs_ws/install/realsense2_camera_msgs/include/realsense2_camera_msgs/realsense2_camera_msgs/msg/rosidl_generator_cpp__visibility_control.hpp
[19.500s] -- Up-to-date: /workspaces/aprs/aprs_ws/install/realsense2_camera_msgs/include/realsense2_camera_msgs/realsense2_camera_msgs/msg/detail
[19.500s] -- Installing: /workspaces/aprs/aprs_ws/install/realsense2_camera_msgs/include/realsense2_camera_msgs/realsense2_camera_msgs/msg/detail/imu_info__builder.hpp
[19.500s] -- Installing: /workspaces/aprs/aprs_ws/install/realsense2_camera_msgs/include/realsense2_camera_msgs/realsense2_camera_msgs/msg/detail/imu_info__traits.hpp
[19.500s] -- Installing: /workspaces/aprs/aprs_ws/install/realsense2_camera_msgs/include/realsense2_camera_msgs/realsense2_camera_msgs/msg/detail/extrinsics__type_support.hpp
[19.501s] -- Installing: /workspaces/aprs/aprs_ws/install/realsense2_camera_msgs/include/realsense2_camera_msgs/realsense2_camera_msgs/msg/detail/rgbd__builder.hpp
[19.501s] -- Installing: /workspaces/aprs/aprs_ws/install/realsense2_camera_msgs/include/realsense2_camera_msgs/realsense2_camera_msgs/msg/detail/imu_info__type_support.hpp
[19.501s] -- Installing: /workspaces/aprs/aprs_ws/install/realsense2_camera_msgs/include/realsense2_camera_msgs/realsense2_camera_msgs/msg/detail/metadata__struct.hpp
[19.501s] -- Installing: /workspaces/aprs/aprs_ws/install/realsense2_camera_msgs/include/realsense2_camera_msgs/realsense2_camera_msgs/msg/detail/rgbd__traits.hpp
[19.501s] -- Installing: /workspaces/aprs/aprs_ws/install/realsense2_camera_msgs/include/realsense2_camera_msgs/realsense2_camera_msgs/msg/detail/extrinsics__struct.hpp
[19.501s] -- Installing: /workspaces/aprs/aprs_ws/install/realsense2_camera_msgs/include/realsense2_camera_msgs/realsense2_camera_msgs/msg/detail/metadata__traits.hpp
[19.501s] -- Installing: /workspaces/aprs/aprs_ws/install/realsense2_camera_msgs/include/realsense2_camera_msgs/realsense2_camera_msgs/msg/detail/rgbd__type_support.hpp
[19.503s] -- Installing: /workspaces/aprs/aprs_ws/install/realsense2_camera_msgs/include/realsense2_camera_msgs/realsense2_camera_msgs/msg/detail/imu_info__struct.hpp
[19.503s] -- Installing: /workspaces/aprs/aprs_ws/install/realsense2_camera_msgs/include/realsense2_camera_msgs/realsense2_camera_msgs/msg/detail/extrinsics__traits.hpp
[19.503s] -- Installing: /workspaces/aprs/aprs_ws/install/realsense2_camera_msgs/include/realsense2_camera_msgs/realsense2_camera_msgs/msg/detail/extrinsics__builder.hpp
[19.503s] -- Installing: /workspaces/aprs/aprs_ws/install/realsense2_camera_msgs/include/realsense2_camera_msgs/realsense2_camera_msgs/msg/detail/metadata__builder.hpp
[19.504s] -- Installing: /workspaces/aprs/aprs_ws/install/realsense2_camera_msgs/include/realsense2_camera_msgs/realsense2_camera_msgs/msg/detail/metadata__type_support.hpp
[19.504s] -- Installing: /workspaces/aprs/aprs_ws/install/realsense2_camera_msgs/include/realsense2_camera_msgs/realsense2_camera_msgs/msg/detail/rgbd__struct.hpp
[19.504s] -- Installing: /workspaces/aprs/aprs_ws/install/realsense2_camera_msgs/include/realsense2_camera_msgs/realsense2_camera_msgs/msg/rgbd.hpp
[19.504s] -- Up-to-date: /workspaces/aprs/aprs_ws/install/realsense2_camera_msgs/include/realsense2_camera_msgs/realsense2_camera_msgs
[19.504s] -- Up-to-date: /workspaces/aprs/aprs_ws/install/realsense2_camera_msgs/include/realsense2_camera_msgs/realsense2_camera_msgs/srv
[19.504s] -- Up-to-date: /workspaces/aprs/aprs_ws/install/realsense2_camera_msgs/include/realsense2_camera_msgs/realsense2_camera_msgs/srv/detail
[19.504s] -- Installing: /workspaces/aprs/aprs_ws/install/realsense2_camera_msgs/include/realsense2_camera_msgs/realsense2_camera_msgs/srv/detail/dds_fastrtps
[19.504s] -- Installing: /workspaces/aprs/aprs_ws/install/realsense2_camera_msgs/include/realsense2_camera_msgs/realsense2_camera_msgs/srv/detail/device_info__rosidl_typesupport_fastrtps_cpp.hpp
[19.508s] -- Up-to-date: /workspaces/aprs/aprs_ws/install/realsense2_camera_msgs/include/realsense2_camera_msgs/realsense2_camera_msgs/msg
[19.508s] -- Installing: /workspaces/aprs/aprs_ws/install/realsense2_camera_msgs/include/realsense2_camera_msgs/realsense2_camera_msgs/msg/rosidl_typesupport_fastrtps_cpp__visibility_control.h
[19.509s] -- Up-to-date: /workspaces/aprs/aprs_ws/install/realsense2_camera_msgs/include/realsense2_camera_msgs/realsense2_camera_msgs/msg/detail
[19.509s] -- Installing: /workspaces/aprs/aprs_ws/install/realsense2_camera_msgs/include/realsense2_camera_msgs/realsense2_camera_msgs/msg/detail/dds_fastrtps
[19.509s] -- Installing: /workspaces/aprs/aprs_ws/install/realsense2_camera_msgs/include/realsense2_camera_msgs/realsense2_camera_msgs/msg/detail/imu_info__rosidl_typesupport_fastrtps_cpp.hpp
[19.509s] -- Installing: /workspaces/aprs/aprs_ws/install/realsense2_camera_msgs/include/realsense2_camera_msgs/realsense2_camera_msgs/msg/detail/metadata__rosidl_typesupport_fastrtps_cpp.hpp
[19.509s] -- Installing: /workspaces/aprs/aprs_ws/install/realsense2_camera_msgs/include/realsense2_camera_msgs/realsense2_camera_msgs/msg/detail/extrinsics__rosidl_typesupport_fastrtps_cpp.hpp
[19.509s] -- Installing: /workspaces/aprs/aprs_ws/install/realsense2_camera_msgs/include/realsense2_camera_msgs/realsense2_camera_msgs/msg/detail/rgbd__rosidl_typesupport_fastrtps_cpp.hpp
[19.509s] -- Installing: /workspaces/aprs/aprs_ws/install/realsense2_camera_msgs/lib/librealsense2_camera_msgs__rosidl_typesupport_fastrtps_cpp.so
[19.509s] -- Set runtime path of "/workspaces/aprs/aprs_ws/install/realsense2_camera_msgs/lib/librealsense2_camera_msgs__rosidl_typesupport_fastrtps_cpp.so" to ""
[19.509s] -- Up-to-date: /workspaces/aprs/aprs_ws/install/realsense2_camera_msgs/include/realsense2_camera_msgs/realsense2_camera_msgs
[19.509s] -- Up-to-date: /workspaces/aprs/aprs_ws/install/realsense2_camera_msgs/include/realsense2_camera_msgs/realsense2_camera_msgs/srv
[19.510s] -- Up-to-date: /workspaces/aprs/aprs_ws/install/realsense2_camera_msgs/include/realsense2_camera_msgs/realsense2_camera_msgs/srv/detail
[19.510s] -- Installing: /workspaces/aprs/aprs_ws/install/realsense2_camera_msgs/include/realsense2_camera_msgs/realsense2_camera_msgs/srv/detail/device_info__type_support.cpp
[19.510s] -- Installing: /workspaces/aprs/aprs_ws/install/realsense2_camera_msgs/include/realsense2_camera_msgs/realsense2_camera_msgs/srv/detail/device_info__rosidl_typesupport_introspection_cpp.hpp
[19.510s] -- Up-to-date: /workspaces/aprs/aprs_ws/install/realsense2_camera_msgs/include/realsense2_camera_msgs/realsense2_camera_msgs/msg
[19.510s] -- Up-to-date: /workspaces/aprs/aprs_ws/install/realsense2_camera_msgs/include/realsense2_camera_msgs/realsense2_camera_msgs/msg/detail
[19.510s] -- Installing: /workspaces/aprs/aprs_ws/install/realsense2_camera_msgs/include/realsense2_camera_msgs/realsense2_camera_msgs/msg/detail/rgbd__rosidl_typesupport_introspection_cpp.hpp
[19.511s] -- Installing: /workspaces/aprs/aprs_ws/install/realsense2_camera_msgs/include/realsense2_camera_msgs/realsense2_camera_msgs/msg/detail/imu_info__type_support.cpp
[19.511s] -- Installing: /workspaces/aprs/aprs_ws/install/realsense2_camera_msgs/include/realsense2_camera_msgs/realsense2_camera_msgs/msg/detail/rgbd__type_support.cpp
[19.511s] -- Installing: /workspaces/aprs/aprs_ws/install/realsense2_camera_msgs/include/realsense2_camera_msgs/realsense2_camera_msgs/msg/detail/metadata__type_support.cpp
[19.511s] -- Installing: /workspaces/aprs/aprs_ws/install/realsense2_camera_msgs/include/realsense2_camera_msgs/realsense2_camera_msgs/msg/detail/extrinsics__type_support.cpp
[19.511s] -- Installing: /workspaces/aprs/aprs_ws/install/realsense2_camera_msgs/include/realsense2_camera_msgs/realsense2_camera_msgs/msg/detail/extrinsics__rosidl_typesupport_introspection_cpp.hpp
[19.511s] -- Installing: /workspaces/aprs/aprs_ws/install/realsense2_camera_msgs/include/realsense2_camera_msgs/realsense2_camera_msgs/msg/detail/metadata__rosidl_typesupport_introspection_cpp.hpp
[19.511s] -- Installing: /workspaces/aprs/aprs_ws/install/realsense2_camera_msgs/include/realsense2_camera_msgs/realsense2_camera_msgs/msg/detail/imu_info__rosidl_typesupport_introspection_cpp.hpp
[19.511s] -- Installing: /workspaces/aprs/aprs_ws/install/realsense2_camera_msgs/lib/librealsense2_camera_msgs__rosidl_typesupport_introspection_cpp.so
[19.511s] -- Set runtime path of "/workspaces/aprs/aprs_ws/install/realsense2_camera_msgs/lib/librealsense2_camera_msgs__rosidl_typesupport_introspection_cpp.so" to ""
[19.511s] -- Installing: /workspaces/aprs/aprs_ws/install/realsense2_camera_msgs/lib/librealsense2_camera_msgs__rosidl_typesupport_cpp.so
[19.511s] -- Set runtime path of "/workspaces/aprs/aprs_ws/install/realsense2_camera_msgs/lib/librealsense2_camera_msgs__rosidl_typesupport_cpp.so" to ""
[19.511s] -- Installing: /workspaces/aprs/aprs_ws/install/realsense2_camera_msgs/share/realsense2_camera_msgs/environment/pythonpath.sh
[19.512s] -- Installing: /workspaces/aprs/aprs_ws/install/realsense2_camera_msgs/share/realsense2_camera_msgs/environment/pythonpath.dsv
[19.512s] -- Installing: /workspaces/aprs/aprs_ws/install/realsense2_camera_msgs/lib/python3.10/site-packages/realsense2_camera_msgs-4.54.1-py3.10.egg-info
[19.512s] -- Installing: /workspaces/aprs/aprs_ws/install/realsense2_camera_msgs/lib/python3.10/site-packages/realsense2_camera_msgs-4.54.1-py3.10.egg-info/dependency_links.txt
[19.512s] -- Installing: /workspaces/aprs/aprs_ws/install/realsense2_camera_msgs/lib/python3.10/site-packages/realsense2_camera_msgs-4.54.1-py3.10.egg-info/PKG-INFO
[19.534s] -- Installing: /workspaces/aprs/aprs_ws/install/realsense2_camera_msgs/lib/python3.10/site-packages/realsense2_camera_msgs-4.54.1-py3.10.egg-info/SOURCES.txt
[19.534s] -- Installing: /workspaces/aprs/aprs_ws/install/realsense2_camera_msgs/lib/python3.10/site-packages/realsense2_camera_msgs-4.54.1-py3.10.egg-info/top_level.txt
[19.534s] -- Installing: /workspaces/aprs/aprs_ws/install/realsense2_camera_msgs/lib/python3.10/site-packages/realsense2_camera_msgs
[19.535s] -- Installing: /workspaces/aprs/aprs_ws/install/realsense2_camera_msgs/lib/python3.10/site-packages/realsense2_camera_msgs/_realsense2_camera_msgs_s.ep.rosidl_typesupport_fastrtps_c.c
[19.535s] -- Installing: /workspaces/aprs/aprs_ws/install/realsense2_camera_msgs/lib/python3.10/site-packages/realsense2_camera_msgs/__init__.py
[19.535s] -- Installing: /workspaces/aprs/aprs_ws/install/realsense2_camera_msgs/lib/python3.10/site-packages/realsense2_camera_msgs/srv
[19.535s] -- Installing: /workspaces/aprs/aprs_ws/install/realsense2_camera_msgs/lib/python3.10/site-packages/realsense2_camera_msgs/srv/__init__.py
[19.535s] -- Installing: /workspaces/aprs/aprs_ws/install/realsense2_camera_msgs/lib/python3.10/site-packages/realsense2_camera_msgs/srv/_device_info_s.c
[19.535s] -- Installing: /workspaces/aprs/aprs_ws/install/realsense2_camera_msgs/lib/python3.10/site-packages/realsense2_camera_msgs/srv/_device_info.py
[19.535s] -- Installing: /workspaces/aprs/aprs_ws/install/realsense2_camera_msgs/lib/python3.10/site-packages/realsense2_camera_msgs/realsense2_camera_msgs_s__rosidl_typesupport_c.cpython-310-x86_64-linux-gnu.so
[19.535s] -- Installing: /workspaces/aprs/aprs_ws/install/realsense2_camera_msgs/lib/python3.10/site-packages/realsense2_camera_msgs/_realsense2_camera_msgs_s.ep.rosidl_typesupport_introspection_c.c
[19.536s] -- Installing: /workspaces/aprs/aprs_ws/install/realsense2_camera_msgs/lib/python3.10/site-packages/realsense2_camera_msgs/realsense2_camera_msgs_s__rosidl_typesupport_introspection_c.cpython-310-x86_64-linux-gnu.so
[19.536s] -- Installing: /workspaces/aprs/aprs_ws/install/realsense2_camera_msgs/lib/python3.10/site-packages/realsense2_camera_msgs/realsense2_camera_msgs_s__rosidl_typesupport_fastrtps_c.cpython-310-x86_64-linux-gnu.so
[19.536s] -- Installing: /workspaces/aprs/aprs_ws/install/realsense2_camera_msgs/lib/python3.10/site-packages/realsense2_camera_msgs/_realsense2_camera_msgs_s.ep.rosidl_typesupport_c.c
[19.536s] -- Installing: /workspaces/aprs/aprs_ws/install/realsense2_camera_msgs/lib/python3.10/site-packages/realsense2_camera_msgs/msg
[19.536s] -- Installing: /workspaces/aprs/aprs_ws/install/realsense2_camera_msgs/lib/python3.10/site-packages/realsense2_camera_msgs/msg/__init__.py
[19.536s] -- Installing: /workspaces/aprs/aprs_ws/install/realsense2_camera_msgs/lib/python3.10/site-packages/realsense2_camera_msgs/msg/_imu_info.py
[19.536s] -- Installing: /workspaces/aprs/aprs_ws/install/realsense2_camera_msgs/lib/python3.10/site-packages/realsense2_camera_msgs/msg/_rgbd.py
[19.536s] -- Installing: /workspaces/aprs/aprs_ws/install/realsense2_camera_msgs/lib/python3.10/site-packages/realsense2_camera_msgs/msg/_rgbd_s.c
[19.536s] -- Installing: /workspaces/aprs/aprs_ws/install/realsense2_camera_msgs/lib/python3.10/site-packages/realsense2_camera_msgs/msg/_metadata.py
[19.537s] -- Installing: /workspaces/aprs/aprs_ws/install/realsense2_camera_msgs/lib/python3.10/site-packages/realsense2_camera_msgs/msg/_imu_info_s.c
[19.537s] -- Installing: /workspaces/aprs/aprs_ws/install/realsense2_camera_msgs/lib/python3.10/site-packages/realsense2_camera_msgs/msg/_metadata_s.c
[19.537s] -- Installing: /workspaces/aprs/aprs_ws/install/realsense2_camera_msgs/lib/python3.10/site-packages/realsense2_camera_msgs/msg/_extrinsics.py
[19.537s] -- Installing: /workspaces/aprs/aprs_ws/install/realsense2_camera_msgs/lib/python3.10/site-packages/realsense2_camera_msgs/msg/_extrinsics_s.c
[19.537s] -- Installing: /workspaces/aprs/aprs_ws/install/realsense2_camera_msgs/lib/python3.10/site-packages/realsense2_camera_msgs/librealsense2_camera_msgs__rosidl_generator_py.so
[19.741s] Listing '/workspaces/aprs/aprs_ws/install/realsense2_camera_msgs/lib/python3.10/site-packages/realsense2_camera_msgs'...
[19.741s] Compiling '/workspaces/aprs/aprs_ws/install/realsense2_camera_msgs/lib/python3.10/site-packages/realsense2_camera_msgs/__init__.py'...
[19.742s] Listing '/workspaces/aprs/aprs_ws/install/realsense2_camera_msgs/lib/python3.10/site-packages/realsense2_camera_msgs/msg'...
[19.742s] Compiling '/workspaces/aprs/aprs_ws/install/realsense2_camera_msgs/lib/python3.10/site-packages/realsense2_camera_msgs/msg/__init__.py'...
[19.742s] Compiling '/workspaces/aprs/aprs_ws/install/realsense2_camera_msgs/lib/python3.10/site-packages/realsense2_camera_msgs/msg/_extrinsics.py'...
[19.742s] Compiling '/workspaces/aprs/aprs_ws/install/realsense2_camera_msgs/lib/python3.10/site-packages/realsense2_camera_msgs/msg/_imu_info.py'...
[19.742s] Compiling '/workspaces/aprs/aprs_ws/install/realsense2_camera_msgs/lib/python3.10/site-packages/realsense2_camera_msgs/msg/_metadata.py'...
[19.742s] Compiling '/workspaces/aprs/aprs_ws/install/realsense2_camera_msgs/lib/python3.10/site-packages/realsense2_camera_msgs/msg/_rgbd.py'...
[19.742s] Listing '/workspaces/aprs/aprs_ws/install/realsense2_camera_msgs/lib/python3.10/site-packages/realsense2_camera_msgs/srv'...
[19.743s] Compiling '/workspaces/aprs/aprs_ws/install/realsense2_camera_msgs/lib/python3.10/site-packages/realsense2_camera_msgs/srv/__init__.py'...
[19.743s] Compiling '/workspaces/aprs/aprs_ws/install/realsense2_camera_msgs/lib/python3.10/site-packages/realsense2_camera_msgs/srv/_device_info.py'...
[19.801s] -- Installing: /workspaces/aprs/aprs_ws/install/realsense2_camera_msgs/lib/python3.10/site-packages/realsense2_camera_msgs/realsense2_camera_msgs_s__rosidl_typesupport_fastrtps_c.cpython-310-x86_64-linux-gnu.so
[19.801s] -- Set runtime path of "/workspaces/aprs/aprs_ws/install/realsense2_camera_msgs/lib/python3.10/site-packages/realsense2_camera_msgs/realsense2_camera_msgs_s__rosidl_typesupport_fastrtps_c.cpython-310-x86_64-linux-gnu.so" to ""
[19.802s] -- Installing: /workspaces/aprs/aprs_ws/install/realsense2_camera_msgs/lib/python3.10/site-packages/realsense2_camera_msgs/realsense2_camera_msgs_s__rosidl_typesupport_introspection_c.cpython-310-x86_64-linux-gnu.so
[19.802s] -- Set runtime path of "/workspaces/aprs/aprs_ws/install/realsense2_camera_msgs/lib/python3.10/site-packages/realsense2_camera_msgs/realsense2_camera_msgs_s__rosidl_typesupport_introspection_c.cpython-310-x86_64-linux-gnu.so" to ""
[19.802s] -- Installing: /workspaces/aprs/aprs_ws/install/realsense2_camera_msgs/lib/python3.10/site-packages/realsense2_camera_msgs/realsense2_camera_msgs_s__rosidl_typesupport_c.cpython-310-x86_64-linux-gnu.so
[19.803s] -- Set runtime path of "/workspaces/aprs/aprs_ws/install/realsense2_camera_msgs/lib/python3.10/site-packages/realsense2_camera_msgs/realsense2_camera_msgs_s__rosidl_typesupport_c.cpython-310-x86_64-linux-gnu.so" to ""
[19.803s] -- Installing: /workspaces/aprs/aprs_ws/install/realsense2_camera_msgs/lib/librealsense2_camera_msgs__rosidl_generator_py.so
[19.805s] -- Set runtime path of "/workspaces/aprs/aprs_ws/install/realsense2_camera_msgs/lib/librealsense2_camera_msgs__rosidl_generator_py.so" to ""
[19.805s] -- Installing: /workspaces/aprs/aprs_ws/install/realsense2_camera_msgs/share/realsense2_camera_msgs/msg/IMUInfo.idl
[19.806s] -- Installing: /workspaces/aprs/aprs_ws/install/realsense2_camera_msgs/share/realsense2_camera_msgs/msg/Extrinsics.idl
[19.806s] -- Installing: /workspaces/aprs/aprs_ws/install/realsense2_camera_msgs/share/realsense2_camera_msgs/msg/Metadata.idl
[19.806s] -- Installing: /workspaces/aprs/aprs_ws/install/realsense2_camera_msgs/share/realsense2_camera_msgs/msg/RGBD.idl
[19.806s] -- Installing: /workspaces/aprs/aprs_ws/install/realsense2_camera_msgs/share/realsense2_camera_msgs/srv/DeviceInfo.idl
[19.807s] -- Installing: /workspaces/aprs/aprs_ws/install/realsense2_camera_msgs/share/realsense2_camera_msgs/msg/IMUInfo.msg
[19.807s] -- Installing: /workspaces/aprs/aprs_ws/install/realsense2_camera_msgs/share/realsense2_camera_msgs/msg/Extrinsics.msg
[19.807s] -- Installing: /workspaces/aprs/aprs_ws/install/realsense2_camera_msgs/share/realsense2_camera_msgs/msg/Metadata.msg
[19.807s] -- Installing: /workspaces/aprs/aprs_ws/install/realsense2_camera_msgs/share/realsense2_camera_msgs/msg/RGBD.msg
[19.807s] -- Installing: /workspaces/aprs/aprs_ws/install/realsense2_camera_msgs/share/realsense2_camera_msgs/srv/DeviceInfo.srv
[19.808s] -- Installing: /workspaces/aprs/aprs_ws/install/realsense2_camera_msgs/share/ament_index/resource_index/package_run_dependencies/realsense2_camera_msgs
[19.808s] -- Installing: /workspaces/aprs/aprs_ws/install/realsense2_camera_msgs/share/ament_index/resource_index/parent_prefix_path/realsense2_camera_msgs
[19.808s] -- Installing: /workspaces/aprs/aprs_ws/install/realsense2_camera_msgs/share/realsense2_camera_msgs/environment/ament_prefix_path.sh
[19.808s] -- Installing: /workspaces/aprs/aprs_ws/install/realsense2_camera_msgs/share/realsense2_camera_msgs/environment/ament_prefix_path.dsv
[19.808s] -- Installing: /workspaces/aprs/aprs_ws/install/realsense2_camera_msgs/share/realsense2_camera_msgs/environment/path.sh
[19.809s] -- Installing: /workspaces/aprs/aprs_ws/install/realsense2_camera_msgs/share/realsense2_camera_msgs/environment/path.dsv
[19.809s] -- Installing: /workspaces/aprs/aprs_ws/install/realsense2_camera_msgs/share/realsense2_camera_msgs/local_setup.bash
[19.809s] -- Installing: /workspaces/aprs/aprs_ws/install/realsense2_camera_msgs/share/realsense2_camera_msgs/local_setup.sh
[19.809s] -- Installing: /workspaces/aprs/aprs_ws/install/realsense2_camera_msgs/share/realsense2_camera_msgs/local_setup.zsh
[19.810s] -- Installing: /workspaces/aprs/aprs_ws/install/realsense2_camera_msgs/share/realsense2_camera_msgs/local_setup.dsv
[19.810s] -- Installing: /workspaces/aprs/aprs_ws/install/realsense2_camera_msgs/share/realsense2_camera_msgs/package.dsv
[19.810s] -- Installing: /workspaces/aprs/aprs_ws/install/realsense2_camera_msgs/share/ament_index/resource_index/packages/realsense2_camera_msgs
[19.810s] -- Installing: /workspaces/aprs/aprs_ws/install/realsense2_camera_msgs/share/realsense2_camera_msgs/cmake/export_realsense2_camera_msgs__rosidl_generator_cExport.cmake
[19.811s] -- Installing: /workspaces/aprs/aprs_ws/install/realsense2_camera_msgs/share/realsense2_camera_msgs/cmake/export_realsense2_camera_msgs__rosidl_generator_cExport-noconfig.cmake
[19.811s] -- Installing: /workspaces/aprs/aprs_ws/install/realsense2_camera_msgs/share/realsense2_camera_msgs/cmake/export_realsense2_camera_msgs__rosidl_typesupport_fastrtps_cExport.cmake
[19.811s] -- Installing: /workspaces/aprs/aprs_ws/install/realsense2_camera_msgs/share/realsense2_camera_msgs/cmake/export_realsense2_camera_msgs__rosidl_typesupport_fastrtps_cExport-noconfig.cmake
[19.811s] -- Installing: /workspaces/aprs/aprs_ws/install/realsense2_camera_msgs/share/realsense2_camera_msgs/cmake/realsense2_camera_msgs__rosidl_typesupport_introspection_cExport.cmake
[19.811s] -- Installing: /workspaces/aprs/aprs_ws/install/realsense2_camera_msgs/share/realsense2_camera_msgs/cmake/realsense2_camera_msgs__rosidl_typesupport_introspection_cExport-noconfig.cmake
[19.812s] -- Installing: /workspaces/aprs/aprs_ws/install/realsense2_camera_msgs/share/realsense2_camera_msgs/cmake/realsense2_camera_msgs__rosidl_typesupport_cExport.cmake
[19.812s] -- Installing: /workspaces/aprs/aprs_ws/install/realsense2_camera_msgs/share/realsense2_camera_msgs/cmake/realsense2_camera_msgs__rosidl_typesupport_cExport-noconfig.cmake
[19.813s] -- Installing: /workspaces/aprs/aprs_ws/install/realsense2_camera_msgs/share/realsense2_camera_msgs/cmake/export_realsense2_camera_msgs__rosidl_generator_cppExport.cmake
[19.813s] -- Installing: /workspaces/aprs/aprs_ws/install/realsense2_camera_msgs/share/realsense2_camera_msgs/cmake/export_realsense2_camera_msgs__rosidl_typesupport_fastrtps_cppExport.cmake
[19.813s] -- Installing: /workspaces/aprs/aprs_ws/install/realsense2_camera_msgs/share/realsense2_camera_msgs/cmake/export_realsense2_camera_msgs__rosidl_typesupport_fastrtps_cppExport-noconfig.cmake
[19.813s] -- Installing: /workspaces/aprs/aprs_ws/install/realsense2_camera_msgs/share/realsense2_camera_msgs/cmake/realsense2_camera_msgs__rosidl_typesupport_introspection_cppExport.cmake
[19.813s] -- Installing: /workspaces/aprs/aprs_ws/install/realsense2_camera_msgs/share/realsense2_camera_msgs/cmake/realsense2_camera_msgs__rosidl_typesupport_introspection_cppExport-noconfig.cmake
[19.814s] -- Installing: /workspaces/aprs/aprs_ws/install/realsense2_camera_msgs/share/realsense2_camera_msgs/cmake/realsense2_camera_msgs__rosidl_typesupport_cppExport.cmake
[19.814s] -- Installing: /workspaces/aprs/aprs_ws/install/realsense2_camera_msgs/share/realsense2_camera_msgs/cmake/realsense2_camera_msgs__rosidl_typesupport_cppExport-noconfig.cmake
[19.814s] -- Installing: /workspaces/aprs/aprs_ws/install/realsense2_camera_msgs/share/realsense2_camera_msgs/cmake/export_realsense2_camera_msgs__rosidl_generator_pyExport.cmake
[19.814s] -- Installing: /workspaces/aprs/aprs_ws/install/realsense2_camera_msgs/share/realsense2_camera_msgs/cmake/export_realsense2_camera_msgs__rosidl_generator_pyExport-noconfig.cmake
[19.814s] -- Installing: /workspaces/aprs/aprs_ws/install/realsense2_camera_msgs/share/realsense2_camera_msgs/cmake/rosidl_cmake-extras.cmake
[19.814s] -- Installing: /workspaces/aprs/aprs_ws/install/realsense2_camera_msgs/share/realsense2_camera_msgs/cmake/ament_cmake_export_dependencies-extras.cmake
[19.815s] -- Installing: /workspaces/aprs/aprs_ws/install/realsense2_camera_msgs/share/realsense2_camera_msgs/cmake/ament_cmake_export_include_directories-extras.cmake
[19.815s] -- Installing: /workspaces/aprs/aprs_ws/install/realsense2_camera_msgs/share/realsense2_camera_msgs/cmake/ament_cmake_export_libraries-extras.cmake
[19.815s] -- Installing: /workspaces/aprs/aprs_ws/install/realsense2_camera_msgs/share/realsense2_camera_msgs/cmake/ament_cmake_export_targets-extras.cmake
[19.815s] -- Installing: /workspaces/aprs/aprs_ws/install/realsense2_camera_msgs/share/realsense2_camera_msgs/cmake/rosidl_cmake_export_typesupport_targets-extras.cmake
[19.815s] -- Installing: /workspaces/aprs/aprs_ws/install/realsense2_camera_msgs/share/realsense2_camera_msgs/cmake/rosidl_cmake_export_typesupport_libraries-extras.cmake
[19.816s] -- Installing: /workspaces/aprs/aprs_ws/install/realsense2_camera_msgs/share/realsense2_camera_msgs/cmake/realsense2_camera_msgsConfig.cmake
[19.816s] -- Installing: /workspaces/aprs/aprs_ws/install/realsense2_camera_msgs/share/realsense2_camera_msgs/cmake/realsense2_camera_msgsConfig-version.cmake
[19.816s] -- Installing: /workspaces/aprs/aprs_ws/install/realsense2_camera_msgs/share/realsense2_camera_msgs/package.xml
[19.836s] Invoked command in '/workspaces/aprs/aprs_ws/build/realsense2_camera_msgs' returned '0': CMAKE_PREFIX_PATH=/opt/ros/rolling /usr/bin/cmake --install /workspaces/aprs/aprs_ws/build/realsense2_camera_msgs
