[0.078s] Invoking command in '/workspaces/aprs/aprs_ws/build/ur_msgs': CMAKE_PREFIX_PATH=${CMAKE_PREFIX_PATH}:/opt/ros/rolling /usr/bin/cmake --build /workspaces/aprs/aprs_ws/build/ur_msgs -- -j16 -l16
[0.156s] [  1%] Built target ur_msgs__rosidl_generator_type_description
[0.197s] [  1%] Built target ament_cmake_python_copy_ur_msgs
[0.206s] [ 27%] Built target ur_msgs__rosidl_generator_c
[0.211s] [ 27%] Built target ur_msgs__cpp
[0.323s] [ 45%] Built target ur_msgs__rosidl_typesupport_fastrtps_c
[0.323s] [ 45%] Built target ur_msgs__rosidl_typesupport_c
[0.347s] [ 55%] Built target ur_msgs__rosidl_typesupport_introspection_cpp
[0.347s] [ 64%] Built target ur_msgs__rosidl_typesupport_introspection_c
[0.391s] [ 84%] Built target ur_msgs__rosidl_typesupport_fastrtps_cpp
[0.391s] [ 84%] Built target ur_msgs__rosidl_typesupport_cpp
[0.395s] [ 84%] Built target ur_msgs
[0.397s] [ 85%] Built target ur_msgs__py
[0.428s] [ 94%] Built target ur_msgs__rosidl_generator_py
[0.453s] [ 98%] Built target ur_msgs__rosidl_typesupport_fastrtps_c__pyext
[0.454s] [ 98%] Built target ur_msgs__rosidl_typesupport_introspection_c__pyext
[0.456s] [100%] Built target ur_msgs__rosidl_typesupport_c__pyext
[0.533s] running egg_info
[0.533s] writing ur_msgs.egg-info/PKG-INFO
[0.533s] writing dependency_links to ur_msgs.egg-info/dependency_links.txt
[0.533s] writing top-level names to ur_msgs.egg-info/top_level.txt
[0.534s] reading manifest file 'ur_msgs.egg-info/SOURCES.txt'
[0.535s] writing manifest file 'ur_msgs.egg-info/SOURCES.txt'
[0.562s] [100%] Built target ament_cmake_python_build_ur_msgs_egg
[0.672s] Invoked command in '/workspaces/aprs/aprs_ws/build/ur_msgs' returned '0': CMAKE_PREFIX_PATH=${CMAKE_PREFIX_PATH}:/opt/ros/rolling /usr/bin/cmake --build /workspaces/aprs/aprs_ws/build/ur_msgs -- -j16 -l16
[1.382s] Invoking command in '/workspaces/aprs/aprs_ws/build/ur_msgs': CMAKE_PREFIX_PATH=${CMAKE_PREFIX_PATH}:/opt/ros/rolling /usr/bin/cmake --install /workspaces/aprs/aprs_ws/build/ur_msgs
[1.390s] -- Install configuration: ""
[1.390s] -- Up-to-date: /workspaces/aprs/aprs_ws/install/ur_msgs/share/ament_index/resource_index/rosidl_interfaces/ur_msgs
[1.390s] -- Up-to-date: /workspaces/aprs/aprs_ws/install/ur_msgs/share/ur_msgs/msg/Analog.json
[1.392s] -- Up-to-date: /workspaces/aprs/aprs_ws/install/ur_msgs/share/ur_msgs/msg/Digital.json
[1.392s] -- Up-to-date: /workspaces/aprs/aprs_ws/install/ur_msgs/share/ur_msgs/msg/IOStates.json
[1.392s] -- Up-to-date: /workspaces/aprs/aprs_ws/install/ur_msgs/share/ur_msgs/msg/RobotStateRTMsg.json
[1.392s] -- Up-to-date: /workspaces/aprs/aprs_ws/install/ur_msgs/share/ur_msgs/msg/MasterboardDataMsg.json
[1.392s] -- Up-to-date: /workspaces/aprs/aprs_ws/install/ur_msgs/share/ur_msgs/msg/RobotModeDataMsg.json
[1.393s] -- Up-to-date: /workspaces/aprs/aprs_ws/install/ur_msgs/share/ur_msgs/msg/ToolDataMsg.json
[1.393s] -- Up-to-date: /workspaces/aprs/aprs_ws/install/ur_msgs/share/ur_msgs/srv/SetPayload.json
[1.393s] -- Up-to-date: /workspaces/aprs/aprs_ws/install/ur_msgs/share/ur_msgs/srv/SetSpeedSliderFraction.json
[1.393s] -- Up-to-date: /workspaces/aprs/aprs_ws/install/ur_msgs/share/ur_msgs/srv/SetIO.json
[1.393s] -- Up-to-date: /workspaces/aprs/aprs_ws/install/ur_msgs/include/ur_msgs/ur_msgs
[1.393s] -- Up-to-date: /workspaces/aprs/aprs_ws/install/ur_msgs/include/ur_msgs/ur_msgs/srv
[1.393s] -- Up-to-date: /workspaces/aprs/aprs_ws/install/ur_msgs/include/ur_msgs/ur_msgs/srv/set_io.h
[1.393s] -- Up-to-date: /workspaces/aprs/aprs_ws/install/ur_msgs/include/ur_msgs/ur_msgs/srv/set_speed_slider_fraction.h
[1.393s] -- Up-to-date: /workspaces/aprs/aprs_ws/install/ur_msgs/include/ur_msgs/ur_msgs/srv/set_payload.h
[1.393s] -- Up-to-date: /workspaces/aprs/aprs_ws/install/ur_msgs/include/ur_msgs/ur_msgs/srv/detail
[1.394s] -- Up-to-date: /workspaces/aprs/aprs_ws/install/ur_msgs/include/ur_msgs/ur_msgs/srv/detail/set_payload__functions.h
[1.394s] -- Up-to-date: /workspaces/aprs/aprs_ws/install/ur_msgs/include/ur_msgs/ur_msgs/srv/detail/set_payload__functions.c
[1.394s] -- Up-to-date: /workspaces/aprs/aprs_ws/install/ur_msgs/include/ur_msgs/ur_msgs/srv/detail/set_speed_slider_fraction__description.c
[1.394s] -- Installing: /workspaces/aprs/aprs_ws/install/ur_msgs/include/ur_msgs/ur_msgs/srv/detail/set_io__type_support.c
[1.394s] -- Up-to-date: /workspaces/aprs/aprs_ws/install/ur_msgs/include/ur_msgs/ur_msgs/srv/detail/set_io__type_support.h
[1.395s] -- Installing: /workspaces/aprs/aprs_ws/install/ur_msgs/include/ur_msgs/ur_msgs/srv/detail/set_payload__type_support.c
[1.395s] -- Up-to-date: /workspaces/aprs/aprs_ws/install/ur_msgs/include/ur_msgs/ur_msgs/srv/detail/set_io__description.c
[1.395s] -- Installing: /workspaces/aprs/aprs_ws/install/ur_msgs/include/ur_msgs/ur_msgs/srv/detail/set_speed_slider_fraction__type_support.c
[1.395s] -- Up-to-date: /workspaces/aprs/aprs_ws/install/ur_msgs/include/ur_msgs/ur_msgs/srv/detail/set_io__struct.h
[1.395s] -- Up-to-date: /workspaces/aprs/aprs_ws/install/ur_msgs/include/ur_msgs/ur_msgs/srv/detail/set_payload__type_support.h
[1.395s] -- Up-to-date: /workspaces/aprs/aprs_ws/install/ur_msgs/include/ur_msgs/ur_msgs/srv/detail/set_io__functions.c
[1.396s] -- Up-to-date: /workspaces/aprs/aprs_ws/install/ur_msgs/include/ur_msgs/ur_msgs/srv/detail/set_payload__description.c
[1.396s] -- Up-to-date: /workspaces/aprs/aprs_ws/install/ur_msgs/include/ur_msgs/ur_msgs/srv/detail/set_speed_slider_fraction__functions.h
[1.396s] -- Up-to-date: /workspaces/aprs/aprs_ws/install/ur_msgs/include/ur_msgs/ur_msgs/srv/detail/set_payload__struct.h
[1.396s] -- Up-to-date: /workspaces/aprs/aprs_ws/install/ur_msgs/include/ur_msgs/ur_msgs/srv/detail/set_speed_slider_fraction__type_support.h
[1.398s] -- Up-to-date: /workspaces/aprs/aprs_ws/install/ur_msgs/include/ur_msgs/ur_msgs/srv/detail/set_io__functions.h
[1.399s] -- Up-to-date: /workspaces/aprs/aprs_ws/install/ur_msgs/include/ur_msgs/ur_msgs/srv/detail/set_speed_slider_fraction__struct.h
[1.399s] -- Up-to-date: /workspaces/aprs/aprs_ws/install/ur_msgs/include/ur_msgs/ur_msgs/srv/detail/set_speed_slider_fraction__functions.c
[1.399s] -- Up-to-date: /workspaces/aprs/aprs_ws/install/ur_msgs/include/ur_msgs/ur_msgs/msg
[1.399s] -- Up-to-date: /workspaces/aprs/aprs_ws/install/ur_msgs/include/ur_msgs/ur_msgs/msg/analog.h
[1.399s] -- Up-to-date: /workspaces/aprs/aprs_ws/install/ur_msgs/include/ur_msgs/ur_msgs/msg/tool_data_msg.h
[1.415s] -- Up-to-date: /workspaces/aprs/aprs_ws/install/ur_msgs/include/ur_msgs/ur_msgs/msg/rosidl_generator_c__visibility_control.h
[1.415s] -- Up-to-date: /workspaces/aprs/aprs_ws/install/ur_msgs/include/ur_msgs/ur_msgs/msg/robot_state_rt_msg.h
[1.415s] -- Up-to-date: /workspaces/aprs/aprs_ws/install/ur_msgs/include/ur_msgs/ur_msgs/msg/digital.h
[1.415s] -- Up-to-date: /workspaces/aprs/aprs_ws/install/ur_msgs/include/ur_msgs/ur_msgs/msg/io_states.h
[1.415s] -- Up-to-date: /workspaces/aprs/aprs_ws/install/ur_msgs/include/ur_msgs/ur_msgs/msg/masterboard_data_msg.h
[1.415s] -- Up-to-date: /workspaces/aprs/aprs_ws/install/ur_msgs/include/ur_msgs/ur_msgs/msg/detail
[1.415s] -- Installing: /workspaces/aprs/aprs_ws/install/ur_msgs/include/ur_msgs/ur_msgs/msg/detail/robot_mode_data_msg__type_support.c
[1.415s] -- Up-to-date: /workspaces/aprs/aprs_ws/install/ur_msgs/include/ur_msgs/ur_msgs/msg/detail/io_states__functions.h
[1.416s] -- Up-to-date: /workspaces/aprs/aprs_ws/install/ur_msgs/include/ur_msgs/ur_msgs/msg/detail/tool_data_msg__description.c
[1.416s] -- Up-to-date: /workspaces/aprs/aprs_ws/install/ur_msgs/include/ur_msgs/ur_msgs/msg/detail/io_states__functions.c
[1.416s] -- Up-to-date: /workspaces/aprs/aprs_ws/install/ur_msgs/include/ur_msgs/ur_msgs/msg/detail/robot_mode_data_msg__struct.h
[1.416s] -- Up-to-date: /workspaces/aprs/aprs_ws/install/ur_msgs/include/ur_msgs/ur_msgs/msg/detail/robot_state_rt_msg__struct.h
[1.416s] -- Up-to-date: /workspaces/aprs/aprs_ws/install/ur_msgs/include/ur_msgs/ur_msgs/msg/detail/robot_mode_data_msg__description.c
[1.416s] -- Up-to-date: /workspaces/aprs/aprs_ws/install/ur_msgs/include/ur_msgs/ur_msgs/msg/detail/robot_mode_data_msg__functions.c
[1.416s] -- Up-to-date: /workspaces/aprs/aprs_ws/install/ur_msgs/include/ur_msgs/ur_msgs/msg/detail/robot_state_rt_msg__description.c
[1.416s] -- Up-to-date: /workspaces/aprs/aprs_ws/install/ur_msgs/include/ur_msgs/ur_msgs/msg/detail/tool_data_msg__functions.c
[1.416s] -- Up-to-date: /workspaces/aprs/aprs_ws/install/ur_msgs/include/ur_msgs/ur_msgs/msg/detail/analog__struct.h
[1.416s] -- Up-to-date: /workspaces/aprs/aprs_ws/install/ur_msgs/include/ur_msgs/ur_msgs/msg/detail/robot_state_rt_msg__functions.h
[1.416s] -- Up-to-date: /workspaces/aprs/aprs_ws/install/ur_msgs/include/ur_msgs/ur_msgs/msg/detail/digital__struct.h
[1.416s] -- Up-to-date: /workspaces/aprs/aprs_ws/install/ur_msgs/include/ur_msgs/ur_msgs/msg/detail/tool_data_msg__struct.h
[1.416s] -- Up-to-date: /workspaces/aprs/aprs_ws/install/ur_msgs/include/ur_msgs/ur_msgs/msg/detail/analog__functions.h
[1.416s] -- Installing: /workspaces/aprs/aprs_ws/install/ur_msgs/include/ur_msgs/ur_msgs/msg/detail/io_states__type_support.c
[1.416s] -- Up-to-date: /workspaces/aprs/aprs_ws/install/ur_msgs/include/ur_msgs/ur_msgs/msg/detail/digital__functions.h
[1.417s] -- Up-to-date: /workspaces/aprs/aprs_ws/install/ur_msgs/include/ur_msgs/ur_msgs/msg/detail/digital__type_support.h
[1.417s] -- Up-to-date: /workspaces/aprs/aprs_ws/install/ur_msgs/include/ur_msgs/ur_msgs/msg/detail/masterboard_data_msg__functions.c
[1.417s] -- Up-to-date: /workspaces/aprs/aprs_ws/install/ur_msgs/include/ur_msgs/ur_msgs/msg/detail/robot_mode_data_msg__type_support.h
[1.417s] -- Up-to-date: /workspaces/aprs/aprs_ws/install/ur_msgs/include/ur_msgs/ur_msgs/msg/detail/robot_state_rt_msg__type_support.h
[1.417s] -- Up-to-date: /workspaces/aprs/aprs_ws/install/ur_msgs/include/ur_msgs/ur_msgs/msg/detail/digital__description.c
[1.418s] -- Up-to-date: /workspaces/aprs/aprs_ws/install/ur_msgs/include/ur_msgs/ur_msgs/msg/detail/io_states__description.c
[1.418s] -- Installing: /workspaces/aprs/aprs_ws/install/ur_msgs/include/ur_msgs/ur_msgs/msg/detail/digital__type_support.c
[1.418s] -- Up-to-date: /workspaces/aprs/aprs_ws/install/ur_msgs/include/ur_msgs/ur_msgs/msg/detail/robot_mode_data_msg__functions.h
[1.418s] -- Up-to-date: /workspaces/aprs/aprs_ws/install/ur_msgs/include/ur_msgs/ur_msgs/msg/detail/analog__type_support.h
[1.419s] -- Up-to-date: /workspaces/aprs/aprs_ws/install/ur_msgs/include/ur_msgs/ur_msgs/msg/detail/analog__functions.c
[1.420s] -- Up-to-date: /workspaces/aprs/aprs_ws/install/ur_msgs/include/ur_msgs/ur_msgs/msg/detail/io_states__type_support.h
[1.420s] -- Up-to-date: /workspaces/aprs/aprs_ws/install/ur_msgs/include/ur_msgs/ur_msgs/msg/detail/analog__description.c
[1.420s] -- Up-to-date: /workspaces/aprs/aprs_ws/install/ur_msgs/include/ur_msgs/ur_msgs/msg/detail/masterboard_data_msg__type_support.h
[1.420s] -- Up-to-date: /workspaces/aprs/aprs_ws/install/ur_msgs/include/ur_msgs/ur_msgs/msg/detail/masterboard_data_msg__description.c
[1.420s] -- Up-to-date: /workspaces/aprs/aprs_ws/install/ur_msgs/include/ur_msgs/ur_msgs/msg/detail/tool_data_msg__type_support.h
[1.420s] -- Installing: /workspaces/aprs/aprs_ws/install/ur_msgs/include/ur_msgs/ur_msgs/msg/detail/analog__type_support.c
[1.421s] -- Up-to-date: /workspaces/aprs/aprs_ws/install/ur_msgs/include/ur_msgs/ur_msgs/msg/detail/robot_state_rt_msg__functions.c
[1.421s] -- Installing: /workspaces/aprs/aprs_ws/install/ur_msgs/include/ur_msgs/ur_msgs/msg/detail/tool_data_msg__type_support.c
[1.421s] -- Up-to-date: /workspaces/aprs/aprs_ws/install/ur_msgs/include/ur_msgs/ur_msgs/msg/detail/tool_data_msg__functions.h
[1.421s] -- Installing: /workspaces/aprs/aprs_ws/install/ur_msgs/include/ur_msgs/ur_msgs/msg/detail/robot_state_rt_msg__type_support.c
[1.421s] -- Installing: /workspaces/aprs/aprs_ws/install/ur_msgs/include/ur_msgs/ur_msgs/msg/detail/masterboard_data_msg__type_support.c
[1.421s] -- Up-to-date: /workspaces/aprs/aprs_ws/install/ur_msgs/include/ur_msgs/ur_msgs/msg/detail/masterboard_data_msg__struct.h
[1.422s] -- Up-to-date: /workspaces/aprs/aprs_ws/install/ur_msgs/include/ur_msgs/ur_msgs/msg/detail/digital__functions.c
[1.423s] -- Up-to-date: /workspaces/aprs/aprs_ws/install/ur_msgs/include/ur_msgs/ur_msgs/msg/detail/io_states__struct.h
[1.424s] -- Up-to-date: /workspaces/aprs/aprs_ws/install/ur_msgs/include/ur_msgs/ur_msgs/msg/detail/masterboard_data_msg__functions.h
[1.424s] -- Up-to-date: /workspaces/aprs/aprs_ws/install/ur_msgs/include/ur_msgs/ur_msgs/msg/robot_mode_data_msg.h
[1.424s] -- Up-to-date: /workspaces/aprs/aprs_ws/install/ur_msgs/share/ur_msgs/environment/library_path.sh
[1.424s] -- Up-to-date: /workspaces/aprs/aprs_ws/install/ur_msgs/share/ur_msgs/environment/library_path.dsv
[1.424s] -- Up-to-date: /workspaces/aprs/aprs_ws/install/ur_msgs/lib/libur_msgs__rosidl_generator_c.so
[1.424s] -- Up-to-date: /workspaces/aprs/aprs_ws/install/ur_msgs/include/ur_msgs/ur_msgs
[1.425s] -- Up-to-date: /workspaces/aprs/aprs_ws/install/ur_msgs/include/ur_msgs/ur_msgs/srv
[1.425s] -- Up-to-date: /workspaces/aprs/aprs_ws/install/ur_msgs/include/ur_msgs/ur_msgs/srv/detail
[1.426s] -- Up-to-date: /workspaces/aprs/aprs_ws/install/ur_msgs/include/ur_msgs/ur_msgs/srv/detail/set_payload__rosidl_typesupport_fastrtps_c.h
[1.426s] -- Up-to-date: /workspaces/aprs/aprs_ws/install/ur_msgs/include/ur_msgs/ur_msgs/srv/detail/set_speed_slider_fraction__rosidl_typesupport_fastrtps_c.h
[1.426s] -- Up-to-date: /workspaces/aprs/aprs_ws/install/ur_msgs/include/ur_msgs/ur_msgs/srv/detail/set_io__rosidl_typesupport_fastrtps_c.h
[1.427s] -- Up-to-date: /workspaces/aprs/aprs_ws/install/ur_msgs/include/ur_msgs/ur_msgs/msg
[1.427s] -- Up-to-date: /workspaces/aprs/aprs_ws/install/ur_msgs/include/ur_msgs/ur_msgs/msg/rosidl_typesupport_fastrtps_c__visibility_control.h
[1.427s] -- Up-to-date: /workspaces/aprs/aprs_ws/install/ur_msgs/include/ur_msgs/ur_msgs/msg/detail
[1.427s] -- Up-to-date: /workspaces/aprs/aprs_ws/install/ur_msgs/include/ur_msgs/ur_msgs/msg/detail/robot_mode_data_msg__rosidl_typesupport_fastrtps_c.h
[1.427s] -- Up-to-date: /workspaces/aprs/aprs_ws/install/ur_msgs/include/ur_msgs/ur_msgs/msg/detail/analog__rosidl_typesupport_fastrtps_c.h
[1.427s] -- Up-to-date: /workspaces/aprs/aprs_ws/install/ur_msgs/include/ur_msgs/ur_msgs/msg/detail/digital__rosidl_typesupport_fastrtps_c.h
[1.427s] -- Up-to-date: /workspaces/aprs/aprs_ws/install/ur_msgs/include/ur_msgs/ur_msgs/msg/detail/robot_state_rt_msg__rosidl_typesupport_fastrtps_c.h
[1.428s] -- Up-to-date: /workspaces/aprs/aprs_ws/install/ur_msgs/include/ur_msgs/ur_msgs/msg/detail/io_states__rosidl_typesupport_fastrtps_c.h
[1.428s] -- Up-to-date: /workspaces/aprs/aprs_ws/install/ur_msgs/include/ur_msgs/ur_msgs/msg/detail/masterboard_data_msg__rosidl_typesupport_fastrtps_c.h
[1.428s] -- Up-to-date: /workspaces/aprs/aprs_ws/install/ur_msgs/include/ur_msgs/ur_msgs/msg/detail/tool_data_msg__rosidl_typesupport_fastrtps_c.h
[1.428s] -- Up-to-date: /workspaces/aprs/aprs_ws/install/ur_msgs/lib/libur_msgs__rosidl_typesupport_fastrtps_c.so
[1.428s] -- Up-to-date: /workspaces/aprs/aprs_ws/install/ur_msgs/include/ur_msgs/ur_msgs
[1.428s] -- Up-to-date: /workspaces/aprs/aprs_ws/install/ur_msgs/include/ur_msgs/ur_msgs/srv
[1.428s] -- Up-to-date: /workspaces/aprs/aprs_ws/install/ur_msgs/include/ur_msgs/ur_msgs/srv/set_io.hpp
[1.429s] -- Up-to-date: /workspaces/aprs/aprs_ws/install/ur_msgs/include/ur_msgs/ur_msgs/srv/set_speed_slider_fraction.hpp
[1.429s] -- Up-to-date: /workspaces/aprs/aprs_ws/install/ur_msgs/include/ur_msgs/ur_msgs/srv/detail
[1.429s] -- Up-to-date: /workspaces/aprs/aprs_ws/install/ur_msgs/include/ur_msgs/ur_msgs/srv/detail/set_io__builder.hpp
[1.429s] -- Up-to-date: /workspaces/aprs/aprs_ws/install/ur_msgs/include/ur_msgs/ur_msgs/srv/detail/set_io__struct.hpp
[1.429s] -- Up-to-date: /workspaces/aprs/aprs_ws/install/ur_msgs/include/ur_msgs/ur_msgs/srv/detail/set_speed_slider_fraction__struct.hpp
[1.429s] -- Up-to-date: /workspaces/aprs/aprs_ws/install/ur_msgs/include/ur_msgs/ur_msgs/srv/detail/set_payload__struct.hpp
[1.429s] -- Up-to-date: /workspaces/aprs/aprs_ws/install/ur_msgs/include/ur_msgs/ur_msgs/srv/detail/set_speed_slider_fraction__builder.hpp
[1.429s] -- Up-to-date: /workspaces/aprs/aprs_ws/install/ur_msgs/include/ur_msgs/ur_msgs/srv/detail/set_payload__type_support.hpp
[1.430s] -- Up-to-date: /workspaces/aprs/aprs_ws/install/ur_msgs/include/ur_msgs/ur_msgs/srv/detail/set_io__traits.hpp
[1.430s] -- Up-to-date: /workspaces/aprs/aprs_ws/install/ur_msgs/include/ur_msgs/ur_msgs/srv/detail/set_speed_slider_fraction__traits.hpp
[1.430s] -- Up-to-date: /workspaces/aprs/aprs_ws/install/ur_msgs/include/ur_msgs/ur_msgs/srv/detail/set_io__type_support.hpp
[1.431s] -- Up-to-date: /workspaces/aprs/aprs_ws/install/ur_msgs/include/ur_msgs/ur_msgs/srv/detail/set_speed_slider_fraction__type_support.hpp
[1.431s] -- Up-to-date: /workspaces/aprs/aprs_ws/install/ur_msgs/include/ur_msgs/ur_msgs/srv/detail/set_payload__traits.hpp
[1.434s] -- Up-to-date: /workspaces/aprs/aprs_ws/install/ur_msgs/include/ur_msgs/ur_msgs/srv/detail/set_payload__builder.hpp
[1.434s] -- Up-to-date: /workspaces/aprs/aprs_ws/install/ur_msgs/include/ur_msgs/ur_msgs/srv/set_payload.hpp
[1.434s] -- Up-to-date: /workspaces/aprs/aprs_ws/install/ur_msgs/include/ur_msgs/ur_msgs/msg
[1.434s] -- Up-to-date: /workspaces/aprs/aprs_ws/install/ur_msgs/include/ur_msgs/ur_msgs/msg/robot_state_rt_msg.hpp
[1.434s] -- Up-to-date: /workspaces/aprs/aprs_ws/install/ur_msgs/include/ur_msgs/ur_msgs/msg/io_states.hpp
[1.434s] -- Up-to-date: /workspaces/aprs/aprs_ws/install/ur_msgs/include/ur_msgs/ur_msgs/msg/masterboard_data_msg.hpp
[1.434s] -- Up-to-date: /workspaces/aprs/aprs_ws/install/ur_msgs/include/ur_msgs/ur_msgs/msg/tool_data_msg.hpp
[1.434s] -- Up-to-date: /workspaces/aprs/aprs_ws/install/ur_msgs/include/ur_msgs/ur_msgs/msg/analog.hpp
[1.434s] -- Up-to-date: /workspaces/aprs/aprs_ws/install/ur_msgs/include/ur_msgs/ur_msgs/msg/robot_mode_data_msg.hpp
[1.435s] -- Up-to-date: /workspaces/aprs/aprs_ws/install/ur_msgs/include/ur_msgs/ur_msgs/msg/digital.hpp
[1.435s] -- Up-to-date: /workspaces/aprs/aprs_ws/install/ur_msgs/include/ur_msgs/ur_msgs/msg/rosidl_generator_cpp__visibility_control.hpp
[1.435s] -- Up-to-date: /workspaces/aprs/aprs_ws/install/ur_msgs/include/ur_msgs/ur_msgs/msg/detail
[1.435s] -- Up-to-date: /workspaces/aprs/aprs_ws/install/ur_msgs/include/ur_msgs/ur_msgs/msg/detail/robot_mode_data_msg__type_support.hpp
[1.435s] -- Up-to-date: /workspaces/aprs/aprs_ws/install/ur_msgs/include/ur_msgs/ur_msgs/msg/detail/io_states__traits.hpp
[1.435s] -- Up-to-date: /workspaces/aprs/aprs_ws/install/ur_msgs/include/ur_msgs/ur_msgs/msg/detail/masterboard_data_msg__builder.hpp
[1.435s] -- Up-to-date: /workspaces/aprs/aprs_ws/install/ur_msgs/include/ur_msgs/ur_msgs/msg/detail/digital__builder.hpp
[1.435s] -- Up-to-date: /workspaces/aprs/aprs_ws/install/ur_msgs/include/ur_msgs/ur_msgs/msg/detail/digital__traits.hpp
[1.435s] -- Up-to-date: /workspaces/aprs/aprs_ws/install/ur_msgs/include/ur_msgs/ur_msgs/msg/detail/robot_state_rt_msg__type_support.hpp
[1.435s] -- Up-to-date: /workspaces/aprs/aprs_ws/install/ur_msgs/include/ur_msgs/ur_msgs/msg/detail/robot_mode_data_msg__struct.hpp
[1.435s] -- Up-to-date: /workspaces/aprs/aprs_ws/install/ur_msgs/include/ur_msgs/ur_msgs/msg/detail/tool_data_msg__type_support.hpp
[1.435s] -- Up-to-date: /workspaces/aprs/aprs_ws/install/ur_msgs/include/ur_msgs/ur_msgs/msg/detail/robot_mode_data_msg__traits.hpp
[1.436s] -- Up-to-date: /workspaces/aprs/aprs_ws/install/ur_msgs/include/ur_msgs/ur_msgs/msg/detail/analog__builder.hpp
[1.436s] -- Up-to-date: /workspaces/aprs/aprs_ws/install/ur_msgs/include/ur_msgs/ur_msgs/msg/detail/io_states__builder.hpp
[1.436s] -- Up-to-date: /workspaces/aprs/aprs_ws/install/ur_msgs/include/ur_msgs/ur_msgs/msg/detail/analog__traits.hpp
[1.436s] -- Up-to-date: /workspaces/aprs/aprs_ws/install/ur_msgs/include/ur_msgs/ur_msgs/msg/detail/robot_mode_data_msg__builder.hpp
[1.436s] -- Up-to-date: /workspaces/aprs/aprs_ws/install/ur_msgs/include/ur_msgs/ur_msgs/msg/detail/io_states__struct.hpp
[1.436s] -- Up-to-date: /workspaces/aprs/aprs_ws/install/ur_msgs/include/ur_msgs/ur_msgs/msg/detail/robot_state_rt_msg__traits.hpp
[1.436s] -- Up-to-date: /workspaces/aprs/aprs_ws/install/ur_msgs/include/ur_msgs/ur_msgs/msg/detail/masterboard_data_msg__struct.hpp
[1.436s] -- Up-to-date: /workspaces/aprs/aprs_ws/install/ur_msgs/include/ur_msgs/ur_msgs/msg/detail/robot_state_rt_msg__builder.hpp
[1.438s] -- Up-to-date: /workspaces/aprs/aprs_ws/install/ur_msgs/include/ur_msgs/ur_msgs/msg/detail/digital__type_support.hpp
[1.438s] -- Up-to-date: /workspaces/aprs/aprs_ws/install/ur_msgs/include/ur_msgs/ur_msgs/msg/detail/analog__type_support.hpp
[1.438s] -- Up-to-date: /workspaces/aprs/aprs_ws/install/ur_msgs/include/ur_msgs/ur_msgs/msg/detail/tool_data_msg__traits.hpp
[1.439s] -- Up-to-date: /workspaces/aprs/aprs_ws/install/ur_msgs/include/ur_msgs/ur_msgs/msg/detail/io_states__type_support.hpp
[1.439s] -- Up-to-date: /workspaces/aprs/aprs_ws/install/ur_msgs/include/ur_msgs/ur_msgs/msg/detail/analog__struct.hpp
[1.439s] -- Up-to-date: /workspaces/aprs/aprs_ws/install/ur_msgs/include/ur_msgs/ur_msgs/msg/detail/tool_data_msg__struct.hpp
[1.440s] -- Up-to-date: /workspaces/aprs/aprs_ws/install/ur_msgs/include/ur_msgs/ur_msgs/msg/detail/digital__struct.hpp
[1.440s] -- Up-to-date: /workspaces/aprs/aprs_ws/install/ur_msgs/include/ur_msgs/ur_msgs/msg/detail/robot_state_rt_msg__struct.hpp
[1.440s] -- Up-to-date: /workspaces/aprs/aprs_ws/install/ur_msgs/include/ur_msgs/ur_msgs/msg/detail/tool_data_msg__builder.hpp
[1.440s] -- Up-to-date: /workspaces/aprs/aprs_ws/install/ur_msgs/include/ur_msgs/ur_msgs/msg/detail/masterboard_data_msg__type_support.hpp
[1.440s] -- Up-to-date: /workspaces/aprs/aprs_ws/install/ur_msgs/include/ur_msgs/ur_msgs/msg/detail/masterboard_data_msg__traits.hpp
[1.440s] -- Up-to-date: /workspaces/aprs/aprs_ws/install/ur_msgs/include/ur_msgs/ur_msgs
[1.441s] -- Up-to-date: /workspaces/aprs/aprs_ws/install/ur_msgs/include/ur_msgs/ur_msgs/srv
[1.442s] -- Up-to-date: /workspaces/aprs/aprs_ws/install/ur_msgs/include/ur_msgs/ur_msgs/srv/detail
[1.443s] -- Up-to-date: /workspaces/aprs/aprs_ws/install/ur_msgs/include/ur_msgs/ur_msgs/srv/detail/dds_fastrtps
[1.443s] -- Up-to-date: /workspaces/aprs/aprs_ws/install/ur_msgs/include/ur_msgs/ur_msgs/srv/detail/set_payload__rosidl_typesupport_fastrtps_cpp.hpp
[1.443s] -- Up-to-date: /workspaces/aprs/aprs_ws/install/ur_msgs/include/ur_msgs/ur_msgs/srv/detail/set_speed_slider_fraction__rosidl_typesupport_fastrtps_cpp.hpp
[1.443s] -- Up-to-date: /workspaces/aprs/aprs_ws/install/ur_msgs/include/ur_msgs/ur_msgs/srv/detail/set_io__rosidl_typesupport_fastrtps_cpp.hpp
[1.443s] -- Up-to-date: /workspaces/aprs/aprs_ws/install/ur_msgs/include/ur_msgs/ur_msgs/msg
[1.443s] -- Up-to-date: /workspaces/aprs/aprs_ws/install/ur_msgs/include/ur_msgs/ur_msgs/msg/rosidl_typesupport_fastrtps_cpp__visibility_control.h
[1.444s] -- Up-to-date: /workspaces/aprs/aprs_ws/install/ur_msgs/include/ur_msgs/ur_msgs/msg/detail
[1.444s] -- Up-to-date: /workspaces/aprs/aprs_ws/install/ur_msgs/include/ur_msgs/ur_msgs/msg/detail/masterboard_data_msg__rosidl_typesupport_fastrtps_cpp.hpp
[1.444s] -- Up-to-date: /workspaces/aprs/aprs_ws/install/ur_msgs/include/ur_msgs/ur_msgs/msg/detail/dds_fastrtps
[1.444s] -- Up-to-date: /workspaces/aprs/aprs_ws/install/ur_msgs/include/ur_msgs/ur_msgs/msg/detail/tool_data_msg__rosidl_typesupport_fastrtps_cpp.hpp
[1.444s] -- Up-to-date: /workspaces/aprs/aprs_ws/install/ur_msgs/include/ur_msgs/ur_msgs/msg/detail/io_states__rosidl_typesupport_fastrtps_cpp.hpp
[1.445s] -- Up-to-date: /workspaces/aprs/aprs_ws/install/ur_msgs/include/ur_msgs/ur_msgs/msg/detail/robot_state_rt_msg__rosidl_typesupport_fastrtps_cpp.hpp
[1.445s] -- Up-to-date: /workspaces/aprs/aprs_ws/install/ur_msgs/include/ur_msgs/ur_msgs/msg/detail/analog__rosidl_typesupport_fastrtps_cpp.hpp
[1.445s] -- Up-to-date: /workspaces/aprs/aprs_ws/install/ur_msgs/include/ur_msgs/ur_msgs/msg/detail/digital__rosidl_typesupport_fastrtps_cpp.hpp
[1.445s] -- Up-to-date: /workspaces/aprs/aprs_ws/install/ur_msgs/include/ur_msgs/ur_msgs/msg/detail/robot_mode_data_msg__rosidl_typesupport_fastrtps_cpp.hpp
[1.445s] -- Up-to-date: /workspaces/aprs/aprs_ws/install/ur_msgs/lib/libur_msgs__rosidl_typesupport_fastrtps_cpp.so
[1.445s] -- Up-to-date: /workspaces/aprs/aprs_ws/install/ur_msgs/include/ur_msgs/ur_msgs
[1.445s] -- Up-to-date: /workspaces/aprs/aprs_ws/install/ur_msgs/include/ur_msgs/ur_msgs/srv
[1.448s] -- Up-to-date: /workspaces/aprs/aprs_ws/install/ur_msgs/include/ur_msgs/ur_msgs/srv/detail
[1.450s] -- Up-to-date: /workspaces/aprs/aprs_ws/install/ur_msgs/include/ur_msgs/ur_msgs/srv/detail/set_speed_slider_fraction__rosidl_typesupport_introspection_c.h
[1.450s] -- Installing: /workspaces/aprs/aprs_ws/install/ur_msgs/include/ur_msgs/ur_msgs/srv/detail/set_io__type_support.c
[1.450s] -- Up-to-date: /workspaces/aprs/aprs_ws/install/ur_msgs/include/ur_msgs/ur_msgs/srv/detail/set_payload__rosidl_typesupport_introspection_c.h
[1.450s] -- Installing: /workspaces/aprs/aprs_ws/install/ur_msgs/include/ur_msgs/ur_msgs/srv/detail/set_payload__type_support.c
[1.450s] -- Installing: /workspaces/aprs/aprs_ws/install/ur_msgs/include/ur_msgs/ur_msgs/srv/detail/set_speed_slider_fraction__type_support.c
[1.450s] -- Up-to-date: /workspaces/aprs/aprs_ws/install/ur_msgs/include/ur_msgs/ur_msgs/srv/detail/set_io__rosidl_typesupport_introspection_c.h
[1.451s] -- Up-to-date: /workspaces/aprs/aprs_ws/install/ur_msgs/include/ur_msgs/ur_msgs/msg
[1.451s] -- Up-to-date: /workspaces/aprs/aprs_ws/install/ur_msgs/include/ur_msgs/ur_msgs/msg/rosidl_typesupport_introspection_c__visibility_control.h
[1.451s] -- Up-to-date: /workspaces/aprs/aprs_ws/install/ur_msgs/include/ur_msgs/ur_msgs/msg/detail
[1.451s] -- Installing: /workspaces/aprs/aprs_ws/install/ur_msgs/include/ur_msgs/ur_msgs/msg/detail/robot_mode_data_msg__type_support.c
[1.451s] -- Up-to-date: /workspaces/aprs/aprs_ws/install/ur_msgs/include/ur_msgs/ur_msgs/msg/detail/robot_state_rt_msg__rosidl_typesupport_introspection_c.h
[1.451s] -- Up-to-date: /workspaces/aprs/aprs_ws/install/ur_msgs/include/ur_msgs/ur_msgs/msg/detail/robot_mode_data_msg__rosidl_typesupport_introspection_c.h
[1.451s] -- Installing: /workspaces/aprs/aprs_ws/install/ur_msgs/include/ur_msgs/ur_msgs/msg/detail/io_states__type_support.c
[1.451s] -- Up-to-date: /workspaces/aprs/aprs_ws/install/ur_msgs/include/ur_msgs/ur_msgs/msg/detail/tool_data_msg__rosidl_typesupport_introspection_c.h
[1.451s] -- Up-to-date: /workspaces/aprs/aprs_ws/install/ur_msgs/include/ur_msgs/ur_msgs/msg/detail/digital__rosidl_typesupport_introspection_c.h
[1.451s] -- Up-to-date: /workspaces/aprs/aprs_ws/install/ur_msgs/include/ur_msgs/ur_msgs/msg/detail/masterboard_data_msg__rosidl_typesupport_introspection_c.h
[1.451s] -- Installing: /workspaces/aprs/aprs_ws/install/ur_msgs/include/ur_msgs/ur_msgs/msg/detail/digital__type_support.c
[1.451s] -- Up-to-date: /workspaces/aprs/aprs_ws/install/ur_msgs/include/ur_msgs/ur_msgs/msg/detail/io_states__rosidl_typesupport_introspection_c.h
[1.451s] -- Up-to-date: /workspaces/aprs/aprs_ws/install/ur_msgs/include/ur_msgs/ur_msgs/msg/detail/analog__rosidl_typesupport_introspection_c.h
[1.451s] -- Installing: /workspaces/aprs/aprs_ws/install/ur_msgs/include/ur_msgs/ur_msgs/msg/detail/analog__type_support.c
[1.452s] -- Installing: /workspaces/aprs/aprs_ws/install/ur_msgs/include/ur_msgs/ur_msgs/msg/detail/tool_data_msg__type_support.c
[1.452s] -- Installing: /workspaces/aprs/aprs_ws/install/ur_msgs/include/ur_msgs/ur_msgs/msg/detail/robot_state_rt_msg__type_support.c
[1.452s] -- Installing: /workspaces/aprs/aprs_ws/install/ur_msgs/include/ur_msgs/ur_msgs/msg/detail/masterboard_data_msg__type_support.c
[1.452s] -- Up-to-date: /workspaces/aprs/aprs_ws/install/ur_msgs/lib/libur_msgs__rosidl_typesupport_introspection_c.so
[1.452s] -- Up-to-date: /workspaces/aprs/aprs_ws/install/ur_msgs/lib/libur_msgs__rosidl_typesupport_c.so
[1.452s] -- Up-to-date: /workspaces/aprs/aprs_ws/install/ur_msgs/include/ur_msgs/ur_msgs
[1.452s] -- Up-to-date: /workspaces/aprs/aprs_ws/install/ur_msgs/include/ur_msgs/ur_msgs/srv
[1.452s] -- Up-to-date: /workspaces/aprs/aprs_ws/install/ur_msgs/include/ur_msgs/ur_msgs/srv/detail
[1.453s] -- Up-to-date: /workspaces/aprs/aprs_ws/install/ur_msgs/include/ur_msgs/ur_msgs/srv/detail/set_payload__rosidl_typesupport_introspection_cpp.hpp
[1.455s] -- Up-to-date: /workspaces/aprs/aprs_ws/install/ur_msgs/include/ur_msgs/ur_msgs/srv/detail/set_speed_slider_fraction__rosidl_typesupport_introspection_cpp.hpp
[1.455s] -- Up-to-date: /workspaces/aprs/aprs_ws/install/ur_msgs/include/ur_msgs/ur_msgs/srv/detail/set_speed_slider_fraction__type_support.cpp
[1.455s] -- Up-to-date: /workspaces/aprs/aprs_ws/install/ur_msgs/include/ur_msgs/ur_msgs/srv/detail/set_io__rosidl_typesupport_introspection_cpp.hpp
[1.455s] -- Up-to-date: /workspaces/aprs/aprs_ws/install/ur_msgs/include/ur_msgs/ur_msgs/srv/detail/set_payload__type_support.cpp
[1.455s] -- Up-to-date: /workspaces/aprs/aprs_ws/install/ur_msgs/include/ur_msgs/ur_msgs/srv/detail/set_io__type_support.cpp
[1.455s] -- Up-to-date: /workspaces/aprs/aprs_ws/install/ur_msgs/include/ur_msgs/ur_msgs/msg
[1.456s] -- Up-to-date: /workspaces/aprs/aprs_ws/install/ur_msgs/include/ur_msgs/ur_msgs/msg/detail
[1.456s] -- Up-to-date: /workspaces/aprs/aprs_ws/install/ur_msgs/include/ur_msgs/ur_msgs/msg/detail/io_states__rosidl_typesupport_introspection_cpp.hpp
[1.456s] -- Up-to-date: /workspaces/aprs/aprs_ws/install/ur_msgs/include/ur_msgs/ur_msgs/msg/detail/robot_mode_data_msg__type_support.cpp
[1.456s] -- Up-to-date: /workspaces/aprs/aprs_ws/install/ur_msgs/include/ur_msgs/ur_msgs/msg/detail/analog__rosidl_typesupport_introspection_cpp.hpp
[1.456s] -- Up-to-date: /workspaces/aprs/aprs_ws/install/ur_msgs/include/ur_msgs/ur_msgs/msg/detail/digital__rosidl_typesupport_introspection_cpp.hpp
[1.456s] -- Up-to-date: /workspaces/aprs/aprs_ws/install/ur_msgs/include/ur_msgs/ur_msgs/msg/detail/analog__type_support.cpp
[1.456s] -- Up-to-date: /workspaces/aprs/aprs_ws/install/ur_msgs/include/ur_msgs/ur_msgs/msg/detail/robot_mode_data_msg__rosidl_typesupport_introspection_cpp.hpp
[1.456s] -- Up-to-date: /workspaces/aprs/aprs_ws/install/ur_msgs/include/ur_msgs/ur_msgs/msg/detail/masterboard_data_msg__rosidl_typesupport_introspection_cpp.hpp
[1.457s] -- Up-to-date: /workspaces/aprs/aprs_ws/install/ur_msgs/include/ur_msgs/ur_msgs/msg/detail/masterboard_data_msg__type_support.cpp
[1.457s] -- Up-to-date: /workspaces/aprs/aprs_ws/install/ur_msgs/include/ur_msgs/ur_msgs/msg/detail/io_states__type_support.cpp
[1.457s] -- Up-to-date: /workspaces/aprs/aprs_ws/install/ur_msgs/include/ur_msgs/ur_msgs/msg/detail/tool_data_msg__type_support.cpp
[1.457s] -- Up-to-date: /workspaces/aprs/aprs_ws/install/ur_msgs/include/ur_msgs/ur_msgs/msg/detail/robot_state_rt_msg__type_support.cpp
[1.458s] -- Up-to-date: /workspaces/aprs/aprs_ws/install/ur_msgs/include/ur_msgs/ur_msgs/msg/detail/tool_data_msg__rosidl_typesupport_introspection_cpp.hpp
[1.459s] -- Up-to-date: /workspaces/aprs/aprs_ws/install/ur_msgs/include/ur_msgs/ur_msgs/msg/detail/robot_state_rt_msg__rosidl_typesupport_introspection_cpp.hpp
[1.459s] -- Up-to-date: /workspaces/aprs/aprs_ws/install/ur_msgs/include/ur_msgs/ur_msgs/msg/detail/digital__type_support.cpp
[1.459s] -- Up-to-date: /workspaces/aprs/aprs_ws/install/ur_msgs/lib/libur_msgs__rosidl_typesupport_introspection_cpp.so
[1.459s] -- Up-to-date: /workspaces/aprs/aprs_ws/install/ur_msgs/lib/libur_msgs__rosidl_typesupport_cpp.so
[1.459s] -- Up-to-date: /workspaces/aprs/aprs_ws/install/ur_msgs/share/ur_msgs/environment/pythonpath.sh
[1.459s] -- Up-to-date: /workspaces/aprs/aprs_ws/install/ur_msgs/share/ur_msgs/environment/pythonpath.dsv
[1.459s] -- Up-to-date: /workspaces/aprs/aprs_ws/install/ur_msgs/lib/python3.10/site-packages/ur_msgs-2.0.0-py3.10.egg-info
[1.460s] -- Installing: /workspaces/aprs/aprs_ws/install/ur_msgs/lib/python3.10/site-packages/ur_msgs-2.0.0-py3.10.egg-info/dependency_links.txt
[1.460s] -- Installing: /workspaces/aprs/aprs_ws/install/ur_msgs/lib/python3.10/site-packages/ur_msgs-2.0.0-py3.10.egg-info/PKG-INFO
[1.460s] -- Installing: /workspaces/aprs/aprs_ws/install/ur_msgs/lib/python3.10/site-packages/ur_msgs-2.0.0-py3.10.egg-info/SOURCES.txt
[1.460s] -- Installing: /workspaces/aprs/aprs_ws/install/ur_msgs/lib/python3.10/site-packages/ur_msgs-2.0.0-py3.10.egg-info/top_level.txt
[1.462s] -- Up-to-date: /workspaces/aprs/aprs_ws/install/ur_msgs/lib/python3.10/site-packages/ur_msgs
[1.462s] -- Up-to-date: /workspaces/aprs/aprs_ws/install/ur_msgs/lib/python3.10/site-packages/ur_msgs/__init__.py
[1.462s] -- Up-to-date: /workspaces/aprs/aprs_ws/install/ur_msgs/lib/python3.10/site-packages/ur_msgs/srv
[1.462s] -- Up-to-date: /workspaces/aprs/aprs_ws/install/ur_msgs/lib/python3.10/site-packages/ur_msgs/srv/_set_speed_slider_fraction.py
[1.462s] -- Up-to-date: /workspaces/aprs/aprs_ws/install/ur_msgs/lib/python3.10/site-packages/ur_msgs/srv/__init__.py
[1.462s] -- Up-to-date: /workspaces/aprs/aprs_ws/install/ur_msgs/lib/python3.10/site-packages/ur_msgs/srv/_set_io_s.c
[1.462s] -- Up-to-date: /workspaces/aprs/aprs_ws/install/ur_msgs/lib/python3.10/site-packages/ur_msgs/srv/_set_payload_s.c
[1.463s] -- Up-to-date: /workspaces/aprs/aprs_ws/install/ur_msgs/lib/python3.10/site-packages/ur_msgs/srv/_set_io.py
[1.463s] -- Up-to-date: /workspaces/aprs/aprs_ws/install/ur_msgs/lib/python3.10/site-packages/ur_msgs/srv/_set_speed_slider_fraction_s.c
[1.463s] -- Up-to-date: /workspaces/aprs/aprs_ws/install/ur_msgs/lib/python3.10/site-packages/ur_msgs/srv/_set_payload.py
[1.463s] -- Up-to-date: /workspaces/aprs/aprs_ws/install/ur_msgs/lib/python3.10/site-packages/ur_msgs/ur_msgs_s__rosidl_typesupport_fastrtps_c.cpython-310-x86_64-linux-gnu.so
[1.463s] -- Up-to-date: /workspaces/aprs/aprs_ws/install/ur_msgs/lib/python3.10/site-packages/ur_msgs/_ur_msgs_s.ep.rosidl_typesupport_introspection_c.c
[1.463s] -- Up-to-date: /workspaces/aprs/aprs_ws/install/ur_msgs/lib/python3.10/site-packages/ur_msgs/_ur_msgs_s.ep.rosidl_typesupport_fastrtps_c.c
[1.463s] -- Up-to-date: /workspaces/aprs/aprs_ws/install/ur_msgs/lib/python3.10/site-packages/ur_msgs/libur_msgs__rosidl_generator_py.so
[1.464s] -- Up-to-date: /workspaces/aprs/aprs_ws/install/ur_msgs/lib/python3.10/site-packages/ur_msgs/ur_msgs_s__rosidl_typesupport_introspection_c.cpython-310-x86_64-linux-gnu.so
[1.464s] -- Up-to-date: /workspaces/aprs/aprs_ws/install/ur_msgs/lib/python3.10/site-packages/ur_msgs/ur_msgs_s__rosidl_typesupport_c.cpython-310-x86_64-linux-gnu.so
[1.464s] -- Up-to-date: /workspaces/aprs/aprs_ws/install/ur_msgs/lib/python3.10/site-packages/ur_msgs/msg
[1.464s] -- Up-to-date: /workspaces/aprs/aprs_ws/install/ur_msgs/lib/python3.10/site-packages/ur_msgs/msg/__init__.py
[1.464s] -- Up-to-date: /workspaces/aprs/aprs_ws/install/ur_msgs/lib/python3.10/site-packages/ur_msgs/msg/_analog.py
[1.464s] -- Up-to-date: /workspaces/aprs/aprs_ws/install/ur_msgs/lib/python3.10/site-packages/ur_msgs/msg/_robot_mode_data_msg_s.c
[1.464s] -- Up-to-date: /workspaces/aprs/aprs_ws/install/ur_msgs/lib/python3.10/site-packages/ur_msgs/msg/_io_states_s.c
[1.464s] -- Up-to-date: /workspaces/aprs/aprs_ws/install/ur_msgs/lib/python3.10/site-packages/ur_msgs/msg/_masterboard_data_msg.py
[1.465s] -- Up-to-date: /workspaces/aprs/aprs_ws/install/ur_msgs/lib/python3.10/site-packages/ur_msgs/msg/_tool_data_msg_s.c
[1.465s] -- Up-to-date: /workspaces/aprs/aprs_ws/install/ur_msgs/lib/python3.10/site-packages/ur_msgs/msg/_robot_state_rt_msg.py
[1.465s] -- Up-to-date: /workspaces/aprs/aprs_ws/install/ur_msgs/lib/python3.10/site-packages/ur_msgs/msg/_analog_s.c
[1.465s] -- Up-to-date: /workspaces/aprs/aprs_ws/install/ur_msgs/lib/python3.10/site-packages/ur_msgs/msg/_robot_state_rt_msg_s.c
[1.465s] -- Up-to-date: /workspaces/aprs/aprs_ws/install/ur_msgs/lib/python3.10/site-packages/ur_msgs/msg/_robot_mode_data_msg.py
[1.465s] -- Up-to-date: /workspaces/aprs/aprs_ws/install/ur_msgs/lib/python3.10/site-packages/ur_msgs/msg/_digital.py
[1.465s] -- Up-to-date: /workspaces/aprs/aprs_ws/install/ur_msgs/lib/python3.10/site-packages/ur_msgs/msg/_digital_s.c
[1.466s] -- Up-to-date: /workspaces/aprs/aprs_ws/install/ur_msgs/lib/python3.10/site-packages/ur_msgs/msg/_io_states.py
[1.466s] -- Up-to-date: /workspaces/aprs/aprs_ws/install/ur_msgs/lib/python3.10/site-packages/ur_msgs/msg/_tool_data_msg.py
[1.466s] -- Up-to-date: /workspaces/aprs/aprs_ws/install/ur_msgs/lib/python3.10/site-packages/ur_msgs/msg/_masterboard_data_msg_s.c
[1.469s] -- Up-to-date: /workspaces/aprs/aprs_ws/install/ur_msgs/lib/python3.10/site-packages/ur_msgs/_ur_msgs_s.ep.rosidl_typesupport_c.c
[1.471s] Listing '/workspaces/aprs/aprs_ws/install/ur_msgs/lib/python3.10/site-packages/ur_msgs'...
[1.471s] Listing '/workspaces/aprs/aprs_ws/install/ur_msgs/lib/python3.10/site-packages/ur_msgs/msg'...
[1.471s] Listing '/workspaces/aprs/aprs_ws/install/ur_msgs/lib/python3.10/site-packages/ur_msgs/srv'...
[1.471s] -- Up-to-date: /workspaces/aprs/aprs_ws/install/ur_msgs/lib/python3.10/site-packages/ur_msgs/ur_msgs_s__rosidl_typesupport_fastrtps_c.cpython-310-x86_64-linux-gnu.so
[1.471s] -- Up-to-date: /workspaces/aprs/aprs_ws/install/ur_msgs/lib/python3.10/site-packages/ur_msgs/ur_msgs_s__rosidl_typesupport_introspection_c.cpython-310-x86_64-linux-gnu.so
[1.471s] -- Up-to-date: /workspaces/aprs/aprs_ws/install/ur_msgs/lib/python3.10/site-packages/ur_msgs/ur_msgs_s__rosidl_typesupport_c.cpython-310-x86_64-linux-gnu.so
[1.473s] -- Up-to-date: /workspaces/aprs/aprs_ws/install/ur_msgs/lib/libur_msgs__rosidl_generator_py.so
[1.473s] -- Up-to-date: /workspaces/aprs/aprs_ws/install/ur_msgs/share/ur_msgs/msg/Analog.idl
[1.473s] -- Up-to-date: /workspaces/aprs/aprs_ws/install/ur_msgs/share/ur_msgs/msg/Digital.idl
[1.473s] -- Up-to-date: /workspaces/aprs/aprs_ws/install/ur_msgs/share/ur_msgs/msg/IOStates.idl
[1.474s] -- Up-to-date: /workspaces/aprs/aprs_ws/install/ur_msgs/share/ur_msgs/msg/RobotStateRTMsg.idl
[1.474s] -- Up-to-date: /workspaces/aprs/aprs_ws/install/ur_msgs/share/ur_msgs/msg/MasterboardDataMsg.idl
[1.474s] -- Up-to-date: /workspaces/aprs/aprs_ws/install/ur_msgs/share/ur_msgs/msg/RobotModeDataMsg.idl
[1.474s] -- Up-to-date: /workspaces/aprs/aprs_ws/install/ur_msgs/share/ur_msgs/msg/ToolDataMsg.idl
[1.474s] -- Up-to-date: /workspaces/aprs/aprs_ws/install/ur_msgs/share/ur_msgs/srv/SetPayload.idl
[1.475s] -- Up-to-date: /workspaces/aprs/aprs_ws/install/ur_msgs/share/ur_msgs/srv/SetSpeedSliderFraction.idl
[1.476s] -- Up-to-date: /workspaces/aprs/aprs_ws/install/ur_msgs/share/ur_msgs/srv/SetIO.idl
[1.476s] -- Up-to-date: /workspaces/aprs/aprs_ws/install/ur_msgs/share/ur_msgs/msg/Analog.msg
[1.477s] -- Up-to-date: /workspaces/aprs/aprs_ws/install/ur_msgs/share/ur_msgs/msg/Digital.msg
[1.477s] -- Up-to-date: /workspaces/aprs/aprs_ws/install/ur_msgs/share/ur_msgs/msg/IOStates.msg
[1.477s] -- Up-to-date: /workspaces/aprs/aprs_ws/install/ur_msgs/share/ur_msgs/msg/RobotStateRTMsg.msg
[1.477s] -- Up-to-date: /workspaces/aprs/aprs_ws/install/ur_msgs/share/ur_msgs/msg/MasterboardDataMsg.msg
[1.477s] -- Up-to-date: /workspaces/aprs/aprs_ws/install/ur_msgs/share/ur_msgs/msg/RobotModeDataMsg.msg
[1.478s] -- Up-to-date: /workspaces/aprs/aprs_ws/install/ur_msgs/share/ur_msgs/msg/ToolDataMsg.msg
[1.478s] -- Up-to-date: /workspaces/aprs/aprs_ws/install/ur_msgs/share/ur_msgs/srv/SetPayload.srv
[1.478s] -- Up-to-date: /workspaces/aprs/aprs_ws/install/ur_msgs/share/ur_msgs/srv/SetSpeedSliderFraction.srv
[1.478s] -- Up-to-date: /workspaces/aprs/aprs_ws/install/ur_msgs/share/ur_msgs/srv/SetIO.srv
[1.478s] -- Up-to-date: /workspaces/aprs/aprs_ws/install/ur_msgs/share/ament_index/resource_index/package_run_dependencies/ur_msgs
[1.478s] -- Up-to-date: /workspaces/aprs/aprs_ws/install/ur_msgs/share/ament_index/resource_index/parent_prefix_path/ur_msgs
[1.479s] -- Up-to-date: /workspaces/aprs/aprs_ws/install/ur_msgs/share/ur_msgs/environment/ament_prefix_path.sh
[1.479s] -- Up-to-date: /workspaces/aprs/aprs_ws/install/ur_msgs/share/ur_msgs/environment/ament_prefix_path.dsv
[1.479s] -- Up-to-date: /workspaces/aprs/aprs_ws/install/ur_msgs/share/ur_msgs/environment/path.sh
[1.479s] -- Up-to-date: /workspaces/aprs/aprs_ws/install/ur_msgs/share/ur_msgs/environment/path.dsv
[1.479s] -- Up-to-date: /workspaces/aprs/aprs_ws/install/ur_msgs/share/ur_msgs/local_setup.bash
[1.479s] -- Up-to-date: /workspaces/aprs/aprs_ws/install/ur_msgs/share/ur_msgs/local_setup.sh
[1.480s] -- Up-to-date: /workspaces/aprs/aprs_ws/install/ur_msgs/share/ur_msgs/local_setup.zsh
[1.480s] -- Up-to-date: /workspaces/aprs/aprs_ws/install/ur_msgs/share/ur_msgs/local_setup.dsv
[1.481s] -- Installing: /workspaces/aprs/aprs_ws/install/ur_msgs/share/ur_msgs/package.dsv
[1.482s] -- Up-to-date: /workspaces/aprs/aprs_ws/install/ur_msgs/share/ament_index/resource_index/packages/ur_msgs
[1.485s] -- Up-to-date: /workspaces/aprs/aprs_ws/install/ur_msgs/share/ur_msgs/cmake/export_ur_msgs__rosidl_generator_cExport.cmake
[1.485s] -- Up-to-date: /workspaces/aprs/aprs_ws/install/ur_msgs/share/ur_msgs/cmake/export_ur_msgs__rosidl_generator_cExport-noconfig.cmake
[1.485s] -- Up-to-date: /workspaces/aprs/aprs_ws/install/ur_msgs/share/ur_msgs/cmake/export_ur_msgs__rosidl_typesupport_fastrtps_cExport.cmake
[1.485s] -- Up-to-date: /workspaces/aprs/aprs_ws/install/ur_msgs/share/ur_msgs/cmake/export_ur_msgs__rosidl_typesupport_fastrtps_cExport-noconfig.cmake
[1.485s] -- Up-to-date: /workspaces/aprs/aprs_ws/install/ur_msgs/share/ur_msgs/cmake/export_ur_msgs__rosidl_generator_cppExport.cmake
[1.485s] -- Up-to-date: /workspaces/aprs/aprs_ws/install/ur_msgs/share/ur_msgs/cmake/export_ur_msgs__rosidl_typesupport_fastrtps_cppExport.cmake
[1.486s] -- Up-to-date: /workspaces/aprs/aprs_ws/install/ur_msgs/share/ur_msgs/cmake/export_ur_msgs__rosidl_typesupport_fastrtps_cppExport-noconfig.cmake
[1.486s] -- Up-to-date: /workspaces/aprs/aprs_ws/install/ur_msgs/share/ur_msgs/cmake/ur_msgs__rosidl_typesupport_introspection_cExport.cmake
[1.486s] -- Up-to-date: /workspaces/aprs/aprs_ws/install/ur_msgs/share/ur_msgs/cmake/ur_msgs__rosidl_typesupport_introspection_cExport-noconfig.cmake
[1.486s] -- Up-to-date: /workspaces/aprs/aprs_ws/install/ur_msgs/share/ur_msgs/cmake/ur_msgs__rosidl_typesupport_cExport.cmake
[1.486s] -- Up-to-date: /workspaces/aprs/aprs_ws/install/ur_msgs/share/ur_msgs/cmake/ur_msgs__rosidl_typesupport_cExport-noconfig.cmake
[1.486s] -- Up-to-date: /workspaces/aprs/aprs_ws/install/ur_msgs/share/ur_msgs/cmake/ur_msgs__rosidl_typesupport_introspection_cppExport.cmake
[1.486s] -- Up-to-date: /workspaces/aprs/aprs_ws/install/ur_msgs/share/ur_msgs/cmake/ur_msgs__rosidl_typesupport_introspection_cppExport-noconfig.cmake
[1.486s] -- Up-to-date: /workspaces/aprs/aprs_ws/install/ur_msgs/share/ur_msgs/cmake/ur_msgs__rosidl_typesupport_cppExport.cmake
[1.487s] -- Up-to-date: /workspaces/aprs/aprs_ws/install/ur_msgs/share/ur_msgs/cmake/ur_msgs__rosidl_typesupport_cppExport-noconfig.cmake
[1.487s] -- Up-to-date: /workspaces/aprs/aprs_ws/install/ur_msgs/share/ur_msgs/cmake/export_ur_msgs__rosidl_generator_pyExport.cmake
[1.487s] -- Up-to-date: /workspaces/aprs/aprs_ws/install/ur_msgs/share/ur_msgs/cmake/export_ur_msgs__rosidl_generator_pyExport-noconfig.cmake
[1.487s] -- Up-to-date: /workspaces/aprs/aprs_ws/install/ur_msgs/share/ur_msgs/cmake/rosidl_cmake-extras.cmake
[1.487s] -- Up-to-date: /workspaces/aprs/aprs_ws/install/ur_msgs/share/ur_msgs/cmake/ament_cmake_export_dependencies-extras.cmake
[1.487s] -- Up-to-date: /workspaces/aprs/aprs_ws/install/ur_msgs/share/ur_msgs/cmake/ament_cmake_export_include_directories-extras.cmake
[1.487s] -- Up-to-date: /workspaces/aprs/aprs_ws/install/ur_msgs/share/ur_msgs/cmake/ament_cmake_export_libraries-extras.cmake
[1.488s] -- Up-to-date: /workspaces/aprs/aprs_ws/install/ur_msgs/share/ur_msgs/cmake/ament_cmake_export_targets-extras.cmake
[1.488s] -- Up-to-date: /workspaces/aprs/aprs_ws/install/ur_msgs/share/ur_msgs/cmake/rosidl_cmake_export_typesupport_targets-extras.cmake
[1.488s] -- Up-to-date: /workspaces/aprs/aprs_ws/install/ur_msgs/share/ur_msgs/cmake/rosidl_cmake_export_typesupport_libraries-extras.cmake
[1.488s] -- Up-to-date: /workspaces/aprs/aprs_ws/install/ur_msgs/share/ur_msgs/cmake/ur_msgsConfig.cmake
[1.488s] -- Up-to-date: /workspaces/aprs/aprs_ws/install/ur_msgs/share/ur_msgs/cmake/ur_msgsConfig-version.cmake
[1.488s] -- Up-to-date: /workspaces/aprs/aprs_ws/install/ur_msgs/share/ur_msgs/package.xml
[1.568s] Invoked command in '/workspaces/aprs/aprs_ws/build/ur_msgs' returned '0': CMAKE_PREFIX_PATH=${CMAKE_PREFIX_PATH}:/opt/ros/rolling /usr/bin/cmake --install /workspaces/aprs/aprs_ws/build/ur_msgs
