[1.211s] Invoking command in '/workspaces/aprs/aprs_ws/build/table_description': CMAKE_PREFIX_PATH=${CMAKE_PREFIX_PATH}:/opt/ros/humble /usr/bin/cmake --build /workspaces/aprs/aprs_ws/build/table_description -- -j16 -l16
[1.583s] Invoked command in '/workspaces/aprs/aprs_ws/build/table_description' returned '0': CMAKE_PREFIX_PATH=${CMAKE_PREFIX_PATH}:/opt/ros/humble /usr/bin/cmake --build /workspaces/aprs/aprs_ws/build/table_description -- -j16 -l16
[2.120s] Invoking command in '/workspaces/aprs/aprs_ws/build/table_description': CMAKE_PREFIX_PATH=${CMAKE_PREFIX_PATH}:/opt/ros/humble /usr/bin/cmake --install /workspaces/aprs/aprs_ws/build/table_description
[2.223s] -- Install configuration: ""
[2.224s] -- Up-to-date: /workspaces/aprs/aprs_ws/install/table_description/share/table_description/meshes
[2.224s] -- Up-to-date: /workspaces/aprs/aprs_ws/install/table_description/share/table_description/meshes/visual
[2.225s] -- Up-to-date: /workspaces/aprs/aprs_ws/install/table_description/share/table_description/meshes/visual/table.stl
[2.225s] -- Up-to-date: /workspaces/aprs/aprs_ws/install/table_description/share/table_description/meshes/collision
[2.225s] -- Up-to-date: /workspaces/aprs/aprs_ws/install/table_description/share/table_description/meshes/collision/table.stl
[2.226s] -- Up-to-date: /workspaces/aprs/aprs_ws/install/table_description/share/table_description/urdf
[2.226s] -- Up-to-date: /workspaces/aprs/aprs_ws/install/table_description/share/table_description/urdf/table.urdf.xacro
[2.226s] -- Up-to-date: /workspaces/aprs/aprs_ws/install/table_description/share/ament_index/resource_index/package_run_dependencies/table_description
[2.226s] -- Up-to-date: /workspaces/aprs/aprs_ws/install/table_description/share/ament_index/resource_index/parent_prefix_path/table_description
[2.226s] -- Up-to-date: /workspaces/aprs/aprs_ws/install/table_description/share/table_description/environment/ament_prefix_path.sh
[2.226s] -- Up-to-date: /workspaces/aprs/aprs_ws/install/table_description/share/table_description/environment/ament_prefix_path.dsv
[2.229s] -- Up-to-date: /workspaces/aprs/aprs_ws/install/table_description/share/table_description/environment/path.sh
[2.229s] -- Up-to-date: /workspaces/aprs/aprs_ws/install/table_description/share/table_description/environment/path.dsv
[2.230s] -- Up-to-date: /workspaces/aprs/aprs_ws/install/table_description/share/table_description/local_setup.bash
[2.230s] -- Up-to-date: /workspaces/aprs/aprs_ws/install/table_description/share/table_description/local_setup.sh
[2.230s] -- Up-to-date: /workspaces/aprs/aprs_ws/install/table_description/share/table_description/local_setup.zsh
[2.231s] -- Up-to-date: /workspaces/aprs/aprs_ws/install/table_description/share/table_description/local_setup.dsv
[2.231s] -- Installing: /workspaces/aprs/aprs_ws/install/table_description/share/table_description/package.dsv
[2.231s] -- Up-to-date: /workspaces/aprs/aprs_ws/install/table_description/share/ament_index/resource_index/packages/table_description
[2.231s] -- Up-to-date: /workspaces/aprs/aprs_ws/install/table_description/share/table_description/cmake/table_descriptionConfig.cmake
[2.231s] -- Up-to-date: /workspaces/aprs/aprs_ws/install/table_description/share/table_description/cmake/table_descriptionConfig-version.cmake
[2.232s] -- Up-to-date: /workspaces/aprs/aprs_ws/install/table_description/share/table_description/package.xml
[2.420s] Invoked command in '/workspaces/aprs/aprs_ws/build/table_description' returned '0': CMAKE_PREFIX_PATH=${CMAKE_PREFIX_PATH}:/opt/ros/humble /usr/bin/cmake --install /workspaces/aprs/aprs_ws/build/table_description
