[0.747s] Invoking command in '/home/aprs/aprs/aprs_ws/src/aprs-ros-conveyor/conveyor_controller': PYTHONPATH=/home/aprs/aprs/aprs_ws/build/conveyor_controller/prefix_override:/home/aprs/aprs/aprs_ws/install/conveyor_controller/lib/python3.10/site-packages:${PYTHONPATH} /usr/bin/python3 setup.py egg_info --egg-base ../../../build/conveyor_controller build --build-base /home/aprs/aprs/aprs_ws/build/conveyor_controller/build install --record /home/aprs/aprs/aprs_ws/build/conveyor_controller/install.log --single-version-externally-managed
[0.942s] running egg_info
[0.946s] writing ../../../build/conveyor_controller/conveyor_controller.egg-info/PKG-INFO
[0.948s] writing dependency_links to ../../../build/conveyor_controller/conveyor_controller.egg-info/dependency_links.txt
[0.948s] writing entry points to ../../../build/conveyor_controller/conveyor_controller.egg-info/entry_points.txt
[0.949s] writing requirements to ../../../build/conveyor_controller/conveyor_controller.egg-info/requires.txt
[0.951s] writing top-level names to ../../../build/conveyor_controller/conveyor_controller.egg-info/top_level.txt
[0.951s] reading manifest file '../../../build/conveyor_controller/conveyor_controller.egg-info/SOURCES.txt'
[0.951s] writing manifest file '../../../build/conveyor_controller/conveyor_controller.egg-info/SOURCES.txt'
[0.951s] running build
[0.951s] running build_py
[0.951s] running install
[0.951s] running install_lib
[0.951s] running install_data
[0.952s] /usr/lib/python3/dist-packages/setuptools/command/install.py:34: SetuptoolsDeprecationWarning: setup.py install is deprecated. Use build and pip and other standards-based tools.
[0.952s]   warnings.warn(
[0.952s] running install_egg_info
[0.952s] removing '/home/aprs/aprs/aprs_ws/install/conveyor_controller/lib/python3.10/site-packages/conveyor_controller-0.0.0-py3.10.egg-info' (and everything under it)
[0.952s] Copying ../../../build/conveyor_controller/conveyor_controller.egg-info to /home/aprs/aprs/aprs_ws/install/conveyor_controller/lib/python3.10/site-packages/conveyor_controller-0.0.0-py3.10.egg-info
[0.952s] running install_scripts
[1.024s] Installing conveyor_controller script to /home/aprs/aprs/aprs_ws/install/conveyor_controller/lib/conveyor_controller
[1.024s] writing list of installed files to '/home/aprs/aprs/aprs_ws/build/conveyor_controller/install.log'
[1.207s] Invoked command in '/home/aprs/aprs/aprs_ws/src/aprs-ros-conveyor/conveyor_controller' returned '0': PYTHONPATH=/home/aprs/aprs/aprs_ws/build/conveyor_controller/prefix_override:/home/aprs/aprs/aprs_ws/install/conveyor_controller/lib/python3.10/site-packages:${PYTHONPATH} /usr/bin/python3 setup.py egg_info --egg-base ../../../build/conveyor_controller build --build-base /home/aprs/aprs/aprs_ws/build/conveyor_controller/build install --record /home/aprs/aprs/aprs_ws/build/conveyor_controller/install.log --single-version-externally-managed
