[0.604s] Invoking command in '/workspaces/aprs/aprs_ws/build/realsense2_description': CMAKE_PREFIX_PATH=${CMAKE_PREFIX_PATH}:/opt/ros/humble /usr/bin/cmake /workspaces/aprs/aprs_ws/src/assets/sensors/realsense2_description -DCMAKE_INSTALL_PREFIX=/workspaces/aprs/aprs_ws/install/realsense2_description
[0.728s] -- The C compiler identification is GNU 11.4.0
[0.854s] -- The CXX compiler identification is GNU 11.4.0
[0.864s] -- Detecting C compiler ABI info
[1.019s] -- Detecting C compiler ABI info - done
[1.021s] -- Check for working C compiler: /usr/bin/cc - skipped
[1.021s] -- Detecting C compile features
[1.022s] -- Detecting C compile features - done
[1.025s] -- Detecting CXX compiler ABI info
[1.192s] -- Detecting CXX compiler ABI info - done
[1.207s] -- Check for working CXX compiler: /usr/bin/c++ - skipped
[1.207s] -- Detecting CXX compile features
[1.207s] -- Detecting CXX compile features - done
[1.213s] -- Found ament_cmake: 1.3.6 (/opt/ros/humble/share/ament_cmake/cmake)
[1.592s] -- Found Python3: /usr/bin/python3.10 (found version "3.10.12") found components: Interpreter 
[1.937s] -- Configuring done
[1.941s] -- Generating done
[1.943s] -- Build files have been written to: /workspaces/aprs/aprs_ws/build/realsense2_description
[1.956s] Invoked command in '/workspaces/aprs/aprs_ws/build/realsense2_description' returned '0': CMAKE_PREFIX_PATH=${CMAKE_PREFIX_PATH}:/opt/ros/humble /usr/bin/cmake /workspaces/aprs/aprs_ws/src/assets/sensors/realsense2_description -DCMAKE_INSTALL_PREFIX=/workspaces/aprs/aprs_ws/install/realsense2_description
[1.957s] Invoking command in '/workspaces/aprs/aprs_ws/build/realsense2_description': CMAKE_PREFIX_PATH=${CMAKE_PREFIX_PATH}:/opt/ros/humble /usr/bin/cmake --build /workspaces/aprs/aprs_ws/build/realsense2_description -- -j16 -l16
[3.871s] Invoked command in '/workspaces/aprs/aprs_ws/build/realsense2_description' returned '0': CMAKE_PREFIX_PATH=${CMAKE_PREFIX_PATH}:/opt/ros/humble /usr/bin/cmake --build /workspaces/aprs/aprs_ws/build/realsense2_description -- -j16 -l16
[4.301s] Invoking command in '/workspaces/aprs/aprs_ws/build/realsense2_description': CMAKE_PREFIX_PATH=${CMAKE_PREFIX_PATH}:/opt/ros/humble /usr/bin/cmake --install /workspaces/aprs/aprs_ws/build/realsense2_description
[4.777s] -- Install configuration: ""
[4.777s] -- Installing: /workspaces/aprs/aprs_ws/install/realsense2_description/share/realsense2_description/launch
[4.777s] -- Installing: /workspaces/aprs/aprs_ws/install/realsense2_description/share/realsense2_description/launch/view_model.launch.py
[4.778s] -- Installing: /workspaces/aprs/aprs_ws/install/realsense2_description/share/realsense2_description/launch/launch_utils.py
[4.780s] -- Installing: /workspaces/aprs/aprs_ws/install/realsense2_description/share/realsense2_description/meshes
[4.780s] -- Installing: /workspaces/aprs/aprs_ws/install/realsense2_description/share/realsense2_description/meshes/plug.stl
[4.780s] -- Installing: /workspaces/aprs/aprs_ws/install/realsense2_description/share/realsense2_description/meshes/d435.dae
[4.781s] -- Installing: /workspaces/aprs/aprs_ws/install/realsense2_description/share/realsense2_description/meshes/d455.stl
[4.781s] -- Installing: /workspaces/aprs/aprs_ws/install/realsense2_description/share/realsense2_description/meshes/plug_collision.stl
[4.782s] -- Installing: /workspaces/aprs/aprs_ws/install/realsense2_description/share/realsense2_description/meshes/d415.stl
[4.782s] -- Installing: /workspaces/aprs/aprs_ws/install/realsense2_description/share/realsense2_description/meshes/l515.dae
[4.782s] -- Installing: /workspaces/aprs/aprs_ws/install/realsense2_description/share/realsense2_description/rviz
[4.783s] -- Installing: /workspaces/aprs/aprs_ws/install/realsense2_description/share/realsense2_description/rviz/urdf.rviz
[4.783s] -- Installing: /workspaces/aprs/aprs_ws/install/realsense2_description/share/realsense2_description/urdf
[4.783s] -- Installing: /workspaces/aprs/aprs_ws/install/realsense2_description/share/realsense2_description/urdf/test_d415_camera.urdf.xacro
[4.784s] -- Installing: /workspaces/aprs/aprs_ws/install/realsense2_description/share/realsense2_description/urdf/_materials.urdf.xacro
[4.784s] -- Installing: /workspaces/aprs/aprs_ws/install/realsense2_description/share/realsense2_description/urdf/_d435.urdf.xacro
[4.784s] -- Installing: /workspaces/aprs/aprs_ws/install/realsense2_description/share/realsense2_description/urdf/test_d435i_camera.urdf.xacro
[4.784s] -- Installing: /workspaces/aprs/aprs_ws/install/realsense2_description/share/realsense2_description/urdf/test_d435_multiple_cameras.urdf.xacro
[4.784s] -- Installing: /workspaces/aprs/aprs_ws/install/realsense2_description/share/realsense2_description/urdf/_usb_plug.urdf.xacro
[4.785s] -- Installing: /workspaces/aprs/aprs_ws/install/realsense2_description/share/realsense2_description/urdf/test_r430_camera.urdf.xacro
[4.785s] -- Installing: /workspaces/aprs/aprs_ws/install/realsense2_description/share/realsense2_description/urdf/_d435i_imu_modules.urdf.xacro
[4.785s] -- Installing: /workspaces/aprs/aprs_ws/install/realsense2_description/share/realsense2_description/urdf/_r410.urdf.xacro
[4.785s] -- Installing: /workspaces/aprs/aprs_ws/install/realsense2_description/share/realsense2_description/urdf/_d415.urdf.xacro
[4.785s] -- Installing: /workspaces/aprs/aprs_ws/install/realsense2_description/share/realsense2_description/urdf/test_d435_camera.urdf.xacro
[4.785s] -- Installing: /workspaces/aprs/aprs_ws/install/realsense2_description/share/realsense2_description/urdf/test_l515_camera.urdf.xacro
[4.785s] -- Installing: /workspaces/aprs/aprs_ws/install/realsense2_description/share/realsense2_description/urdf/_d455.urdf.xacro
[4.785s] -- Installing: /workspaces/aprs/aprs_ws/install/realsense2_description/share/realsense2_description/urdf/_r430.urdf.xacro
[4.785s] -- Installing: /workspaces/aprs/aprs_ws/install/realsense2_description/share/realsense2_description/urdf/test_r410_camera.urdf.xacro
[4.785s] -- Installing: /workspaces/aprs/aprs_ws/install/realsense2_description/share/realsense2_description/urdf/test_d455_camera.urdf.xacro
[4.785s] -- Installing: /workspaces/aprs/aprs_ws/install/realsense2_description/share/realsense2_description/urdf/_d435i.urdf.xacro
[4.786s] -- Installing: /workspaces/aprs/aprs_ws/install/realsense2_description/share/realsense2_description/urdf/_l515.urdf.xacro
[4.786s] -- Installing: /workspaces/aprs/aprs_ws/install/realsense2_description/share/ament_index/resource_index/package_run_dependencies/realsense2_description
[4.786s] -- Installing: /workspaces/aprs/aprs_ws/install/realsense2_description/share/ament_index/resource_index/parent_prefix_path/realsense2_description
[4.786s] -- Installing: /workspaces/aprs/aprs_ws/install/realsense2_description/share/realsense2_description/environment/ament_prefix_path.sh
[4.786s] -- Installing: /workspaces/aprs/aprs_ws/install/realsense2_description/share/realsense2_description/environment/ament_prefix_path.dsv
[4.786s] -- Installing: /workspaces/aprs/aprs_ws/install/realsense2_description/share/realsense2_description/environment/path.sh
[4.786s] -- Installing: /workspaces/aprs/aprs_ws/install/realsense2_description/share/realsense2_description/environment/path.dsv
[4.786s] -- Installing: /workspaces/aprs/aprs_ws/install/realsense2_description/share/realsense2_description/local_setup.bash
[4.786s] -- Installing: /workspaces/aprs/aprs_ws/install/realsense2_description/share/realsense2_description/local_setup.sh
[4.786s] -- Installing: /workspaces/aprs/aprs_ws/install/realsense2_description/share/realsense2_description/local_setup.zsh
[4.786s] -- Installing: /workspaces/aprs/aprs_ws/install/realsense2_description/share/realsense2_description/local_setup.dsv
[4.787s] -- Installing: /workspaces/aprs/aprs_ws/install/realsense2_description/share/realsense2_description/package.dsv
[4.787s] -- Installing: /workspaces/aprs/aprs_ws/install/realsense2_description/share/ament_index/resource_index/packages/realsense2_description
[4.787s] -- Installing: /workspaces/aprs/aprs_ws/install/realsense2_description/share/realsense2_description/cmake/realsense2_descriptionConfig.cmake
[4.788s] -- Installing: /workspaces/aprs/aprs_ws/install/realsense2_description/share/realsense2_description/cmake/realsense2_descriptionConfig-version.cmake
[4.788s] -- Installing: /workspaces/aprs/aprs_ws/install/realsense2_description/share/realsense2_description/package.xml
[4.964s] Invoked command in '/workspaces/aprs/aprs_ws/build/realsense2_description' returned '0': CMAKE_PREFIX_PATH=${CMAKE_PREFIX_PATH}:/opt/ros/humble /usr/bin/cmake --install /workspaces/aprs/aprs_ws/build/realsense2_description
