Built target ament_cmake_python_copy_ur5e_moveit_config
running install_scripts
running egg_info
writing ur5e_moveit_config.egg-info/PKG-INFO
writing dependency_links to ur5e_moveit_config.egg-info/dependency_links.txt
writing top-level names to ur5e_moveit_config.egg-info/top_level.txt
reading manifest file 'ur5e_moveit_config.egg-info/SOURCES.txt'
writing manifest file 'ur5e_moveit_config.egg-info/SOURCES.txt'
running egg_info
writing ur5e_moveit_config.egg-info/PKG-INFO
writing dependency_links to ur5e_moveit_config.egg-info/dependency_links.txt
writing top-level names to ur5e_moveit_config.egg-info/top_level.txt
reading manifest file 'ur5e_moveit_config.egg-info/SOURCES.txt'
writing manifest file 'ur5e_moveit_config.egg-info/SOURCES.txt'
Built target ament_cmake_python_build_ur5e_moveit_config_egg
Built target ament_cmake_python_build_ur5e_moveit_config_scripts
-- Install configuration: ""
-- Up-to-date: /home/aprs/aprs/aprs_ws/install/ur5e_moveit_config/share/ur5e_moveit_config/config
-- Up-to-date: /home/aprs/aprs/aprs_ws/install/ur5e_moveit_config/share/ur5e_moveit_config/config/ompl_planning.yaml
-- Up-to-date: /home/aprs/aprs/aprs_ws/install/ur5e_moveit_config/share/ur5e_moveit_config/config/joint_limits.yaml
-- Up-to-date: /home/aprs/aprs/aprs_ws/install/ur5e_moveit_config/share/ur5e_moveit_config/config/kinematics.yaml
-- Up-to-date: /home/aprs/aprs/aprs_ws/install/ur5e_moveit_config/share/ur5e_moveit_config/config/ur_servo.yaml
-- Up-to-date: /home/aprs/aprs/aprs_ws/install/ur5e_moveit_config/share/ur5e_moveit_config/config/controllers.yaml
-- Up-to-date: /home/aprs/aprs/aprs_ws/install/ur5e_moveit_config/share/ur5e_moveit_config/launch
-- Up-to-date: /home/aprs/aprs/aprs_ws/install/ur5e_moveit_config/share/ur5e_moveit_config/launch/ur_moveit.launch.py
-- Up-to-date: /home/aprs/aprs/aprs_ws/install/ur5e_moveit_config/share/ur5e_moveit_config/srdf
-- Up-to-date: /home/aprs/aprs/aprs_ws/install/ur5e_moveit_config/share/ur5e_moveit_config/srdf/ur.srdf
-- Up-to-date: /home/aprs/aprs/aprs_ws/install/ur5e_moveit_config/share/ur5e_moveit_config/rviz
-- Up-to-date: /home/aprs/aprs/aprs_ws/install/ur5e_moveit_config/share/ur5e_moveit_config/rviz/moveit.rviz
-- Up-to-date: /home/aprs/aprs/aprs_ws/install/ur5e_moveit_config/share/ur5e_moveit_config/environment/pythonpath.sh
-- Up-to-date: /home/aprs/aprs/aprs_ws/install/ur5e_moveit_config/share/ur5e_moveit_config/environment/pythonpath.dsv
-- Up-to-date: /home/aprs/aprs/aprs_ws/install/ur5e_moveit_config/local/lib/python3.10/dist-packages/ur5e_moveit_config-0.0.0-py3.10.egg-info
-- Installing: /home/aprs/aprs/aprs_ws/install/ur5e_moveit_config/local/lib/python3.10/dist-packages/ur5e_moveit_config-0.0.0-py3.10.egg-info/PKG-INFO
-- Installing: /home/aprs/aprs/aprs_ws/install/ur5e_moveit_config/local/lib/python3.10/dist-packages/ur5e_moveit_config-0.0.0-py3.10.egg-info/dependency_links.txt
-- Installing: /home/aprs/aprs/aprs_ws/install/ur5e_moveit_config/local/lib/python3.10/dist-packages/ur5e_moveit_config-0.0.0-py3.10.egg-info/SOURCES.txt
-- Installing: /home/aprs/aprs/aprs_ws/install/ur5e_moveit_config/local/lib/python3.10/dist-packages/ur5e_moveit_config-0.0.0-py3.10.egg-info/top_level.txt
-- Up-to-date: /home/aprs/aprs/aprs_ws/install/ur5e_moveit_config/lib/ur5e_moveit_config/
-- Up-to-date: /home/aprs/aprs/aprs_ws/install/ur5e_moveit_config/local/lib/python3.10/dist-packages/ur5e_moveit_config
-- Up-to-date: /home/aprs/aprs/aprs_ws/install/ur5e_moveit_config/local/lib/python3.10/dist-packages/ur5e_moveit_config/__init__.py
-- Up-to-date: /home/aprs/aprs/aprs_ws/install/ur5e_moveit_config/local/lib/python3.10/dist-packages/ur5e_moveit_config/parameters.py
Listing '/home/aprs/aprs/aprs_ws/install/ur5e_moveit_config/local/lib/python3.10/dist-packages/ur5e_moveit_config'...
-- Up-to-date: /home/aprs/aprs/aprs_ws/install/ur5e_moveit_config/share/ament_index/resource_index/package_run_dependencies/ur5e_moveit_config
-- Up-to-date: /home/aprs/aprs/aprs_ws/install/ur5e_moveit_config/share/ament_index/resource_index/parent_prefix_path/ur5e_moveit_config
-- Up-to-date: /home/aprs/aprs/aprs_ws/install/ur5e_moveit_config/share/ur5e_moveit_config/environment/ament_prefix_path.sh
-- Up-to-date: /home/aprs/aprs/aprs_ws/install/ur5e_moveit_config/share/ur5e_moveit_config/environment/ament_prefix_path.dsv
-- Up-to-date: /home/aprs/aprs/aprs_ws/install/ur5e_moveit_config/share/ur5e_moveit_config/environment/path.sh
-- Up-to-date: /home/aprs/aprs/aprs_ws/install/ur5e_moveit_config/share/ur5e_moveit_config/environment/path.dsv
-- Up-to-date: /home/aprs/aprs/aprs_ws/install/ur5e_moveit_config/share/ur5e_moveit_config/local_setup.bash
-- Up-to-date: /home/aprs/aprs/aprs_ws/install/ur5e_moveit_config/share/ur5e_moveit_config/local_setup.sh
-- Up-to-date: /home/aprs/aprs/aprs_ws/install/ur5e_moveit_config/share/ur5e_moveit_config/local_setup.zsh
-- Up-to-date: /home/aprs/aprs/aprs_ws/install/ur5e_moveit_config/share/ur5e_moveit_config/local_setup.dsv
-- Installing: /home/aprs/aprs/aprs_ws/install/ur5e_moveit_config/share/ur5e_moveit_config/package.dsv
-- Up-to-date: /home/aprs/aprs/aprs_ws/install/ur5e_moveit_config/share/ament_index/resource_index/packages/ur5e_moveit_config
-- Up-to-date: /home/aprs/aprs/aprs_ws/install/ur5e_moveit_config/share/ur5e_moveit_config/cmake/ur5e_moveit_configConfig.cmake
-- Up-to-date: /home/aprs/aprs/aprs_ws/install/ur5e_moveit_config/share/ur5e_moveit_config/cmake/ur5e_moveit_configConfig-version.cmake
-- Up-to-date: /home/aprs/aprs/aprs_ws/install/ur5e_moveit_config/share/ur5e_moveit_config/package.xml
