[0.246s] Invoking command in '/home/aprs/aprs/aprs_ws/build/table_description': CMAKE_PREFIX_PATH=${CMAKE_PREFIX_PATH}:/home/aprs/aprs/aprs_ws/install/conveyor_controller:/opt/ros/humble /usr/bin/cmake --build /home/aprs/aprs/aprs_ws/build/table_description -- -j16 -l16
[0.307s] Invoked command in '/home/aprs/aprs/aprs_ws/build/table_description' returned '0': CMAKE_PREFIX_PATH=${CMAKE_PREFIX_PATH}:/home/aprs/aprs/aprs_ws/install/conveyor_controller:/opt/ros/humble /usr/bin/cmake --build /home/aprs/aprs/aprs_ws/build/table_description -- -j16 -l16
[0.398s] Invoking command in '/home/aprs/aprs/aprs_ws/build/table_description': CMAKE_PREFIX_PATH=${CMAKE_PREFIX_PATH}:/home/aprs/aprs/aprs_ws/install/conveyor_controller:/opt/ros/humble /usr/bin/cmake --install /home/aprs/aprs/aprs_ws/build/table_description
[0.418s] -- Install configuration: ""
[0.418s] -- Up-to-date: /home/aprs/aprs/aprs_ws/install/table_description/share/table_description/meshes
[0.419s] -- Up-to-date: /home/aprs/aprs/aprs_ws/install/table_description/share/table_description/meshes/collision
[0.422s] -- Up-to-date: /home/aprs/aprs/aprs_ws/install/table_description/share/table_description/meshes/collision/table.stl
[0.422s] -- Up-to-date: /home/aprs/aprs/aprs_ws/install/table_description/share/table_description/meshes/visual
[0.423s] -- Up-to-date: /home/aprs/aprs/aprs_ws/install/table_description/share/table_description/meshes/visual/table.stl
[0.423s] -- Up-to-date: /home/aprs/aprs/aprs_ws/install/table_description/share/table_description/urdf
[0.423s] -- Up-to-date: /home/aprs/aprs/aprs_ws/install/table_description/share/table_description/urdf/table.urdf.xacro
[0.423s] -- Up-to-date: /home/aprs/aprs/aprs_ws/install/table_description/share/ament_index/resource_index/package_run_dependencies/table_description
[0.423s] -- Up-to-date: /home/aprs/aprs/aprs_ws/install/table_description/share/ament_index/resource_index/parent_prefix_path/table_description
[0.424s] -- Up-to-date: /home/aprs/aprs/aprs_ws/install/table_description/share/table_description/environment/ament_prefix_path.sh
[0.424s] -- Up-to-date: /home/aprs/aprs/aprs_ws/install/table_description/share/table_description/environment/ament_prefix_path.dsv
[0.424s] -- Up-to-date: /home/aprs/aprs/aprs_ws/install/table_description/share/table_description/environment/path.sh
[0.424s] -- Up-to-date: /home/aprs/aprs/aprs_ws/install/table_description/share/table_description/environment/path.dsv
[0.424s] -- Up-to-date: /home/aprs/aprs/aprs_ws/install/table_description/share/table_description/local_setup.bash
[0.424s] -- Up-to-date: /home/aprs/aprs/aprs_ws/install/table_description/share/table_description/local_setup.sh
[0.424s] -- Up-to-date: /home/aprs/aprs/aprs_ws/install/table_description/share/table_description/local_setup.zsh
[0.424s] -- Up-to-date: /home/aprs/aprs/aprs_ws/install/table_description/share/table_description/local_setup.dsv
[0.424s] -- Installing: /home/aprs/aprs/aprs_ws/install/table_description/share/table_description/package.dsv
[0.424s] -- Up-to-date: /home/aprs/aprs/aprs_ws/install/table_description/share/ament_index/resource_index/packages/table_description
[0.425s] -- Up-to-date: /home/aprs/aprs/aprs_ws/install/table_description/share/table_description/cmake/table_descriptionConfig.cmake
[0.426s] -- Up-to-date: /home/aprs/aprs/aprs_ws/install/table_description/share/table_description/cmake/table_descriptionConfig-version.cmake
[0.427s] -- Up-to-date: /home/aprs/aprs/aprs_ws/install/table_description/share/table_description/package.xml
[0.473s] Invoked command in '/home/aprs/aprs/aprs_ws/build/table_description' returned '0': CMAKE_PREFIX_PATH=${CMAKE_PREFIX_PATH}:/home/aprs/aprs/aprs_ws/install/conveyor_controller:/opt/ros/humble /usr/bin/cmake --install /home/aprs/aprs/aprs_ws/build/table_description
