[0.255s] Invoking command in '/workspaces/aprs/aprs_ws/build/fanuc_moveit_config': CMAKE_PREFIX_PATH=/opt/ros/humble /usr/bin/cmake /workspaces/aprs/aprs_ws/src/assets/robots/fanuc/fanuc_moveit_config -DBUILD_TESTING=ON -DCMAKE_INSTALL_PREFIX=/workspaces/aprs/aprs_ws/install/fanuc_moveit_config
[2.411s] -- The C compiler identification is GNU 11.4.0
[2.423s] -- The CXX compiler identification is GNU 11.4.0
[2.423s] -- Detecting C compiler ABI info
[2.423s] -- Detecting C compiler ABI info - done
[2.423s] -- Check for working C compiler: /usr/bin/cc - skipped
[2.423s] -- Detecting C compile features
[2.424s] -- Detecting C compile features - done
[2.424s] -- Detecting CXX compiler ABI info
[2.424s] -- Detecting CXX compiler ABI info - done
[2.424s] -- Check for working CXX compiler: /usr/bin/c++ - skipped
[2.424s] -- Detecting CXX compile features
[2.424s] -- Detecting CXX compile features - done
[2.424s] -- Found ament_cmake: 1.3.5 (/opt/ros/humble/share/ament_cmake/cmake)
[2.424s] -- Found Python3: /usr/bin/python3.10 (found version "3.10.12") found components: Interpreter 
[2.438s] -- Configuring done
[2.444s] -- Generating done
[2.446s] -- Build files have been written to: /workspaces/aprs/aprs_ws/build/fanuc_moveit_config
[2.512s] Invoked command in '/workspaces/aprs/aprs_ws/build/fanuc_moveit_config' returned '0': CMAKE_PREFIX_PATH=/opt/ros/humble /usr/bin/cmake /workspaces/aprs/aprs_ws/src/assets/robots/fanuc/fanuc_moveit_config -DBUILD_TESTING=ON -DCMAKE_INSTALL_PREFIX=/workspaces/aprs/aprs_ws/install/fanuc_moveit_config
[2.514s] Invoking command in '/workspaces/aprs/aprs_ws/build/fanuc_moveit_config': CMAKE_PREFIX_PATH=/opt/ros/humble /usr/bin/cmake --build /workspaces/aprs/aprs_ws/build/fanuc_moveit_config -- -j16 -l16
[6.322s] Invoked command in '/workspaces/aprs/aprs_ws/build/fanuc_moveit_config' returned '0': CMAKE_PREFIX_PATH=/opt/ros/humble /usr/bin/cmake --build /workspaces/aprs/aprs_ws/build/fanuc_moveit_config -- -j16 -l16
[6.690s] Invoking command in '/workspaces/aprs/aprs_ws/build/fanuc_moveit_config': CMAKE_PREFIX_PATH=/opt/ros/humble /usr/bin/cmake --install /workspaces/aprs/aprs_ws/build/fanuc_moveit_config
[6.762s] -- Install configuration: ""
[6.762s] -- Installing: /workspaces/aprs/aprs_ws/install/fanuc_moveit_config/share/ament_index/resource_index/package_run_dependencies/fanuc_moveit_config
[6.762s] -- Installing: /workspaces/aprs/aprs_ws/install/fanuc_moveit_config/share/ament_index/resource_index/parent_prefix_path/fanuc_moveit_config
[6.762s] -- Installing: /workspaces/aprs/aprs_ws/install/fanuc_moveit_config/share/fanuc_moveit_config/environment/ament_prefix_path.sh
[6.762s] -- Installing: /workspaces/aprs/aprs_ws/install/fanuc_moveit_config/share/fanuc_moveit_config/environment/ament_prefix_path.dsv
[6.763s] -- Installing: /workspaces/aprs/aprs_ws/install/fanuc_moveit_config/share/fanuc_moveit_config/environment/path.sh
[6.763s] -- Installing: /workspaces/aprs/aprs_ws/install/fanuc_moveit_config/share/fanuc_moveit_config/environment/path.dsv
[6.763s] -- Installing: /workspaces/aprs/aprs_ws/install/fanuc_moveit_config/share/fanuc_moveit_config/local_setup.bash
[6.763s] -- Installing: /workspaces/aprs/aprs_ws/install/fanuc_moveit_config/share/fanuc_moveit_config/local_setup.sh
[6.763s] -- Installing: /workspaces/aprs/aprs_ws/install/fanuc_moveit_config/share/fanuc_moveit_config/local_setup.zsh
[6.763s] -- Installing: /workspaces/aprs/aprs_ws/install/fanuc_moveit_config/share/fanuc_moveit_config/local_setup.dsv
[6.763s] -- Installing: /workspaces/aprs/aprs_ws/install/fanuc_moveit_config/share/fanuc_moveit_config/package.dsv
[6.763s] -- Installing: /workspaces/aprs/aprs_ws/install/fanuc_moveit_config/share/ament_index/resource_index/packages/fanuc_moveit_config
[6.763s] -- Installing: /workspaces/aprs/aprs_ws/install/fanuc_moveit_config/share/fanuc_moveit_config/cmake/fanuc_moveit_configConfig.cmake
[6.764s] -- Installing: /workspaces/aprs/aprs_ws/install/fanuc_moveit_config/share/fanuc_moveit_config/cmake/fanuc_moveit_configConfig-version.cmake
[6.764s] -- Installing: /workspaces/aprs/aprs_ws/install/fanuc_moveit_config/share/fanuc_moveit_config/package.xml
[6.764s] -- Installing: /workspaces/aprs/aprs_ws/install/fanuc_moveit_config/share/fanuc_moveit_config/launch
[6.764s] -- Installing: /workspaces/aprs/aprs_ws/install/fanuc_moveit_config/share/fanuc_moveit_config/launch/trajectory_execution.launch.xml
[6.764s] -- Installing: /workspaces/aprs/aprs_ws/install/fanuc_moveit_config/share/fanuc_moveit_config/launch/fanuc_moveit_controller_manager.launch.xml
[6.765s] -- Installing: /workspaces/aprs/aprs_ws/install/fanuc_moveit_config/share/fanuc_moveit_config/launch/chomp_planning_pipeline.launch.xml
[6.765s] -- Installing: /workspaces/aprs/aprs_ws/install/fanuc_moveit_config/share/fanuc_moveit_config/launch/moveit.rviz
[6.765s] -- Installing: /workspaces/aprs/aprs_ws/install/fanuc_moveit_config/share/fanuc_moveit_config/launch/demo.launch
[6.765s] -- Installing: /workspaces/aprs/aprs_ws/install/fanuc_moveit_config/share/fanuc_moveit_config/launch/test_environment.launch
[6.790s] -- Installing: /workspaces/aprs/aprs_ws/install/fanuc_moveit_config/share/fanuc_moveit_config/launch/planning_pipeline.launch.xml
[6.790s] -- Installing: /workspaces/aprs/aprs_ws/install/fanuc_moveit_config/share/fanuc_moveit_config/launch/joystick_control.launch
[6.791s] -- Installing: /workspaces/aprs/aprs_ws/install/fanuc_moveit_config/share/fanuc_moveit_config/launch/demo_gazebo.launch
[6.791s] -- Installing: /workspaces/aprs/aprs_ws/install/fanuc_moveit_config/share/fanuc_moveit_config/launch/move_group.launch
[6.791s] -- Installing: /workspaces/aprs/aprs_ws/install/fanuc_moveit_config/share/fanuc_moveit_config/launch/fake_moveit_controller_manager.launch.xml
[6.791s] -- Installing: /workspaces/aprs/aprs_ws/install/fanuc_moveit_config/share/fanuc_moveit_config/launch/sensor_manager.launch.xml
[6.791s] -- Installing: /workspaces/aprs/aprs_ws/install/fanuc_moveit_config/share/fanuc_moveit_config/launch/run_benchmark_ompl.launch
[6.791s] -- Installing: /workspaces/aprs/aprs_ws/install/fanuc_moveit_config/share/fanuc_moveit_config/launch/ros_controllers.launch
[6.791s] -- Installing: /workspaces/aprs/aprs_ws/install/fanuc_moveit_config/share/fanuc_moveit_config/launch/fanuc_moveit_sensor_manager.launch.xml
[6.791s] -- Installing: /workspaces/aprs/aprs_ws/install/fanuc_moveit_config/share/fanuc_moveit_config/launch/demo_chomp.launch
[6.791s] -- Installing: /workspaces/aprs/aprs_ws/install/fanuc_moveit_config/share/fanuc_moveit_config/launch/planning_context.launch
[6.792s] -- Installing: /workspaces/aprs/aprs_ws/install/fanuc_moveit_config/share/fanuc_moveit_config/launch/default_warehouse_db.launch
[6.792s] -- Installing: /workspaces/aprs/aprs_ws/install/fanuc_moveit_config/share/fanuc_moveit_config/launch/moveit_rviz.launch
[6.792s] -- Installing: /workspaces/aprs/aprs_ws/install/fanuc_moveit_config/share/fanuc_moveit_config/launch/warehouse_settings.launch.xml
[6.792s] -- Installing: /workspaces/aprs/aprs_ws/install/fanuc_moveit_config/share/fanuc_moveit_config/launch/warehouse.launch
[6.792s] -- Installing: /workspaces/aprs/aprs_ws/install/fanuc_moveit_config/share/fanuc_moveit_config/launch/gazebo.launch
[6.792s] -- Installing: /workspaces/aprs/aprs_ws/install/fanuc_moveit_config/share/fanuc_moveit_config/launch/ompl_planning_pipeline.launch.xml
[6.792s] -- Installing: /workspaces/aprs/aprs_ws/install/fanuc_moveit_config/share/fanuc_moveit_config/config
[6.792s] -- Installing: /workspaces/aprs/aprs_ws/install/fanuc_moveit_config/share/fanuc_moveit_config/config/fanuc.srdf
[6.792s] -- Installing: /workspaces/aprs/aprs_ws/install/fanuc_moveit_config/share/fanuc_moveit_config/config/fanuc.srdf.xacro
[6.792s] -- Installing: /workspaces/aprs/aprs_ws/install/fanuc_moveit_config/share/fanuc_moveit_config/config/chomp_planning.yaml
[6.792s] -- Installing: /workspaces/aprs/aprs_ws/install/fanuc_moveit_config/share/fanuc_moveit_config/config/ompl_planning.yaml
[6.793s] -- Installing: /workspaces/aprs/aprs_ws/install/fanuc_moveit_config/share/fanuc_moveit_config/config/joint_limits.yaml
[6.793s] -- Installing: /workspaces/aprs/aprs_ws/install/fanuc_moveit_config/share/fanuc_moveit_config/config/kinematics.yaml
[6.794s] -- Installing: /workspaces/aprs/aprs_ws/install/fanuc_moveit_config/share/fanuc_moveit_config/config/sensors_3d.yaml
[6.794s] -- Installing: /workspaces/aprs/aprs_ws/install/fanuc_moveit_config/share/fanuc_moveit_config/config/ros_controllers.yaml
[6.794s] -- Installing: /workspaces/aprs/aprs_ws/install/fanuc_moveit_config/share/fanuc_moveit_config/config/fake_controllers.yaml
[6.885s] Invoked command in '/workspaces/aprs/aprs_ws/build/fanuc_moveit_config' returned '0': CMAKE_PREFIX_PATH=/opt/ros/humble /usr/bin/cmake --install /workspaces/aprs/aprs_ws/build/fanuc_moveit_config
