[0.986s] Invoking command in '/workspaces/aprs/aprs_ws/build/realsense2_description': CMAKE_PREFIX_PATH=${CMAKE_PREFIX_PATH}:/opt/ros/humble /usr/bin/cmake --build /workspaces/aprs/aprs_ws/build/realsense2_description -- -j16 -l16
[1.136s] Invoked command in '/workspaces/aprs/aprs_ws/build/realsense2_description' returned '0': CMAKE_PREFIX_PATH=${CMAKE_PREFIX_PATH}:/opt/ros/humble /usr/bin/cmake --build /workspaces/aprs/aprs_ws/build/realsense2_description -- -j16 -l16
[1.293s] Invoking command in '/workspaces/aprs/aprs_ws/build/realsense2_description': CMAKE_PREFIX_PATH=${CMAKE_PREFIX_PATH}:/opt/ros/humble /usr/bin/cmake --install /workspaces/aprs/aprs_ws/build/realsense2_description
[1.297s] -- Install configuration: ""
[1.297s] -- Up-to-date: /workspaces/aprs/aprs_ws/install/realsense2_description/share/realsense2_description/launch
[1.297s] -- Up-to-date: /workspaces/aprs/aprs_ws/install/realsense2_description/share/realsense2_description/launch/view_model.launch.py
[1.297s] -- Up-to-date: /workspaces/aprs/aprs_ws/install/realsense2_description/share/realsense2_description/launch/launch_utils.py
[1.297s] -- Up-to-date: /workspaces/aprs/aprs_ws/install/realsense2_description/share/realsense2_description/meshes
[1.297s] -- Up-to-date: /workspaces/aprs/aprs_ws/install/realsense2_description/share/realsense2_description/meshes/plug.stl
[1.297s] -- Up-to-date: /workspaces/aprs/aprs_ws/install/realsense2_description/share/realsense2_description/meshes/d435.dae
[1.297s] -- Up-to-date: /workspaces/aprs/aprs_ws/install/realsense2_description/share/realsense2_description/meshes/d455.stl
[1.298s] -- Up-to-date: /workspaces/aprs/aprs_ws/install/realsense2_description/share/realsense2_description/meshes/plug_collision.stl
[1.298s] -- Up-to-date: /workspaces/aprs/aprs_ws/install/realsense2_description/share/realsense2_description/meshes/d415.stl
[1.298s] -- Up-to-date: /workspaces/aprs/aprs_ws/install/realsense2_description/share/realsense2_description/meshes/l515.dae
[1.298s] -- Up-to-date: /workspaces/aprs/aprs_ws/install/realsense2_description/share/realsense2_description/rviz
[1.298s] -- Up-to-date: /workspaces/aprs/aprs_ws/install/realsense2_description/share/realsense2_description/rviz/urdf.rviz
[1.298s] -- Up-to-date: /workspaces/aprs/aprs_ws/install/realsense2_description/share/realsense2_description/urdf
[1.298s] -- Up-to-date: /workspaces/aprs/aprs_ws/install/realsense2_description/share/realsense2_description/urdf/test_d415_camera.urdf.xacro
[1.298s] -- Up-to-date: /workspaces/aprs/aprs_ws/install/realsense2_description/share/realsense2_description/urdf/_materials.urdf.xacro
[1.298s] -- Up-to-date: /workspaces/aprs/aprs_ws/install/realsense2_description/share/realsense2_description/urdf/_d435.urdf.xacro
[1.298s] -- Up-to-date: /workspaces/aprs/aprs_ws/install/realsense2_description/share/realsense2_description/urdf/test_d435i_camera.urdf.xacro
[1.299s] -- Up-to-date: /workspaces/aprs/aprs_ws/install/realsense2_description/share/realsense2_description/urdf/test_d435_multiple_cameras.urdf.xacro
[1.299s] -- Up-to-date: /workspaces/aprs/aprs_ws/install/realsense2_description/share/realsense2_description/urdf/_usb_plug.urdf.xacro
[1.299s] -- Up-to-date: /workspaces/aprs/aprs_ws/install/realsense2_description/share/realsense2_description/urdf/test_r430_camera.urdf.xacro
[1.299s] -- Up-to-date: /workspaces/aprs/aprs_ws/install/realsense2_description/share/realsense2_description/urdf/_d435i_imu_modules.urdf.xacro
[1.299s] -- Up-to-date: /workspaces/aprs/aprs_ws/install/realsense2_description/share/realsense2_description/urdf/_r410.urdf.xacro
[1.300s] -- Up-to-date: /workspaces/aprs/aprs_ws/install/realsense2_description/share/realsense2_description/urdf/_d415.urdf.xacro
[1.306s] -- Up-to-date: /workspaces/aprs/aprs_ws/install/realsense2_description/share/realsense2_description/urdf/test_d435_camera.urdf.xacro
[1.314s] -- Up-to-date: /workspaces/aprs/aprs_ws/install/realsense2_description/share/realsense2_description/urdf/test_l515_camera.urdf.xacro
[1.314s] -- Up-to-date: /workspaces/aprs/aprs_ws/install/realsense2_description/share/realsense2_description/urdf/_d455.urdf.xacro
[1.314s] -- Up-to-date: /workspaces/aprs/aprs_ws/install/realsense2_description/share/realsense2_description/urdf/_r430.urdf.xacro
[1.314s] -- Up-to-date: /workspaces/aprs/aprs_ws/install/realsense2_description/share/realsense2_description/urdf/test_r410_camera.urdf.xacro
[1.314s] -- Up-to-date: /workspaces/aprs/aprs_ws/install/realsense2_description/share/realsense2_description/urdf/test_d455_camera.urdf.xacro
[1.315s] -- Up-to-date: /workspaces/aprs/aprs_ws/install/realsense2_description/share/realsense2_description/urdf/_d435i.urdf.xacro
[1.315s] -- Up-to-date: /workspaces/aprs/aprs_ws/install/realsense2_description/share/realsense2_description/urdf/_l515.urdf.xacro
[1.315s] -- Up-to-date: /workspaces/aprs/aprs_ws/install/realsense2_description/share/ament_index/resource_index/package_run_dependencies/realsense2_description
[1.315s] -- Up-to-date: /workspaces/aprs/aprs_ws/install/realsense2_description/share/ament_index/resource_index/parent_prefix_path/realsense2_description
[1.315s] -- Up-to-date: /workspaces/aprs/aprs_ws/install/realsense2_description/share/realsense2_description/environment/ament_prefix_path.sh
[1.316s] -- Up-to-date: /workspaces/aprs/aprs_ws/install/realsense2_description/share/realsense2_description/environment/ament_prefix_path.dsv
[1.316s] -- Up-to-date: /workspaces/aprs/aprs_ws/install/realsense2_description/share/realsense2_description/environment/path.sh
[1.316s] -- Up-to-date: /workspaces/aprs/aprs_ws/install/realsense2_description/share/realsense2_description/environment/path.dsv
[1.316s] -- Up-to-date: /workspaces/aprs/aprs_ws/install/realsense2_description/share/realsense2_description/local_setup.bash
[1.317s] -- Up-to-date: /workspaces/aprs/aprs_ws/install/realsense2_description/share/realsense2_description/local_setup.sh
[1.317s] -- Up-to-date: /workspaces/aprs/aprs_ws/install/realsense2_description/share/realsense2_description/local_setup.zsh
[1.318s] -- Up-to-date: /workspaces/aprs/aprs_ws/install/realsense2_description/share/realsense2_description/local_setup.dsv
[1.318s] -- Installing: /workspaces/aprs/aprs_ws/install/realsense2_description/share/realsense2_description/package.dsv
[1.319s] -- Up-to-date: /workspaces/aprs/aprs_ws/install/realsense2_description/share/ament_index/resource_index/packages/realsense2_description
[1.319s] -- Up-to-date: /workspaces/aprs/aprs_ws/install/realsense2_description/share/realsense2_description/cmake/realsense2_descriptionConfig.cmake
[1.320s] -- Up-to-date: /workspaces/aprs/aprs_ws/install/realsense2_description/share/realsense2_description/cmake/realsense2_descriptionConfig-version.cmake
[1.320s] -- Up-to-date: /workspaces/aprs/aprs_ws/install/realsense2_description/share/realsense2_description/package.xml
[1.950s] Invoked command in '/workspaces/aprs/aprs_ws/build/realsense2_description' returned '0': CMAKE_PREFIX_PATH=${CMAKE_PREFIX_PATH}:/opt/ros/humble /usr/bin/cmake --install /workspaces/aprs/aprs_ws/build/realsense2_description
