[0.058s] Invoking command in '/workspaces/aprs/aprs_ws/build/ur_description': CMAKE_PREFIX_PATH=/opt/ros/rolling /usr/bin/cmake /workspaces/aprs/aprs_ws/src/assets/robots/ur5e/ur_description -DCMAKE_INSTALL_PREFIX=/workspaces/aprs/aprs_ws/install/ur_description
[0.137s] -- Found ament_cmake: 2.2.1 (/opt/ros/rolling/share/ament_cmake/cmake)
[0.347s] -- Found ament_cmake_pytest: 2.2.1 (/opt/ros/rolling/share/ament_cmake_pytest/cmake)
[1.399s] -- Configuring done
[1.403s] -- Generating done
[1.404s] -- Build files have been written to: /workspaces/aprs/aprs_ws/build/ur_description
[1.407s] Invoked command in '/workspaces/aprs/aprs_ws/build/ur_description' returned '0': CMAKE_PREFIX_PATH=/opt/ros/rolling /usr/bin/cmake /workspaces/aprs/aprs_ws/src/assets/robots/ur5e/ur_description -DCMAKE_INSTALL_PREFIX=/workspaces/aprs/aprs_ws/install/ur_description
[1.409s] Invoking command in '/workspaces/aprs/aprs_ws/build/ur_description': CMAKE_PREFIX_PATH=/opt/ros/rolling /usr/bin/cmake --build /workspaces/aprs/aprs_ws/build/ur_description -- -j16 -l16
[1.437s] Invoked command in '/workspaces/aprs/aprs_ws/build/ur_description' returned '0': CMAKE_PREFIX_PATH=/opt/ros/rolling /usr/bin/cmake --build /workspaces/aprs/aprs_ws/build/ur_description -- -j16 -l16
[1.452s] Invoking command in '/workspaces/aprs/aprs_ws/build/ur_description': CMAKE_PREFIX_PATH=/opt/ros/rolling /usr/bin/cmake --install /workspaces/aprs/aprs_ws/build/ur_description
[1.460s] -- Install configuration: ""
[1.460s] -- Up-to-date: /workspaces/aprs/aprs_ws/install/ur_description/share/ur_description/config
[1.460s] -- Up-to-date: /workspaces/aprs/aprs_ws/install/ur_description/share/ur_description/config/ur16e
[1.460s] -- Up-to-date: /workspaces/aprs/aprs_ws/install/ur_description/share/ur_description/config/ur16e/visual_parameters.yaml
[1.460s] -- Up-to-date: /workspaces/aprs/aprs_ws/install/ur_description/share/ur_description/config/ur16e/default_kinematics.yaml
[1.460s] -- Up-to-date: /workspaces/aprs/aprs_ws/install/ur_description/share/ur_description/config/ur16e/joint_limits.yaml
[1.460s] -- Up-to-date: /workspaces/aprs/aprs_ws/install/ur_description/share/ur_description/config/ur16e/physical_parameters.yaml
[1.460s] -- Up-to-date: /workspaces/aprs/aprs_ws/install/ur_description/share/ur_description/config/ur3
[1.461s] -- Up-to-date: /workspaces/aprs/aprs_ws/install/ur_description/share/ur_description/config/ur3/visual_parameters.yaml
[1.461s] -- Up-to-date: /workspaces/aprs/aprs_ws/install/ur_description/share/ur_description/config/ur3/default_kinematics.yaml
[1.461s] -- Up-to-date: /workspaces/aprs/aprs_ws/install/ur_description/share/ur_description/config/ur3/joint_limits.yaml
[1.461s] -- Up-to-date: /workspaces/aprs/aprs_ws/install/ur_description/share/ur_description/config/ur3/physical_parameters.yaml
[1.461s] -- Up-to-date: /workspaces/aprs/aprs_ws/install/ur_description/share/ur_description/config/ur5
[1.462s] -- Up-to-date: /workspaces/aprs/aprs_ws/install/ur_description/share/ur_description/config/ur5/visual_parameters.yaml
[1.462s] -- Up-to-date: /workspaces/aprs/aprs_ws/install/ur_description/share/ur_description/config/ur5/default_kinematics.yaml
[1.462s] -- Up-to-date: /workspaces/aprs/aprs_ws/install/ur_description/share/ur_description/config/ur5/joint_limits.yaml
[1.462s] -- Up-to-date: /workspaces/aprs/aprs_ws/install/ur_description/share/ur_description/config/ur5/physical_parameters.yaml
[1.462s] -- Up-to-date: /workspaces/aprs/aprs_ws/install/ur_description/share/ur_description/config/ur5e
[1.462s] -- Up-to-date: /workspaces/aprs/aprs_ws/install/ur_description/share/ur_description/config/ur5e/visual_parameters.yaml
[1.463s] -- Up-to-date: /workspaces/aprs/aprs_ws/install/ur_description/share/ur_description/config/ur5e/default_kinematics.yaml
[1.463s] -- Up-to-date: /workspaces/aprs/aprs_ws/install/ur_description/share/ur_description/config/ur5e/joint_limits.yaml
[1.463s] -- Up-to-date: /workspaces/aprs/aprs_ws/install/ur_description/share/ur_description/config/ur5e/physical_parameters.yaml
[1.463s] -- Up-to-date: /workspaces/aprs/aprs_ws/install/ur_description/share/ur_description/config/ur10
[1.463s] -- Up-to-date: /workspaces/aprs/aprs_ws/install/ur_description/share/ur_description/config/ur10/visual_parameters.yaml
[1.463s] -- Up-to-date: /workspaces/aprs/aprs_ws/install/ur_description/share/ur_description/config/ur10/default_kinematics.yaml
[1.463s] -- Up-to-date: /workspaces/aprs/aprs_ws/install/ur_description/share/ur_description/config/ur10/joint_limits.yaml
[1.463s] -- Up-to-date: /workspaces/aprs/aprs_ws/install/ur_description/share/ur_description/config/ur10/physical_parameters.yaml
[1.463s] -- Up-to-date: /workspaces/aprs/aprs_ws/install/ur_description/share/ur_description/config/ur3e
[1.463s] -- Up-to-date: /workspaces/aprs/aprs_ws/install/ur_description/share/ur_description/config/ur3e/visual_parameters.yaml
[1.463s] -- Up-to-date: /workspaces/aprs/aprs_ws/install/ur_description/share/ur_description/config/ur3e/default_kinematics.yaml
[1.463s] -- Up-to-date: /workspaces/aprs/aprs_ws/install/ur_description/share/ur_description/config/ur3e/joint_limits.yaml
[1.463s] -- Up-to-date: /workspaces/aprs/aprs_ws/install/ur_description/share/ur_description/config/ur3e/physical_parameters.yaml
[1.463s] -- Up-to-date: /workspaces/aprs/aprs_ws/install/ur_description/share/ur_description/config/ur10e
[1.463s] -- Up-to-date: /workspaces/aprs/aprs_ws/install/ur_description/share/ur_description/config/ur10e/visual_parameters.yaml
[1.464s] -- Up-to-date: /workspaces/aprs/aprs_ws/install/ur_description/share/ur_description/config/ur10e/default_kinematics.yaml
[1.464s] -- Up-to-date: /workspaces/aprs/aprs_ws/install/ur_description/share/ur_description/config/ur10e/joint_limits.yaml
[1.464s] -- Up-to-date: /workspaces/aprs/aprs_ws/install/ur_description/share/ur_description/config/ur10e/physical_parameters.yaml
[1.464s] -- Up-to-date: /workspaces/aprs/aprs_ws/install/ur_description/share/ur_description/config/initial_positions.yaml
[1.464s] -- Up-to-date: /workspaces/aprs/aprs_ws/install/ur_description/share/ur_description/launch
[1.464s] -- Up-to-date: /workspaces/aprs/aprs_ws/install/ur_description/share/ur_description/launch/view_ur.launch.py
[1.464s] -- Up-to-date: /workspaces/aprs/aprs_ws/install/ur_description/share/ur_description/meshes
[1.464s] -- Up-to-date: /workspaces/aprs/aprs_ws/install/ur_description/share/ur_description/meshes/ur16e
[1.464s] -- Up-to-date: /workspaces/aprs/aprs_ws/install/ur_description/share/ur_description/meshes/ur16e/collision
[1.464s] -- Up-to-date: /workspaces/aprs/aprs_ws/install/ur_description/share/ur_description/meshes/ur16e/collision/forearm.stl
[1.464s] -- Up-to-date: /workspaces/aprs/aprs_ws/install/ur_description/share/ur_description/meshes/ur16e/collision/upperarm.stl
[1.464s] -- Up-to-date: /workspaces/aprs/aprs_ws/install/ur_description/share/ur_description/meshes/ur16e/visual
[1.464s] -- Up-to-date: /workspaces/aprs/aprs_ws/install/ur_description/share/ur_description/meshes/ur16e/visual/upperarm.dae
[1.464s] -- Up-to-date: /workspaces/aprs/aprs_ws/install/ur_description/share/ur_description/meshes/ur16e/visual/forearm.dae
[1.464s] -- Up-to-date: /workspaces/aprs/aprs_ws/install/ur_description/share/ur_description/meshes/ur3
[1.464s] -- Up-to-date: /workspaces/aprs/aprs_ws/install/ur_description/share/ur_description/meshes/ur3/collision
[1.464s] -- Up-to-date: /workspaces/aprs/aprs_ws/install/ur_description/share/ur_description/meshes/ur3/collision/wrist2.stl
[1.464s] -- Up-to-date: /workspaces/aprs/aprs_ws/install/ur_description/share/ur_description/meshes/ur3/collision/wrist1.stl
[1.464s] -- Up-to-date: /workspaces/aprs/aprs_ws/install/ur_description/share/ur_description/meshes/ur3/collision/shoulder.stl
[1.464s] -- Up-to-date: /workspaces/aprs/aprs_ws/install/ur_description/share/ur_description/meshes/ur3/collision/base.stl
[1.464s] -- Up-to-date: /workspaces/aprs/aprs_ws/install/ur_description/share/ur_description/meshes/ur3/collision/forearm.stl
[1.464s] -- Up-to-date: /workspaces/aprs/aprs_ws/install/ur_description/share/ur_description/meshes/ur3/collision/upperarm.stl
[1.464s] -- Up-to-date: /workspaces/aprs/aprs_ws/install/ur_description/share/ur_description/meshes/ur3/collision/wrist3.stl
[1.465s] -- Up-to-date: /workspaces/aprs/aprs_ws/install/ur_description/share/ur_description/meshes/ur3/visual
[1.465s] -- Up-to-date: /workspaces/aprs/aprs_ws/install/ur_description/share/ur_description/meshes/ur3/visual/wrist1.dae
[1.465s] -- Up-to-date: /workspaces/aprs/aprs_ws/install/ur_description/share/ur_description/meshes/ur3/visual/base.dae
[1.465s] -- Up-to-date: /workspaces/aprs/aprs_ws/install/ur_description/share/ur_description/meshes/ur3/visual/shoulder.dae
[1.465s] -- Up-to-date: /workspaces/aprs/aprs_ws/install/ur_description/share/ur_description/meshes/ur3/visual/upperarm.dae
[1.465s] -- Up-to-date: /workspaces/aprs/aprs_ws/install/ur_description/share/ur_description/meshes/ur3/visual/wrist3.dae
[1.465s] -- Up-to-date: /workspaces/aprs/aprs_ws/install/ur_description/share/ur_description/meshes/ur3/visual/wrist2.dae
[1.465s] -- Up-to-date: /workspaces/aprs/aprs_ws/install/ur_description/share/ur_description/meshes/ur3/visual/forearm.dae
[1.465s] -- Up-to-date: /workspaces/aprs/aprs_ws/install/ur_description/share/ur_description/meshes/ur5
[1.465s] -- Up-to-date: /workspaces/aprs/aprs_ws/install/ur_description/share/ur_description/meshes/ur5/collision
[1.465s] -- Up-to-date: /workspaces/aprs/aprs_ws/install/ur_description/share/ur_description/meshes/ur5/collision/wrist2.stl
[1.465s] -- Up-to-date: /workspaces/aprs/aprs_ws/install/ur_description/share/ur_description/meshes/ur5/collision/wrist1.stl
[1.465s] -- Up-to-date: /workspaces/aprs/aprs_ws/install/ur_description/share/ur_description/meshes/ur5/collision/shoulder.stl
[1.465s] -- Up-to-date: /workspaces/aprs/aprs_ws/install/ur_description/share/ur_description/meshes/ur5/collision/base.stl
[1.465s] -- Up-to-date: /workspaces/aprs/aprs_ws/install/ur_description/share/ur_description/meshes/ur5/collision/forearm.stl
[1.466s] -- Up-to-date: /workspaces/aprs/aprs_ws/install/ur_description/share/ur_description/meshes/ur5/collision/upperarm.stl
[1.466s] -- Up-to-date: /workspaces/aprs/aprs_ws/install/ur_description/share/ur_description/meshes/ur5/collision/wrist3.stl
[1.466s] -- Up-to-date: /workspaces/aprs/aprs_ws/install/ur_description/share/ur_description/meshes/ur5/visual
[1.468s] -- Up-to-date: /workspaces/aprs/aprs_ws/install/ur_description/share/ur_description/meshes/ur5/visual/wrist1.dae
[1.468s] -- Up-to-date: /workspaces/aprs/aprs_ws/install/ur_description/share/ur_description/meshes/ur5/visual/base.dae
[1.468s] -- Up-to-date: /workspaces/aprs/aprs_ws/install/ur_description/share/ur_description/meshes/ur5/visual/shoulder.dae
[1.468s] -- Up-to-date: /workspaces/aprs/aprs_ws/install/ur_description/share/ur_description/meshes/ur5/visual/upperarm.dae
[1.468s] -- Up-to-date: /workspaces/aprs/aprs_ws/install/ur_description/share/ur_description/meshes/ur5/visual/wrist3.dae
[1.469s] -- Up-to-date: /workspaces/aprs/aprs_ws/install/ur_description/share/ur_description/meshes/ur5/visual/wrist2.dae
[1.469s] -- Up-to-date: /workspaces/aprs/aprs_ws/install/ur_description/share/ur_description/meshes/ur5/visual/forearm.dae
[1.469s] -- Up-to-date: /workspaces/aprs/aprs_ws/install/ur_description/share/ur_description/meshes/ur5e
[1.469s] -- Up-to-date: /workspaces/aprs/aprs_ws/install/ur_description/share/ur_description/meshes/ur5e/collision
[1.469s] -- Up-to-date: /workspaces/aprs/aprs_ws/install/ur_description/share/ur_description/meshes/ur5e/collision/wrist2.stl
[1.469s] -- Up-to-date: /workspaces/aprs/aprs_ws/install/ur_description/share/ur_description/meshes/ur5e/collision/wrist1.stl
[1.469s] -- Up-to-date: /workspaces/aprs/aprs_ws/install/ur_description/share/ur_description/meshes/ur5e/collision/shoulder.stl
[1.469s] -- Up-to-date: /workspaces/aprs/aprs_ws/install/ur_description/share/ur_description/meshes/ur5e/collision/base.stl
[1.469s] -- Up-to-date: /workspaces/aprs/aprs_ws/install/ur_description/share/ur_description/meshes/ur5e/collision/forearm.stl
[1.469s] -- Up-to-date: /workspaces/aprs/aprs_ws/install/ur_description/share/ur_description/meshes/ur5e/collision/upperarm.stl
[1.469s] -- Up-to-date: /workspaces/aprs/aprs_ws/install/ur_description/share/ur_description/meshes/ur5e/collision/wrist3.stl
[1.469s] -- Up-to-date: /workspaces/aprs/aprs_ws/install/ur_description/share/ur_description/meshes/ur5e/visual
[1.470s] -- Up-to-date: /workspaces/aprs/aprs_ws/install/ur_description/share/ur_description/meshes/ur5e/visual/wrist1.dae
[1.470s] -- Up-to-date: /workspaces/aprs/aprs_ws/install/ur_description/share/ur_description/meshes/ur5e/visual/base.dae
[1.470s] -- Up-to-date: /workspaces/aprs/aprs_ws/install/ur_description/share/ur_description/meshes/ur5e/visual/shoulder.dae
[1.470s] -- Up-to-date: /workspaces/aprs/aprs_ws/install/ur_description/share/ur_description/meshes/ur5e/visual/upperarm.dae
[1.470s] -- Up-to-date: /workspaces/aprs/aprs_ws/install/ur_description/share/ur_description/meshes/ur5e/visual/wrist3.dae
[1.470s] -- Up-to-date: /workspaces/aprs/aprs_ws/install/ur_description/share/ur_description/meshes/ur5e/visual/wrist2.dae
[1.470s] -- Up-to-date: /workspaces/aprs/aprs_ws/install/ur_description/share/ur_description/meshes/ur5e/visual/forearm.dae
[1.470s] -- Up-to-date: /workspaces/aprs/aprs_ws/install/ur_description/share/ur_description/meshes/ur10
[1.470s] -- Up-to-date: /workspaces/aprs/aprs_ws/install/ur_description/share/ur_description/meshes/ur10/collision
[1.470s] -- Up-to-date: /workspaces/aprs/aprs_ws/install/ur_description/share/ur_description/meshes/ur10/collision/wrist2.stl
[1.470s] -- Up-to-date: /workspaces/aprs/aprs_ws/install/ur_description/share/ur_description/meshes/ur10/collision/wrist1.stl
[1.470s] -- Up-to-date: /workspaces/aprs/aprs_ws/install/ur_description/share/ur_description/meshes/ur10/collision/shoulder.stl
[1.470s] -- Up-to-date: /workspaces/aprs/aprs_ws/install/ur_description/share/ur_description/meshes/ur10/collision/base.stl
[1.470s] -- Up-to-date: /workspaces/aprs/aprs_ws/install/ur_description/share/ur_description/meshes/ur10/collision/forearm.stl
[1.470s] -- Up-to-date: /workspaces/aprs/aprs_ws/install/ur_description/share/ur_description/meshes/ur10/collision/upperarm.stl
[1.471s] -- Up-to-date: /workspaces/aprs/aprs_ws/install/ur_description/share/ur_description/meshes/ur10/collision/wrist3.stl
[1.471s] -- Up-to-date: /workspaces/aprs/aprs_ws/install/ur_description/share/ur_description/meshes/ur10/visual
[1.471s] -- Up-to-date: /workspaces/aprs/aprs_ws/install/ur_description/share/ur_description/meshes/ur10/visual/wrist1.dae
[1.471s] -- Up-to-date: /workspaces/aprs/aprs_ws/install/ur_description/share/ur_description/meshes/ur10/visual/base.dae
[1.471s] -- Up-to-date: /workspaces/aprs/aprs_ws/install/ur_description/share/ur_description/meshes/ur10/visual/shoulder.dae
[1.471s] -- Up-to-date: /workspaces/aprs/aprs_ws/install/ur_description/share/ur_description/meshes/ur10/visual/upperarm.dae
[1.471s] -- Up-to-date: /workspaces/aprs/aprs_ws/install/ur_description/share/ur_description/meshes/ur10/visual/wrist3.dae
[1.472s] -- Up-to-date: /workspaces/aprs/aprs_ws/install/ur_description/share/ur_description/meshes/ur10/visual/wrist2.dae
[1.472s] -- Up-to-date: /workspaces/aprs/aprs_ws/install/ur_description/share/ur_description/meshes/ur10/visual/forearm.dae
[1.472s] -- Up-to-date: /workspaces/aprs/aprs_ws/install/ur_description/share/ur_description/meshes/ur3e
[1.472s] -- Up-to-date: /workspaces/aprs/aprs_ws/install/ur_description/share/ur_description/meshes/ur3e/collision
[1.473s] -- Up-to-date: /workspaces/aprs/aprs_ws/install/ur_description/share/ur_description/meshes/ur3e/collision/wrist2.stl
[1.473s] -- Up-to-date: /workspaces/aprs/aprs_ws/install/ur_description/share/ur_description/meshes/ur3e/collision/wrist1.stl
[1.473s] -- Up-to-date: /workspaces/aprs/aprs_ws/install/ur_description/share/ur_description/meshes/ur3e/collision/shoulder.stl
[1.473s] -- Up-to-date: /workspaces/aprs/aprs_ws/install/ur_description/share/ur_description/meshes/ur3e/collision/base.stl
[1.473s] -- Up-to-date: /workspaces/aprs/aprs_ws/install/ur_description/share/ur_description/meshes/ur3e/collision/forearm.stl
[1.474s] -- Up-to-date: /workspaces/aprs/aprs_ws/install/ur_description/share/ur_description/meshes/ur3e/collision/upperarm.stl
[1.474s] -- Up-to-date: /workspaces/aprs/aprs_ws/install/ur_description/share/ur_description/meshes/ur3e/collision/wrist3.stl
[1.476s] -- Up-to-date: /workspaces/aprs/aprs_ws/install/ur_description/share/ur_description/meshes/ur3e/visual
[1.476s] -- Up-to-date: /workspaces/aprs/aprs_ws/install/ur_description/share/ur_description/meshes/ur3e/visual/wrist1.dae
[1.476s] -- Up-to-date: /workspaces/aprs/aprs_ws/install/ur_description/share/ur_description/meshes/ur3e/visual/base.dae
[1.476s] -- Up-to-date: /workspaces/aprs/aprs_ws/install/ur_description/share/ur_description/meshes/ur3e/visual/shoulder.dae
[1.476s] -- Up-to-date: /workspaces/aprs/aprs_ws/install/ur_description/share/ur_description/meshes/ur3e/visual/upperarm.dae
[1.477s] -- Up-to-date: /workspaces/aprs/aprs_ws/install/ur_description/share/ur_description/meshes/ur3e/visual/wrist3.dae
[1.477s] -- Up-to-date: /workspaces/aprs/aprs_ws/install/ur_description/share/ur_description/meshes/ur3e/visual/wrist2.dae
[1.477s] -- Up-to-date: /workspaces/aprs/aprs_ws/install/ur_description/share/ur_description/meshes/ur3e/visual/forearm.dae
[1.477s] -- Up-to-date: /workspaces/aprs/aprs_ws/install/ur_description/share/ur_description/meshes/ur10e
[1.477s] -- Up-to-date: /workspaces/aprs/aprs_ws/install/ur_description/share/ur_description/meshes/ur10e/collision
[1.477s] -- Up-to-date: /workspaces/aprs/aprs_ws/install/ur_description/share/ur_description/meshes/ur10e/collision/wrist2.stl
[1.477s] -- Up-to-date: /workspaces/aprs/aprs_ws/install/ur_description/share/ur_description/meshes/ur10e/collision/wrist1.stl
[1.477s] -- Up-to-date: /workspaces/aprs/aprs_ws/install/ur_description/share/ur_description/meshes/ur10e/collision/shoulder.stl
[1.478s] -- Up-to-date: /workspaces/aprs/aprs_ws/install/ur_description/share/ur_description/meshes/ur10e/collision/base.stl
[1.478s] -- Up-to-date: /workspaces/aprs/aprs_ws/install/ur_description/share/ur_description/meshes/ur10e/collision/forearm.stl
[1.478s] -- Up-to-date: /workspaces/aprs/aprs_ws/install/ur_description/share/ur_description/meshes/ur10e/collision/upperarm.stl
[1.478s] -- Up-to-date: /workspaces/aprs/aprs_ws/install/ur_description/share/ur_description/meshes/ur10e/collision/wrist3.stl
[1.478s] -- Up-to-date: /workspaces/aprs/aprs_ws/install/ur_description/share/ur_description/meshes/ur10e/visual
[1.478s] -- Up-to-date: /workspaces/aprs/aprs_ws/install/ur_description/share/ur_description/meshes/ur10e/visual/wrist1.dae
[1.478s] -- Up-to-date: /workspaces/aprs/aprs_ws/install/ur_description/share/ur_description/meshes/ur10e/visual/base.dae
[1.478s] -- Up-to-date: /workspaces/aprs/aprs_ws/install/ur_description/share/ur_description/meshes/ur10e/visual/shoulder.dae
[1.478s] -- Up-to-date: /workspaces/aprs/aprs_ws/install/ur_description/share/ur_description/meshes/ur10e/visual/upperarm.dae
[1.478s] -- Up-to-date: /workspaces/aprs/aprs_ws/install/ur_description/share/ur_description/meshes/ur10e/visual/wrist3.dae
[1.478s] -- Up-to-date: /workspaces/aprs/aprs_ws/install/ur_description/share/ur_description/meshes/ur10e/visual/wrist2.dae
[1.478s] -- Up-to-date: /workspaces/aprs/aprs_ws/install/ur_description/share/ur_description/meshes/ur10e/visual/forearm.dae
[1.478s] -- Up-to-date: /workspaces/aprs/aprs_ws/install/ur_description/share/ur_description/rviz
[1.479s] -- Up-to-date: /workspaces/aprs/aprs_ws/install/ur_description/share/ur_description/rviz/view_robot.rviz
[1.479s] -- Up-to-date: /workspaces/aprs/aprs_ws/install/ur_description/share/ur_description/urdf
[1.479s] -- Up-to-date: /workspaces/aprs/aprs_ws/install/ur_description/share/ur_description/urdf/ur.urdf
[1.479s] -- Up-to-date: /workspaces/aprs/aprs_ws/install/ur_description/share/ur_description/urdf/ur_macro.xacro
[1.479s] -- Up-to-date: /workspaces/aprs/aprs_ws/install/ur_description/share/ur_description/urdf/inc
[1.479s] -- Up-to-date: /workspaces/aprs/aprs_ws/install/ur_description/share/ur_description/urdf/inc/ur_transmissions.xacro
[1.479s] -- Up-to-date: /workspaces/aprs/aprs_ws/install/ur_description/share/ur_description/urdf/inc/ur_common.xacro
[1.480s] -- Up-to-date: /workspaces/aprs/aprs_ws/install/ur_description/share/ur_description/urdf/ur.ros2_control.xacro
[1.480s] -- Up-to-date: /workspaces/aprs/aprs_ws/install/ur_description/share/ur_description/urdf/ur.urdf.xacro
[1.480s] -- Up-to-date: /workspaces/aprs/aprs_ws/install/ur_description/share/ur_description/test
[1.480s] -- Up-to-date: /workspaces/aprs/aprs_ws/install/ur_description/share/ur_description/test/test_ur_urdf_xacro.py
[1.480s] -- Up-to-date: /workspaces/aprs/aprs_ws/install/ur_description/share/ur_description/test/test_view_ur_launch.py
[1.480s] -- Up-to-date: /workspaces/aprs/aprs_ws/install/ur_description/share/ament_index/resource_index/package_run_dependencies/ur_description
[1.480s] -- Up-to-date: /workspaces/aprs/aprs_ws/install/ur_description/share/ament_index/resource_index/parent_prefix_path/ur_description
[1.480s] -- Up-to-date: /workspaces/aprs/aprs_ws/install/ur_description/share/ur_description/environment/ament_prefix_path.sh
[1.480s] -- Up-to-date: /workspaces/aprs/aprs_ws/install/ur_description/share/ur_description/environment/ament_prefix_path.dsv
[1.480s] -- Up-to-date: /workspaces/aprs/aprs_ws/install/ur_description/share/ur_description/environment/path.sh
[1.480s] -- Up-to-date: /workspaces/aprs/aprs_ws/install/ur_description/share/ur_description/environment/path.dsv
[1.480s] -- Up-to-date: /workspaces/aprs/aprs_ws/install/ur_description/share/ur_description/local_setup.bash
[1.480s] -- Up-to-date: /workspaces/aprs/aprs_ws/install/ur_description/share/ur_description/local_setup.sh
[1.480s] -- Up-to-date: /workspaces/aprs/aprs_ws/install/ur_description/share/ur_description/local_setup.zsh
[1.481s] -- Up-to-date: /workspaces/aprs/aprs_ws/install/ur_description/share/ur_description/local_setup.dsv
[1.481s] -- Installing: /workspaces/aprs/aprs_ws/install/ur_description/share/ur_description/package.dsv
[1.481s] -- Up-to-date: /workspaces/aprs/aprs_ws/install/ur_description/share/ament_index/resource_index/packages/ur_description
[1.481s] -- Up-to-date: /workspaces/aprs/aprs_ws/install/ur_description/share/ur_description/cmake/ur_descriptionConfig.cmake
[1.481s] -- Up-to-date: /workspaces/aprs/aprs_ws/install/ur_description/share/ur_description/cmake/ur_descriptionConfig-version.cmake
[1.481s] -- Up-to-date: /workspaces/aprs/aprs_ws/install/ur_description/share/ur_description/package.xml
[1.481s] Invoked command in '/workspaces/aprs/aprs_ws/build/ur_description' returned '0': CMAKE_PREFIX_PATH=/opt/ros/rolling /usr/bin/cmake --install /workspaces/aprs/aprs_ws/build/ur_description
