[0.494s] Invoking command in '/workspaces/aprs/aprs_ws/build/realsense2_description': CMAKE_PREFIX_PATH=/opt/ros/humble /usr/bin/cmake --build /workspaces/aprs/aprs_ws/build/realsense2_description -- -j16 -l16
[0.644s] Invoked command in '/workspaces/aprs/aprs_ws/build/realsense2_description' returned '0': CMAKE_PREFIX_PATH=/opt/ros/humble /usr/bin/cmake --build /workspaces/aprs/aprs_ws/build/realsense2_description -- -j16 -l16
[0.784s] Invoking command in '/workspaces/aprs/aprs_ws/build/realsense2_description': CMAKE_PREFIX_PATH=/opt/ros/humble /usr/bin/cmake --install /workspaces/aprs/aprs_ws/build/realsense2_description
[0.805s] -- Install configuration: ""
[0.806s] -- Up-to-date: /workspaces/aprs/aprs_ws/install/realsense2_description/share/realsense2_description/launch
[0.806s] -- Up-to-date: /workspaces/aprs/aprs_ws/install/realsense2_description/share/realsense2_description/launch/view_model.launch.py
[0.806s] -- Up-to-date: /workspaces/aprs/aprs_ws/install/realsense2_description/share/realsense2_description/launch/launch_utils.py
[0.806s] -- Up-to-date: /workspaces/aprs/aprs_ws/install/realsense2_description/share/realsense2_description/meshes
[0.806s] -- Up-to-date: /workspaces/aprs/aprs_ws/install/realsense2_description/share/realsense2_description/meshes/plug.stl
[0.806s] -- Up-to-date: /workspaces/aprs/aprs_ws/install/realsense2_description/share/realsense2_description/meshes/d435.dae
[0.806s] -- Up-to-date: /workspaces/aprs/aprs_ws/install/realsense2_description/share/realsense2_description/meshes/d455.stl
[0.807s] -- Up-to-date: /workspaces/aprs/aprs_ws/install/realsense2_description/share/realsense2_description/meshes/plug_collision.stl
[0.807s] -- Up-to-date: /workspaces/aprs/aprs_ws/install/realsense2_description/share/realsense2_description/meshes/d415.stl
[0.807s] -- Up-to-date: /workspaces/aprs/aprs_ws/install/realsense2_description/share/realsense2_description/meshes/l515.dae
[0.807s] -- Up-to-date: /workspaces/aprs/aprs_ws/install/realsense2_description/share/realsense2_description/rviz
[0.807s] -- Up-to-date: /workspaces/aprs/aprs_ws/install/realsense2_description/share/realsense2_description/rviz/urdf.rviz
[0.808s] -- Up-to-date: /workspaces/aprs/aprs_ws/install/realsense2_description/share/realsense2_description/urdf
[0.808s] -- Up-to-date: /workspaces/aprs/aprs_ws/install/realsense2_description/share/realsense2_description/urdf/test_d415_camera.urdf.xacro
[0.808s] -- Up-to-date: /workspaces/aprs/aprs_ws/install/realsense2_description/share/realsense2_description/urdf/_materials.urdf.xacro
[0.808s] -- Up-to-date: /workspaces/aprs/aprs_ws/install/realsense2_description/share/realsense2_description/urdf/_d435.urdf.xacro
[0.809s] -- Up-to-date: /workspaces/aprs/aprs_ws/install/realsense2_description/share/realsense2_description/urdf/test_d435i_camera.urdf.xacro
[0.809s] -- Up-to-date: /workspaces/aprs/aprs_ws/install/realsense2_description/share/realsense2_description/urdf/test_d435_multiple_cameras.urdf.xacro
[0.809s] -- Up-to-date: /workspaces/aprs/aprs_ws/install/realsense2_description/share/realsense2_description/urdf/_usb_plug.urdf.xacro
[0.810s] -- Up-to-date: /workspaces/aprs/aprs_ws/install/realsense2_description/share/realsense2_description/urdf/test_r430_camera.urdf.xacro
[0.810s] -- Up-to-date: /workspaces/aprs/aprs_ws/install/realsense2_description/share/realsense2_description/urdf/_d435i_imu_modules.urdf.xacro
[0.810s] -- Up-to-date: /workspaces/aprs/aprs_ws/install/realsense2_description/share/realsense2_description/urdf/_r410.urdf.xacro
[0.811s] -- Up-to-date: /workspaces/aprs/aprs_ws/install/realsense2_description/share/realsense2_description/urdf/_d415.urdf.xacro
[0.811s] -- Up-to-date: /workspaces/aprs/aprs_ws/install/realsense2_description/share/realsense2_description/urdf/test_d435_camera.urdf.xacro
[0.811s] -- Up-to-date: /workspaces/aprs/aprs_ws/install/realsense2_description/share/realsense2_description/urdf/test_l515_camera.urdf.xacro
[0.811s] -- Up-to-date: /workspaces/aprs/aprs_ws/install/realsense2_description/share/realsense2_description/urdf/_d455.urdf.xacro
[0.811s] -- Up-to-date: /workspaces/aprs/aprs_ws/install/realsense2_description/share/realsense2_description/urdf/_r430.urdf.xacro
[0.812s] -- Up-to-date: /workspaces/aprs/aprs_ws/install/realsense2_description/share/realsense2_description/urdf/test_r410_camera.urdf.xacro
[0.812s] -- Up-to-date: /workspaces/aprs/aprs_ws/install/realsense2_description/share/realsense2_description/urdf/test_d455_camera.urdf.xacro
[0.812s] -- Up-to-date: /workspaces/aprs/aprs_ws/install/realsense2_description/share/realsense2_description/urdf/_d435i.urdf.xacro
[0.813s] -- Up-to-date: /workspaces/aprs/aprs_ws/install/realsense2_description/share/realsense2_description/urdf/_l515.urdf.xacro
[0.813s] -- Up-to-date: /workspaces/aprs/aprs_ws/install/realsense2_description/share/ament_index/resource_index/package_run_dependencies/realsense2_description
[0.817s] -- Up-to-date: /workspaces/aprs/aprs_ws/install/realsense2_description/share/ament_index/resource_index/parent_prefix_path/realsense2_description
[0.817s] -- Up-to-date: /workspaces/aprs/aprs_ws/install/realsense2_description/share/realsense2_description/environment/ament_prefix_path.sh
[0.817s] -- Up-to-date: /workspaces/aprs/aprs_ws/install/realsense2_description/share/realsense2_description/environment/ament_prefix_path.dsv
[0.817s] -- Up-to-date: /workspaces/aprs/aprs_ws/install/realsense2_description/share/realsense2_description/environment/path.sh
[0.817s] -- Up-to-date: /workspaces/aprs/aprs_ws/install/realsense2_description/share/realsense2_description/environment/path.dsv
[0.817s] -- Up-to-date: /workspaces/aprs/aprs_ws/install/realsense2_description/share/realsense2_description/local_setup.bash
[0.817s] -- Up-to-date: /workspaces/aprs/aprs_ws/install/realsense2_description/share/realsense2_description/local_setup.sh
[0.817s] -- Up-to-date: /workspaces/aprs/aprs_ws/install/realsense2_description/share/realsense2_description/local_setup.zsh
[0.818s] -- Up-to-date: /workspaces/aprs/aprs_ws/install/realsense2_description/share/realsense2_description/local_setup.dsv
[0.818s] -- Installing: /workspaces/aprs/aprs_ws/install/realsense2_description/share/realsense2_description/package.dsv
[0.818s] -- Up-to-date: /workspaces/aprs/aprs_ws/install/realsense2_description/share/ament_index/resource_index/packages/realsense2_description
[0.818s] -- Up-to-date: /workspaces/aprs/aprs_ws/install/realsense2_description/share/realsense2_description/cmake/realsense2_descriptionConfig.cmake
[0.818s] -- Up-to-date: /workspaces/aprs/aprs_ws/install/realsense2_description/share/realsense2_description/cmake/realsense2_descriptionConfig-version.cmake
[0.818s] -- Up-to-date: /workspaces/aprs/aprs_ws/install/realsense2_description/share/realsense2_description/package.xml
[0.923s] Invoked command in '/workspaces/aprs/aprs_ws/build/realsense2_description' returned '0': CMAKE_PREFIX_PATH=/opt/ros/humble /usr/bin/cmake --install /workspaces/aprs/aprs_ws/build/realsense2_description
