[0.017s] Invoking command in '/home/aprs/aprs/aprs_ws/build/realsense2_camera': CMAKE_PREFIX_PATH=/home/aprs/aprs/aprs_ws/install/realsense2_camera_msgs:/home/aprs/aprs/aprs_ws/install/worlds:/home/aprs/aprs/aprs_ws/install/workbench_description:/home/aprs/aprs/aprs_ws/install/vaccum_description:/home/aprs/aprs/aprs_ws/install/ur_setup:/home/aprs/aprs/aprs_ws/install/ur:/home/aprs/aprs/aprs_ws/install/ur_calibration:/home/aprs/aprs/aprs_ws/install/ur_robot_driver:/home/aprs/aprs/aprs_ws/install/ur_bringup:/home/aprs/aprs/aprs_ws/install/ur_controllers:/home/aprs/aprs/aprs_ws/install/ur_msgs:/home/aprs/aprs/aprs_ws/install/ur_moveit_config:/home/aprs/aprs/aprs_ws/install/ur_gz:/home/aprs/aprs/aprs_ws/install/ur_description_gz:/home/aprs/aprs/aprs_ws/install/ur5e_moveit_config:/home/aprs/aprs/aprs_ws/install/panda_moveit_config:/home/aprs/aprs/aprs_ws/install/ur_description:/home/aprs/aprs/aprs_ws/install/ur_dashboard_msgs:/home/aprs/aprs/aprs_ws/install/ur_client_library:/home/aprs/aprs/aprs_ws/install/table_description:/home/aprs/aprs/aprs_ws/install/point_cloud:/home/aprs/aprs/aprs_ws/install/gear_place:/home/aprs/aprs/aprs_ws/install/realsense2_description:/home/aprs/aprs/aprs_ws/install/realsense2_camera:/home/aprs/aprs/aprs_ws/install/panda_description:/home/aprs/aprs/aprs_ws/install/ign_ros2_control_demos:/home/aprs/aprs/aprs_ws/install/gz_ros2_control_tests:/home/aprs/aprs/aprs_ws/install/ign_ros2_control:/home/aprs/aprs/aprs_ws/install/franka_setup:/home/aprs/aprs/aprs_ws/install/franka_gz:/home/aprs/aprs/aprs_ws/install/fanuc_moveit_config:/home/aprs/aprs/aprs_ws/install/fanuc_description:/home/aprs/aprs/aprs_ws/install/conveyor_interfaces:/home/aprs/aprs/aprs_ws/install/camera_mount:/home/aprs/aprs/aprs_ws/install/conveyor_controller:/opt/ros/humble LD_LIBRARY_PATH=/home/aprs/aprs/aprs_ws/install/realsense2_camera_msgs/lib:/home/aprs/aprs/aprs_ws/install/ur_robot_driver/lib:/home/aprs/aprs/aprs_ws/install/ur_controllers/lib:/home/aprs/aprs/aprs_ws/install/ur_msgs/lib:/home/aprs/aprs/aprs_ws/install/ur_dashboard_msgs/lib:/home/aprs/aprs/aprs_ws/install/ur_client_library/lib:/home/aprs/aprs/aprs_ws/install/point_cloud/lib:/home/aprs/aprs/aprs_ws/install/realsense2_camera/lib:/home/aprs/aprs/aprs_ws/install/ign_ros2_control/lib:/home/aprs/aprs/aprs_ws/install/conveyor_interfaces/lib:/opt/ros/humble/opt/rviz_ogre_vendor/lib:/opt/ros/humble/lib/x86_64-linux-gnu:/opt/ros/humble/lib /usr/bin/cmake /home/aprs/aprs/aprs_ws/src/realsense-ros/realsense2_camera -DCMAKE_INSTALL_PREFIX=/home/aprs/aprs/aprs_ws/install/realsense2_camera
[0.080s] -- The C compiler identification is GNU 11.4.0
[0.138s] -- The CXX compiler identification is GNU 11.4.0
[0.143s] -- Detecting C compiler ABI info
[0.195s] -- Detecting C compiler ABI info - done
[0.202s] -- Check for working C compiler: /usr/bin/cc - skipped
[0.202s] -- Detecting C compile features
[0.203s] -- Detecting C compile features - done
[0.204s] -- Detecting CXX compiler ABI info
[0.261s] -- Detecting CXX compiler ABI info - done
[0.265s] -- Check for working CXX compiler: /usr/bin/c++ - skipped
[0.265s] -- Detecting CXX compile features
[0.265s] -- Detecting CXX compile features - done
[0.266s] -- Create Release Build.
[0.268s] -- Found ament_cmake: 1.3.5 (/opt/ros/humble/share/ament_cmake/cmake)
[0.424s] -- Found Python3: /usr/bin/python3.10 (found version "3.10.12") found components: Interpreter 
[0.517s] -- Found builtin_interfaces: 1.2.1 (/opt/ros/humble/share/builtin_interfaces/cmake)
[0.547s] -- Found rosidl_generator_c: 3.1.5 (/opt/ros/humble/share/rosidl_generator_c/cmake)
[0.553s] -- Found rosidl_adapter: 3.1.5 (/opt/ros/humble/share/rosidl_adapter/cmake)
[0.561s] -- Found rosidl_generator_cpp: 3.1.5 (/opt/ros/humble/share/rosidl_generator_cpp/cmake)
[0.572s] -- Using all available rosidl_typesupport_c: rosidl_typesupport_fastrtps_c;rosidl_typesupport_introspection_c
[0.588s] -- Using all available rosidl_typesupport_cpp: rosidl_typesupport_fastrtps_cpp;rosidl_typesupport_introspection_cpp
[0.605s] -- Found cv_bridge: 3.2.1 (/opt/ros/humble/share/cv_bridge/cmake)
[0.777s] -- Found image_transport: 3.1.7 (/opt/ros/humble/share/image_transport/cmake)
[0.833s] -- Found rmw_implementation_cmake: 6.1.1 (/opt/ros/humble/share/rmw_implementation_cmake/cmake)
[0.836s] -- Found rmw_fastrtps_cpp: 6.2.3 (/opt/ros/humble/share/rmw_fastrtps_cpp/cmake)
[0.909s] -- Found OpenSSL: /usr/lib/x86_64-linux-gnu/libcrypto.so (found version "3.0.2")  
[0.932s] -- Found FastRTPS: /opt/ros/humble/include  
[0.968s] -- Using RMW implementation 'rmw_fastrtps_cpp' as default
[0.978s] -- Looking for pthread.h
[1.029s] -- Looking for pthread.h - found
[1.029s] -- Performing Test CMAKE_HAVE_LIBC_PTHREAD
[1.117s] -- Performing Test CMAKE_HAVE_LIBC_PTHREAD - Success
[1.119s] -- Found Threads: TRUE  
[1.262s] -- Found rclcpp_components: 16.0.5 (/opt/ros/humble/share/rclcpp_components/cmake)
[1.315s] -- Found realsense2_camera_msgs: 4.54.1 (/home/aprs/aprs/aprs_ws/install/realsense2_camera_msgs/share/realsense2_camera_msgs/cmake)
[1.395s] -- Found nav_msgs: 4.2.3 (/opt/ros/humble/share/nav_msgs/cmake)
[1.448s] -- Found tf2_ros: 0.25.3 (/opt/ros/humble/share/tf2_ros/cmake)
[1.622s] -- Found diagnostic_updater: 3.1.2 (/opt/ros/humble/share/diagnostic_updater/cmake)
[1.682s] -- Build for ROS2 Humble
[1.697s] -- Found ament_cmake_gtest: 1.3.5 (/opt/ros/humble/share/ament_cmake_gtest/cmake)
[1.701s] -- Found gtest sources under '/opt/ros/humble/src/gtest_vendor': C++ tests using 'Google Test' will be built
[1.710s] -- Found ament_cmake_pytest: 1.3.5 (/opt/ros/humble/share/ament_cmake_pytest/cmake)
[3.771s] -- Configuring done
[3.788s] -- Generating done
[3.789s] -- Build files have been written to: /home/aprs/aprs/aprs_ws/build/realsense2_camera
[3.801s] Invoked command in '/home/aprs/aprs/aprs_ws/build/realsense2_camera' returned '0': CMAKE_PREFIX_PATH=/home/aprs/aprs/aprs_ws/install/realsense2_camera_msgs:/home/aprs/aprs/aprs_ws/install/worlds:/home/aprs/aprs/aprs_ws/install/workbench_description:/home/aprs/aprs/aprs_ws/install/vaccum_description:/home/aprs/aprs/aprs_ws/install/ur_setup:/home/aprs/aprs/aprs_ws/install/ur:/home/aprs/aprs/aprs_ws/install/ur_calibration:/home/aprs/aprs/aprs_ws/install/ur_robot_driver:/home/aprs/aprs/aprs_ws/install/ur_bringup:/home/aprs/aprs/aprs_ws/install/ur_controllers:/home/aprs/aprs/aprs_ws/install/ur_msgs:/home/aprs/aprs/aprs_ws/install/ur_moveit_config:/home/aprs/aprs/aprs_ws/install/ur_gz:/home/aprs/aprs/aprs_ws/install/ur_description_gz:/home/aprs/aprs/aprs_ws/install/ur5e_moveit_config:/home/aprs/aprs/aprs_ws/install/panda_moveit_config:/home/aprs/aprs/aprs_ws/install/ur_description:/home/aprs/aprs/aprs_ws/install/ur_dashboard_msgs:/home/aprs/aprs/aprs_ws/install/ur_client_library:/home/aprs/aprs/aprs_ws/install/table_description:/home/aprs/aprs/aprs_ws/install/point_cloud:/home/aprs/aprs/aprs_ws/install/gear_place:/home/aprs/aprs/aprs_ws/install/realsense2_description:/home/aprs/aprs/aprs_ws/install/realsense2_camera:/home/aprs/aprs/aprs_ws/install/panda_description:/home/aprs/aprs/aprs_ws/install/ign_ros2_control_demos:/home/aprs/aprs/aprs_ws/install/gz_ros2_control_tests:/home/aprs/aprs/aprs_ws/install/ign_ros2_control:/home/aprs/aprs/aprs_ws/install/franka_setup:/home/aprs/aprs/aprs_ws/install/franka_gz:/home/aprs/aprs/aprs_ws/install/fanuc_moveit_config:/home/aprs/aprs/aprs_ws/install/fanuc_description:/home/aprs/aprs/aprs_ws/install/conveyor_interfaces:/home/aprs/aprs/aprs_ws/install/camera_mount:/home/aprs/aprs/aprs_ws/install/conveyor_controller:/opt/ros/humble LD_LIBRARY_PATH=/home/aprs/aprs/aprs_ws/install/realsense2_camera_msgs/lib:/home/aprs/aprs/aprs_ws/install/ur_robot_driver/lib:/home/aprs/aprs/aprs_ws/install/ur_controllers/lib:/home/aprs/aprs/aprs_ws/install/ur_msgs/lib:/home/aprs/aprs/aprs_ws/install/ur_dashboard_msgs/lib:/home/aprs/aprs/aprs_ws/install/ur_client_library/lib:/home/aprs/aprs/aprs_ws/install/point_cloud/lib:/home/aprs/aprs/aprs_ws/install/realsense2_camera/lib:/home/aprs/aprs/aprs_ws/install/ign_ros2_control/lib:/home/aprs/aprs/aprs_ws/install/conveyor_interfaces/lib:/opt/ros/humble/opt/rviz_ogre_vendor/lib:/opt/ros/humble/lib/x86_64-linux-gnu:/opt/ros/humble/lib /usr/bin/cmake /home/aprs/aprs/aprs_ws/src/realsense-ros/realsense2_camera -DCMAKE_INSTALL_PREFIX=/home/aprs/aprs/aprs_ws/install/realsense2_camera
[3.802s] Invoking command in '/home/aprs/aprs/aprs_ws/build/realsense2_camera': CMAKE_PREFIX_PATH=/home/aprs/aprs/aprs_ws/install/realsense2_camera_msgs:/home/aprs/aprs/aprs_ws/install/worlds:/home/aprs/aprs/aprs_ws/install/workbench_description:/home/aprs/aprs/aprs_ws/install/vaccum_description:/home/aprs/aprs/aprs_ws/install/ur_setup:/home/aprs/aprs/aprs_ws/install/ur:/home/aprs/aprs/aprs_ws/install/ur_calibration:/home/aprs/aprs/aprs_ws/install/ur_robot_driver:/home/aprs/aprs/aprs_ws/install/ur_bringup:/home/aprs/aprs/aprs_ws/install/ur_controllers:/home/aprs/aprs/aprs_ws/install/ur_msgs:/home/aprs/aprs/aprs_ws/install/ur_moveit_config:/home/aprs/aprs/aprs_ws/install/ur_gz:/home/aprs/aprs/aprs_ws/install/ur_description_gz:/home/aprs/aprs/aprs_ws/install/ur5e_moveit_config:/home/aprs/aprs/aprs_ws/install/panda_moveit_config:/home/aprs/aprs/aprs_ws/install/ur_description:/home/aprs/aprs/aprs_ws/install/ur_dashboard_msgs:/home/aprs/aprs/aprs_ws/install/ur_client_library:/home/aprs/aprs/aprs_ws/install/table_description:/home/aprs/aprs/aprs_ws/install/point_cloud:/home/aprs/aprs/aprs_ws/install/gear_place:/home/aprs/aprs/aprs_ws/install/realsense2_description:/home/aprs/aprs/aprs_ws/install/realsense2_camera:/home/aprs/aprs/aprs_ws/install/panda_description:/home/aprs/aprs/aprs_ws/install/ign_ros2_control_demos:/home/aprs/aprs/aprs_ws/install/gz_ros2_control_tests:/home/aprs/aprs/aprs_ws/install/ign_ros2_control:/home/aprs/aprs/aprs_ws/install/franka_setup:/home/aprs/aprs/aprs_ws/install/franka_gz:/home/aprs/aprs/aprs_ws/install/fanuc_moveit_config:/home/aprs/aprs/aprs_ws/install/fanuc_description:/home/aprs/aprs/aprs_ws/install/conveyor_interfaces:/home/aprs/aprs/aprs_ws/install/camera_mount:/home/aprs/aprs/aprs_ws/install/conveyor_controller:/opt/ros/humble LD_LIBRARY_PATH=/home/aprs/aprs/aprs_ws/install/realsense2_camera_msgs/lib:/home/aprs/aprs/aprs_ws/install/ur_robot_driver/lib:/home/aprs/aprs/aprs_ws/install/ur_controllers/lib:/home/aprs/aprs/aprs_ws/install/ur_msgs/lib:/home/aprs/aprs/aprs_ws/install/ur_dashboard_msgs/lib:/home/aprs/aprs/aprs_ws/install/ur_client_library/lib:/home/aprs/aprs/aprs_ws/install/point_cloud/lib:/home/aprs/aprs/aprs_ws/install/realsense2_camera/lib:/home/aprs/aprs/aprs_ws/install/ign_ros2_control/lib:/home/aprs/aprs/aprs_ws/install/conveyor_interfaces/lib:/opt/ros/humble/opt/rviz_ogre_vendor/lib:/opt/ros/humble/lib/x86_64-linux-gnu:/opt/ros/humble/lib /usr/bin/cmake --build /home/aprs/aprs/aprs_ws/build/realsense2_camera -- -j16 -l16
[3.836s] [  4%] [32mBuilding CXX object CMakeFiles/realsense2_camera_node.dir/rclcpp_components/node_main_realsense2_camera_node.cpp.o[0m
[3.837s] [  9%] [32mBuilding CXX object CMakeFiles/realsense2_camera.dir/src/realsense_node_factory.cpp.o[0m
[3.838s] [ 13%] [32mBuilding CXX object CMakeFiles/realsense2_camera.dir/src/base_realsense_node.cpp.o[0m
[3.839s] [ 22%] [32mBuilding CXX object CMakeFiles/realsense2_camera.dir/src/rs_node_setup.cpp.o[0m
[3.839s] [ 22%] [32mBuilding CXX object CMakeFiles/realsense2_camera.dir/src/parameters.cpp.o[0m
[3.842s] [ 27%] [32mBuilding CXX object CMakeFiles/realsense2_camera.dir/src/ros_sensor.cpp.o[0m
[3.842s] [ 31%] [32mBuilding CXX object gtest/CMakeFiles/gtest_main.dir/src/gtest_main.cc.o[0m
[3.842s] [ 36%] [32mBuilding CXX object CMakeFiles/realsense2_camera.dir/src/ros_utils.cpp.o[0m
[3.842s] [ 40%] [32mBuilding CXX object CMakeFiles/realsense2_camera.dir/src/sensor_params.cpp.o[0m
[3.842s] [ 45%] [32mBuilding CXX object CMakeFiles/realsense2_camera.dir/src/named_filter.cpp.o[0m
[3.842s] [ 50%] [32mBuilding CXX object CMakeFiles/realsense2_camera.dir/src/dynamic_params.cpp.o[0m
[3.843s] [ 54%] [32mBuilding CXX object gtest/CMakeFiles/gtest.dir/src/gtest-all.cc.o[0m
[3.843s] [ 59%] [32mBuilding CXX object CMakeFiles/realsense2_camera.dir/src/image_publisher.cpp.o[0m
[3.844s] [ 63%] [32mBuilding CXX object CMakeFiles/realsense2_camera.dir/src/tfs.cpp.o[0m
[3.844s] [ 68%] [32mBuilding CXX object CMakeFiles/realsense2_camera.dir/src/ros_param_backend_foxy.cpp.o[0m
[3.846s] [ 72%] [32mBuilding CXX object CMakeFiles/realsense2_camera.dir/src/profile_manager.cpp.o[0m
[4.386s] [ 77%] [32m[1mLinking CXX static library libgtest_main.a[0m
[4.415s] [ 77%] Built target gtest_main
[9.656s] [ 81%] [32m[1mLinking CXX executable realsense2_camera_node[0m
[9.840s] [ 81%] Built target realsense2_camera_node
[12.648s] [ 86%] [32m[1mLinking CXX static library libgtest.a[0m
[12.696s] [ 86%] Built target gtest
[12.721s] [ 90%] [32mBuilding CXX object CMakeFiles/gtest_template.dir/test/gtest_template.cpp.o[0m
[13.503s] [ 95%] [32m[1mLinking CXX executable gtest_template[0m
[13.575s] [ 95%] Built target gtest_template
[19.836s] [100%] [32m[1mLinking CXX shared library librealsense2_camera.so[0m
[20.070s] [100%] Built target realsense2_camera
[20.077s] Invoked command in '/home/aprs/aprs/aprs_ws/build/realsense2_camera' returned '0': CMAKE_PREFIX_PATH=/home/aprs/aprs/aprs_ws/install/realsense2_camera_msgs:/home/aprs/aprs/aprs_ws/install/worlds:/home/aprs/aprs/aprs_ws/install/workbench_description:/home/aprs/aprs/aprs_ws/install/vaccum_description:/home/aprs/aprs/aprs_ws/install/ur_setup:/home/aprs/aprs/aprs_ws/install/ur:/home/aprs/aprs/aprs_ws/install/ur_calibration:/home/aprs/aprs/aprs_ws/install/ur_robot_driver:/home/aprs/aprs/aprs_ws/install/ur_bringup:/home/aprs/aprs/aprs_ws/install/ur_controllers:/home/aprs/aprs/aprs_ws/install/ur_msgs:/home/aprs/aprs/aprs_ws/install/ur_moveit_config:/home/aprs/aprs/aprs_ws/install/ur_gz:/home/aprs/aprs/aprs_ws/install/ur_description_gz:/home/aprs/aprs/aprs_ws/install/ur5e_moveit_config:/home/aprs/aprs/aprs_ws/install/panda_moveit_config:/home/aprs/aprs/aprs_ws/install/ur_description:/home/aprs/aprs/aprs_ws/install/ur_dashboard_msgs:/home/aprs/aprs/aprs_ws/install/ur_client_library:/home/aprs/aprs/aprs_ws/install/table_description:/home/aprs/aprs/aprs_ws/install/point_cloud:/home/aprs/aprs/aprs_ws/install/gear_place:/home/aprs/aprs/aprs_ws/install/realsense2_description:/home/aprs/aprs/aprs_ws/install/realsense2_camera:/home/aprs/aprs/aprs_ws/install/panda_description:/home/aprs/aprs/aprs_ws/install/ign_ros2_control_demos:/home/aprs/aprs/aprs_ws/install/gz_ros2_control_tests:/home/aprs/aprs/aprs_ws/install/ign_ros2_control:/home/aprs/aprs/aprs_ws/install/franka_setup:/home/aprs/aprs/aprs_ws/install/franka_gz:/home/aprs/aprs/aprs_ws/install/fanuc_moveit_config:/home/aprs/aprs/aprs_ws/install/fanuc_description:/home/aprs/aprs/aprs_ws/install/conveyor_interfaces:/home/aprs/aprs/aprs_ws/install/camera_mount:/home/aprs/aprs/aprs_ws/install/conveyor_controller:/opt/ros/humble LD_LIBRARY_PATH=/home/aprs/aprs/aprs_ws/install/realsense2_camera_msgs/lib:/home/aprs/aprs/aprs_ws/install/ur_robot_driver/lib:/home/aprs/aprs/aprs_ws/install/ur_controllers/lib:/home/aprs/aprs/aprs_ws/install/ur_msgs/lib:/home/aprs/aprs/aprs_ws/install/ur_dashboard_msgs/lib:/home/aprs/aprs/aprs_ws/install/ur_client_library/lib:/home/aprs/aprs/aprs_ws/install/point_cloud/lib:/home/aprs/aprs/aprs_ws/install/realsense2_camera/lib:/home/aprs/aprs/aprs_ws/install/ign_ros2_control/lib:/home/aprs/aprs/aprs_ws/install/conveyor_interfaces/lib:/opt/ros/humble/opt/rviz_ogre_vendor/lib:/opt/ros/humble/lib/x86_64-linux-gnu:/opt/ros/humble/lib /usr/bin/cmake --build /home/aprs/aprs/aprs_ws/build/realsense2_camera -- -j16 -l16
[20.116s] Invoking command in '/home/aprs/aprs/aprs_ws/build/realsense2_camera': CMAKE_PREFIX_PATH=/home/aprs/aprs/aprs_ws/install/realsense2_camera_msgs:/home/aprs/aprs/aprs_ws/install/worlds:/home/aprs/aprs/aprs_ws/install/workbench_description:/home/aprs/aprs/aprs_ws/install/vaccum_description:/home/aprs/aprs/aprs_ws/install/ur_setup:/home/aprs/aprs/aprs_ws/install/ur:/home/aprs/aprs/aprs_ws/install/ur_calibration:/home/aprs/aprs/aprs_ws/install/ur_robot_driver:/home/aprs/aprs/aprs_ws/install/ur_bringup:/home/aprs/aprs/aprs_ws/install/ur_controllers:/home/aprs/aprs/aprs_ws/install/ur_msgs:/home/aprs/aprs/aprs_ws/install/ur_moveit_config:/home/aprs/aprs/aprs_ws/install/ur_gz:/home/aprs/aprs/aprs_ws/install/ur_description_gz:/home/aprs/aprs/aprs_ws/install/ur5e_moveit_config:/home/aprs/aprs/aprs_ws/install/panda_moveit_config:/home/aprs/aprs/aprs_ws/install/ur_description:/home/aprs/aprs/aprs_ws/install/ur_dashboard_msgs:/home/aprs/aprs/aprs_ws/install/ur_client_library:/home/aprs/aprs/aprs_ws/install/table_description:/home/aprs/aprs/aprs_ws/install/point_cloud:/home/aprs/aprs/aprs_ws/install/gear_place:/home/aprs/aprs/aprs_ws/install/realsense2_description:/home/aprs/aprs/aprs_ws/install/realsense2_camera:/home/aprs/aprs/aprs_ws/install/panda_description:/home/aprs/aprs/aprs_ws/install/ign_ros2_control_demos:/home/aprs/aprs/aprs_ws/install/gz_ros2_control_tests:/home/aprs/aprs/aprs_ws/install/ign_ros2_control:/home/aprs/aprs/aprs_ws/install/franka_setup:/home/aprs/aprs/aprs_ws/install/franka_gz:/home/aprs/aprs/aprs_ws/install/fanuc_moveit_config:/home/aprs/aprs/aprs_ws/install/fanuc_description:/home/aprs/aprs/aprs_ws/install/conveyor_interfaces:/home/aprs/aprs/aprs_ws/install/camera_mount:/home/aprs/aprs/aprs_ws/install/conveyor_controller:/opt/ros/humble LD_LIBRARY_PATH=/home/aprs/aprs/aprs_ws/install/realsense2_camera_msgs/lib:/home/aprs/aprs/aprs_ws/install/ur_robot_driver/lib:/home/aprs/aprs/aprs_ws/install/ur_controllers/lib:/home/aprs/aprs/aprs_ws/install/ur_msgs/lib:/home/aprs/aprs/aprs_ws/install/ur_dashboard_msgs/lib:/home/aprs/aprs/aprs_ws/install/ur_client_library/lib:/home/aprs/aprs/aprs_ws/install/point_cloud/lib:/home/aprs/aprs/aprs_ws/install/realsense2_camera/lib:/home/aprs/aprs/aprs_ws/install/ign_ros2_control/lib:/home/aprs/aprs/aprs_ws/install/conveyor_interfaces/lib:/opt/ros/humble/opt/rviz_ogre_vendor/lib:/opt/ros/humble/lib/x86_64-linux-gnu:/opt/ros/humble/lib /usr/bin/cmake --install /home/aprs/aprs/aprs_ws/build/realsense2_camera
[20.120s] -- Install configuration: "Release"
[20.120s] -- Installing: /home/aprs/aprs/aprs_ws/install/realsense2_camera/lib/realsense2_camera/realsense2_camera_node
[20.121s] -- Set runtime path of "/home/aprs/aprs/aprs_ws/install/realsense2_camera/lib/realsense2_camera/realsense2_camera_node" to ""
[20.121s] -- Installing: /home/aprs/aprs/aprs_ws/install/realsense2_camera/lib/librealsense2_camera.so
[20.123s] -- Set runtime path of "/home/aprs/aprs/aprs_ws/install/realsense2_camera/lib/librealsense2_camera.so" to ""
[20.123s] -- Installing: /home/aprs/aprs/aprs_ws/install/realsense2_camera/include
[20.123s] -- Installing: /home/aprs/aprs/aprs_ws/install/realsense2_camera/include/realsense_node_factory.h
[20.123s] -- Installing: /home/aprs/aprs/aprs_ws/install/realsense2_camera/include/image_publisher.h
[20.123s] -- Installing: /home/aprs/aprs/aprs_ws/install/realsense2_camera/include/sensor_params.h
[20.123s] -- Installing: /home/aprs/aprs/aprs_ws/install/realsense2_camera/include/constants.h
[20.123s] -- Installing: /home/aprs/aprs/aprs_ws/install/realsense2_camera/include/dynamic_params.h
[20.123s] -- Installing: /home/aprs/aprs/aprs_ws/install/realsense2_camera/include/ros_utils.h
[20.123s] -- Installing: /home/aprs/aprs/aprs_ws/install/realsense2_camera/include/ros_param_backend.h
[20.123s] -- Installing: /home/aprs/aprs/aprs_ws/install/realsense2_camera/include/named_filter.h
[20.123s] -- Installing: /home/aprs/aprs/aprs_ws/install/realsense2_camera/include/base_realsense_node.h
[20.124s] -- Installing: /home/aprs/aprs/aprs_ws/install/realsense2_camera/include/ros_sensor.h
[20.124s] -- Installing: /home/aprs/aprs/aprs_ws/install/realsense2_camera/include/profile_manager.h
[20.124s] -- Installing: /home/aprs/aprs/aprs_ws/install/realsense2_camera/share/realsense2_camera/launch
[20.124s] -- Installing: /home/aprs/aprs/aprs_ws/install/realsense2_camera/share/realsense2_camera/launch/rs_launch.py
[20.124s] -- Installing: /home/aprs/aprs/aprs_ws/install/realsense2_camera/share/realsense2_camera/launch/rs_intra_process_demo_launch.py
[20.124s] -- Installing: /home/aprs/aprs/aprs_ws/install/realsense2_camera/share/realsense2_camera/launch/default.rviz
[20.124s] -- Installing: /home/aprs/aprs/aprs_ws/install/realsense2_camera/share/realsense2_camera/launch/rs_multi_camera_launch.py
[20.124s] -- Installing: /home/aprs/aprs/aprs_ws/install/realsense2_camera/share/realsense2_camera/examples
[20.124s] -- Installing: /home/aprs/aprs/aprs_ws/install/realsense2_camera/share/realsense2_camera/examples/pointcloud
[20.124s] -- Installing: /home/aprs/aprs/aprs_ws/install/realsense2_camera/share/realsense2_camera/examples/pointcloud/urdf_pointcloud.rviz
[20.124s] -- Installing: /home/aprs/aprs/aprs_ws/install/realsense2_camera/share/realsense2_camera/examples/pointcloud/rs_pointcloud_launch.py
[20.124s] -- Installing: /home/aprs/aprs/aprs_ws/install/realsense2_camera/share/realsense2_camera/examples/pointcloud/rs_d455_pointcloud_launch.py
[20.124s] -- Installing: /home/aprs/aprs/aprs_ws/install/realsense2_camera/share/realsense2_camera/examples/pointcloud/pointcloud.rviz
[20.124s] -- Installing: /home/aprs/aprs/aprs_ws/install/realsense2_camera/share/realsense2_camera/examples/launch_params_from_file
[20.124s] -- Installing: /home/aprs/aprs/aprs_ws/install/realsense2_camera/share/realsense2_camera/examples/launch_params_from_file/rs_launch_get_params_from_yaml.py
[20.124s] -- Installing: /home/aprs/aprs/aprs_ws/install/realsense2_camera/share/realsense2_camera/examples/launch_params_from_file/config.yaml
[20.124s] -- Installing: /home/aprs/aprs/aprs_ws/install/realsense2_camera/share/realsense2_camera/examples/align_depth
[20.124s] -- Installing: /home/aprs/aprs/aprs_ws/install/realsense2_camera/share/realsense2_camera/examples/align_depth/rs_align_depth_launch.py
[20.124s] -- Installing: /home/aprs/aprs/aprs_ws/install/realsense2_camera/share/realsense2_camera/examples/launch_from_rosbag
[20.125s] -- Installing: /home/aprs/aprs/aprs_ws/install/realsense2_camera/share/realsense2_camera/examples/launch_from_rosbag/rs_launch_from_rosbag.py
[20.125s] -- Installing: /home/aprs/aprs/aprs_ws/install/realsense2_camera/share/realsense2_camera/examples/dual_camera
[20.125s] -- Installing: /home/aprs/aprs/aprs_ws/install/realsense2_camera/share/realsense2_camera/examples/dual_camera/rs_dual_camera_launch.py
[20.125s] -- Installing: /home/aprs/aprs/aprs_ws/install/realsense2_camera/share/realsense2_camera/examples/dual_camera/dual_camera_pointcloud.rviz
[20.125s] -- Installing: /home/aprs/aprs/aprs_ws/install/realsense2_camera/share/realsense2_camera/environment/library_path.sh
[20.125s] -- Installing: /home/aprs/aprs/aprs_ws/install/realsense2_camera/share/realsense2_camera/environment/library_path.dsv
[20.125s] -- Installing: /home/aprs/aprs/aprs_ws/install/realsense2_camera/share/ament_index/resource_index/package_run_dependencies/realsense2_camera
[20.125s] -- Installing: /home/aprs/aprs/aprs_ws/install/realsense2_camera/share/ament_index/resource_index/parent_prefix_path/realsense2_camera
[20.125s] -- Installing: /home/aprs/aprs/aprs_ws/install/realsense2_camera/share/realsense2_camera/environment/ament_prefix_path.sh
[20.125s] -- Installing: /home/aprs/aprs/aprs_ws/install/realsense2_camera/share/realsense2_camera/environment/ament_prefix_path.dsv
[20.125s] -- Installing: /home/aprs/aprs/aprs_ws/install/realsense2_camera/share/realsense2_camera/environment/path.sh
[20.125s] -- Installing: /home/aprs/aprs/aprs_ws/install/realsense2_camera/share/realsense2_camera/environment/path.dsv
[20.125s] -- Installing: /home/aprs/aprs/aprs_ws/install/realsense2_camera/share/realsense2_camera/local_setup.bash
[20.125s] -- Installing: /home/aprs/aprs/aprs_ws/install/realsense2_camera/share/realsense2_camera/local_setup.sh
[20.125s] -- Installing: /home/aprs/aprs/aprs_ws/install/realsense2_camera/share/realsense2_camera/local_setup.zsh
[20.125s] -- Installing: /home/aprs/aprs/aprs_ws/install/realsense2_camera/share/realsense2_camera/local_setup.dsv
[20.126s] -- Installing: /home/aprs/aprs/aprs_ws/install/realsense2_camera/share/realsense2_camera/package.dsv
[20.126s] -- Installing: /home/aprs/aprs/aprs_ws/install/realsense2_camera/share/ament_index/resource_index/packages/realsense2_camera
[20.126s] -- Installing: /home/aprs/aprs/aprs_ws/install/realsense2_camera/share/ament_index/resource_index/rclcpp_components/realsense2_camera
[20.126s] -- Installing: /home/aprs/aprs/aprs_ws/install/realsense2_camera/share/realsense2_camera/cmake/ament_cmake_export_include_directories-extras.cmake
[20.126s] -- Installing: /home/aprs/aprs/aprs_ws/install/realsense2_camera/share/realsense2_camera/cmake/ament_cmake_export_libraries-extras.cmake
[20.126s] -- Installing: /home/aprs/aprs/aprs_ws/install/realsense2_camera/share/realsense2_camera/cmake/ament_cmake_export_dependencies-extras.cmake
[20.126s] -- Installing: /home/aprs/aprs/aprs_ws/install/realsense2_camera/share/realsense2_camera/cmake/realsense2_cameraConfig.cmake
[20.126s] -- Installing: /home/aprs/aprs/aprs_ws/install/realsense2_camera/share/realsense2_camera/cmake/realsense2_cameraConfig-version.cmake
[20.126s] -- Installing: /home/aprs/aprs/aprs_ws/install/realsense2_camera/share/realsense2_camera/package.xml
[20.128s] Invoked command in '/home/aprs/aprs/aprs_ws/build/realsense2_camera' returned '0': CMAKE_PREFIX_PATH=/home/aprs/aprs/aprs_ws/install/realsense2_camera_msgs:/home/aprs/aprs/aprs_ws/install/worlds:/home/aprs/aprs/aprs_ws/install/workbench_description:/home/aprs/aprs/aprs_ws/install/vaccum_description:/home/aprs/aprs/aprs_ws/install/ur_setup:/home/aprs/aprs/aprs_ws/install/ur:/home/aprs/aprs/aprs_ws/install/ur_calibration:/home/aprs/aprs/aprs_ws/install/ur_robot_driver:/home/aprs/aprs/aprs_ws/install/ur_bringup:/home/aprs/aprs/aprs_ws/install/ur_controllers:/home/aprs/aprs/aprs_ws/install/ur_msgs:/home/aprs/aprs/aprs_ws/install/ur_moveit_config:/home/aprs/aprs/aprs_ws/install/ur_gz:/home/aprs/aprs/aprs_ws/install/ur_description_gz:/home/aprs/aprs/aprs_ws/install/ur5e_moveit_config:/home/aprs/aprs/aprs_ws/install/panda_moveit_config:/home/aprs/aprs/aprs_ws/install/ur_description:/home/aprs/aprs/aprs_ws/install/ur_dashboard_msgs:/home/aprs/aprs/aprs_ws/install/ur_client_library:/home/aprs/aprs/aprs_ws/install/table_description:/home/aprs/aprs/aprs_ws/install/point_cloud:/home/aprs/aprs/aprs_ws/install/gear_place:/home/aprs/aprs/aprs_ws/install/realsense2_description:/home/aprs/aprs/aprs_ws/install/realsense2_camera:/home/aprs/aprs/aprs_ws/install/panda_description:/home/aprs/aprs/aprs_ws/install/ign_ros2_control_demos:/home/aprs/aprs/aprs_ws/install/gz_ros2_control_tests:/home/aprs/aprs/aprs_ws/install/ign_ros2_control:/home/aprs/aprs/aprs_ws/install/franka_setup:/home/aprs/aprs/aprs_ws/install/franka_gz:/home/aprs/aprs/aprs_ws/install/fanuc_moveit_config:/home/aprs/aprs/aprs_ws/install/fanuc_description:/home/aprs/aprs/aprs_ws/install/conveyor_interfaces:/home/aprs/aprs/aprs_ws/install/camera_mount:/home/aprs/aprs/aprs_ws/install/conveyor_controller:/opt/ros/humble LD_LIBRARY_PATH=/home/aprs/aprs/aprs_ws/install/realsense2_camera_msgs/lib:/home/aprs/aprs/aprs_ws/install/ur_robot_driver/lib:/home/aprs/aprs/aprs_ws/install/ur_controllers/lib:/home/aprs/aprs/aprs_ws/install/ur_msgs/lib:/home/aprs/aprs/aprs_ws/install/ur_dashboard_msgs/lib:/home/aprs/aprs/aprs_ws/install/ur_client_library/lib:/home/aprs/aprs/aprs_ws/install/point_cloud/lib:/home/aprs/aprs/aprs_ws/install/realsense2_camera/lib:/home/aprs/aprs/aprs_ws/install/ign_ros2_control/lib:/home/aprs/aprs/aprs_ws/install/conveyor_interfaces/lib:/opt/ros/humble/opt/rviz_ogre_vendor/lib:/opt/ros/humble/lib/x86_64-linux-gnu:/opt/ros/humble/lib /usr/bin/cmake --install /home/aprs/aprs/aprs_ws/build/realsense2_camera
