[0.165s] Invoking command in '/workspaces/aprs_humble/aprs_ws/build/hardware_interface': CMAKE_PREFIX_PATH=/workspaces/aprs_humble/aprs_ws/install/ros2_control_test_assets:/workspaces/aprs_humble/aprs_ws/install/worlds:/workspaces/aprs_humble/aprs_ws/install/workbench_description:/workspaces/aprs_humble/aprs_ws/install/vaccum_description:/workspaces/aprs_humble/aprs_ws/install/ur_setup:/workspaces/aprs_humble/aprs_ws/install/ur_calibration:/workspaces/aprs_humble/aprs_ws/install/ur_robot_driver:/workspaces/aprs_humble/aprs_ws/install/ur_bringup:/workspaces/aprs_humble/aprs_ws/install/ur_controllers:/workspaces/aprs_humble/aprs_ws/install/ur_msgs:/workspaces/aprs_humble/aprs_ws/install/ur_moveit_config:/workspaces/aprs_humble/aprs_ws/install/ur_gz:/workspaces/aprs_humble/aprs_ws/install/ur5e_moveit_config:/workspaces/aprs_humble/aprs_ws/install/panda_moveit_config:/workspaces/aprs_humble/aprs_ws/install/ur_description:/workspaces/aprs_humble/aprs_ws/install/ur_dashboard_msgs:/workspaces/aprs_humble/aprs_ws/install/ur_client_library:/workspaces/aprs_humble/aprs_ws/install/ros2_control:/workspaces/aprs_humble/aprs_ws/install/transmission_interface:/workspaces/aprs_humble/aprs_ws/install/table_description:/workspaces/aprs_humble/aprs_ws/install/ign_ros2_control_demos:/workspaces/aprs_humble/aprs_ws/install/gz_ros2_control_tests:/workspaces/aprs_humble/aprs_ws/install/franka_gz:/workspaces/aprs_humble/aprs_ws/install/ign_ros2_control:/workspaces/aprs_humble/aprs_ws/install/controller_manager:/workspaces/aprs_humble/aprs_ws/install/realsense2_description_:/workspaces/aprs_humble/aprs_ws/install/point_cloud:/workspaces/aprs_humble/aprs_ws/install/panda_description:/workspaces/aprs_humble/aprs_ws/install/joint_limits:/workspaces/aprs_humble/aprs_ws/install/controller_interface:/workspaces/aprs_humble/aprs_ws/install/hardware_interface:/workspaces/aprs_humble/aprs_ws/install/franka_setup:/workspaces/aprs_humble/aprs_ws/install/fanuc_moveit_config:/workspaces/aprs_humble/aprs_ws/install/fanuc_description:/workspaces/aprs_humble/aprs_ws/install/controller_manager_msgs:/workspaces/aprs_humble/aprs_ws/install/camera_mount:/workspaces/aprs_humble/aprs_ws/install/rqt_controller_manager:/workspaces/aprs_humble/aprs_ws/install/ros2controlcli:/opt/ros/humble /usr/bin/cmake --build /workspaces/aprs_humble/aprs_ws/build/hardware_interface -- -j16 -l16
[0.238s] [  7%] Built target gmock
[0.239s] [ 12%] Built target gmock_main
[0.243s] [ 28%] Built target hardware_interface
[0.305s] [ 33%] Built target test_macros
[0.312s] [ 38%] Built target test_joint_handle
[0.313s] [ 53%] Built target test_components
[0.316s] [ 53%] Built target test_component_interfaces
[0.318s] [ 61%] Built target fake_components
[0.322s] [ 74%] Built target test_hardware_components
[0.322s] [ 79%] Built target mock_components
[0.326s] [ 89%] Built target test_inst_hardwares
[0.326s] [ 89%] Built target test_component_parser
[0.327s] [ 94%] Built target test_resource_manager
[0.363s] [100%] Built target test_generic_system
[0.384s] Invoked command in '/workspaces/aprs_humble/aprs_ws/build/hardware_interface' returned '0': CMAKE_PREFIX_PATH=/workspaces/aprs_humble/aprs_ws/install/ros2_control_test_assets:/workspaces/aprs_humble/aprs_ws/install/worlds:/workspaces/aprs_humble/aprs_ws/install/workbench_description:/workspaces/aprs_humble/aprs_ws/install/vaccum_description:/workspaces/aprs_humble/aprs_ws/install/ur_setup:/workspaces/aprs_humble/aprs_ws/install/ur_calibration:/workspaces/aprs_humble/aprs_ws/install/ur_robot_driver:/workspaces/aprs_humble/aprs_ws/install/ur_bringup:/workspaces/aprs_humble/aprs_ws/install/ur_controllers:/workspaces/aprs_humble/aprs_ws/install/ur_msgs:/workspaces/aprs_humble/aprs_ws/install/ur_moveit_config:/workspaces/aprs_humble/aprs_ws/install/ur_gz:/workspaces/aprs_humble/aprs_ws/install/ur5e_moveit_config:/workspaces/aprs_humble/aprs_ws/install/panda_moveit_config:/workspaces/aprs_humble/aprs_ws/install/ur_description:/workspaces/aprs_humble/aprs_ws/install/ur_dashboard_msgs:/workspaces/aprs_humble/aprs_ws/install/ur_client_library:/workspaces/aprs_humble/aprs_ws/install/ros2_control:/workspaces/aprs_humble/aprs_ws/install/transmission_interface:/workspaces/aprs_humble/aprs_ws/install/table_description:/workspaces/aprs_humble/aprs_ws/install/ign_ros2_control_demos:/workspaces/aprs_humble/aprs_ws/install/gz_ros2_control_tests:/workspaces/aprs_humble/aprs_ws/install/franka_gz:/workspaces/aprs_humble/aprs_ws/install/ign_ros2_control:/workspaces/aprs_humble/aprs_ws/install/controller_manager:/workspaces/aprs_humble/aprs_ws/install/realsense2_description_:/workspaces/aprs_humble/aprs_ws/install/point_cloud:/workspaces/aprs_humble/aprs_ws/install/panda_description:/workspaces/aprs_humble/aprs_ws/install/joint_limits:/workspaces/aprs_humble/aprs_ws/install/controller_interface:/workspaces/aprs_humble/aprs_ws/install/hardware_interface:/workspaces/aprs_humble/aprs_ws/install/franka_setup:/workspaces/aprs_humble/aprs_ws/install/fanuc_moveit_config:/workspaces/aprs_humble/aprs_ws/install/fanuc_description:/workspaces/aprs_humble/aprs_ws/install/controller_manager_msgs:/workspaces/aprs_humble/aprs_ws/install/camera_mount:/workspaces/aprs_humble/aprs_ws/install/rqt_controller_manager:/workspaces/aprs_humble/aprs_ws/install/ros2controlcli:/opt/ros/humble /usr/bin/cmake --build /workspaces/aprs_humble/aprs_ws/build/hardware_interface -- -j16 -l16
[0.526s] Invoking command in '/workspaces/aprs_humble/aprs_ws/build/hardware_interface': CMAKE_PREFIX_PATH=/workspaces/aprs_humble/aprs_ws/install/ros2_control_test_assets:/workspaces/aprs_humble/aprs_ws/install/worlds:/workspaces/aprs_humble/aprs_ws/install/workbench_description:/workspaces/aprs_humble/aprs_ws/install/vaccum_description:/workspaces/aprs_humble/aprs_ws/install/ur_setup:/workspaces/aprs_humble/aprs_ws/install/ur_calibration:/workspaces/aprs_humble/aprs_ws/install/ur_robot_driver:/workspaces/aprs_humble/aprs_ws/install/ur_bringup:/workspaces/aprs_humble/aprs_ws/install/ur_controllers:/workspaces/aprs_humble/aprs_ws/install/ur_msgs:/workspaces/aprs_humble/aprs_ws/install/ur_moveit_config:/workspaces/aprs_humble/aprs_ws/install/ur_gz:/workspaces/aprs_humble/aprs_ws/install/ur5e_moveit_config:/workspaces/aprs_humble/aprs_ws/install/panda_moveit_config:/workspaces/aprs_humble/aprs_ws/install/ur_description:/workspaces/aprs_humble/aprs_ws/install/ur_dashboard_msgs:/workspaces/aprs_humble/aprs_ws/install/ur_client_library:/workspaces/aprs_humble/aprs_ws/install/ros2_control:/workspaces/aprs_humble/aprs_ws/install/transmission_interface:/workspaces/aprs_humble/aprs_ws/install/table_description:/workspaces/aprs_humble/aprs_ws/install/ign_ros2_control_demos:/workspaces/aprs_humble/aprs_ws/install/gz_ros2_control_tests:/workspaces/aprs_humble/aprs_ws/install/franka_gz:/workspaces/aprs_humble/aprs_ws/install/ign_ros2_control:/workspaces/aprs_humble/aprs_ws/install/controller_manager:/workspaces/aprs_humble/aprs_ws/install/realsense2_description_:/workspaces/aprs_humble/aprs_ws/install/point_cloud:/workspaces/aprs_humble/aprs_ws/install/panda_description:/workspaces/aprs_humble/aprs_ws/install/joint_limits:/workspaces/aprs_humble/aprs_ws/install/controller_interface:/workspaces/aprs_humble/aprs_ws/install/hardware_interface:/workspaces/aprs_humble/aprs_ws/install/franka_setup:/workspaces/aprs_humble/aprs_ws/install/fanuc_moveit_config:/workspaces/aprs_humble/aprs_ws/install/fanuc_description:/workspaces/aprs_humble/aprs_ws/install/controller_manager_msgs:/workspaces/aprs_humble/aprs_ws/install/camera_mount:/workspaces/aprs_humble/aprs_ws/install/rqt_controller_manager:/workspaces/aprs_humble/aprs_ws/install/ros2controlcli:/opt/ros/humble /usr/bin/cmake --install /workspaces/aprs_humble/aprs_ws/build/hardware_interface
[0.537s] -- Install configuration: ""
[0.540s] -- Up-to-date: /workspaces/aprs_humble/aprs_ws/install/hardware_interface/share/hardware_interface/mock_components_plugin_description.xml
[0.540s] -- Up-to-date: /workspaces/aprs_humble/aprs_ws/install/hardware_interface/share/hardware_interface/fake_components_plugin_description.xml
[0.541s] -- Up-to-date: /workspaces/aprs_humble/aprs_ws/install/hardware_interface/include
[0.541s] -- Up-to-date: /workspaces/aprs_humble/aprs_ws/install/hardware_interface/include/fake_components
[0.541s] -- Up-to-date: /workspaces/aprs_humble/aprs_ws/install/hardware_interface/include/fake_components/generic_system.hpp
[0.541s] -- Up-to-date: /workspaces/aprs_humble/aprs_ws/install/hardware_interface/include/fake_components/visibility_control.h
[0.541s] -- Up-to-date: /workspaces/aprs_humble/aprs_ws/install/hardware_interface/include/mock_components
[0.541s] -- Up-to-date: /workspaces/aprs_humble/aprs_ws/install/hardware_interface/include/mock_components/generic_system.hpp
[0.541s] -- Up-to-date: /workspaces/aprs_humble/aprs_ws/install/hardware_interface/include/mock_components/visibility_control.h
[0.541s] -- Up-to-date: /workspaces/aprs_humble/aprs_ws/install/hardware_interface/include/hardware_interface
[0.541s] -- Up-to-date: /workspaces/aprs_humble/aprs_ws/install/hardware_interface/include/hardware_interface/controller_info.hpp
[0.541s] -- Up-to-date: /workspaces/aprs_humble/aprs_ws/install/hardware_interface/include/hardware_interface/resource_manager.hpp
[0.541s] -- Up-to-date: /workspaces/aprs_humble/aprs_ws/install/hardware_interface/include/hardware_interface/types
[0.542s] -- Up-to-date: /workspaces/aprs_humble/aprs_ws/install/hardware_interface/include/hardware_interface/types/hardware_interface_type_values.hpp
[0.542s] -- Up-to-date: /workspaces/aprs_humble/aprs_ws/install/hardware_interface/include/hardware_interface/types/hardware_interface_return_values.hpp
[0.542s] -- Up-to-date: /workspaces/aprs_humble/aprs_ws/install/hardware_interface/include/hardware_interface/types/lifecycle_state_names.hpp
[0.542s] -- Up-to-date: /workspaces/aprs_humble/aprs_ws/install/hardware_interface/include/hardware_interface/loaned_command_interface.hpp
[0.542s] -- Up-to-date: /workspaces/aprs_humble/aprs_ws/install/hardware_interface/include/hardware_interface/sensor_interface.hpp
[0.542s] -- Up-to-date: /workspaces/aprs_humble/aprs_ws/install/hardware_interface/include/hardware_interface/sensor.hpp
[0.542s] -- Up-to-date: /workspaces/aprs_humble/aprs_ws/install/hardware_interface/include/hardware_interface/actuator.hpp
[0.542s] -- Up-to-date: /workspaces/aprs_humble/aprs_ws/install/hardware_interface/include/hardware_interface/visibility_control.h
[0.542s] -- Up-to-date: /workspaces/aprs_humble/aprs_ws/install/hardware_interface/include/hardware_interface/loaned_state_interface.hpp
[0.542s] -- Up-to-date: /workspaces/aprs_humble/aprs_ws/install/hardware_interface/include/hardware_interface/component_parser.hpp
[0.542s] -- Up-to-date: /workspaces/aprs_humble/aprs_ws/install/hardware_interface/include/hardware_interface/hardware_info.hpp
[0.542s] -- Up-to-date: /workspaces/aprs_humble/aprs_ws/install/hardware_interface/include/hardware_interface/macros.hpp
[0.543s] -- Up-to-date: /workspaces/aprs_humble/aprs_ws/install/hardware_interface/include/hardware_interface/actuator_interface.hpp
[0.543s] -- Up-to-date: /workspaces/aprs_humble/aprs_ws/install/hardware_interface/include/hardware_interface/hardware_component_info.hpp
[0.543s] -- Up-to-date: /workspaces/aprs_humble/aprs_ws/install/hardware_interface/include/hardware_interface/handle.hpp
[0.543s] -- Up-to-date: /workspaces/aprs_humble/aprs_ws/install/hardware_interface/include/hardware_interface/system_interface.hpp
[0.543s] -- Up-to-date: /workspaces/aprs_humble/aprs_ws/install/hardware_interface/include/hardware_interface/system.hpp
[0.543s] -- Up-to-date: /workspaces/aprs_humble/aprs_ws/install/hardware_interface/lib/libfake_components.so
[0.543s] -- Up-to-date: /workspaces/aprs_humble/aprs_ws/install/hardware_interface/lib/libmock_components.so
[0.543s] -- Up-to-date: /workspaces/aprs_humble/aprs_ws/install/hardware_interface/lib/libhardware_interface.so
[0.543s] -- Up-to-date: /workspaces/aprs_humble/aprs_ws/install/hardware_interface/lib/libtest_components.so
[0.543s] -- Up-to-date: /workspaces/aprs_humble/aprs_ws/install/hardware_interface/share/hardware_interface/test/test_components/test_components.xml
[0.546s] -- Up-to-date: /workspaces/aprs_humble/aprs_ws/install/hardware_interface/lib/libtest_hardware_components.so
[0.547s] -- Up-to-date: /workspaces/aprs_humble/aprs_ws/install/hardware_interface/share/hardware_interface/test/test_hardware_components/test_hardware_components.xml
[0.547s] -- Up-to-date: /workspaces/aprs_humble/aprs_ws/install/hardware_interface/share/hardware_interface/environment/library_path.sh
[0.547s] -- Up-to-date: /workspaces/aprs_humble/aprs_ws/install/hardware_interface/share/hardware_interface/environment/library_path.dsv
[0.547s] -- Up-to-date: /workspaces/aprs_humble/aprs_ws/install/hardware_interface/share/ament_index/resource_index/package_run_dependencies/hardware_interface
[0.547s] -- Up-to-date: /workspaces/aprs_humble/aprs_ws/install/hardware_interface/share/ament_index/resource_index/parent_prefix_path/hardware_interface
[0.547s] -- Up-to-date: /workspaces/aprs_humble/aprs_ws/install/hardware_interface/share/hardware_interface/environment/ament_prefix_path.sh
[0.547s] -- Up-to-date: /workspaces/aprs_humble/aprs_ws/install/hardware_interface/share/hardware_interface/environment/ament_prefix_path.dsv
[0.547s] -- Up-to-date: /workspaces/aprs_humble/aprs_ws/install/hardware_interface/share/hardware_interface/environment/path.sh
[0.547s] -- Up-to-date: /workspaces/aprs_humble/aprs_ws/install/hardware_interface/share/hardware_interface/environment/path.dsv
[0.547s] -- Up-to-date: /workspaces/aprs_humble/aprs_ws/install/hardware_interface/share/hardware_interface/local_setup.bash
[0.547s] -- Up-to-date: /workspaces/aprs_humble/aprs_ws/install/hardware_interface/share/hardware_interface/local_setup.sh
[0.547s] -- Up-to-date: /workspaces/aprs_humble/aprs_ws/install/hardware_interface/share/hardware_interface/local_setup.zsh
[0.548s] -- Up-to-date: /workspaces/aprs_humble/aprs_ws/install/hardware_interface/share/hardware_interface/local_setup.dsv
[0.548s] -- Up-to-date: /workspaces/aprs_humble/aprs_ws/install/hardware_interface/share/hardware_interface/package.dsv
[0.548s] -- Up-to-date: /workspaces/aprs_humble/aprs_ws/install/hardware_interface/share/ament_index/resource_index/packages/hardware_interface
[0.548s] -- Up-to-date: /workspaces/aprs_humble/aprs_ws/install/hardware_interface/share/ament_index/resource_index/hardware_interface__pluginlib__plugin/hardware_interface
[0.548s] -- Up-to-date: /workspaces/aprs_humble/aprs_ws/install/hardware_interface/share/hardware_interface/cmake/ament_cmake_export_include_directories-extras.cmake
[0.548s] -- Up-to-date: /workspaces/aprs_humble/aprs_ws/install/hardware_interface/share/hardware_interface/cmake/ament_cmake_export_libraries-extras.cmake
[0.548s] -- Up-to-date: /workspaces/aprs_humble/aprs_ws/install/hardware_interface/share/hardware_interface/cmake/ament_cmake_export_dependencies-extras.cmake
[0.549s] -- Up-to-date: /workspaces/aprs_humble/aprs_ws/install/hardware_interface/share/hardware_interface/cmake/hardware_interfaceConfig.cmake
[0.549s] -- Up-to-date: /workspaces/aprs_humble/aprs_ws/install/hardware_interface/share/hardware_interface/cmake/hardware_interfaceConfig-version.cmake
[0.549s] -- Up-to-date: /workspaces/aprs_humble/aprs_ws/install/hardware_interface/share/hardware_interface/package.xml
[0.560s] Invoked command in '/workspaces/aprs_humble/aprs_ws/build/hardware_interface' returned '0': CMAKE_PREFIX_PATH=/workspaces/aprs_humble/aprs_ws/install/ros2_control_test_assets:/workspaces/aprs_humble/aprs_ws/install/worlds:/workspaces/aprs_humble/aprs_ws/install/workbench_description:/workspaces/aprs_humble/aprs_ws/install/vaccum_description:/workspaces/aprs_humble/aprs_ws/install/ur_setup:/workspaces/aprs_humble/aprs_ws/install/ur_calibration:/workspaces/aprs_humble/aprs_ws/install/ur_robot_driver:/workspaces/aprs_humble/aprs_ws/install/ur_bringup:/workspaces/aprs_humble/aprs_ws/install/ur_controllers:/workspaces/aprs_humble/aprs_ws/install/ur_msgs:/workspaces/aprs_humble/aprs_ws/install/ur_moveit_config:/workspaces/aprs_humble/aprs_ws/install/ur_gz:/workspaces/aprs_humble/aprs_ws/install/ur5e_moveit_config:/workspaces/aprs_humble/aprs_ws/install/panda_moveit_config:/workspaces/aprs_humble/aprs_ws/install/ur_description:/workspaces/aprs_humble/aprs_ws/install/ur_dashboard_msgs:/workspaces/aprs_humble/aprs_ws/install/ur_client_library:/workspaces/aprs_humble/aprs_ws/install/ros2_control:/workspaces/aprs_humble/aprs_ws/install/transmission_interface:/workspaces/aprs_humble/aprs_ws/install/table_description:/workspaces/aprs_humble/aprs_ws/install/ign_ros2_control_demos:/workspaces/aprs_humble/aprs_ws/install/gz_ros2_control_tests:/workspaces/aprs_humble/aprs_ws/install/franka_gz:/workspaces/aprs_humble/aprs_ws/install/ign_ros2_control:/workspaces/aprs_humble/aprs_ws/install/controller_manager:/workspaces/aprs_humble/aprs_ws/install/realsense2_description_:/workspaces/aprs_humble/aprs_ws/install/point_cloud:/workspaces/aprs_humble/aprs_ws/install/panda_description:/workspaces/aprs_humble/aprs_ws/install/joint_limits:/workspaces/aprs_humble/aprs_ws/install/controller_interface:/workspaces/aprs_humble/aprs_ws/install/hardware_interface:/workspaces/aprs_humble/aprs_ws/install/franka_setup:/workspaces/aprs_humble/aprs_ws/install/fanuc_moveit_config:/workspaces/aprs_humble/aprs_ws/install/fanuc_description:/workspaces/aprs_humble/aprs_ws/install/controller_manager_msgs:/workspaces/aprs_humble/aprs_ws/install/camera_mount:/workspaces/aprs_humble/aprs_ws/install/rqt_controller_manager:/workspaces/aprs_humble/aprs_ws/install/ros2controlcli:/opt/ros/humble /usr/bin/cmake --install /workspaces/aprs_humble/aprs_ws/build/hardware_interface
