[0.036s] Invoking command in '/workspaces/aprs/aprs_ws/build/moveit_resources_fanuc_description': CMAKE_PREFIX_PATH=${CMAKE_PREFIX_PATH}:/opt/ros/rolling /usr/bin/cmake --build /workspaces/aprs/aprs_ws/build/moveit_resources_fanuc_description -- -j16 -l16
[0.063s] Invoked command in '/workspaces/aprs/aprs_ws/build/moveit_resources_fanuc_description' returned '0': CMAKE_PREFIX_PATH=${CMAKE_PREFIX_PATH}:/opt/ros/rolling /usr/bin/cmake --build /workspaces/aprs/aprs_ws/build/moveit_resources_fanuc_description -- -j16 -l16
[0.086s] Invoking command in '/workspaces/aprs/aprs_ws/build/moveit_resources_fanuc_description': CMAKE_PREFIX_PATH=${CMAKE_PREFIX_PATH}:/opt/ros/rolling /usr/bin/cmake --install /workspaces/aprs/aprs_ws/build/moveit_resources_fanuc_description
[0.093s] -- Install configuration: ""
[0.094s] -- Up-to-date: /workspaces/aprs/aprs_ws/install/moveit_resources_fanuc_description/share/ament_index/resource_index/package_run_dependencies/moveit_resources_fanuc_description
[0.094s] -- Up-to-date: /workspaces/aprs/aprs_ws/install/moveit_resources_fanuc_description/share/ament_index/resource_index/parent_prefix_path/moveit_resources_fanuc_description
[0.094s] -- Up-to-date: /workspaces/aprs/aprs_ws/install/moveit_resources_fanuc_description/share/moveit_resources_fanuc_description/environment/ament_prefix_path.sh
[0.094s] -- Up-to-date: /workspaces/aprs/aprs_ws/install/moveit_resources_fanuc_description/share/moveit_resources_fanuc_description/environment/ament_prefix_path.dsv
[0.094s] -- Up-to-date: /workspaces/aprs/aprs_ws/install/moveit_resources_fanuc_description/share/moveit_resources_fanuc_description/environment/path.sh
[0.094s] -- Up-to-date: /workspaces/aprs/aprs_ws/install/moveit_resources_fanuc_description/share/moveit_resources_fanuc_description/environment/path.dsv
[0.094s] -- Up-to-date: /workspaces/aprs/aprs_ws/install/moveit_resources_fanuc_description/share/moveit_resources_fanuc_description/local_setup.bash
[0.094s] -- Up-to-date: /workspaces/aprs/aprs_ws/install/moveit_resources_fanuc_description/share/moveit_resources_fanuc_description/local_setup.sh
[0.094s] -- Up-to-date: /workspaces/aprs/aprs_ws/install/moveit_resources_fanuc_description/share/moveit_resources_fanuc_description/local_setup.zsh
[0.095s] -- Up-to-date: /workspaces/aprs/aprs_ws/install/moveit_resources_fanuc_description/share/moveit_resources_fanuc_description/local_setup.dsv
[0.095s] -- Installing: /workspaces/aprs/aprs_ws/install/moveit_resources_fanuc_description/share/moveit_resources_fanuc_description/package.dsv
[0.096s] -- Up-to-date: /workspaces/aprs/aprs_ws/install/moveit_resources_fanuc_description/share/ament_index/resource_index/packages/moveit_resources_fanuc_description
[0.097s] -- Up-to-date: /workspaces/aprs/aprs_ws/install/moveit_resources_fanuc_description/share/moveit_resources_fanuc_description/cmake/moveit_resources_fanuc_descriptionConfig.cmake
[0.098s] -- Up-to-date: /workspaces/aprs/aprs_ws/install/moveit_resources_fanuc_description/share/moveit_resources_fanuc_description/cmake/moveit_resources_fanuc_descriptionConfig-version.cmake
[0.098s] -- Up-to-date: /workspaces/aprs/aprs_ws/install/moveit_resources_fanuc_description/share/moveit_resources_fanuc_description/package.xml
[0.098s] -- Up-to-date: /workspaces/aprs/aprs_ws/install/moveit_resources_fanuc_description/share/moveit_resources_fanuc_description/meshes
[0.098s] -- Up-to-date: /workspaces/aprs/aprs_ws/install/moveit_resources_fanuc_description/share/moveit_resources_fanuc_description/meshes/collision
[0.098s] -- Up-to-date: /workspaces/aprs/aprs_ws/install/moveit_resources_fanuc_description/share/moveit_resources_fanuc_description/meshes/collision/link_3.stl
[0.099s] -- Up-to-date: /workspaces/aprs/aprs_ws/install/moveit_resources_fanuc_description/share/moveit_resources_fanuc_description/meshes/collision/link_6.stl
[0.099s] -- Up-to-date: /workspaces/aprs/aprs_ws/install/moveit_resources_fanuc_description/share/moveit_resources_fanuc_description/meshes/collision/link_4.stl
[0.099s] -- Up-to-date: /workspaces/aprs/aprs_ws/install/moveit_resources_fanuc_description/share/moveit_resources_fanuc_description/meshes/collision/link_1.stl
[0.100s] -- Up-to-date: /workspaces/aprs/aprs_ws/install/moveit_resources_fanuc_description/share/moveit_resources_fanuc_description/meshes/collision/link_5.stl
[0.100s] -- Up-to-date: /workspaces/aprs/aprs_ws/install/moveit_resources_fanuc_description/share/moveit_resources_fanuc_description/meshes/collision/base_link.stl
[0.100s] -- Up-to-date: /workspaces/aprs/aprs_ws/install/moveit_resources_fanuc_description/share/moveit_resources_fanuc_description/meshes/collision/link_2.stl
[0.101s] -- Up-to-date: /workspaces/aprs/aprs_ws/install/moveit_resources_fanuc_description/share/moveit_resources_fanuc_description/meshes/visual
[0.101s] -- Up-to-date: /workspaces/aprs/aprs_ws/install/moveit_resources_fanuc_description/share/moveit_resources_fanuc_description/meshes/visual/link_3.stl
[0.101s] -- Up-to-date: /workspaces/aprs/aprs_ws/install/moveit_resources_fanuc_description/share/moveit_resources_fanuc_description/meshes/visual/link_6.stl
[0.101s] -- Up-to-date: /workspaces/aprs/aprs_ws/install/moveit_resources_fanuc_description/share/moveit_resources_fanuc_description/meshes/visual/link_4.stl
[0.101s] -- Up-to-date: /workspaces/aprs/aprs_ws/install/moveit_resources_fanuc_description/share/moveit_resources_fanuc_description/meshes/visual/link_1.stl
[0.102s] -- Up-to-date: /workspaces/aprs/aprs_ws/install/moveit_resources_fanuc_description/share/moveit_resources_fanuc_description/meshes/visual/link_5.stl
[0.102s] -- Up-to-date: /workspaces/aprs/aprs_ws/install/moveit_resources_fanuc_description/share/moveit_resources_fanuc_description/meshes/visual/base_link.stl
[0.102s] -- Up-to-date: /workspaces/aprs/aprs_ws/install/moveit_resources_fanuc_description/share/moveit_resources_fanuc_description/meshes/visual/link_2.stl
[0.102s] -- Up-to-date: /workspaces/aprs/aprs_ws/install/moveit_resources_fanuc_description/share/moveit_resources_fanuc_description/urdf
[0.102s] -- Up-to-date: /workspaces/aprs/aprs_ws/install/moveit_resources_fanuc_description/share/moveit_resources_fanuc_description/urdf/fanuc.urdf
[0.112s] Invoked command in '/workspaces/aprs/aprs_ws/build/moveit_resources_fanuc_description' returned '0': CMAKE_PREFIX_PATH=${CMAKE_PREFIX_PATH}:/opt/ros/rolling /usr/bin/cmake --install /workspaces/aprs/aprs_ws/build/moveit_resources_fanuc_description
