[0.093s] Invoking command in '/workspaces/aprs_humble/aprs_ws/build/ur_msgs': CMAKE_PREFIX_PATH=/opt/ros/humble /usr/bin/cmake /workspaces/aprs_humble/aprs_ws/src/ur_msgs -DBUILD_TESTING=ON -DCMAKE_INSTALL_PREFIX=/workspaces/aprs_humble/aprs_ws/install/ur_msgs
[0.228s] -- The C compiler identification is GNU 11.4.0
[0.400s] -- The CXX compiler identification is GNU 11.4.0
[0.410s] -- Detecting C compiler ABI info
[0.552s] -- Detecting C compiler ABI info - done
[0.565s] -- Check for working C compiler: /usr/bin/cc - skipped
[0.566s] -- Detecting C compile features
[0.566s] -- Detecting C compile features - done
[0.579s] -- Detecting CXX compiler ABI info
[0.768s] -- Detecting CXX compiler ABI info - done
[0.783s] -- Check for working CXX compiler: /usr/bin/c++ - skipped
[0.783s] -- Detecting CXX compile features
[0.783s] -- Detecting CXX compile features - done
[0.789s] -- Found ament_cmake: 1.3.5 (/opt/ros/humble/share/ament_cmake/cmake)
[1.253s] -- Found Python3: /usr/bin/python3.10 (found version "3.10.12") found components: Interpreter 
[1.561s] -- Found builtin_interfaces: 1.2.1 (/opt/ros/humble/share/builtin_interfaces/cmake)
[1.704s] -- Found rosidl_generator_c: 3.1.5 (/opt/ros/humble/share/rosidl_generator_c/cmake)
[1.783s] -- Found rosidl_adapter: 3.1.5 (/opt/ros/humble/share/rosidl_adapter/cmake)
[1.820s] -- Found rosidl_generator_cpp: 3.1.5 (/opt/ros/humble/share/rosidl_generator_cpp/cmake)
[1.931s] -- Using all available rosidl_typesupport_c: rosidl_typesupport_fastrtps_c;rosidl_typesupport_introspection_c
[2.049s] -- Using all available rosidl_typesupport_cpp: rosidl_typesupport_fastrtps_cpp;rosidl_typesupport_introspection_cpp
[2.225s] -- Found rosidl_default_generators: 1.2.0 (/opt/ros/humble/share/rosidl_default_generators/cmake)
[2.306s] -- Found geometry_msgs: 4.2.3 (/opt/ros/humble/share/geometry_msgs/cmake)
[2.976s] -- Found ament_lint_auto: 0.12.7 (/opt/ros/humble/share/ament_lint_auto/cmake)
[4.326s] -- Found ament_cmake_ros: 0.10.0 (/opt/ros/humble/share/ament_cmake_ros/cmake)
[5.955s] -- Using all available rosidl_typesupport_c: rosidl_typesupport_fastrtps_c;rosidl_typesupport_introspection_c
[6.255s] -- Using all available rosidl_typesupport_cpp: rosidl_typesupport_fastrtps_cpp;rosidl_typesupport_introspection_cpp
[6.297s] -- Found PythonInterp: /usr/bin/python3 (found suitable version "3.10.12", minimum required is "3.6") 
[6.319s] -- Found python_cmake_module: 0.10.0 (/opt/ros/humble/share/python_cmake_module/cmake)
[6.419s] -- Found PythonLibs: /usr/lib/x86_64-linux-gnu/libpython3.10.so (found suitable version "3.10.12", minimum required is "3.5") 
[6.420s] -- Using PYTHON_EXECUTABLE: /usr/bin/python3
[6.420s] -- Using PYTHON_INCLUDE_DIRS: /usr/include/python3.10
[6.420s] -- Using PYTHON_LIBRARIES: /usr/lib/x86_64-linux-gnu/libpython3.10.so
[6.514s] -- Found PythonExtra: .so  
[6.739s] -- Added test 'copyright' to check source files copyright and LICENSE
[6.759s] -- Added test 'lint_cmake' to check CMake code style
[6.759s] -- Added test 'xmllint' to check XML markup files
[6.834s] -- Configuring done
[7.005s] -- Generating done
[7.030s] -- Build files have been written to: /workspaces/aprs_humble/aprs_ws/build/ur_msgs
[7.206s] Invoked command in '/workspaces/aprs_humble/aprs_ws/build/ur_msgs' returned '0': CMAKE_PREFIX_PATH=/opt/ros/humble /usr/bin/cmake /workspaces/aprs_humble/aprs_ws/src/ur_msgs -DBUILD_TESTING=ON -DCMAKE_INSTALL_PREFIX=/workspaces/aprs_humble/aprs_ws/install/ur_msgs
[7.207s] Invoking command in '/workspaces/aprs_humble/aprs_ws/build/ur_msgs': CMAKE_PREFIX_PATH=/opt/ros/humble /usr/bin/cmake --build /workspaces/aprs_humble/aprs_ws/build/ur_msgs -- -j16 -l16
[7.489s] [  1%] [34m[1mGenerating C code for ROS interfaces[0m
[7.572s] [  1%] [34m[1mGenerating C++ code for ROS interfaces[0m
[7.670s] [  1%] Built target ament_cmake_python_copy_ur_msgs
[8.324s] running egg_info
[8.325s] creating ur_msgs.egg-info
[8.326s] writing ur_msgs.egg-info/PKG-INFO
[8.326s] writing dependency_links to ur_msgs.egg-info/dependency_links.txt
[8.326s] writing top-level names to ur_msgs.egg-info/top_level.txt
[8.326s] writing manifest file 'ur_msgs.egg-info/SOURCES.txt'
[8.330s] reading manifest file 'ur_msgs.egg-info/SOURCES.txt'
[8.331s] writing manifest file 'ur_msgs.egg-info/SOURCES.txt'
[8.434s] [  1%] Built target ament_cmake_python_build_ur_msgs_egg
[11.220s] [  2%] [32mBuilding C object CMakeFiles/ur_msgs__rosidl_generator_c.dir/rosidl_generator_c/ur_msgs/msg/detail/analog__functions.c.o[0m
[11.269s] [  3%] [32mBuilding C object CMakeFiles/ur_msgs__rosidl_generator_c.dir/rosidl_generator_c/ur_msgs/msg/detail/masterboard_data_msg__functions.c.o[0m
[11.279s] [  5%] [32mBuilding C object CMakeFiles/ur_msgs__rosidl_generator_c.dir/rosidl_generator_c/ur_msgs/msg/detail/robot_state_rt_msg__functions.c.o[0m
[11.285s] [  4%] [32mBuilding C object CMakeFiles/ur_msgs__rosidl_generator_c.dir/rosidl_generator_c/ur_msgs/msg/detail/digital__functions.c.o[0m
[11.287s] [  7%] [32mBuilding C object CMakeFiles/ur_msgs__rosidl_generator_c.dir/rosidl_generator_c/ur_msgs/msg/detail/io_states__functions.c.o[0m
[11.308s] [  9%] [32mBuilding C object CMakeFiles/ur_msgs__rosidl_generator_c.dir/rosidl_generator_c/ur_msgs/srv/detail/set_payload__functions.c.o[0m
[11.309s] [  9%] [32mBuilding C object CMakeFiles/ur_msgs__rosidl_generator_c.dir/rosidl_generator_c/ur_msgs/msg/detail/tool_data_msg__functions.c.o[0m
[11.311s] [  9%] [32mBuilding C object CMakeFiles/ur_msgs__rosidl_generator_c.dir/rosidl_generator_c/ur_msgs/msg/detail/robot_mode_data_msg__functions.c.o[0m
[11.313s] [ 10%] [32mBuilding C object CMakeFiles/ur_msgs__rosidl_generator_c.dir/rosidl_generator_c/ur_msgs/srv/detail/set_speed_slider_fraction__functions.c.o[0m
[11.346s] [ 11%] [32mBuilding C object CMakeFiles/ur_msgs__rosidl_generator_c.dir/rosidl_generator_c/ur_msgs/srv/detail/set_io__functions.c.o[0m
[11.614s] [ 11%] Built target ur_msgs__cpp
[11.687s] [ 12%] [34m[1mGenerating C++ type support dispatch for ROS interfaces[0m
[11.709s] [ 13%] [34m[1mGenerating C++ type support for eProsima Fast-RTPS[0m
[11.774s] [ 14%] [34m[1mGenerating C++ introspection for ROS interfaces[0m
[11.853s] [ 15%] [32m[1mLinking C shared library libur_msgs__rosidl_generator_c.so[0m
[12.082s] [ 15%] Built target ur_msgs__rosidl_generator_c
[12.148s] [ 16%] [34m[1mGenerating C introspection for ROS interfaces[0m
[12.151s] [ 17%] [34m[1mGenerating C type support for eProsima Fast-RTPS[0m
[12.174s] [ 18%] [34m[1mGenerating C type support dispatch for ROS interfaces[0m
[17.349s] [ 19%] [32mBuilding CXX object CMakeFiles/ur_msgs__rosidl_typesupport_fastrtps_cpp.dir/rosidl_typesupport_fastrtps_cpp/ur_msgs/msg/detail/dds_fastrtps/analog__type_support.cpp.o[0m
[17.362s] [ 19%] [32mBuilding CXX object CMakeFiles/ur_msgs__rosidl_typesupport_fastrtps_cpp.dir/rosidl_typesupport_fastrtps_cpp/ur_msgs/msg/detail/dds_fastrtps/io_states__type_support.cpp.o[0m
[17.398s] [ 20%] [32mBuilding CXX object CMakeFiles/ur_msgs__rosidl_typesupport_fastrtps_cpp.dir/rosidl_typesupport_fastrtps_cpp/ur_msgs/msg/detail/dds_fastrtps/digital__type_support.cpp.o[0m
[17.406s] [ 21%] [32mBuilding CXX object CMakeFiles/ur_msgs__rosidl_typesupport_fastrtps_cpp.dir/rosidl_typesupport_fastrtps_cpp/ur_msgs/msg/detail/dds_fastrtps/robot_state_rt_msg__type_support.cpp.o[0m
[17.445s] [ 23%] [32mBuilding CXX object CMakeFiles/ur_msgs__rosidl_typesupport_fastrtps_cpp.dir/rosidl_typesupport_fastrtps_cpp/ur_msgs/msg/detail/dds_fastrtps/masterboard_data_msg__type_support.cpp.o[0m
[17.469s] [ 23%] [32mBuilding CXX object CMakeFiles/ur_msgs__rosidl_typesupport_fastrtps_cpp.dir/rosidl_typesupport_fastrtps_cpp/ur_msgs/msg/detail/dds_fastrtps/robot_mode_data_msg__type_support.cpp.o[0m
[17.518s] [ 24%] [32mBuilding CXX object CMakeFiles/ur_msgs__rosidl_typesupport_fastrtps_cpp.dir/rosidl_typesupport_fastrtps_cpp/ur_msgs/msg/detail/dds_fastrtps/tool_data_msg__type_support.cpp.o[0m
[17.573s] [ 26%] [32mBuilding CXX object CMakeFiles/ur_msgs__rosidl_typesupport_fastrtps_cpp.dir/rosidl_typesupport_fastrtps_cpp/ur_msgs/srv/detail/dds_fastrtps/set_payload__type_support.cpp.o[0m
[17.575s] [ 26%] [32mBuilding CXX object CMakeFiles/ur_msgs__rosidl_typesupport_fastrtps_cpp.dir/rosidl_typesupport_fastrtps_cpp/ur_msgs/srv/detail/dds_fastrtps/set_speed_slider_fraction__type_support.cpp.o[0m
[17.660s] [ 27%] [32mBuilding CXX object CMakeFiles/ur_msgs__rosidl_typesupport_fastrtps_cpp.dir/rosidl_typesupport_fastrtps_cpp/ur_msgs/srv/detail/dds_fastrtps/set_io__type_support.cpp.o[0m
[17.804s] [ 28%] [32mBuilding CXX object CMakeFiles/ur_msgs__rosidl_typesupport_fastrtps_c.dir/rosidl_typesupport_fastrtps_c/ur_msgs/msg/detail/analog__type_support_c.cpp.o[0m
[17.824s] [ 29%] [32mBuilding CXX object CMakeFiles/ur_msgs__rosidl_typesupport_fastrtps_c.dir/rosidl_typesupport_fastrtps_c/ur_msgs/msg/detail/digital__type_support_c.cpp.o[0m
[18.413s] [ 30%] [32mBuilding CXX object CMakeFiles/ur_msgs__rosidl_typesupport_fastrtps_c.dir/rosidl_typesupport_fastrtps_c/ur_msgs/msg/detail/io_states__type_support_c.cpp.o[0m
[19.151s] [ 31%] [32mBuilding CXX object CMakeFiles/ur_msgs__rosidl_typesupport_fastrtps_c.dir/rosidl_typesupport_fastrtps_c/ur_msgs/msg/detail/robot_state_rt_msg__type_support_c.cpp.o[0m
[19.699s] [ 32%] [32mBuilding CXX object CMakeFiles/ur_msgs__rosidl_typesupport_fastrtps_c.dir/rosidl_typesupport_fastrtps_c/ur_msgs/msg/detail/masterboard_data_msg__type_support_c.cpp.o[0m
[20.438s] [ 33%] [32mBuilding CXX object CMakeFiles/ur_msgs__rosidl_typesupport_c.dir/rosidl_typesupport_c/ur_msgs/msg/analog__type_support.cpp.o[0m
[20.629s] [ 34%] [32mBuilding CXX object CMakeFiles/ur_msgs__rosidl_typesupport_fastrtps_c.dir/rosidl_typesupport_fastrtps_c/ur_msgs/msg/detail/tool_data_msg__type_support_c.cpp.o[0m
[20.669s] [ 35%] [32mBuilding CXX object CMakeFiles/ur_msgs__rosidl_typesupport_c.dir/rosidl_typesupport_c/ur_msgs/msg/io_states__type_support.cpp.o[0m
[20.671s] [ 36%] [32mBuilding CXX object CMakeFiles/ur_msgs__rosidl_typesupport_c.dir/rosidl_typesupport_c/ur_msgs/msg/digital__type_support.cpp.o[0m
[20.813s] [ 37%] [32mBuilding CXX object CMakeFiles/ur_msgs__rosidl_typesupport_cpp.dir/rosidl_typesupport_cpp/ur_msgs/msg/analog__type_support.cpp.o[0m
[20.939s] [ 38%] [32mBuilding CXX object CMakeFiles/ur_msgs__rosidl_typesupport_c.dir/rosidl_typesupport_c/ur_msgs/msg/robot_state_rt_msg__type_support.cpp.o[0m
[20.980s] [ 39%] [32mBuilding CXX object CMakeFiles/ur_msgs__rosidl_typesupport_c.dir/rosidl_typesupport_c/ur_msgs/msg/masterboard_data_msg__type_support.cpp.o[0m
[21.093s] [ 40%] [32mBuilding CXX object CMakeFiles/ur_msgs__rosidl_typesupport_cpp.dir/rosidl_typesupport_cpp/ur_msgs/msg/digital__type_support.cpp.o[0m
[21.166s] [ 41%] [32mBuilding CXX object CMakeFiles/ur_msgs__rosidl_typesupport_c.dir/rosidl_typesupport_c/ur_msgs/msg/robot_mode_data_msg__type_support.cpp.o[0m
[21.262s] [ 42%] [32mBuilding CXX object CMakeFiles/ur_msgs__rosidl_typesupport_fastrtps_c.dir/rosidl_typesupport_fastrtps_c/ur_msgs/msg/detail/robot_mode_data_msg__type_support_c.cpp.o[0m
[21.299s] [ 43%] [32mBuilding CXX object CMakeFiles/ur_msgs__rosidl_typesupport_c.dir/rosidl_typesupport_c/ur_msgs/msg/tool_data_msg__type_support.cpp.o[0m
[21.374s] [ 44%] [32mBuilding CXX object CMakeFiles/ur_msgs__rosidl_typesupport_fastrtps_c.dir/rosidl_typesupport_fastrtps_c/ur_msgs/srv/detail/set_payload__type_support_c.cpp.o[0m
[21.475s] [ 45%] [32mBuilding CXX object CMakeFiles/ur_msgs__rosidl_typesupport_c.dir/rosidl_typesupport_c/ur_msgs/srv/set_payload__type_support.cpp.o[0m
[21.695s] [ 45%] [32mBuilding CXX object CMakeFiles/ur_msgs__rosidl_typesupport_c.dir/rosidl_typesupport_c/ur_msgs/srv/set_speed_slider_fraction__type_support.cpp.o[0m
[21.726s] [ 46%] [32mBuilding CXX object CMakeFiles/ur_msgs__rosidl_typesupport_cpp.dir/rosidl_typesupport_cpp/ur_msgs/msg/robot_state_rt_msg__type_support.cpp.o[0m
[21.728s] [ 47%] [32mBuilding CXX object CMakeFiles/ur_msgs__rosidl_typesupport_introspection_cpp.dir/rosidl_typesupport_introspection_cpp/ur_msgs/msg/detail/analog__type_support.cpp.o[0m
[21.755s] [ 48%] [32mBuilding CXX object CMakeFiles/ur_msgs__rosidl_typesupport_fastrtps_c.dir/rosidl_typesupport_fastrtps_c/ur_msgs/srv/detail/set_io__type_support_c.cpp.o[0m
[21.809s] [ 49%] [32mBuilding CXX object CMakeFiles/ur_msgs__rosidl_typesupport_cpp.dir/rosidl_typesupport_cpp/ur_msgs/msg/io_states__type_support.cpp.o[0m
[21.980s] [ 50%] [32mBuilding CXX object CMakeFiles/ur_msgs__rosidl_typesupport_c.dir/rosidl_typesupport_c/ur_msgs/srv/set_io__type_support.cpp.o[0m
[22.053s] [ 51%] [32m[1mLinking CXX shared library libur_msgs__rosidl_typesupport_fastrtps_cpp.so[0m
[22.240s] [ 52%] [32m[1mLinking CXX shared library libur_msgs__rosidl_typesupport_c.so[0m
[22.250s] [ 53%] [32mBuilding CXX object CMakeFiles/ur_msgs__rosidl_typesupport_fastrtps_c.dir/rosidl_typesupport_fastrtps_c/ur_msgs/srv/detail/set_speed_slider_fraction__type_support_c.cpp.o[0m
[22.497s] [ 53%] Built target ur_msgs__rosidl_typesupport_c
[22.537s] [ 54%] [32mBuilding CXX object CMakeFiles/ur_msgs__rosidl_typesupport_cpp.dir/rosidl_typesupport_cpp/ur_msgs/srv/set_speed_slider_fraction__type_support.cpp.o[0m
[22.543s] [ 55%] [32mBuilding CXX object CMakeFiles/ur_msgs__rosidl_typesupport_introspection_cpp.dir/rosidl_typesupport_introspection_cpp/ur_msgs/msg/detail/digital__type_support.cpp.o[0m
[22.547s] [ 56%] [32mBuilding CXX object CMakeFiles/ur_msgs__rosidl_typesupport_introspection_cpp.dir/rosidl_typesupport_introspection_cpp/ur_msgs/msg/detail/io_states__type_support.cpp.o[0m
[22.556s] [ 57%] [32mBuilding CXX object CMakeFiles/ur_msgs__rosidl_typesupport_cpp.dir/rosidl_typesupport_cpp/ur_msgs/srv/set_payload__type_support.cpp.o[0m
[22.645s] [ 58%] [32mBuilding C object CMakeFiles/ur_msgs__rosidl_typesupport_introspection_c.dir/rosidl_typesupport_introspection_c/ur_msgs/msg/detail/analog__type_support.c.o[0m
[22.870s] [ 58%] Built target ur_msgs__rosidl_typesupport_fastrtps_cpp
[22.876s] [ 59%] [32mBuilding C object CMakeFiles/ur_msgs__rosidl_typesupport_introspection_c.dir/rosidl_typesupport_introspection_c/ur_msgs/msg/detail/digital__type_support.c.o[0m
[22.933s] [ 60%] [32mBuilding C object CMakeFiles/ur_msgs__rosidl_typesupport_introspection_c.dir/rosidl_typesupport_introspection_c/ur_msgs/msg/detail/io_states__type_support.c.o[0m
[23.129s] [ 61%] [32mBuilding C object CMakeFiles/ur_msgs__rosidl_typesupport_introspection_c.dir/rosidl_typesupport_introspection_c/ur_msgs/msg/detail/robot_state_rt_msg__type_support.c.o[0m
[23.181s] [ 63%] [32mBuilding CXX object CMakeFiles/ur_msgs__rosidl_typesupport_cpp.dir/rosidl_typesupport_cpp/ur_msgs/srv/set_io__type_support.cpp.o[0m
[23.182s] [ 63%] [32mBuilding CXX object CMakeFiles/ur_msgs__rosidl_typesupport_cpp.dir/rosidl_typesupport_cpp/ur_msgs/msg/tool_data_msg__type_support.cpp.o[0m
[23.260s] [ 64%] [32mBuilding C object CMakeFiles/ur_msgs__rosidl_typesupport_introspection_c.dir/rosidl_typesupport_introspection_c/ur_msgs/msg/detail/robot_mode_data_msg__type_support.c.o[0m
[23.442s] [ 65%] [32mBuilding CXX object CMakeFiles/ur_msgs__rosidl_typesupport_cpp.dir/rosidl_typesupport_cpp/ur_msgs/msg/robot_mode_data_msg__type_support.cpp.o[0m
[23.460s] [ 66%] [32mBuilding C object CMakeFiles/ur_msgs__rosidl_typesupport_introspection_c.dir/rosidl_typesupport_introspection_c/ur_msgs/srv/detail/set_payload__type_support.c.o[0m
[23.517s] [ 67%] [32mBuilding C object CMakeFiles/ur_msgs__rosidl_typesupport_introspection_c.dir/rosidl_typesupport_introspection_c/ur_msgs/srv/detail/set_speed_slider_fraction__type_support.c.o[0m
[23.522s] [ 68%] [32mBuilding CXX object CMakeFiles/ur_msgs__rosidl_typesupport_introspection_cpp.dir/rosidl_typesupport_introspection_cpp/ur_msgs/msg/detail/robot_state_rt_msg__type_support.cpp.o[0m
[23.578s] [ 69%] [32mBuilding C object CMakeFiles/ur_msgs__rosidl_typesupport_introspection_c.dir/rosidl_typesupport_introspection_c/ur_msgs/srv/detail/set_io__type_support.c.o[0m
[23.608s] [ 70%] [32mBuilding CXX object CMakeFiles/ur_msgs__rosidl_typesupport_introspection_cpp.dir/rosidl_typesupport_introspection_cpp/ur_msgs/msg/detail/robot_mode_data_msg__type_support.cpp.o[0m
[23.646s] [ 71%] [32mBuilding CXX object CMakeFiles/ur_msgs__rosidl_typesupport_introspection_cpp.dir/rosidl_typesupport_introspection_cpp/ur_msgs/msg/detail/masterboard_data_msg__type_support.cpp.o[0m
[23.684s] [ 72%] [32mBuilding C object CMakeFiles/ur_msgs__rosidl_typesupport_introspection_c.dir/rosidl_typesupport_introspection_c/ur_msgs/msg/detail/tool_data_msg__type_support.c.o[0m
[23.821s] [ 73%] [32mBuilding C object CMakeFiles/ur_msgs__rosidl_typesupport_introspection_c.dir/rosidl_typesupport_introspection_c/ur_msgs/msg/detail/masterboard_data_msg__type_support.c.o[0m
[23.949s] [ 74%] [32m[1mLinking CXX shared library libur_msgs__rosidl_typesupport_fastrtps_c.so[0m
[24.038s] [ 75%] [32m[1mLinking C shared library libur_msgs__rosidl_typesupport_introspection_c.so[0m
[24.262s] [ 75%] Built target ur_msgs__rosidl_typesupport_introspection_c
[24.766s] [ 75%] Built target ur_msgs__rosidl_typesupport_fastrtps_c
[24.874s] [ 76%] [32mBuilding CXX object CMakeFiles/ur_msgs__rosidl_typesupport_cpp.dir/rosidl_typesupport_cpp/ur_msgs/msg/masterboard_data_msg__type_support.cpp.o[0m
[25.025s] [ 77%] [32mBuilding CXX object CMakeFiles/ur_msgs__rosidl_typesupport_introspection_cpp.dir/rosidl_typesupport_introspection_cpp/ur_msgs/srv/detail/set_io__type_support.cpp.o[0m
[25.361s] [ 78%] [32m[1mLinking CXX shared library libur_msgs__rosidl_typesupport_cpp.so[0m
[25.455s] [ 78%] Built target ur_msgs__rosidl_typesupport_cpp
[25.761s] [ 79%] [32mBuilding CXX object CMakeFiles/ur_msgs__rosidl_typesupport_introspection_cpp.dir/rosidl_typesupport_introspection_cpp/ur_msgs/srv/detail/set_speed_slider_fraction__type_support.cpp.o[0m
[26.397s] [ 80%] [32mBuilding CXX object CMakeFiles/ur_msgs__rosidl_typesupport_introspection_cpp.dir/rosidl_typesupport_introspection_cpp/ur_msgs/srv/detail/set_payload__type_support.cpp.o[0m
[27.073s] [ 81%] [32mBuilding CXX object CMakeFiles/ur_msgs__rosidl_typesupport_introspection_cpp.dir/rosidl_typesupport_introspection_cpp/ur_msgs/msg/detail/tool_data_msg__type_support.cpp.o[0m
[27.720s] [ 82%] [32m[1mLinking CXX shared library libur_msgs__rosidl_typesupport_introspection_cpp.so[0m
[27.856s] [ 82%] Built target ur_msgs__rosidl_typesupport_introspection_cpp
[27.887s] [ 82%] Built target ur_msgs
[27.926s] [ 83%] [34m[1mGenerating Python code for ROS interfaces[0m
[30.923s] [ 83%] Built target ur_msgs__py
[30.965s] [ 84%] [32mBuilding C object CMakeFiles/ur_msgs__rosidl_generator_py.dir/rosidl_generator_py/ur_msgs/msg/_analog_s.c.o[0m
[31.133s] [ 85%] [32mBuilding C object CMakeFiles/ur_msgs__rosidl_generator_py.dir/rosidl_generator_py/ur_msgs/srv/_set_io_s.c.o[0m
[31.249s] [ 86%] [32mBuilding C object CMakeFiles/ur_msgs__rosidl_generator_py.dir/rosidl_generator_py/ur_msgs/srv/_set_speed_slider_fraction_s.c.o[0m
[31.381s] [ 87%] [32mBuilding C object CMakeFiles/ur_msgs__rosidl_generator_py.dir/rosidl_generator_py/ur_msgs/srv/_set_payload_s.c.o[0m
[31.495s] [ 88%] [32mBuilding C object CMakeFiles/ur_msgs__rosidl_generator_py.dir/rosidl_generator_py/ur_msgs/msg/_tool_data_msg_s.c.o[0m
[31.602s] [ 89%] [32mBuilding C object CMakeFiles/ur_msgs__rosidl_generator_py.dir/rosidl_generator_py/ur_msgs/msg/_robot_mode_data_msg_s.c.o[0m
[31.707s] [ 90%] [32mBuilding C object CMakeFiles/ur_msgs__rosidl_generator_py.dir/rosidl_generator_py/ur_msgs/msg/_masterboard_data_msg_s.c.o[0m
[31.836s] [ 91%] [32mBuilding C object CMakeFiles/ur_msgs__rosidl_generator_py.dir/rosidl_generator_py/ur_msgs/msg/_robot_state_rt_msg_s.c.o[0m
[32.056s] [ 92%] [32mBuilding C object CMakeFiles/ur_msgs__rosidl_generator_py.dir/rosidl_generator_py/ur_msgs/msg/_io_states_s.c.o[0m
[32.223s] [ 93%] [32mBuilding C object CMakeFiles/ur_msgs__rosidl_generator_py.dir/rosidl_generator_py/ur_msgs/msg/_digital_s.c.o[0m
[32.341s] [ 94%] [32m[1mLinking C shared library rosidl_generator_py/ur_msgs/libur_msgs__rosidl_generator_py.so[0m
[32.389s] [ 94%] Built target ur_msgs__rosidl_generator_py
[32.412s] [ 95%] [32mBuilding C object CMakeFiles/ur_msgs__rosidl_typesupport_fastrtps_c__pyext.dir/rosidl_generator_py/ur_msgs/_ur_msgs_s.ep.rosidl_typesupport_fastrtps_c.c.o[0m
[32.573s] [ 96%] [32m[1mLinking C shared library rosidl_generator_py/ur_msgs/ur_msgs_s__rosidl_typesupport_fastrtps_c.cpython-310-x86_64-linux-gnu.so[0m
[32.630s] [ 96%] Built target ur_msgs__rosidl_typesupport_fastrtps_c__pyext
[32.654s] [ 97%] [32mBuilding C object CMakeFiles/ur_msgs__rosidl_typesupport_c__pyext.dir/rosidl_generator_py/ur_msgs/_ur_msgs_s.ep.rosidl_typesupport_c.c.o[0m
[32.894s] [ 98%] [32m[1mLinking C shared library rosidl_generator_py/ur_msgs/ur_msgs_s__rosidl_typesupport_c.cpython-310-x86_64-linux-gnu.so[0m
[32.957s] [ 98%] Built target ur_msgs__rosidl_typesupport_c__pyext
[32.988s] [ 99%] [32mBuilding C object CMakeFiles/ur_msgs__rosidl_typesupport_introspection_c__pyext.dir/rosidl_generator_py/ur_msgs/_ur_msgs_s.ep.rosidl_typesupport_introspection_c.c.o[0m
[33.161s] [100%] [32m[1mLinking C shared library rosidl_generator_py/ur_msgs/ur_msgs_s__rosidl_typesupport_introspection_c.cpython-310-x86_64-linux-gnu.so[0m
[33.210s] [100%] Built target ur_msgs__rosidl_typesupport_introspection_c__pyext
[33.228s] Invoked command in '/workspaces/aprs_humble/aprs_ws/build/ur_msgs' returned '0': CMAKE_PREFIX_PATH=/opt/ros/humble /usr/bin/cmake --build /workspaces/aprs_humble/aprs_ws/build/ur_msgs -- -j16 -l16
[33.400s] Invoking command in '/workspaces/aprs_humble/aprs_ws/build/ur_msgs': CMAKE_PREFIX_PATH=/opt/ros/humble /usr/bin/cmake --install /workspaces/aprs_humble/aprs_ws/build/ur_msgs
[33.408s] -- Install configuration: ""
[33.408s] -- Installing: /workspaces/aprs_humble/aprs_ws/install/ur_msgs/share/ament_index/resource_index/rosidl_interfaces/ur_msgs
[33.409s] -- Installing: /workspaces/aprs_humble/aprs_ws/install/ur_msgs/include/ur_msgs/ur_msgs
[33.409s] -- Installing: /workspaces/aprs_humble/aprs_ws/install/ur_msgs/include/ur_msgs/ur_msgs/srv
[33.409s] -- Installing: /workspaces/aprs_humble/aprs_ws/install/ur_msgs/include/ur_msgs/ur_msgs/srv/set_speed_slider_fraction.h
[33.409s] -- Installing: /workspaces/aprs_humble/aprs_ws/install/ur_msgs/include/ur_msgs/ur_msgs/srv/set_io.h
[33.410s] -- Installing: /workspaces/aprs_humble/aprs_ws/install/ur_msgs/include/ur_msgs/ur_msgs/srv/detail
[33.410s] -- Installing: /workspaces/aprs_humble/aprs_ws/install/ur_msgs/include/ur_msgs/ur_msgs/srv/detail/set_io__struct.h
[33.410s] -- Installing: /workspaces/aprs_humble/aprs_ws/install/ur_msgs/include/ur_msgs/ur_msgs/srv/detail/set_payload__functions.h
[33.410s] -- Installing: /workspaces/aprs_humble/aprs_ws/install/ur_msgs/include/ur_msgs/ur_msgs/srv/detail/set_io__functions.c
[33.410s] -- Installing: /workspaces/aprs_humble/aprs_ws/install/ur_msgs/include/ur_msgs/ur_msgs/srv/detail/set_speed_slider_fraction__type_support.h
[33.410s] -- Installing: /workspaces/aprs_humble/aprs_ws/install/ur_msgs/include/ur_msgs/ur_msgs/srv/detail/set_payload__functions.c
[33.410s] -- Installing: /workspaces/aprs_humble/aprs_ws/install/ur_msgs/include/ur_msgs/ur_msgs/srv/detail/set_payload__struct.h
[33.410s] -- Installing: /workspaces/aprs_humble/aprs_ws/install/ur_msgs/include/ur_msgs/ur_msgs/srv/detail/set_speed_slider_fraction__functions.c
[33.411s] -- Installing: /workspaces/aprs_humble/aprs_ws/install/ur_msgs/include/ur_msgs/ur_msgs/srv/detail/set_io__type_support.h
[33.411s] -- Installing: /workspaces/aprs_humble/aprs_ws/install/ur_msgs/include/ur_msgs/ur_msgs/srv/detail/set_speed_slider_fraction__struct.h
[33.411s] -- Installing: /workspaces/aprs_humble/aprs_ws/install/ur_msgs/include/ur_msgs/ur_msgs/srv/detail/set_payload__type_support.h
[33.411s] -- Installing: /workspaces/aprs_humble/aprs_ws/install/ur_msgs/include/ur_msgs/ur_msgs/srv/detail/set_io__functions.h
[33.411s] -- Installing: /workspaces/aprs_humble/aprs_ws/install/ur_msgs/include/ur_msgs/ur_msgs/srv/detail/set_speed_slider_fraction__functions.h
[33.411s] -- Installing: /workspaces/aprs_humble/aprs_ws/install/ur_msgs/include/ur_msgs/ur_msgs/srv/set_payload.h
[33.411s] -- Installing: /workspaces/aprs_humble/aprs_ws/install/ur_msgs/include/ur_msgs/ur_msgs/msg
[33.411s] -- Installing: /workspaces/aprs_humble/aprs_ws/install/ur_msgs/include/ur_msgs/ur_msgs/msg/detail
[33.411s] -- Installing: /workspaces/aprs_humble/aprs_ws/install/ur_msgs/include/ur_msgs/ur_msgs/msg/detail/masterboard_data_msg__functions.c
[33.411s] -- Installing: /workspaces/aprs_humble/aprs_ws/install/ur_msgs/include/ur_msgs/ur_msgs/msg/detail/tool_data_msg__functions.h
[33.411s] -- Installing: /workspaces/aprs_humble/aprs_ws/install/ur_msgs/include/ur_msgs/ur_msgs/msg/detail/robot_mode_data_msg__type_support.h
[33.411s] -- Installing: /workspaces/aprs_humble/aprs_ws/install/ur_msgs/include/ur_msgs/ur_msgs/msg/detail/analog__functions.h
[33.412s] -- Installing: /workspaces/aprs_humble/aprs_ws/install/ur_msgs/include/ur_msgs/ur_msgs/msg/detail/io_states__functions.h
[33.412s] -- Installing: /workspaces/aprs_humble/aprs_ws/install/ur_msgs/include/ur_msgs/ur_msgs/msg/detail/robot_state_rt_msg__type_support.h
[33.412s] -- Installing: /workspaces/aprs_humble/aprs_ws/install/ur_msgs/include/ur_msgs/ur_msgs/msg/detail/masterboard_data_msg__struct.h
[33.412s] -- Installing: /workspaces/aprs_humble/aprs_ws/install/ur_msgs/include/ur_msgs/ur_msgs/msg/detail/analog__functions.c
[33.412s] -- Installing: /workspaces/aprs_humble/aprs_ws/install/ur_msgs/include/ur_msgs/ur_msgs/msg/detail/robot_state_rt_msg__functions.h
[33.412s] -- Installing: /workspaces/aprs_humble/aprs_ws/install/ur_msgs/include/ur_msgs/ur_msgs/msg/detail/digital__struct.h
[33.412s] -- Installing: /workspaces/aprs_humble/aprs_ws/install/ur_msgs/include/ur_msgs/ur_msgs/msg/detail/masterboard_data_msg__functions.h
[33.412s] -- Installing: /workspaces/aprs_humble/aprs_ws/install/ur_msgs/include/ur_msgs/ur_msgs/msg/detail/io_states__functions.c
[33.412s] -- Installing: /workspaces/aprs_humble/aprs_ws/install/ur_msgs/include/ur_msgs/ur_msgs/msg/detail/analog__type_support.h
[33.412s] -- Installing: /workspaces/aprs_humble/aprs_ws/install/ur_msgs/include/ur_msgs/ur_msgs/msg/detail/tool_data_msg__struct.h
[33.412s] -- Installing: /workspaces/aprs_humble/aprs_ws/install/ur_msgs/include/ur_msgs/ur_msgs/msg/detail/analog__struct.h
[33.412s] -- Installing: /workspaces/aprs_humble/aprs_ws/install/ur_msgs/include/ur_msgs/ur_msgs/msg/detail/tool_data_msg__functions.c
[33.412s] -- Installing: /workspaces/aprs_humble/aprs_ws/install/ur_msgs/include/ur_msgs/ur_msgs/msg/detail/tool_data_msg__type_support.h
[33.412s] -- Installing: /workspaces/aprs_humble/aprs_ws/install/ur_msgs/include/ur_msgs/ur_msgs/msg/detail/digital__type_support.h
[33.413s] -- Installing: /workspaces/aprs_humble/aprs_ws/install/ur_msgs/include/ur_msgs/ur_msgs/msg/detail/digital__functions.c
[33.413s] -- Installing: /workspaces/aprs_humble/aprs_ws/install/ur_msgs/include/ur_msgs/ur_msgs/msg/detail/robot_mode_data_msg__functions.c
[33.413s] -- Installing: /workspaces/aprs_humble/aprs_ws/install/ur_msgs/include/ur_msgs/ur_msgs/msg/detail/digital__functions.h
[33.413s] -- Installing: /workspaces/aprs_humble/aprs_ws/install/ur_msgs/include/ur_msgs/ur_msgs/msg/detail/io_states__type_support.h
[33.413s] -- Installing: /workspaces/aprs_humble/aprs_ws/install/ur_msgs/include/ur_msgs/ur_msgs/msg/detail/robot_mode_data_msg__functions.h
[33.413s] -- Installing: /workspaces/aprs_humble/aprs_ws/install/ur_msgs/include/ur_msgs/ur_msgs/msg/detail/io_states__struct.h
[33.413s] -- Installing: /workspaces/aprs_humble/aprs_ws/install/ur_msgs/include/ur_msgs/ur_msgs/msg/detail/robot_state_rt_msg__functions.c
[33.413s] -- Installing: /workspaces/aprs_humble/aprs_ws/install/ur_msgs/include/ur_msgs/ur_msgs/msg/detail/robot_mode_data_msg__struct.h
[33.414s] -- Installing: /workspaces/aprs_humble/aprs_ws/install/ur_msgs/include/ur_msgs/ur_msgs/msg/detail/robot_state_rt_msg__struct.h
[33.414s] -- Installing: /workspaces/aprs_humble/aprs_ws/install/ur_msgs/include/ur_msgs/ur_msgs/msg/detail/masterboard_data_msg__type_support.h
[33.414s] -- Installing: /workspaces/aprs_humble/aprs_ws/install/ur_msgs/include/ur_msgs/ur_msgs/msg/tool_data_msg.h
[33.414s] -- Installing: /workspaces/aprs_humble/aprs_ws/install/ur_msgs/include/ur_msgs/ur_msgs/msg/digital.h
[33.414s] -- Installing: /workspaces/aprs_humble/aprs_ws/install/ur_msgs/include/ur_msgs/ur_msgs/msg/robot_mode_data_msg.h
[33.414s] -- Installing: /workspaces/aprs_humble/aprs_ws/install/ur_msgs/include/ur_msgs/ur_msgs/msg/rosidl_generator_c__visibility_control.h
[33.414s] -- Installing: /workspaces/aprs_humble/aprs_ws/install/ur_msgs/include/ur_msgs/ur_msgs/msg/analog.h
[33.414s] -- Installing: /workspaces/aprs_humble/aprs_ws/install/ur_msgs/include/ur_msgs/ur_msgs/msg/robot_state_rt_msg.h
[33.414s] -- Installing: /workspaces/aprs_humble/aprs_ws/install/ur_msgs/include/ur_msgs/ur_msgs/msg/io_states.h
[33.415s] -- Installing: /workspaces/aprs_humble/aprs_ws/install/ur_msgs/include/ur_msgs/ur_msgs/msg/masterboard_data_msg.h
[33.415s] -- Installing: /workspaces/aprs_humble/aprs_ws/install/ur_msgs/share/ur_msgs/environment/library_path.sh
[33.415s] -- Installing: /workspaces/aprs_humble/aprs_ws/install/ur_msgs/share/ur_msgs/environment/library_path.dsv
[33.415s] -- Installing: /workspaces/aprs_humble/aprs_ws/install/ur_msgs/lib/libur_msgs__rosidl_generator_c.so
[33.416s] -- Set runtime path of "/workspaces/aprs_humble/aprs_ws/install/ur_msgs/lib/libur_msgs__rosidl_generator_c.so" to ""
[33.416s] -- Up-to-date: /workspaces/aprs_humble/aprs_ws/install/ur_msgs/include/ur_msgs/ur_msgs
[33.416s] -- Up-to-date: /workspaces/aprs_humble/aprs_ws/install/ur_msgs/include/ur_msgs/ur_msgs/srv
[33.416s] -- Up-to-date: /workspaces/aprs_humble/aprs_ws/install/ur_msgs/include/ur_msgs/ur_msgs/srv/detail
[33.416s] -- Installing: /workspaces/aprs_humble/aprs_ws/install/ur_msgs/include/ur_msgs/ur_msgs/srv/detail/set_speed_slider_fraction__rosidl_typesupport_fastrtps_c.h
[33.416s] -- Installing: /workspaces/aprs_humble/aprs_ws/install/ur_msgs/include/ur_msgs/ur_msgs/srv/detail/set_payload__rosidl_typesupport_fastrtps_c.h
[33.416s] -- Installing: /workspaces/aprs_humble/aprs_ws/install/ur_msgs/include/ur_msgs/ur_msgs/srv/detail/set_io__rosidl_typesupport_fastrtps_c.h
[33.416s] -- Up-to-date: /workspaces/aprs_humble/aprs_ws/install/ur_msgs/include/ur_msgs/ur_msgs/msg
[33.416s] -- Up-to-date: /workspaces/aprs_humble/aprs_ws/install/ur_msgs/include/ur_msgs/ur_msgs/msg/detail
[33.416s] -- Installing: /workspaces/aprs_humble/aprs_ws/install/ur_msgs/include/ur_msgs/ur_msgs/msg/detail/io_states__rosidl_typesupport_fastrtps_c.h
[33.417s] -- Installing: /workspaces/aprs_humble/aprs_ws/install/ur_msgs/include/ur_msgs/ur_msgs/msg/detail/masterboard_data_msg__rosidl_typesupport_fastrtps_c.h
[33.417s] -- Installing: /workspaces/aprs_humble/aprs_ws/install/ur_msgs/include/ur_msgs/ur_msgs/msg/detail/robot_mode_data_msg__rosidl_typesupport_fastrtps_c.h
[33.417s] -- Installing: /workspaces/aprs_humble/aprs_ws/install/ur_msgs/include/ur_msgs/ur_msgs/msg/detail/analog__rosidl_typesupport_fastrtps_c.h
[33.417s] -- Installing: /workspaces/aprs_humble/aprs_ws/install/ur_msgs/include/ur_msgs/ur_msgs/msg/detail/tool_data_msg__rosidl_typesupport_fastrtps_c.h
[33.417s] -- Installing: /workspaces/aprs_humble/aprs_ws/install/ur_msgs/include/ur_msgs/ur_msgs/msg/detail/robot_state_rt_msg__rosidl_typesupport_fastrtps_c.h
[33.417s] -- Installing: /workspaces/aprs_humble/aprs_ws/install/ur_msgs/include/ur_msgs/ur_msgs/msg/detail/digital__rosidl_typesupport_fastrtps_c.h
[33.417s] -- Installing: /workspaces/aprs_humble/aprs_ws/install/ur_msgs/include/ur_msgs/ur_msgs/msg/rosidl_typesupport_fastrtps_c__visibility_control.h
[33.417s] -- Installing: /workspaces/aprs_humble/aprs_ws/install/ur_msgs/lib/libur_msgs__rosidl_typesupport_fastrtps_c.so
[33.417s] -- Set runtime path of "/workspaces/aprs_humble/aprs_ws/install/ur_msgs/lib/libur_msgs__rosidl_typesupport_fastrtps_c.so" to ""
[33.417s] -- Up-to-date: /workspaces/aprs_humble/aprs_ws/install/ur_msgs/include/ur_msgs/ur_msgs
[33.418s] -- Up-to-date: /workspaces/aprs_humble/aprs_ws/install/ur_msgs/include/ur_msgs/ur_msgs/srv
[33.418s] -- Up-to-date: /workspaces/aprs_humble/aprs_ws/install/ur_msgs/include/ur_msgs/ur_msgs/srv/detail
[33.418s] -- Installing: /workspaces/aprs_humble/aprs_ws/install/ur_msgs/include/ur_msgs/ur_msgs/srv/detail/set_io__traits.hpp
[33.418s] -- Installing: /workspaces/aprs_humble/aprs_ws/install/ur_msgs/include/ur_msgs/ur_msgs/srv/detail/set_speed_slider_fraction__builder.hpp
[33.418s] -- Installing: /workspaces/aprs_humble/aprs_ws/install/ur_msgs/include/ur_msgs/ur_msgs/srv/detail/set_io__struct.hpp
[33.418s] -- Installing: /workspaces/aprs_humble/aprs_ws/install/ur_msgs/include/ur_msgs/ur_msgs/srv/detail/set_io__builder.hpp
[33.418s] -- Installing: /workspaces/aprs_humble/aprs_ws/install/ur_msgs/include/ur_msgs/ur_msgs/srv/detail/set_payload__struct.hpp
[33.418s] -- Installing: /workspaces/aprs_humble/aprs_ws/install/ur_msgs/include/ur_msgs/ur_msgs/srv/detail/set_payload__builder.hpp
[33.418s] -- Installing: /workspaces/aprs_humble/aprs_ws/install/ur_msgs/include/ur_msgs/ur_msgs/srv/detail/set_speed_slider_fraction__struct.hpp
[33.418s] -- Installing: /workspaces/aprs_humble/aprs_ws/install/ur_msgs/include/ur_msgs/ur_msgs/srv/detail/set_speed_slider_fraction__traits.hpp
[33.419s] -- Installing: /workspaces/aprs_humble/aprs_ws/install/ur_msgs/include/ur_msgs/ur_msgs/srv/detail/set_payload__traits.hpp
[33.419s] -- Installing: /workspaces/aprs_humble/aprs_ws/install/ur_msgs/include/ur_msgs/ur_msgs/srv/set_payload.hpp
[33.419s] -- Installing: /workspaces/aprs_humble/aprs_ws/install/ur_msgs/include/ur_msgs/ur_msgs/srv/set_io.hpp
[33.419s] -- Installing: /workspaces/aprs_humble/aprs_ws/install/ur_msgs/include/ur_msgs/ur_msgs/srv/set_speed_slider_fraction.hpp
[33.419s] -- Up-to-date: /workspaces/aprs_humble/aprs_ws/install/ur_msgs/include/ur_msgs/ur_msgs/msg
[33.419s] -- Installing: /workspaces/aprs_humble/aprs_ws/install/ur_msgs/include/ur_msgs/ur_msgs/msg/robot_state_rt_msg.hpp
[33.419s] -- Up-to-date: /workspaces/aprs_humble/aprs_ws/install/ur_msgs/include/ur_msgs/ur_msgs/msg/detail
[33.419s] -- Installing: /workspaces/aprs_humble/aprs_ws/install/ur_msgs/include/ur_msgs/ur_msgs/msg/detail/robot_mode_data_msg__builder.hpp
[33.419s] -- Installing: /workspaces/aprs_humble/aprs_ws/install/ur_msgs/include/ur_msgs/ur_msgs/msg/detail/tool_data_msg__struct.hpp
[33.419s] -- Installing: /workspaces/aprs_humble/aprs_ws/install/ur_msgs/include/ur_msgs/ur_msgs/msg/detail/robot_state_rt_msg__struct.hpp
[33.419s] -- Installing: /workspaces/aprs_humble/aprs_ws/install/ur_msgs/include/ur_msgs/ur_msgs/msg/detail/masterboard_data_msg__struct.hpp
[33.420s] -- Installing: /workspaces/aprs_humble/aprs_ws/install/ur_msgs/include/ur_msgs/ur_msgs/msg/detail/analog__traits.hpp
[33.420s] -- Installing: /workspaces/aprs_humble/aprs_ws/install/ur_msgs/include/ur_msgs/ur_msgs/msg/detail/masterboard_data_msg__builder.hpp
[33.420s] -- Installing: /workspaces/aprs_humble/aprs_ws/install/ur_msgs/include/ur_msgs/ur_msgs/msg/detail/tool_data_msg__traits.hpp
[33.420s] -- Installing: /workspaces/aprs_humble/aprs_ws/install/ur_msgs/include/ur_msgs/ur_msgs/msg/detail/robot_mode_data_msg__struct.hpp
[33.420s] -- Installing: /workspaces/aprs_humble/aprs_ws/install/ur_msgs/include/ur_msgs/ur_msgs/msg/detail/io_states__traits.hpp
[33.420s] -- Installing: /workspaces/aprs_humble/aprs_ws/install/ur_msgs/include/ur_msgs/ur_msgs/msg/detail/robot_state_rt_msg__traits.hpp
[33.420s] -- Installing: /workspaces/aprs_humble/aprs_ws/install/ur_msgs/include/ur_msgs/ur_msgs/msg/detail/digital__struct.hpp
[33.420s] -- Installing: /workspaces/aprs_humble/aprs_ws/install/ur_msgs/include/ur_msgs/ur_msgs/msg/detail/analog__struct.hpp
[33.420s] -- Installing: /workspaces/aprs_humble/aprs_ws/install/ur_msgs/include/ur_msgs/ur_msgs/msg/detail/robot_mode_data_msg__traits.hpp
[33.420s] -- Installing: /workspaces/aprs_humble/aprs_ws/install/ur_msgs/include/ur_msgs/ur_msgs/msg/detail/digital__builder.hpp
[33.420s] -- Installing: /workspaces/aprs_humble/aprs_ws/install/ur_msgs/include/ur_msgs/ur_msgs/msg/detail/io_states__struct.hpp
[33.421s] -- Installing: /workspaces/aprs_humble/aprs_ws/install/ur_msgs/include/ur_msgs/ur_msgs/msg/detail/io_states__builder.hpp
[33.421s] -- Installing: /workspaces/aprs_humble/aprs_ws/install/ur_msgs/include/ur_msgs/ur_msgs/msg/detail/masterboard_data_msg__traits.hpp
[33.421s] -- Installing: /workspaces/aprs_humble/aprs_ws/install/ur_msgs/include/ur_msgs/ur_msgs/msg/detail/tool_data_msg__builder.hpp
[33.421s] -- Installing: /workspaces/aprs_humble/aprs_ws/install/ur_msgs/include/ur_msgs/ur_msgs/msg/detail/robot_state_rt_msg__builder.hpp
[33.421s] -- Installing: /workspaces/aprs_humble/aprs_ws/install/ur_msgs/include/ur_msgs/ur_msgs/msg/detail/digital__traits.hpp
[33.421s] -- Installing: /workspaces/aprs_humble/aprs_ws/install/ur_msgs/include/ur_msgs/ur_msgs/msg/detail/analog__builder.hpp
[33.421s] -- Installing: /workspaces/aprs_humble/aprs_ws/install/ur_msgs/include/ur_msgs/ur_msgs/msg/io_states.hpp
[33.421s] -- Installing: /workspaces/aprs_humble/aprs_ws/install/ur_msgs/include/ur_msgs/ur_msgs/msg/tool_data_msg.hpp
[33.421s] -- Installing: /workspaces/aprs_humble/aprs_ws/install/ur_msgs/include/ur_msgs/ur_msgs/msg/digital.hpp
[33.421s] -- Installing: /workspaces/aprs_humble/aprs_ws/install/ur_msgs/include/ur_msgs/ur_msgs/msg/masterboard_data_msg.hpp
[33.421s] -- Installing: /workspaces/aprs_humble/aprs_ws/install/ur_msgs/include/ur_msgs/ur_msgs/msg/robot_mode_data_msg.hpp
[33.422s] -- Installing: /workspaces/aprs_humble/aprs_ws/install/ur_msgs/include/ur_msgs/ur_msgs/msg/analog.hpp
[33.422s] -- Up-to-date: /workspaces/aprs_humble/aprs_ws/install/ur_msgs/include/ur_msgs/ur_msgs
[33.422s] -- Up-to-date: /workspaces/aprs_humble/aprs_ws/install/ur_msgs/include/ur_msgs/ur_msgs/srv
[33.422s] -- Up-to-date: /workspaces/aprs_humble/aprs_ws/install/ur_msgs/include/ur_msgs/ur_msgs/srv/detail
[33.422s] -- Installing: /workspaces/aprs_humble/aprs_ws/install/ur_msgs/include/ur_msgs/ur_msgs/srv/detail/dds_fastrtps
[33.422s] -- Installing: /workspaces/aprs_humble/aprs_ws/install/ur_msgs/include/ur_msgs/ur_msgs/srv/detail/set_speed_slider_fraction__rosidl_typesupport_fastrtps_cpp.hpp
[33.422s] -- Installing: /workspaces/aprs_humble/aprs_ws/install/ur_msgs/include/ur_msgs/ur_msgs/srv/detail/set_payload__rosidl_typesupport_fastrtps_cpp.hpp
[33.422s] -- Installing: /workspaces/aprs_humble/aprs_ws/install/ur_msgs/include/ur_msgs/ur_msgs/srv/detail/set_io__rosidl_typesupport_fastrtps_cpp.hpp
[33.422s] -- Up-to-date: /workspaces/aprs_humble/aprs_ws/install/ur_msgs/include/ur_msgs/ur_msgs/msg
[33.422s] -- Up-to-date: /workspaces/aprs_humble/aprs_ws/install/ur_msgs/include/ur_msgs/ur_msgs/msg/detail
[33.422s] -- Installing: /workspaces/aprs_humble/aprs_ws/install/ur_msgs/include/ur_msgs/ur_msgs/msg/detail/dds_fastrtps
[33.422s] -- Installing: /workspaces/aprs_humble/aprs_ws/install/ur_msgs/include/ur_msgs/ur_msgs/msg/detail/robot_mode_data_msg__rosidl_typesupport_fastrtps_cpp.hpp
[33.422s] -- Installing: /workspaces/aprs_humble/aprs_ws/install/ur_msgs/include/ur_msgs/ur_msgs/msg/detail/io_states__rosidl_typesupport_fastrtps_cpp.hpp
[33.423s] -- Installing: /workspaces/aprs_humble/aprs_ws/install/ur_msgs/include/ur_msgs/ur_msgs/msg/detail/digital__rosidl_typesupport_fastrtps_cpp.hpp
[33.423s] -- Installing: /workspaces/aprs_humble/aprs_ws/install/ur_msgs/include/ur_msgs/ur_msgs/msg/detail/robot_state_rt_msg__rosidl_typesupport_fastrtps_cpp.hpp
[33.423s] -- Installing: /workspaces/aprs_humble/aprs_ws/install/ur_msgs/include/ur_msgs/ur_msgs/msg/detail/masterboard_data_msg__rosidl_typesupport_fastrtps_cpp.hpp
[33.423s] -- Installing: /workspaces/aprs_humble/aprs_ws/install/ur_msgs/include/ur_msgs/ur_msgs/msg/detail/tool_data_msg__rosidl_typesupport_fastrtps_cpp.hpp
[33.423s] -- Installing: /workspaces/aprs_humble/aprs_ws/install/ur_msgs/include/ur_msgs/ur_msgs/msg/detail/analog__rosidl_typesupport_fastrtps_cpp.hpp
[33.423s] -- Installing: /workspaces/aprs_humble/aprs_ws/install/ur_msgs/include/ur_msgs/ur_msgs/msg/rosidl_typesupport_fastrtps_cpp__visibility_control.h
[33.423s] -- Installing: /workspaces/aprs_humble/aprs_ws/install/ur_msgs/lib/libur_msgs__rosidl_typesupport_fastrtps_cpp.so
[33.423s] -- Set runtime path of "/workspaces/aprs_humble/aprs_ws/install/ur_msgs/lib/libur_msgs__rosidl_typesupport_fastrtps_cpp.so" to ""
[33.423s] -- Up-to-date: /workspaces/aprs_humble/aprs_ws/install/ur_msgs/include/ur_msgs/ur_msgs
[33.423s] -- Up-to-date: /workspaces/aprs_humble/aprs_ws/install/ur_msgs/include/ur_msgs/ur_msgs/srv
[33.423s] -- Up-to-date: /workspaces/aprs_humble/aprs_ws/install/ur_msgs/include/ur_msgs/ur_msgs/srv/detail
[33.424s] -- Installing: /workspaces/aprs_humble/aprs_ws/install/ur_msgs/include/ur_msgs/ur_msgs/srv/detail/set_io__type_support.c
[33.424s] -- Installing: /workspaces/aprs_humble/aprs_ws/install/ur_msgs/include/ur_msgs/ur_msgs/srv/detail/set_payload__type_support.c
[33.424s] -- Installing: /workspaces/aprs_humble/aprs_ws/install/ur_msgs/include/ur_msgs/ur_msgs/srv/detail/set_io__rosidl_typesupport_introspection_c.h
[33.424s] -- Installing: /workspaces/aprs_humble/aprs_ws/install/ur_msgs/include/ur_msgs/ur_msgs/srv/detail/set_speed_slider_fraction__type_support.c
[33.424s] -- Installing: /workspaces/aprs_humble/aprs_ws/install/ur_msgs/include/ur_msgs/ur_msgs/srv/detail/set_speed_slider_fraction__rosidl_typesupport_introspection_c.h
[33.424s] -- Installing: /workspaces/aprs_humble/aprs_ws/install/ur_msgs/include/ur_msgs/ur_msgs/srv/detail/set_payload__rosidl_typesupport_introspection_c.h
[33.424s] -- Up-to-date: /workspaces/aprs_humble/aprs_ws/install/ur_msgs/include/ur_msgs/ur_msgs/msg
[33.424s] -- Installing: /workspaces/aprs_humble/aprs_ws/install/ur_msgs/include/ur_msgs/ur_msgs/msg/rosidl_typesupport_introspection_c__visibility_control.h
[33.424s] -- Up-to-date: /workspaces/aprs_humble/aprs_ws/install/ur_msgs/include/ur_msgs/ur_msgs/msg/detail
[33.424s] -- Installing: /workspaces/aprs_humble/aprs_ws/install/ur_msgs/include/ur_msgs/ur_msgs/msg/detail/io_states__rosidl_typesupport_introspection_c.h
[33.424s] -- Installing: /workspaces/aprs_humble/aprs_ws/install/ur_msgs/include/ur_msgs/ur_msgs/msg/detail/analog__rosidl_typesupport_introspection_c.h
[33.425s] -- Installing: /workspaces/aprs_humble/aprs_ws/install/ur_msgs/include/ur_msgs/ur_msgs/msg/detail/tool_data_msg__type_support.c
[33.425s] -- Installing: /workspaces/aprs_humble/aprs_ws/install/ur_msgs/include/ur_msgs/ur_msgs/msg/detail/masterboard_data_msg__type_support.c
[33.425s] -- Installing: /workspaces/aprs_humble/aprs_ws/install/ur_msgs/include/ur_msgs/ur_msgs/msg/detail/digital__type_support.c
[33.425s] -- Installing: /workspaces/aprs_humble/aprs_ws/install/ur_msgs/include/ur_msgs/ur_msgs/msg/detail/digital__rosidl_typesupport_introspection_c.h
[33.425s] -- Installing: /workspaces/aprs_humble/aprs_ws/install/ur_msgs/include/ur_msgs/ur_msgs/msg/detail/analog__type_support.c
[33.425s] -- Installing: /workspaces/aprs_humble/aprs_ws/install/ur_msgs/include/ur_msgs/ur_msgs/msg/detail/robot_state_rt_msg__type_support.c
[33.425s] -- Installing: /workspaces/aprs_humble/aprs_ws/install/ur_msgs/include/ur_msgs/ur_msgs/msg/detail/tool_data_msg__rosidl_typesupport_introspection_c.h
[33.425s] -- Installing: /workspaces/aprs_humble/aprs_ws/install/ur_msgs/include/ur_msgs/ur_msgs/msg/detail/robot_mode_data_msg__rosidl_typesupport_introspection_c.h
[33.425s] -- Installing: /workspaces/aprs_humble/aprs_ws/install/ur_msgs/include/ur_msgs/ur_msgs/msg/detail/robot_state_rt_msg__rosidl_typesupport_introspection_c.h
[33.425s] -- Installing: /workspaces/aprs_humble/aprs_ws/install/ur_msgs/include/ur_msgs/ur_msgs/msg/detail/robot_mode_data_msg__type_support.c
[33.425s] -- Installing: /workspaces/aprs_humble/aprs_ws/install/ur_msgs/include/ur_msgs/ur_msgs/msg/detail/masterboard_data_msg__rosidl_typesupport_introspection_c.h
[33.426s] -- Installing: /workspaces/aprs_humble/aprs_ws/install/ur_msgs/include/ur_msgs/ur_msgs/msg/detail/io_states__type_support.c
[33.426s] -- Installing: /workspaces/aprs_humble/aprs_ws/install/ur_msgs/lib/libur_msgs__rosidl_typesupport_introspection_c.so
[33.426s] -- Set runtime path of "/workspaces/aprs_humble/aprs_ws/install/ur_msgs/lib/libur_msgs__rosidl_typesupport_introspection_c.so" to ""
[33.426s] -- Installing: /workspaces/aprs_humble/aprs_ws/install/ur_msgs/lib/libur_msgs__rosidl_typesupport_c.so
[33.426s] -- Set runtime path of "/workspaces/aprs_humble/aprs_ws/install/ur_msgs/lib/libur_msgs__rosidl_typesupport_c.so" to ""
[33.426s] -- Up-to-date: /workspaces/aprs_humble/aprs_ws/install/ur_msgs/include/ur_msgs/ur_msgs
[33.426s] -- Up-to-date: /workspaces/aprs_humble/aprs_ws/install/ur_msgs/include/ur_msgs/ur_msgs/srv
[33.426s] -- Up-to-date: /workspaces/aprs_humble/aprs_ws/install/ur_msgs/include/ur_msgs/ur_msgs/srv/detail
[33.426s] -- Installing: /workspaces/aprs_humble/aprs_ws/install/ur_msgs/include/ur_msgs/ur_msgs/srv/detail/set_speed_slider_fraction__type_support.cpp
[33.427s] -- Installing: /workspaces/aprs_humble/aprs_ws/install/ur_msgs/include/ur_msgs/ur_msgs/srv/detail/set_speed_slider_fraction__rosidl_typesupport_introspection_cpp.hpp
[33.427s] -- Installing: /workspaces/aprs_humble/aprs_ws/install/ur_msgs/include/ur_msgs/ur_msgs/srv/detail/set_payload__rosidl_typesupport_introspection_cpp.hpp
[33.427s] -- Installing: /workspaces/aprs_humble/aprs_ws/install/ur_msgs/include/ur_msgs/ur_msgs/srv/detail/set_io__rosidl_typesupport_introspection_cpp.hpp
[33.427s] -- Installing: /workspaces/aprs_humble/aprs_ws/install/ur_msgs/include/ur_msgs/ur_msgs/srv/detail/set_io__type_support.cpp
[33.427s] -- Installing: /workspaces/aprs_humble/aprs_ws/install/ur_msgs/include/ur_msgs/ur_msgs/srv/detail/set_payload__type_support.cpp
[33.427s] -- Up-to-date: /workspaces/aprs_humble/aprs_ws/install/ur_msgs/include/ur_msgs/ur_msgs/msg
[33.427s] -- Up-to-date: /workspaces/aprs_humble/aprs_ws/install/ur_msgs/include/ur_msgs/ur_msgs/msg/detail
[33.427s] -- Installing: /workspaces/aprs_humble/aprs_ws/install/ur_msgs/include/ur_msgs/ur_msgs/msg/detail/digital__rosidl_typesupport_introspection_cpp.hpp
[33.427s] -- Installing: /workspaces/aprs_humble/aprs_ws/install/ur_msgs/include/ur_msgs/ur_msgs/msg/detail/masterboard_data_msg__rosidl_typesupport_introspection_cpp.hpp
[33.427s] -- Installing: /workspaces/aprs_humble/aprs_ws/install/ur_msgs/include/ur_msgs/ur_msgs/msg/detail/digital__type_support.cpp
[33.428s] -- Installing: /workspaces/aprs_humble/aprs_ws/install/ur_msgs/include/ur_msgs/ur_msgs/msg/detail/io_states__rosidl_typesupport_introspection_cpp.hpp
[33.428s] -- Installing: /workspaces/aprs_humble/aprs_ws/install/ur_msgs/include/ur_msgs/ur_msgs/msg/detail/masterboard_data_msg__type_support.cpp
[33.428s] -- Installing: /workspaces/aprs_humble/aprs_ws/install/ur_msgs/include/ur_msgs/ur_msgs/msg/detail/analog__type_support.cpp
[33.428s] -- Installing: /workspaces/aprs_humble/aprs_ws/install/ur_msgs/include/ur_msgs/ur_msgs/msg/detail/robot_state_rt_msg__type_support.cpp
[33.428s] -- Installing: /workspaces/aprs_humble/aprs_ws/install/ur_msgs/include/ur_msgs/ur_msgs/msg/detail/analog__rosidl_typesupport_introspection_cpp.hpp
[33.428s] -- Installing: /workspaces/aprs_humble/aprs_ws/install/ur_msgs/include/ur_msgs/ur_msgs/msg/detail/robot_mode_data_msg__rosidl_typesupport_introspection_cpp.hpp
[33.428s] -- Installing: /workspaces/aprs_humble/aprs_ws/install/ur_msgs/include/ur_msgs/ur_msgs/msg/detail/tool_data_msg__type_support.cpp
[33.428s] -- Installing: /workspaces/aprs_humble/aprs_ws/install/ur_msgs/include/ur_msgs/ur_msgs/msg/detail/tool_data_msg__rosidl_typesupport_introspection_cpp.hpp
[33.428s] -- Installing: /workspaces/aprs_humble/aprs_ws/install/ur_msgs/include/ur_msgs/ur_msgs/msg/detail/io_states__type_support.cpp
[33.429s] -- Installing: /workspaces/aprs_humble/aprs_ws/install/ur_msgs/include/ur_msgs/ur_msgs/msg/detail/robot_mode_data_msg__type_support.cpp
[33.429s] -- Installing: /workspaces/aprs_humble/aprs_ws/install/ur_msgs/include/ur_msgs/ur_msgs/msg/detail/robot_state_rt_msg__rosidl_typesupport_introspection_cpp.hpp
[33.429s] -- Installing: /workspaces/aprs_humble/aprs_ws/install/ur_msgs/lib/libur_msgs__rosidl_typesupport_introspection_cpp.so
[33.429s] -- Set runtime path of "/workspaces/aprs_humble/aprs_ws/install/ur_msgs/lib/libur_msgs__rosidl_typesupport_introspection_cpp.so" to ""
[33.429s] -- Installing: /workspaces/aprs_humble/aprs_ws/install/ur_msgs/lib/libur_msgs__rosidl_typesupport_cpp.so
[33.430s] -- Set runtime path of "/workspaces/aprs_humble/aprs_ws/install/ur_msgs/lib/libur_msgs__rosidl_typesupport_cpp.so" to ""
[33.430s] -- Installing: /workspaces/aprs_humble/aprs_ws/install/ur_msgs/share/ur_msgs/environment/pythonpath.sh
[33.430s] -- Installing: /workspaces/aprs_humble/aprs_ws/install/ur_msgs/share/ur_msgs/environment/pythonpath.dsv
[33.430s] -- Installing: /workspaces/aprs_humble/aprs_ws/install/ur_msgs/local/lib/python3.10/dist-packages/ur_msgs-2.0.0-py3.10.egg-info
[33.430s] -- Installing: /workspaces/aprs_humble/aprs_ws/install/ur_msgs/local/lib/python3.10/dist-packages/ur_msgs-2.0.0-py3.10.egg-info/dependency_links.txt
[33.430s] -- Installing: /workspaces/aprs_humble/aprs_ws/install/ur_msgs/local/lib/python3.10/dist-packages/ur_msgs-2.0.0-py3.10.egg-info/top_level.txt
[33.431s] -- Installing: /workspaces/aprs_humble/aprs_ws/install/ur_msgs/local/lib/python3.10/dist-packages/ur_msgs-2.0.0-py3.10.egg-info/PKG-INFO
[33.431s] -- Installing: /workspaces/aprs_humble/aprs_ws/install/ur_msgs/local/lib/python3.10/dist-packages/ur_msgs-2.0.0-py3.10.egg-info/SOURCES.txt
[33.431s] -- Installing: /workspaces/aprs_humble/aprs_ws/install/ur_msgs/local/lib/python3.10/dist-packages/ur_msgs
[33.431s] -- Installing: /workspaces/aprs_humble/aprs_ws/install/ur_msgs/local/lib/python3.10/dist-packages/ur_msgs/srv
[33.431s] -- Installing: /workspaces/aprs_humble/aprs_ws/install/ur_msgs/local/lib/python3.10/dist-packages/ur_msgs/srv/_set_io.py
[33.431s] -- Installing: /workspaces/aprs_humble/aprs_ws/install/ur_msgs/local/lib/python3.10/dist-packages/ur_msgs/srv/_set_speed_slider_fraction.py
[33.431s] -- Installing: /workspaces/aprs_humble/aprs_ws/install/ur_msgs/local/lib/python3.10/dist-packages/ur_msgs/srv/_set_payload_s.c
[33.431s] -- Installing: /workspaces/aprs_humble/aprs_ws/install/ur_msgs/local/lib/python3.10/dist-packages/ur_msgs/srv/_set_speed_slider_fraction_s.c
[33.432s] -- Installing: /workspaces/aprs_humble/aprs_ws/install/ur_msgs/local/lib/python3.10/dist-packages/ur_msgs/srv/_set_io_s.c
[33.432s] -- Installing: /workspaces/aprs_humble/aprs_ws/install/ur_msgs/local/lib/python3.10/dist-packages/ur_msgs/srv/__init__.py
[33.432s] -- Installing: /workspaces/aprs_humble/aprs_ws/install/ur_msgs/local/lib/python3.10/dist-packages/ur_msgs/srv/_set_payload.py
[33.432s] -- Installing: /workspaces/aprs_humble/aprs_ws/install/ur_msgs/local/lib/python3.10/dist-packages/ur_msgs/ur_msgs_s__rosidl_typesupport_fastrtps_c.cpython-310-x86_64-linux-gnu.so
[33.432s] -- Installing: /workspaces/aprs_humble/aprs_ws/install/ur_msgs/local/lib/python3.10/dist-packages/ur_msgs/_ur_msgs_s.ep.rosidl_typesupport_introspection_c.c
[33.432s] -- Installing: /workspaces/aprs_humble/aprs_ws/install/ur_msgs/local/lib/python3.10/dist-packages/ur_msgs/_ur_msgs_s.ep.rosidl_typesupport_fastrtps_c.c
[33.432s] -- Installing: /workspaces/aprs_humble/aprs_ws/install/ur_msgs/local/lib/python3.10/dist-packages/ur_msgs/_ur_msgs_s.ep.rosidl_typesupport_c.c
[33.432s] -- Installing: /workspaces/aprs_humble/aprs_ws/install/ur_msgs/local/lib/python3.10/dist-packages/ur_msgs/ur_msgs_s__rosidl_typesupport_introspection_c.cpython-310-x86_64-linux-gnu.so
[33.432s] -- Installing: /workspaces/aprs_humble/aprs_ws/install/ur_msgs/local/lib/python3.10/dist-packages/ur_msgs/ur_msgs_s__rosidl_typesupport_c.cpython-310-x86_64-linux-gnu.so
[33.433s] -- Installing: /workspaces/aprs_humble/aprs_ws/install/ur_msgs/local/lib/python3.10/dist-packages/ur_msgs/libur_msgs__rosidl_generator_py.so
[33.433s] -- Installing: /workspaces/aprs_humble/aprs_ws/install/ur_msgs/local/lib/python3.10/dist-packages/ur_msgs/__init__.py
[33.433s] -- Installing: /workspaces/aprs_humble/aprs_ws/install/ur_msgs/local/lib/python3.10/dist-packages/ur_msgs/msg
[33.433s] -- Installing: /workspaces/aprs_humble/aprs_ws/install/ur_msgs/local/lib/python3.10/dist-packages/ur_msgs/msg/_tool_data_msg_s.c
[33.433s] -- Installing: /workspaces/aprs_humble/aprs_ws/install/ur_msgs/local/lib/python3.10/dist-packages/ur_msgs/msg/_io_states.py
[33.433s] -- Installing: /workspaces/aprs_humble/aprs_ws/install/ur_msgs/local/lib/python3.10/dist-packages/ur_msgs/msg/_digital_s.c
[33.433s] -- Installing: /workspaces/aprs_humble/aprs_ws/install/ur_msgs/local/lib/python3.10/dist-packages/ur_msgs/msg/_robot_mode_data_msg_s.c
[33.433s] -- Installing: /workspaces/aprs_humble/aprs_ws/install/ur_msgs/local/lib/python3.10/dist-packages/ur_msgs/msg/_analog.py
[33.434s] -- Installing: /workspaces/aprs_humble/aprs_ws/install/ur_msgs/local/lib/python3.10/dist-packages/ur_msgs/msg/_masterboard_data_msg_s.c
[33.434s] -- Installing: /workspaces/aprs_humble/aprs_ws/install/ur_msgs/local/lib/python3.10/dist-packages/ur_msgs/msg/_io_states_s.c
[33.434s] -- Installing: /workspaces/aprs_humble/aprs_ws/install/ur_msgs/local/lib/python3.10/dist-packages/ur_msgs/msg/_masterboard_data_msg.py
[33.434s] -- Installing: /workspaces/aprs_humble/aprs_ws/install/ur_msgs/local/lib/python3.10/dist-packages/ur_msgs/msg/_tool_data_msg.py
[33.434s] -- Installing: /workspaces/aprs_humble/aprs_ws/install/ur_msgs/local/lib/python3.10/dist-packages/ur_msgs/msg/_robot_mode_data_msg.py
[33.434s] -- Installing: /workspaces/aprs_humble/aprs_ws/install/ur_msgs/local/lib/python3.10/dist-packages/ur_msgs/msg/_analog_s.c
[33.434s] -- Installing: /workspaces/aprs_humble/aprs_ws/install/ur_msgs/local/lib/python3.10/dist-packages/ur_msgs/msg/_digital.py
[33.434s] -- Installing: /workspaces/aprs_humble/aprs_ws/install/ur_msgs/local/lib/python3.10/dist-packages/ur_msgs/msg/_robot_state_rt_msg_s.c
[33.435s] -- Installing: /workspaces/aprs_humble/aprs_ws/install/ur_msgs/local/lib/python3.10/dist-packages/ur_msgs/msg/__init__.py
[33.435s] -- Installing: /workspaces/aprs_humble/aprs_ws/install/ur_msgs/local/lib/python3.10/dist-packages/ur_msgs/msg/_robot_state_rt_msg.py
[33.488s] Listing '/workspaces/aprs_humble/aprs_ws/install/ur_msgs/local/lib/python3.10/dist-packages/ur_msgs'...
[33.488s] Compiling '/workspaces/aprs_humble/aprs_ws/install/ur_msgs/local/lib/python3.10/dist-packages/ur_msgs/__init__.py'...
[33.488s] Listing '/workspaces/aprs_humble/aprs_ws/install/ur_msgs/local/lib/python3.10/dist-packages/ur_msgs/msg'...
[33.488s] Compiling '/workspaces/aprs_humble/aprs_ws/install/ur_msgs/local/lib/python3.10/dist-packages/ur_msgs/msg/__init__.py'...
[33.488s] Compiling '/workspaces/aprs_humble/aprs_ws/install/ur_msgs/local/lib/python3.10/dist-packages/ur_msgs/msg/_analog.py'...
[33.488s] Compiling '/workspaces/aprs_humble/aprs_ws/install/ur_msgs/local/lib/python3.10/dist-packages/ur_msgs/msg/_digital.py'...
[33.488s] Compiling '/workspaces/aprs_humble/aprs_ws/install/ur_msgs/local/lib/python3.10/dist-packages/ur_msgs/msg/_io_states.py'...
[33.488s] Compiling '/workspaces/aprs_humble/aprs_ws/install/ur_msgs/local/lib/python3.10/dist-packages/ur_msgs/msg/_masterboard_data_msg.py'...
[33.488s] Compiling '/workspaces/aprs_humble/aprs_ws/install/ur_msgs/local/lib/python3.10/dist-packages/ur_msgs/msg/_robot_mode_data_msg.py'...
[33.488s] Compiling '/workspaces/aprs_humble/aprs_ws/install/ur_msgs/local/lib/python3.10/dist-packages/ur_msgs/msg/_robot_state_rt_msg.py'...
[33.488s] Compiling '/workspaces/aprs_humble/aprs_ws/install/ur_msgs/local/lib/python3.10/dist-packages/ur_msgs/msg/_tool_data_msg.py'...
[33.489s] Listing '/workspaces/aprs_humble/aprs_ws/install/ur_msgs/local/lib/python3.10/dist-packages/ur_msgs/srv'...
[33.489s] Compiling '/workspaces/aprs_humble/aprs_ws/install/ur_msgs/local/lib/python3.10/dist-packages/ur_msgs/srv/__init__.py'...
[33.489s] Compiling '/workspaces/aprs_humble/aprs_ws/install/ur_msgs/local/lib/python3.10/dist-packages/ur_msgs/srv/_set_io.py'...
[33.489s] Compiling '/workspaces/aprs_humble/aprs_ws/install/ur_msgs/local/lib/python3.10/dist-packages/ur_msgs/srv/_set_payload.py'...
[33.489s] Compiling '/workspaces/aprs_humble/aprs_ws/install/ur_msgs/local/lib/python3.10/dist-packages/ur_msgs/srv/_set_speed_slider_fraction.py'...
[33.494s] -- Installing: /workspaces/aprs_humble/aprs_ws/install/ur_msgs/local/lib/python3.10/dist-packages/ur_msgs/ur_msgs_s__rosidl_typesupport_fastrtps_c.cpython-310-x86_64-linux-gnu.so
[33.494s] -- Set runtime path of "/workspaces/aprs_humble/aprs_ws/install/ur_msgs/local/lib/python3.10/dist-packages/ur_msgs/ur_msgs_s__rosidl_typesupport_fastrtps_c.cpython-310-x86_64-linux-gnu.so" to ""
[33.495s] -- Installing: /workspaces/aprs_humble/aprs_ws/install/ur_msgs/local/lib/python3.10/dist-packages/ur_msgs/ur_msgs_s__rosidl_typesupport_introspection_c.cpython-310-x86_64-linux-gnu.so
[33.495s] -- Set runtime path of "/workspaces/aprs_humble/aprs_ws/install/ur_msgs/local/lib/python3.10/dist-packages/ur_msgs/ur_msgs_s__rosidl_typesupport_introspection_c.cpython-310-x86_64-linux-gnu.so" to ""
[33.495s] -- Installing: /workspaces/aprs_humble/aprs_ws/install/ur_msgs/local/lib/python3.10/dist-packages/ur_msgs/ur_msgs_s__rosidl_typesupport_c.cpython-310-x86_64-linux-gnu.so
[33.496s] -- Set runtime path of "/workspaces/aprs_humble/aprs_ws/install/ur_msgs/local/lib/python3.10/dist-packages/ur_msgs/ur_msgs_s__rosidl_typesupport_c.cpython-310-x86_64-linux-gnu.so" to ""
[33.496s] -- Installing: /workspaces/aprs_humble/aprs_ws/install/ur_msgs/lib/libur_msgs__rosidl_generator_py.so
[33.496s] -- Set runtime path of "/workspaces/aprs_humble/aprs_ws/install/ur_msgs/lib/libur_msgs__rosidl_generator_py.so" to ""
[33.496s] -- Installing: /workspaces/aprs_humble/aprs_ws/install/ur_msgs/share/ur_msgs/msg/Analog.idl
[33.497s] -- Installing: /workspaces/aprs_humble/aprs_ws/install/ur_msgs/share/ur_msgs/msg/Digital.idl
[33.497s] -- Installing: /workspaces/aprs_humble/aprs_ws/install/ur_msgs/share/ur_msgs/msg/IOStates.idl
[33.497s] -- Installing: /workspaces/aprs_humble/aprs_ws/install/ur_msgs/share/ur_msgs/msg/RobotStateRTMsg.idl
[33.497s] -- Installing: /workspaces/aprs_humble/aprs_ws/install/ur_msgs/share/ur_msgs/msg/MasterboardDataMsg.idl
[33.497s] -- Installing: /workspaces/aprs_humble/aprs_ws/install/ur_msgs/share/ur_msgs/msg/RobotModeDataMsg.idl
[33.497s] -- Installing: /workspaces/aprs_humble/aprs_ws/install/ur_msgs/share/ur_msgs/msg/ToolDataMsg.idl
[33.498s] -- Installing: /workspaces/aprs_humble/aprs_ws/install/ur_msgs/share/ur_msgs/srv/SetPayload.idl
[33.498s] -- Installing: /workspaces/aprs_humble/aprs_ws/install/ur_msgs/share/ur_msgs/srv/SetSpeedSliderFraction.idl
[33.498s] -- Installing: /workspaces/aprs_humble/aprs_ws/install/ur_msgs/share/ur_msgs/srv/SetIO.idl
[33.498s] -- Installing: /workspaces/aprs_humble/aprs_ws/install/ur_msgs/share/ur_msgs/msg/Analog.msg
[33.498s] -- Installing: /workspaces/aprs_humble/aprs_ws/install/ur_msgs/share/ur_msgs/msg/Digital.msg
[33.498s] -- Installing: /workspaces/aprs_humble/aprs_ws/install/ur_msgs/share/ur_msgs/msg/IOStates.msg
[33.498s] -- Installing: /workspaces/aprs_humble/aprs_ws/install/ur_msgs/share/ur_msgs/msg/RobotStateRTMsg.msg
[33.499s] -- Installing: /workspaces/aprs_humble/aprs_ws/install/ur_msgs/share/ur_msgs/msg/MasterboardDataMsg.msg
[33.499s] -- Installing: /workspaces/aprs_humble/aprs_ws/install/ur_msgs/share/ur_msgs/msg/RobotModeDataMsg.msg
[33.499s] -- Installing: /workspaces/aprs_humble/aprs_ws/install/ur_msgs/share/ur_msgs/msg/ToolDataMsg.msg
[33.499s] -- Installing: /workspaces/aprs_humble/aprs_ws/install/ur_msgs/share/ur_msgs/srv/SetPayload.srv
[33.499s] -- Installing: /workspaces/aprs_humble/aprs_ws/install/ur_msgs/share/ur_msgs/srv/SetPayload_Request.msg
[33.499s] -- Installing: /workspaces/aprs_humble/aprs_ws/install/ur_msgs/share/ur_msgs/srv/SetPayload_Response.msg
[33.499s] -- Installing: /workspaces/aprs_humble/aprs_ws/install/ur_msgs/share/ur_msgs/srv/SetSpeedSliderFraction.srv
[33.500s] -- Installing: /workspaces/aprs_humble/aprs_ws/install/ur_msgs/share/ur_msgs/srv/SetSpeedSliderFraction_Request.msg
[33.500s] -- Installing: /workspaces/aprs_humble/aprs_ws/install/ur_msgs/share/ur_msgs/srv/SetSpeedSliderFraction_Response.msg
[33.500s] -- Installing: /workspaces/aprs_humble/aprs_ws/install/ur_msgs/share/ur_msgs/srv/SetIO.srv
[33.500s] -- Installing: /workspaces/aprs_humble/aprs_ws/install/ur_msgs/share/ur_msgs/srv/SetIO_Request.msg
[33.500s] -- Installing: /workspaces/aprs_humble/aprs_ws/install/ur_msgs/share/ur_msgs/srv/SetIO_Response.msg
[33.500s] -- Installing: /workspaces/aprs_humble/aprs_ws/install/ur_msgs/share/ament_index/resource_index/package_run_dependencies/ur_msgs
[33.501s] -- Installing: /workspaces/aprs_humble/aprs_ws/install/ur_msgs/share/ament_index/resource_index/parent_prefix_path/ur_msgs
[33.501s] -- Installing: /workspaces/aprs_humble/aprs_ws/install/ur_msgs/share/ur_msgs/environment/ament_prefix_path.sh
[33.501s] -- Installing: /workspaces/aprs_humble/aprs_ws/install/ur_msgs/share/ur_msgs/environment/ament_prefix_path.dsv
[33.501s] -- Installing: /workspaces/aprs_humble/aprs_ws/install/ur_msgs/share/ur_msgs/environment/path.sh
[33.501s] -- Installing: /workspaces/aprs_humble/aprs_ws/install/ur_msgs/share/ur_msgs/environment/path.dsv
[33.501s] -- Installing: /workspaces/aprs_humble/aprs_ws/install/ur_msgs/share/ur_msgs/local_setup.bash
[33.502s] -- Installing: /workspaces/aprs_humble/aprs_ws/install/ur_msgs/share/ur_msgs/local_setup.sh
[33.502s] -- Installing: /workspaces/aprs_humble/aprs_ws/install/ur_msgs/share/ur_msgs/local_setup.zsh
[33.502s] -- Installing: /workspaces/aprs_humble/aprs_ws/install/ur_msgs/share/ur_msgs/local_setup.dsv
[33.502s] -- Installing: /workspaces/aprs_humble/aprs_ws/install/ur_msgs/share/ur_msgs/package.dsv
[33.502s] -- Installing: /workspaces/aprs_humble/aprs_ws/install/ur_msgs/share/ament_index/resource_index/packages/ur_msgs
[33.503s] -- Installing: /workspaces/aprs_humble/aprs_ws/install/ur_msgs/share/ur_msgs/cmake/export_ur_msgs__rosidl_generator_cExport.cmake
[33.503s] -- Installing: /workspaces/aprs_humble/aprs_ws/install/ur_msgs/share/ur_msgs/cmake/export_ur_msgs__rosidl_generator_cExport-noconfig.cmake
[33.503s] -- Installing: /workspaces/aprs_humble/aprs_ws/install/ur_msgs/share/ur_msgs/cmake/export_ur_msgs__rosidl_typesupport_fastrtps_cExport.cmake
[33.503s] -- Installing: /workspaces/aprs_humble/aprs_ws/install/ur_msgs/share/ur_msgs/cmake/export_ur_msgs__rosidl_typesupport_fastrtps_cExport-noconfig.cmake
[33.503s] -- Installing: /workspaces/aprs_humble/aprs_ws/install/ur_msgs/share/ur_msgs/cmake/export_ur_msgs__rosidl_generator_cppExport.cmake
[33.503s] -- Installing: /workspaces/aprs_humble/aprs_ws/install/ur_msgs/share/ur_msgs/cmake/export_ur_msgs__rosidl_typesupport_fastrtps_cppExport.cmake
[33.504s] -- Installing: /workspaces/aprs_humble/aprs_ws/install/ur_msgs/share/ur_msgs/cmake/export_ur_msgs__rosidl_typesupport_fastrtps_cppExport-noconfig.cmake
[33.504s] -- Installing: /workspaces/aprs_humble/aprs_ws/install/ur_msgs/share/ur_msgs/cmake/ur_msgs__rosidl_typesupport_introspection_cExport.cmake
[33.504s] -- Installing: /workspaces/aprs_humble/aprs_ws/install/ur_msgs/share/ur_msgs/cmake/ur_msgs__rosidl_typesupport_introspection_cExport-noconfig.cmake
[33.504s] -- Installing: /workspaces/aprs_humble/aprs_ws/install/ur_msgs/share/ur_msgs/cmake/ur_msgs__rosidl_typesupport_cExport.cmake
[33.504s] -- Installing: /workspaces/aprs_humble/aprs_ws/install/ur_msgs/share/ur_msgs/cmake/ur_msgs__rosidl_typesupport_cExport-noconfig.cmake
[33.504s] -- Installing: /workspaces/aprs_humble/aprs_ws/install/ur_msgs/share/ur_msgs/cmake/ur_msgs__rosidl_typesupport_introspection_cppExport.cmake
[33.505s] -- Installing: /workspaces/aprs_humble/aprs_ws/install/ur_msgs/share/ur_msgs/cmake/ur_msgs__rosidl_typesupport_introspection_cppExport-noconfig.cmake
[33.505s] -- Installing: /workspaces/aprs_humble/aprs_ws/install/ur_msgs/share/ur_msgs/cmake/ur_msgs__rosidl_typesupport_cppExport.cmake
[33.505s] -- Installing: /workspaces/aprs_humble/aprs_ws/install/ur_msgs/share/ur_msgs/cmake/ur_msgs__rosidl_typesupport_cppExport-noconfig.cmake
[33.505s] -- Installing: /workspaces/aprs_humble/aprs_ws/install/ur_msgs/share/ur_msgs/cmake/export_ur_msgs__rosidl_generator_pyExport.cmake
[33.505s] -- Installing: /workspaces/aprs_humble/aprs_ws/install/ur_msgs/share/ur_msgs/cmake/export_ur_msgs__rosidl_generator_pyExport-noconfig.cmake
[33.506s] -- Installing: /workspaces/aprs_humble/aprs_ws/install/ur_msgs/share/ur_msgs/cmake/rosidl_cmake-extras.cmake
[33.506s] -- Installing: /workspaces/aprs_humble/aprs_ws/install/ur_msgs/share/ur_msgs/cmake/ament_cmake_export_dependencies-extras.cmake
[33.506s] -- Installing: /workspaces/aprs_humble/aprs_ws/install/ur_msgs/share/ur_msgs/cmake/ament_cmake_export_include_directories-extras.cmake
[33.506s] -- Installing: /workspaces/aprs_humble/aprs_ws/install/ur_msgs/share/ur_msgs/cmake/ament_cmake_export_libraries-extras.cmake
[33.506s] -- Installing: /workspaces/aprs_humble/aprs_ws/install/ur_msgs/share/ur_msgs/cmake/ament_cmake_export_targets-extras.cmake
[33.506s] -- Installing: /workspaces/aprs_humble/aprs_ws/install/ur_msgs/share/ur_msgs/cmake/rosidl_cmake_export_typesupport_targets-extras.cmake
[33.507s] -- Installing: /workspaces/aprs_humble/aprs_ws/install/ur_msgs/share/ur_msgs/cmake/rosidl_cmake_export_typesupport_libraries-extras.cmake
[33.507s] -- Installing: /workspaces/aprs_humble/aprs_ws/install/ur_msgs/share/ur_msgs/cmake/ur_msgsConfig.cmake
[33.507s] -- Installing: /workspaces/aprs_humble/aprs_ws/install/ur_msgs/share/ur_msgs/cmake/ur_msgsConfig-version.cmake
[33.507s] -- Installing: /workspaces/aprs_humble/aprs_ws/install/ur_msgs/share/ur_msgs/package.xml
[33.513s] Invoked command in '/workspaces/aprs_humble/aprs_ws/build/ur_msgs' returned '0': CMAKE_PREFIX_PATH=/opt/ros/humble /usr/bin/cmake --install /workspaces/aprs_humble/aprs_ws/build/ur_msgs
