[0.725s] Invoking command in '/workspaces/aprs/aprs_ws/build/ur_setup': CMAKE_PREFIX_PATH=/opt/ros/humble /usr/bin/cmake /workspaces/aprs/aprs_ws/src/ur_setup -DBUILD_TESTING=ON -DCMAKE_INSTALL_PREFIX=/workspaces/aprs/aprs_ws/install/ur_setup
[0.943s] -- The C compiler identification is GNU 11.4.0
[1.143s] -- The CXX compiler identification is GNU 11.4.0
[1.173s] -- Detecting C compiler ABI info
[1.740s] -- Detecting C compiler ABI info - done
[1.765s] -- Check for working C compiler: /usr/bin/cc - skipped
[1.766s] -- Detecting C compile features
[1.766s] -- Detecting C compile features - done
[1.814s] -- Detecting CXX compiler ABI info
[2.226s] -- Detecting CXX compiler ABI info - done
[2.261s] -- Check for working CXX compiler: /usr/bin/c++ - skipped
[2.273s] -- Detecting CXX compile features
[2.274s] -- Detecting CXX compile features - done
[2.290s] -- Found ament_cmake: 1.3.5 (/opt/ros/humble/share/ament_cmake/cmake)
[3.239s] -- Found Python3: /usr/bin/python3.10 (found version "3.10.12") found components: Interpreter 
[4.088s] -- Found moveit_ros_planning_interface: 2.5.5 (/opt/ros/humble/share/moveit_ros_planning_interface/cmake)
[6.411s] -- Found Boost: /usr/lib/x86_64-linux-gnu/cmake/Boost-1.74.0/BoostConfig.cmake (found version "1.74.0") found components: date_time filesystem program_options system thread 
[7.312s] -- Found rosidl_generator_c: 3.1.5 (/opt/ros/humble/share/rosidl_generator_c/cmake)
[7.351s] -- Found rosidl_adapter: 3.1.5 (/opt/ros/humble/share/rosidl_adapter/cmake)
[7.536s] -- Found rosidl_generator_cpp: 3.1.5 (/opt/ros/humble/share/rosidl_generator_cpp/cmake)
[7.782s] -- Using all available rosidl_typesupport_c: rosidl_typesupport_fastrtps_c;rosidl_typesupport_introspection_c
[8.124s] -- Using all available rosidl_typesupport_cpp: rosidl_typesupport_fastrtps_cpp;rosidl_typesupport_introspection_cpp
[13.350s] -- Found Boost: /usr/lib/x86_64-linux-gnu/cmake/Boost-1.74.0/BoostConfig.cmake (found version "1.74.0") found components: chrono date_time filesystem iostreams program_options regex serialization system thread 
[13.711s] -- Found parameter_traits: 0.3.6 (/opt/ros/humble/share/parameter_traits/cmake)
[14.307s] -- Found rmw_implementation_cmake: 6.1.1 (/opt/ros/humble/share/rmw_implementation_cmake/cmake)
[14.324s] -- Found rmw_fastrtps_cpp: 6.2.4 (/opt/ros/humble/share/rmw_fastrtps_cpp/cmake)
[15.221s] -- Found OpenSSL: /usr/lib/x86_64-linux-gnu/libcrypto.so (found version "3.0.2")  
[15.403s] -- Found FastRTPS: /opt/ros/humble/include  
[15.854s] -- Using RMW implementation 'rmw_fastrtps_cpp' as default
[15.883s] -- Found Threads: TRUE  
[16.388s] -- Found rclcpp_lifecycle: 16.0.6 (/opt/ros/humble/share/rclcpp_lifecycle/cmake)
[16.615s] -- Found Boost: /usr/lib/x86_64-linux-gnu/cmake/Boost-1.74.0/BoostConfig.cmake (found version "1.74.0") found components: filesystem 
[17.340s] -- library: /usr/lib/x86_64-linux-gnu/libcurl.so
[17.773s] -- Found Eigen3: TRUE (found version "3.4.0") 
[17.774s] -- Ensuring Eigen3 include directory is part of orocos-kdl CMake target
[19.313s] -- Found Boost: /usr/lib/x86_64-linux-gnu/cmake/Boost-1.74.0/BoostConfig.cmake (found version "1.74.0") found components: system filesystem date_time program_options thread chrono 
[20.104s] -- Found Boost: /usr/lib/x86_64-linux-gnu/cmake/Boost-1.74.0/BoostConfig.cmake (found version "1.74.0") found components: thread system filesystem regex date_time program_options 
[20.485s] -- Found Boost: /usr/lib/x86_64-linux-gnu/cmake/Boost-1.74.0/BoostConfig.cmake (found version "1.74.0") found components: system filesystem date_time program_options thread 
[21.137s] -- Found ament_lint_auto: 0.12.8 (/opt/ros/humble/share/ament_lint_auto/cmake)
[21.433s] -- Added test 'cppcheck' to perform static code analysis on C / C++ code
[21.433s] -- Configured cppcheck include dirs: $<BUILD_INTERFACE:/workspaces/aprs/aprs_ws/src/ur_setup/include>
[21.433s] -- Configured cppcheck exclude dirs and/or files: 
[21.434s] -- Added test 'flake8' to check Python code syntax and style conventions
[21.434s] -- Added test 'lint_cmake' to check CMake code style
[21.434s] -- Added test 'pep257' to check Python code against some of the docstring style conventions in PEP 257
[21.434s] -- Added test 'uncrustify' to check C / C++ code style
[21.434s] -- Configured uncrustify additional arguments: 
[21.434s] -- Added test 'xmllint' to check XML markup files
[21.436s] -- Configuring done
[21.532s] -- Generating done
[21.549s] -- Build files have been written to: /workspaces/aprs/aprs_ws/build/ur_setup
[21.585s] Invoked command in '/workspaces/aprs/aprs_ws/build/ur_setup' returned '0': CMAKE_PREFIX_PATH=/opt/ros/humble /usr/bin/cmake /workspaces/aprs/aprs_ws/src/ur_setup -DBUILD_TESTING=ON -DCMAKE_INSTALL_PREFIX=/workspaces/aprs/aprs_ws/install/ur_setup
[21.587s] Invoking command in '/workspaces/aprs/aprs_ws/build/ur_setup': CMAKE_PREFIX_PATH=/opt/ros/humble /usr/bin/cmake --build /workspaces/aprs/aprs_ws/build/ur_setup -- -j16 -l16
[21.753s] [ 50%] [32mBuilding CXX object CMakeFiles/ur_setup.dir/src/ur_setup.cpp.o[0m
[36.747s] [100%] [32m[1mLinking CXX executable ur_setup[0m
[37.378s] [100%] Built target ur_setup
[37.397s] Invoked command in '/workspaces/aprs/aprs_ws/build/ur_setup' returned '0': CMAKE_PREFIX_PATH=/opt/ros/humble /usr/bin/cmake --build /workspaces/aprs/aprs_ws/build/ur_setup -- -j16 -l16
[37.434s] Invoking command in '/workspaces/aprs/aprs_ws/build/ur_setup': CMAKE_PREFIX_PATH=/opt/ros/humble /usr/bin/cmake --install /workspaces/aprs/aprs_ws/build/ur_setup
[37.446s] -- Install configuration: ""
[37.446s] -- Installing: /workspaces/aprs/aprs_ws/install/ur_setup/share/ur_setup//launch
[37.446s] -- Installing: /workspaces/aprs/aprs_ws/install/ur_setup/share/ur_setup//launch/ur_setup.launch.py
[37.447s] -- Installing: /workspaces/aprs/aprs_ws/install/ur_setup/lib/ur_setup/ur_setup
[37.447s] -- Set runtime path of "/workspaces/aprs/aprs_ws/install/ur_setup/lib/ur_setup/ur_setup" to ""
[37.447s] -- Installing: /workspaces/aprs/aprs_ws/install/ur_setup/share/ament_index/resource_index/package_run_dependencies/ur_setup
[37.448s] -- Installing: /workspaces/aprs/aprs_ws/install/ur_setup/share/ament_index/resource_index/parent_prefix_path/ur_setup
[37.448s] -- Installing: /workspaces/aprs/aprs_ws/install/ur_setup/share/ur_setup/environment/ament_prefix_path.sh
[37.448s] -- Installing: /workspaces/aprs/aprs_ws/install/ur_setup/share/ur_setup/environment/ament_prefix_path.dsv
[37.448s] -- Installing: /workspaces/aprs/aprs_ws/install/ur_setup/share/ur_setup/environment/path.sh
[37.448s] -- Installing: /workspaces/aprs/aprs_ws/install/ur_setup/share/ur_setup/environment/path.dsv
[37.448s] -- Installing: /workspaces/aprs/aprs_ws/install/ur_setup/share/ur_setup/local_setup.bash
[37.449s] -- Installing: /workspaces/aprs/aprs_ws/install/ur_setup/share/ur_setup/local_setup.sh
[37.449s] -- Installing: /workspaces/aprs/aprs_ws/install/ur_setup/share/ur_setup/local_setup.zsh
[37.449s] -- Installing: /workspaces/aprs/aprs_ws/install/ur_setup/share/ur_setup/local_setup.dsv
[37.449s] -- Installing: /workspaces/aprs/aprs_ws/install/ur_setup/share/ur_setup/package.dsv
[37.449s] -- Installing: /workspaces/aprs/aprs_ws/install/ur_setup/share/ament_index/resource_index/packages/ur_setup
[37.450s] -- Installing: /workspaces/aprs/aprs_ws/install/ur_setup/share/ur_setup/cmake/ur_setupConfig.cmake
[37.450s] -- Installing: /workspaces/aprs/aprs_ws/install/ur_setup/share/ur_setup/cmake/ur_setupConfig-version.cmake
[37.450s] -- Installing: /workspaces/aprs/aprs_ws/install/ur_setup/share/ur_setup/package.xml
[37.461s] Invoked command in '/workspaces/aprs/aprs_ws/build/ur_setup' returned '0': CMAKE_PREFIX_PATH=/opt/ros/humble /usr/bin/cmake --install /workspaces/aprs/aprs_ws/build/ur_setup
