[0.860s] Invoking command in '/workspaces/aprs/aprs_ws/build/aprs_gazebo': CMAKE_PREFIX_PATH=${CMAKE_PREFIX_PATH}:/opt/ros/humble /usr/bin/cmake --build /workspaces/aprs/aprs_ws/build/aprs_gazebo -- -j16 -l16
[1.015s] Built target ament_cmake_python_copy_aprs_gazebo
[1.431s] running egg_info
[1.432s] writing aprs_gazebo.egg-info/PKG-INFO
[1.433s] writing dependency_links to aprs_gazebo.egg-info/dependency_links.txt
[1.433s] writing top-level names to aprs_gazebo.egg-info/top_level.txt
[1.436s] reading manifest file 'aprs_gazebo.egg-info/SOURCES.txt'
[1.437s] writing manifest file 'aprs_gazebo.egg-info/SOURCES.txt'
[1.517s] Built target ament_cmake_python_build_aprs_gazebo_egg
[1.907s] running install_scripts
[1.911s] /usr/lib/python3/dist-packages/setuptools/command/install.py:34: SetuptoolsDeprecationWarning: setup.py install is deprecated. Use build and pip and other standards-based tools.
[1.911s]   warnings.warn(
[1.944s] running egg_info
[1.946s] writing aprs_gazebo.egg-info/PKG-INFO
[1.947s] writing dependency_links to aprs_gazebo.egg-info/dependency_links.txt
[1.947s] writing top-level names to aprs_gazebo.egg-info/top_level.txt
[1.949s] reading manifest file 'aprs_gazebo.egg-info/SOURCES.txt'
[1.952s] writing manifest file 'aprs_gazebo.egg-info/SOURCES.txt'
[2.028s] Built target ament_cmake_python_build_aprs_gazebo_scripts
[3.179s] Invoked command in '/workspaces/aprs/aprs_ws/build/aprs_gazebo' returned '0': CMAKE_PREFIX_PATH=${CMAKE_PREFIX_PATH}:/opt/ros/humble /usr/bin/cmake --build /workspaces/aprs/aprs_ws/build/aprs_gazebo -- -j16 -l16
[4.333s] Invoking command in '/workspaces/aprs/aprs_ws/build/aprs_gazebo': CMAKE_PREFIX_PATH=${CMAKE_PREFIX_PATH}:/opt/ros/humble /usr/bin/cmake --install /workspaces/aprs/aprs_ws/build/aprs_gazebo
[4.882s] -- Install configuration: ""
[4.882s] -- Up-to-date: /workspaces/aprs/aprs_ws/install/aprs_gazebo/share/aprs_gazebo/launch
[4.882s] -- Up-to-date: /workspaces/aprs/aprs_ws/install/aprs_gazebo/share/aprs_gazebo/launch/aprs.launch.py
[4.882s] -- Up-to-date: /workspaces/aprs/aprs_ws/install/aprs_gazebo/share/aprs_gazebo/environment/pythonpath.sh
[4.884s] -- Up-to-date: /workspaces/aprs/aprs_ws/install/aprs_gazebo/share/aprs_gazebo/environment/pythonpath.dsv
[4.884s] -- Up-to-date: /workspaces/aprs/aprs_ws/install/aprs_gazebo/local/lib/python3.10/dist-packages/aprs_gazebo-0.0.0-py3.10.egg-info
[4.884s] -- Installing: /workspaces/aprs/aprs_ws/install/aprs_gazebo/local/lib/python3.10/dist-packages/aprs_gazebo-0.0.0-py3.10.egg-info/dependency_links.txt
[4.884s] -- Installing: /workspaces/aprs/aprs_ws/install/aprs_gazebo/local/lib/python3.10/dist-packages/aprs_gazebo-0.0.0-py3.10.egg-info/top_level.txt
[4.884s] -- Installing: /workspaces/aprs/aprs_ws/install/aprs_gazebo/local/lib/python3.10/dist-packages/aprs_gazebo-0.0.0-py3.10.egg-info/PKG-INFO
[4.884s] -- Installing: /workspaces/aprs/aprs_ws/install/aprs_gazebo/local/lib/python3.10/dist-packages/aprs_gazebo-0.0.0-py3.10.egg-info/SOURCES.txt
[4.884s] -- Up-to-date: /workspaces/aprs/aprs_ws/install/aprs_gazebo/lib/aprs_gazebo/
[4.884s] -- Up-to-date: /workspaces/aprs/aprs_ws/install/aprs_gazebo/local/lib/python3.10/dist-packages/aprs_gazebo
[4.884s] -- Up-to-date: /workspaces/aprs/aprs_ws/install/aprs_gazebo/local/lib/python3.10/dist-packages/aprs_gazebo/__init__.py
[4.884s] Listing '/workspaces/aprs/aprs_ws/install/aprs_gazebo/local/lib/python3.10/dist-packages/aprs_gazebo'...
[4.885s] -- Up-to-date: /workspaces/aprs/aprs_ws/install/aprs_gazebo/lib/aprs_gazebo/controller_switcher.py
[4.885s] -- Up-to-date: /workspaces/aprs/aprs_ws/install/aprs_gazebo/share/ament_index/resource_index/package_run_dependencies/aprs_gazebo
[4.885s] -- Up-to-date: /workspaces/aprs/aprs_ws/install/aprs_gazebo/share/ament_index/resource_index/parent_prefix_path/aprs_gazebo
[4.885s] -- Up-to-date: /workspaces/aprs/aprs_ws/install/aprs_gazebo/share/aprs_gazebo/environment/ament_prefix_path.sh
[4.885s] -- Up-to-date: /workspaces/aprs/aprs_ws/install/aprs_gazebo/share/aprs_gazebo/environment/ament_prefix_path.dsv
[4.885s] -- Up-to-date: /workspaces/aprs/aprs_ws/install/aprs_gazebo/share/aprs_gazebo/environment/path.sh
[4.885s] -- Up-to-date: /workspaces/aprs/aprs_ws/install/aprs_gazebo/share/aprs_gazebo/environment/path.dsv
[4.885s] -- Up-to-date: /workspaces/aprs/aprs_ws/install/aprs_gazebo/share/aprs_gazebo/local_setup.bash
[4.885s] -- Up-to-date: /workspaces/aprs/aprs_ws/install/aprs_gazebo/share/aprs_gazebo/local_setup.sh
[4.885s] -- Up-to-date: /workspaces/aprs/aprs_ws/install/aprs_gazebo/share/aprs_gazebo/local_setup.zsh
[4.885s] -- Up-to-date: /workspaces/aprs/aprs_ws/install/aprs_gazebo/share/aprs_gazebo/local_setup.dsv
[4.885s] -- Installing: /workspaces/aprs/aprs_ws/install/aprs_gazebo/share/aprs_gazebo/package.dsv
[4.885s] -- Up-to-date: /workspaces/aprs/aprs_ws/install/aprs_gazebo/share/ament_index/resource_index/packages/aprs_gazebo
[4.886s] -- Up-to-date: /workspaces/aprs/aprs_ws/install/aprs_gazebo/share/aprs_gazebo/cmake/aprs_gazeboConfig.cmake
[4.886s] -- Up-to-date: /workspaces/aprs/aprs_ws/install/aprs_gazebo/share/aprs_gazebo/cmake/aprs_gazeboConfig-version.cmake
[4.886s] -- Up-to-date: /workspaces/aprs/aprs_ws/install/aprs_gazebo/share/aprs_gazebo/package.xml
[4.981s] Invoked command in '/workspaces/aprs/aprs_ws/build/aprs_gazebo' returned '0': CMAKE_PREFIX_PATH=${CMAKE_PREFIX_PATH}:/opt/ros/humble /usr/bin/cmake --install /workspaces/aprs/aprs_ws/build/aprs_gazebo
