[0.383s] Invoking command in '/workspaces/aprs/aprs_ws/build/vaccum_description': CMAKE_PREFIX_PATH=/opt/ros/humble /usr/bin/cmake /workspaces/aprs/aprs_ws/src/assets/end_effectors/VacuumGripper -DCMAKE_INSTALL_PREFIX=/workspaces/aprs/aprs_ws/install/vaccum_description
[0.504s] -- Found ament_cmake: 1.3.5 (/opt/ros/humble/share/ament_cmake/cmake)
[0.586s] -- Found rosidl_default_runtime: 1.2.0 (/opt/ros/humble/share/rosidl_default_runtime/cmake)
[0.626s] -- Using all available rosidl_typesupport_c: rosidl_typesupport_fastrtps_c;rosidl_typesupport_introspection_c
[0.626s] -- Found rosidl_adapter: 3.1.5 (/opt/ros/humble/share/rosidl_adapter/cmake)
[0.640s] -- Using all available rosidl_typesupport_cpp: rosidl_typesupport_fastrtps_cpp;rosidl_typesupport_introspection_cpp
[0.845s] -- Configuring done
[0.846s] -- Generating done
[0.846s] -- Build files have been written to: /workspaces/aprs/aprs_ws/build/vaccum_description
[1.070s] Invoked command in '/workspaces/aprs/aprs_ws/build/vaccum_description' returned '0': CMAKE_PREFIX_PATH=/opt/ros/humble /usr/bin/cmake /workspaces/aprs/aprs_ws/src/assets/end_effectors/VacuumGripper -DCMAKE_INSTALL_PREFIX=/workspaces/aprs/aprs_ws/install/vaccum_description
[1.081s] Invoking command in '/workspaces/aprs/aprs_ws/build/vaccum_description': CMAKE_PREFIX_PATH=/opt/ros/humble /usr/bin/cmake --build /workspaces/aprs/aprs_ws/build/vaccum_description -- -j16 -l16
[1.539s] Invoked command in '/workspaces/aprs/aprs_ws/build/vaccum_description' returned '0': CMAKE_PREFIX_PATH=/opt/ros/humble /usr/bin/cmake --build /workspaces/aprs/aprs_ws/build/vaccum_description -- -j16 -l16
[1.729s] Invoking command in '/workspaces/aprs/aprs_ws/build/vaccum_description': CMAKE_PREFIX_PATH=/opt/ros/humble /usr/bin/cmake --install /workspaces/aprs/aprs_ws/build/vaccum_description
[1.740s] -- Install configuration: ""
[1.741s] -- Up-to-date: /workspaces/aprs/aprs_ws/install/vaccum_description/share/vaccum_description/meshes
[1.741s] -- Up-to-date: /workspaces/aprs/aprs_ws/install/vaccum_description/share/vaccum_description/meshes/VacuumGripper.stl
[1.741s] -- Up-to-date: /workspaces/aprs/aprs_ws/install/vaccum_description/share/vaccum_description/urdf
[1.741s] -- Up-to-date: /workspaces/aprs/aprs_ws/install/vaccum_description/share/vaccum_description/urdf/vaccum.urdf.xacro
[1.741s] -- Up-to-date: /workspaces/aprs/aprs_ws/install/vaccum_description/share/vaccum_description/urdf
[1.741s] -- Up-to-date: /workspaces/aprs/aprs_ws/install/vaccum_description/share/vaccum_description/urdf/vaccum.urdf.xacro
[1.741s] -- Up-to-date: /workspaces/aprs/aprs_ws/install/vaccum_description/share/vaccum_description/environment/vaccum_description.dsv
[1.741s] -- Up-to-date: /workspaces/aprs/aprs_ws/install/vaccum_description/share/vaccum_description/environment/vaccum_description.sh
[1.741s] -- Up-to-date: /workspaces/aprs/aprs_ws/install/vaccum_description/share/ament_index/resource_index/package_run_dependencies/vaccum_description
[1.741s] -- Up-to-date: /workspaces/aprs/aprs_ws/install/vaccum_description/share/ament_index/resource_index/parent_prefix_path/vaccum_description
[1.741s] -- Up-to-date: /workspaces/aprs/aprs_ws/install/vaccum_description/share/vaccum_description/environment/ament_prefix_path.sh
[1.742s] -- Installing: /workspaces/aprs/aprs_ws/install/vaccum_description/share/vaccum_description/environment/ament_prefix_path.dsv
[1.742s] -- Up-to-date: /workspaces/aprs/aprs_ws/install/vaccum_description/share/vaccum_description/environment/path.sh
[1.742s] -- Installing: /workspaces/aprs/aprs_ws/install/vaccum_description/share/vaccum_description/environment/path.dsv
[1.742s] -- Up-to-date: /workspaces/aprs/aprs_ws/install/vaccum_description/share/vaccum_description/local_setup.bash
[1.742s] -- Up-to-date: /workspaces/aprs/aprs_ws/install/vaccum_description/share/vaccum_description/local_setup.sh
[1.742s] -- Up-to-date: /workspaces/aprs/aprs_ws/install/vaccum_description/share/vaccum_description/local_setup.zsh
[1.742s] -- Installing: /workspaces/aprs/aprs_ws/install/vaccum_description/share/vaccum_description/local_setup.dsv
[1.742s] -- Installing: /workspaces/aprs/aprs_ws/install/vaccum_description/share/vaccum_description/package.dsv
[1.742s] -- Up-to-date: /workspaces/aprs/aprs_ws/install/vaccum_description/share/ament_index/resource_index/packages/vaccum_description
[1.742s] -- Up-to-date: /workspaces/aprs/aprs_ws/install/vaccum_description/share/vaccum_description/cmake/vaccum_descriptionConfig.cmake
[1.743s] -- Up-to-date: /workspaces/aprs/aprs_ws/install/vaccum_description/share/vaccum_description/cmake/vaccum_descriptionConfig-version.cmake
[1.743s] -- Up-to-date: /workspaces/aprs/aprs_ws/install/vaccum_description/share/vaccum_description/package.xml
[1.748s] Invoked command in '/workspaces/aprs/aprs_ws/build/vaccum_description' returned '0': CMAKE_PREFIX_PATH=/opt/ros/humble /usr/bin/cmake --install /workspaces/aprs/aprs_ws/build/vaccum_description
