[0.013s] Invoking command in '/home/aprs/aprs/aprs_ws/build/ur_calibration': CMAKE_PREFIX_PATH=/home/aprs/aprs/aprs_ws/install/ur_robot_driver:/home/aprs/aprs/aprs_ws/install/ur_controllers:/home/aprs/aprs/aprs_ws/install/ur_msgs:/home/aprs/aprs/aprs_ws/install/ur_description:/home/aprs/aprs/aprs_ws/install/ur_dashboard_msgs:/home/aprs/aprs/aprs_ws/install/ur_client_library:/home/aprs/aprs/aprs_ws/install/gear_place:/home/aprs/aprs/aprs_ws/install/worlds:/home/aprs/aprs/aprs_ws/install/workbench_description:/home/aprs/aprs/aprs_ws/install/vaccum_description:/home/aprs/aprs/aprs_ws/install/ur_setup:/home/aprs/aprs/aprs_ws/install/ur:/home/aprs/aprs/aprs_ws/install/ur_calibration:/home/aprs/aprs/aprs_ws/install/ur_bringup:/home/aprs/aprs/aprs_ws/install/ur_moveit_config:/home/aprs/aprs/aprs_ws/install/ur_gz:/home/aprs/aprs/aprs_ws/install/ur_description_gz:/home/aprs/aprs/aprs_ws/install/ur5e_moveit_config:/home/aprs/aprs/aprs_ws/install/panda_moveit_config:/home/aprs/aprs/aprs_ws/install/table_description:/home/aprs/aprs/aprs_ws/install/point_cloud:/home/aprs/aprs/aprs_ws/install/realsense2_description:/home/aprs/aprs/aprs_ws/install/realsense2_camera:/home/aprs/aprs/aprs_ws/install/realsense2_camera_msgs:/home/aprs/aprs/aprs_ws/install/panda_description:/home/aprs/aprs/aprs_ws/install/ign_ros2_control_demos:/home/aprs/aprs/aprs_ws/install/gz_ros2_control_tests:/home/aprs/aprs/aprs_ws/install/ign_ros2_control:/home/aprs/aprs/aprs_ws/install/franka_setup:/home/aprs/aprs/aprs_ws/install/franka_gz:/home/aprs/aprs/aprs_ws/install/fanuc_moveit_config:/home/aprs/aprs/aprs_ws/install/fanuc_description:/home/aprs/aprs/aprs_ws/install/conveyor_interfaces:/home/aprs/aprs/aprs_ws/install/camera_mount:/home/aprs/aprs/aprs_ws/install/conveyor_controller:/opt/ros/humble GZ_MODEL_PATH=/home/aprs/aprs/aprs_ws/install/ur_description/share/ur_description/meshes GZ_SIM_PLUGIn_PATH=/home/aprs/aprs/aprs_ws/install/ur_description/lib/ur_description LD_LIBRARY_PATH=/home/aprs/aprs/aprs_ws/install/ur_robot_driver/lib:/home/aprs/aprs/aprs_ws/install/ur_controllers/lib:/home/aprs/aprs/aprs_ws/install/ur_msgs/lib:/home/aprs/aprs/aprs_ws/install/ur_dashboard_msgs/lib:/home/aprs/aprs/aprs_ws/install/ur_client_library/lib:/home/aprs/aprs/aprs_ws/install/gear_place/lib:/home/aprs/aprs/aprs_ws/install/point_cloud/lib:/home/aprs/aprs/aprs_ws/install/realsense2_camera/lib:/home/aprs/aprs/aprs_ws/install/realsense2_camera_msgs/lib:/home/aprs/aprs/aprs_ws/install/ign_ros2_control/lib:/home/aprs/aprs/aprs_ws/install/conveyor_interfaces/lib:/opt/ros/humble/opt/rviz_ogre_vendor/lib:/opt/ros/humble/lib/x86_64-linux-gnu:/opt/ros/humble/lib /usr/bin/cmake /home/aprs/aprs/aprs_ws/src/Universal_Robots_ROS2_Driver/ur_calibration -DCMAKE_INSTALL_PREFIX=/home/aprs/aprs/aprs_ws/install/ur_calibration
[0.053s] -- The C compiler identification is GNU 11.4.0
[0.097s] -- The CXX compiler identification is GNU 11.4.0
[0.102s] -- Detecting C compiler ABI info
[0.160s] -- Detecting C compiler ABI info - done
[0.165s] -- Check for working C compiler: /usr/bin/cc - skipped
[0.166s] -- Detecting C compile features
[0.166s] -- Detecting C compile features - done
[0.169s] -- Detecting CXX compiler ABI info
[0.228s] -- Detecting CXX compiler ABI info - done
[0.232s] -- Check for working CXX compiler: /usr/bin/c++ - skipped
[0.232s] -- Detecting CXX compile features
[0.233s] -- Detecting CXX compile features - done
[0.233s] [0mur_calibration: You did not request a specific build type: selecting 'RelWithDebInfo'.[0m
[0.236s] -- Found ament_cmake: 1.3.5 (/opt/ros/humble/share/ament_cmake/cmake)
[0.355s] -- Found Python3: /usr/bin/python3.10 (found version "3.10.12") found components: Interpreter 
[0.438s] -- Found rclcpp: 16.0.5 (/opt/ros/humble/share/rclcpp/cmake)
[0.479s] -- Found rosidl_generator_c: 3.1.5 (/opt/ros/humble/share/rosidl_generator_c/cmake)
[0.485s] -- Found rosidl_adapter: 3.1.5 (/opt/ros/humble/share/rosidl_adapter/cmake)
[0.493s] -- Found rosidl_generator_cpp: 3.1.5 (/opt/ros/humble/share/rosidl_generator_cpp/cmake)
[0.505s] -- Using all available rosidl_typesupport_c: rosidl_typesupport_fastrtps_c;rosidl_typesupport_introspection_c
[0.521s] -- Using all available rosidl_typesupport_cpp: rosidl_typesupport_fastrtps_cpp;rosidl_typesupport_introspection_cpp
[0.573s] -- Found rmw_implementation_cmake: 6.1.1 (/opt/ros/humble/share/rmw_implementation_cmake/cmake)
[0.577s] -- Found rmw_fastrtps_cpp: 6.2.3 (/opt/ros/humble/share/rmw_fastrtps_cpp/cmake)
[0.650s] -- Found OpenSSL: /usr/lib/x86_64-linux-gnu/libcrypto.so (found version "3.0.2")  
[0.670s] -- Found FastRTPS: /opt/ros/humble/include  
[0.705s] -- Using RMW implementation 'rmw_fastrtps_cpp' as default
[0.715s] -- Looking for pthread.h
[0.767s] -- Looking for pthread.h - found
[0.767s] -- Performing Test CMAKE_HAVE_LIBC_PTHREAD
[0.825s] -- Performing Test CMAKE_HAVE_LIBC_PTHREAD - Success
[0.826s] -- Found Threads: TRUE  
[0.930s] -- Found ur_robot_driver: 2.2.8 (/home/aprs/aprs/aprs_ws/install/ur_robot_driver/share/ur_robot_driver/cmake)
[1.861s] -- Found eigen3_cmake_module: 0.1.1 (/opt/ros/humble/share/eigen3_cmake_module/cmake)
[1.861s] -- Found Eigen3: TRUE (found version "3.4.0") 
[1.861s] -- Ensuring Eigen3 include directory is part of orocos-kdl CMake target
[2.949s] -- Found ament_cmake_gmock: 1.3.5 (/opt/ros/humble/share/ament_cmake_gmock/cmake)
[2.960s] -- Found gmock sources under '/opt/ros/humble/src/gmock_vendor': C++ tests using 'Google Mock' will be built
[2.966s] -- Found ament_cmake_gtest: 1.3.5 (/opt/ros/humble/share/ament_cmake_gtest/cmake)
[2.967s] -- Found gtest sources under '/opt/ros/humble/src/gtest_vendor': C++ tests using 'Google Test' will be built
[3.009s] -- Configuring done
[3.049s] -- Generating done
[3.050s] -- Build files have been written to: /home/aprs/aprs/aprs_ws/build/ur_calibration
[3.059s] Invoked command in '/home/aprs/aprs/aprs_ws/build/ur_calibration' returned '0': CMAKE_PREFIX_PATH=/home/aprs/aprs/aprs_ws/install/ur_robot_driver:/home/aprs/aprs/aprs_ws/install/ur_controllers:/home/aprs/aprs/aprs_ws/install/ur_msgs:/home/aprs/aprs/aprs_ws/install/ur_description:/home/aprs/aprs/aprs_ws/install/ur_dashboard_msgs:/home/aprs/aprs/aprs_ws/install/ur_client_library:/home/aprs/aprs/aprs_ws/install/gear_place:/home/aprs/aprs/aprs_ws/install/worlds:/home/aprs/aprs/aprs_ws/install/workbench_description:/home/aprs/aprs/aprs_ws/install/vaccum_description:/home/aprs/aprs/aprs_ws/install/ur_setup:/home/aprs/aprs/aprs_ws/install/ur:/home/aprs/aprs/aprs_ws/install/ur_calibration:/home/aprs/aprs/aprs_ws/install/ur_bringup:/home/aprs/aprs/aprs_ws/install/ur_moveit_config:/home/aprs/aprs/aprs_ws/install/ur_gz:/home/aprs/aprs/aprs_ws/install/ur_description_gz:/home/aprs/aprs/aprs_ws/install/ur5e_moveit_config:/home/aprs/aprs/aprs_ws/install/panda_moveit_config:/home/aprs/aprs/aprs_ws/install/table_description:/home/aprs/aprs/aprs_ws/install/point_cloud:/home/aprs/aprs/aprs_ws/install/realsense2_description:/home/aprs/aprs/aprs_ws/install/realsense2_camera:/home/aprs/aprs/aprs_ws/install/realsense2_camera_msgs:/home/aprs/aprs/aprs_ws/install/panda_description:/home/aprs/aprs/aprs_ws/install/ign_ros2_control_demos:/home/aprs/aprs/aprs_ws/install/gz_ros2_control_tests:/home/aprs/aprs/aprs_ws/install/ign_ros2_control:/home/aprs/aprs/aprs_ws/install/franka_setup:/home/aprs/aprs/aprs_ws/install/franka_gz:/home/aprs/aprs/aprs_ws/install/fanuc_moveit_config:/home/aprs/aprs/aprs_ws/install/fanuc_description:/home/aprs/aprs/aprs_ws/install/conveyor_interfaces:/home/aprs/aprs/aprs_ws/install/camera_mount:/home/aprs/aprs/aprs_ws/install/conveyor_controller:/opt/ros/humble GZ_MODEL_PATH=/home/aprs/aprs/aprs_ws/install/ur_description/share/ur_description/meshes GZ_SIM_PLUGIn_PATH=/home/aprs/aprs/aprs_ws/install/ur_description/lib/ur_description LD_LIBRARY_PATH=/home/aprs/aprs/aprs_ws/install/ur_robot_driver/lib:/home/aprs/aprs/aprs_ws/install/ur_controllers/lib:/home/aprs/aprs/aprs_ws/install/ur_msgs/lib:/home/aprs/aprs/aprs_ws/install/ur_dashboard_msgs/lib:/home/aprs/aprs/aprs_ws/install/ur_client_library/lib:/home/aprs/aprs/aprs_ws/install/gear_place/lib:/home/aprs/aprs/aprs_ws/install/point_cloud/lib:/home/aprs/aprs/aprs_ws/install/realsense2_camera/lib:/home/aprs/aprs/aprs_ws/install/realsense2_camera_msgs/lib:/home/aprs/aprs/aprs_ws/install/ign_ros2_control/lib:/home/aprs/aprs/aprs_ws/install/conveyor_interfaces/lib:/opt/ros/humble/opt/rviz_ogre_vendor/lib:/opt/ros/humble/lib/x86_64-linux-gnu:/opt/ros/humble/lib /usr/bin/cmake /home/aprs/aprs/aprs_ws/src/Universal_Robots_ROS2_Driver/ur_calibration -DCMAKE_INSTALL_PREFIX=/home/aprs/aprs/aprs_ws/install/ur_calibration
[3.060s] Invoking command in '/home/aprs/aprs/aprs_ws/build/ur_calibration': CMAKE_PREFIX_PATH=/home/aprs/aprs/aprs_ws/install/ur_robot_driver:/home/aprs/aprs/aprs_ws/install/ur_controllers:/home/aprs/aprs/aprs_ws/install/ur_msgs:/home/aprs/aprs/aprs_ws/install/ur_description:/home/aprs/aprs/aprs_ws/install/ur_dashboard_msgs:/home/aprs/aprs/aprs_ws/install/ur_client_library:/home/aprs/aprs/aprs_ws/install/gear_place:/home/aprs/aprs/aprs_ws/install/worlds:/home/aprs/aprs/aprs_ws/install/workbench_description:/home/aprs/aprs/aprs_ws/install/vaccum_description:/home/aprs/aprs/aprs_ws/install/ur_setup:/home/aprs/aprs/aprs_ws/install/ur:/home/aprs/aprs/aprs_ws/install/ur_calibration:/home/aprs/aprs/aprs_ws/install/ur_bringup:/home/aprs/aprs/aprs_ws/install/ur_moveit_config:/home/aprs/aprs/aprs_ws/install/ur_gz:/home/aprs/aprs/aprs_ws/install/ur_description_gz:/home/aprs/aprs/aprs_ws/install/ur5e_moveit_config:/home/aprs/aprs/aprs_ws/install/panda_moveit_config:/home/aprs/aprs/aprs_ws/install/table_description:/home/aprs/aprs/aprs_ws/install/point_cloud:/home/aprs/aprs/aprs_ws/install/realsense2_description:/home/aprs/aprs/aprs_ws/install/realsense2_camera:/home/aprs/aprs/aprs_ws/install/realsense2_camera_msgs:/home/aprs/aprs/aprs_ws/install/panda_description:/home/aprs/aprs/aprs_ws/install/ign_ros2_control_demos:/home/aprs/aprs/aprs_ws/install/gz_ros2_control_tests:/home/aprs/aprs/aprs_ws/install/ign_ros2_control:/home/aprs/aprs/aprs_ws/install/franka_setup:/home/aprs/aprs/aprs_ws/install/franka_gz:/home/aprs/aprs/aprs_ws/install/fanuc_moveit_config:/home/aprs/aprs/aprs_ws/install/fanuc_description:/home/aprs/aprs/aprs_ws/install/conveyor_interfaces:/home/aprs/aprs/aprs_ws/install/camera_mount:/home/aprs/aprs/aprs_ws/install/conveyor_controller:/opt/ros/humble GZ_MODEL_PATH=/home/aprs/aprs/aprs_ws/install/ur_description/share/ur_description/meshes GZ_SIM_PLUGIn_PATH=/home/aprs/aprs/aprs_ws/install/ur_description/lib/ur_description LD_LIBRARY_PATH=/home/aprs/aprs/aprs_ws/install/ur_robot_driver/lib:/home/aprs/aprs/aprs_ws/install/ur_controllers/lib:/home/aprs/aprs/aprs_ws/install/ur_msgs/lib:/home/aprs/aprs/aprs_ws/install/ur_dashboard_msgs/lib:/home/aprs/aprs/aprs_ws/install/ur_client_library/lib:/home/aprs/aprs/aprs_ws/install/gear_place/lib:/home/aprs/aprs/aprs_ws/install/point_cloud/lib:/home/aprs/aprs/aprs_ws/install/realsense2_camera/lib:/home/aprs/aprs/aprs_ws/install/realsense2_camera_msgs/lib:/home/aprs/aprs/aprs_ws/install/ign_ros2_control/lib:/home/aprs/aprs/aprs_ws/install/conveyor_interfaces/lib:/opt/ros/humble/opt/rviz_ogre_vendor/lib:/opt/ros/humble/lib/x86_64-linux-gnu:/opt/ros/humble/lib /usr/bin/cmake --build /home/aprs/aprs/aprs_ws/build/ur_calibration -- -j16 -l16
[3.093s] [ 33%] [32mBuilding CXX object CMakeFiles/calibration.dir/src/calibration_consumer.cpp.o[0m
[3.093s] [ 33%] [32mBuilding CXX object gmock/CMakeFiles/gmock.dir/opt/ros/humble/src/gtest_vendor/src/gtest-all.cc.o[0m
[3.093s] [ 41%] [32mBuilding CXX object gmock/CMakeFiles/gmock.dir/src/gmock-all.cc.o[0m
[3.093s] [ 41%] [32mBuilding CXX object CMakeFiles/calibration.dir/src/calibration.cpp.o[0m
[3.094s] [ 41%] [32mBuilding CXX object gmock/CMakeFiles/gmock_main.dir/src/gmock_main.cc.o[0m
[3.827s] [ 50%] [32m[1mLinking CXX static library libgmock_main.a[0m
[3.850s] [ 50%] Built target gmock_main
[8.356s] [ 58%] [32m[1mLinking CXX static library libcalibration.a[0m
[8.420s] [ 58%] Built target calibration
[8.434s] [ 66%] [32mBuilding CXX object CMakeFiles/calibration_correction.dir/src/calibration_correction.cpp.o[0m
[9.022s] [ 75%] [32m[1mLinking CXX static library libgmock.a[0m
[9.090s] [ 75%] Built target gmock
[9.103s] [ 83%] [32mBuilding CXX object CMakeFiles/calibration_test.dir/test/calibration_test.cpp.o[0m
[11.927s] [ 91%] [32m[1mLinking CXX executable calibration_correction[0m
[12.110s] [ 91%] Built target calibration_correction
[12.469s] [100%] [32m[1mLinking CXX executable calibration_test[0m
[12.653s] [100%] Built target calibration_test
[12.660s] Invoked command in '/home/aprs/aprs/aprs_ws/build/ur_calibration' returned '0': CMAKE_PREFIX_PATH=/home/aprs/aprs/aprs_ws/install/ur_robot_driver:/home/aprs/aprs/aprs_ws/install/ur_controllers:/home/aprs/aprs/aprs_ws/install/ur_msgs:/home/aprs/aprs/aprs_ws/install/ur_description:/home/aprs/aprs/aprs_ws/install/ur_dashboard_msgs:/home/aprs/aprs/aprs_ws/install/ur_client_library:/home/aprs/aprs/aprs_ws/install/gear_place:/home/aprs/aprs/aprs_ws/install/worlds:/home/aprs/aprs/aprs_ws/install/workbench_description:/home/aprs/aprs/aprs_ws/install/vaccum_description:/home/aprs/aprs/aprs_ws/install/ur_setup:/home/aprs/aprs/aprs_ws/install/ur:/home/aprs/aprs/aprs_ws/install/ur_calibration:/home/aprs/aprs/aprs_ws/install/ur_bringup:/home/aprs/aprs/aprs_ws/install/ur_moveit_config:/home/aprs/aprs/aprs_ws/install/ur_gz:/home/aprs/aprs/aprs_ws/install/ur_description_gz:/home/aprs/aprs/aprs_ws/install/ur5e_moveit_config:/home/aprs/aprs/aprs_ws/install/panda_moveit_config:/home/aprs/aprs/aprs_ws/install/table_description:/home/aprs/aprs/aprs_ws/install/point_cloud:/home/aprs/aprs/aprs_ws/install/realsense2_description:/home/aprs/aprs/aprs_ws/install/realsense2_camera:/home/aprs/aprs/aprs_ws/install/realsense2_camera_msgs:/home/aprs/aprs/aprs_ws/install/panda_description:/home/aprs/aprs/aprs_ws/install/ign_ros2_control_demos:/home/aprs/aprs/aprs_ws/install/gz_ros2_control_tests:/home/aprs/aprs/aprs_ws/install/ign_ros2_control:/home/aprs/aprs/aprs_ws/install/franka_setup:/home/aprs/aprs/aprs_ws/install/franka_gz:/home/aprs/aprs/aprs_ws/install/fanuc_moveit_config:/home/aprs/aprs/aprs_ws/install/fanuc_description:/home/aprs/aprs/aprs_ws/install/conveyor_interfaces:/home/aprs/aprs/aprs_ws/install/camera_mount:/home/aprs/aprs/aprs_ws/install/conveyor_controller:/opt/ros/humble GZ_MODEL_PATH=/home/aprs/aprs/aprs_ws/install/ur_description/share/ur_description/meshes GZ_SIM_PLUGIn_PATH=/home/aprs/aprs/aprs_ws/install/ur_description/lib/ur_description LD_LIBRARY_PATH=/home/aprs/aprs/aprs_ws/install/ur_robot_driver/lib:/home/aprs/aprs/aprs_ws/install/ur_controllers/lib:/home/aprs/aprs/aprs_ws/install/ur_msgs/lib:/home/aprs/aprs/aprs_ws/install/ur_dashboard_msgs/lib:/home/aprs/aprs/aprs_ws/install/ur_client_library/lib:/home/aprs/aprs/aprs_ws/install/gear_place/lib:/home/aprs/aprs/aprs_ws/install/point_cloud/lib:/home/aprs/aprs/aprs_ws/install/realsense2_camera/lib:/home/aprs/aprs/aprs_ws/install/realsense2_camera_msgs/lib:/home/aprs/aprs/aprs_ws/install/ign_ros2_control/lib:/home/aprs/aprs/aprs_ws/install/conveyor_interfaces/lib:/opt/ros/humble/opt/rviz_ogre_vendor/lib:/opt/ros/humble/lib/x86_64-linux-gnu:/opt/ros/humble/lib /usr/bin/cmake --build /home/aprs/aprs/aprs_ws/build/ur_calibration -- -j16 -l16
[12.728s] Invoking command in '/home/aprs/aprs/aprs_ws/build/ur_calibration': CMAKE_PREFIX_PATH=/home/aprs/aprs/aprs_ws/install/ur_robot_driver:/home/aprs/aprs/aprs_ws/install/ur_controllers:/home/aprs/aprs/aprs_ws/install/ur_msgs:/home/aprs/aprs/aprs_ws/install/ur_description:/home/aprs/aprs/aprs_ws/install/ur_dashboard_msgs:/home/aprs/aprs/aprs_ws/install/ur_client_library:/home/aprs/aprs/aprs_ws/install/gear_place:/home/aprs/aprs/aprs_ws/install/worlds:/home/aprs/aprs/aprs_ws/install/workbench_description:/home/aprs/aprs/aprs_ws/install/vaccum_description:/home/aprs/aprs/aprs_ws/install/ur_setup:/home/aprs/aprs/aprs_ws/install/ur:/home/aprs/aprs/aprs_ws/install/ur_calibration:/home/aprs/aprs/aprs_ws/install/ur_bringup:/home/aprs/aprs/aprs_ws/install/ur_moveit_config:/home/aprs/aprs/aprs_ws/install/ur_gz:/home/aprs/aprs/aprs_ws/install/ur_description_gz:/home/aprs/aprs/aprs_ws/install/ur5e_moveit_config:/home/aprs/aprs/aprs_ws/install/panda_moveit_config:/home/aprs/aprs/aprs_ws/install/table_description:/home/aprs/aprs/aprs_ws/install/point_cloud:/home/aprs/aprs/aprs_ws/install/realsense2_description:/home/aprs/aprs/aprs_ws/install/realsense2_camera:/home/aprs/aprs/aprs_ws/install/realsense2_camera_msgs:/home/aprs/aprs/aprs_ws/install/panda_description:/home/aprs/aprs/aprs_ws/install/ign_ros2_control_demos:/home/aprs/aprs/aprs_ws/install/gz_ros2_control_tests:/home/aprs/aprs/aprs_ws/install/ign_ros2_control:/home/aprs/aprs/aprs_ws/install/franka_setup:/home/aprs/aprs/aprs_ws/install/franka_gz:/home/aprs/aprs/aprs_ws/install/fanuc_moveit_config:/home/aprs/aprs/aprs_ws/install/fanuc_description:/home/aprs/aprs/aprs_ws/install/conveyor_interfaces:/home/aprs/aprs/aprs_ws/install/camera_mount:/home/aprs/aprs/aprs_ws/install/conveyor_controller:/opt/ros/humble GZ_MODEL_PATH=/home/aprs/aprs/aprs_ws/install/ur_description/share/ur_description/meshes GZ_SIM_PLUGIn_PATH=/home/aprs/aprs/aprs_ws/install/ur_description/lib/ur_description LD_LIBRARY_PATH=/home/aprs/aprs/aprs_ws/install/ur_robot_driver/lib:/home/aprs/aprs/aprs_ws/install/ur_controllers/lib:/home/aprs/aprs/aprs_ws/install/ur_msgs/lib:/home/aprs/aprs/aprs_ws/install/ur_dashboard_msgs/lib:/home/aprs/aprs/aprs_ws/install/ur_client_library/lib:/home/aprs/aprs/aprs_ws/install/gear_place/lib:/home/aprs/aprs/aprs_ws/install/point_cloud/lib:/home/aprs/aprs/aprs_ws/install/realsense2_camera/lib:/home/aprs/aprs/aprs_ws/install/realsense2_camera_msgs/lib:/home/aprs/aprs/aprs_ws/install/ign_ros2_control/lib:/home/aprs/aprs/aprs_ws/install/conveyor_interfaces/lib:/opt/ros/humble/opt/rviz_ogre_vendor/lib:/opt/ros/humble/lib/x86_64-linux-gnu:/opt/ros/humble/lib /usr/bin/cmake --install /home/aprs/aprs/aprs_ws/build/ur_calibration
[12.743s] -- Install configuration: "RelWithDebInfo"
[12.743s] -- Installing: /home/aprs/aprs/aprs_ws/install/ur_calibration/lib/ur_calibration/calibration_correction
[12.750s] -- Set runtime path of "/home/aprs/aprs/aprs_ws/install/ur_calibration/lib/ur_calibration/calibration_correction" to ""
[12.750s] -- Installing: /home/aprs/aprs/aprs_ws/install/ur_calibration/include
[12.750s] -- Installing: /home/aprs/aprs/aprs_ws/install/ur_calibration/include/ur_calibration
[12.750s] -- Installing: /home/aprs/aprs/aprs_ws/install/ur_calibration/include/ur_calibration/calibration.hpp
[12.750s] -- Installing: /home/aprs/aprs/aprs_ws/install/ur_calibration/include/ur_calibration/calibration_consumer.hpp
[12.750s] -- Installing: /home/aprs/aprs/aprs_ws/install/ur_calibration/share/ur_calibration/launch
[12.750s] -- Installing: /home/aprs/aprs/aprs_ws/install/ur_calibration/share/ur_calibration/launch/calibration_correction.launch.py
[12.750s] -- Installing: /home/aprs/aprs/aprs_ws/install/ur_calibration/share/ament_index/resource_index/package_run_dependencies/ur_calibration
[12.750s] -- Installing: /home/aprs/aprs/aprs_ws/install/ur_calibration/share/ament_index/resource_index/parent_prefix_path/ur_calibration
[12.750s] -- Installing: /home/aprs/aprs/aprs_ws/install/ur_calibration/share/ur_calibration/environment/ament_prefix_path.sh
[12.750s] -- Installing: /home/aprs/aprs/aprs_ws/install/ur_calibration/share/ur_calibration/environment/ament_prefix_path.dsv
[12.750s] -- Installing: /home/aprs/aprs/aprs_ws/install/ur_calibration/share/ur_calibration/environment/path.sh
[12.750s] -- Installing: /home/aprs/aprs/aprs_ws/install/ur_calibration/share/ur_calibration/environment/path.dsv
[12.750s] -- Installing: /home/aprs/aprs/aprs_ws/install/ur_calibration/share/ur_calibration/local_setup.bash
[12.751s] -- Installing: /home/aprs/aprs/aprs_ws/install/ur_calibration/share/ur_calibration/local_setup.sh
[12.751s] -- Installing: /home/aprs/aprs/aprs_ws/install/ur_calibration/share/ur_calibration/local_setup.zsh
[12.751s] -- Installing: /home/aprs/aprs/aprs_ws/install/ur_calibration/share/ur_calibration/local_setup.dsv
[12.751s] -- Installing: /home/aprs/aprs/aprs_ws/install/ur_calibration/share/ur_calibration/package.dsv
[12.751s] -- Installing: /home/aprs/aprs/aprs_ws/install/ur_calibration/share/ament_index/resource_index/packages/ur_calibration
[12.751s] -- Installing: /home/aprs/aprs/aprs_ws/install/ur_calibration/share/ur_calibration/cmake/ament_cmake_export_include_directories-extras.cmake
[12.751s] -- Installing: /home/aprs/aprs/aprs_ws/install/ur_calibration/share/ur_calibration/cmake/ament_cmake_export_dependencies-extras.cmake
[12.751s] -- Installing: /home/aprs/aprs/aprs_ws/install/ur_calibration/share/ur_calibration/cmake/ur_calibrationConfig.cmake
[12.751s] -- Installing: /home/aprs/aprs/aprs_ws/install/ur_calibration/share/ur_calibration/cmake/ur_calibrationConfig-version.cmake
[12.751s] -- Installing: /home/aprs/aprs/aprs_ws/install/ur_calibration/share/ur_calibration/package.xml
[12.754s] Invoked command in '/home/aprs/aprs/aprs_ws/build/ur_calibration' returned '0': CMAKE_PREFIX_PATH=/home/aprs/aprs/aprs_ws/install/ur_robot_driver:/home/aprs/aprs/aprs_ws/install/ur_controllers:/home/aprs/aprs/aprs_ws/install/ur_msgs:/home/aprs/aprs/aprs_ws/install/ur_description:/home/aprs/aprs/aprs_ws/install/ur_dashboard_msgs:/home/aprs/aprs/aprs_ws/install/ur_client_library:/home/aprs/aprs/aprs_ws/install/gear_place:/home/aprs/aprs/aprs_ws/install/worlds:/home/aprs/aprs/aprs_ws/install/workbench_description:/home/aprs/aprs/aprs_ws/install/vaccum_description:/home/aprs/aprs/aprs_ws/install/ur_setup:/home/aprs/aprs/aprs_ws/install/ur:/home/aprs/aprs/aprs_ws/install/ur_calibration:/home/aprs/aprs/aprs_ws/install/ur_bringup:/home/aprs/aprs/aprs_ws/install/ur_moveit_config:/home/aprs/aprs/aprs_ws/install/ur_gz:/home/aprs/aprs/aprs_ws/install/ur_description_gz:/home/aprs/aprs/aprs_ws/install/ur5e_moveit_config:/home/aprs/aprs/aprs_ws/install/panda_moveit_config:/home/aprs/aprs/aprs_ws/install/table_description:/home/aprs/aprs/aprs_ws/install/point_cloud:/home/aprs/aprs/aprs_ws/install/realsense2_description:/home/aprs/aprs/aprs_ws/install/realsense2_camera:/home/aprs/aprs/aprs_ws/install/realsense2_camera_msgs:/home/aprs/aprs/aprs_ws/install/panda_description:/home/aprs/aprs/aprs_ws/install/ign_ros2_control_demos:/home/aprs/aprs/aprs_ws/install/gz_ros2_control_tests:/home/aprs/aprs/aprs_ws/install/ign_ros2_control:/home/aprs/aprs/aprs_ws/install/franka_setup:/home/aprs/aprs/aprs_ws/install/franka_gz:/home/aprs/aprs/aprs_ws/install/fanuc_moveit_config:/home/aprs/aprs/aprs_ws/install/fanuc_description:/home/aprs/aprs/aprs_ws/install/conveyor_interfaces:/home/aprs/aprs/aprs_ws/install/camera_mount:/home/aprs/aprs/aprs_ws/install/conveyor_controller:/opt/ros/humble GZ_MODEL_PATH=/home/aprs/aprs/aprs_ws/install/ur_description/share/ur_description/meshes GZ_SIM_PLUGIn_PATH=/home/aprs/aprs/aprs_ws/install/ur_description/lib/ur_description LD_LIBRARY_PATH=/home/aprs/aprs/aprs_ws/install/ur_robot_driver/lib:/home/aprs/aprs/aprs_ws/install/ur_controllers/lib:/home/aprs/aprs/aprs_ws/install/ur_msgs/lib:/home/aprs/aprs/aprs_ws/install/ur_dashboard_msgs/lib:/home/aprs/aprs/aprs_ws/install/ur_client_library/lib:/home/aprs/aprs/aprs_ws/install/gear_place/lib:/home/aprs/aprs/aprs_ws/install/point_cloud/lib:/home/aprs/aprs/aprs_ws/install/realsense2_camera/lib:/home/aprs/aprs/aprs_ws/install/realsense2_camera_msgs/lib:/home/aprs/aprs/aprs_ws/install/ign_ros2_control/lib:/home/aprs/aprs/aprs_ws/install/conveyor_interfaces/lib:/opt/ros/humble/opt/rviz_ogre_vendor/lib:/opt/ros/humble/lib/x86_64-linux-gnu:/opt/ros/humble/lib /usr/bin/cmake --install /home/aprs/aprs/aprs_ws/build/ur_calibration
