[0.088s] Invoking command in '/workspaces/aprs_humble/aprs_ws/build/ur_setup': CMAKE_PREFIX_PATH=${CMAKE_PREFIX_PATH}:/workspaces/aprs_humble/aprs_ws/install/rqt_controller_manager:/workspaces/aprs_humble/aprs_ws/install/ros2controlcli:/opt/ros/humble /usr/bin/cmake --build /workspaces/aprs_humble/aprs_ws/build/ur_setup -- -j16 -l16
[0.231s] [100%] Built target ur_setup
[0.276s] Invoked command in '/workspaces/aprs_humble/aprs_ws/build/ur_setup' returned '0': CMAKE_PREFIX_PATH=${CMAKE_PREFIX_PATH}:/workspaces/aprs_humble/aprs_ws/install/rqt_controller_manager:/workspaces/aprs_humble/aprs_ws/install/ros2controlcli:/opt/ros/humble /usr/bin/cmake --build /workspaces/aprs_humble/aprs_ws/build/ur_setup -- -j16 -l16
[0.473s] Invoking command in '/workspaces/aprs_humble/aprs_ws/build/ur_setup': CMAKE_PREFIX_PATH=${CMAKE_PREFIX_PATH}:/workspaces/aprs_humble/aprs_ws/install/rqt_controller_manager:/workspaces/aprs_humble/aprs_ws/install/ros2controlcli:/opt/ros/humble /usr/bin/cmake --install /workspaces/aprs_humble/aprs_ws/build/ur_setup
[0.521s] -- Install configuration: ""
[0.521s] -- Up-to-date: /workspaces/aprs_humble/aprs_ws/install/ur_setup/share/ur_setup//launch
[0.524s] -- Up-to-date: /workspaces/aprs_humble/aprs_ws/install/ur_setup/share/ur_setup//launch/ur_setup.launch.py
[0.525s] -- Up-to-date: /workspaces/aprs_humble/aprs_ws/install/ur_setup/lib/ur_setup/ur_setup
[0.525s] -- Up-to-date: /workspaces/aprs_humble/aprs_ws/install/ur_setup/share/ament_index/resource_index/package_run_dependencies/ur_setup
[0.525s] -- Up-to-date: /workspaces/aprs_humble/aprs_ws/install/ur_setup/share/ament_index/resource_index/parent_prefix_path/ur_setup
[0.525s] -- Up-to-date: /workspaces/aprs_humble/aprs_ws/install/ur_setup/share/ur_setup/environment/ament_prefix_path.sh
[0.525s] -- Up-to-date: /workspaces/aprs_humble/aprs_ws/install/ur_setup/share/ur_setup/environment/ament_prefix_path.dsv
[0.525s] -- Up-to-date: /workspaces/aprs_humble/aprs_ws/install/ur_setup/share/ur_setup/environment/path.sh
[0.525s] -- Up-to-date: /workspaces/aprs_humble/aprs_ws/install/ur_setup/share/ur_setup/environment/path.dsv
[0.526s] -- Up-to-date: /workspaces/aprs_humble/aprs_ws/install/ur_setup/share/ur_setup/local_setup.bash
[0.526s] -- Up-to-date: /workspaces/aprs_humble/aprs_ws/install/ur_setup/share/ur_setup/local_setup.sh
[0.526s] -- Up-to-date: /workspaces/aprs_humble/aprs_ws/install/ur_setup/share/ur_setup/local_setup.zsh
[0.526s] -- Up-to-date: /workspaces/aprs_humble/aprs_ws/install/ur_setup/share/ur_setup/local_setup.dsv
[0.527s] -- Up-to-date: /workspaces/aprs_humble/aprs_ws/install/ur_setup/share/ur_setup/package.dsv
[0.527s] -- Up-to-date: /workspaces/aprs_humble/aprs_ws/install/ur_setup/share/ament_index/resource_index/packages/ur_setup
[0.527s] -- Up-to-date: /workspaces/aprs_humble/aprs_ws/install/ur_setup/share/ur_setup/cmake/ur_setupConfig.cmake
[0.529s] -- Up-to-date: /workspaces/aprs_humble/aprs_ws/install/ur_setup/share/ur_setup/cmake/ur_setupConfig-version.cmake
[0.530s] -- Up-to-date: /workspaces/aprs_humble/aprs_ws/install/ur_setup/share/ur_setup/package.xml
[0.599s] Invoked command in '/workspaces/aprs_humble/aprs_ws/build/ur_setup' returned '0': CMAKE_PREFIX_PATH=${CMAKE_PREFIX_PATH}:/workspaces/aprs_humble/aprs_ws/install/rqt_controller_manager:/workspaces/aprs_humble/aprs_ws/install/ros2controlcli:/opt/ros/humble /usr/bin/cmake --install /workspaces/aprs_humble/aprs_ws/build/ur_setup
