[0.057s] Invoking command in '/workspaces/aprs/aprs_ws/build/ur_calibration': AMENT_PREFIX_PATH=/workspaces/aprs/aprs_ws/install/ur_robot_driver:/workspaces/aprs/aprs_ws/install/ur_controllers:/workspaces/aprs/aprs_ws/install/ur_msgs:/workspaces/aprs/aprs_ws/install/ur_description:/workspaces/aprs/aprs_ws/install/ur_dashboard_msgs:${AMENT_PREFIX_PATH} CMAKE_PREFIX_PATH=/workspaces/aprs/aprs_ws/install/ur_robot_driver:/workspaces/aprs/aprs_ws/install/ur_controllers:/workspaces/aprs/aprs_ws/install/ur_msgs:/workspaces/aprs/aprs_ws/install/ur_description:/workspaces/aprs/aprs_ws/install/ur_dashboard_msgs:/workspaces/aprs/aprs_ws/install/ur_client_library:/opt/ros/humble LD_LIBRARY_PATH=/workspaces/aprs/aprs_ws/install/ur_robot_driver/lib:/workspaces/aprs/aprs_ws/install/ur_controllers/lib:/workspaces/aprs/aprs_ws/install/ur_msgs/lib:/workspaces/aprs/aprs_ws/install/ur_dashboard_msgs/lib:/workspaces/aprs/aprs_ws/install/ur_client_library/lib:${LD_LIBRARY_PATH} PATH=/workspaces/aprs/aprs_ws/install/ur_robot_driver/bin:${PATH} PKG_CONFIG_PATH=/workspaces/aprs/aprs_ws/install/ur_client_library/lib/x86_64-linux-gnu/pkgconfig:/workspaces/aprs/aprs_ws/install/ur_client_library/lib/pkgconfig PYTHONPATH=/workspaces/aprs/aprs_ws/install/ur_robot_driver/local/lib/python3.10/dist-packages:/workspaces/aprs/aprs_ws/install/ur_msgs/local/lib/python3.10/dist-packages:/workspaces/aprs/aprs_ws/install/ur_dashboard_msgs/local/lib/python3.10/dist-packages:${PYTHONPATH} /usr/bin/cmake /workspaces/aprs/aprs_ws/src/Universal_Robots_ROS2_Driver/ur_calibration -DBUILD_TESTING=ON -DCMAKE_INSTALL_PREFIX=/workspaces/aprs/aprs_ws/install/ur_calibration
[0.112s] -- The C compiler identification is GNU 11.4.0
[0.163s] -- The CXX compiler identification is GNU 11.4.0
[0.169s] -- Detecting C compiler ABI info
[0.240s] -- Detecting C compiler ABI info - done
[0.245s] -- Check for working C compiler: /usr/bin/cc - skipped
[0.246s] -- Detecting C compile features
[0.246s] -- Detecting C compile features - done
[0.249s] -- Detecting CXX compiler ABI info
[0.330s] -- Detecting CXX compiler ABI info - done
[0.337s] -- Check for working CXX compiler: /usr/bin/c++ - skipped
[0.337s] -- Detecting CXX compile features
[0.338s] -- Detecting CXX compile features - done
[0.338s] [0mur_calibration: You did not request a specific build type: selecting 'RelWithDebInfo'.[0m
[0.346s] -- Found ament_cmake: 1.3.5 (/opt/ros/humble/share/ament_cmake/cmake)
[0.509s] -- Found Python3: /usr/bin/python3.10 (found version "3.10.12") found components: Interpreter 
[0.645s] -- Found rclcpp: 16.0.6 (/opt/ros/humble/share/rclcpp/cmake)
[0.732s] -- Found rosidl_generator_c: 3.1.5 (/opt/ros/humble/share/rosidl_generator_c/cmake)
[0.745s] -- Found rosidl_adapter: 3.1.5 (/opt/ros/humble/share/rosidl_adapter/cmake)
[0.761s] -- Found rosidl_generator_cpp: 3.1.5 (/opt/ros/humble/share/rosidl_generator_cpp/cmake)
[0.781s] -- Using all available rosidl_typesupport_c: rosidl_typesupport_fastrtps_c;rosidl_typesupport_introspection_c
[0.813s] -- Using all available rosidl_typesupport_cpp: rosidl_typesupport_fastrtps_cpp;rosidl_typesupport_introspection_cpp
[0.909s] -- Found rmw_implementation_cmake: 6.1.1 (/opt/ros/humble/share/rmw_implementation_cmake/cmake)
[0.916s] -- Found rmw_fastrtps_cpp: 6.2.4 (/opt/ros/humble/share/rmw_fastrtps_cpp/cmake)
[1.059s] -- Found OpenSSL: /usr/lib/x86_64-linux-gnu/libcrypto.so (found version "3.0.2")  
[1.103s] -- Found FastRTPS: /opt/ros/humble/include  
[1.180s] -- Using RMW implementation 'rmw_fastrtps_cpp' as default
[1.204s] -- Looking for pthread.h
[1.276s] -- Looking for pthread.h - found
[1.277s] -- Performing Test CMAKE_HAVE_LIBC_PTHREAD
[1.352s] -- Performing Test CMAKE_HAVE_LIBC_PTHREAD - Success
[1.352s] -- Found Threads: TRUE  
[1.491s] -- Found ur_robot_driver: 2.2.8 (/workspaces/aprs/aprs_ws/install/ur_robot_driver/share/ur_robot_driver/cmake)
[2.825s] -- Found eigen3_cmake_module: 0.1.1 (/opt/ros/humble/share/eigen3_cmake_module/cmake)
[2.826s] -- Found Eigen3: TRUE (found version "3.4.0") 
[2.826s] -- Ensuring Eigen3 include directory is part of orocos-kdl CMake target
[4.277s] -- Found ament_cmake_gmock: 1.3.5 (/opt/ros/humble/share/ament_cmake_gmock/cmake)
[4.290s] -- Found gmock sources under '/opt/ros/humble/src/gmock_vendor': C++ tests using 'Google Mock' will be built
[4.305s] -- Found ament_cmake_gtest: 1.3.5 (/opt/ros/humble/share/ament_cmake_gtest/cmake)
[4.305s] -- Found gtest sources under '/opt/ros/humble/src/gtest_vendor': C++ tests using 'Google Test' will be built
[4.364s] -- Configuring done
[4.470s] -- Generating done
[4.473s] -- Build files have been written to: /workspaces/aprs/aprs_ws/build/ur_calibration
[4.486s] Invoked command in '/workspaces/aprs/aprs_ws/build/ur_calibration' returned '0': AMENT_PREFIX_PATH=/workspaces/aprs/aprs_ws/install/ur_robot_driver:/workspaces/aprs/aprs_ws/install/ur_controllers:/workspaces/aprs/aprs_ws/install/ur_msgs:/workspaces/aprs/aprs_ws/install/ur_description:/workspaces/aprs/aprs_ws/install/ur_dashboard_msgs:${AMENT_PREFIX_PATH} CMAKE_PREFIX_PATH=/workspaces/aprs/aprs_ws/install/ur_robot_driver:/workspaces/aprs/aprs_ws/install/ur_controllers:/workspaces/aprs/aprs_ws/install/ur_msgs:/workspaces/aprs/aprs_ws/install/ur_description:/workspaces/aprs/aprs_ws/install/ur_dashboard_msgs:/workspaces/aprs/aprs_ws/install/ur_client_library:/opt/ros/humble LD_LIBRARY_PATH=/workspaces/aprs/aprs_ws/install/ur_robot_driver/lib:/workspaces/aprs/aprs_ws/install/ur_controllers/lib:/workspaces/aprs/aprs_ws/install/ur_msgs/lib:/workspaces/aprs/aprs_ws/install/ur_dashboard_msgs/lib:/workspaces/aprs/aprs_ws/install/ur_client_library/lib:${LD_LIBRARY_PATH} PATH=/workspaces/aprs/aprs_ws/install/ur_robot_driver/bin:${PATH} PKG_CONFIG_PATH=/workspaces/aprs/aprs_ws/install/ur_client_library/lib/x86_64-linux-gnu/pkgconfig:/workspaces/aprs/aprs_ws/install/ur_client_library/lib/pkgconfig PYTHONPATH=/workspaces/aprs/aprs_ws/install/ur_robot_driver/local/lib/python3.10/dist-packages:/workspaces/aprs/aprs_ws/install/ur_msgs/local/lib/python3.10/dist-packages:/workspaces/aprs/aprs_ws/install/ur_dashboard_msgs/local/lib/python3.10/dist-packages:${PYTHONPATH} /usr/bin/cmake /workspaces/aprs/aprs_ws/src/Universal_Robots_ROS2_Driver/ur_calibration -DBUILD_TESTING=ON -DCMAKE_INSTALL_PREFIX=/workspaces/aprs/aprs_ws/install/ur_calibration
[4.488s] Invoking command in '/workspaces/aprs/aprs_ws/build/ur_calibration': AMENT_PREFIX_PATH=/workspaces/aprs/aprs_ws/install/ur_robot_driver:/workspaces/aprs/aprs_ws/install/ur_controllers:/workspaces/aprs/aprs_ws/install/ur_msgs:/workspaces/aprs/aprs_ws/install/ur_description:/workspaces/aprs/aprs_ws/install/ur_dashboard_msgs:${AMENT_PREFIX_PATH} CMAKE_PREFIX_PATH=/workspaces/aprs/aprs_ws/install/ur_robot_driver:/workspaces/aprs/aprs_ws/install/ur_controllers:/workspaces/aprs/aprs_ws/install/ur_msgs:/workspaces/aprs/aprs_ws/install/ur_description:/workspaces/aprs/aprs_ws/install/ur_dashboard_msgs:/workspaces/aprs/aprs_ws/install/ur_client_library:/opt/ros/humble LD_LIBRARY_PATH=/workspaces/aprs/aprs_ws/install/ur_robot_driver/lib:/workspaces/aprs/aprs_ws/install/ur_controllers/lib:/workspaces/aprs/aprs_ws/install/ur_msgs/lib:/workspaces/aprs/aprs_ws/install/ur_dashboard_msgs/lib:/workspaces/aprs/aprs_ws/install/ur_client_library/lib:${LD_LIBRARY_PATH} PATH=/workspaces/aprs/aprs_ws/install/ur_robot_driver/bin:${PATH} PKG_CONFIG_PATH=/workspaces/aprs/aprs_ws/install/ur_client_library/lib/x86_64-linux-gnu/pkgconfig:/workspaces/aprs/aprs_ws/install/ur_client_library/lib/pkgconfig PYTHONPATH=/workspaces/aprs/aprs_ws/install/ur_robot_driver/local/lib/python3.10/dist-packages:/workspaces/aprs/aprs_ws/install/ur_msgs/local/lib/python3.10/dist-packages:/workspaces/aprs/aprs_ws/install/ur_dashboard_msgs/local/lib/python3.10/dist-packages:${PYTHONPATH} /usr/bin/cmake --build /workspaces/aprs/aprs_ws/build/ur_calibration -- -j16 -l16
[4.547s] [ 41%] [32mBuilding CXX object CMakeFiles/calibration.dir/src/calibration.cpp.o[0m
[4.547s] [ 41%] [32mBuilding CXX object gmock/CMakeFiles/gmock.dir/opt/ros/humble/src/gtest_vendor/src/gtest-all.cc.o[0m
[4.547s] [ 41%] [32mBuilding CXX object gmock/CMakeFiles/gmock_main.dir/src/gmock_main.cc.o[0m
[4.547s] [ 41%] [32mBuilding CXX object gmock/CMakeFiles/gmock.dir/src/gmock-all.cc.o[0m
[4.548s] [ 41%] [32mBuilding CXX object CMakeFiles/calibration.dir/src/calibration_consumer.cpp.o[0m
[5.733s] [ 50%] [32m[1mLinking CXX static library libgmock_main.a[0m
[5.775s] [ 50%] Built target gmock_main
[11.922s] [ 58%] [32m[1mLinking CXX static library libgmock.a[0m
[12.047s] [ 58%] Built target gmock
[12.981s] [ 66%] [32m[1mLinking CXX static library libcalibration.a[0m
[13.094s] [ 66%] Built target calibration
[13.117s] [ 83%] [32mBuilding CXX object CMakeFiles/calibration_test.dir/test/calibration_test.cpp.o[0m
[13.117s] [ 83%] [32mBuilding CXX object CMakeFiles/calibration_correction.dir/src/calibration_correction.cpp.o[0m
[18.419s] [ 91%] [32m[1mLinking CXX executable calibration_test[0m
[18.716s] [ 91%] Built target calibration_test
[18.750s] [100%] [32m[1mLinking CXX executable calibration_correction[0m
[19.011s] [100%] Built target calibration_correction
[19.022s] Invoked command in '/workspaces/aprs/aprs_ws/build/ur_calibration' returned '0': AMENT_PREFIX_PATH=/workspaces/aprs/aprs_ws/install/ur_robot_driver:/workspaces/aprs/aprs_ws/install/ur_controllers:/workspaces/aprs/aprs_ws/install/ur_msgs:/workspaces/aprs/aprs_ws/install/ur_description:/workspaces/aprs/aprs_ws/install/ur_dashboard_msgs:${AMENT_PREFIX_PATH} CMAKE_PREFIX_PATH=/workspaces/aprs/aprs_ws/install/ur_robot_driver:/workspaces/aprs/aprs_ws/install/ur_controllers:/workspaces/aprs/aprs_ws/install/ur_msgs:/workspaces/aprs/aprs_ws/install/ur_description:/workspaces/aprs/aprs_ws/install/ur_dashboard_msgs:/workspaces/aprs/aprs_ws/install/ur_client_library:/opt/ros/humble LD_LIBRARY_PATH=/workspaces/aprs/aprs_ws/install/ur_robot_driver/lib:/workspaces/aprs/aprs_ws/install/ur_controllers/lib:/workspaces/aprs/aprs_ws/install/ur_msgs/lib:/workspaces/aprs/aprs_ws/install/ur_dashboard_msgs/lib:/workspaces/aprs/aprs_ws/install/ur_client_library/lib:${LD_LIBRARY_PATH} PATH=/workspaces/aprs/aprs_ws/install/ur_robot_driver/bin:${PATH} PKG_CONFIG_PATH=/workspaces/aprs/aprs_ws/install/ur_client_library/lib/x86_64-linux-gnu/pkgconfig:/workspaces/aprs/aprs_ws/install/ur_client_library/lib/pkgconfig PYTHONPATH=/workspaces/aprs/aprs_ws/install/ur_robot_driver/local/lib/python3.10/dist-packages:/workspaces/aprs/aprs_ws/install/ur_msgs/local/lib/python3.10/dist-packages:/workspaces/aprs/aprs_ws/install/ur_dashboard_msgs/local/lib/python3.10/dist-packages:${PYTHONPATH} /usr/bin/cmake --build /workspaces/aprs/aprs_ws/build/ur_calibration -- -j16 -l16
[19.061s] Invoking command in '/workspaces/aprs/aprs_ws/build/ur_calibration': AMENT_PREFIX_PATH=/workspaces/aprs/aprs_ws/install/ur_robot_driver:/workspaces/aprs/aprs_ws/install/ur_controllers:/workspaces/aprs/aprs_ws/install/ur_msgs:/workspaces/aprs/aprs_ws/install/ur_description:/workspaces/aprs/aprs_ws/install/ur_dashboard_msgs:${AMENT_PREFIX_PATH} CMAKE_PREFIX_PATH=/workspaces/aprs/aprs_ws/install/ur_robot_driver:/workspaces/aprs/aprs_ws/install/ur_controllers:/workspaces/aprs/aprs_ws/install/ur_msgs:/workspaces/aprs/aprs_ws/install/ur_description:/workspaces/aprs/aprs_ws/install/ur_dashboard_msgs:/workspaces/aprs/aprs_ws/install/ur_client_library:/opt/ros/humble LD_LIBRARY_PATH=/workspaces/aprs/aprs_ws/install/ur_robot_driver/lib:/workspaces/aprs/aprs_ws/install/ur_controllers/lib:/workspaces/aprs/aprs_ws/install/ur_msgs/lib:/workspaces/aprs/aprs_ws/install/ur_dashboard_msgs/lib:/workspaces/aprs/aprs_ws/install/ur_client_library/lib:${LD_LIBRARY_PATH} PATH=/workspaces/aprs/aprs_ws/install/ur_robot_driver/bin:${PATH} PKG_CONFIG_PATH=/workspaces/aprs/aprs_ws/install/ur_client_library/lib/x86_64-linux-gnu/pkgconfig:/workspaces/aprs/aprs_ws/install/ur_client_library/lib/pkgconfig PYTHONPATH=/workspaces/aprs/aprs_ws/install/ur_robot_driver/local/lib/python3.10/dist-packages:/workspaces/aprs/aprs_ws/install/ur_msgs/local/lib/python3.10/dist-packages:/workspaces/aprs/aprs_ws/install/ur_dashboard_msgs/local/lib/python3.10/dist-packages:${PYTHONPATH} /usr/bin/cmake --install /workspaces/aprs/aprs_ws/build/ur_calibration
[19.069s] -- Install configuration: "RelWithDebInfo"
[19.069s] -- Installing: /workspaces/aprs/aprs_ws/install/ur_calibration/lib/ur_calibration/calibration_correction
[19.080s] -- Set runtime path of "/workspaces/aprs/aprs_ws/install/ur_calibration/lib/ur_calibration/calibration_correction" to ""
[19.080s] -- Installing: /workspaces/aprs/aprs_ws/install/ur_calibration/include
[19.080s] -- Installing: /workspaces/aprs/aprs_ws/install/ur_calibration/include/ur_calibration
[19.080s] -- Installing: /workspaces/aprs/aprs_ws/install/ur_calibration/include/ur_calibration/calibration_consumer.hpp
[19.081s] -- Installing: /workspaces/aprs/aprs_ws/install/ur_calibration/include/ur_calibration/calibration.hpp
[19.081s] -- Installing: /workspaces/aprs/aprs_ws/install/ur_calibration/share/ur_calibration/launch
[19.081s] -- Installing: /workspaces/aprs/aprs_ws/install/ur_calibration/share/ur_calibration/launch/calibration_correction.launch.py
[19.081s] -- Installing: /workspaces/aprs/aprs_ws/install/ur_calibration/share/ament_index/resource_index/package_run_dependencies/ur_calibration
[19.081s] -- Installing: /workspaces/aprs/aprs_ws/install/ur_calibration/share/ament_index/resource_index/parent_prefix_path/ur_calibration
[19.081s] -- Installing: /workspaces/aprs/aprs_ws/install/ur_calibration/share/ur_calibration/environment/ament_prefix_path.sh
[19.081s] -- Installing: /workspaces/aprs/aprs_ws/install/ur_calibration/share/ur_calibration/environment/ament_prefix_path.dsv
[19.082s] -- Installing: /workspaces/aprs/aprs_ws/install/ur_calibration/share/ur_calibration/environment/path.sh
[19.082s] -- Installing: /workspaces/aprs/aprs_ws/install/ur_calibration/share/ur_calibration/environment/path.dsv
[19.082s] -- Installing: /workspaces/aprs/aprs_ws/install/ur_calibration/share/ur_calibration/local_setup.bash
[19.082s] -- Installing: /workspaces/aprs/aprs_ws/install/ur_calibration/share/ur_calibration/local_setup.sh
[19.082s] -- Installing: /workspaces/aprs/aprs_ws/install/ur_calibration/share/ur_calibration/local_setup.zsh
[19.082s] -- Installing: /workspaces/aprs/aprs_ws/install/ur_calibration/share/ur_calibration/local_setup.dsv
[19.083s] -- Installing: /workspaces/aprs/aprs_ws/install/ur_calibration/share/ur_calibration/package.dsv
[19.083s] -- Installing: /workspaces/aprs/aprs_ws/install/ur_calibration/share/ament_index/resource_index/packages/ur_calibration
[19.083s] -- Installing: /workspaces/aprs/aprs_ws/install/ur_calibration/share/ur_calibration/cmake/ament_cmake_export_include_directories-extras.cmake
[19.083s] -- Installing: /workspaces/aprs/aprs_ws/install/ur_calibration/share/ur_calibration/cmake/ament_cmake_export_dependencies-extras.cmake
[19.083s] -- Installing: /workspaces/aprs/aprs_ws/install/ur_calibration/share/ur_calibration/cmake/ur_calibrationConfig.cmake
[19.083s] -- Installing: /workspaces/aprs/aprs_ws/install/ur_calibration/share/ur_calibration/cmake/ur_calibrationConfig-version.cmake
[19.083s] -- Installing: /workspaces/aprs/aprs_ws/install/ur_calibration/share/ur_calibration/package.xml
[19.086s] Invoked command in '/workspaces/aprs/aprs_ws/build/ur_calibration' returned '0': AMENT_PREFIX_PATH=/workspaces/aprs/aprs_ws/install/ur_robot_driver:/workspaces/aprs/aprs_ws/install/ur_controllers:/workspaces/aprs/aprs_ws/install/ur_msgs:/workspaces/aprs/aprs_ws/install/ur_description:/workspaces/aprs/aprs_ws/install/ur_dashboard_msgs:${AMENT_PREFIX_PATH} CMAKE_PREFIX_PATH=/workspaces/aprs/aprs_ws/install/ur_robot_driver:/workspaces/aprs/aprs_ws/install/ur_controllers:/workspaces/aprs/aprs_ws/install/ur_msgs:/workspaces/aprs/aprs_ws/install/ur_description:/workspaces/aprs/aprs_ws/install/ur_dashboard_msgs:/workspaces/aprs/aprs_ws/install/ur_client_library:/opt/ros/humble LD_LIBRARY_PATH=/workspaces/aprs/aprs_ws/install/ur_robot_driver/lib:/workspaces/aprs/aprs_ws/install/ur_controllers/lib:/workspaces/aprs/aprs_ws/install/ur_msgs/lib:/workspaces/aprs/aprs_ws/install/ur_dashboard_msgs/lib:/workspaces/aprs/aprs_ws/install/ur_client_library/lib:${LD_LIBRARY_PATH} PATH=/workspaces/aprs/aprs_ws/install/ur_robot_driver/bin:${PATH} PKG_CONFIG_PATH=/workspaces/aprs/aprs_ws/install/ur_client_library/lib/x86_64-linux-gnu/pkgconfig:/workspaces/aprs/aprs_ws/install/ur_client_library/lib/pkgconfig PYTHONPATH=/workspaces/aprs/aprs_ws/install/ur_robot_driver/local/lib/python3.10/dist-packages:/workspaces/aprs/aprs_ws/install/ur_msgs/local/lib/python3.10/dist-packages:/workspaces/aprs/aprs_ws/install/ur_dashboard_msgs/local/lib/python3.10/dist-packages:${PYTHONPATH} /usr/bin/cmake --install /workspaces/aprs/aprs_ws/build/ur_calibration
