[0.019s] Invoking command in '/workspaces/aprs/aprs_ws/build/franka_description': CMAKE_PREFIX_PATH=/opt/ros/rolling /usr/bin/cmake /workspaces/aprs/aprs_ws/src/franka_description -DBUILD_TESTING=ON -DCMAKE_INSTALL_PREFIX=/workspaces/aprs/aprs_ws/install/franka_description
[0.089s] -- The C compiler identification is GNU 11.3.0
[0.148s] -- The CXX compiler identification is GNU 11.3.0
[0.154s] -- Detecting C compiler ABI info
[0.218s] -- Detecting C compiler ABI info - done
[0.227s] -- Check for working C compiler: /usr/bin/cc - skipped
[0.227s] -- Detecting C compile features
[0.228s] -- Detecting C compile features - done
[0.231s] -- Detecting CXX compiler ABI info
[0.295s] -- Detecting CXX compiler ABI info - done
[0.301s] -- Check for working CXX compiler: /usr/bin/c++ - skipped
[0.301s] -- Detecting CXX compile features
[0.301s] -- Detecting CXX compile features - done
[0.306s] -- Found ament_cmake: 2.2.1 (/opt/ros/rolling/share/ament_cmake/cmake)
[0.438s] -- Found Python3: /usr/bin/python3.10 (found version "3.10.6") found components: Interpreter 
[0.540s] -- Found ament_lint_auto: 0.15.2 (/opt/ros/rolling/share/ament_lint_auto/cmake)
[0.611s] -- Added test 'copyright' to check source files copyright and LICENSE
[0.613s] -- Added test 'flake8' to check Python code syntax and style conventions
[0.613s] -- Configured 'flake8' exclude dirs and/or files: 
[0.613s] -- Added test 'lint_cmake' to check CMake code style
[0.614s] -- Added test 'pep257' to check Python code against some of the docstring style conventions in PEP 257
[0.615s] -- Added test 'xmllint' to check XML markup files
[0.616s] -- Configuring done
[0.619s] -- Generating done
[0.620s] -- Build files have been written to: /workspaces/aprs/aprs_ws/build/franka_description
[0.626s] Invoked command in '/workspaces/aprs/aprs_ws/build/franka_description' returned '0': CMAKE_PREFIX_PATH=/opt/ros/rolling /usr/bin/cmake /workspaces/aprs/aprs_ws/src/franka_description -DBUILD_TESTING=ON -DCMAKE_INSTALL_PREFIX=/workspaces/aprs/aprs_ws/install/franka_description
[0.628s] Invoking command in '/workspaces/aprs/aprs_ws/build/franka_description': CMAKE_PREFIX_PATH=/opt/ros/rolling /usr/bin/cmake --build /workspaces/aprs/aprs_ws/build/franka_description -- -j16 -l16
[0.652s] Invoked command in '/workspaces/aprs/aprs_ws/build/franka_description' returned '0': CMAKE_PREFIX_PATH=/opt/ros/rolling /usr/bin/cmake --build /workspaces/aprs/aprs_ws/build/franka_description -- -j16 -l16
[0.678s] Invoking command in '/workspaces/aprs/aprs_ws/build/franka_description': CMAKE_PREFIX_PATH=/opt/ros/rolling /usr/bin/cmake --install /workspaces/aprs/aprs_ws/build/franka_description
[0.682s] -- Install configuration: ""
[0.682s] -- Installing: /workspaces/aprs/aprs_ws/install/franka_description/share/franka_description//launch
[0.682s] -- Installing: /workspaces/aprs/aprs_ws/install/franka_description/share/franka_description//launch/visualize_franka.launch.py
[0.683s] -- Installing: /workspaces/aprs/aprs_ws/install/franka_description/share/franka_description//robots
[0.683s] -- Installing: /workspaces/aprs/aprs_ws/install/franka_description/share/franka_description//robots/panda_arm.ros2_control.xacro
[0.683s] -- Installing: /workspaces/aprs/aprs_ws/install/franka_description/share/franka_description//robots/hand.xacro
[0.683s] -- Installing: /workspaces/aprs/aprs_ws/install/franka_description/share/franka_description//robots/hand.urdf.xacro
[0.683s] -- Installing: /workspaces/aprs/aprs_ws/install/franka_description/share/franka_description//robots/panda_arm.xacro
[0.683s] -- Installing: /workspaces/aprs/aprs_ws/install/franka_description/share/franka_description//robots/panda_arm.urdf.xacro
[0.683s] -- Installing: /workspaces/aprs/aprs_ws/install/franka_description/share/franka_description//meshes
[0.683s] -- Installing: /workspaces/aprs/aprs_ws/install/franka_description/share/franka_description//meshes/cart.stl
[0.693s] -- Installing: /workspaces/aprs/aprs_ws/install/franka_description/share/franka_description//meshes/visual
[0.694s] -- Installing: /workspaces/aprs/aprs_ws/install/franka_description/share/franka_description//meshes/visual/link2.dae
[0.694s] -- Installing: /workspaces/aprs/aprs_ws/install/franka_description/share/franka_description//meshes/visual/link0.dae
[0.697s] -- Installing: /workspaces/aprs/aprs_ws/install/franka_description/share/franka_description//meshes/visual/hand.dae
[0.697s] -- Installing: /workspaces/aprs/aprs_ws/install/franka_description/share/franka_description//meshes/visual/link4.dae
[0.699s] -- Installing: /workspaces/aprs/aprs_ws/install/franka_description/share/franka_description//meshes/visual/link6.dae
[0.704s] -- Installing: /workspaces/aprs/aprs_ws/install/franka_description/share/franka_description//meshes/visual/link5.dae
[0.704s] -- Installing: /workspaces/aprs/aprs_ws/install/franka_description/share/franka_description//meshes/visual/link1.dae
[0.706s] -- Installing: /workspaces/aprs/aprs_ws/install/franka_description/share/franka_description//meshes/visual/finger.dae
[0.706s] -- Installing: /workspaces/aprs/aprs_ws/install/franka_description/share/franka_description//meshes/visual/link7.dae
[0.708s] -- Installing: /workspaces/aprs/aprs_ws/install/franka_description/share/franka_description//meshes/visual/link3.dae
[0.711s] -- Installing: /workspaces/aprs/aprs_ws/install/franka_description/share/franka_description//meshes/camera_mount.stl
[0.712s] -- Installing: /workspaces/aprs/aprs_ws/install/franka_description/share/franka_description//meshes/table.stl
[0.712s] -- Installing: /workspaces/aprs/aprs_ws/install/franka_description/share/franka_description//rviz
[0.712s] -- Installing: /workspaces/aprs/aprs_ws/install/franka_description/share/franka_description//rviz/visualize_franka.rviz
[0.712s] -- Installing: /workspaces/aprs/aprs_ws/install/franka_description/share/franka_description//urdf
[0.712s] -- Installing: /workspaces/aprs/aprs_ws/install/franka_description/share/franka_description//urdf/panda.urdf.xacro
[0.713s] -- Installing: /workspaces/aprs/aprs_ws/install/franka_description/share/ament_index/resource_index/package_run_dependencies/franka_description
[0.713s] -- Installing: /workspaces/aprs/aprs_ws/install/franka_description/share/ament_index/resource_index/parent_prefix_path/franka_description
[0.713s] -- Installing: /workspaces/aprs/aprs_ws/install/franka_description/share/franka_description/environment/ament_prefix_path.sh
[0.713s] -- Installing: /workspaces/aprs/aprs_ws/install/franka_description/share/franka_description/environment/ament_prefix_path.dsv
[0.713s] -- Installing: /workspaces/aprs/aprs_ws/install/franka_description/share/franka_description/environment/path.sh
[0.713s] -- Installing: /workspaces/aprs/aprs_ws/install/franka_description/share/franka_description/environment/path.dsv
[0.713s] -- Installing: /workspaces/aprs/aprs_ws/install/franka_description/share/franka_description/local_setup.bash
[0.713s] -- Installing: /workspaces/aprs/aprs_ws/install/franka_description/share/franka_description/local_setup.sh
[0.714s] -- Installing: /workspaces/aprs/aprs_ws/install/franka_description/share/franka_description/local_setup.zsh
[0.714s] -- Installing: /workspaces/aprs/aprs_ws/install/franka_description/share/franka_description/local_setup.dsv
[0.714s] -- Installing: /workspaces/aprs/aprs_ws/install/franka_description/share/franka_description/package.dsv
[0.714s] -- Installing: /workspaces/aprs/aprs_ws/install/franka_description/share/ament_index/resource_index/packages/franka_description
[0.714s] -- Installing: /workspaces/aprs/aprs_ws/install/franka_description/share/franka_description/cmake/franka_descriptionConfig.cmake
[0.714s] -- Installing: /workspaces/aprs/aprs_ws/install/franka_description/share/franka_description/cmake/franka_descriptionConfig-version.cmake
[0.714s] -- Installing: /workspaces/aprs/aprs_ws/install/franka_description/share/franka_description/package.xml
[0.718s] Invoked command in '/workspaces/aprs/aprs_ws/build/franka_description' returned '0': CMAKE_PREFIX_PATH=/opt/ros/rolling /usr/bin/cmake --install /workspaces/aprs/aprs_ws/build/franka_description
