[0.090s] Invoking command in '/workspaces/aprs_humble/aprs_ws/build/franka_setup': CMAKE_PREFIX_PATH=${CMAKE_PREFIX_PATH}:/workspaces/aprs_humble/aprs_ws/install/rqt_controller_manager:/workspaces/aprs_humble/aprs_ws/install/ros2controlcli:/opt/ros/humble /usr/bin/cmake --build /workspaces/aprs_humble/aprs_ws/build/franka_setup -- -j16 -l16
[0.216s] [100%] Built target franka_setup
[0.312s] Invoked command in '/workspaces/aprs_humble/aprs_ws/build/franka_setup' returned '0': CMAKE_PREFIX_PATH=${CMAKE_PREFIX_PATH}:/workspaces/aprs_humble/aprs_ws/install/rqt_controller_manager:/workspaces/aprs_humble/aprs_ws/install/ros2controlcli:/opt/ros/humble /usr/bin/cmake --build /workspaces/aprs_humble/aprs_ws/build/franka_setup -- -j16 -l16
[0.504s] Invoking command in '/workspaces/aprs_humble/aprs_ws/build/franka_setup': CMAKE_PREFIX_PATH=${CMAKE_PREFIX_PATH}:/workspaces/aprs_humble/aprs_ws/install/rqt_controller_manager:/workspaces/aprs_humble/aprs_ws/install/ros2controlcli:/opt/ros/humble /usr/bin/cmake --install /workspaces/aprs_humble/aprs_ws/build/franka_setup
[0.547s] -- Install configuration: ""
[0.547s] -- Up-to-date: /workspaces/aprs_humble/aprs_ws/install/franka_setup/share/franka_setup//launch
[0.547s] -- Up-to-date: /workspaces/aprs_humble/aprs_ws/install/franka_setup/share/franka_setup//launch/franka_setup.launch.py
[0.547s] -- Up-to-date: /workspaces/aprs_humble/aprs_ws/install/franka_setup/lib/franka_setup/franka_setup
[0.548s] -- Up-to-date: /workspaces/aprs_humble/aprs_ws/install/franka_setup/share/ament_index/resource_index/package_run_dependencies/franka_setup
[0.549s] -- Up-to-date: /workspaces/aprs_humble/aprs_ws/install/franka_setup/share/ament_index/resource_index/parent_prefix_path/franka_setup
[0.549s] -- Up-to-date: /workspaces/aprs_humble/aprs_ws/install/franka_setup/share/franka_setup/environment/ament_prefix_path.sh
[0.549s] -- Up-to-date: /workspaces/aprs_humble/aprs_ws/install/franka_setup/share/franka_setup/environment/ament_prefix_path.dsv
[0.549s] -- Up-to-date: /workspaces/aprs_humble/aprs_ws/install/franka_setup/share/franka_setup/environment/path.sh
[0.549s] -- Up-to-date: /workspaces/aprs_humble/aprs_ws/install/franka_setup/share/franka_setup/environment/path.dsv
[0.549s] -- Up-to-date: /workspaces/aprs_humble/aprs_ws/install/franka_setup/share/franka_setup/local_setup.bash
[0.552s] -- Up-to-date: /workspaces/aprs_humble/aprs_ws/install/franka_setup/share/franka_setup/local_setup.sh
[0.552s] -- Up-to-date: /workspaces/aprs_humble/aprs_ws/install/franka_setup/share/franka_setup/local_setup.zsh
[0.553s] -- Up-to-date: /workspaces/aprs_humble/aprs_ws/install/franka_setup/share/franka_setup/local_setup.dsv
[0.553s] -- Up-to-date: /workspaces/aprs_humble/aprs_ws/install/franka_setup/share/franka_setup/package.dsv
[0.553s] -- Up-to-date: /workspaces/aprs_humble/aprs_ws/install/franka_setup/share/ament_index/resource_index/packages/franka_setup
[0.553s] -- Up-to-date: /workspaces/aprs_humble/aprs_ws/install/franka_setup/share/franka_setup/cmake/franka_setupConfig.cmake
[0.553s] -- Up-to-date: /workspaces/aprs_humble/aprs_ws/install/franka_setup/share/franka_setup/cmake/franka_setupConfig-version.cmake
[0.554s] -- Up-to-date: /workspaces/aprs_humble/aprs_ws/install/franka_setup/share/franka_setup/package.xml
[0.620s] Invoked command in '/workspaces/aprs_humble/aprs_ws/build/franka_setup' returned '0': CMAKE_PREFIX_PATH=${CMAKE_PREFIX_PATH}:/workspaces/aprs_humble/aprs_ws/install/rqt_controller_manager:/workspaces/aprs_humble/aprs_ws/install/ros2controlcli:/opt/ros/humble /usr/bin/cmake --install /workspaces/aprs_humble/aprs_ws/build/franka_setup
