[0.350s] Invoking command in '/workspaces/aprs/aprs_ws/build/fanuc_moveit_config': CMAKE_PREFIX_PATH=${CMAKE_PREFIX_PATH}:/opt/ros/humble /usr/bin/cmake --build /workspaces/aprs/aprs_ws/build/fanuc_moveit_config -- -j16 -l16
[0.509s] Invoked command in '/workspaces/aprs/aprs_ws/build/fanuc_moveit_config' returned '0': CMAKE_PREFIX_PATH=${CMAKE_PREFIX_PATH}:/opt/ros/humble /usr/bin/cmake --build /workspaces/aprs/aprs_ws/build/fanuc_moveit_config -- -j16 -l16
[0.614s] Invoking command in '/workspaces/aprs/aprs_ws/build/fanuc_moveit_config': CMAKE_PREFIX_PATH=${CMAKE_PREFIX_PATH}:/opt/ros/humble /usr/bin/cmake --install /workspaces/aprs/aprs_ws/build/fanuc_moveit_config
[0.665s] -- Install configuration: ""
[0.665s] -- Up-to-date: /workspaces/aprs/aprs_ws/install/fanuc_moveit_config/share/ament_index/resource_index/package_run_dependencies/fanuc_moveit_config
[0.665s] -- Up-to-date: /workspaces/aprs/aprs_ws/install/fanuc_moveit_config/share/ament_index/resource_index/parent_prefix_path/fanuc_moveit_config
[0.665s] -- Up-to-date: /workspaces/aprs/aprs_ws/install/fanuc_moveit_config/share/fanuc_moveit_config/environment/ament_prefix_path.sh
[0.666s] -- Up-to-date: /workspaces/aprs/aprs_ws/install/fanuc_moveit_config/share/fanuc_moveit_config/environment/ament_prefix_path.dsv
[0.666s] -- Up-to-date: /workspaces/aprs/aprs_ws/install/fanuc_moveit_config/share/fanuc_moveit_config/environment/path.sh
[0.666s] -- Up-to-date: /workspaces/aprs/aprs_ws/install/fanuc_moveit_config/share/fanuc_moveit_config/environment/path.dsv
[0.666s] -- Up-to-date: /workspaces/aprs/aprs_ws/install/fanuc_moveit_config/share/fanuc_moveit_config/local_setup.bash
[0.666s] -- Up-to-date: /workspaces/aprs/aprs_ws/install/fanuc_moveit_config/share/fanuc_moveit_config/local_setup.sh
[0.666s] -- Up-to-date: /workspaces/aprs/aprs_ws/install/fanuc_moveit_config/share/fanuc_moveit_config/local_setup.zsh
[0.666s] -- Up-to-date: /workspaces/aprs/aprs_ws/install/fanuc_moveit_config/share/fanuc_moveit_config/local_setup.dsv
[0.666s] -- Installing: /workspaces/aprs/aprs_ws/install/fanuc_moveit_config/share/fanuc_moveit_config/package.dsv
[0.666s] -- Up-to-date: /workspaces/aprs/aprs_ws/install/fanuc_moveit_config/share/ament_index/resource_index/packages/fanuc_moveit_config
[0.667s] -- Up-to-date: /workspaces/aprs/aprs_ws/install/fanuc_moveit_config/share/fanuc_moveit_config/cmake/fanuc_moveit_configConfig.cmake
[0.667s] -- Up-to-date: /workspaces/aprs/aprs_ws/install/fanuc_moveit_config/share/fanuc_moveit_config/cmake/fanuc_moveit_configConfig-version.cmake
[0.667s] -- Up-to-date: /workspaces/aprs/aprs_ws/install/fanuc_moveit_config/share/fanuc_moveit_config/package.xml
[0.667s] -- Up-to-date: /workspaces/aprs/aprs_ws/install/fanuc_moveit_config/share/fanuc_moveit_config/launch
[0.667s] -- Up-to-date: /workspaces/aprs/aprs_ws/install/fanuc_moveit_config/share/fanuc_moveit_config/launch/trajectory_execution.launch.xml
[0.667s] -- Up-to-date: /workspaces/aprs/aprs_ws/install/fanuc_moveit_config/share/fanuc_moveit_config/launch/fanuc_moveit_controller_manager.launch.xml
[0.667s] -- Up-to-date: /workspaces/aprs/aprs_ws/install/fanuc_moveit_config/share/fanuc_moveit_config/launch/chomp_planning_pipeline.launch.xml
[0.668s] -- Up-to-date: /workspaces/aprs/aprs_ws/install/fanuc_moveit_config/share/fanuc_moveit_config/launch/moveit.rviz
[0.668s] -- Up-to-date: /workspaces/aprs/aprs_ws/install/fanuc_moveit_config/share/fanuc_moveit_config/launch/demo.launch
[0.668s] -- Up-to-date: /workspaces/aprs/aprs_ws/install/fanuc_moveit_config/share/fanuc_moveit_config/launch/test_environment.launch
[0.669s] -- Up-to-date: /workspaces/aprs/aprs_ws/install/fanuc_moveit_config/share/fanuc_moveit_config/launch/planning_pipeline.launch.xml
[0.669s] -- Up-to-date: /workspaces/aprs/aprs_ws/install/fanuc_moveit_config/share/fanuc_moveit_config/launch/joystick_control.launch
[0.669s] -- Up-to-date: /workspaces/aprs/aprs_ws/install/fanuc_moveit_config/share/fanuc_moveit_config/launch/demo_gazebo.launch
[0.669s] -- Up-to-date: /workspaces/aprs/aprs_ws/install/fanuc_moveit_config/share/fanuc_moveit_config/launch/move_group.launch
[0.669s] -- Up-to-date: /workspaces/aprs/aprs_ws/install/fanuc_moveit_config/share/fanuc_moveit_config/launch/fake_moveit_controller_manager.launch.xml
[0.669s] -- Up-to-date: /workspaces/aprs/aprs_ws/install/fanuc_moveit_config/share/fanuc_moveit_config/launch/sensor_manager.launch.xml
[0.670s] -- Up-to-date: /workspaces/aprs/aprs_ws/install/fanuc_moveit_config/share/fanuc_moveit_config/launch/run_benchmark_ompl.launch
[0.670s] -- Up-to-date: /workspaces/aprs/aprs_ws/install/fanuc_moveit_config/share/fanuc_moveit_config/launch/ros_controllers.launch
[0.670s] -- Up-to-date: /workspaces/aprs/aprs_ws/install/fanuc_moveit_config/share/fanuc_moveit_config/launch/fanuc_moveit_sensor_manager.launch.xml
[0.670s] -- Up-to-date: /workspaces/aprs/aprs_ws/install/fanuc_moveit_config/share/fanuc_moveit_config/launch/demo_chomp.launch
[0.670s] -- Up-to-date: /workspaces/aprs/aprs_ws/install/fanuc_moveit_config/share/fanuc_moveit_config/launch/planning_context.launch
[0.670s] -- Up-to-date: /workspaces/aprs/aprs_ws/install/fanuc_moveit_config/share/fanuc_moveit_config/launch/default_warehouse_db.launch
[0.671s] -- Up-to-date: /workspaces/aprs/aprs_ws/install/fanuc_moveit_config/share/fanuc_moveit_config/launch/moveit_rviz.launch
[0.671s] -- Up-to-date: /workspaces/aprs/aprs_ws/install/fanuc_moveit_config/share/fanuc_moveit_config/launch/warehouse_settings.launch.xml
[0.671s] -- Up-to-date: /workspaces/aprs/aprs_ws/install/fanuc_moveit_config/share/fanuc_moveit_config/launch/warehouse.launch
[0.671s] -- Up-to-date: /workspaces/aprs/aprs_ws/install/fanuc_moveit_config/share/fanuc_moveit_config/launch/gazebo.launch
[0.671s] -- Up-to-date: /workspaces/aprs/aprs_ws/install/fanuc_moveit_config/share/fanuc_moveit_config/launch/ompl_planning_pipeline.launch.xml
[0.672s] -- Up-to-date: /workspaces/aprs/aprs_ws/install/fanuc_moveit_config/share/fanuc_moveit_config/config
[0.672s] -- Up-to-date: /workspaces/aprs/aprs_ws/install/fanuc_moveit_config/share/fanuc_moveit_config/config/fanuc.srdf
[0.672s] -- Up-to-date: /workspaces/aprs/aprs_ws/install/fanuc_moveit_config/share/fanuc_moveit_config/config/fanuc.srdf.xacro
[0.672s] -- Up-to-date: /workspaces/aprs/aprs_ws/install/fanuc_moveit_config/share/fanuc_moveit_config/config/chomp_planning.yaml
[0.672s] -- Up-to-date: /workspaces/aprs/aprs_ws/install/fanuc_moveit_config/share/fanuc_moveit_config/config/ompl_planning.yaml
[0.672s] -- Up-to-date: /workspaces/aprs/aprs_ws/install/fanuc_moveit_config/share/fanuc_moveit_config/config/joint_limits.yaml
[0.672s] -- Up-to-date: /workspaces/aprs/aprs_ws/install/fanuc_moveit_config/share/fanuc_moveit_config/config/kinematics.yaml
[0.672s] -- Up-to-date: /workspaces/aprs/aprs_ws/install/fanuc_moveit_config/share/fanuc_moveit_config/config/sensors_3d.yaml
[0.673s] -- Up-to-date: /workspaces/aprs/aprs_ws/install/fanuc_moveit_config/share/fanuc_moveit_config/config/ros_controllers.yaml
[0.673s] -- Up-to-date: /workspaces/aprs/aprs_ws/install/fanuc_moveit_config/share/fanuc_moveit_config/config/fake_controllers.yaml
[0.940s] Invoked command in '/workspaces/aprs/aprs_ws/build/fanuc_moveit_config' returned '0': CMAKE_PREFIX_PATH=${CMAKE_PREFIX_PATH}:/opt/ros/humble /usr/bin/cmake --install /workspaces/aprs/aprs_ws/build/fanuc_moveit_config
