[0.983s] Invoking command in '/workspaces/aprs/aprs_ws/build/panda_moveit_config': AMENT_PREFIX_PATH=/workspaces/aprs/aprs_ws/install/ur_description:/workspaces/aprs/aprs_ws/install/panda_description:${AMENT_PREFIX_PATH} CMAKE_PREFIX_PATH=/workspaces/aprs/aprs_ws/install/ur_description:/workspaces/aprs/aprs_ws/install/panda_description:/opt/ros/humble GZ_MODEL_PATH=/workspaces/aprs/aprs_ws/install/panda_description/share/panda_description/meshes GZ_SIM_PLUGIn_PATH=/workspaces/aprs/aprs_ws/install/panda_description/lib/panda_description GZ_SIM_RESOURCE_PATH=/workspaces/aprs/aprs_ws/install/panda_description/share /usr/bin/cmake --build /workspaces/aprs/aprs_ws/build/panda_moveit_config -- -j16 -l16
[1.080s] Built target ament_cmake_python_copy_panda_moveit_config
[1.338s] running install_scripts
[1.338s] /usr/lib/python3/dist-packages/setuptools/command/install.py:34: SetuptoolsDeprecationWarning: setup.py install is deprecated. Use build and pip and other standards-based tools.
[1.338s]   warnings.warn(
[1.338s] running egg_info
[1.339s] writing panda_moveit_config.egg-info/PKG-INFO
[1.339s] writing dependency_links to panda_moveit_config.egg-info/dependency_links.txt
[1.339s] writing top-level names to panda_moveit_config.egg-info/top_level.txt
[1.342s] reading manifest file 'panda_moveit_config.egg-info/SOURCES.txt'
[1.345s] writing manifest file 'panda_moveit_config.egg-info/SOURCES.txt'
[1.367s] running egg_info
[1.369s] writing panda_moveit_config.egg-info/PKG-INFO
[1.369s] writing dependency_links to panda_moveit_config.egg-info/dependency_links.txt
[1.369s] writing top-level names to panda_moveit_config.egg-info/top_level.txt
[1.372s] reading manifest file 'panda_moveit_config.egg-info/SOURCES.txt'
[1.372s] writing manifest file 'panda_moveit_config.egg-info/SOURCES.txt'
[1.427s] Built target ament_cmake_python_build_panda_moveit_config_egg
[1.479s] Built target ament_cmake_python_build_panda_moveit_config_scripts
[1.719s] Invoked command in '/workspaces/aprs/aprs_ws/build/panda_moveit_config' returned '0': AMENT_PREFIX_PATH=/workspaces/aprs/aprs_ws/install/ur_description:/workspaces/aprs/aprs_ws/install/panda_description:${AMENT_PREFIX_PATH} CMAKE_PREFIX_PATH=/workspaces/aprs/aprs_ws/install/ur_description:/workspaces/aprs/aprs_ws/install/panda_description:/opt/ros/humble GZ_MODEL_PATH=/workspaces/aprs/aprs_ws/install/panda_description/share/panda_description/meshes GZ_SIM_PLUGIn_PATH=/workspaces/aprs/aprs_ws/install/panda_description/lib/panda_description GZ_SIM_RESOURCE_PATH=/workspaces/aprs/aprs_ws/install/panda_description/share /usr/bin/cmake --build /workspaces/aprs/aprs_ws/build/panda_moveit_config -- -j16 -l16
[1.948s] Invoking command in '/workspaces/aprs/aprs_ws/build/panda_moveit_config': AMENT_PREFIX_PATH=/workspaces/aprs/aprs_ws/install/ur_description:/workspaces/aprs/aprs_ws/install/panda_description:${AMENT_PREFIX_PATH} CMAKE_PREFIX_PATH=/workspaces/aprs/aprs_ws/install/ur_description:/workspaces/aprs/aprs_ws/install/panda_description:/opt/ros/humble GZ_MODEL_PATH=/workspaces/aprs/aprs_ws/install/panda_description/share/panda_description/meshes GZ_SIM_PLUGIn_PATH=/workspaces/aprs/aprs_ws/install/panda_description/lib/panda_description GZ_SIM_RESOURCE_PATH=/workspaces/aprs/aprs_ws/install/panda_description/share /usr/bin/cmake --install /workspaces/aprs/aprs_ws/build/panda_moveit_config
[1.955s] -- Install configuration: ""
[1.956s] -- Up-to-date: /workspaces/aprs/aprs_ws/install/panda_moveit_config/share/panda_moveit_config/config
[1.956s] -- Up-to-date: /workspaces/aprs/aprs_ws/install/panda_moveit_config/share/panda_moveit_config/config/ompl_planning.yaml
[1.956s] -- Up-to-date: /workspaces/aprs/aprs_ws/install/panda_moveit_config/share/panda_moveit_config/config/moveit_controller_manager.yaml
[1.956s] -- Up-to-date: /workspaces/aprs/aprs_ws/install/panda_moveit_config/share/panda_moveit_config/config/joint_limits.yaml
[1.956s] -- Up-to-date: /workspaces/aprs/aprs_ws/install/panda_moveit_config/share/panda_moveit_config/config/servo.yaml
[1.956s] -- Up-to-date: /workspaces/aprs/aprs_ws/install/panda_moveit_config/share/panda_moveit_config/config/kinematics.yaml
[1.956s] -- Up-to-date: /workspaces/aprs/aprs_ws/install/panda_moveit_config/share/panda_moveit_config/config/controllers_velocity.yaml
[1.956s] -- Up-to-date: /workspaces/aprs/aprs_ws/install/panda_moveit_config/share/panda_moveit_config/config/sensors_pointcloud.yaml
[1.956s] -- Up-to-date: /workspaces/aprs/aprs_ws/install/panda_moveit_config/share/panda_moveit_config/config/controllers_position,velocity.yaml
[1.956s] -- Up-to-date: /workspaces/aprs/aprs_ws/install/panda_moveit_config/share/panda_moveit_config/config/controllers.yaml
[1.957s] -- Up-to-date: /workspaces/aprs/aprs_ws/install/panda_moveit_config/share/panda_moveit_config/config/controllers_effort.yaml
[1.957s] -- Up-to-date: /workspaces/aprs/aprs_ws/install/panda_moveit_config/share/panda_moveit_config/config/controllers_position.yaml
[1.957s] -- Up-to-date: /workspaces/aprs/aprs_ws/install/panda_moveit_config/share/panda_moveit_config/launch
[1.957s] -- Up-to-date: /workspaces/aprs/aprs_ws/install/panda_moveit_config/share/panda_moveit_config/launch/franka_moveit.launch.py
[1.957s] -- Up-to-date: /workspaces/aprs/aprs_ws/install/panda_moveit_config/share/panda_moveit_config/rviz
[1.957s] -- Up-to-date: /workspaces/aprs/aprs_ws/install/panda_moveit_config/share/panda_moveit_config/rviz/moveit.rviz
[1.957s] -- Up-to-date: /workspaces/aprs/aprs_ws/install/panda_moveit_config/share/panda_moveit_config/srdf
[1.957s] -- Up-to-date: /workspaces/aprs/aprs_ws/install/panda_moveit_config/share/panda_moveit_config/srdf/panda_arm.xacro
[1.957s] -- Up-to-date: /workspaces/aprs/aprs_ws/install/panda_moveit_config/share/panda_moveit_config/srdf/panda_gripper.xacro
[1.958s] -- Up-to-date: /workspaces/aprs/aprs_ws/install/panda_moveit_config/share/panda_moveit_config/srdf/panda.srdf
[1.959s] -- Up-to-date: /workspaces/aprs/aprs_ws/install/panda_moveit_config/share/panda_moveit_config/srdf/panda.srdf.xacro
[1.959s] -- Up-to-date: /workspaces/aprs/aprs_ws/install/panda_moveit_config/share/panda_moveit_config/environment/pythonpath.sh
[1.960s] -- Up-to-date: /workspaces/aprs/aprs_ws/install/panda_moveit_config/share/panda_moveit_config/environment/pythonpath.dsv
[1.960s] -- Up-to-date: /workspaces/aprs/aprs_ws/install/panda_moveit_config/local/lib/python3.10/dist-packages/panda_moveit_config-3.0.0-py3.10.egg-info
[1.960s] -- Installing: /workspaces/aprs/aprs_ws/install/panda_moveit_config/local/lib/python3.10/dist-packages/panda_moveit_config-3.0.0-py3.10.egg-info/dependency_links.txt
[1.961s] -- Installing: /workspaces/aprs/aprs_ws/install/panda_moveit_config/local/lib/python3.10/dist-packages/panda_moveit_config-3.0.0-py3.10.egg-info/top_level.txt
[1.961s] -- Installing: /workspaces/aprs/aprs_ws/install/panda_moveit_config/local/lib/python3.10/dist-packages/panda_moveit_config-3.0.0-py3.10.egg-info/PKG-INFO
[1.961s] -- Installing: /workspaces/aprs/aprs_ws/install/panda_moveit_config/local/lib/python3.10/dist-packages/panda_moveit_config-3.0.0-py3.10.egg-info/SOURCES.txt
[1.961s] -- Up-to-date: /workspaces/aprs/aprs_ws/install/panda_moveit_config/lib/panda_moveit_config/
[1.962s] -- Up-to-date: /workspaces/aprs/aprs_ws/install/panda_moveit_config/local/lib/python3.10/dist-packages/panda_moveit_config
[1.962s] -- Up-to-date: /workspaces/aprs/aprs_ws/install/panda_moveit_config/local/lib/python3.10/dist-packages/panda_moveit_config/parameters.py
[1.962s] -- Up-to-date: /workspaces/aprs/aprs_ws/install/panda_moveit_config/local/lib/python3.10/dist-packages/panda_moveit_config/__init__.py
[1.992s] Listing '/workspaces/aprs/aprs_ws/install/panda_moveit_config/local/lib/python3.10/dist-packages/panda_moveit_config'...
[1.998s] -- Up-to-date: /workspaces/aprs/aprs_ws/install/panda_moveit_config/share/ament_index/resource_index/package_run_dependencies/panda_moveit_config
[1.999s] -- Up-to-date: /workspaces/aprs/aprs_ws/install/panda_moveit_config/share/ament_index/resource_index/parent_prefix_path/panda_moveit_config
[1.999s] -- Up-to-date: /workspaces/aprs/aprs_ws/install/panda_moveit_config/share/panda_moveit_config/environment/ament_prefix_path.sh
[1.999s] -- Up-to-date: /workspaces/aprs/aprs_ws/install/panda_moveit_config/share/panda_moveit_config/environment/ament_prefix_path.dsv
[1.999s] -- Up-to-date: /workspaces/aprs/aprs_ws/install/panda_moveit_config/share/panda_moveit_config/environment/path.sh
[1.999s] -- Up-to-date: /workspaces/aprs/aprs_ws/install/panda_moveit_config/share/panda_moveit_config/environment/path.dsv
[2.000s] -- Up-to-date: /workspaces/aprs/aprs_ws/install/panda_moveit_config/share/panda_moveit_config/local_setup.bash
[2.000s] -- Up-to-date: /workspaces/aprs/aprs_ws/install/panda_moveit_config/share/panda_moveit_config/local_setup.sh
[2.000s] -- Up-to-date: /workspaces/aprs/aprs_ws/install/panda_moveit_config/share/panda_moveit_config/local_setup.zsh
[2.000s] -- Up-to-date: /workspaces/aprs/aprs_ws/install/panda_moveit_config/share/panda_moveit_config/local_setup.dsv
[2.000s] -- Installing: /workspaces/aprs/aprs_ws/install/panda_moveit_config/share/panda_moveit_config/package.dsv
[2.001s] -- Up-to-date: /workspaces/aprs/aprs_ws/install/panda_moveit_config/share/ament_index/resource_index/packages/panda_moveit_config
[2.001s] -- Up-to-date: /workspaces/aprs/aprs_ws/install/panda_moveit_config/share/panda_moveit_config/cmake/panda_moveit_configConfig.cmake
[2.001s] -- Up-to-date: /workspaces/aprs/aprs_ws/install/panda_moveit_config/share/panda_moveit_config/cmake/panda_moveit_configConfig-version.cmake
[2.001s] -- Up-to-date: /workspaces/aprs/aprs_ws/install/panda_moveit_config/share/panda_moveit_config/package.xml
[2.040s] Invoked command in '/workspaces/aprs/aprs_ws/build/panda_moveit_config' returned '0': AMENT_PREFIX_PATH=/workspaces/aprs/aprs_ws/install/ur_description:/workspaces/aprs/aprs_ws/install/panda_description:${AMENT_PREFIX_PATH} CMAKE_PREFIX_PATH=/workspaces/aprs/aprs_ws/install/ur_description:/workspaces/aprs/aprs_ws/install/panda_description:/opt/ros/humble GZ_MODEL_PATH=/workspaces/aprs/aprs_ws/install/panda_description/share/panda_description/meshes GZ_SIM_PLUGIn_PATH=/workspaces/aprs/aprs_ws/install/panda_description/lib/panda_description GZ_SIM_RESOURCE_PATH=/workspaces/aprs/aprs_ws/install/panda_description/share /usr/bin/cmake --install /workspaces/aprs/aprs_ws/build/panda_moveit_config
