[0.485s] Invoking command in '/workspaces/aprs/aprs_ws/build/franka_gz': CMAKE_PREFIX_PATH=${CMAKE_PREFIX_PATH}:/opt/ros/humble /usr/bin/cmake --build /workspaces/aprs/aprs_ws/build/franka_gz -- -j16 -l16
[0.620s] Invoked command in '/workspaces/aprs/aprs_ws/build/franka_gz' returned '0': CMAKE_PREFIX_PATH=${CMAKE_PREFIX_PATH}:/opt/ros/humble /usr/bin/cmake --build /workspaces/aprs/aprs_ws/build/franka_gz -- -j16 -l16
[0.873s] Invoking command in '/workspaces/aprs/aprs_ws/build/franka_gz': CMAKE_PREFIX_PATH=${CMAKE_PREFIX_PATH}:/opt/ros/humble /usr/bin/cmake --install /workspaces/aprs/aprs_ws/build/franka_gz
[0.949s] -- Install configuration: ""
[0.949s] -- Up-to-date: /workspaces/aprs/aprs_ws/install/franka_gz/share/franka_gz//launch
[0.949s] -- Up-to-date: /workspaces/aprs/aprs_ws/install/franka_gz/share/franka_gz//launch/frankarobot.launch.py
[0.949s] -- Up-to-date: /workspaces/aprs/aprs_ws/install/franka_gz/share/franka_gz//launch/multi.launch.py
[0.949s] -- Up-to-date: /workspaces/aprs/aprs_ws/install/franka_gz/share/franka_gz//launch/frur.launch.py
[0.949s] -- Up-to-date: /workspaces/aprs/aprs_ws/install/franka_gz/share/franka_gz//config
[0.949s] -- Up-to-date: /workspaces/aprs/aprs_ws/install/franka_gz/share/franka_gz//config/franka_controller.yaml
[0.949s] -- Up-to-date: /workspaces/aprs/aprs_ws/install/franka_gz/share/franka_gz//config/controllers.yaml
[0.950s] -- Up-to-date: /workspaces/aprs/aprs_ws/install/franka_gz/share/ament_index/resource_index/package_run_dependencies/franka_gz
[0.950s] -- Up-to-date: /workspaces/aprs/aprs_ws/install/franka_gz/share/ament_index/resource_index/parent_prefix_path/franka_gz
[0.950s] -- Up-to-date: /workspaces/aprs/aprs_ws/install/franka_gz/share/franka_gz/environment/ament_prefix_path.sh
[0.950s] -- Up-to-date: /workspaces/aprs/aprs_ws/install/franka_gz/share/franka_gz/environment/ament_prefix_path.dsv
[0.950s] -- Up-to-date: /workspaces/aprs/aprs_ws/install/franka_gz/share/franka_gz/environment/path.sh
[0.950s] -- Up-to-date: /workspaces/aprs/aprs_ws/install/franka_gz/share/franka_gz/environment/path.dsv
[0.950s] -- Up-to-date: /workspaces/aprs/aprs_ws/install/franka_gz/share/franka_gz/local_setup.bash
[0.950s] -- Up-to-date: /workspaces/aprs/aprs_ws/install/franka_gz/share/franka_gz/local_setup.sh
[0.951s] -- Up-to-date: /workspaces/aprs/aprs_ws/install/franka_gz/share/franka_gz/local_setup.zsh
[0.951s] -- Up-to-date: /workspaces/aprs/aprs_ws/install/franka_gz/share/franka_gz/local_setup.dsv
[0.951s] -- Installing: /workspaces/aprs/aprs_ws/install/franka_gz/share/franka_gz/package.dsv
[0.951s] -- Up-to-date: /workspaces/aprs/aprs_ws/install/franka_gz/share/ament_index/resource_index/packages/franka_gz
[0.951s] -- Up-to-date: /workspaces/aprs/aprs_ws/install/franka_gz/share/franka_gz/cmake/franka_gzConfig.cmake
[0.951s] -- Up-to-date: /workspaces/aprs/aprs_ws/install/franka_gz/share/franka_gz/cmake/franka_gzConfig-version.cmake
[0.951s] -- Up-to-date: /workspaces/aprs/aprs_ws/install/franka_gz/share/franka_gz/package.xml
[1.561s] Invoked command in '/workspaces/aprs/aprs_ws/build/franka_gz' returned '0': CMAKE_PREFIX_PATH=${CMAKE_PREFIX_PATH}:/opt/ros/humble /usr/bin/cmake --install /workspaces/aprs/aprs_ws/build/franka_gz
