-- Install configuration: ""
-- Up-to-date: /home/aprs/aprs/aprs_ws/install/panda_description/share/panda_description/config
-- Up-to-date: /home/aprs/aprs/aprs_ws/install/panda_description/share/panda_description/config/joint_limits.yaml
-- Up-to-date: /home/aprs/aprs/aprs_ws/install/panda_description/share/panda_description/config/initial_joint_positions.yaml
-- Up-to-date: /home/aprs/aprs/aprs_ws/install/panda_description/share/panda_description/meshes
-- Up-to-date: /home/aprs/aprs/aprs_ws/install/panda_description/share/panda_description/meshes/collision
-- Up-to-date: /home/aprs/aprs/aprs_ws/install/panda_description/share/panda_description/meshes/collision/link0.stl
-- Up-to-date: /home/aprs/aprs/aprs_ws/install/panda_description/share/panda_description/meshes/collision/link4.stl
-- Up-to-date: /home/aprs/aprs/aprs_ws/install/panda_description/share/panda_description/meshes/collision/link3.stl
-- Up-to-date: /home/aprs/aprs/aprs_ws/install/panda_description/share/panda_description/meshes/collision/finger.stl
-- Up-to-date: /home/aprs/aprs/aprs_ws/install/panda_description/share/panda_description/meshes/collision/link7.stl
-- Up-to-date: /home/aprs/aprs/aprs_ws/install/panda_description/share/panda_description/meshes/collision/link5.stl
-- Up-to-date: /home/aprs/aprs/aprs_ws/install/panda_description/share/panda_description/meshes/collision/link2.stl
-- Up-to-date: /home/aprs/aprs/aprs_ws/install/panda_description/share/panda_description/meshes/collision/hand.stl
-- Up-to-date: /home/aprs/aprs/aprs_ws/install/panda_description/share/panda_description/meshes/collision/link1.stl
-- Up-to-date: /home/aprs/aprs/aprs_ws/install/panda_description/share/panda_description/meshes/collision/link6.stl
-- Up-to-date: /home/aprs/aprs/aprs_ws/install/panda_description/share/panda_description/meshes/visual
-- Up-to-date: /home/aprs/aprs/aprs_ws/install/panda_description/share/panda_description/meshes/visual/link2.dae
-- Up-to-date: /home/aprs/aprs/aprs_ws/install/panda_description/share/panda_description/meshes/visual/link0.dae
-- Up-to-date: /home/aprs/aprs/aprs_ws/install/panda_description/share/panda_description/meshes/visual/link3.dae
-- Up-to-date: /home/aprs/aprs/aprs_ws/install/panda_description/share/panda_description/meshes/visual/link1.dae
-- Up-to-date: /home/aprs/aprs/aprs_ws/install/panda_description/share/panda_description/meshes/visual/link5.dae
-- Up-to-date: /home/aprs/aprs/aprs_ws/install/panda_description/share/panda_description/meshes/visual/link7.dae
-- Up-to-date: /home/aprs/aprs/aprs_ws/install/panda_description/share/panda_description/meshes/visual/hand.dae
-- Up-to-date: /home/aprs/aprs/aprs_ws/install/panda_description/share/panda_description/meshes/visual/finger.dae
-- Up-to-date: /home/aprs/aprs/aprs_ws/install/panda_description/share/panda_description/meshes/visual/link6.dae
-- Up-to-date: /home/aprs/aprs/aprs_ws/install/panda_description/share/panda_description/meshes/visual/link4.dae
-- Up-to-date: /home/aprs/aprs/aprs_ws/install/panda_description/share/panda_description/urdf
-- Up-to-date: /home/aprs/aprs/aprs_ws/install/panda_description/share/panda_description/urdf/panda_gripper.xacro
-- Up-to-date: /home/aprs/aprs/aprs_ws/install/panda_description/share/panda_description/urdf/panda_arm.xacro
-- Up-to-date: /home/aprs/aprs/aprs_ws/install/panda_description/share/panda_description/urdf/panda_inertial.xacro
-- Up-to-date: /home/aprs/aprs/aprs_ws/install/panda_description/share/panda_description/urdf/panda.ros2_control
-- Up-to-date: /home/aprs/aprs/aprs_ws/install/panda_description/share/panda_description/urdf/panda.urdf
-- Up-to-date: /home/aprs/aprs/aprs_ws/install/panda_description/share/panda_description/urdf/panda_utils.xacro
-- Up-to-date: /home/aprs/aprs/aprs_ws/install/panda_description/share/panda_description/urdf/panda.urdf.xacro
-- Up-to-date: /home/aprs/aprs/aprs_ws/install/panda_description/share/panda_description/urdf/panda.gazebo
-- Up-to-date: /home/aprs/aprs/aprs_ws/install/panda_description/share/panda_description/hooks
-- Up-to-date: /home/aprs/aprs/aprs_ws/install/panda_description/share/panda_description/hooks/panda_description.dsv.in
-- Up-to-date: /home/aprs/aprs/aprs_ws/install/panda_description/share/panda_description/hooks/panda_description.sh.in
-- Up-to-date: /home/aprs/aprs/aprs_ws/install/panda_description/share/panda_description/environment/panda_description.dsv
-- Up-to-date: /home/aprs/aprs/aprs_ws/install/panda_description/share/panda_description/environment/panda_description.sh
-- Up-to-date: /home/aprs/aprs/aprs_ws/install/panda_description/share/ament_index/resource_index/package_run_dependencies/panda_description
-- Up-to-date: /home/aprs/aprs/aprs_ws/install/panda_description/share/ament_index/resource_index/parent_prefix_path/panda_description
-- Up-to-date: /home/aprs/aprs/aprs_ws/install/panda_description/share/panda_description/environment/ament_prefix_path.sh
-- Up-to-date: /home/aprs/aprs/aprs_ws/install/panda_description/share/panda_description/environment/ament_prefix_path.dsv
-- Up-to-date: /home/aprs/aprs/aprs_ws/install/panda_description/share/panda_description/environment/path.sh
-- Up-to-date: /home/aprs/aprs/aprs_ws/install/panda_description/share/panda_description/environment/path.dsv
-- Up-to-date: /home/aprs/aprs/aprs_ws/install/panda_description/share/panda_description/local_setup.bash
-- Up-to-date: /home/aprs/aprs/aprs_ws/install/panda_description/share/panda_description/local_setup.sh
-- Up-to-date: /home/aprs/aprs/aprs_ws/install/panda_description/share/panda_description/local_setup.zsh
-- Up-to-date: /home/aprs/aprs/aprs_ws/install/panda_description/share/panda_description/local_setup.dsv
-- Installing: /home/aprs/aprs/aprs_ws/install/panda_description/share/panda_description/package.dsv
-- Up-to-date: /home/aprs/aprs/aprs_ws/install/panda_description/share/ament_index/resource_index/packages/panda_description
-- Up-to-date: /home/aprs/aprs/aprs_ws/install/panda_description/share/panda_description/cmake/panda_descriptionConfig.cmake
-- Up-to-date: /home/aprs/aprs/aprs_ws/install/panda_description/share/panda_description/cmake/panda_descriptionConfig-version.cmake
-- Up-to-date: /home/aprs/aprs/aprs_ws/install/panda_description/share/panda_description/package.xml
