[0.384s] Invoking command in '/workspaces/aprs/aprs_ws/build/motoman_moveit_config': CMAKE_PREFIX_PATH=/workspaces/aprs/aprs_ws/install/ur_description:/workspaces/aprs/aprs_ws/install/worlds:/workspaces/aprs/aprs_ws/install/workbench_description:/workspaces/aprs/aprs_ws/install/vaccum_description:/workspaces/aprs/aprs_ws/install/ur_setup:/workspaces/aprs/aprs_ws/install/ur:/workspaces/aprs/aprs_ws/install/ur_calibration:/workspaces/aprs/aprs_ws/install/ur_robot_driver:/workspaces/aprs/aprs_ws/install/ur_bringup:/workspaces/aprs/aprs_ws/install/ur_controllers:/workspaces/aprs/aprs_ws/install/ur_msgs:/workspaces/aprs/aprs_ws/install/ur_moveit_config:/workspaces/aprs/aprs_ws/install/ur_gz:/workspaces/aprs/aprs_ws/install/ur_description__:/workspaces/aprs/aprs_ws/install/ur5e_moveit_config:/workspaces/aprs/aprs_ws/install/panda_moveit_config:/workspaces/aprs/aprs_ws/install/motoman_moveit_config:/workspaces/aprs/aprs_ws/install/fanuc_moveit_config:/workspaces/aprs/aprs_ws/install/aprs_moveit_config:/workspaces/aprs/aprs_ws/install/ur_dashboard_msgs:/workspaces/aprs/aprs_ws/install/ur_client_library:/workspaces/aprs/aprs_ws/install/table_description:/workspaces/aprs/aprs_ws/install/ros_gz_example_gazebo:/workspaces/aprs/aprs_ws/install/point_cloud:/workspaces/aprs/aprs_ws/install/realsense2_description:/workspaces/aprs/aprs_ws/install/panda_description:/workspaces/aprs/aprs_ws/install/motoman_gz:/workspaces/aprs/aprs_ws/install/motoman_description:/workspaces/aprs/aprs_ws/install/ign_ros2_control_demos:/workspaces/aprs/aprs_ws/install/gz_ros2_control_tests:/workspaces/aprs/aprs_ws/install/ign_ros2_control:/workspaces/aprs/aprs_ws/install/franka_setup:/workspaces/aprs/aprs_ws/install/franka_gz:/workspaces/aprs/aprs_ws/install/fanuc_gz:/workspaces/aprs/aprs_ws/install/fanuc_description:/workspaces/aprs/aprs_ws/install/camera_mount:/workspaces/aprs/aprs_ws/install/aprs_lab:/workspaces/aprs/aprs_ws/install/aprs_gazebo:/opt/ros/humble /usr/bin/cmake /workspaces/aprs/aprs_ws/src/assets/robots/motoman_sia20/motoman_moveit_config -DCMAKE_INSTALL_PREFIX=/workspaces/aprs/aprs_ws/install/motoman_moveit_config
[4.505s] -- The C compiler identification is GNU 11.4.0
[4.506s] -- The CXX compiler identification is GNU 11.4.0
[4.508s] -- Detecting C compiler ABI info
[4.509s] -- Detecting C compiler ABI info - done
[4.509s] -- Check for working C compiler: /usr/bin/cc - skipped
[4.514s] -- Detecting C compile features
[4.515s] -- Detecting C compile features - done
[4.515s] -- Detecting CXX compiler ABI info
[4.515s] -- Detecting CXX compiler ABI info - done
[4.515s] -- Check for working CXX compiler: /usr/bin/c++ - skipped
[4.515s] -- Detecting CXX compile features
[4.515s] -- Detecting CXX compile features - done
[4.515s] -- Found ament_cmake: 1.3.6 (/opt/ros/humble/share/ament_cmake/cmake)
[4.515s] -- Found Python3: /usr/bin/python3.10 (found version "3.10.12") found components: Interpreter 
[5.378s] -- Configuring done
[5.383s] -- Generating done
[5.384s] -- Build files have been written to: /workspaces/aprs/aprs_ws/build/motoman_moveit_config
[6.028s] Invoked command in '/workspaces/aprs/aprs_ws/build/motoman_moveit_config' returned '0': CMAKE_PREFIX_PATH=/workspaces/aprs/aprs_ws/install/ur_description:/workspaces/aprs/aprs_ws/install/worlds:/workspaces/aprs/aprs_ws/install/workbench_description:/workspaces/aprs/aprs_ws/install/vaccum_description:/workspaces/aprs/aprs_ws/install/ur_setup:/workspaces/aprs/aprs_ws/install/ur:/workspaces/aprs/aprs_ws/install/ur_calibration:/workspaces/aprs/aprs_ws/install/ur_robot_driver:/workspaces/aprs/aprs_ws/install/ur_bringup:/workspaces/aprs/aprs_ws/install/ur_controllers:/workspaces/aprs/aprs_ws/install/ur_msgs:/workspaces/aprs/aprs_ws/install/ur_moveit_config:/workspaces/aprs/aprs_ws/install/ur_gz:/workspaces/aprs/aprs_ws/install/ur_description__:/workspaces/aprs/aprs_ws/install/ur5e_moveit_config:/workspaces/aprs/aprs_ws/install/panda_moveit_config:/workspaces/aprs/aprs_ws/install/motoman_moveit_config:/workspaces/aprs/aprs_ws/install/fanuc_moveit_config:/workspaces/aprs/aprs_ws/install/aprs_moveit_config:/workspaces/aprs/aprs_ws/install/ur_dashboard_msgs:/workspaces/aprs/aprs_ws/install/ur_client_library:/workspaces/aprs/aprs_ws/install/table_description:/workspaces/aprs/aprs_ws/install/ros_gz_example_gazebo:/workspaces/aprs/aprs_ws/install/point_cloud:/workspaces/aprs/aprs_ws/install/realsense2_description:/workspaces/aprs/aprs_ws/install/panda_description:/workspaces/aprs/aprs_ws/install/motoman_gz:/workspaces/aprs/aprs_ws/install/motoman_description:/workspaces/aprs/aprs_ws/install/ign_ros2_control_demos:/workspaces/aprs/aprs_ws/install/gz_ros2_control_tests:/workspaces/aprs/aprs_ws/install/ign_ros2_control:/workspaces/aprs/aprs_ws/install/franka_setup:/workspaces/aprs/aprs_ws/install/franka_gz:/workspaces/aprs/aprs_ws/install/fanuc_gz:/workspaces/aprs/aprs_ws/install/fanuc_description:/workspaces/aprs/aprs_ws/install/camera_mount:/workspaces/aprs/aprs_ws/install/aprs_lab:/workspaces/aprs/aprs_ws/install/aprs_gazebo:/opt/ros/humble /usr/bin/cmake /workspaces/aprs/aprs_ws/src/assets/robots/motoman_sia20/motoman_moveit_config -DCMAKE_INSTALL_PREFIX=/workspaces/aprs/aprs_ws/install/motoman_moveit_config
[6.029s] Invoking command in '/workspaces/aprs/aprs_ws/build/motoman_moveit_config': CMAKE_PREFIX_PATH=/workspaces/aprs/aprs_ws/install/ur_description:/workspaces/aprs/aprs_ws/install/worlds:/workspaces/aprs/aprs_ws/install/workbench_description:/workspaces/aprs/aprs_ws/install/vaccum_description:/workspaces/aprs/aprs_ws/install/ur_setup:/workspaces/aprs/aprs_ws/install/ur:/workspaces/aprs/aprs_ws/install/ur_calibration:/workspaces/aprs/aprs_ws/install/ur_robot_driver:/workspaces/aprs/aprs_ws/install/ur_bringup:/workspaces/aprs/aprs_ws/install/ur_controllers:/workspaces/aprs/aprs_ws/install/ur_msgs:/workspaces/aprs/aprs_ws/install/ur_moveit_config:/workspaces/aprs/aprs_ws/install/ur_gz:/workspaces/aprs/aprs_ws/install/ur_description__:/workspaces/aprs/aprs_ws/install/ur5e_moveit_config:/workspaces/aprs/aprs_ws/install/panda_moveit_config:/workspaces/aprs/aprs_ws/install/motoman_moveit_config:/workspaces/aprs/aprs_ws/install/fanuc_moveit_config:/workspaces/aprs/aprs_ws/install/aprs_moveit_config:/workspaces/aprs/aprs_ws/install/ur_dashboard_msgs:/workspaces/aprs/aprs_ws/install/ur_client_library:/workspaces/aprs/aprs_ws/install/table_description:/workspaces/aprs/aprs_ws/install/ros_gz_example_gazebo:/workspaces/aprs/aprs_ws/install/point_cloud:/workspaces/aprs/aprs_ws/install/realsense2_description:/workspaces/aprs/aprs_ws/install/panda_description:/workspaces/aprs/aprs_ws/install/motoman_gz:/workspaces/aprs/aprs_ws/install/motoman_description:/workspaces/aprs/aprs_ws/install/ign_ros2_control_demos:/workspaces/aprs/aprs_ws/install/gz_ros2_control_tests:/workspaces/aprs/aprs_ws/install/ign_ros2_control:/workspaces/aprs/aprs_ws/install/franka_setup:/workspaces/aprs/aprs_ws/install/franka_gz:/workspaces/aprs/aprs_ws/install/fanuc_gz:/workspaces/aprs/aprs_ws/install/fanuc_description:/workspaces/aprs/aprs_ws/install/camera_mount:/workspaces/aprs/aprs_ws/install/aprs_lab:/workspaces/aprs/aprs_ws/install/aprs_gazebo:/opt/ros/humble /usr/bin/cmake --build /workspaces/aprs/aprs_ws/build/motoman_moveit_config -- -j16 -l16
[6.358s] Built target ament_cmake_python_copy_motoman_moveit_config
[7.113s] /usr/lib/python3/dist-packages/setuptools/command/install.py:34: SetuptoolsDeprecationWarning: setup.py install is deprecated. Use build and pip and other standards-based tools.
[7.113s]   warnings.warn(
[7.113s] running install_scripts
[7.191s] running egg_info
[7.192s] creating motoman_moveit_config.egg-info
[7.192s] writing motoman_moveit_config.egg-info/PKG-INFO
[7.192s] writing dependency_links to motoman_moveit_config.egg-info/dependency_links.txt
[7.192s] writing top-level names to motoman_moveit_config.egg-info/top_level.txt
[7.193s] writing manifest file 'motoman_moveit_config.egg-info/SOURCES.txt'
[7.193s] reading manifest file 'motoman_moveit_config.egg-info/SOURCES.txt'
[7.193s] writing manifest file 'motoman_moveit_config.egg-info/SOURCES.txt'
[7.383s] Built target ament_cmake_python_build_motoman_moveit_config_scripts
[7.419s] running egg_info
[7.449s] writing motoman_moveit_config.egg-info/PKG-INFO
[7.450s] writing dependency_links to motoman_moveit_config.egg-info/dependency_links.txt
[7.450s] writing top-level names to motoman_moveit_config.egg-info/top_level.txt
[7.455s] reading manifest file 'motoman_moveit_config.egg-info/SOURCES.txt'
[7.456s] writing manifest file 'motoman_moveit_config.egg-info/SOURCES.txt'
[7.721s] Built target ament_cmake_python_build_motoman_moveit_config_egg
[7.792s] Invoked command in '/workspaces/aprs/aprs_ws/build/motoman_moveit_config' returned '0': CMAKE_PREFIX_PATH=/workspaces/aprs/aprs_ws/install/ur_description:/workspaces/aprs/aprs_ws/install/worlds:/workspaces/aprs/aprs_ws/install/workbench_description:/workspaces/aprs/aprs_ws/install/vaccum_description:/workspaces/aprs/aprs_ws/install/ur_setup:/workspaces/aprs/aprs_ws/install/ur:/workspaces/aprs/aprs_ws/install/ur_calibration:/workspaces/aprs/aprs_ws/install/ur_robot_driver:/workspaces/aprs/aprs_ws/install/ur_bringup:/workspaces/aprs/aprs_ws/install/ur_controllers:/workspaces/aprs/aprs_ws/install/ur_msgs:/workspaces/aprs/aprs_ws/install/ur_moveit_config:/workspaces/aprs/aprs_ws/install/ur_gz:/workspaces/aprs/aprs_ws/install/ur_description__:/workspaces/aprs/aprs_ws/install/ur5e_moveit_config:/workspaces/aprs/aprs_ws/install/panda_moveit_config:/workspaces/aprs/aprs_ws/install/motoman_moveit_config:/workspaces/aprs/aprs_ws/install/fanuc_moveit_config:/workspaces/aprs/aprs_ws/install/aprs_moveit_config:/workspaces/aprs/aprs_ws/install/ur_dashboard_msgs:/workspaces/aprs/aprs_ws/install/ur_client_library:/workspaces/aprs/aprs_ws/install/table_description:/workspaces/aprs/aprs_ws/install/ros_gz_example_gazebo:/workspaces/aprs/aprs_ws/install/point_cloud:/workspaces/aprs/aprs_ws/install/realsense2_description:/workspaces/aprs/aprs_ws/install/panda_description:/workspaces/aprs/aprs_ws/install/motoman_gz:/workspaces/aprs/aprs_ws/install/motoman_description:/workspaces/aprs/aprs_ws/install/ign_ros2_control_demos:/workspaces/aprs/aprs_ws/install/gz_ros2_control_tests:/workspaces/aprs/aprs_ws/install/ign_ros2_control:/workspaces/aprs/aprs_ws/install/franka_setup:/workspaces/aprs/aprs_ws/install/franka_gz:/workspaces/aprs/aprs_ws/install/fanuc_gz:/workspaces/aprs/aprs_ws/install/fanuc_description:/workspaces/aprs/aprs_ws/install/camera_mount:/workspaces/aprs/aprs_ws/install/aprs_lab:/workspaces/aprs/aprs_ws/install/aprs_gazebo:/opt/ros/humble /usr/bin/cmake --build /workspaces/aprs/aprs_ws/build/motoman_moveit_config -- -j16 -l16
[8.052s] Invoking command in '/workspaces/aprs/aprs_ws/build/motoman_moveit_config': CMAKE_PREFIX_PATH=/workspaces/aprs/aprs_ws/install/ur_description:/workspaces/aprs/aprs_ws/install/worlds:/workspaces/aprs/aprs_ws/install/workbench_description:/workspaces/aprs/aprs_ws/install/vaccum_description:/workspaces/aprs/aprs_ws/install/ur_setup:/workspaces/aprs/aprs_ws/install/ur:/workspaces/aprs/aprs_ws/install/ur_calibration:/workspaces/aprs/aprs_ws/install/ur_robot_driver:/workspaces/aprs/aprs_ws/install/ur_bringup:/workspaces/aprs/aprs_ws/install/ur_controllers:/workspaces/aprs/aprs_ws/install/ur_msgs:/workspaces/aprs/aprs_ws/install/ur_moveit_config:/workspaces/aprs/aprs_ws/install/ur_gz:/workspaces/aprs/aprs_ws/install/ur_description__:/workspaces/aprs/aprs_ws/install/ur5e_moveit_config:/workspaces/aprs/aprs_ws/install/panda_moveit_config:/workspaces/aprs/aprs_ws/install/motoman_moveit_config:/workspaces/aprs/aprs_ws/install/fanuc_moveit_config:/workspaces/aprs/aprs_ws/install/aprs_moveit_config:/workspaces/aprs/aprs_ws/install/ur_dashboard_msgs:/workspaces/aprs/aprs_ws/install/ur_client_library:/workspaces/aprs/aprs_ws/install/table_description:/workspaces/aprs/aprs_ws/install/ros_gz_example_gazebo:/workspaces/aprs/aprs_ws/install/point_cloud:/workspaces/aprs/aprs_ws/install/realsense2_description:/workspaces/aprs/aprs_ws/install/panda_description:/workspaces/aprs/aprs_ws/install/motoman_gz:/workspaces/aprs/aprs_ws/install/motoman_description:/workspaces/aprs/aprs_ws/install/ign_ros2_control_demos:/workspaces/aprs/aprs_ws/install/gz_ros2_control_tests:/workspaces/aprs/aprs_ws/install/ign_ros2_control:/workspaces/aprs/aprs_ws/install/franka_setup:/workspaces/aprs/aprs_ws/install/franka_gz:/workspaces/aprs/aprs_ws/install/fanuc_gz:/workspaces/aprs/aprs_ws/install/fanuc_description:/workspaces/aprs/aprs_ws/install/camera_mount:/workspaces/aprs/aprs_ws/install/aprs_lab:/workspaces/aprs/aprs_ws/install/aprs_gazebo:/opt/ros/humble /usr/bin/cmake --install /workspaces/aprs/aprs_ws/build/motoman_moveit_config
[9.148s] -- Install configuration: ""
[9.148s] -- Installing: /workspaces/aprs/aprs_ws/install/motoman_moveit_config/share/motoman_moveit_config/config
[9.148s] -- Installing: /workspaces/aprs/aprs_ws/install/motoman_moveit_config/share/motoman_moveit_config/config/controller.yaml
[9.148s] -- Installing: /workspaces/aprs/aprs_ws/install/motoman_moveit_config/share/motoman_moveit_config/config/ompl_planning.yaml
[9.148s] -- Installing: /workspaces/aprs/aprs_ws/install/motoman_moveit_config/share/motoman_moveit_config/config/joint_limits.yaml
[9.149s] -- Installing: /workspaces/aprs/aprs_ws/install/motoman_moveit_config/share/motoman_moveit_config/config/kinematics.yaml
[9.149s] -- Installing: /workspaces/aprs/aprs_ws/install/motoman_moveit_config/share/motoman_moveit_config/launch
[9.149s] -- Installing: /workspaces/aprs/aprs_ws/install/motoman_moveit_config/share/motoman_moveit_config/launch/motoman_moveit.launch.py
[9.149s] -- Installing: /workspaces/aprs/aprs_ws/install/motoman_moveit_config/share/motoman_moveit_config/srdf
[9.149s] -- Installing: /workspaces/aprs/aprs_ws/install/motoman_moveit_config/share/motoman_moveit_config/srdf/motoman.srdf
[9.149s] -- Installing: /workspaces/aprs/aprs_ws/install/motoman_moveit_config/share/motoman_moveit_config/rviz
[9.149s] -- Installing: /workspaces/aprs/aprs_ws/install/motoman_moveit_config/share/motoman_moveit_config/rviz/moveit.rviz
[9.149s] -- Installing: /workspaces/aprs/aprs_ws/install/motoman_moveit_config/share/motoman_moveit_config/environment/pythonpath.sh
[9.149s] -- Installing: /workspaces/aprs/aprs_ws/install/motoman_moveit_config/share/motoman_moveit_config/environment/pythonpath.dsv
[9.149s] -- Installing: /workspaces/aprs/aprs_ws/install/motoman_moveit_config/local/lib/python3.10/dist-packages/motoman_moveit_config-0.0.0-py3.10.egg-info
[9.149s] -- Installing: /workspaces/aprs/aprs_ws/install/motoman_moveit_config/local/lib/python3.10/dist-packages/motoman_moveit_config-0.0.0-py3.10.egg-info/dependency_links.txt
[9.150s] -- Installing: /workspaces/aprs/aprs_ws/install/motoman_moveit_config/local/lib/python3.10/dist-packages/motoman_moveit_config-0.0.0-py3.10.egg-info/top_level.txt
[9.150s] -- Installing: /workspaces/aprs/aprs_ws/install/motoman_moveit_config/local/lib/python3.10/dist-packages/motoman_moveit_config-0.0.0-py3.10.egg-info/PKG-INFO
[9.150s] -- Installing: /workspaces/aprs/aprs_ws/install/motoman_moveit_config/local/lib/python3.10/dist-packages/motoman_moveit_config-0.0.0-py3.10.egg-info/SOURCES.txt
[9.150s] -- Installing: /workspaces/aprs/aprs_ws/install/motoman_moveit_config/lib/motoman_moveit_config/
[9.150s] -- Installing: /workspaces/aprs/aprs_ws/install/motoman_moveit_config/local/lib/python3.10/dist-packages/motoman_moveit_config
[9.150s] -- Installing: /workspaces/aprs/aprs_ws/install/motoman_moveit_config/local/lib/python3.10/dist-packages/motoman_moveit_config/parameters.py
[9.150s] -- Installing: /workspaces/aprs/aprs_ws/install/motoman_moveit_config/local/lib/python3.10/dist-packages/motoman_moveit_config/__init__.py
[9.150s] Listing '/workspaces/aprs/aprs_ws/install/motoman_moveit_config/local/lib/python3.10/dist-packages/motoman_moveit_config'...
[9.150s] Compiling '/workspaces/aprs/aprs_ws/install/motoman_moveit_config/local/lib/python3.10/dist-packages/motoman_moveit_config/__init__.py'...
[9.150s] Compiling '/workspaces/aprs/aprs_ws/install/motoman_moveit_config/local/lib/python3.10/dist-packages/motoman_moveit_config/parameters.py'...
[9.150s] -- Installing: /workspaces/aprs/aprs_ws/install/motoman_moveit_config/share/ament_index/resource_index/package_run_dependencies/motoman_moveit_config
[9.150s] -- Installing: /workspaces/aprs/aprs_ws/install/motoman_moveit_config/share/ament_index/resource_index/parent_prefix_path/motoman_moveit_config
[9.151s] -- Installing: /workspaces/aprs/aprs_ws/install/motoman_moveit_config/share/motoman_moveit_config/environment/ament_prefix_path.sh
[9.151s] -- Installing: /workspaces/aprs/aprs_ws/install/motoman_moveit_config/share/motoman_moveit_config/environment/ament_prefix_path.dsv
[9.151s] -- Installing: /workspaces/aprs/aprs_ws/install/motoman_moveit_config/share/motoman_moveit_config/environment/path.sh
[9.151s] -- Installing: /workspaces/aprs/aprs_ws/install/motoman_moveit_config/share/motoman_moveit_config/environment/path.dsv
[9.151s] -- Installing: /workspaces/aprs/aprs_ws/install/motoman_moveit_config/share/motoman_moveit_config/local_setup.bash
[9.160s] -- Installing: /workspaces/aprs/aprs_ws/install/motoman_moveit_config/share/motoman_moveit_config/local_setup.sh
[9.160s] -- Installing: /workspaces/aprs/aprs_ws/install/motoman_moveit_config/share/motoman_moveit_config/local_setup.zsh
[9.160s] -- Installing: /workspaces/aprs/aprs_ws/install/motoman_moveit_config/share/motoman_moveit_config/local_setup.dsv
[9.160s] -- Installing: /workspaces/aprs/aprs_ws/install/motoman_moveit_config/share/motoman_moveit_config/package.dsv
[9.161s] -- Installing: /workspaces/aprs/aprs_ws/install/motoman_moveit_config/share/ament_index/resource_index/packages/motoman_moveit_config
[9.161s] -- Installing: /workspaces/aprs/aprs_ws/install/motoman_moveit_config/share/motoman_moveit_config/cmake/motoman_moveit_configConfig.cmake
[9.162s] -- Installing: /workspaces/aprs/aprs_ws/install/motoman_moveit_config/share/motoman_moveit_config/cmake/motoman_moveit_configConfig-version.cmake
[9.162s] -- Installing: /workspaces/aprs/aprs_ws/install/motoman_moveit_config/share/motoman_moveit_config/package.xml
[9.334s] Invoked command in '/workspaces/aprs/aprs_ws/build/motoman_moveit_config' returned '0': CMAKE_PREFIX_PATH=/workspaces/aprs/aprs_ws/install/ur_description:/workspaces/aprs/aprs_ws/install/worlds:/workspaces/aprs/aprs_ws/install/workbench_description:/workspaces/aprs/aprs_ws/install/vaccum_description:/workspaces/aprs/aprs_ws/install/ur_setup:/workspaces/aprs/aprs_ws/install/ur:/workspaces/aprs/aprs_ws/install/ur_calibration:/workspaces/aprs/aprs_ws/install/ur_robot_driver:/workspaces/aprs/aprs_ws/install/ur_bringup:/workspaces/aprs/aprs_ws/install/ur_controllers:/workspaces/aprs/aprs_ws/install/ur_msgs:/workspaces/aprs/aprs_ws/install/ur_moveit_config:/workspaces/aprs/aprs_ws/install/ur_gz:/workspaces/aprs/aprs_ws/install/ur_description__:/workspaces/aprs/aprs_ws/install/ur5e_moveit_config:/workspaces/aprs/aprs_ws/install/panda_moveit_config:/workspaces/aprs/aprs_ws/install/motoman_moveit_config:/workspaces/aprs/aprs_ws/install/fanuc_moveit_config:/workspaces/aprs/aprs_ws/install/aprs_moveit_config:/workspaces/aprs/aprs_ws/install/ur_dashboard_msgs:/workspaces/aprs/aprs_ws/install/ur_client_library:/workspaces/aprs/aprs_ws/install/table_description:/workspaces/aprs/aprs_ws/install/ros_gz_example_gazebo:/workspaces/aprs/aprs_ws/install/point_cloud:/workspaces/aprs/aprs_ws/install/realsense2_description:/workspaces/aprs/aprs_ws/install/panda_description:/workspaces/aprs/aprs_ws/install/motoman_gz:/workspaces/aprs/aprs_ws/install/motoman_description:/workspaces/aprs/aprs_ws/install/ign_ros2_control_demos:/workspaces/aprs/aprs_ws/install/gz_ros2_control_tests:/workspaces/aprs/aprs_ws/install/ign_ros2_control:/workspaces/aprs/aprs_ws/install/franka_setup:/workspaces/aprs/aprs_ws/install/franka_gz:/workspaces/aprs/aprs_ws/install/fanuc_gz:/workspaces/aprs/aprs_ws/install/fanuc_description:/workspaces/aprs/aprs_ws/install/camera_mount:/workspaces/aprs/aprs_ws/install/aprs_lab:/workspaces/aprs/aprs_ws/install/aprs_gazebo:/opt/ros/humble /usr/bin/cmake --install /workspaces/aprs/aprs_ws/build/motoman_moveit_config
