[0.736s] Invoking command in '/home/aprs/aprs/aprs_ws/src/ros2_control/rqt_controller_manager': AMENT_PREFIX_PATH=/home/aprs/aprs/aprs_ws/install/controller_manager_msgs:${AMENT_PREFIX_PATH} CMAKE_PREFIX_PATH=/home/aprs/aprs/aprs_ws/install/controller_manager_msgs LD_LIBRARY_PATH=/home/aprs/aprs/aprs_ws/install/controller_manager_msgs/lib:${LD_LIBRARY_PATH} PYTHONPATH=/home/aprs/aprs/aprs_ws/build/rqt_controller_manager/prefix_override:/home/aprs/aprs/aprs_ws/install/rqt_controller_manager/lib/python3.10/site-packages:/home/aprs/aprs/aprs_ws/install/controller_manager_msgs/lib/python3.10/site-packages:${PYTHONPATH} /usr/bin/python3 setup.py egg_info --egg-base ../../../build/rqt_controller_manager build --build-base /home/aprs/aprs/aprs_ws/build/rqt_controller_manager/build install --record /home/aprs/aprs/aprs_ws/build/rqt_controller_manager/install.log --single-version-externally-managed
[0.860s] running egg_info
[0.861s] creating ../../../build/rqt_controller_manager/rqt_controller_manager.egg-info
[0.861s] writing ../../../build/rqt_controller_manager/rqt_controller_manager.egg-info/PKG-INFO
[0.861s] writing dependency_links to ../../../build/rqt_controller_manager/rqt_controller_manager.egg-info/dependency_links.txt
[0.861s] writing entry points to ../../../build/rqt_controller_manager/rqt_controller_manager.egg-info/entry_points.txt
[0.861s] writing requirements to ../../../build/rqt_controller_manager/rqt_controller_manager.egg-info/requires.txt
[0.861s] writing top-level names to ../../../build/rqt_controller_manager/rqt_controller_manager.egg-info/top_level.txt
[0.861s] writing manifest file '../../../build/rqt_controller_manager/rqt_controller_manager.egg-info/SOURCES.txt'
[0.862s] reading manifest file '../../../build/rqt_controller_manager/rqt_controller_manager.egg-info/SOURCES.txt'
[0.862s] writing manifest file '../../../build/rqt_controller_manager/rqt_controller_manager.egg-info/SOURCES.txt'
[0.862s] running build
[0.862s] running build_py
[0.863s] creating /home/aprs/aprs/aprs_ws/build/rqt_controller_manager/build
[0.863s] creating /home/aprs/aprs/aprs_ws/build/rqt_controller_manager/build/lib
[0.863s] creating /home/aprs/aprs/aprs_ws/build/rqt_controller_manager/build/lib/rqt_controller_manager
[0.863s] copying rqt_controller_manager/__init__.py -> /home/aprs/aprs/aprs_ws/build/rqt_controller_manager/build/lib/rqt_controller_manager
[0.863s] copying rqt_controller_manager/main.py -> /home/aprs/aprs/aprs_ws/build/rqt_controller_manager/build/lib/rqt_controller_manager
[0.863s] copying rqt_controller_manager/update_combo.py -> /home/aprs/aprs/aprs_ws/build/rqt_controller_manager/build/lib/rqt_controller_manager
[0.863s] copying rqt_controller_manager/controller_manager.py -> /home/aprs/aprs/aprs_ws/build/rqt_controller_manager/build/lib/rqt_controller_manager
[0.863s] running install
[0.863s] /usr/lib/python3/dist-packages/setuptools/command/install.py:34: SetuptoolsDeprecationWarning: setup.py install is deprecated. Use build and pip and other standards-based tools.
[0.863s]   warnings.warn(
[0.863s] running install_lib
[0.863s] creating /home/aprs/aprs/aprs_ws/install/rqt_controller_manager/lib/python3.10/site-packages/rqt_controller_manager
[0.863s] copying /home/aprs/aprs/aprs_ws/build/rqt_controller_manager/build/lib/rqt_controller_manager/__init__.py -> /home/aprs/aprs/aprs_ws/install/rqt_controller_manager/lib/python3.10/site-packages/rqt_controller_manager
[0.863s] copying /home/aprs/aprs/aprs_ws/build/rqt_controller_manager/build/lib/rqt_controller_manager/main.py -> /home/aprs/aprs/aprs_ws/install/rqt_controller_manager/lib/python3.10/site-packages/rqt_controller_manager
[0.863s] copying /home/aprs/aprs/aprs_ws/build/rqt_controller_manager/build/lib/rqt_controller_manager/update_combo.py -> /home/aprs/aprs/aprs_ws/install/rqt_controller_manager/lib/python3.10/site-packages/rqt_controller_manager
[0.863s] copying /home/aprs/aprs/aprs_ws/build/rqt_controller_manager/build/lib/rqt_controller_manager/controller_manager.py -> /home/aprs/aprs/aprs_ws/install/rqt_controller_manager/lib/python3.10/site-packages/rqt_controller_manager
[0.864s] byte-compiling /home/aprs/aprs/aprs_ws/install/rqt_controller_manager/lib/python3.10/site-packages/rqt_controller_manager/__init__.py to __init__.cpython-310.pyc
[0.864s] byte-compiling /home/aprs/aprs/aprs_ws/install/rqt_controller_manager/lib/python3.10/site-packages/rqt_controller_manager/main.py to main.cpython-310.pyc
[0.864s] byte-compiling /home/aprs/aprs/aprs_ws/install/rqt_controller_manager/lib/python3.10/site-packages/rqt_controller_manager/update_combo.py to update_combo.cpython-310.pyc
[0.864s] byte-compiling /home/aprs/aprs/aprs_ws/install/rqt_controller_manager/lib/python3.10/site-packages/rqt_controller_manager/controller_manager.py to controller_manager.cpython-310.pyc
[0.865s] running install_data
[0.866s] creating /home/aprs/aprs/aprs_ws/install/rqt_controller_manager/share/ament_index
[0.866s] creating /home/aprs/aprs/aprs_ws/install/rqt_controller_manager/share/ament_index/resource_index
[0.866s] creating /home/aprs/aprs/aprs_ws/install/rqt_controller_manager/share/ament_index/resource_index/packages
[0.866s] copying resource/rqt_controller_manager -> /home/aprs/aprs/aprs_ws/install/rqt_controller_manager/share/ament_index/resource_index/packages
[0.866s] copying package.xml -> /home/aprs/aprs/aprs_ws/install/rqt_controller_manager/share/rqt_controller_manager
[0.866s] creating /home/aprs/aprs/aprs_ws/install/rqt_controller_manager/share/rqt_controller_manager/resource
[0.866s] copying resource/led_off.png -> /home/aprs/aprs/aprs_ws/install/rqt_controller_manager/share/rqt_controller_manager/resource
[0.866s] copying resource/led_green.png -> /home/aprs/aprs/aprs_ws/install/rqt_controller_manager/share/rqt_controller_manager/resource
[0.866s] copying resource/cm_icon.png -> /home/aprs/aprs/aprs_ws/install/rqt_controller_manager/share/rqt_controller_manager/resource
[0.866s] copying resource/controller_manager.ui -> /home/aprs/aprs/aprs_ws/install/rqt_controller_manager/share/rqt_controller_manager/resource
[0.866s] copying resource/controller_info.ui -> /home/aprs/aprs/aprs_ws/install/rqt_controller_manager/share/rqt_controller_manager/resource
[0.866s] copying resource/led_red.png -> /home/aprs/aprs/aprs_ws/install/rqt_controller_manager/share/rqt_controller_manager/resource
[0.866s] copying plugin.xml -> /home/aprs/aprs/aprs_ws/install/rqt_controller_manager/share/rqt_controller_manager
[0.866s] running install_egg_info
[0.867s] Copying ../../../build/rqt_controller_manager/rqt_controller_manager.egg-info to /home/aprs/aprs/aprs_ws/install/rqt_controller_manager/lib/python3.10/site-packages/rqt_controller_manager-3.17.0-py3.10.egg-info
[0.868s] running install_scripts
[0.879s] Installing rqt_controller_manager script to /home/aprs/aprs/aprs_ws/install/rqt_controller_manager/lib/rqt_controller_manager
[0.879s] writing list of installed files to '/home/aprs/aprs/aprs_ws/build/rqt_controller_manager/install.log'
[0.894s] Invoked command in '/home/aprs/aprs/aprs_ws/src/ros2_control/rqt_controller_manager' returned '0': AMENT_PREFIX_PATH=/home/aprs/aprs/aprs_ws/install/controller_manager_msgs:${AMENT_PREFIX_PATH} CMAKE_PREFIX_PATH=/home/aprs/aprs/aprs_ws/install/controller_manager_msgs LD_LIBRARY_PATH=/home/aprs/aprs/aprs_ws/install/controller_manager_msgs/lib:${LD_LIBRARY_PATH} PYTHONPATH=/home/aprs/aprs/aprs_ws/build/rqt_controller_manager/prefix_override:/home/aprs/aprs/aprs_ws/install/rqt_controller_manager/lib/python3.10/site-packages:/home/aprs/aprs/aprs_ws/install/controller_manager_msgs/lib/python3.10/site-packages:${PYTHONPATH} /usr/bin/python3 setup.py egg_info --egg-base ../../../build/rqt_controller_manager build --build-base /home/aprs/aprs/aprs_ws/build/rqt_controller_manager/build install --record /home/aprs/aprs/aprs_ws/build/rqt_controller_manager/install.log --single-version-externally-managed
