[0.896s] Invoking command in '/workspaces/aprs/aprs_ws/build/aprs_gazebo': CMAKE_PREFIX_PATH=${CMAKE_PREFIX_PATH}:/opt/ros/humble /usr/bin/cmake --build /workspaces/aprs/aprs_ws/build/aprs_gazebo -- -j16 -l16
[1.027s] Built target ament_cmake_python_copy_aprs_gazebo
[1.429s] running egg_info
[1.430s] writing aprs_gazebo.egg-info/PKG-INFO
[1.431s] writing dependency_links to aprs_gazebo.egg-info/dependency_links.txt
[1.432s] writing top-level names to aprs_gazebo.egg-info/top_level.txt
[1.434s] reading manifest file 'aprs_gazebo.egg-info/SOURCES.txt'
[1.434s] writing manifest file 'aprs_gazebo.egg-info/SOURCES.txt'
[1.507s] Built target ament_cmake_python_build_aprs_gazebo_egg
[1.880s] running install_scripts
[1.883s] /usr/lib/python3/dist-packages/setuptools/command/install.py:34: SetuptoolsDeprecationWarning: setup.py install is deprecated. Use build and pip and other standards-based tools.
[1.884s]   warnings.warn(
[1.928s] running egg_info
[1.928s] writing aprs_gazebo.egg-info/PKG-INFO
[1.928s] writing dependency_links to aprs_gazebo.egg-info/dependency_links.txt
[1.929s] writing top-level names to aprs_gazebo.egg-info/top_level.txt
[1.931s] reading manifest file 'aprs_gazebo.egg-info/SOURCES.txt'
[1.932s] writing manifest file 'aprs_gazebo.egg-info/SOURCES.txt'
[2.023s] Built target ament_cmake_python_build_aprs_gazebo_scripts
[2.690s] Invoked command in '/workspaces/aprs/aprs_ws/build/aprs_gazebo' returned '0': CMAKE_PREFIX_PATH=${CMAKE_PREFIX_PATH}:/opt/ros/humble /usr/bin/cmake --build /workspaces/aprs/aprs_ws/build/aprs_gazebo -- -j16 -l16
[4.796s] Invoking command in '/workspaces/aprs/aprs_ws/build/aprs_gazebo': CMAKE_PREFIX_PATH=${CMAKE_PREFIX_PATH}:/opt/ros/humble /usr/bin/cmake --install /workspaces/aprs/aprs_ws/build/aprs_gazebo
[4.992s] -- Install configuration: ""
[4.993s] -- Up-to-date: /workspaces/aprs/aprs_ws/install/aprs_gazebo/share/aprs_gazebo/launch
[4.993s] -- Up-to-date: /workspaces/aprs/aprs_ws/install/aprs_gazebo/share/aprs_gazebo/launch/aprs.launch.py
[4.993s] -- Up-to-date: /workspaces/aprs/aprs_ws/install/aprs_gazebo/share/aprs_gazebo/environment/pythonpath.sh
[4.993s] -- Up-to-date: /workspaces/aprs/aprs_ws/install/aprs_gazebo/share/aprs_gazebo/environment/pythonpath.dsv
[4.993s] -- Up-to-date: /workspaces/aprs/aprs_ws/install/aprs_gazebo/local/lib/python3.10/dist-packages/aprs_gazebo-0.0.0-py3.10.egg-info
[4.993s] -- Installing: /workspaces/aprs/aprs_ws/install/aprs_gazebo/local/lib/python3.10/dist-packages/aprs_gazebo-0.0.0-py3.10.egg-info/dependency_links.txt
[4.993s] -- Installing: /workspaces/aprs/aprs_ws/install/aprs_gazebo/local/lib/python3.10/dist-packages/aprs_gazebo-0.0.0-py3.10.egg-info/top_level.txt
[4.994s] -- Installing: /workspaces/aprs/aprs_ws/install/aprs_gazebo/local/lib/python3.10/dist-packages/aprs_gazebo-0.0.0-py3.10.egg-info/PKG-INFO
[4.994s] -- Installing: /workspaces/aprs/aprs_ws/install/aprs_gazebo/local/lib/python3.10/dist-packages/aprs_gazebo-0.0.0-py3.10.egg-info/SOURCES.txt
[4.994s] -- Up-to-date: /workspaces/aprs/aprs_ws/install/aprs_gazebo/lib/aprs_gazebo/
[4.994s] -- Up-to-date: /workspaces/aprs/aprs_ws/install/aprs_gazebo/local/lib/python3.10/dist-packages/aprs_gazebo
[4.994s] -- Up-to-date: /workspaces/aprs/aprs_ws/install/aprs_gazebo/local/lib/python3.10/dist-packages/aprs_gazebo/__init__.py
[4.994s] Listing '/workspaces/aprs/aprs_ws/install/aprs_gazebo/local/lib/python3.10/dist-packages/aprs_gazebo'...
[4.995s] -- Up-to-date: /workspaces/aprs/aprs_ws/install/aprs_gazebo/lib/aprs_gazebo/controller_switcher.py
[4.995s] -- Up-to-date: /workspaces/aprs/aprs_ws/install/aprs_gazebo/share/ament_index/resource_index/package_run_dependencies/aprs_gazebo
[4.995s] -- Up-to-date: /workspaces/aprs/aprs_ws/install/aprs_gazebo/share/ament_index/resource_index/parent_prefix_path/aprs_gazebo
[4.995s] -- Up-to-date: /workspaces/aprs/aprs_ws/install/aprs_gazebo/share/aprs_gazebo/environment/ament_prefix_path.sh
[4.995s] -- Up-to-date: /workspaces/aprs/aprs_ws/install/aprs_gazebo/share/aprs_gazebo/environment/ament_prefix_path.dsv
[4.995s] -- Up-to-date: /workspaces/aprs/aprs_ws/install/aprs_gazebo/share/aprs_gazebo/environment/path.sh
[4.995s] -- Up-to-date: /workspaces/aprs/aprs_ws/install/aprs_gazebo/share/aprs_gazebo/environment/path.dsv
[4.995s] -- Up-to-date: /workspaces/aprs/aprs_ws/install/aprs_gazebo/share/aprs_gazebo/local_setup.bash
[4.995s] -- Up-to-date: /workspaces/aprs/aprs_ws/install/aprs_gazebo/share/aprs_gazebo/local_setup.sh
[4.996s] -- Up-to-date: /workspaces/aprs/aprs_ws/install/aprs_gazebo/share/aprs_gazebo/local_setup.zsh
[4.996s] -- Up-to-date: /workspaces/aprs/aprs_ws/install/aprs_gazebo/share/aprs_gazebo/local_setup.dsv
[4.996s] -- Installing: /workspaces/aprs/aprs_ws/install/aprs_gazebo/share/aprs_gazebo/package.dsv
[4.996s] -- Up-to-date: /workspaces/aprs/aprs_ws/install/aprs_gazebo/share/ament_index/resource_index/packages/aprs_gazebo
[4.996s] -- Up-to-date: /workspaces/aprs/aprs_ws/install/aprs_gazebo/share/aprs_gazebo/cmake/aprs_gazeboConfig.cmake
[4.996s] -- Up-to-date: /workspaces/aprs/aprs_ws/install/aprs_gazebo/share/aprs_gazebo/cmake/aprs_gazeboConfig-version.cmake
[4.996s] -- Up-to-date: /workspaces/aprs/aprs_ws/install/aprs_gazebo/share/aprs_gazebo/package.xml
[5.216s] Invoked command in '/workspaces/aprs/aprs_ws/build/aprs_gazebo' returned '0': CMAKE_PREFIX_PATH=${CMAKE_PREFIX_PATH}:/opt/ros/humble /usr/bin/cmake --install /workspaces/aprs/aprs_ws/build/aprs_gazebo
