[0.367s] Invoking command in '/workspaces/aprs/aprs_ws/build/fanuc_description': CMAKE_PREFIX_PATH=${CMAKE_PREFIX_PATH}:/opt/ros/humble /usr/bin/cmake --build /workspaces/aprs/aprs_ws/build/fanuc_description -- -j16 -l16
[0.547s] Invoked command in '/workspaces/aprs/aprs_ws/build/fanuc_description' returned '0': CMAKE_PREFIX_PATH=${CMAKE_PREFIX_PATH}:/opt/ros/humble /usr/bin/cmake --build /workspaces/aprs/aprs_ws/build/fanuc_description -- -j16 -l16
[0.640s] Invoking command in '/workspaces/aprs/aprs_ws/build/fanuc_description': CMAKE_PREFIX_PATH=${CMAKE_PREFIX_PATH}:/opt/ros/humble /usr/bin/cmake --install /workspaces/aprs/aprs_ws/build/fanuc_description
[0.669s] -- Install configuration: ""
[0.669s] -- Up-to-date: /workspaces/aprs/aprs_ws/install/fanuc_description/share/ament_index/resource_index/package_run_dependencies/fanuc_description
[0.669s] -- Up-to-date: /workspaces/aprs/aprs_ws/install/fanuc_description/share/ament_index/resource_index/parent_prefix_path/fanuc_description
[0.669s] -- Up-to-date: /workspaces/aprs/aprs_ws/install/fanuc_description/share/fanuc_description/environment/ament_prefix_path.sh
[0.670s] -- Up-to-date: /workspaces/aprs/aprs_ws/install/fanuc_description/share/fanuc_description/environment/ament_prefix_path.dsv
[0.670s] -- Up-to-date: /workspaces/aprs/aprs_ws/install/fanuc_description/share/fanuc_description/environment/path.sh
[0.670s] -- Up-to-date: /workspaces/aprs/aprs_ws/install/fanuc_description/share/fanuc_description/environment/path.dsv
[0.670s] -- Up-to-date: /workspaces/aprs/aprs_ws/install/fanuc_description/share/fanuc_description/local_setup.bash
[0.670s] -- Up-to-date: /workspaces/aprs/aprs_ws/install/fanuc_description/share/fanuc_description/local_setup.sh
[0.670s] -- Up-to-date: /workspaces/aprs/aprs_ws/install/fanuc_description/share/fanuc_description/local_setup.zsh
[0.670s] -- Up-to-date: /workspaces/aprs/aprs_ws/install/fanuc_description/share/fanuc_description/local_setup.dsv
[0.670s] -- Installing: /workspaces/aprs/aprs_ws/install/fanuc_description/share/fanuc_description/package.dsv
[0.670s] -- Up-to-date: /workspaces/aprs/aprs_ws/install/fanuc_description/share/ament_index/resource_index/packages/fanuc_description
[0.671s] -- Up-to-date: /workspaces/aprs/aprs_ws/install/fanuc_description/share/fanuc_description/cmake/fanuc_descriptionConfig.cmake
[0.671s] -- Up-to-date: /workspaces/aprs/aprs_ws/install/fanuc_description/share/fanuc_description/cmake/fanuc_descriptionConfig-version.cmake
[0.675s] -- Up-to-date: /workspaces/aprs/aprs_ws/install/fanuc_description/share/fanuc_description/package.xml
[0.675s] -- Up-to-date: /workspaces/aprs/aprs_ws/install/fanuc_description/share/fanuc_description/meshes
[0.678s] -- Up-to-date: /workspaces/aprs/aprs_ws/install/fanuc_description/share/fanuc_description/meshes/visual
[0.678s] -- Up-to-date: /workspaces/aprs/aprs_ws/install/fanuc_description/share/fanuc_description/meshes/visual/link_3.stl
[0.680s] -- Up-to-date: /workspaces/aprs/aprs_ws/install/fanuc_description/share/fanuc_description/meshes/visual/link_2.stl
[0.682s] -- Up-to-date: /workspaces/aprs/aprs_ws/install/fanuc_description/share/fanuc_description/meshes/visual/link_4.stl
[0.682s] -- Up-to-date: /workspaces/aprs/aprs_ws/install/fanuc_description/share/fanuc_description/meshes/visual/link_5.stl
[0.682s] -- Up-to-date: /workspaces/aprs/aprs_ws/install/fanuc_description/share/fanuc_description/meshes/visual/link_1.stl
[0.682s] -- Up-to-date: /workspaces/aprs/aprs_ws/install/fanuc_description/share/fanuc_description/meshes/visual/link_6.stl
[0.682s] -- Up-to-date: /workspaces/aprs/aprs_ws/install/fanuc_description/share/fanuc_description/meshes/visual/base_link.stl
[0.682s] -- Up-to-date: /workspaces/aprs/aprs_ws/install/fanuc_description/share/fanuc_description/meshes/collision
[0.682s] -- Up-to-date: /workspaces/aprs/aprs_ws/install/fanuc_description/share/fanuc_description/meshes/collision/link_3.stl
[0.682s] -- Up-to-date: /workspaces/aprs/aprs_ws/install/fanuc_description/share/fanuc_description/meshes/collision/link_2.stl
[0.682s] -- Up-to-date: /workspaces/aprs/aprs_ws/install/fanuc_description/share/fanuc_description/meshes/collision/link_4.stl
[0.682s] -- Up-to-date: /workspaces/aprs/aprs_ws/install/fanuc_description/share/fanuc_description/meshes/collision/link_5.stl
[0.685s] -- Up-to-date: /workspaces/aprs/aprs_ws/install/fanuc_description/share/fanuc_description/meshes/collision/link_1.stl
[0.685s] -- Up-to-date: /workspaces/aprs/aprs_ws/install/fanuc_description/share/fanuc_description/meshes/collision/link_6.stl
[0.685s] -- Up-to-date: /workspaces/aprs/aprs_ws/install/fanuc_description/share/fanuc_description/meshes/collision/base_link.stl
[0.685s] -- Up-to-date: /workspaces/aprs/aprs_ws/install/fanuc_description/share/fanuc_description/urdf
[0.686s] -- Up-to-date: /workspaces/aprs/aprs_ws/install/fanuc_description/share/fanuc_description/urdf/fanuc.urdf
[0.686s] -- Up-to-date: /workspaces/aprs/aprs_ws/install/fanuc_description/share/fanuc_description/urdf/fanuc.urdf.xacro
[1.045s] Invoked command in '/workspaces/aprs/aprs_ws/build/fanuc_description' returned '0': CMAKE_PREFIX_PATH=${CMAKE_PREFIX_PATH}:/opt/ros/humble /usr/bin/cmake --install /workspaces/aprs/aprs_ws/build/fanuc_description
