[0.253s] Invoking command in '/workspaces/aprs/aprs_ws/build/ur_controllers': AMENT_PREFIX_PATH=/workspaces/aprs/aprs_ws/install/ur_msgs:/workspaces/aprs/aprs_ws/install/ur_dashboard_msgs:${AMENT_PREFIX_PATH} CMAKE_PREFIX_PATH=/workspaces/aprs/aprs_ws/install/ur_msgs:/workspaces/aprs/aprs_ws/install/ur_dashboard_msgs:/opt/ros/humble LD_LIBRARY_PATH=/workspaces/aprs/aprs_ws/install/ur_msgs/lib:/workspaces/aprs/aprs_ws/install/ur_dashboard_msgs/lib:${LD_LIBRARY_PATH} PYTHONPATH=/workspaces/aprs/aprs_ws/install/ur_msgs/local/lib/python3.10/dist-packages:/workspaces/aprs/aprs_ws/install/ur_dashboard_msgs/local/lib/python3.10/dist-packages:${PYTHONPATH} /usr/bin/cmake /workspaces/aprs/aprs_ws/src/Universal_Robots_ROS2_Driver/ur_controllers -DCMAKE_INSTALL_PREFIX=/workspaces/aprs/aprs_ws/install/ur_controllers
[0.314s] -- Found ament_cmake: 1.3.5 (/opt/ros/humble/share/ament_cmake/cmake)
[0.417s] -- Found angles: 1.15.0 (/opt/ros/humble/share/angles/cmake)
[0.418s] -- Found controller_interface: 2.31.0 (/opt/ros/humble/share/controller_interface/cmake)
[0.451s] -- Found rosidl_generator_c: 3.1.5 (/opt/ros/humble/share/rosidl_generator_c/cmake)
[0.452s] -- Found rosidl_adapter: 3.1.5 (/opt/ros/humble/share/rosidl_adapter/cmake)
[0.457s] -- Found rosidl_generator_cpp: 3.1.5 (/opt/ros/humble/share/rosidl_generator_cpp/cmake)
[0.467s] -- Using all available rosidl_typesupport_c: rosidl_typesupport_fastrtps_c;rosidl_typesupport_introspection_c
[0.483s] -- Using all available rosidl_typesupport_cpp: rosidl_typesupport_fastrtps_cpp;rosidl_typesupport_introspection_cpp
[1.024s] -- Found rmw_implementation_cmake: 6.1.1 (/opt/ros/humble/share/rmw_implementation_cmake/cmake)
[1.026s] -- Found rmw_fastrtps_cpp: 6.2.4 (/opt/ros/humble/share/rmw_fastrtps_cpp/cmake)
[1.235s] -- Using RMW implementation 'rmw_fastrtps_cpp' as default
[1.431s] -- Found joint_trajectory_controller: 2.25.0 (/opt/ros/humble/share/joint_trajectory_controller/cmake)
[1.555s] -- Found parameter_traits: 0.3.6 (/opt/ros/humble/share/parameter_traits/cmake)
[1.693s] -- Found std_srvs: 4.2.3 (/opt/ros/humble/share/std_srvs/cmake)
[1.706s] -- Found ur_dashboard_msgs: 2.2.8 (/workspaces/aprs/aprs_ws/install/ur_dashboard_msgs/share/ur_dashboard_msgs/cmake)
[1.758s] -- Found ur_msgs: 2.0.0 (/workspaces/aprs/aprs_ws/install/ur_msgs/share/ur_msgs/cmake)
[1.929s] -- Configuring done
[1.971s] -- Generating done
[1.974s] -- Build files have been written to: /workspaces/aprs/aprs_ws/build/ur_controllers
[1.987s] Invoked command in '/workspaces/aprs/aprs_ws/build/ur_controllers' returned '0': AMENT_PREFIX_PATH=/workspaces/aprs/aprs_ws/install/ur_msgs:/workspaces/aprs/aprs_ws/install/ur_dashboard_msgs:${AMENT_PREFIX_PATH} CMAKE_PREFIX_PATH=/workspaces/aprs/aprs_ws/install/ur_msgs:/workspaces/aprs/aprs_ws/install/ur_dashboard_msgs:/opt/ros/humble LD_LIBRARY_PATH=/workspaces/aprs/aprs_ws/install/ur_msgs/lib:/workspaces/aprs/aprs_ws/install/ur_dashboard_msgs/lib:${LD_LIBRARY_PATH} PYTHONPATH=/workspaces/aprs/aprs_ws/install/ur_msgs/local/lib/python3.10/dist-packages:/workspaces/aprs/aprs_ws/install/ur_dashboard_msgs/local/lib/python3.10/dist-packages:${PYTHONPATH} /usr/bin/cmake /workspaces/aprs/aprs_ws/src/Universal_Robots_ROS2_Driver/ur_controllers -DCMAKE_INSTALL_PREFIX=/workspaces/aprs/aprs_ws/install/ur_controllers
[1.988s] Invoking command in '/workspaces/aprs/aprs_ws/build/ur_controllers': AMENT_PREFIX_PATH=/workspaces/aprs/aprs_ws/install/ur_msgs:/workspaces/aprs/aprs_ws/install/ur_dashboard_msgs:${AMENT_PREFIX_PATH} CMAKE_PREFIX_PATH=/workspaces/aprs/aprs_ws/install/ur_msgs:/workspaces/aprs/aprs_ws/install/ur_dashboard_msgs:/opt/ros/humble LD_LIBRARY_PATH=/workspaces/aprs/aprs_ws/install/ur_msgs/lib:/workspaces/aprs/aprs_ws/install/ur_dashboard_msgs/lib:${LD_LIBRARY_PATH} PYTHONPATH=/workspaces/aprs/aprs_ws/install/ur_msgs/local/lib/python3.10/dist-packages:/workspaces/aprs/aprs_ws/install/ur_dashboard_msgs/local/lib/python3.10/dist-packages:${PYTHONPATH} /usr/bin/cmake --build /workspaces/aprs/aprs_ws/build/ur_controllers -- -j16 -l16
[2.044s] [ 42%] Built target speed_scaling_state_broadcaster_parameters
[2.044s] [ 42%] Built target scaled_joint_trajectory_controller_parameters
[2.044s] [ 42%] Built target gpio_controller_parameters
[2.057s] [35m[1mConsolidate compiler generated dependencies of target ur_controllers[0m
[2.090s] [100%] Built target ur_controllers
[2.104s] Invoked command in '/workspaces/aprs/aprs_ws/build/ur_controllers' returned '0': AMENT_PREFIX_PATH=/workspaces/aprs/aprs_ws/install/ur_msgs:/workspaces/aprs/aprs_ws/install/ur_dashboard_msgs:${AMENT_PREFIX_PATH} CMAKE_PREFIX_PATH=/workspaces/aprs/aprs_ws/install/ur_msgs:/workspaces/aprs/aprs_ws/install/ur_dashboard_msgs:/opt/ros/humble LD_LIBRARY_PATH=/workspaces/aprs/aprs_ws/install/ur_msgs/lib:/workspaces/aprs/aprs_ws/install/ur_dashboard_msgs/lib:${LD_LIBRARY_PATH} PYTHONPATH=/workspaces/aprs/aprs_ws/install/ur_msgs/local/lib/python3.10/dist-packages:/workspaces/aprs/aprs_ws/install/ur_dashboard_msgs/local/lib/python3.10/dist-packages:${PYTHONPATH} /usr/bin/cmake --build /workspaces/aprs/aprs_ws/build/ur_controllers -- -j16 -l16
[2.137s] Invoking command in '/workspaces/aprs/aprs_ws/build/ur_controllers': AMENT_PREFIX_PATH=/workspaces/aprs/aprs_ws/install/ur_msgs:/workspaces/aprs/aprs_ws/install/ur_dashboard_msgs:${AMENT_PREFIX_PATH} CMAKE_PREFIX_PATH=/workspaces/aprs/aprs_ws/install/ur_msgs:/workspaces/aprs/aprs_ws/install/ur_dashboard_msgs:/opt/ros/humble LD_LIBRARY_PATH=/workspaces/aprs/aprs_ws/install/ur_msgs/lib:/workspaces/aprs/aprs_ws/install/ur_dashboard_msgs/lib:${LD_LIBRARY_PATH} PYTHONPATH=/workspaces/aprs/aprs_ws/install/ur_msgs/local/lib/python3.10/dist-packages:/workspaces/aprs/aprs_ws/install/ur_dashboard_msgs/local/lib/python3.10/dist-packages:${PYTHONPATH} /usr/bin/cmake --install /workspaces/aprs/aprs_ws/build/ur_controllers
[2.146s] -- Install configuration: ""
[2.146s] -- Up-to-date: /workspaces/aprs/aprs_ws/install/ur_controllers/include/gpio_controller_parameters
[2.146s] -- Up-to-date: /workspaces/aprs/aprs_ws/install/ur_controllers/include/gpio_controller_parameters/gpio_controller_parameters.hpp
[2.146s] -- Up-to-date: /workspaces/aprs/aprs_ws/install/ur_controllers/include/speed_scaling_state_broadcaster_parameters
[2.146s] -- Up-to-date: /workspaces/aprs/aprs_ws/install/ur_controllers/include/speed_scaling_state_broadcaster_parameters/speed_scaling_state_broadcaster_parameters.hpp
[2.146s] -- Up-to-date: /workspaces/aprs/aprs_ws/install/ur_controllers/include/scaled_joint_trajectory_controller_parameters
[2.147s] -- Up-to-date: /workspaces/aprs/aprs_ws/install/ur_controllers/include/scaled_joint_trajectory_controller_parameters/scaled_joint_trajectory_controller_parameters.hpp
[2.147s] -- Up-to-date: /workspaces/aprs/aprs_ws/install/ur_controllers/share/ur_controllers/controller_plugins.xml
[2.147s] -- Up-to-date: /workspaces/aprs/aprs_ws/install/ur_controllers/lib/libur_controllers.so
[2.147s] -- Up-to-date: /workspaces/aprs/aprs_ws/install/ur_controllers/include
[2.147s] -- Up-to-date: /workspaces/aprs/aprs_ws/install/ur_controllers/include/ur_controllers
[2.147s] -- Up-to-date: /workspaces/aprs/aprs_ws/install/ur_controllers/include/ur_controllers/scaled_joint_trajectory_controller.hpp
[2.147s] -- Up-to-date: /workspaces/aprs/aprs_ws/install/ur_controllers/include/ur_controllers/gpio_controller.hpp
[2.147s] -- Up-to-date: /workspaces/aprs/aprs_ws/install/ur_controllers/include/ur_controllers/speed_scaling_state_broadcaster.hpp
[2.148s] -- Up-to-date: /workspaces/aprs/aprs_ws/install/ur_controllers/share/ur_controllers/controller_plugins.xml
[2.148s] -- Up-to-date: /workspaces/aprs/aprs_ws/install/ur_controllers/share/ur_controllers/environment/library_path.sh
[2.148s] -- Installing: /workspaces/aprs/aprs_ws/install/ur_controllers/share/ur_controllers/environment/library_path.dsv
[2.148s] -- Up-to-date: /workspaces/aprs/aprs_ws/install/ur_controllers/share/ament_index/resource_index/package_run_dependencies/ur_controllers
[2.148s] -- Up-to-date: /workspaces/aprs/aprs_ws/install/ur_controllers/share/ament_index/resource_index/parent_prefix_path/ur_controllers
[2.148s] -- Up-to-date: /workspaces/aprs/aprs_ws/install/ur_controllers/share/ur_controllers/environment/ament_prefix_path.sh
[2.148s] -- Installing: /workspaces/aprs/aprs_ws/install/ur_controllers/share/ur_controllers/environment/ament_prefix_path.dsv
[2.148s] -- Up-to-date: /workspaces/aprs/aprs_ws/install/ur_controllers/share/ur_controllers/environment/path.sh
[2.148s] -- Installing: /workspaces/aprs/aprs_ws/install/ur_controllers/share/ur_controllers/environment/path.dsv
[2.148s] -- Up-to-date: /workspaces/aprs/aprs_ws/install/ur_controllers/share/ur_controllers/local_setup.bash
[2.148s] -- Up-to-date: /workspaces/aprs/aprs_ws/install/ur_controllers/share/ur_controllers/local_setup.sh
[2.148s] -- Up-to-date: /workspaces/aprs/aprs_ws/install/ur_controllers/share/ur_controllers/local_setup.zsh
[2.148s] -- Installing: /workspaces/aprs/aprs_ws/install/ur_controllers/share/ur_controllers/local_setup.dsv
[2.149s] -- Installing: /workspaces/aprs/aprs_ws/install/ur_controllers/share/ur_controllers/package.dsv
[2.149s] -- Up-to-date: /workspaces/aprs/aprs_ws/install/ur_controllers/share/ament_index/resource_index/packages/ur_controllers
[2.149s] -- Up-to-date: /workspaces/aprs/aprs_ws/install/ur_controllers/share/ament_index/resource_index/controller_interface__pluginlib__plugin/ur_controllers
[2.149s] -- Up-to-date: /workspaces/aprs/aprs_ws/install/ur_controllers/share/ur_controllers/cmake/ament_cmake_export_dependencies-extras.cmake
[2.149s] -- Up-to-date: /workspaces/aprs/aprs_ws/install/ur_controllers/share/ur_controllers/cmake/ament_cmake_export_include_directories-extras.cmake
[2.149s] -- Up-to-date: /workspaces/aprs/aprs_ws/install/ur_controllers/share/ur_controllers/cmake/ament_cmake_export_libraries-extras.cmake
[2.149s] -- Up-to-date: /workspaces/aprs/aprs_ws/install/ur_controllers/share/ur_controllers/cmake/ur_controllersConfig.cmake
[2.149s] -- Up-to-date: /workspaces/aprs/aprs_ws/install/ur_controllers/share/ur_controllers/cmake/ur_controllersConfig-version.cmake
[2.149s] -- Up-to-date: /workspaces/aprs/aprs_ws/install/ur_controllers/share/ur_controllers/package.xml
[2.150s] Invoked command in '/workspaces/aprs/aprs_ws/build/ur_controllers' returned '0': AMENT_PREFIX_PATH=/workspaces/aprs/aprs_ws/install/ur_msgs:/workspaces/aprs/aprs_ws/install/ur_dashboard_msgs:${AMENT_PREFIX_PATH} CMAKE_PREFIX_PATH=/workspaces/aprs/aprs_ws/install/ur_msgs:/workspaces/aprs/aprs_ws/install/ur_dashboard_msgs:/opt/ros/humble LD_LIBRARY_PATH=/workspaces/aprs/aprs_ws/install/ur_msgs/lib:/workspaces/aprs/aprs_ws/install/ur_dashboard_msgs/lib:${LD_LIBRARY_PATH} PYTHONPATH=/workspaces/aprs/aprs_ws/install/ur_msgs/local/lib/python3.10/dist-packages:/workspaces/aprs/aprs_ws/install/ur_dashboard_msgs/local/lib/python3.10/dist-packages:${PYTHONPATH} /usr/bin/cmake --install /workspaces/aprs/aprs_ws/build/ur_controllers
