[0.016s] Invoking command in '/workspaces/aprs/aprs_ws/build/ur_setup': CMAKE_PREFIX_PATH=/opt/ros/rolling /usr/bin/cmake /workspaces/aprs/aprs_ws/src/ur_setup -DCMAKE_INSTALL_PREFIX=/workspaces/aprs/aprs_ws/install/ur_setup
[0.023s] -- Found ament_cmake: 2.2.1 (/opt/ros/rolling/share/ament_cmake/cmake)
[0.155s] -- Found moveit_ros_planning_interface: 2.7.4 (/opt/ros/rolling/share/moveit_ros_planning_interface/cmake)
[0.168s] -- Found Boost: /usr/lib/x86_64-linux-gnu/cmake/Boost-1.74.0/BoostConfig.cmake (found version "1.74.0") found components: date_time filesystem program_options system thread 
[0.196s] -- Found rosidl_generator_c: 4.3.0 (/opt/ros/rolling/share/rosidl_generator_c/cmake)
[0.203s] -- Found rosidl_generator_cpp: 4.3.0 (/opt/ros/rolling/share/rosidl_generator_cpp/cmake)
[0.215s] -- Using all available rosidl_typesupport_c: rosidl_typesupport_fastrtps_c;rosidl_typesupport_introspection_c
[0.228s] -- Using all available rosidl_typesupport_cpp: rosidl_typesupport_fastrtps_cpp;rosidl_typesupport_introspection_cpp
[1.225s] -- Found Boost: /usr/lib/x86_64-linux-gnu/cmake/Boost-1.74.0/BoostConfig.cmake (found version "1.74.0") found components: chrono date_time filesystem iostreams program_options regex serialization system thread 
[1.243s] -- Found parameter_traits: 0.3.3 (/opt/ros/rolling/share/parameter_traits/cmake)
[1.314s] -- Found rmw_implementation_cmake: 7.2.1 (/opt/ros/rolling/share/rmw_implementation_cmake/cmake)
[1.315s] -- Found rmw_fastrtps_cpp: 7.3.0 (/opt/ros/rolling/share/rmw_fastrtps_cpp/cmake)
[1.422s] -- Using RMW implementation 'rmw_fastrtps_cpp' as default
[1.553s] -- Found rclcpp_lifecycle: 22.0.0 (/opt/ros/rolling/share/rclcpp_lifecycle/cmake)
[1.632s] -- Found Boost: /usr/lib/x86_64-linux-gnu/cmake/Boost-1.74.0/BoostConfig.cmake (found version "1.74.0") found components: filesystem 
[1.660s] -- library: /usr/lib/x86_64-linux-gnu/libcurl.so
[1.801s] -- Ensuring Eigen3 include directory is part of orocos-kdl CMake target
[2.224s] -- Found Boost: /usr/lib/x86_64-linux-gnu/cmake/Boost-1.74.0/BoostConfig.cmake (found version "1.74.0") found components: system filesystem date_time program_options thread chrono 
[2.637s] -- Found Boost: /usr/lib/x86_64-linux-gnu/cmake/Boost-1.74.0/BoostConfig.cmake (found version "1.74.0") found components: thread system filesystem regex date_time program_options 
[2.821s] -- Found Boost: /usr/lib/x86_64-linux-gnu/cmake/Boost-1.74.0/BoostConfig.cmake (found version "1.74.0") found components: system filesystem date_time program_options thread 
[3.210s] -- Found ament_lint_auto: 0.15.2 (/opt/ros/rolling/share/ament_lint_auto/cmake)
[3.258s] -- Added test 'cppcheck' to perform static code analysis on C / C++ code
[3.259s] -- Configured cppcheck include dirs: $<BUILD_INTERFACE:/workspaces/aprs/aprs_ws/src/ur_setup/include>
[3.259s] -- Configured cppcheck exclude dirs and/or files: 
[3.259s] -- Added test 'flake8' to check Python code syntax and style conventions
[3.259s] -- Configured 'flake8' exclude dirs and/or files: 
[3.259s] -- Added test 'lint_cmake' to check CMake code style
[3.259s] -- Added test 'pep257' to check Python code against some of the docstring style conventions in PEP 257
[3.259s] -- Added test 'uncrustify' to check C / C++ code style
[3.260s] -- Configured uncrustify additional arguments: 
[3.260s] -- Added test 'xmllint' to check XML markup files
[3.260s] -- Configuring done
[3.291s] -- Generating done
[3.293s] -- Build files have been written to: /workspaces/aprs/aprs_ws/build/ur_setup
[3.309s] Invoked command in '/workspaces/aprs/aprs_ws/build/ur_setup' returned '0': CMAKE_PREFIX_PATH=/opt/ros/rolling /usr/bin/cmake /workspaces/aprs/aprs_ws/src/ur_setup -DCMAKE_INSTALL_PREFIX=/workspaces/aprs/aprs_ws/install/ur_setup
[3.310s] Invoking command in '/workspaces/aprs/aprs_ws/build/ur_setup': CMAKE_PREFIX_PATH=/opt/ros/rolling /usr/bin/cmake --build /workspaces/aprs/aprs_ws/build/ur_setup -- -j16 -l16
[3.339s] [35m[1mConsolidate compiler generated dependencies of target ur_setup[0m
[3.357s] [100%] Built target ur_setup
[3.363s] Invoked command in '/workspaces/aprs/aprs_ws/build/ur_setup' returned '0': CMAKE_PREFIX_PATH=/opt/ros/rolling /usr/bin/cmake --build /workspaces/aprs/aprs_ws/build/ur_setup -- -j16 -l16
[3.378s] Invoking command in '/workspaces/aprs/aprs_ws/build/ur_setup': CMAKE_PREFIX_PATH=/opt/ros/rolling /usr/bin/cmake --install /workspaces/aprs/aprs_ws/build/ur_setup
[3.383s] -- Install configuration: ""
[3.383s] -- Up-to-date: /workspaces/aprs/aprs_ws/install/ur_setup/share/ur_setup//launch
[3.383s] -- Up-to-date: /workspaces/aprs/aprs_ws/install/ur_setup/share/ur_setup//launch/ur_setup.launch.py
[3.384s] -- Up-to-date: /workspaces/aprs/aprs_ws/install/ur_setup/lib/ur_setup/ur_setup
[3.384s] -- Up-to-date: /workspaces/aprs/aprs_ws/install/ur_setup/share/ament_index/resource_index/package_run_dependencies/ur_setup
[3.384s] -- Up-to-date: /workspaces/aprs/aprs_ws/install/ur_setup/share/ament_index/resource_index/parent_prefix_path/ur_setup
[3.384s] -- Up-to-date: /workspaces/aprs/aprs_ws/install/ur_setup/share/ur_setup/environment/ament_prefix_path.sh
[3.384s] -- Up-to-date: /workspaces/aprs/aprs_ws/install/ur_setup/share/ur_setup/environment/ament_prefix_path.dsv
[3.384s] -- Up-to-date: /workspaces/aprs/aprs_ws/install/ur_setup/share/ur_setup/environment/path.sh
[3.384s] -- Up-to-date: /workspaces/aprs/aprs_ws/install/ur_setup/share/ur_setup/environment/path.dsv
[3.384s] -- Up-to-date: /workspaces/aprs/aprs_ws/install/ur_setup/share/ur_setup/local_setup.bash
[3.384s] -- Up-to-date: /workspaces/aprs/aprs_ws/install/ur_setup/share/ur_setup/local_setup.sh
[3.384s] -- Up-to-date: /workspaces/aprs/aprs_ws/install/ur_setup/share/ur_setup/local_setup.zsh
[3.384s] -- Up-to-date: /workspaces/aprs/aprs_ws/install/ur_setup/share/ur_setup/local_setup.dsv
[3.384s] -- Installing: /workspaces/aprs/aprs_ws/install/ur_setup/share/ur_setup/package.dsv
[3.384s] -- Up-to-date: /workspaces/aprs/aprs_ws/install/ur_setup/share/ament_index/resource_index/packages/ur_setup
[3.384s] -- Up-to-date: /workspaces/aprs/aprs_ws/install/ur_setup/share/ur_setup/cmake/ur_setupConfig.cmake
[3.384s] -- Up-to-date: /workspaces/aprs/aprs_ws/install/ur_setup/share/ur_setup/cmake/ur_setupConfig-version.cmake
[3.384s] -- Up-to-date: /workspaces/aprs/aprs_ws/install/ur_setup/share/ur_setup/package.xml
[3.386s] Invoked command in '/workspaces/aprs/aprs_ws/build/ur_setup' returned '0': CMAKE_PREFIX_PATH=/opt/ros/rolling /usr/bin/cmake --install /workspaces/aprs/aprs_ws/build/ur_setup
