[0.720s] Invoking command in '/workspaces/aprs_humble/aprs_ws/src/ros2_control/ros2controlcli': AMENT_PREFIX_PATH=/workspaces/aprs_humble/aprs_ws/install/controller_manager:/workspaces/aprs_humble/aprs_ws/install/controller_interface:/workspaces/aprs_humble/aprs_ws/install/hardware_interface:/workspaces/aprs_humble/aprs_ws/install/ros2_control_test_assets:/workspaces/aprs_humble/aprs_ws/install/controller_manager_msgs:${AMENT_PREFIX_PATH} CMAKE_PREFIX_PATH=/workspaces/aprs_humble/aprs_ws/install/controller_manager:/workspaces/aprs_humble/aprs_ws/install/controller_interface:/workspaces/aprs_humble/aprs_ws/install/hardware_interface:/workspaces/aprs_humble/aprs_ws/install/ros2_control_test_assets:/workspaces/aprs_humble/aprs_ws/install/controller_manager_msgs LD_LIBRARY_PATH=/workspaces/aprs_humble/aprs_ws/install/controller_manager/lib:/workspaces/aprs_humble/aprs_ws/install/controller_interface/lib:/workspaces/aprs_humble/aprs_ws/install/hardware_interface/lib:/workspaces/aprs_humble/aprs_ws/install/controller_manager_msgs/lib:${LD_LIBRARY_PATH} PYTHONPATH=/workspaces/aprs_humble/aprs_ws/build/ros2controlcli/prefix_override:/workspaces/aprs_humble/aprs_ws/install/ros2controlcli/lib/python3.10/site-packages:/workspaces/aprs_humble/aprs_ws/install/controller_manager/local/lib/python3.10/dist-packages:/workspaces/aprs_humble/aprs_ws/install/controller_manager_msgs/local/lib/python3.10/dist-packages:${PYTHONPATH} /usr/bin/python3 setup.py egg_info --egg-base ../../../build/ros2controlcli build --build-base /workspaces/aprs_humble/aprs_ws/build/ros2controlcli/build install --record /workspaces/aprs_humble/aprs_ws/build/ros2controlcli/install.log --single-version-externally-managed
[0.983s] running egg_info
[0.984s] creating ../../../build/ros2controlcli/ros2controlcli.egg-info
[0.985s] writing ../../../build/ros2controlcli/ros2controlcli.egg-info/PKG-INFO
[0.985s] writing dependency_links to ../../../build/ros2controlcli/ros2controlcli.egg-info/dependency_links.txt
[0.985s] writing entry points to ../../../build/ros2controlcli/ros2controlcli.egg-info/entry_points.txt
[0.986s] writing requirements to ../../../build/ros2controlcli/ros2controlcli.egg-info/requires.txt
[0.986s] writing top-level names to ../../../build/ros2controlcli/ros2controlcli.egg-info/top_level.txt
[0.986s] writing manifest file '../../../build/ros2controlcli/ros2controlcli.egg-info/SOURCES.txt'
[0.988s] reading manifest file '../../../build/ros2controlcli/ros2controlcli.egg-info/SOURCES.txt'
[0.989s] writing manifest file '../../../build/ros2controlcli/ros2controlcli.egg-info/SOURCES.txt'
[0.990s] running build
[0.990s] running build_py
[0.990s] creating /workspaces/aprs_humble/aprs_ws/build/ros2controlcli/build
[0.990s] creating /workspaces/aprs_humble/aprs_ws/build/ros2controlcli/build/lib
[0.990s] creating /workspaces/aprs_humble/aprs_ws/build/ros2controlcli/build/lib/ros2controlcli
[0.990s] copying ros2controlcli/__init__.py -> /workspaces/aprs_humble/aprs_ws/build/ros2controlcli/build/lib/ros2controlcli
[0.990s] creating /workspaces/aprs_humble/aprs_ws/build/ros2controlcli/build/lib/ros2controlcli/api
[0.990s] copying ros2controlcli/api/__init__.py -> /workspaces/aprs_humble/aprs_ws/build/ros2controlcli/build/lib/ros2controlcli/api
[0.990s] creating /workspaces/aprs_humble/aprs_ws/build/ros2controlcli/build/lib/ros2controlcli/verb
[0.990s] copying ros2controlcli/verb/set_controller_state.py -> /workspaces/aprs_humble/aprs_ws/build/ros2controlcli/build/lib/ros2controlcli/verb
[0.990s] copying ros2controlcli/verb/load_controller.py -> /workspaces/aprs_humble/aprs_ws/build/ros2controlcli/build/lib/ros2controlcli/verb
[0.991s] copying ros2controlcli/verb/reload_controller_libraries.py -> /workspaces/aprs_humble/aprs_ws/build/ros2controlcli/build/lib/ros2controlcli/verb
[0.991s] copying ros2controlcli/verb/switch_controllers.py -> /workspaces/aprs_humble/aprs_ws/build/ros2controlcli/build/lib/ros2controlcli/verb
[0.991s] copying ros2controlcli/verb/list_controllers.py -> /workspaces/aprs_humble/aprs_ws/build/ros2controlcli/build/lib/ros2controlcli/verb
[0.991s] copying ros2controlcli/verb/view_controller_chains.py -> /workspaces/aprs_humble/aprs_ws/build/ros2controlcli/build/lib/ros2controlcli/verb
[0.991s] copying ros2controlcli/verb/list_hardware_interfaces.py -> /workspaces/aprs_humble/aprs_ws/build/ros2controlcli/build/lib/ros2controlcli/verb
[0.991s] copying ros2controlcli/verb/list_hardware_components.py -> /workspaces/aprs_humble/aprs_ws/build/ros2controlcli/build/lib/ros2controlcli/verb
[0.991s] copying ros2controlcli/verb/unload_controller.py -> /workspaces/aprs_humble/aprs_ws/build/ros2controlcli/build/lib/ros2controlcli/verb
[0.991s] copying ros2controlcli/verb/__init__.py -> /workspaces/aprs_humble/aprs_ws/build/ros2controlcli/build/lib/ros2controlcli/verb
[0.991s] copying ros2controlcli/verb/list_controller_types.py -> /workspaces/aprs_humble/aprs_ws/build/ros2controlcli/build/lib/ros2controlcli/verb
[0.991s] creating /workspaces/aprs_humble/aprs_ws/build/ros2controlcli/build/lib/ros2controlcli/command
[0.991s] copying ros2controlcli/command/control.py -> /workspaces/aprs_humble/aprs_ws/build/ros2controlcli/build/lib/ros2controlcli/command
[0.991s] copying ros2controlcli/command/__init__.py -> /workspaces/aprs_humble/aprs_ws/build/ros2controlcli/build/lib/ros2controlcli/command
[0.992s] running install
[0.992s] /usr/lib/python3/dist-packages/setuptools/command/install.py:34: SetuptoolsDeprecationWarning: setup.py install is deprecated. Use build and pip and other standards-based tools.
[0.992s]   warnings.warn(
[0.992s] running install_lib
[0.993s] creating /workspaces/aprs_humble/aprs_ws/install/ros2controlcli/lib/python3.10/site-packages/ros2controlcli
[0.993s] creating /workspaces/aprs_humble/aprs_ws/install/ros2controlcli/lib/python3.10/site-packages/ros2controlcli/api
[0.993s] copying /workspaces/aprs_humble/aprs_ws/build/ros2controlcli/build/lib/ros2controlcli/api/__init__.py -> /workspaces/aprs_humble/aprs_ws/install/ros2controlcli/lib/python3.10/site-packages/ros2controlcli/api
[0.994s] creating /workspaces/aprs_humble/aprs_ws/install/ros2controlcli/lib/python3.10/site-packages/ros2controlcli/verb
[0.994s] copying /workspaces/aprs_humble/aprs_ws/build/ros2controlcli/build/lib/ros2controlcli/verb/set_controller_state.py -> /workspaces/aprs_humble/aprs_ws/install/ros2controlcli/lib/python3.10/site-packages/ros2controlcli/verb
[0.994s] copying /workspaces/aprs_humble/aprs_ws/build/ros2controlcli/build/lib/ros2controlcli/verb/load_controller.py -> /workspaces/aprs_humble/aprs_ws/install/ros2controlcli/lib/python3.10/site-packages/ros2controlcli/verb
[0.994s] copying /workspaces/aprs_humble/aprs_ws/build/ros2controlcli/build/lib/ros2controlcli/verb/reload_controller_libraries.py -> /workspaces/aprs_humble/aprs_ws/install/ros2controlcli/lib/python3.10/site-packages/ros2controlcli/verb
[0.994s] copying /workspaces/aprs_humble/aprs_ws/build/ros2controlcli/build/lib/ros2controlcli/verb/switch_controllers.py -> /workspaces/aprs_humble/aprs_ws/install/ros2controlcli/lib/python3.10/site-packages/ros2controlcli/verb
[0.994s] copying /workspaces/aprs_humble/aprs_ws/build/ros2controlcli/build/lib/ros2controlcli/verb/list_controllers.py -> /workspaces/aprs_humble/aprs_ws/install/ros2controlcli/lib/python3.10/site-packages/ros2controlcli/verb
[0.994s] copying /workspaces/aprs_humble/aprs_ws/build/ros2controlcli/build/lib/ros2controlcli/verb/view_controller_chains.py -> /workspaces/aprs_humble/aprs_ws/install/ros2controlcli/lib/python3.10/site-packages/ros2controlcli/verb
[0.994s] copying /workspaces/aprs_humble/aprs_ws/build/ros2controlcli/build/lib/ros2controlcli/verb/list_hardware_interfaces.py -> /workspaces/aprs_humble/aprs_ws/install/ros2controlcli/lib/python3.10/site-packages/ros2controlcli/verb
[0.994s] copying /workspaces/aprs_humble/aprs_ws/build/ros2controlcli/build/lib/ros2controlcli/verb/list_hardware_components.py -> /workspaces/aprs_humble/aprs_ws/install/ros2controlcli/lib/python3.10/site-packages/ros2controlcli/verb
[0.994s] copying /workspaces/aprs_humble/aprs_ws/build/ros2controlcli/build/lib/ros2controlcli/verb/unload_controller.py -> /workspaces/aprs_humble/aprs_ws/install/ros2controlcli/lib/python3.10/site-packages/ros2controlcli/verb
[0.994s] copying /workspaces/aprs_humble/aprs_ws/build/ros2controlcli/build/lib/ros2controlcli/verb/__init__.py -> /workspaces/aprs_humble/aprs_ws/install/ros2controlcli/lib/python3.10/site-packages/ros2controlcli/verb
[0.995s] copying /workspaces/aprs_humble/aprs_ws/build/ros2controlcli/build/lib/ros2controlcli/verb/list_controller_types.py -> /workspaces/aprs_humble/aprs_ws/install/ros2controlcli/lib/python3.10/site-packages/ros2controlcli/verb
[0.995s] creating /workspaces/aprs_humble/aprs_ws/install/ros2controlcli/lib/python3.10/site-packages/ros2controlcli/command
[0.995s] copying /workspaces/aprs_humble/aprs_ws/build/ros2controlcli/build/lib/ros2controlcli/command/control.py -> /workspaces/aprs_humble/aprs_ws/install/ros2controlcli/lib/python3.10/site-packages/ros2controlcli/command
[0.995s] copying /workspaces/aprs_humble/aprs_ws/build/ros2controlcli/build/lib/ros2controlcli/command/__init__.py -> /workspaces/aprs_humble/aprs_ws/install/ros2controlcli/lib/python3.10/site-packages/ros2controlcli/command
[0.995s] copying /workspaces/aprs_humble/aprs_ws/build/ros2controlcli/build/lib/ros2controlcli/__init__.py -> /workspaces/aprs_humble/aprs_ws/install/ros2controlcli/lib/python3.10/site-packages/ros2controlcli
[0.995s] byte-compiling /workspaces/aprs_humble/aprs_ws/install/ros2controlcli/lib/python3.10/site-packages/ros2controlcli/api/__init__.py to __init__.cpython-310.pyc
[0.997s] byte-compiling /workspaces/aprs_humble/aprs_ws/install/ros2controlcli/lib/python3.10/site-packages/ros2controlcli/verb/set_controller_state.py to set_controller_state.cpython-310.pyc
[0.997s] byte-compiling /workspaces/aprs_humble/aprs_ws/install/ros2controlcli/lib/python3.10/site-packages/ros2controlcli/verb/load_controller.py to load_controller.cpython-310.pyc
[0.998s] byte-compiling /workspaces/aprs_humble/aprs_ws/install/ros2controlcli/lib/python3.10/site-packages/ros2controlcli/verb/reload_controller_libraries.py to reload_controller_libraries.cpython-310.pyc
[0.998s] byte-compiling /workspaces/aprs_humble/aprs_ws/install/ros2controlcli/lib/python3.10/site-packages/ros2controlcli/verb/switch_controllers.py to switch_controllers.cpython-310.pyc
[0.998s] byte-compiling /workspaces/aprs_humble/aprs_ws/install/ros2controlcli/lib/python3.10/site-packages/ros2controlcli/verb/list_controllers.py to list_controllers.cpython-310.pyc
[0.999s] byte-compiling /workspaces/aprs_humble/aprs_ws/install/ros2controlcli/lib/python3.10/site-packages/ros2controlcli/verb/view_controller_chains.py to view_controller_chains.cpython-310.pyc
[1.002s] byte-compiling /workspaces/aprs_humble/aprs_ws/install/ros2controlcli/lib/python3.10/site-packages/ros2controlcli/verb/list_hardware_interfaces.py to list_hardware_interfaces.cpython-310.pyc
[1.003s] byte-compiling /workspaces/aprs_humble/aprs_ws/install/ros2controlcli/lib/python3.10/site-packages/ros2controlcli/verb/list_hardware_components.py to list_hardware_components.cpython-310.pyc
[1.003s] byte-compiling /workspaces/aprs_humble/aprs_ws/install/ros2controlcli/lib/python3.10/site-packages/ros2controlcli/verb/unload_controller.py to unload_controller.cpython-310.pyc
[1.003s] byte-compiling /workspaces/aprs_humble/aprs_ws/install/ros2controlcli/lib/python3.10/site-packages/ros2controlcli/verb/__init__.py to __init__.cpython-310.pyc
[1.003s] byte-compiling /workspaces/aprs_humble/aprs_ws/install/ros2controlcli/lib/python3.10/site-packages/ros2controlcli/verb/list_controller_types.py to list_controller_types.cpython-310.pyc
[1.003s] byte-compiling /workspaces/aprs_humble/aprs_ws/install/ros2controlcli/lib/python3.10/site-packages/ros2controlcli/command/control.py to control.cpython-310.pyc
[1.003s] byte-compiling /workspaces/aprs_humble/aprs_ws/install/ros2controlcli/lib/python3.10/site-packages/ros2controlcli/command/__init__.py to __init__.cpython-310.pyc
[1.003s] byte-compiling /workspaces/aprs_humble/aprs_ws/install/ros2controlcli/lib/python3.10/site-packages/ros2controlcli/__init__.py to __init__.cpython-310.pyc
[1.003s] running install_data
[1.003s] copying package.xml -> /workspaces/aprs_humble/aprs_ws/install/ros2controlcli/share/ros2controlcli
[1.003s] creating /workspaces/aprs_humble/aprs_ws/install/ros2controlcli/share/ament_index
[1.004s] creating /workspaces/aprs_humble/aprs_ws/install/ros2controlcli/share/ament_index/resource_index
[1.004s] creating /workspaces/aprs_humble/aprs_ws/install/ros2controlcli/share/ament_index/resource_index/packages
[1.004s] copying resource/ros2controlcli -> /workspaces/aprs_humble/aprs_ws/install/ros2controlcli/share/ament_index/resource_index/packages
[1.004s] running install_egg_info
[1.005s] Copying ../../../build/ros2controlcli/ros2controlcli.egg-info to /workspaces/aprs_humble/aprs_ws/install/ros2controlcli/lib/python3.10/site-packages/ros2controlcli-2.31.0-py3.10.egg-info
[1.007s] running install_scripts
[1.031s] writing list of installed files to '/workspaces/aprs_humble/aprs_ws/build/ros2controlcli/install.log'
[1.075s] Invoked command in '/workspaces/aprs_humble/aprs_ws/src/ros2_control/ros2controlcli' returned '0': AMENT_PREFIX_PATH=/workspaces/aprs_humble/aprs_ws/install/controller_manager:/workspaces/aprs_humble/aprs_ws/install/controller_interface:/workspaces/aprs_humble/aprs_ws/install/hardware_interface:/workspaces/aprs_humble/aprs_ws/install/ros2_control_test_assets:/workspaces/aprs_humble/aprs_ws/install/controller_manager_msgs:${AMENT_PREFIX_PATH} CMAKE_PREFIX_PATH=/workspaces/aprs_humble/aprs_ws/install/controller_manager:/workspaces/aprs_humble/aprs_ws/install/controller_interface:/workspaces/aprs_humble/aprs_ws/install/hardware_interface:/workspaces/aprs_humble/aprs_ws/install/ros2_control_test_assets:/workspaces/aprs_humble/aprs_ws/install/controller_manager_msgs LD_LIBRARY_PATH=/workspaces/aprs_humble/aprs_ws/install/controller_manager/lib:/workspaces/aprs_humble/aprs_ws/install/controller_interface/lib:/workspaces/aprs_humble/aprs_ws/install/hardware_interface/lib:/workspaces/aprs_humble/aprs_ws/install/controller_manager_msgs/lib:${LD_LIBRARY_PATH} PYTHONPATH=/workspaces/aprs_humble/aprs_ws/build/ros2controlcli/prefix_override:/workspaces/aprs_humble/aprs_ws/install/ros2controlcli/lib/python3.10/site-packages:/workspaces/aprs_humble/aprs_ws/install/controller_manager/local/lib/python3.10/dist-packages:/workspaces/aprs_humble/aprs_ws/install/controller_manager_msgs/local/lib/python3.10/dist-packages:${PYTHONPATH} /usr/bin/python3 setup.py egg_info --egg-base ../../../build/ros2controlcli build --build-base /workspaces/aprs_humble/aprs_ws/build/ros2controlcli/build install --record /workspaces/aprs_humble/aprs_ws/build/ros2controlcli/install.log --single-version-externally-managed
