[0.023s] Invoking command in '/workspaces/aprs/aprs_ws/build/ur_setup': CMAKE_PREFIX_PATH=${CMAKE_PREFIX_PATH}:/opt/ros/rolling /usr/bin/cmake --build /workspaces/aprs/aprs_ws/build/ur_setup -- -j16 -l16
[0.131s] [100%] Built target ur_setup
[0.133s] Invoked command in '/workspaces/aprs/aprs_ws/build/ur_setup' returned '0': CMAKE_PREFIX_PATH=${CMAKE_PREFIX_PATH}:/opt/ros/rolling /usr/bin/cmake --build /workspaces/aprs/aprs_ws/build/ur_setup -- -j16 -l16
[0.208s] Invoking command in '/workspaces/aprs/aprs_ws/build/ur_setup': CMAKE_PREFIX_PATH=${CMAKE_PREFIX_PATH}:/opt/ros/rolling /usr/bin/cmake --install /workspaces/aprs/aprs_ws/build/ur_setup
[0.214s] -- Install configuration: ""
[0.214s] -- Up-to-date: /workspaces/aprs/aprs_ws/install/ur_setup/share/ur_setup//launch
[0.214s] -- Up-to-date: /workspaces/aprs/aprs_ws/install/ur_setup/share/ur_setup//launch/ur_setup.launch.py
[0.214s] -- Up-to-date: /workspaces/aprs/aprs_ws/install/ur_setup/lib/ur_setup/ur_setup
[0.214s] -- Up-to-date: /workspaces/aprs/aprs_ws/install/ur_setup/share/ament_index/resource_index/package_run_dependencies/ur_setup
[0.214s] -- Up-to-date: /workspaces/aprs/aprs_ws/install/ur_setup/share/ament_index/resource_index/parent_prefix_path/ur_setup
[0.214s] -- Up-to-date: /workspaces/aprs/aprs_ws/install/ur_setup/share/ur_setup/environment/ament_prefix_path.sh
[0.214s] -- Up-to-date: /workspaces/aprs/aprs_ws/install/ur_setup/share/ur_setup/environment/ament_prefix_path.dsv
[0.214s] -- Up-to-date: /workspaces/aprs/aprs_ws/install/ur_setup/share/ur_setup/environment/path.sh
[0.214s] -- Up-to-date: /workspaces/aprs/aprs_ws/install/ur_setup/share/ur_setup/environment/path.dsv
[0.214s] -- Up-to-date: /workspaces/aprs/aprs_ws/install/ur_setup/share/ur_setup/local_setup.bash
[0.214s] -- Up-to-date: /workspaces/aprs/aprs_ws/install/ur_setup/share/ur_setup/local_setup.sh
[0.215s] -- Up-to-date: /workspaces/aprs/aprs_ws/install/ur_setup/share/ur_setup/local_setup.zsh
[0.216s] -- Up-to-date: /workspaces/aprs/aprs_ws/install/ur_setup/share/ur_setup/local_setup.dsv
[0.216s] -- Installing: /workspaces/aprs/aprs_ws/install/ur_setup/share/ur_setup/package.dsv
[0.216s] -- Up-to-date: /workspaces/aprs/aprs_ws/install/ur_setup/share/ament_index/resource_index/packages/ur_setup
[0.218s] -- Up-to-date: /workspaces/aprs/aprs_ws/install/ur_setup/share/ur_setup/cmake/ur_setupConfig.cmake
[0.218s] -- Up-to-date: /workspaces/aprs/aprs_ws/install/ur_setup/share/ur_setup/cmake/ur_setupConfig-version.cmake
[0.219s] -- Up-to-date: /workspaces/aprs/aprs_ws/install/ur_setup/share/ur_setup/package.xml
[0.220s] Invoked command in '/workspaces/aprs/aprs_ws/build/ur_setup' returned '0': CMAKE_PREFIX_PATH=${CMAKE_PREFIX_PATH}:/opt/ros/rolling /usr/bin/cmake --install /workspaces/aprs/aprs_ws/build/ur_setup
