[0.254s] Invoking command in '/home/aprs/aprs/aprs_ws/build/gear_ur': CMAKE_PREFIX_PATH=${CMAKE_PREFIX_PATH}:/home/aprs/aprs/aprs_ws/install/conveyor_controller:/opt/ros/humble /usr/bin/cmake --build /home/aprs/aprs/aprs_ws/build/gear_ur -- -j16 -l16
[0.325s] [ 50%] Built target gear_ur
[0.363s] [100%] Built target gear
[0.415s] Invoked command in '/home/aprs/aprs/aprs_ws/build/gear_ur' returned '0': CMAKE_PREFIX_PATH=${CMAKE_PREFIX_PATH}:/home/aprs/aprs/aprs_ws/install/conveyor_controller:/opt/ros/humble /usr/bin/cmake --build /home/aprs/aprs/aprs_ws/build/gear_ur -- -j16 -l16
[0.599s] Invoking command in '/home/aprs/aprs/aprs_ws/build/gear_ur': CMAKE_PREFIX_PATH=${CMAKE_PREFIX_PATH}:/home/aprs/aprs/aprs_ws/install/conveyor_controller:/opt/ros/humble /usr/bin/cmake --install /home/aprs/aprs/aprs_ws/build/gear_ur
[0.606s] -- Install configuration: ""
[0.606s] -- Up-to-date: /home/aprs/aprs/aprs_ws/install/gear_ur/lib/gear_ur/gear
[0.606s] -- Up-to-date: /home/aprs/aprs/aprs_ws/install/gear_ur/lib/libgear_ur.so
[0.606s] -- Up-to-date: /home/aprs/aprs/aprs_ws/install/gear_ur/include
[0.607s] -- Up-to-date: /home/aprs/aprs/aprs_ws/install/gear_ur/include/gear_pick.hpp
[0.607s] -- Up-to-date: /home/aprs/aprs/aprs_ws/install/gear_ur/share/gear_ur/launch
[0.607s] -- Up-to-date: /home/aprs/aprs/aprs_ws/install/gear_ur/share/gear_ur/launch/moveit_test.launch.py
[0.607s] -- Up-to-date: /home/aprs/aprs/aprs_ws/install/gear_ur/share/gear_ur/environment/library_path.sh
[0.607s] -- Up-to-date: /home/aprs/aprs/aprs_ws/install/gear_ur/share/gear_ur/environment/library_path.dsv
[0.607s] -- Up-to-date: /home/aprs/aprs/aprs_ws/install/gear_ur/share/ament_index/resource_index/package_run_dependencies/gear_ur
[0.607s] -- Up-to-date: /home/aprs/aprs/aprs_ws/install/gear_ur/share/ament_index/resource_index/parent_prefix_path/gear_ur
[0.607s] -- Up-to-date: /home/aprs/aprs/aprs_ws/install/gear_ur/share/gear_ur/environment/ament_prefix_path.sh
[0.608s] -- Up-to-date: /home/aprs/aprs/aprs_ws/install/gear_ur/share/gear_ur/environment/ament_prefix_path.dsv
[0.609s] -- Up-to-date: /home/aprs/aprs/aprs_ws/install/gear_ur/share/gear_ur/environment/path.sh
[0.609s] -- Up-to-date: /home/aprs/aprs/aprs_ws/install/gear_ur/share/gear_ur/environment/path.dsv
[0.610s] -- Up-to-date: /home/aprs/aprs/aprs_ws/install/gear_ur/share/gear_ur/local_setup.bash
[0.610s] -- Up-to-date: /home/aprs/aprs/aprs_ws/install/gear_ur/share/gear_ur/local_setup.sh
[0.610s] -- Up-to-date: /home/aprs/aprs/aprs_ws/install/gear_ur/share/gear_ur/local_setup.zsh
[0.610s] -- Up-to-date: /home/aprs/aprs/aprs_ws/install/gear_ur/share/gear_ur/local_setup.dsv
[0.611s] -- Installing: /home/aprs/aprs/aprs_ws/install/gear_ur/share/gear_ur/package.dsv
[0.611s] -- Up-to-date: /home/aprs/aprs/aprs_ws/install/gear_ur/share/ament_index/resource_index/packages/gear_ur
[0.611s] -- Up-to-date: /home/aprs/aprs/aprs_ws/install/gear_ur/share/gear_ur/cmake/ament_cmake_export_libraries-extras.cmake
[0.611s] -- Up-to-date: /home/aprs/aprs/aprs_ws/install/gear_ur/share/gear_ur/cmake/ament_cmake_export_include_directories-extras.cmake
[0.611s] -- Up-to-date: /home/aprs/aprs/aprs_ws/install/gear_ur/share/gear_ur/cmake/ament_cmake_export_dependencies-extras.cmake
[0.612s] -- Up-to-date: /home/aprs/aprs/aprs_ws/install/gear_ur/share/gear_ur/cmake/gear_urConfig.cmake
[0.614s] -- Up-to-date: /home/aprs/aprs/aprs_ws/install/gear_ur/share/gear_ur/cmake/gear_urConfig-version.cmake
[0.614s] -- Up-to-date: /home/aprs/aprs/aprs_ws/install/gear_ur/share/gear_ur/package.xml
[0.717s] Invoked command in '/home/aprs/aprs/aprs_ws/build/gear_ur' returned '0': CMAKE_PREFIX_PATH=${CMAKE_PREFIX_PATH}:/home/aprs/aprs/aprs_ws/install/conveyor_controller:/opt/ros/humble /usr/bin/cmake --install /home/aprs/aprs/aprs_ws/build/gear_ur
