-- Found ament_cmake: 2.2.1 (/opt/ros/rolling/share/ament_cmake/cmake)
-- Found rosidl_default_runtime: 1.6.0 (/opt/ros/rolling/share/rosidl_default_runtime/cmake)
-- Using all available rosidl_typesupport_c: rosidl_typesupport_fastrtps_c;rosidl_typesupport_introspection_c
-- Using all available rosidl_typesupport_cpp: rosidl_typesupport_fastrtps_cpp;rosidl_typesupport_introspection_cpp
-- Configuring done
-- Generating done
-- Build files have been written to: /workspaces/aprs/aprs_ws/build/table_description
-- Install configuration: ""
-- Up-to-date: /workspaces/aprs/aprs_ws/install/table_description/share/table_description/meshes
-- Up-to-date: /workspaces/aprs/aprs_ws/install/table_description/share/table_description/meshes/collision
-- Up-to-date: /workspaces/aprs/aprs_ws/install/table_description/share/table_description/meshes/collision/table.stl
-- Up-to-date: /workspaces/aprs/aprs_ws/install/table_description/share/table_description/meshes/visual
-- Up-to-date: /workspaces/aprs/aprs_ws/install/table_description/share/table_description/meshes/visual/table.stl
-- Up-to-date: /workspaces/aprs/aprs_ws/install/table_description/share/table_description/urdf
-- Up-to-date: /workspaces/aprs/aprs_ws/install/table_description/share/table_description/urdf/table.urdf.xacro
-- Up-to-date: /workspaces/aprs/aprs_ws/install/table_description/share/ament_index/resource_index/package_run_dependencies/table_description
-- Up-to-date: /workspaces/aprs/aprs_ws/install/table_description/share/ament_index/resource_index/parent_prefix_path/table_description
-- Up-to-date: /workspaces/aprs/aprs_ws/install/table_description/share/table_description/environment/ament_prefix_path.sh
-- Up-to-date: /workspaces/aprs/aprs_ws/install/table_description/share/table_description/environment/ament_prefix_path.dsv
-- Up-to-date: /workspaces/aprs/aprs_ws/install/table_description/share/table_description/environment/path.sh
-- Up-to-date: /workspaces/aprs/aprs_ws/install/table_description/share/table_description/environment/path.dsv
-- Up-to-date: /workspaces/aprs/aprs_ws/install/table_description/share/table_description/local_setup.bash
-- Up-to-date: /workspaces/aprs/aprs_ws/install/table_description/share/table_description/local_setup.sh
-- Up-to-date: /workspaces/aprs/aprs_ws/install/table_description/share/table_description/local_setup.zsh
-- Up-to-date: /workspaces/aprs/aprs_ws/install/table_description/share/table_description/local_setup.dsv
-- Installing: /workspaces/aprs/aprs_ws/install/table_description/share/table_description/package.dsv
-- Up-to-date: /workspaces/aprs/aprs_ws/install/table_description/share/ament_index/resource_index/packages/table_description
-- Up-to-date: /workspaces/aprs/aprs_ws/install/table_description/share/table_description/cmake/table_descriptionConfig.cmake
-- Up-to-date: /workspaces/aprs/aprs_ws/install/table_description/share/table_description/cmake/table_descriptionConfig-version.cmake
-- Up-to-date: /workspaces/aprs/aprs_ws/install/table_description/share/table_description/package.xml
