[0.487s] Invoking command in '/home/aprs/aprs/aprs_ws/src/ros2_control/ros2controlcli': AMENT_PREFIX_PATH=/home/aprs/aprs/aprs_ws/install/controller_manager:/home/aprs/aprs/aprs_ws/install/controller_interface:/home/aprs/aprs/aprs_ws/install/hardware_interface:/home/aprs/aprs/aprs_ws/install/ros2_control_test_assets:/home/aprs/aprs/aprs_ws/install/controller_manager_msgs:/home/aprs/aprs/aprs_ws/install/control_msgs:${AMENT_PREFIX_PATH} CMAKE_PREFIX_PATH=/home/aprs/aprs/aprs_ws/install/controller_manager:/home/aprs/aprs/aprs_ws/install/controller_interface:/home/aprs/aprs/aprs_ws/install/hardware_interface:/home/aprs/aprs/aprs_ws/install/ros2_control_test_assets:/home/aprs/aprs/aprs_ws/install/controller_manager_msgs:/home/aprs/aprs/aprs_ws/install/control_msgs LD_LIBRARY_PATH=/home/aprs/aprs/aprs_ws/install/controller_manager/lib:/home/aprs/aprs/aprs_ws/install/controller_interface/lib:/home/aprs/aprs/aprs_ws/install/hardware_interface/lib:/home/aprs/aprs/aprs_ws/install/ros2_control_test_assets/lib:/home/aprs/aprs/aprs_ws/install/controller_manager_msgs/lib:/home/aprs/aprs/aprs_ws/install/control_msgs/lib:${LD_LIBRARY_PATH} PYTHONPATH=/home/aprs/aprs/aprs_ws/build/ros2controlcli/prefix_override:/home/aprs/aprs/aprs_ws/install/ros2controlcli/lib/python3.10/site-packages:/home/aprs/aprs/aprs_ws/install/controller_manager/lib/python3.10/site-packages:/home/aprs/aprs/aprs_ws/install/controller_manager_msgs/lib/python3.10/site-packages:/home/aprs/aprs/aprs_ws/install/control_msgs/lib/python3.10/site-packages:${PYTHONPATH} /usr/bin/python3 setup.py egg_info --egg-base ../../../build/ros2controlcli build --build-base /home/aprs/aprs/aprs_ws/build/ros2controlcli/build install --record /home/aprs/aprs/aprs_ws/build/ros2controlcli/install.log --single-version-externally-managed
[2.099s] running egg_info
[2.100s] creating ../../../build/ros2controlcli/ros2controlcli.egg-info
[2.100s] writing ../../../build/ros2controlcli/ros2controlcli.egg-info/PKG-INFO
[2.100s] writing dependency_links to ../../../build/ros2controlcli/ros2controlcli.egg-info/dependency_links.txt
[2.100s] writing entry points to ../../../build/ros2controlcli/ros2controlcli.egg-info/entry_points.txt
[2.100s] writing requirements to ../../../build/ros2controlcli/ros2controlcli.egg-info/requires.txt
[2.100s] writing top-level names to ../../../build/ros2controlcli/ros2controlcli.egg-info/top_level.txt
[2.100s] writing manifest file '../../../build/ros2controlcli/ros2controlcli.egg-info/SOURCES.txt'
[2.100s] reading manifest file '../../../build/ros2controlcli/ros2controlcli.egg-info/SOURCES.txt'
[2.100s] writing manifest file '../../../build/ros2controlcli/ros2controlcli.egg-info/SOURCES.txt'
[2.100s] running build
[2.100s] running build_py
[2.100s] creating /home/aprs/aprs/aprs_ws/build/ros2controlcli/build
[2.100s] creating /home/aprs/aprs/aprs_ws/build/ros2controlcli/build/lib
[2.100s] creating /home/aprs/aprs/aprs_ws/build/ros2controlcli/build/lib/ros2controlcli
[2.100s] copying ros2controlcli/__init__.py -> /home/aprs/aprs/aprs_ws/build/ros2controlcli/build/lib/ros2controlcli
[2.100s] creating /home/aprs/aprs/aprs_ws/build/ros2controlcli/build/lib/ros2controlcli/verb
[2.100s] copying ros2controlcli/verb/__init__.py -> /home/aprs/aprs/aprs_ws/build/ros2controlcli/build/lib/ros2controlcli/verb
[2.100s] copying ros2controlcli/verb/load_controller.py -> /home/aprs/aprs/aprs_ws/build/ros2controlcli/build/lib/ros2controlcli/verb
[2.100s] copying ros2controlcli/verb/unload_controller.py -> /home/aprs/aprs/aprs_ws/build/ros2controlcli/build/lib/ros2controlcli/verb
[2.100s] copying ros2controlcli/verb/list_controllers.py -> /home/aprs/aprs/aprs_ws/build/ros2controlcli/build/lib/ros2controlcli/verb
[2.100s] copying ros2controlcli/verb/list_hardware_components.py -> /home/aprs/aprs/aprs_ws/build/ros2controlcli/build/lib/ros2controlcli/verb
[2.100s] copying ros2controlcli/verb/switch_controllers.py -> /home/aprs/aprs/aprs_ws/build/ros2controlcli/build/lib/ros2controlcli/verb
[2.100s] copying ros2controlcli/verb/set_controller_state.py -> /home/aprs/aprs/aprs_ws/build/ros2controlcli/build/lib/ros2controlcli/verb
[2.101s] copying ros2controlcli/verb/reload_controller_libraries.py -> /home/aprs/aprs/aprs_ws/build/ros2controlcli/build/lib/ros2controlcli/verb
[2.101s] copying ros2controlcli/verb/view_controller_chains.py -> /home/aprs/aprs/aprs_ws/build/ros2controlcli/build/lib/ros2controlcli/verb
[2.101s] copying ros2controlcli/verb/list_hardware_interfaces.py -> /home/aprs/aprs/aprs_ws/build/ros2controlcli/build/lib/ros2controlcli/verb
[2.101s] copying ros2controlcli/verb/list_controller_types.py -> /home/aprs/aprs/aprs_ws/build/ros2controlcli/build/lib/ros2controlcli/verb
[2.101s] creating /home/aprs/aprs/aprs_ws/build/ros2controlcli/build/lib/ros2controlcli/command
[2.101s] copying ros2controlcli/command/__init__.py -> /home/aprs/aprs/aprs_ws/build/ros2controlcli/build/lib/ros2controlcli/command
[2.101s] copying ros2controlcli/command/control.py -> /home/aprs/aprs/aprs_ws/build/ros2controlcli/build/lib/ros2controlcli/command
[2.101s] creating /home/aprs/aprs/aprs_ws/build/ros2controlcli/build/lib/ros2controlcli/api
[2.101s] copying ros2controlcli/api/__init__.py -> /home/aprs/aprs/aprs_ws/build/ros2controlcli/build/lib/ros2controlcli/api
[2.101s] running install
[2.101s] running install_lib
[2.101s] creating /home/aprs/aprs/aprs_ws/install/ros2controlcli/lib/python3.10/site-packages/ros2controlcli
[2.101s] copying /home/aprs/aprs/aprs_ws/build/ros2controlcli/build/lib/ros2controlcli/__init__.py -> /home/aprs/aprs/aprs_ws/install/ros2controlcli/lib/python3.10/site-packages/ros2controlcli
[2.101s] creating /home/aprs/aprs/aprs_ws/install/ros2controlcli/lib/python3.10/site-packages/ros2controlcli/verb
[2.101s] copying /home/aprs/aprs/aprs_ws/build/ros2controlcli/build/lib/ros2controlcli/verb/__init__.py -> /home/aprs/aprs/aprs_ws/install/ros2controlcli/lib/python3.10/site-packages/ros2controlcli/verb
[2.101s] copying /home/aprs/aprs/aprs_ws/build/ros2controlcli/build/lib/ros2controlcli/verb/load_controller.py -> /home/aprs/aprs/aprs_ws/install/ros2controlcli/lib/python3.10/site-packages/ros2controlcli/verb
[2.102s] /usr/lib/python3/dist-packages/setuptools/command/install.py:34: SetuptoolsDeprecationWarning: setup.py install is deprecated. Use build and pip and other standards-based tools.
[2.102s]   warnings.warn(
[2.107s] copying /home/aprs/aprs/aprs_ws/build/ros2controlcli/build/lib/ros2controlcli/verb/unload_controller.py -> /home/aprs/aprs/aprs_ws/install/ros2controlcli/lib/python3.10/site-packages/ros2controlcli/verb
[2.107s] copying /home/aprs/aprs/aprs_ws/build/ros2controlcli/build/lib/ros2controlcli/verb/list_controllers.py -> /home/aprs/aprs/aprs_ws/install/ros2controlcli/lib/python3.10/site-packages/ros2controlcli/verb
[2.107s] copying /home/aprs/aprs/aprs_ws/build/ros2controlcli/build/lib/ros2controlcli/verb/list_hardware_components.py -> /home/aprs/aprs/aprs_ws/install/ros2controlcli/lib/python3.10/site-packages/ros2controlcli/verb
[2.107s] copying /home/aprs/aprs/aprs_ws/build/ros2controlcli/build/lib/ros2controlcli/verb/switch_controllers.py -> /home/aprs/aprs/aprs_ws/install/ros2controlcli/lib/python3.10/site-packages/ros2controlcli/verb
[2.107s] copying /home/aprs/aprs/aprs_ws/build/ros2controlcli/build/lib/ros2controlcli/verb/set_controller_state.py -> /home/aprs/aprs/aprs_ws/install/ros2controlcli/lib/python3.10/site-packages/ros2controlcli/verb
[2.107s] copying /home/aprs/aprs/aprs_ws/build/ros2controlcli/build/lib/ros2controlcli/verb/reload_controller_libraries.py -> /home/aprs/aprs/aprs_ws/install/ros2controlcli/lib/python3.10/site-packages/ros2controlcli/verb
[2.107s] copying /home/aprs/aprs/aprs_ws/build/ros2controlcli/build/lib/ros2controlcli/verb/view_controller_chains.py -> /home/aprs/aprs/aprs_ws/install/ros2controlcli/lib/python3.10/site-packages/ros2controlcli/verb
[2.107s] copying /home/aprs/aprs/aprs_ws/build/ros2controlcli/build/lib/ros2controlcli/verb/list_hardware_interfaces.py -> /home/aprs/aprs/aprs_ws/install/ros2controlcli/lib/python3.10/site-packages/ros2controlcli/verb
[2.107s] copying /home/aprs/aprs/aprs_ws/build/ros2controlcli/build/lib/ros2controlcli/verb/list_controller_types.py -> /home/aprs/aprs/aprs_ws/install/ros2controlcli/lib/python3.10/site-packages/ros2controlcli/verb
[2.107s] creating /home/aprs/aprs/aprs_ws/install/ros2controlcli/lib/python3.10/site-packages/ros2controlcli/command
[2.107s] copying /home/aprs/aprs/aprs_ws/build/ros2controlcli/build/lib/ros2controlcli/command/__init__.py -> /home/aprs/aprs/aprs_ws/install/ros2controlcli/lib/python3.10/site-packages/ros2controlcli/command
[2.107s] copying /home/aprs/aprs/aprs_ws/build/ros2controlcli/build/lib/ros2controlcli/command/control.py -> /home/aprs/aprs/aprs_ws/install/ros2controlcli/lib/python3.10/site-packages/ros2controlcli/command
[2.107s] creating /home/aprs/aprs/aprs_ws/install/ros2controlcli/lib/python3.10/site-packages/ros2controlcli/api
[2.107s] copying /home/aprs/aprs/aprs_ws/build/ros2controlcli/build/lib/ros2controlcli/api/__init__.py -> /home/aprs/aprs/aprs_ws/install/ros2controlcli/lib/python3.10/site-packages/ros2controlcli/api
[2.107s] byte-compiling /home/aprs/aprs/aprs_ws/install/ros2controlcli/lib/python3.10/site-packages/ros2controlcli/__init__.py to __init__.cpython-310.pyc
[2.108s] byte-compiling /home/aprs/aprs/aprs_ws/install/ros2controlcli/lib/python3.10/site-packages/ros2controlcli/verb/__init__.py to __init__.cpython-310.pyc
[2.108s] byte-compiling /home/aprs/aprs/aprs_ws/install/ros2controlcli/lib/python3.10/site-packages/ros2controlcli/verb/load_controller.py to load_controller.cpython-310.pyc
[2.108s] byte-compiling /home/aprs/aprs/aprs_ws/install/ros2controlcli/lib/python3.10/site-packages/ros2controlcli/verb/unload_controller.py to unload_controller.cpython-310.pyc
[2.108s] byte-compiling /home/aprs/aprs/aprs_ws/install/ros2controlcli/lib/python3.10/site-packages/ros2controlcli/verb/list_controllers.py to list_controllers.cpython-310.pyc
[2.108s] byte-compiling /home/aprs/aprs/aprs_ws/install/ros2controlcli/lib/python3.10/site-packages/ros2controlcli/verb/list_hardware_components.py to list_hardware_components.cpython-310.pyc
[2.108s] byte-compiling /home/aprs/aprs/aprs_ws/install/ros2controlcli/lib/python3.10/site-packages/ros2controlcli/verb/switch_controllers.py to switch_controllers.cpython-310.pyc
[2.108s] byte-compiling /home/aprs/aprs/aprs_ws/install/ros2controlcli/lib/python3.10/site-packages/ros2controlcli/verb/set_controller_state.py to set_controller_state.cpython-310.pyc
[2.108s] byte-compiling /home/aprs/aprs/aprs_ws/install/ros2controlcli/lib/python3.10/site-packages/ros2controlcli/verb/reload_controller_libraries.py to reload_controller_libraries.cpython-310.pyc
[2.108s] byte-compiling /home/aprs/aprs/aprs_ws/install/ros2controlcli/lib/python3.10/site-packages/ros2controlcli/verb/view_controller_chains.py to view_controller_chains.cpython-310.pyc
[2.108s] byte-compiling /home/aprs/aprs/aprs_ws/install/ros2controlcli/lib/python3.10/site-packages/ros2controlcli/verb/list_hardware_interfaces.py to list_hardware_interfaces.cpython-310.pyc
[2.108s] byte-compiling /home/aprs/aprs/aprs_ws/install/ros2controlcli/lib/python3.10/site-packages/ros2controlcli/verb/list_controller_types.py to list_controller_types.cpython-310.pyc
[2.108s] byte-compiling /home/aprs/aprs/aprs_ws/install/ros2controlcli/lib/python3.10/site-packages/ros2controlcli/command/__init__.py to __init__.cpython-310.pyc
[2.108s] byte-compiling /home/aprs/aprs/aprs_ws/install/ros2controlcli/lib/python3.10/site-packages/ros2controlcli/command/control.py to control.cpython-310.pyc
[2.108s] byte-compiling /home/aprs/aprs/aprs_ws/install/ros2controlcli/lib/python3.10/site-packages/ros2controlcli/api/__init__.py to __init__.cpython-310.pyc
[2.108s] running install_data
[2.108s] copying package.xml -> /home/aprs/aprs/aprs_ws/install/ros2controlcli/share/ros2controlcli
[2.108s] creating /home/aprs/aprs/aprs_ws/install/ros2controlcli/share/ament_index
[2.108s] creating /home/aprs/aprs/aprs_ws/install/ros2controlcli/share/ament_index/resource_index
[2.108s] creating /home/aprs/aprs/aprs_ws/install/ros2controlcli/share/ament_index/resource_index/packages
[2.108s] copying resource/ros2controlcli -> /home/aprs/aprs/aprs_ws/install/ros2controlcli/share/ament_index/resource_index/packages
[2.108s] running install_egg_info
[2.108s] Copying ../../../build/ros2controlcli/ros2controlcli.egg-info to /home/aprs/aprs/aprs_ws/install/ros2controlcli/lib/python3.10/site-packages/ros2controlcli-3.17.0-py3.10.egg-info
[2.108s] running install_scripts
[2.108s] writing list of installed files to '/home/aprs/aprs/aprs_ws/build/ros2controlcli/install.log'
[2.109s] Invoked command in '/home/aprs/aprs/aprs_ws/src/ros2_control/ros2controlcli' returned '0': AMENT_PREFIX_PATH=/home/aprs/aprs/aprs_ws/install/controller_manager:/home/aprs/aprs/aprs_ws/install/controller_interface:/home/aprs/aprs/aprs_ws/install/hardware_interface:/home/aprs/aprs/aprs_ws/install/ros2_control_test_assets:/home/aprs/aprs/aprs_ws/install/controller_manager_msgs:/home/aprs/aprs/aprs_ws/install/control_msgs:${AMENT_PREFIX_PATH} CMAKE_PREFIX_PATH=/home/aprs/aprs/aprs_ws/install/controller_manager:/home/aprs/aprs/aprs_ws/install/controller_interface:/home/aprs/aprs/aprs_ws/install/hardware_interface:/home/aprs/aprs/aprs_ws/install/ros2_control_test_assets:/home/aprs/aprs/aprs_ws/install/controller_manager_msgs:/home/aprs/aprs/aprs_ws/install/control_msgs LD_LIBRARY_PATH=/home/aprs/aprs/aprs_ws/install/controller_manager/lib:/home/aprs/aprs/aprs_ws/install/controller_interface/lib:/home/aprs/aprs/aprs_ws/install/hardware_interface/lib:/home/aprs/aprs/aprs_ws/install/ros2_control_test_assets/lib:/home/aprs/aprs/aprs_ws/install/controller_manager_msgs/lib:/home/aprs/aprs/aprs_ws/install/control_msgs/lib:${LD_LIBRARY_PATH} PYTHONPATH=/home/aprs/aprs/aprs_ws/build/ros2controlcli/prefix_override:/home/aprs/aprs/aprs_ws/install/ros2controlcli/lib/python3.10/site-packages:/home/aprs/aprs/aprs_ws/install/controller_manager/lib/python3.10/site-packages:/home/aprs/aprs/aprs_ws/install/controller_manager_msgs/lib/python3.10/site-packages:/home/aprs/aprs/aprs_ws/install/control_msgs/lib/python3.10/site-packages:${PYTHONPATH} /usr/bin/python3 setup.py egg_info --egg-base ../../../build/ros2controlcli build --build-base /home/aprs/aprs/aprs_ws/build/ros2controlcli/build install --record /home/aprs/aprs/aprs_ws/build/ros2controlcli/install.log --single-version-externally-managed
