[0.212s] Invoking command in '/workspaces/aprs/aprs_ws/build/franka_gz': CMAKE_PREFIX_PATH=/opt/ros/humble /usr/bin/cmake /workspaces/aprs/aprs_ws/src/franka_gz -DBUILD_TESTING=ON -DCMAKE_INSTALL_PREFIX=/workspaces/aprs/aprs_ws/install/franka_gz
[2.420s] -- The C compiler identification is GNU 11.4.0
[2.420s] -- The CXX compiler identification is GNU 11.4.0
[2.420s] -- Detecting C compiler ABI info
[2.420s] -- Detecting C compiler ABI info - done
[2.420s] -- Check for working C compiler: /usr/bin/cc - skipped
[2.420s] -- Detecting C compile features
[2.420s] -- Detecting C compile features - done
[2.420s] -- Detecting CXX compiler ABI info
[2.421s] -- Detecting CXX compiler ABI info - done
[2.421s] -- Check for working CXX compiler: /usr/bin/c++ - skipped
[2.421s] -- Detecting CXX compile features
[2.421s] -- Detecting CXX compile features - done
[2.421s] -- Found ament_cmake: 1.3.5 (/opt/ros/humble/share/ament_cmake/cmake)
[2.421s] -- Found Python3: /usr/bin/python3.10 (found version "3.10.12") found components: Interpreter 
[2.421s] -- Found control_msgs: 4.4.0 (/opt/ros/humble/share/control_msgs/cmake)
[2.598s] -- Found rosidl_generator_c: 3.1.5 (/opt/ros/humble/share/rosidl_generator_c/cmake)
[2.664s] -- Found rosidl_adapter: 3.1.5 (/opt/ros/humble/share/rosidl_adapter/cmake)
[2.724s] -- Found rosidl_generator_cpp: 3.1.5 (/opt/ros/humble/share/rosidl_generator_cpp/cmake)
[2.830s] -- Using all available rosidl_typesupport_c: rosidl_typesupport_fastrtps_c;rosidl_typesupport_introspection_c
[2.930s] -- Using all available rosidl_typesupport_cpp: rosidl_typesupport_fastrtps_cpp;rosidl_typesupport_introspection_cpp
[6.020s] -- Found rclcpp: 16.0.6 (/opt/ros/humble/share/rclcpp/cmake)
[6.432s] -- Found rmw_implementation_cmake: 6.1.1 (/opt/ros/humble/share/rmw_implementation_cmake/cmake)
[6.454s] -- Found rmw_fastrtps_cpp: 6.2.4 (/opt/ros/humble/share/rmw_fastrtps_cpp/cmake)
[7.600s] -- Found OpenSSL: /usr/lib/x86_64-linux-gnu/libcrypto.so (found version "3.0.2")  
[7.898s] -- Found FastRTPS: /opt/ros/humble/include  
[8.142s] -- Using RMW implementation 'rmw_fastrtps_cpp' as default
[8.220s] -- Looking for pthread.h
[8.511s] -- Looking for pthread.h - found
[8.513s] -- Performing Test CMAKE_HAVE_LIBC_PTHREAD
[8.691s] -- Performing Test CMAKE_HAVE_LIBC_PTHREAD - Success
[8.694s] -- Found Threads: TRUE  
[8.924s] -- Found rclcpp_action: 16.0.6 (/opt/ros/humble/share/rclcpp_action/cmake)
[8.986s] -- Found ament_cmake_gtest: 1.3.5 (/opt/ros/humble/share/ament_cmake_gtest/cmake)
[8.992s] -- Found ament_lint_auto: 0.12.8 (/opt/ros/humble/share/ament_lint_auto/cmake)
[9.232s] -- Added test 'copyright' to check source files copyright and LICENSE
[9.236s] -- Added test 'flake8' to check Python code syntax and style conventions
[9.237s] -- Added test 'lint_cmake' to check CMake code style
[9.238s] -- Added test 'pep257' to check Python code against some of the docstring style conventions in PEP 257
[9.243s] -- Added test 'xmllint' to check XML markup files
[9.243s] -- Configuring done
[9.257s] -- Generating done
[9.260s] -- Build files have been written to: /workspaces/aprs/aprs_ws/build/franka_gz
[9.835s] Invoked command in '/workspaces/aprs/aprs_ws/build/franka_gz' returned '0': CMAKE_PREFIX_PATH=/opt/ros/humble /usr/bin/cmake /workspaces/aprs/aprs_ws/src/franka_gz -DBUILD_TESTING=ON -DCMAKE_INSTALL_PREFIX=/workspaces/aprs/aprs_ws/install/franka_gz
[9.837s] Invoking command in '/workspaces/aprs/aprs_ws/build/franka_gz': CMAKE_PREFIX_PATH=/opt/ros/humble /usr/bin/cmake --build /workspaces/aprs/aprs_ws/build/franka_gz -- -j16 -l16
[11.001s] Invoked command in '/workspaces/aprs/aprs_ws/build/franka_gz' returned '0': CMAKE_PREFIX_PATH=/opt/ros/humble /usr/bin/cmake --build /workspaces/aprs/aprs_ws/build/franka_gz -- -j16 -l16
[11.701s] Invoking command in '/workspaces/aprs/aprs_ws/build/franka_gz': CMAKE_PREFIX_PATH=/opt/ros/humble /usr/bin/cmake --install /workspaces/aprs/aprs_ws/build/franka_gz
[18.735s] -- Install configuration: ""
[18.735s] -- Installing: /workspaces/aprs/aprs_ws/install/franka_gz/share/franka_gz//launch
[18.735s] -- Installing: /workspaces/aprs/aprs_ws/install/franka_gz/share/franka_gz//launch/frankarobot.launch.py
[18.735s] -- Installing: /workspaces/aprs/aprs_ws/install/franka_gz/share/franka_gz//launch/multi.launch.py
[18.735s] -- Installing: /workspaces/aprs/aprs_ws/install/franka_gz/share/franka_gz//launch/frur.launch.py
[18.738s] -- Installing: /workspaces/aprs/aprs_ws/install/franka_gz/share/franka_gz//config
[18.738s] -- Installing: /workspaces/aprs/aprs_ws/install/franka_gz/share/franka_gz//config/franka_controller.yaml
[18.738s] -- Installing: /workspaces/aprs/aprs_ws/install/franka_gz/share/franka_gz//config/controllers.yaml
[18.738s] -- Installing: /workspaces/aprs/aprs_ws/install/franka_gz/share/ament_index/resource_index/package_run_dependencies/franka_gz
[18.738s] -- Installing: /workspaces/aprs/aprs_ws/install/franka_gz/share/ament_index/resource_index/parent_prefix_path/franka_gz
[18.738s] -- Installing: /workspaces/aprs/aprs_ws/install/franka_gz/share/franka_gz/environment/ament_prefix_path.sh
[18.738s] -- Installing: /workspaces/aprs/aprs_ws/install/franka_gz/share/franka_gz/environment/ament_prefix_path.dsv
[18.738s] -- Installing: /workspaces/aprs/aprs_ws/install/franka_gz/share/franka_gz/environment/path.sh
[18.738s] -- Installing: /workspaces/aprs/aprs_ws/install/franka_gz/share/franka_gz/environment/path.dsv
[18.738s] -- Installing: /workspaces/aprs/aprs_ws/install/franka_gz/share/franka_gz/local_setup.bash
[18.738s] -- Installing: /workspaces/aprs/aprs_ws/install/franka_gz/share/franka_gz/local_setup.sh
[18.739s] -- Installing: /workspaces/aprs/aprs_ws/install/franka_gz/share/franka_gz/local_setup.zsh
[18.739s] -- Installing: /workspaces/aprs/aprs_ws/install/franka_gz/share/franka_gz/local_setup.dsv
[18.739s] -- Installing: /workspaces/aprs/aprs_ws/install/franka_gz/share/franka_gz/package.dsv
[18.739s] -- Installing: /workspaces/aprs/aprs_ws/install/franka_gz/share/ament_index/resource_index/packages/franka_gz
[18.739s] -- Installing: /workspaces/aprs/aprs_ws/install/franka_gz/share/franka_gz/cmake/franka_gzConfig.cmake
[18.739s] -- Installing: /workspaces/aprs/aprs_ws/install/franka_gz/share/franka_gz/cmake/franka_gzConfig-version.cmake
[18.739s] -- Installing: /workspaces/aprs/aprs_ws/install/franka_gz/share/franka_gz/package.xml
[18.770s] Invoked command in '/workspaces/aprs/aprs_ws/build/franka_gz' returned '0': CMAKE_PREFIX_PATH=/opt/ros/humble /usr/bin/cmake --install /workspaces/aprs/aprs_ws/build/franka_gz
