-- Found ament_cmake: 2.2.1 (/opt/ros/rolling/share/ament_cmake/cmake)
-- Configuring done
-- Generating done
-- Build files have been written to: /workspaces/aprs/aprs_ws/build/realsense2_description_
-- Install configuration: ""
-- Up-to-date: /workspaces/aprs/aprs_ws/install/realsense2_description_/share/realsense2_description_/launch
-- Up-to-date: /workspaces/aprs/aprs_ws/install/realsense2_description_/share/realsense2_description_/launch/view_model.launch.py
-- Up-to-date: /workspaces/aprs/aprs_ws/install/realsense2_description_/share/realsense2_description_/launch/launch_utils.py
-- Up-to-date: /workspaces/aprs/aprs_ws/install/realsense2_description_/share/realsense2_description_/meshes
-- Up-to-date: /workspaces/aprs/aprs_ws/install/realsense2_description_/share/realsense2_description_/meshes/plug.stl
-- Up-to-date: /workspaces/aprs/aprs_ws/install/realsense2_description_/share/realsense2_description_/meshes/d415.stl
-- Up-to-date: /workspaces/aprs/aprs_ws/install/realsense2_description_/share/realsense2_description_/meshes/l515.dae
-- Up-to-date: /workspaces/aprs/aprs_ws/install/realsense2_description_/share/realsense2_description_/meshes/d455.stl
-- Up-to-date: /workspaces/aprs/aprs_ws/install/realsense2_description_/share/realsense2_description_/meshes/d435.dae
-- Up-to-date: /workspaces/aprs/aprs_ws/install/realsense2_description_/share/realsense2_description_/meshes/plug_collision.stl
-- Up-to-date: /workspaces/aprs/aprs_ws/install/realsense2_description_/share/realsense2_description_/rviz
-- Up-to-date: /workspaces/aprs/aprs_ws/install/realsense2_description_/share/realsense2_description_/rviz/urdf.rviz
-- Up-to-date: /workspaces/aprs/aprs_ws/install/realsense2_description_/share/realsense2_description_/urdf
-- Up-to-date: /workspaces/aprs/aprs_ws/install/realsense2_description_/share/realsense2_description_/urdf/test_d435_camera.urdf.xacro
-- Up-to-date: /workspaces/aprs/aprs_ws/install/realsense2_description_/share/realsense2_description_/urdf/_d435i.urdf.xacro
-- Up-to-date: /workspaces/aprs/aprs_ws/install/realsense2_description_/share/realsense2_description_/urdf/test_d435i_camera.urdf.xacro
-- Up-to-date: /workspaces/aprs/aprs_ws/install/realsense2_description_/share/realsense2_description_/urdf/_d435i_imu_modules.urdf.xacro
-- Up-to-date: /workspaces/aprs/aprs_ws/install/realsense2_description_/share/realsense2_description_/urdf/test_d455_camera.urdf.xacro
-- Up-to-date: /workspaces/aprs/aprs_ws/install/realsense2_description_/share/realsense2_description_/urdf/test_r430_camera.urdf.xacro
-- Up-to-date: /workspaces/aprs/aprs_ws/install/realsense2_description_/share/realsense2_description_/urdf/_r410.urdf.xacro
-- Up-to-date: /workspaces/aprs/aprs_ws/install/realsense2_description_/share/realsense2_description_/urdf/_r430.urdf.xacro
-- Up-to-date: /workspaces/aprs/aprs_ws/install/realsense2_description_/share/realsense2_description_/urdf/test_r410_camera.urdf.xacro
-- Up-to-date: /workspaces/aprs/aprs_ws/install/realsense2_description_/share/realsense2_description_/urdf/test_l515_camera.urdf.xacro
-- Up-to-date: /workspaces/aprs/aprs_ws/install/realsense2_description_/share/realsense2_description_/urdf/_d415.urdf.xacro
-- Up-to-date: /workspaces/aprs/aprs_ws/install/realsense2_description_/share/realsense2_description_/urdf/_d435.urdf.xacro
-- Up-to-date: /workspaces/aprs/aprs_ws/install/realsense2_description_/share/realsense2_description_/urdf/_materials.urdf.xacro
-- Up-to-date: /workspaces/aprs/aprs_ws/install/realsense2_description_/share/realsense2_description_/urdf/_d455.urdf.xacro
-- Up-to-date: /workspaces/aprs/aprs_ws/install/realsense2_description_/share/realsense2_description_/urdf/test_d415_camera.urdf.xacro
-- Up-to-date: /workspaces/aprs/aprs_ws/install/realsense2_description_/share/realsense2_description_/urdf/test_d435_multiple_cameras.urdf.xacro
-- Up-to-date: /workspaces/aprs/aprs_ws/install/realsense2_description_/share/realsense2_description_/urdf/_usb_plug.urdf.xacro
-- Up-to-date: /workspaces/aprs/aprs_ws/install/realsense2_description_/share/realsense2_description_/urdf/_l515.urdf.xacro
-- Up-to-date: /workspaces/aprs/aprs_ws/install/realsense2_description_/share/ament_index/resource_index/package_run_dependencies/realsense2_description_
-- Up-to-date: /workspaces/aprs/aprs_ws/install/realsense2_description_/share/ament_index/resource_index/parent_prefix_path/realsense2_description_
-- Up-to-date: /workspaces/aprs/aprs_ws/install/realsense2_description_/share/realsense2_description_/environment/ament_prefix_path.sh
-- Up-to-date: /workspaces/aprs/aprs_ws/install/realsense2_description_/share/realsense2_description_/environment/ament_prefix_path.dsv
-- Up-to-date: /workspaces/aprs/aprs_ws/install/realsense2_description_/share/realsense2_description_/environment/path.sh
-- Up-to-date: /workspaces/aprs/aprs_ws/install/realsense2_description_/share/realsense2_description_/environment/path.dsv
-- Up-to-date: /workspaces/aprs/aprs_ws/install/realsense2_description_/share/realsense2_description_/local_setup.bash
-- Up-to-date: /workspaces/aprs/aprs_ws/install/realsense2_description_/share/realsense2_description_/local_setup.sh
-- Up-to-date: /workspaces/aprs/aprs_ws/install/realsense2_description_/share/realsense2_description_/local_setup.zsh
-- Up-to-date: /workspaces/aprs/aprs_ws/install/realsense2_description_/share/realsense2_description_/local_setup.dsv
-- Up-to-date: /workspaces/aprs/aprs_ws/install/realsense2_description_/share/realsense2_description_/package.dsv
-- Up-to-date: /workspaces/aprs/aprs_ws/install/realsense2_description_/share/ament_index/resource_index/packages/realsense2_description_
-- Up-to-date: /workspaces/aprs/aprs_ws/install/realsense2_description_/share/realsense2_description_/cmake/realsense2_description_Config.cmake
-- Up-to-date: /workspaces/aprs/aprs_ws/install/realsense2_description_/share/realsense2_description_/cmake/realsense2_description_Config-version.cmake
-- Up-to-date: /workspaces/aprs/aprs_ws/install/realsense2_description_/share/realsense2_description_/package.xml
