[0.017s] Invoking command in '/workspaces/aprs/aprs_ws/build/realsense2_description_': AMENT_PREFIX_PATH=/workspaces/aprs/aprs_ws/install/realsense2_camera_msgs:${AMENT_PREFIX_PATH} CMAKE_PREFIX_PATH=/workspaces/aprs/aprs_ws/install/realsense2_camera_msgs:/opt/ros/rolling LD_LIBRARY_PATH=/workspaces/aprs/aprs_ws/install/realsense2_camera_msgs/lib:${LD_LIBRARY_PATH} PYTHONPATH=/workspaces/aprs/aprs_ws/install/realsense2_camera_msgs/lib/python3.10/site-packages:${PYTHONPATH} /usr/bin/cmake /workspaces/aprs/aprs_ws/src/assets/sensors/realsense2_description -DCMAKE_INSTALL_PREFIX=/workspaces/aprs/aprs_ws/install/realsense2_description_
[0.029s] -- Found ament_cmake: 2.2.1 (/opt/ros/rolling/share/ament_cmake/cmake)
[0.266s] -- Configuring done
[0.271s] -- Generating done
[0.271s] -- Build files have been written to: /workspaces/aprs/aprs_ws/build/realsense2_description_
[0.274s] Invoked command in '/workspaces/aprs/aprs_ws/build/realsense2_description_' returned '0': AMENT_PREFIX_PATH=/workspaces/aprs/aprs_ws/install/realsense2_camera_msgs:${AMENT_PREFIX_PATH} CMAKE_PREFIX_PATH=/workspaces/aprs/aprs_ws/install/realsense2_camera_msgs:/opt/ros/rolling LD_LIBRARY_PATH=/workspaces/aprs/aprs_ws/install/realsense2_camera_msgs/lib:${LD_LIBRARY_PATH} PYTHONPATH=/workspaces/aprs/aprs_ws/install/realsense2_camera_msgs/lib/python3.10/site-packages:${PYTHONPATH} /usr/bin/cmake /workspaces/aprs/aprs_ws/src/assets/sensors/realsense2_description -DCMAKE_INSTALL_PREFIX=/workspaces/aprs/aprs_ws/install/realsense2_description_
[0.276s] Invoking command in '/workspaces/aprs/aprs_ws/build/realsense2_description_': AMENT_PREFIX_PATH=/workspaces/aprs/aprs_ws/install/realsense2_camera_msgs:${AMENT_PREFIX_PATH} CMAKE_PREFIX_PATH=/workspaces/aprs/aprs_ws/install/realsense2_camera_msgs:/opt/ros/rolling LD_LIBRARY_PATH=/workspaces/aprs/aprs_ws/install/realsense2_camera_msgs/lib:${LD_LIBRARY_PATH} PYTHONPATH=/workspaces/aprs/aprs_ws/install/realsense2_camera_msgs/lib/python3.10/site-packages:${PYTHONPATH} /usr/bin/cmake --build /workspaces/aprs/aprs_ws/build/realsense2_description_ -- -j16 -l16
[0.308s] Invoked command in '/workspaces/aprs/aprs_ws/build/realsense2_description_' returned '0': AMENT_PREFIX_PATH=/workspaces/aprs/aprs_ws/install/realsense2_camera_msgs:${AMENT_PREFIX_PATH} CMAKE_PREFIX_PATH=/workspaces/aprs/aprs_ws/install/realsense2_camera_msgs:/opt/ros/rolling LD_LIBRARY_PATH=/workspaces/aprs/aprs_ws/install/realsense2_camera_msgs/lib:${LD_LIBRARY_PATH} PYTHONPATH=/workspaces/aprs/aprs_ws/install/realsense2_camera_msgs/lib/python3.10/site-packages:${PYTHONPATH} /usr/bin/cmake --build /workspaces/aprs/aprs_ws/build/realsense2_description_ -- -j16 -l16
[0.329s] Invoking command in '/workspaces/aprs/aprs_ws/build/realsense2_description_': AMENT_PREFIX_PATH=/workspaces/aprs/aprs_ws/install/realsense2_camera_msgs:${AMENT_PREFIX_PATH} CMAKE_PREFIX_PATH=/workspaces/aprs/aprs_ws/install/realsense2_camera_msgs:/opt/ros/rolling LD_LIBRARY_PATH=/workspaces/aprs/aprs_ws/install/realsense2_camera_msgs/lib:${LD_LIBRARY_PATH} PYTHONPATH=/workspaces/aprs/aprs_ws/install/realsense2_camera_msgs/lib/python3.10/site-packages:${PYTHONPATH} /usr/bin/cmake --install /workspaces/aprs/aprs_ws/build/realsense2_description_
[0.334s] -- Install configuration: ""
[0.334s] -- Up-to-date: /workspaces/aprs/aprs_ws/install/realsense2_description_/share/realsense2_description_/launch
[0.335s] -- Up-to-date: /workspaces/aprs/aprs_ws/install/realsense2_description_/share/realsense2_description_/launch/view_model.launch.py
[0.335s] -- Up-to-date: /workspaces/aprs/aprs_ws/install/realsense2_description_/share/realsense2_description_/launch/launch_utils.py
[0.335s] -- Up-to-date: /workspaces/aprs/aprs_ws/install/realsense2_description_/share/realsense2_description_/meshes
[0.335s] -- Up-to-date: /workspaces/aprs/aprs_ws/install/realsense2_description_/share/realsense2_description_/meshes/plug.stl
[0.335s] -- Up-to-date: /workspaces/aprs/aprs_ws/install/realsense2_description_/share/realsense2_description_/meshes/d415.stl
[0.335s] -- Up-to-date: /workspaces/aprs/aprs_ws/install/realsense2_description_/share/realsense2_description_/meshes/l515.dae
[0.335s] -- Up-to-date: /workspaces/aprs/aprs_ws/install/realsense2_description_/share/realsense2_description_/meshes/d455.stl
[0.335s] -- Up-to-date: /workspaces/aprs/aprs_ws/install/realsense2_description_/share/realsense2_description_/meshes/d435.dae
[0.335s] -- Up-to-date: /workspaces/aprs/aprs_ws/install/realsense2_description_/share/realsense2_description_/meshes/plug_collision.stl
[0.335s] -- Up-to-date: /workspaces/aprs/aprs_ws/install/realsense2_description_/share/realsense2_description_/rviz
[0.336s] -- Up-to-date: /workspaces/aprs/aprs_ws/install/realsense2_description_/share/realsense2_description_/rviz/urdf.rviz
[0.336s] -- Up-to-date: /workspaces/aprs/aprs_ws/install/realsense2_description_/share/realsense2_description_/urdf
[0.336s] -- Up-to-date: /workspaces/aprs/aprs_ws/install/realsense2_description_/share/realsense2_description_/urdf/test_d435_camera.urdf.xacro
[0.336s] -- Up-to-date: /workspaces/aprs/aprs_ws/install/realsense2_description_/share/realsense2_description_/urdf/_d435i.urdf.xacro
[0.336s] -- Up-to-date: /workspaces/aprs/aprs_ws/install/realsense2_description_/share/realsense2_description_/urdf/test_d435i_camera.urdf.xacro
[0.336s] -- Up-to-date: /workspaces/aprs/aprs_ws/install/realsense2_description_/share/realsense2_description_/urdf/_d435i_imu_modules.urdf.xacro
[0.337s] -- Up-to-date: /workspaces/aprs/aprs_ws/install/realsense2_description_/share/realsense2_description_/urdf/test_d455_camera.urdf.xacro
[0.340s] -- Up-to-date: /workspaces/aprs/aprs_ws/install/realsense2_description_/share/realsense2_description_/urdf/test_r430_camera.urdf.xacro
[0.340s] -- Up-to-date: /workspaces/aprs/aprs_ws/install/realsense2_description_/share/realsense2_description_/urdf/_r410.urdf.xacro
[0.340s] -- Up-to-date: /workspaces/aprs/aprs_ws/install/realsense2_description_/share/realsense2_description_/urdf/_r430.urdf.xacro
[0.341s] -- Up-to-date: /workspaces/aprs/aprs_ws/install/realsense2_description_/share/realsense2_description_/urdf/test_r410_camera.urdf.xacro
[0.341s] -- Up-to-date: /workspaces/aprs/aprs_ws/install/realsense2_description_/share/realsense2_description_/urdf/test_l515_camera.urdf.xacro
[0.341s] -- Up-to-date: /workspaces/aprs/aprs_ws/install/realsense2_description_/share/realsense2_description_/urdf/_d415.urdf.xacro
[0.341s] -- Up-to-date: /workspaces/aprs/aprs_ws/install/realsense2_description_/share/realsense2_description_/urdf/_d435.urdf.xacro
[0.341s] -- Up-to-date: /workspaces/aprs/aprs_ws/install/realsense2_description_/share/realsense2_description_/urdf/_materials.urdf.xacro
[0.341s] -- Up-to-date: /workspaces/aprs/aprs_ws/install/realsense2_description_/share/realsense2_description_/urdf/_d455.urdf.xacro
[0.341s] -- Up-to-date: /workspaces/aprs/aprs_ws/install/realsense2_description_/share/realsense2_description_/urdf/test_d415_camera.urdf.xacro
[0.341s] -- Up-to-date: /workspaces/aprs/aprs_ws/install/realsense2_description_/share/realsense2_description_/urdf/test_d435_multiple_cameras.urdf.xacro
[0.342s] -- Up-to-date: /workspaces/aprs/aprs_ws/install/realsense2_description_/share/realsense2_description_/urdf/_usb_plug.urdf.xacro
[0.342s] -- Up-to-date: /workspaces/aprs/aprs_ws/install/realsense2_description_/share/realsense2_description_/urdf/_l515.urdf.xacro
[0.342s] -- Up-to-date: /workspaces/aprs/aprs_ws/install/realsense2_description_/share/ament_index/resource_index/package_run_dependencies/realsense2_description_
[0.342s] -- Up-to-date: /workspaces/aprs/aprs_ws/install/realsense2_description_/share/ament_index/resource_index/parent_prefix_path/realsense2_description_
[0.344s] -- Up-to-date: /workspaces/aprs/aprs_ws/install/realsense2_description_/share/realsense2_description_/environment/ament_prefix_path.sh
[0.344s] -- Up-to-date: /workspaces/aprs/aprs_ws/install/realsense2_description_/share/realsense2_description_/environment/ament_prefix_path.dsv
[0.344s] -- Up-to-date: /workspaces/aprs/aprs_ws/install/realsense2_description_/share/realsense2_description_/environment/path.sh
[0.344s] -- Up-to-date: /workspaces/aprs/aprs_ws/install/realsense2_description_/share/realsense2_description_/environment/path.dsv
[0.345s] -- Up-to-date: /workspaces/aprs/aprs_ws/install/realsense2_description_/share/realsense2_description_/local_setup.bash
[0.345s] -- Up-to-date: /workspaces/aprs/aprs_ws/install/realsense2_description_/share/realsense2_description_/local_setup.sh
[0.345s] -- Up-to-date: /workspaces/aprs/aprs_ws/install/realsense2_description_/share/realsense2_description_/local_setup.zsh
[0.345s] -- Up-to-date: /workspaces/aprs/aprs_ws/install/realsense2_description_/share/realsense2_description_/local_setup.dsv
[0.345s] -- Up-to-date: /workspaces/aprs/aprs_ws/install/realsense2_description_/share/realsense2_description_/package.dsv
[0.347s] -- Up-to-date: /workspaces/aprs/aprs_ws/install/realsense2_description_/share/ament_index/resource_index/packages/realsense2_description_
[0.347s] -- Up-to-date: /workspaces/aprs/aprs_ws/install/realsense2_description_/share/realsense2_description_/cmake/realsense2_description_Config.cmake
[0.347s] -- Up-to-date: /workspaces/aprs/aprs_ws/install/realsense2_description_/share/realsense2_description_/cmake/realsense2_description_Config-version.cmake
[0.348s] -- Up-to-date: /workspaces/aprs/aprs_ws/install/realsense2_description_/share/realsense2_description_/package.xml
[0.348s] Invoked command in '/workspaces/aprs/aprs_ws/build/realsense2_description_' returned '0': AMENT_PREFIX_PATH=/workspaces/aprs/aprs_ws/install/realsense2_camera_msgs:${AMENT_PREFIX_PATH} CMAKE_PREFIX_PATH=/workspaces/aprs/aprs_ws/install/realsense2_camera_msgs:/opt/ros/rolling LD_LIBRARY_PATH=/workspaces/aprs/aprs_ws/install/realsense2_camera_msgs/lib:${LD_LIBRARY_PATH} PYTHONPATH=/workspaces/aprs/aprs_ws/install/realsense2_camera_msgs/lib/python3.10/site-packages:${PYTHONPATH} /usr/bin/cmake --install /workspaces/aprs/aprs_ws/build/realsense2_description_
