[0.341s] Invoking command in '/workspaces/aprs/aprs_ws/build/aprs_lab': CMAKE_PREFIX_PATH=/opt/ros/humble /usr/bin/cmake --build /workspaces/aprs/aprs_ws/build/aprs_lab -- -j16 -l16
[0.468s] Invoked command in '/workspaces/aprs/aprs_ws/build/aprs_lab' returned '0': CMAKE_PREFIX_PATH=/opt/ros/humble /usr/bin/cmake --build /workspaces/aprs/aprs_ws/build/aprs_lab -- -j16 -l16
[0.534s] Invoking command in '/workspaces/aprs/aprs_ws/build/aprs_lab': CMAKE_PREFIX_PATH=/opt/ros/humble /usr/bin/cmake --install /workspaces/aprs/aprs_ws/build/aprs_lab
[0.546s] -- Install configuration: ""
[0.547s] -- Up-to-date: /workspaces/aprs/aprs_ws/install/aprs_lab/share/aprs_lab/config
[0.548s] -- Up-to-date: /workspaces/aprs/aprs_ws/install/aprs_lab/share/aprs_lab/config/robot_controllers.yaml
[0.549s] -- Up-to-date: /workspaces/aprs/aprs_ws/install/aprs_lab/share/aprs_lab/urdf
[0.549s] -- Up-to-date: /workspaces/aprs/aprs_ws/install/aprs_lab/share/aprs_lab/urdf/aprs.urdf.xacro
[0.550s] -- Up-to-date: /workspaces/aprs/aprs_ws/install/aprs_lab/share/aprs_lab/urdf/ur_robot_macro.xacro
[0.550s] -- Up-to-date: /workspaces/aprs/aprs_ws/install/aprs_lab/share/aprs_lab/urdf/franka_robot_macro.xacro
[0.550s] -- Up-to-date: /workspaces/aprs/aprs_ws/install/aprs_lab/share/ament_index/resource_index/package_run_dependencies/aprs_lab
[0.550s] -- Up-to-date: /workspaces/aprs/aprs_ws/install/aprs_lab/share/ament_index/resource_index/parent_prefix_path/aprs_lab
[0.551s] -- Up-to-date: /workspaces/aprs/aprs_ws/install/aprs_lab/share/aprs_lab/environment/ament_prefix_path.sh
[0.551s] -- Up-to-date: /workspaces/aprs/aprs_ws/install/aprs_lab/share/aprs_lab/environment/ament_prefix_path.dsv
[0.551s] -- Up-to-date: /workspaces/aprs/aprs_ws/install/aprs_lab/share/aprs_lab/environment/path.sh
[0.551s] -- Up-to-date: /workspaces/aprs/aprs_ws/install/aprs_lab/share/aprs_lab/environment/path.dsv
[0.551s] -- Up-to-date: /workspaces/aprs/aprs_ws/install/aprs_lab/share/aprs_lab/local_setup.bash
[0.551s] -- Up-to-date: /workspaces/aprs/aprs_ws/install/aprs_lab/share/aprs_lab/local_setup.sh
[0.551s] -- Up-to-date: /workspaces/aprs/aprs_ws/install/aprs_lab/share/aprs_lab/local_setup.zsh
[0.551s] -- Up-to-date: /workspaces/aprs/aprs_ws/install/aprs_lab/share/aprs_lab/local_setup.dsv
[0.551s] -- Installing: /workspaces/aprs/aprs_ws/install/aprs_lab/share/aprs_lab/package.dsv
[0.551s] -- Up-to-date: /workspaces/aprs/aprs_ws/install/aprs_lab/share/ament_index/resource_index/packages/aprs_lab
[0.551s] -- Up-to-date: /workspaces/aprs/aprs_ws/install/aprs_lab/share/aprs_lab/cmake/aprs_labConfig.cmake
[0.552s] -- Up-to-date: /workspaces/aprs/aprs_ws/install/aprs_lab/share/aprs_lab/cmake/aprs_labConfig-version.cmake
[0.552s] -- Up-to-date: /workspaces/aprs/aprs_ws/install/aprs_lab/share/aprs_lab/package.xml
[0.655s] Invoked command in '/workspaces/aprs/aprs_ws/build/aprs_lab' returned '0': CMAKE_PREFIX_PATH=/opt/ros/humble /usr/bin/cmake --install /workspaces/aprs/aprs_ws/build/aprs_lab
