[1.567s] Invoking command in '/workspaces/aprs/aprs_ws/build/ros_gz_example_gazebo': CMAKE_PREFIX_PATH=${CMAKE_PREFIX_PATH}:/opt/ros/humble /usr/bin/cmake --build /workspaces/aprs/aprs_ws/build/ros_gz_example_gazebo -- -j16 -l16
[1.855s] [ 33%] Built target BasicSystem
[1.856s] [ 66%] Built target FullSystem
[1.856s] [100%] Built target TrackController
[2.243s] Invoked command in '/workspaces/aprs/aprs_ws/build/ros_gz_example_gazebo' returned '0': CMAKE_PREFIX_PATH=${CMAKE_PREFIX_PATH}:/opt/ros/humble /usr/bin/cmake --build /workspaces/aprs/aprs_ws/build/ros_gz_example_gazebo -- -j16 -l16
[3.078s] Invoking command in '/workspaces/aprs/aprs_ws/build/ros_gz_example_gazebo': CMAKE_PREFIX_PATH=${CMAKE_PREFIX_PATH}:/opt/ros/humble /usr/bin/cmake --install /workspaces/aprs/aprs_ws/build/ros_gz_example_gazebo
[3.118s] -- Install configuration: ""
[3.118s] -- Up-to-date: /workspaces/aprs/aprs_ws/install/ros_gz_example_gazebo/lib/ros_gz_example_gazebo/libTrackController.so
[3.118s] -- Up-to-date: /workspaces/aprs/aprs_ws/install/ros_gz_example_gazebo/lib/ros_gz_example_gazebo/libBasicSystem.so
[3.119s] -- Up-to-date: /workspaces/aprs/aprs_ws/install/ros_gz_example_gazebo/lib/ros_gz_example_gazebo/libFullSystem.so
[3.119s] -- Up-to-date: /workspaces/aprs/aprs_ws/install/ros_gz_example_gazebo/share/ros_gz_example_gazebo/worlds
[3.119s] -- Up-to-date: /workspaces/aprs/aprs_ws/install/ros_gz_example_gazebo/share/ros_gz_example_gazebo/worlds/diff_drive.sdf
[3.120s] -- Up-to-date: /workspaces/aprs/aprs_ws/install/ros_gz_example_gazebo/share/ros_gz_example_gazebo/environment/ros_gz_example_gazebo.dsv
[3.120s] -- Up-to-date: /workspaces/aprs/aprs_ws/install/ros_gz_example_gazebo/share/ros_gz_example_gazebo/environment/ros_gz_example_gazebo.sh
[3.120s] -- Up-to-date: /workspaces/aprs/aprs_ws/install/ros_gz_example_gazebo/share/ament_index/resource_index/package_run_dependencies/ros_gz_example_gazebo
[3.121s] -- Up-to-date: /workspaces/aprs/aprs_ws/install/ros_gz_example_gazebo/share/ament_index/resource_index/parent_prefix_path/ros_gz_example_gazebo
[3.121s] -- Up-to-date: /workspaces/aprs/aprs_ws/install/ros_gz_example_gazebo/share/ros_gz_example_gazebo/environment/ament_prefix_path.sh
[3.121s] -- Up-to-date: /workspaces/aprs/aprs_ws/install/ros_gz_example_gazebo/share/ros_gz_example_gazebo/environment/ament_prefix_path.dsv
[3.125s] -- Up-to-date: /workspaces/aprs/aprs_ws/install/ros_gz_example_gazebo/share/ros_gz_example_gazebo/environment/path.sh
[3.125s] -- Up-to-date: /workspaces/aprs/aprs_ws/install/ros_gz_example_gazebo/share/ros_gz_example_gazebo/environment/path.dsv
[3.125s] -- Up-to-date: /workspaces/aprs/aprs_ws/install/ros_gz_example_gazebo/share/ros_gz_example_gazebo/local_setup.bash
[3.125s] -- Up-to-date: /workspaces/aprs/aprs_ws/install/ros_gz_example_gazebo/share/ros_gz_example_gazebo/local_setup.sh
[3.125s] -- Up-to-date: /workspaces/aprs/aprs_ws/install/ros_gz_example_gazebo/share/ros_gz_example_gazebo/local_setup.zsh
[3.126s] -- Up-to-date: /workspaces/aprs/aprs_ws/install/ros_gz_example_gazebo/share/ros_gz_example_gazebo/local_setup.dsv
[3.126s] -- Installing: /workspaces/aprs/aprs_ws/install/ros_gz_example_gazebo/share/ros_gz_example_gazebo/package.dsv
[3.126s] -- Up-to-date: /workspaces/aprs/aprs_ws/install/ros_gz_example_gazebo/share/ament_index/resource_index/packages/ros_gz_example_gazebo
[3.127s] -- Up-to-date: /workspaces/aprs/aprs_ws/install/ros_gz_example_gazebo/share/ros_gz_example_gazebo/cmake/ros_gz_example_gazeboConfig.cmake
[3.127s] -- Up-to-date: /workspaces/aprs/aprs_ws/install/ros_gz_example_gazebo/share/ros_gz_example_gazebo/cmake/ros_gz_example_gazeboConfig-version.cmake
[3.127s] -- Up-to-date: /workspaces/aprs/aprs_ws/install/ros_gz_example_gazebo/share/ros_gz_example_gazebo/package.xml
[3.859s] Invoked command in '/workspaces/aprs/aprs_ws/build/ros_gz_example_gazebo' returned '0': CMAKE_PREFIX_PATH=${CMAKE_PREFIX_PATH}:/opt/ros/humble /usr/bin/cmake --install /workspaces/aprs/aprs_ws/build/ros_gz_example_gazebo
