[1.037s] Invoking command in '/workspaces/aprs/aprs_ws/build/motoman_moveit_config': CMAKE_PREFIX_PATH=/workspaces/aprs/aprs_ws/install/ur_description:/workspaces/aprs/aprs_ws/install/worlds:/workspaces/aprs/aprs_ws/install/workbench_description:/workspaces/aprs/aprs_ws/install/vaccum_description:/workspaces/aprs/aprs_ws/install/ur_setup:/workspaces/aprs/aprs_ws/install/ur:/workspaces/aprs/aprs_ws/install/ur_calibration:/workspaces/aprs/aprs_ws/install/ur_robot_driver:/workspaces/aprs/aprs_ws/install/ur_bringup:/workspaces/aprs/aprs_ws/install/ur_controllers:/workspaces/aprs/aprs_ws/install/ur_msgs:/workspaces/aprs/aprs_ws/install/ur_moveit_config:/workspaces/aprs/aprs_ws/install/ur_gz:/workspaces/aprs/aprs_ws/install/ur_description__:/workspaces/aprs/aprs_ws/install/ur5e_moveit_config:/workspaces/aprs/aprs_ws/install/panda_moveit_config:/workspaces/aprs/aprs_ws/install/motoman_moveit_config:/workspaces/aprs/aprs_ws/install/fanuc_moveit_config:/workspaces/aprs/aprs_ws/install/aprs_moveit_config:/workspaces/aprs/aprs_ws/install/ur_dashboard_msgs:/workspaces/aprs/aprs_ws/install/ur_client_library:/workspaces/aprs/aprs_ws/install/table_description:/workspaces/aprs/aprs_ws/install/ros_gz_example_gazebo:/workspaces/aprs/aprs_ws/install/point_cloud:/workspaces/aprs/aprs_ws/install/realsense2_description:/workspaces/aprs/aprs_ws/install/panda_description:/workspaces/aprs/aprs_ws/install/motoman_gz:/workspaces/aprs/aprs_ws/install/motoman_description:/workspaces/aprs/aprs_ws/install/ign_ros2_control_demos:/workspaces/aprs/aprs_ws/install/gz_ros2_control_tests:/workspaces/aprs/aprs_ws/install/ign_ros2_control:/workspaces/aprs/aprs_ws/install/franka_setup:/workspaces/aprs/aprs_ws/install/franka_gz:/workspaces/aprs/aprs_ws/install/fanuc_gz:/workspaces/aprs/aprs_ws/install/fanuc_description:/workspaces/aprs/aprs_ws/install/camera_mount:/workspaces/aprs/aprs_ws/install/aprs_lab:/workspaces/aprs/aprs_ws/install/aprs_gazebo:/opt/ros/humble /usr/bin/cmake --build /workspaces/aprs/aprs_ws/build/motoman_moveit_config -- -j16 -l16
[1.238s] Built target ament_cmake_python_copy_motoman_moveit_config
[1.555s] running egg_info
[1.557s] writing motoman_moveit_config.egg-info/PKG-INFO
[1.557s] writing dependency_links to motoman_moveit_config.egg-info/dependency_links.txt
[1.557s] writing top-level names to motoman_moveit_config.egg-info/top_level.txt
[1.561s] reading manifest file 'motoman_moveit_config.egg-info/SOURCES.txt'
[1.562s] writing manifest file 'motoman_moveit_config.egg-info/SOURCES.txt'
[1.655s] Built target ament_cmake_python_build_motoman_moveit_config_egg
[2.070s] running install_scripts
[2.080s] /usr/lib/python3/dist-packages/setuptools/command/install.py:34: SetuptoolsDeprecationWarning: setup.py install is deprecated. Use build and pip and other standards-based tools.
[2.080s]   warnings.warn(
[2.102s] running egg_info
[2.104s] writing motoman_moveit_config.egg-info/PKG-INFO
[2.104s] writing dependency_links to motoman_moveit_config.egg-info/dependency_links.txt
[2.105s] writing top-level names to motoman_moveit_config.egg-info/top_level.txt
[2.106s] reading manifest file 'motoman_moveit_config.egg-info/SOURCES.txt'
[2.106s] writing manifest file 'motoman_moveit_config.egg-info/SOURCES.txt'
[2.210s] Built target ament_cmake_python_build_motoman_moveit_config_scripts
[2.982s] Invoked command in '/workspaces/aprs/aprs_ws/build/motoman_moveit_config' returned '0': CMAKE_PREFIX_PATH=/workspaces/aprs/aprs_ws/install/ur_description:/workspaces/aprs/aprs_ws/install/worlds:/workspaces/aprs/aprs_ws/install/workbench_description:/workspaces/aprs/aprs_ws/install/vaccum_description:/workspaces/aprs/aprs_ws/install/ur_setup:/workspaces/aprs/aprs_ws/install/ur:/workspaces/aprs/aprs_ws/install/ur_calibration:/workspaces/aprs/aprs_ws/install/ur_robot_driver:/workspaces/aprs/aprs_ws/install/ur_bringup:/workspaces/aprs/aprs_ws/install/ur_controllers:/workspaces/aprs/aprs_ws/install/ur_msgs:/workspaces/aprs/aprs_ws/install/ur_moveit_config:/workspaces/aprs/aprs_ws/install/ur_gz:/workspaces/aprs/aprs_ws/install/ur_description__:/workspaces/aprs/aprs_ws/install/ur5e_moveit_config:/workspaces/aprs/aprs_ws/install/panda_moveit_config:/workspaces/aprs/aprs_ws/install/motoman_moveit_config:/workspaces/aprs/aprs_ws/install/fanuc_moveit_config:/workspaces/aprs/aprs_ws/install/aprs_moveit_config:/workspaces/aprs/aprs_ws/install/ur_dashboard_msgs:/workspaces/aprs/aprs_ws/install/ur_client_library:/workspaces/aprs/aprs_ws/install/table_description:/workspaces/aprs/aprs_ws/install/ros_gz_example_gazebo:/workspaces/aprs/aprs_ws/install/point_cloud:/workspaces/aprs/aprs_ws/install/realsense2_description:/workspaces/aprs/aprs_ws/install/panda_description:/workspaces/aprs/aprs_ws/install/motoman_gz:/workspaces/aprs/aprs_ws/install/motoman_description:/workspaces/aprs/aprs_ws/install/ign_ros2_control_demos:/workspaces/aprs/aprs_ws/install/gz_ros2_control_tests:/workspaces/aprs/aprs_ws/install/ign_ros2_control:/workspaces/aprs/aprs_ws/install/franka_setup:/workspaces/aprs/aprs_ws/install/franka_gz:/workspaces/aprs/aprs_ws/install/fanuc_gz:/workspaces/aprs/aprs_ws/install/fanuc_description:/workspaces/aprs/aprs_ws/install/camera_mount:/workspaces/aprs/aprs_ws/install/aprs_lab:/workspaces/aprs/aprs_ws/install/aprs_gazebo:/opt/ros/humble /usr/bin/cmake --build /workspaces/aprs/aprs_ws/build/motoman_moveit_config -- -j16 -l16
[3.566s] Invoking command in '/workspaces/aprs/aprs_ws/build/motoman_moveit_config': CMAKE_PREFIX_PATH=/workspaces/aprs/aprs_ws/install/ur_description:/workspaces/aprs/aprs_ws/install/worlds:/workspaces/aprs/aprs_ws/install/workbench_description:/workspaces/aprs/aprs_ws/install/vaccum_description:/workspaces/aprs/aprs_ws/install/ur_setup:/workspaces/aprs/aprs_ws/install/ur:/workspaces/aprs/aprs_ws/install/ur_calibration:/workspaces/aprs/aprs_ws/install/ur_robot_driver:/workspaces/aprs/aprs_ws/install/ur_bringup:/workspaces/aprs/aprs_ws/install/ur_controllers:/workspaces/aprs/aprs_ws/install/ur_msgs:/workspaces/aprs/aprs_ws/install/ur_moveit_config:/workspaces/aprs/aprs_ws/install/ur_gz:/workspaces/aprs/aprs_ws/install/ur_description__:/workspaces/aprs/aprs_ws/install/ur5e_moveit_config:/workspaces/aprs/aprs_ws/install/panda_moveit_config:/workspaces/aprs/aprs_ws/install/motoman_moveit_config:/workspaces/aprs/aprs_ws/install/fanuc_moveit_config:/workspaces/aprs/aprs_ws/install/aprs_moveit_config:/workspaces/aprs/aprs_ws/install/ur_dashboard_msgs:/workspaces/aprs/aprs_ws/install/ur_client_library:/workspaces/aprs/aprs_ws/install/table_description:/workspaces/aprs/aprs_ws/install/ros_gz_example_gazebo:/workspaces/aprs/aprs_ws/install/point_cloud:/workspaces/aprs/aprs_ws/install/realsense2_description:/workspaces/aprs/aprs_ws/install/panda_description:/workspaces/aprs/aprs_ws/install/motoman_gz:/workspaces/aprs/aprs_ws/install/motoman_description:/workspaces/aprs/aprs_ws/install/ign_ros2_control_demos:/workspaces/aprs/aprs_ws/install/gz_ros2_control_tests:/workspaces/aprs/aprs_ws/install/ign_ros2_control:/workspaces/aprs/aprs_ws/install/franka_setup:/workspaces/aprs/aprs_ws/install/franka_gz:/workspaces/aprs/aprs_ws/install/fanuc_gz:/workspaces/aprs/aprs_ws/install/fanuc_description:/workspaces/aprs/aprs_ws/install/camera_mount:/workspaces/aprs/aprs_ws/install/aprs_lab:/workspaces/aprs/aprs_ws/install/aprs_gazebo:/opt/ros/humble /usr/bin/cmake --install /workspaces/aprs/aprs_ws/build/motoman_moveit_config
[3.583s] -- Install configuration: ""
[3.583s] -- Up-to-date: /workspaces/aprs/aprs_ws/install/motoman_moveit_config/share/motoman_moveit_config/config
[3.584s] -- Up-to-date: /workspaces/aprs/aprs_ws/install/motoman_moveit_config/share/motoman_moveit_config/config/controller.yaml
[3.584s] -- Up-to-date: /workspaces/aprs/aprs_ws/install/motoman_moveit_config/share/motoman_moveit_config/config/ompl_planning.yaml
[3.584s] -- Up-to-date: /workspaces/aprs/aprs_ws/install/motoman_moveit_config/share/motoman_moveit_config/config/joint_limits.yaml
[3.584s] -- Up-to-date: /workspaces/aprs/aprs_ws/install/motoman_moveit_config/share/motoman_moveit_config/config/kinematics.yaml
[3.584s] -- Up-to-date: /workspaces/aprs/aprs_ws/install/motoman_moveit_config/share/motoman_moveit_config/launch
[3.584s] -- Up-to-date: /workspaces/aprs/aprs_ws/install/motoman_moveit_config/share/motoman_moveit_config/launch/motoman_moveit.launch.py
[3.584s] -- Up-to-date: /workspaces/aprs/aprs_ws/install/motoman_moveit_config/share/motoman_moveit_config/srdf
[3.584s] -- Up-to-date: /workspaces/aprs/aprs_ws/install/motoman_moveit_config/share/motoman_moveit_config/srdf/motoman.srdf
[3.584s] -- Up-to-date: /workspaces/aprs/aprs_ws/install/motoman_moveit_config/share/motoman_moveit_config/rviz
[3.584s] -- Up-to-date: /workspaces/aprs/aprs_ws/install/motoman_moveit_config/share/motoman_moveit_config/rviz/moveit.rviz
[3.585s] -- Up-to-date: /workspaces/aprs/aprs_ws/install/motoman_moveit_config/share/motoman_moveit_config/environment/pythonpath.sh
[3.585s] -- Up-to-date: /workspaces/aprs/aprs_ws/install/motoman_moveit_config/share/motoman_moveit_config/environment/pythonpath.dsv
[3.585s] -- Up-to-date: /workspaces/aprs/aprs_ws/install/motoman_moveit_config/local/lib/python3.10/dist-packages/motoman_moveit_config-0.0.0-py3.10.egg-info
[3.585s] -- Installing: /workspaces/aprs/aprs_ws/install/motoman_moveit_config/local/lib/python3.10/dist-packages/motoman_moveit_config-0.0.0-py3.10.egg-info/dependency_links.txt
[3.586s] -- Installing: /workspaces/aprs/aprs_ws/install/motoman_moveit_config/local/lib/python3.10/dist-packages/motoman_moveit_config-0.0.0-py3.10.egg-info/top_level.txt
[3.586s] -- Installing: /workspaces/aprs/aprs_ws/install/motoman_moveit_config/local/lib/python3.10/dist-packages/motoman_moveit_config-0.0.0-py3.10.egg-info/PKG-INFO
[3.586s] -- Installing: /workspaces/aprs/aprs_ws/install/motoman_moveit_config/local/lib/python3.10/dist-packages/motoman_moveit_config-0.0.0-py3.10.egg-info/SOURCES.txt
[3.586s] -- Up-to-date: /workspaces/aprs/aprs_ws/install/motoman_moveit_config/lib/motoman_moveit_config/
[3.586s] -- Up-to-date: /workspaces/aprs/aprs_ws/install/motoman_moveit_config/local/lib/python3.10/dist-packages/motoman_moveit_config
[3.586s] -- Up-to-date: /workspaces/aprs/aprs_ws/install/motoman_moveit_config/local/lib/python3.10/dist-packages/motoman_moveit_config/parameters.py
[3.587s] -- Up-to-date: /workspaces/aprs/aprs_ws/install/motoman_moveit_config/local/lib/python3.10/dist-packages/motoman_moveit_config/__init__.py
[3.651s] Listing '/workspaces/aprs/aprs_ws/install/motoman_moveit_config/local/lib/python3.10/dist-packages/motoman_moveit_config'...
[3.653s] -- Up-to-date: /workspaces/aprs/aprs_ws/install/motoman_moveit_config/share/ament_index/resource_index/package_run_dependencies/motoman_moveit_config
[3.653s] -- Up-to-date: /workspaces/aprs/aprs_ws/install/motoman_moveit_config/share/ament_index/resource_index/parent_prefix_path/motoman_moveit_config
[3.653s] -- Up-to-date: /workspaces/aprs/aprs_ws/install/motoman_moveit_config/share/motoman_moveit_config/environment/ament_prefix_path.sh
[3.653s] -- Up-to-date: /workspaces/aprs/aprs_ws/install/motoman_moveit_config/share/motoman_moveit_config/environment/ament_prefix_path.dsv
[3.654s] -- Up-to-date: /workspaces/aprs/aprs_ws/install/motoman_moveit_config/share/motoman_moveit_config/environment/path.sh
[3.654s] -- Up-to-date: /workspaces/aprs/aprs_ws/install/motoman_moveit_config/share/motoman_moveit_config/environment/path.dsv
[3.658s] -- Up-to-date: /workspaces/aprs/aprs_ws/install/motoman_moveit_config/share/motoman_moveit_config/local_setup.bash
[3.659s] -- Up-to-date: /workspaces/aprs/aprs_ws/install/motoman_moveit_config/share/motoman_moveit_config/local_setup.sh
[3.659s] -- Up-to-date: /workspaces/aprs/aprs_ws/install/motoman_moveit_config/share/motoman_moveit_config/local_setup.zsh
[3.660s] -- Up-to-date: /workspaces/aprs/aprs_ws/install/motoman_moveit_config/share/motoman_moveit_config/local_setup.dsv
[3.660s] -- Installing: /workspaces/aprs/aprs_ws/install/motoman_moveit_config/share/motoman_moveit_config/package.dsv
[3.660s] -- Up-to-date: /workspaces/aprs/aprs_ws/install/motoman_moveit_config/share/ament_index/resource_index/packages/motoman_moveit_config
[3.660s] -- Up-to-date: /workspaces/aprs/aprs_ws/install/motoman_moveit_config/share/motoman_moveit_config/cmake/motoman_moveit_configConfig.cmake
[3.660s] -- Up-to-date: /workspaces/aprs/aprs_ws/install/motoman_moveit_config/share/motoman_moveit_config/cmake/motoman_moveit_configConfig-version.cmake
[3.661s] -- Up-to-date: /workspaces/aprs/aprs_ws/install/motoman_moveit_config/share/motoman_moveit_config/package.xml
[3.708s] Invoked command in '/workspaces/aprs/aprs_ws/build/motoman_moveit_config' returned '0': CMAKE_PREFIX_PATH=/workspaces/aprs/aprs_ws/install/ur_description:/workspaces/aprs/aprs_ws/install/worlds:/workspaces/aprs/aprs_ws/install/workbench_description:/workspaces/aprs/aprs_ws/install/vaccum_description:/workspaces/aprs/aprs_ws/install/ur_setup:/workspaces/aprs/aprs_ws/install/ur:/workspaces/aprs/aprs_ws/install/ur_calibration:/workspaces/aprs/aprs_ws/install/ur_robot_driver:/workspaces/aprs/aprs_ws/install/ur_bringup:/workspaces/aprs/aprs_ws/install/ur_controllers:/workspaces/aprs/aprs_ws/install/ur_msgs:/workspaces/aprs/aprs_ws/install/ur_moveit_config:/workspaces/aprs/aprs_ws/install/ur_gz:/workspaces/aprs/aprs_ws/install/ur_description__:/workspaces/aprs/aprs_ws/install/ur5e_moveit_config:/workspaces/aprs/aprs_ws/install/panda_moveit_config:/workspaces/aprs/aprs_ws/install/motoman_moveit_config:/workspaces/aprs/aprs_ws/install/fanuc_moveit_config:/workspaces/aprs/aprs_ws/install/aprs_moveit_config:/workspaces/aprs/aprs_ws/install/ur_dashboard_msgs:/workspaces/aprs/aprs_ws/install/ur_client_library:/workspaces/aprs/aprs_ws/install/table_description:/workspaces/aprs/aprs_ws/install/ros_gz_example_gazebo:/workspaces/aprs/aprs_ws/install/point_cloud:/workspaces/aprs/aprs_ws/install/realsense2_description:/workspaces/aprs/aprs_ws/install/panda_description:/workspaces/aprs/aprs_ws/install/motoman_gz:/workspaces/aprs/aprs_ws/install/motoman_description:/workspaces/aprs/aprs_ws/install/ign_ros2_control_demos:/workspaces/aprs/aprs_ws/install/gz_ros2_control_tests:/workspaces/aprs/aprs_ws/install/ign_ros2_control:/workspaces/aprs/aprs_ws/install/franka_setup:/workspaces/aprs/aprs_ws/install/franka_gz:/workspaces/aprs/aprs_ws/install/fanuc_gz:/workspaces/aprs/aprs_ws/install/fanuc_description:/workspaces/aprs/aprs_ws/install/camera_mount:/workspaces/aprs/aprs_ws/install/aprs_lab:/workspaces/aprs/aprs_ws/install/aprs_gazebo:/opt/ros/humble /usr/bin/cmake --install /workspaces/aprs/aprs_ws/build/motoman_moveit_config
