[0.109s] Invoking command in '/workspaces/aprs/aprs_ws/build/ur_robot_driver': AMENT_PREFIX_PATH=/workspaces/aprs/aprs_ws/install/ur_controllers:/workspaces/aprs/aprs_ws/install/ur_msgs:/workspaces/aprs/aprs_ws/install/ur_description:/workspaces/aprs/aprs_ws/install/ur_dashboard_msgs:${AMENT_PREFIX_PATH} CMAKE_PREFIX_PATH=/workspaces/aprs/aprs_ws/install/ur_controllers:/workspaces/aprs/aprs_ws/install/ur_msgs:/workspaces/aprs/aprs_ws/install/ur_description:/workspaces/aprs/aprs_ws/install/ur_dashboard_msgs:/workspaces/aprs/aprs_ws/install/ur_client_library:/opt/ros/humble LD_LIBRARY_PATH=/workspaces/aprs/aprs_ws/install/ur_controllers/lib:/workspaces/aprs/aprs_ws/install/ur_msgs/lib:/workspaces/aprs/aprs_ws/install/ur_dashboard_msgs/lib:/workspaces/aprs/aprs_ws/install/ur_client_library/lib:${LD_LIBRARY_PATH} PKG_CONFIG_PATH=/workspaces/aprs/aprs_ws/install/ur_client_library/lib/x86_64-linux-gnu/pkgconfig:/workspaces/aprs/aprs_ws/install/ur_client_library/lib/pkgconfig PYTHONPATH=/workspaces/aprs/aprs_ws/install/ur_msgs/local/lib/python3.10/dist-packages:/workspaces/aprs/aprs_ws/install/ur_dashboard_msgs/local/lib/python3.10/dist-packages:${PYTHONPATH} /usr/bin/cmake /workspaces/aprs/aprs_ws/src/Universal_Robots_ROS2_Driver/ur_robot_driver -DBUILD_TESTING=ON -DCMAKE_INSTALL_PREFIX=/workspaces/aprs/aprs_ws/install/ur_robot_driver
[0.223s] -- The C compiler identification is GNU 11.4.0
[0.325s] -- The CXX compiler identification is GNU 11.4.0
[0.335s] -- Detecting C compiler ABI info
[0.456s] -- Detecting C compiler ABI info - done
[0.464s] -- Check for working C compiler: /usr/bin/cc - skipped
[0.464s] -- Detecting C compile features
[0.464s] -- Detecting C compile features - done
[0.467s] -- Detecting CXX compiler ABI info
[0.611s] -- Detecting CXX compiler ABI info - done
[0.620s] -- Check for working CXX compiler: /usr/bin/c++ - skipped
[0.621s] -- Detecting CXX compile features
[0.621s] -- Detecting CXX compile features - done
[0.631s] [0mur_robot_driver: You did not request a specific build type: selecting 'RelWithDebInfo'.[0m
[0.643s] -- Found ament_cmake: 1.3.5 (/opt/ros/humble/share/ament_cmake/cmake)
[0.961s] -- Found Python3: /usr/bin/python3.10 (found version "3.10.12") found components: Interpreter 
[1.225s] -- Found controller_manager: 2.31.0 (/opt/ros/humble/share/controller_manager/cmake)
[1.413s] -- Found rosidl_generator_c: 3.1.5 (/opt/ros/humble/share/rosidl_generator_c/cmake)
[1.438s] -- Found rosidl_adapter: 3.1.5 (/opt/ros/humble/share/rosidl_adapter/cmake)
[1.478s] -- Found rosidl_generator_cpp: 3.1.5 (/opt/ros/humble/share/rosidl_generator_cpp/cmake)
[1.517s] -- Using all available rosidl_typesupport_c: rosidl_typesupport_fastrtps_c;rosidl_typesupport_introspection_c
[1.575s] -- Using all available rosidl_typesupport_cpp: rosidl_typesupport_fastrtps_cpp;rosidl_typesupport_introspection_cpp
[2.806s] -- Found rmw_implementation_cmake: 6.1.1 (/opt/ros/humble/share/rmw_implementation_cmake/cmake)
[2.818s] -- Found rmw_fastrtps_cpp: 6.2.4 (/opt/ros/humble/share/rmw_fastrtps_cpp/cmake)
[3.082s] -- Found OpenSSL: /usr/lib/x86_64-linux-gnu/libcrypto.so (found version "3.0.2")  
[3.168s] -- Found FastRTPS: /opt/ros/humble/include  
[3.310s] -- Using RMW implementation 'rmw_fastrtps_cpp' as default
[3.351s] -- Looking for pthread.h
[3.459s] -- Looking for pthread.h - found
[3.459s] -- Performing Test CMAKE_HAVE_LIBC_PTHREAD
[3.566s] -- Performing Test CMAKE_HAVE_LIBC_PTHREAD - Success
[3.567s] -- Found Threads: TRUE  
[4.175s] -- Found rclpy: 3.3.10 (/opt/ros/humble/share/rclpy/cmake)
[4.185s] -- Found std_srvs: 4.2.3 (/opt/ros/humble/share/std_srvs/cmake)
[4.206s] -- Found tf2_geometry_msgs: 0.25.4 (/opt/ros/humble/share/tf2_geometry_msgs/cmake)
[4.254s] -- Found eigen3_cmake_module: 0.1.1 (/opt/ros/humble/share/eigen3_cmake_module/cmake)
[4.255s] -- Found Eigen3: TRUE (found version "3.4.0") 
[4.256s] -- Ensuring Eigen3 include directory is part of orocos-kdl CMake target
[4.511s] -- Found ur_dashboard_msgs: 2.2.8 (/workspaces/aprs/aprs_ws/install/ur_dashboard_msgs/share/ur_dashboard_msgs/cmake)
[6.461s] -- Found ur_controllers: 2.2.8 (/workspaces/aprs/aprs_ws/install/ur_controllers/share/ur_controllers/cmake)
[6.746s] -- Found parameter_traits: 0.3.6 (/opt/ros/humble/share/parameter_traits/cmake)
[7.175s] -- Found ur_description: 2.1.1 (/workspaces/aprs/aprs_ws/install/ur_description/share/ur_description/cmake)
[7.182s] -- Found launch_testing_ament_cmake: 1.0.4 (/opt/ros/humble/share/launch_testing_ament_cmake/cmake)
[7.190s] -- Found python_cmake_module: 0.10.0 (/opt/ros/humble/share/python_cmake_module/cmake)
[7.214s] -- Found PythonInterp: /usr/bin/python3 (found suitable version "3.10.12", minimum required is "3.6") 
[7.219s] -- Found PythonLibs: /usr/lib/x86_64-linux-gnu/libpython3.10.so (found suitable version "3.10.12", minimum required is "3.5") 
[7.219s] -- Using PYTHON_EXECUTABLE: /usr/bin/python3
[7.219s] -- Using PYTHON_INCLUDE_DIRS: /usr/include/python3.10
[7.219s] -- Using PYTHON_LIBRARIES: /usr/lib/x86_64-linux-gnu/libpython3.10.so
[7.243s] -- Found PythonExtra: .so  
[7.243s] -- Configuring done
[7.395s] -- Generating done
[7.397s] -- Build files have been written to: /workspaces/aprs/aprs_ws/build/ur_robot_driver
[7.490s] Invoked command in '/workspaces/aprs/aprs_ws/build/ur_robot_driver' returned '0': AMENT_PREFIX_PATH=/workspaces/aprs/aprs_ws/install/ur_controllers:/workspaces/aprs/aprs_ws/install/ur_msgs:/workspaces/aprs/aprs_ws/install/ur_description:/workspaces/aprs/aprs_ws/install/ur_dashboard_msgs:${AMENT_PREFIX_PATH} CMAKE_PREFIX_PATH=/workspaces/aprs/aprs_ws/install/ur_controllers:/workspaces/aprs/aprs_ws/install/ur_msgs:/workspaces/aprs/aprs_ws/install/ur_description:/workspaces/aprs/aprs_ws/install/ur_dashboard_msgs:/workspaces/aprs/aprs_ws/install/ur_client_library:/opt/ros/humble LD_LIBRARY_PATH=/workspaces/aprs/aprs_ws/install/ur_controllers/lib:/workspaces/aprs/aprs_ws/install/ur_msgs/lib:/workspaces/aprs/aprs_ws/install/ur_dashboard_msgs/lib:/workspaces/aprs/aprs_ws/install/ur_client_library/lib:${LD_LIBRARY_PATH} PKG_CONFIG_PATH=/workspaces/aprs/aprs_ws/install/ur_client_library/lib/x86_64-linux-gnu/pkgconfig:/workspaces/aprs/aprs_ws/install/ur_client_library/lib/pkgconfig PYTHONPATH=/workspaces/aprs/aprs_ws/install/ur_msgs/local/lib/python3.10/dist-packages:/workspaces/aprs/aprs_ws/install/ur_dashboard_msgs/local/lib/python3.10/dist-packages:${PYTHONPATH} /usr/bin/cmake /workspaces/aprs/aprs_ws/src/Universal_Robots_ROS2_Driver/ur_robot_driver -DBUILD_TESTING=ON -DCMAKE_INSTALL_PREFIX=/workspaces/aprs/aprs_ws/install/ur_robot_driver
[7.492s] Invoking command in '/workspaces/aprs/aprs_ws/build/ur_robot_driver': AMENT_PREFIX_PATH=/workspaces/aprs/aprs_ws/install/ur_controllers:/workspaces/aprs/aprs_ws/install/ur_msgs:/workspaces/aprs/aprs_ws/install/ur_description:/workspaces/aprs/aprs_ws/install/ur_dashboard_msgs:${AMENT_PREFIX_PATH} CMAKE_PREFIX_PATH=/workspaces/aprs/aprs_ws/install/ur_controllers:/workspaces/aprs/aprs_ws/install/ur_msgs:/workspaces/aprs/aprs_ws/install/ur_description:/workspaces/aprs/aprs_ws/install/ur_dashboard_msgs:/workspaces/aprs/aprs_ws/install/ur_client_library:/opt/ros/humble LD_LIBRARY_PATH=/workspaces/aprs/aprs_ws/install/ur_controllers/lib:/workspaces/aprs/aprs_ws/install/ur_msgs/lib:/workspaces/aprs/aprs_ws/install/ur_dashboard_msgs/lib:/workspaces/aprs/aprs_ws/install/ur_client_library/lib:${LD_LIBRARY_PATH} PKG_CONFIG_PATH=/workspaces/aprs/aprs_ws/install/ur_client_library/lib/x86_64-linux-gnu/pkgconfig:/workspaces/aprs/aprs_ws/install/ur_client_library/lib/pkgconfig PYTHONPATH=/workspaces/aprs/aprs_ws/install/ur_msgs/local/lib/python3.10/dist-packages:/workspaces/aprs/aprs_ws/install/ur_dashboard_msgs/local/lib/python3.10/dist-packages:${PYTHONPATH} /usr/bin/cmake --build /workspaces/aprs/aprs_ws/build/ur_robot_driver -- -j16 -l16
[7.567s] [ 26%] [32mBuilding CXX object CMakeFiles/dashboard_client.dir/src/dashboard_client_ros.cpp.o[0m
[7.567s] [ 26%] [32mBuilding CXX object CMakeFiles/ur_robot_driver_plugin.dir/src/urcl_log_handler.cpp.o[0m
[7.567s] [ 26%] [32mBuilding CXX object CMakeFiles/ur_robot_driver_plugin.dir/src/dashboard_client_ros.cpp.o[0m
[7.567s] [ 26%] [32mBuilding CXX object CMakeFiles/ur_robot_driver_plugin.dir/src/hardware_interface.cpp.o[0m
[7.569s] [ 46%] [32mBuilding CXX object CMakeFiles/dashboard_client.dir/src/dashboard_client_node.cpp.o[0m
[7.569s] [ 46%] [32mBuilding CXX object CMakeFiles/controller_stopper_node.dir/src/controller_stopper_node.cpp.o[0m
[7.569s] [ 46%] [32mBuilding CXX object CMakeFiles/dashboard_client.dir/src/urcl_log_handler.cpp.o[0m
[7.569s] [ 53%] [32mBuilding CXX object CMakeFiles/ur_ros2_control_node.dir/src/ur_ros2_control_node.cpp.o[0m
[7.570s] [ 60%] [32mBuilding CXX object CMakeFiles/controller_stopper_node.dir/src/controller_stopper.cpp.o[0m
[15.706s] [ 66%] [32m[1mLinking CXX executable ur_ros2_control_node[0m
[15.950s] [ 66%] Built target ur_ros2_control_node
[15.984s] [ 73%] [32mBuilding CXX object CMakeFiles/urscript_interface.dir/src/urscript_interface.cpp.o[0m
[15.987s] [ 73%] Built target ament_cmake_python_copy_ur_robot_driver
[16.242s] running egg_info
[16.243s] creating ur_robot_driver.egg-info
[16.243s] writing ur_robot_driver.egg-info/PKG-INFO
[16.244s] writing dependency_links to ur_robot_driver.egg-info/dependency_links.txt
[16.244s] writing top-level names to ur_robot_driver.egg-info/top_level.txt
[16.244s] writing manifest file 'ur_robot_driver.egg-info/SOURCES.txt'
[16.246s] reading manifest file 'ur_robot_driver.egg-info/SOURCES.txt'
[16.247s] writing manifest file 'ur_robot_driver.egg-info/SOURCES.txt'
[16.294s] [ 73%] Built target ament_cmake_python_build_ur_robot_driver_egg
[27.421s] [ 80%] [32m[1mLinking CXX executable controller_stopper_node[0m
[27.785s] [ 80%] Built target controller_stopper_node
[30.274s] [ 86%] [32m[1mLinking CXX shared library libur_robot_driver_plugin.so[0m
[30.366s] [ 93%] [32m[1mLinking CXX executable dashboard_client[0m
[30.392s] [100%] [32m[1mLinking CXX executable urscript_interface[0m
[30.691s] [100%] Built target ur_robot_driver_plugin
[30.715s] [100%] Built target urscript_interface
[30.737s] [100%] Built target dashboard_client
[30.749s] Invoked command in '/workspaces/aprs/aprs_ws/build/ur_robot_driver' returned '0': AMENT_PREFIX_PATH=/workspaces/aprs/aprs_ws/install/ur_controllers:/workspaces/aprs/aprs_ws/install/ur_msgs:/workspaces/aprs/aprs_ws/install/ur_description:/workspaces/aprs/aprs_ws/install/ur_dashboard_msgs:${AMENT_PREFIX_PATH} CMAKE_PREFIX_PATH=/workspaces/aprs/aprs_ws/install/ur_controllers:/workspaces/aprs/aprs_ws/install/ur_msgs:/workspaces/aprs/aprs_ws/install/ur_description:/workspaces/aprs/aprs_ws/install/ur_dashboard_msgs:/workspaces/aprs/aprs_ws/install/ur_client_library:/opt/ros/humble LD_LIBRARY_PATH=/workspaces/aprs/aprs_ws/install/ur_controllers/lib:/workspaces/aprs/aprs_ws/install/ur_msgs/lib:/workspaces/aprs/aprs_ws/install/ur_dashboard_msgs/lib:/workspaces/aprs/aprs_ws/install/ur_client_library/lib:${LD_LIBRARY_PATH} PKG_CONFIG_PATH=/workspaces/aprs/aprs_ws/install/ur_client_library/lib/x86_64-linux-gnu/pkgconfig:/workspaces/aprs/aprs_ws/install/ur_client_library/lib/pkgconfig PYTHONPATH=/workspaces/aprs/aprs_ws/install/ur_msgs/local/lib/python3.10/dist-packages:/workspaces/aprs/aprs_ws/install/ur_dashboard_msgs/local/lib/python3.10/dist-packages:${PYTHONPATH} /usr/bin/cmake --build /workspaces/aprs/aprs_ws/build/ur_robot_driver -- -j16 -l16
[30.799s] Invoking command in '/workspaces/aprs/aprs_ws/build/ur_robot_driver': AMENT_PREFIX_PATH=/workspaces/aprs/aprs_ws/install/ur_controllers:/workspaces/aprs/aprs_ws/install/ur_msgs:/workspaces/aprs/aprs_ws/install/ur_description:/workspaces/aprs/aprs_ws/install/ur_dashboard_msgs:${AMENT_PREFIX_PATH} CMAKE_PREFIX_PATH=/workspaces/aprs/aprs_ws/install/ur_controllers:/workspaces/aprs/aprs_ws/install/ur_msgs:/workspaces/aprs/aprs_ws/install/ur_description:/workspaces/aprs/aprs_ws/install/ur_dashboard_msgs:/workspaces/aprs/aprs_ws/install/ur_client_library:/opt/ros/humble LD_LIBRARY_PATH=/workspaces/aprs/aprs_ws/install/ur_controllers/lib:/workspaces/aprs/aprs_ws/install/ur_msgs/lib:/workspaces/aprs/aprs_ws/install/ur_dashboard_msgs/lib:/workspaces/aprs/aprs_ws/install/ur_client_library/lib:${LD_LIBRARY_PATH} PKG_CONFIG_PATH=/workspaces/aprs/aprs_ws/install/ur_client_library/lib/x86_64-linux-gnu/pkgconfig:/workspaces/aprs/aprs_ws/install/ur_client_library/lib/pkgconfig PYTHONPATH=/workspaces/aprs/aprs_ws/install/ur_msgs/local/lib/python3.10/dist-packages:/workspaces/aprs/aprs_ws/install/ur_dashboard_msgs/local/lib/python3.10/dist-packages:${PYTHONPATH} /usr/bin/cmake --install /workspaces/aprs/aprs_ws/build/ur_robot_driver
[30.807s] -- Install configuration: "RelWithDebInfo"
[30.807s] -- Installing: /workspaces/aprs/aprs_ws/install/ur_robot_driver/share/ur_robot_driver/hardware_interface_plugin.xml
[30.808s] -- Installing: /workspaces/aprs/aprs_ws/install/ur_robot_driver/lib/ur_robot_driver/dashboard_client
[30.830s] -- Set runtime path of "/workspaces/aprs/aprs_ws/install/ur_robot_driver/lib/ur_robot_driver/dashboard_client" to ""
[30.830s] -- Installing: /workspaces/aprs/aprs_ws/install/ur_robot_driver/lib/ur_robot_driver/ur_ros2_control_node
[30.831s] -- Set runtime path of "/workspaces/aprs/aprs_ws/install/ur_robot_driver/lib/ur_robot_driver/ur_ros2_control_node" to ""
[30.832s] -- Installing: /workspaces/aprs/aprs_ws/install/ur_robot_driver/lib/ur_robot_driver/controller_stopper_node
[30.852s] -- Set runtime path of "/workspaces/aprs/aprs_ws/install/ur_robot_driver/lib/ur_robot_driver/controller_stopper_node" to ""
[30.852s] -- Installing: /workspaces/aprs/aprs_ws/install/ur_robot_driver/lib/ur_robot_driver/urscript_interface
[30.867s] -- Set runtime path of "/workspaces/aprs/aprs_ws/install/ur_robot_driver/lib/ur_robot_driver/urscript_interface" to ""
[30.867s] -- Installing: /workspaces/aprs/aprs_ws/install/ur_robot_driver/lib/libur_robot_driver_plugin.so
[30.895s] -- Set runtime path of "/workspaces/aprs/aprs_ws/install/ur_robot_driver/lib/libur_robot_driver_plugin.so" to ""
[30.895s] -- Installing: /workspaces/aprs/aprs_ws/install/ur_robot_driver/include
[30.895s] -- Installing: /workspaces/aprs/aprs_ws/install/ur_robot_driver/include/ur_robot_driver
[30.895s] -- Installing: /workspaces/aprs/aprs_ws/install/ur_robot_driver/include/ur_robot_driver/hardware_interface.hpp
[30.895s] -- Installing: /workspaces/aprs/aprs_ws/install/ur_robot_driver/include/ur_robot_driver/controller_stopper.hpp
[30.896s] -- Installing: /workspaces/aprs/aprs_ws/install/ur_robot_driver/include/ur_robot_driver/dashboard_client_ros.hpp
[30.896s] -- Installing: /workspaces/aprs/aprs_ws/install/ur_robot_driver/include/ur_robot_driver/urcl_log_handler.hpp
[30.896s] -- Installing: /workspaces/aprs/aprs_ws/install/ur_robot_driver/share/ur_robot_driver/environment/library_path.sh
[30.896s] -- Installing: /workspaces/aprs/aprs_ws/install/ur_robot_driver/share/ur_robot_driver/environment/library_path.dsv
[30.896s] -- Installing: /workspaces/aprs/aprs_ws/install/ur_robot_driver/share/ur_robot_driver/resources
[30.896s] -- Installing: /workspaces/aprs/aprs_ws/install/ur_robot_driver/share/ur_robot_driver/resources/rtde_input_recipe.txt
[30.897s] -- Installing: /workspaces/aprs/aprs_ws/install/ur_robot_driver/share/ur_robot_driver/resources/externalcontrol-1.0.5.urcap
[30.898s] -- Installing: /workspaces/aprs/aprs_ws/install/ur_robot_driver/share/ur_robot_driver/resources/rs485-1.0.urcap
[30.898s] -- Installing: /workspaces/aprs/aprs_ws/install/ur_robot_driver/share/ur_robot_driver/resources/ros_control.urscript
[30.899s] -- Installing: /workspaces/aprs/aprs_ws/install/ur_robot_driver/share/ur_robot_driver/resources/rtde_output_recipe.txt
[30.899s] -- Up-to-date: /workspaces/aprs/aprs_ws/install/ur_robot_driver/include
[30.899s] -- Up-to-date: /workspaces/aprs/aprs_ws/install/ur_robot_driver/include/ur_robot_driver
[30.899s] -- Up-to-date: /workspaces/aprs/aprs_ws/install/ur_robot_driver/include/ur_robot_driver/hardware_interface.hpp
[30.899s] -- Up-to-date: /workspaces/aprs/aprs_ws/install/ur_robot_driver/include/ur_robot_driver/controller_stopper.hpp
[30.899s] -- Up-to-date: /workspaces/aprs/aprs_ws/install/ur_robot_driver/include/ur_robot_driver/dashboard_client_ros.hpp
[30.900s] -- Up-to-date: /workspaces/aprs/aprs_ws/install/ur_robot_driver/include/ur_robot_driver/urcl_log_handler.hpp
[30.900s] -- Installing: /workspaces/aprs/aprs_ws/install/ur_robot_driver/share/ur_robot_driver/environment/pythonpath.sh
[30.900s] -- Installing: /workspaces/aprs/aprs_ws/install/ur_robot_driver/share/ur_robot_driver/environment/pythonpath.dsv
[30.900s] -- Installing: /workspaces/aprs/aprs_ws/install/ur_robot_driver/local/lib/python3.10/dist-packages/ur_robot_driver-2.2.8-py3.10.egg-info
[30.900s] -- Installing: /workspaces/aprs/aprs_ws/install/ur_robot_driver/local/lib/python3.10/dist-packages/ur_robot_driver-2.2.8-py3.10.egg-info/dependency_links.txt
[30.900s] -- Installing: /workspaces/aprs/aprs_ws/install/ur_robot_driver/local/lib/python3.10/dist-packages/ur_robot_driver-2.2.8-py3.10.egg-info/top_level.txt
[30.900s] -- Installing: /workspaces/aprs/aprs_ws/install/ur_robot_driver/local/lib/python3.10/dist-packages/ur_robot_driver-2.2.8-py3.10.egg-info/PKG-INFO
[30.900s] -- Installing: /workspaces/aprs/aprs_ws/install/ur_robot_driver/local/lib/python3.10/dist-packages/ur_robot_driver-2.2.8-py3.10.egg-info/SOURCES.txt
[30.901s] -- Installing: /workspaces/aprs/aprs_ws/install/ur_robot_driver/local/lib/python3.10/dist-packages/ur_robot_driver
[30.901s] -- Installing: /workspaces/aprs/aprs_ws/install/ur_robot_driver/local/lib/python3.10/dist-packages/ur_robot_driver/__init__.py
[30.927s] Listing '/workspaces/aprs/aprs_ws/install/ur_robot_driver/local/lib/python3.10/dist-packages/ur_robot_driver'...
[30.927s] Compiling '/workspaces/aprs/aprs_ws/install/ur_robot_driver/local/lib/python3.10/dist-packages/ur_robot_driver/__init__.py'...
[30.931s] -- Installing: /workspaces/aprs/aprs_ws/install/ur_robot_driver/lib/ur_robot_driver/tool_communication.py
[30.931s] -- Installing: /workspaces/aprs/aprs_ws/install/ur_robot_driver/bin/wait_dashboard_server.sh
[30.931s] -- Installing: /workspaces/aprs/aprs_ws/install/ur_robot_driver/lib/ur_robot_driver/start_ursim.sh
[30.932s] -- Installing: /workspaces/aprs/aprs_ws/install/ur_robot_driver/share/ur_robot_driver/config
[30.932s] -- Installing: /workspaces/aprs/aprs_ws/install/ur_robot_driver/share/ur_robot_driver/config/ur5_update_rate.yaml
[30.932s] -- Installing: /workspaces/aprs/aprs_ws/install/ur_robot_driver/share/ur_robot_driver/config/ur16e_update_rate.yaml
[30.932s] -- Installing: /workspaces/aprs/aprs_ws/install/ur_robot_driver/share/ur_robot_driver/config/test_goal_publishers_config.yaml
[30.933s] -- Installing: /workspaces/aprs/aprs_ws/install/ur_robot_driver/share/ur_robot_driver/config/ur5e_update_rate.yaml
[30.933s] -- Installing: /workspaces/aprs/aprs_ws/install/ur_robot_driver/share/ur_robot_driver/config/ur10_update_rate.yaml
[30.933s] -- Installing: /workspaces/aprs/aprs_ws/install/ur_robot_driver/share/ur_robot_driver/config/ur3e_update_rate.yaml
[30.933s] -- Installing: /workspaces/aprs/aprs_ws/install/ur_robot_driver/share/ur_robot_driver/config/ur_controllers.yaml
[30.934s] -- Installing: /workspaces/aprs/aprs_ws/install/ur_robot_driver/share/ur_robot_driver/config/ur3_update_rate.yaml
[30.934s] -- Installing: /workspaces/aprs/aprs_ws/install/ur_robot_driver/share/ur_robot_driver/config/test_velocity_goal_publishers_config.yaml
[30.934s] -- Installing: /workspaces/aprs/aprs_ws/install/ur_robot_driver/share/ur_robot_driver/config/ur10e_update_rate.yaml
[30.934s] -- Installing: /workspaces/aprs/aprs_ws/install/ur_robot_driver/share/ur_robot_driver/launch
[30.935s] -- Installing: /workspaces/aprs/aprs_ws/install/ur_robot_driver/share/ur_robot_driver/launch/ur5e.launch.py
[30.935s] -- Installing: /workspaces/aprs/aprs_ws/install/ur_robot_driver/share/ur_robot_driver/launch/ur3e.launch.py
[30.935s] -- Installing: /workspaces/aprs/aprs_ws/install/ur_robot_driver/share/ur_robot_driver/launch/test_scaled_joint_trajectory_controller.launch.py
[30.935s] -- Installing: /workspaces/aprs/aprs_ws/install/ur_robot_driver/share/ur_robot_driver/launch/ur_dashboard_client.launch.py
[30.935s] -- Installing: /workspaces/aprs/aprs_ws/install/ur_robot_driver/share/ur_robot_driver/launch/ur16e.launch.py
[30.935s] -- Installing: /workspaces/aprs/aprs_ws/install/ur_robot_driver/share/ur_robot_driver/launch/ur10.launch.py
[30.935s] -- Installing: /workspaces/aprs/aprs_ws/install/ur_robot_driver/share/ur_robot_driver/launch/test_forward_velocity_controller.launch.py
[30.936s] -- Installing: /workspaces/aprs/aprs_ws/install/ur_robot_driver/share/ur_robot_driver/launch/ur_control.launch.py
[30.936s] -- Installing: /workspaces/aprs/aprs_ws/install/ur_robot_driver/share/ur_robot_driver/launch/ur10e.launch.py
[30.936s] -- Installing: /workspaces/aprs/aprs_ws/install/ur_robot_driver/share/ur_robot_driver/launch/test_joint_trajectory_controller.launch.py
[30.936s] -- Installing: /workspaces/aprs/aprs_ws/install/ur_robot_driver/share/ur_robot_driver/launch/ur5.launch.py
[30.936s] -- Installing: /workspaces/aprs/aprs_ws/install/ur_robot_driver/share/ur_robot_driver/launch/ur3.launch.py
[30.937s] -- Installing: /workspaces/aprs/aprs_ws/install/ur_robot_driver/share/ament_index/resource_index/package_run_dependencies/ur_robot_driver
[30.937s] -- Installing: /workspaces/aprs/aprs_ws/install/ur_robot_driver/share/ament_index/resource_index/parent_prefix_path/ur_robot_driver
[30.937s] -- Installing: /workspaces/aprs/aprs_ws/install/ur_robot_driver/share/ur_robot_driver/environment/ament_prefix_path.sh
[30.937s] -- Installing: /workspaces/aprs/aprs_ws/install/ur_robot_driver/share/ur_robot_driver/environment/ament_prefix_path.dsv
[30.937s] -- Installing: /workspaces/aprs/aprs_ws/install/ur_robot_driver/share/ur_robot_driver/environment/path.sh
[30.938s] -- Installing: /workspaces/aprs/aprs_ws/install/ur_robot_driver/share/ur_robot_driver/environment/path.dsv
[30.938s] -- Installing: /workspaces/aprs/aprs_ws/install/ur_robot_driver/share/ur_robot_driver/local_setup.bash
[30.938s] -- Installing: /workspaces/aprs/aprs_ws/install/ur_robot_driver/share/ur_robot_driver/local_setup.sh
[30.938s] -- Installing: /workspaces/aprs/aprs_ws/install/ur_robot_driver/share/ur_robot_driver/local_setup.zsh
[30.938s] -- Installing: /workspaces/aprs/aprs_ws/install/ur_robot_driver/share/ur_robot_driver/local_setup.dsv
[30.939s] -- Installing: /workspaces/aprs/aprs_ws/install/ur_robot_driver/share/ur_robot_driver/package.dsv
[30.939s] -- Installing: /workspaces/aprs/aprs_ws/install/ur_robot_driver/share/ament_index/resource_index/packages/ur_robot_driver
[30.939s] -- Installing: /workspaces/aprs/aprs_ws/install/ur_robot_driver/share/ament_index/resource_index/hardware_interface__pluginlib__plugin/ur_robot_driver
[30.939s] -- Installing: /workspaces/aprs/aprs_ws/install/ur_robot_driver/share/ur_robot_driver/cmake/ament_cmake_export_include_directories-extras.cmake
[30.939s] -- Installing: /workspaces/aprs/aprs_ws/install/ur_robot_driver/share/ur_robot_driver/cmake/ament_cmake_export_libraries-extras.cmake
[30.939s] -- Installing: /workspaces/aprs/aprs_ws/install/ur_robot_driver/share/ur_robot_driver/cmake/ament_cmake_export_dependencies-extras.cmake
[30.940s] -- Installing: /workspaces/aprs/aprs_ws/install/ur_robot_driver/share/ur_robot_driver/cmake/ur_robot_driverConfig.cmake
[30.940s] -- Installing: /workspaces/aprs/aprs_ws/install/ur_robot_driver/share/ur_robot_driver/cmake/ur_robot_driverConfig-version.cmake
[30.940s] -- Installing: /workspaces/aprs/aprs_ws/install/ur_robot_driver/share/ur_robot_driver/package.xml
[30.942s] Invoked command in '/workspaces/aprs/aprs_ws/build/ur_robot_driver' returned '0': AMENT_PREFIX_PATH=/workspaces/aprs/aprs_ws/install/ur_controllers:/workspaces/aprs/aprs_ws/install/ur_msgs:/workspaces/aprs/aprs_ws/install/ur_description:/workspaces/aprs/aprs_ws/install/ur_dashboard_msgs:${AMENT_PREFIX_PATH} CMAKE_PREFIX_PATH=/workspaces/aprs/aprs_ws/install/ur_controllers:/workspaces/aprs/aprs_ws/install/ur_msgs:/workspaces/aprs/aprs_ws/install/ur_description:/workspaces/aprs/aprs_ws/install/ur_dashboard_msgs:/workspaces/aprs/aprs_ws/install/ur_client_library:/opt/ros/humble LD_LIBRARY_PATH=/workspaces/aprs/aprs_ws/install/ur_controllers/lib:/workspaces/aprs/aprs_ws/install/ur_msgs/lib:/workspaces/aprs/aprs_ws/install/ur_dashboard_msgs/lib:/workspaces/aprs/aprs_ws/install/ur_client_library/lib:${LD_LIBRARY_PATH} PKG_CONFIG_PATH=/workspaces/aprs/aprs_ws/install/ur_client_library/lib/x86_64-linux-gnu/pkgconfig:/workspaces/aprs/aprs_ws/install/ur_client_library/lib/pkgconfig PYTHONPATH=/workspaces/aprs/aprs_ws/install/ur_msgs/local/lib/python3.10/dist-packages:/workspaces/aprs/aprs_ws/install/ur_dashboard_msgs/local/lib/python3.10/dist-packages:${PYTHONPATH} /usr/bin/cmake --install /workspaces/aprs/aprs_ws/build/ur_robot_driver
