[0.234s] DEBUG:colcon:Command line arguments: ['/usr/bin/colcon', 'build', '--cmake-args', '-DBUILD_TESTING=ON']
[0.234s] DEBUG:colcon:Parsed command line arguments: Namespace(log_base=None, log_level=None, verb_name='build', build_base='build', install_base='install', merge_install=False, symlink_install=False, test_result_base=None, continue_on_error=False, executor='parallel', parallel_workers=16, event_handlers=None, ignore_user_meta=False, metas=['./colcon.meta'], base_paths=['.'], packages_ignore=None, packages_ignore_regex=None, paths=None, packages_up_to=None, packages_up_to_regex=None, packages_above=None, packages_above_and_dependencies=None, packages_above_depth=None, packages_select_by_dep=None, packages_skip_by_dep=None, packages_skip_up_to=None, packages_select_build_failed=False, packages_skip_build_finished=False, packages_select_test_failures=False, packages_skip_test_passed=False, packages_select=None, packages_skip=None, packages_select_regex=None, packages_skip_regex=None, packages_start=None, packages_end=None, allow_overriding=[], cmake_args=['-DBUILD_TESTING=ON'], cmake_target=None, cmake_target_skip_unavailable=False, cmake_clean_cache=False, cmake_clean_first=False, cmake_force_configure=False, ament_cmake_args=None, catkin_cmake_args=None, catkin_skip_building_tests=False, mixin_files=None, mixin=None, verb_parser=<colcon_mixin.mixin.mixin_argument.MixinArgumentDecorator object at 0x7f1c9b1f4ca0>, verb_extension=<colcon_core.verb.build.BuildVerb object at 0x7f1c9b9d6b60>, main=<bound method BuildVerb.main of <colcon_core.verb.build.BuildVerb object at 0x7f1c9b9d6b60>>, mixin_verb=('build',))
[0.251s] Level 1:colcon.colcon_core.package_discovery:discover_packages(colcon_meta) check parameters
[0.251s] Level 1:colcon.colcon_core.package_discovery:discover_packages(recursive) check parameters
[0.251s] Level 1:colcon.colcon_core.package_discovery:discover_packages(ignore) check parameters
[0.251s] Level 1:colcon.colcon_core.package_discovery:discover_packages(path) check parameters
[0.251s] Level 1:colcon.colcon_core.package_discovery:discover_packages(colcon_meta) discover
[0.251s] Level 1:colcon.colcon_core.package_discovery:discover_packages(recursive) discover
[0.251s] INFO:colcon.colcon_core.package_discovery:Crawling recursively for packages in '/workspaces/trial__'
[0.251s] Level 1:colcon.colcon_core.package_identification:_identify(.) by extensions ['ignore', 'ignore_ament_install']
[0.251s] Level 1:colcon.colcon_core.package_identification:_identify(.) by extension 'ignore'
[0.251s] Level 1:colcon.colcon_core.package_identification:_identify(.) by extension 'ignore_ament_install'
[0.251s] Level 1:colcon.colcon_core.package_identification:_identify(.) by extensions ['colcon_pkg']
[0.251s] Level 1:colcon.colcon_core.package_identification:_identify(.) by extension 'colcon_pkg'
[0.251s] Level 1:colcon.colcon_core.package_identification:_identify(.) by extensions ['colcon_meta']
[0.251s] Level 1:colcon.colcon_core.package_identification:_identify(.) by extension 'colcon_meta'
[0.251s] Level 1:colcon.colcon_core.package_identification:_identify(.) by extensions ['ros']
[0.251s] Level 1:colcon.colcon_core.package_identification:_identify(.) by extension 'ros'
[0.259s] Level 1:colcon.colcon_core.package_identification:_identify(.) by extensions ['cmake', 'python']
[0.259s] Level 1:colcon.colcon_core.package_identification:_identify(.) by extension 'cmake'
[0.259s] Level 1:colcon.colcon_core.package_identification:_identify(.) by extension 'python'
[0.259s] Level 1:colcon.colcon_core.package_identification:_identify(.) by extensions ['python_setup_py']
[0.259s] Level 1:colcon.colcon_core.package_identification:_identify(.) by extension 'python_setup_py'
[0.259s] Level 1:colcon.colcon_core.package_identification:_identify(build) by extensions ['ignore', 'ignore_ament_install']
[0.259s] Level 1:colcon.colcon_core.package_identification:_identify(build) by extension 'ignore'
[0.259s] Level 1:colcon.colcon_core.package_identification:_identify(build) ignored
[0.259s] Level 1:colcon.colcon_core.package_identification:_identify(container-setup-scripts) by extensions ['ignore', 'ignore_ament_install']
[0.259s] Level 1:colcon.colcon_core.package_identification:_identify(container-setup-scripts) by extension 'ignore'
[0.259s] Level 1:colcon.colcon_core.package_identification:_identify(container-setup-scripts) by extension 'ignore_ament_install'
[0.259s] Level 1:colcon.colcon_core.package_identification:_identify(container-setup-scripts) by extensions ['colcon_pkg']
[0.259s] Level 1:colcon.colcon_core.package_identification:_identify(container-setup-scripts) by extension 'colcon_pkg'
[0.259s] Level 1:colcon.colcon_core.package_identification:_identify(container-setup-scripts) by extensions ['colcon_meta']
[0.259s] Level 1:colcon.colcon_core.package_identification:_identify(container-setup-scripts) by extension 'colcon_meta'
[0.259s] Level 1:colcon.colcon_core.package_identification:_identify(container-setup-scripts) by extensions ['ros']
[0.259s] Level 1:colcon.colcon_core.package_identification:_identify(container-setup-scripts) by extension 'ros'
[0.259s] Level 1:colcon.colcon_core.package_identification:_identify(container-setup-scripts) by extensions ['cmake', 'python']
[0.259s] Level 1:colcon.colcon_core.package_identification:_identify(container-setup-scripts) by extension 'cmake'
[0.259s] Level 1:colcon.colcon_core.package_identification:_identify(container-setup-scripts) by extension 'python'
[0.260s] Level 1:colcon.colcon_core.package_identification:_identify(container-setup-scripts) by extensions ['python_setup_py']
[0.260s] Level 1:colcon.colcon_core.package_identification:_identify(container-setup-scripts) by extension 'python_setup_py'
[0.260s] Level 1:colcon.colcon_core.package_identification:_identify(install) by extensions ['ignore', 'ignore_ament_install']
[0.260s] Level 1:colcon.colcon_core.package_identification:_identify(install) by extension 'ignore'
[0.260s] Level 1:colcon.colcon_core.package_identification:_identify(install) ignored
[0.260s] Level 1:colcon.colcon_core.package_identification:_identify(log) by extensions ['ignore', 'ignore_ament_install']
[0.260s] Level 1:colcon.colcon_core.package_identification:_identify(log) by extension 'ignore'
[0.260s] Level 1:colcon.colcon_core.package_identification:_identify(log) ignored
[0.260s] Level 1:colcon.colcon_core.package_identification:_identify(scripts) by extensions ['ignore', 'ignore_ament_install']
[0.260s] Level 1:colcon.colcon_core.package_identification:_identify(scripts) by extension 'ignore'
[0.260s] Level 1:colcon.colcon_core.package_identification:_identify(scripts) by extension 'ignore_ament_install'
[0.260s] Level 1:colcon.colcon_core.package_identification:_identify(scripts) by extensions ['colcon_pkg']
[0.260s] Level 1:colcon.colcon_core.package_identification:_identify(scripts) by extension 'colcon_pkg'
[0.260s] Level 1:colcon.colcon_core.package_identification:_identify(scripts) by extensions ['colcon_meta']
[0.260s] Level 1:colcon.colcon_core.package_identification:_identify(scripts) by extension 'colcon_meta'
[0.260s] Level 1:colcon.colcon_core.package_identification:_identify(scripts) by extensions ['ros']
[0.260s] Level 1:colcon.colcon_core.package_identification:_identify(scripts) by extension 'ros'
[0.260s] Level 1:colcon.colcon_core.package_identification:_identify(scripts) by extensions ['cmake', 'python']
[0.260s] Level 1:colcon.colcon_core.package_identification:_identify(scripts) by extension 'cmake'
[0.260s] Level 1:colcon.colcon_core.package_identification:_identify(scripts) by extension 'python'
[0.260s] Level 1:colcon.colcon_core.package_identification:_identify(scripts) by extensions ['python_setup_py']
[0.260s] Level 1:colcon.colcon_core.package_identification:_identify(scripts) by extension 'python_setup_py'
[0.260s] Level 1:colcon.colcon_core.package_identification:_identify(src) by extensions ['ignore', 'ignore_ament_install']
[0.260s] Level 1:colcon.colcon_core.package_identification:_identify(src) by extension 'ignore'
[0.260s] Level 1:colcon.colcon_core.package_identification:_identify(src) by extension 'ignore_ament_install'
[0.260s] Level 1:colcon.colcon_core.package_identification:_identify(src) by extensions ['colcon_pkg']
[0.261s] Level 1:colcon.colcon_core.package_identification:_identify(src) by extension 'colcon_pkg'
[0.261s] Level 1:colcon.colcon_core.package_identification:_identify(src) by extensions ['colcon_meta']
[0.261s] Level 1:colcon.colcon_core.package_identification:_identify(src) by extension 'colcon_meta'
[0.261s] Level 1:colcon.colcon_core.package_identification:_identify(src) by extensions ['ros']
[0.261s] Level 1:colcon.colcon_core.package_identification:_identify(src) by extension 'ros'
[0.261s] Level 1:colcon.colcon_core.package_identification:_identify(src) by extensions ['cmake', 'python']
[0.261s] Level 1:colcon.colcon_core.package_identification:_identify(src) by extension 'cmake'
[0.261s] Level 1:colcon.colcon_core.package_identification:_identify(src) by extension 'python'
[0.261s] Level 1:colcon.colcon_core.package_identification:_identify(src) by extensions ['python_setup_py']
[0.261s] Level 1:colcon.colcon_core.package_identification:_identify(src) by extension 'python_setup_py'
[0.261s] Level 1:colcon.colcon_core.package_identification:_identify(src/Universal_Robots_ROS2_Description) by extensions ['ignore', 'ignore_ament_install']
[0.261s] Level 1:colcon.colcon_core.package_identification:_identify(src/Universal_Robots_ROS2_Description) by extension 'ignore'
[0.261s] Level 1:colcon.colcon_core.package_identification:_identify(src/Universal_Robots_ROS2_Description) by extension 'ignore_ament_install'
[0.261s] Level 1:colcon.colcon_core.package_identification:_identify(src/Universal_Robots_ROS2_Description) by extensions ['colcon_pkg']
[0.261s] Level 1:colcon.colcon_core.package_identification:_identify(src/Universal_Robots_ROS2_Description) by extension 'colcon_pkg'
[0.261s] Level 1:colcon.colcon_core.package_identification:_identify(src/Universal_Robots_ROS2_Description) by extensions ['colcon_meta']
[0.261s] Level 1:colcon.colcon_core.package_identification:_identify(src/Universal_Robots_ROS2_Description) by extension 'colcon_meta'
[0.261s] Level 1:colcon.colcon_core.package_identification:_identify(src/Universal_Robots_ROS2_Description) by extensions ['ros']
[0.261s] Level 1:colcon.colcon_core.package_identification:_identify(src/Universal_Robots_ROS2_Description) by extension 'ros'
[0.263s] DEBUG:colcon.colcon_core.package_identification:Package 'src/Universal_Robots_ROS2_Description' with type 'ros.ament_cmake' and name 'ur_description'
[0.264s] Level 1:colcon.colcon_core.package_identification:_identify(src/gz_ros2_control) by extensions ['ignore', 'ignore_ament_install']
[0.264s] Level 1:colcon.colcon_core.package_identification:_identify(src/gz_ros2_control) by extension 'ignore'
[0.264s] Level 1:colcon.colcon_core.package_identification:_identify(src/gz_ros2_control) by extension 'ignore_ament_install'
[0.264s] Level 1:colcon.colcon_core.package_identification:_identify(src/gz_ros2_control) by extensions ['colcon_pkg']
[0.264s] Level 1:colcon.colcon_core.package_identification:_identify(src/gz_ros2_control) by extension 'colcon_pkg'
[0.264s] Level 1:colcon.colcon_core.package_identification:_identify(src/gz_ros2_control) by extensions ['colcon_meta']
[0.264s] Level 1:colcon.colcon_core.package_identification:_identify(src/gz_ros2_control) by extension 'colcon_meta'
[0.264s] Level 1:colcon.colcon_core.package_identification:_identify(src/gz_ros2_control) by extensions ['ros']
[0.264s] Level 1:colcon.colcon_core.package_identification:_identify(src/gz_ros2_control) by extension 'ros'
[0.270s] DEBUG:colcon.colcon_core.package_identification:Package 'src/gz_ros2_control' with type 'ros.ament_cmake' and name 'gz_ros2_control'
[0.270s] Level 1:colcon.colcon_core.package_identification:_identify(src/gz_ros2_control_demos) by extensions ['ignore', 'ignore_ament_install']
[0.270s] Level 1:colcon.colcon_core.package_identification:_identify(src/gz_ros2_control_demos) by extension 'ignore'
[0.270s] Level 1:colcon.colcon_core.package_identification:_identify(src/gz_ros2_control_demos) by extension 'ignore_ament_install'
[0.270s] Level 1:colcon.colcon_core.package_identification:_identify(src/gz_ros2_control_demos) by extensions ['colcon_pkg']
[0.270s] Level 1:colcon.colcon_core.package_identification:_identify(src/gz_ros2_control_demos) by extension 'colcon_pkg'
[0.270s] Level 1:colcon.colcon_core.package_identification:_identify(src/gz_ros2_control_demos) by extensions ['colcon_meta']
[0.270s] Level 1:colcon.colcon_core.package_identification:_identify(src/gz_ros2_control_demos) by extension 'colcon_meta'
[0.270s] Level 1:colcon.colcon_core.package_identification:_identify(src/gz_ros2_control_demos) by extensions ['ros']
[0.270s] Level 1:colcon.colcon_core.package_identification:_identify(src/gz_ros2_control_demos) by extension 'ros'
[0.272s] DEBUG:colcon.colcon_core.package_identification:Package 'src/gz_ros2_control_demos' with type 'ros.ament_cmake' and name 'gz_ros2_control_demos'
[0.272s] Level 1:colcon.colcon_core.package_identification:_identify(src/gz_ros2_control_tests) by extensions ['ignore', 'ignore_ament_install']
[0.272s] Level 1:colcon.colcon_core.package_identification:_identify(src/gz_ros2_control_tests) by extension 'ignore'
[0.272s] Level 1:colcon.colcon_core.package_identification:_identify(src/gz_ros2_control_tests) by extension 'ignore_ament_install'
[0.272s] Level 1:colcon.colcon_core.package_identification:_identify(src/gz_ros2_control_tests) by extensions ['colcon_pkg']
[0.272s] Level 1:colcon.colcon_core.package_identification:_identify(src/gz_ros2_control_tests) by extension 'colcon_pkg'
[0.272s] Level 1:colcon.colcon_core.package_identification:_identify(src/gz_ros2_control_tests) by extensions ['colcon_meta']
[0.272s] Level 1:colcon.colcon_core.package_identification:_identify(src/gz_ros2_control_tests) by extension 'colcon_meta'
[0.272s] Level 1:colcon.colcon_core.package_identification:_identify(src/gz_ros2_control_tests) by extensions ['ros']
[0.272s] Level 1:colcon.colcon_core.package_identification:_identify(src/gz_ros2_control_tests) by extension 'ros'
[0.273s] DEBUG:colcon.colcon_core.package_identification:Package 'src/gz_ros2_control_tests' with type 'ros.ament_cmake' and name 'gz_ros2_control_tests'
[0.273s] Level 1:colcon.colcon_core.package_discovery:discover_packages(recursive) using defaults
[0.273s] Level 1:colcon.colcon_core.package_discovery:discover_packages(ignore) discover
[0.273s] Level 1:colcon.colcon_core.package_discovery:discover_packages(ignore) using defaults
[0.273s] Level 1:colcon.colcon_core.package_discovery:discover_packages(path) discover
[0.273s] Level 1:colcon.colcon_core.package_discovery:discover_packages(path) using defaults
[0.290s] Level 1:colcon.colcon_core.package_discovery:discover_packages(prefix_path) check parameters
[0.290s] Level 1:colcon.colcon_core.package_discovery:discover_packages(prefix_path) discover
[0.291s] WARNING:colcon.colcon_ros.prefix_path.ament:The path '/workspaces/trial__/install/ur_description' in the environment variable AMENT_PREFIX_PATH doesn't exist
[0.292s] WARNING:colcon.colcon_ros.prefix_path.ament:The path '/workspaces/trial__/install/gz_ros2_control_tests' in the environment variable AMENT_PREFIX_PATH doesn't exist
[0.292s] WARNING:colcon.colcon_ros.prefix_path.ament:The path '/workspaces/trial__/install/gz_ros2_control_demos' in the environment variable AMENT_PREFIX_PATH doesn't exist
[0.292s] WARNING:colcon.colcon_ros.prefix_path.ament:The path '/workspaces/trial__/install/gz_ros2_control' in the environment variable AMENT_PREFIX_PATH doesn't exist
[0.292s] WARNING:colcon.colcon_ros.prefix_path.catkin:The path '/workspaces/trial__/install/ur_description' in the environment variable CMAKE_PREFIX_PATH doesn't exist
[0.292s] WARNING:colcon.colcon_ros.prefix_path.catkin:The path '/workspaces/trial__/install/gz_ros2_control_tests' in the environment variable CMAKE_PREFIX_PATH doesn't exist
[0.292s] WARNING:colcon.colcon_ros.prefix_path.catkin:The path '/workspaces/trial__/install/gz_ros2_control_demos' in the environment variable CMAKE_PREFIX_PATH doesn't exist
[0.292s] WARNING:colcon.colcon_ros.prefix_path.catkin:The path '/workspaces/trial__/install/gz_ros2_control' in the environment variable CMAKE_PREFIX_PATH doesn't exist
[0.293s] DEBUG:colcon.colcon_installed_package_information.package_discovery:Found 0 installed packages in /workspaces/trial__/install
[0.294s] DEBUG:colcon.colcon_installed_package_information.package_discovery:Found 366 installed packages in /opt/ros/rolling
[0.295s] Level 1:colcon.colcon_core.package_discovery:discover_packages(prefix_path) using defaults
[0.336s] Level 5:colcon.colcon_core.verb:set package 'gz_ros2_control' build argument 'cmake_args' from command line to '['-DBUILD_TESTING=ON']'
[0.336s] Level 5:colcon.colcon_core.verb:set package 'gz_ros2_control' build argument 'cmake_target' from command line to 'None'
[0.336s] Level 5:colcon.colcon_core.verb:set package 'gz_ros2_control' build argument 'cmake_target_skip_unavailable' from command line to 'False'
[0.336s] Level 5:colcon.colcon_core.verb:set package 'gz_ros2_control' build argument 'cmake_clean_cache' from command line to 'False'
[0.336s] Level 5:colcon.colcon_core.verb:set package 'gz_ros2_control' build argument 'cmake_clean_first' from command line to 'False'
[0.336s] Level 5:colcon.colcon_core.verb:set package 'gz_ros2_control' build argument 'cmake_force_configure' from command line to 'False'
[0.336s] Level 5:colcon.colcon_core.verb:set package 'gz_ros2_control' build argument 'ament_cmake_args' from command line to 'None'
[0.336s] Level 5:colcon.colcon_core.verb:set package 'gz_ros2_control' build argument 'catkin_cmake_args' from command line to 'None'
[0.336s] Level 5:colcon.colcon_core.verb:set package 'gz_ros2_control' build argument 'catkin_skip_building_tests' from command line to 'False'
[0.337s] DEBUG:colcon.colcon_core.verb:Building package 'gz_ros2_control' with the following arguments: {'ament_cmake_args': None, 'build_base': '/workspaces/trial__/build/gz_ros2_control', 'catkin_cmake_args': None, 'catkin_skip_building_tests': False, 'cmake_args': ['-DBUILD_TESTING=ON'], 'cmake_clean_cache': False, 'cmake_clean_first': False, 'cmake_force_configure': False, 'cmake_target': None, 'cmake_target_skip_unavailable': False, 'install_base': '/workspaces/trial__/install/gz_ros2_control', 'merge_install': False, 'path': '/workspaces/trial__/src/gz_ros2_control', 'symlink_install': False, 'test_result_base': None}
[0.337s] Level 5:colcon.colcon_core.verb:set package 'ur_description' build argument 'cmake_args' from command line to '['-DBUILD_TESTING=ON']'
[0.337s] Level 5:colcon.colcon_core.verb:set package 'ur_description' build argument 'cmake_target' from command line to 'None'
[0.337s] Level 5:colcon.colcon_core.verb:set package 'ur_description' build argument 'cmake_target_skip_unavailable' from command line to 'False'
[0.337s] Level 5:colcon.colcon_core.verb:set package 'ur_description' build argument 'cmake_clean_cache' from command line to 'False'
[0.337s] Level 5:colcon.colcon_core.verb:set package 'ur_description' build argument 'cmake_clean_first' from command line to 'False'
[0.337s] Level 5:colcon.colcon_core.verb:set package 'ur_description' build argument 'cmake_force_configure' from command line to 'False'
[0.337s] Level 5:colcon.colcon_core.verb:set package 'ur_description' build argument 'ament_cmake_args' from command line to 'None'
[0.337s] Level 5:colcon.colcon_core.verb:set package 'ur_description' build argument 'catkin_cmake_args' from command line to 'None'
[0.337s] Level 5:colcon.colcon_core.verb:set package 'ur_description' build argument 'catkin_skip_building_tests' from command line to 'False'
[0.337s] DEBUG:colcon.colcon_core.verb:Building package 'ur_description' with the following arguments: {'ament_cmake_args': None, 'build_base': '/workspaces/trial__/build/ur_description', 'catkin_cmake_args': None, 'catkin_skip_building_tests': False, 'cmake_args': ['-DBUILD_TESTING=ON'], 'cmake_clean_cache': False, 'cmake_clean_first': False, 'cmake_force_configure': False, 'cmake_target': None, 'cmake_target_skip_unavailable': False, 'install_base': '/workspaces/trial__/install/ur_description', 'merge_install': False, 'path': '/workspaces/trial__/src/Universal_Robots_ROS2_Description', 'symlink_install': False, 'test_result_base': None}
[0.338s] Level 5:colcon.colcon_core.verb:set package 'gz_ros2_control_demos' build argument 'cmake_args' from command line to '['-DBUILD_TESTING=ON']'
[0.338s] Level 5:colcon.colcon_core.verb:set package 'gz_ros2_control_demos' build argument 'cmake_target' from command line to 'None'
[0.338s] Level 5:colcon.colcon_core.verb:set package 'gz_ros2_control_demos' build argument 'cmake_target_skip_unavailable' from command line to 'False'
[0.338s] Level 5:colcon.colcon_core.verb:set package 'gz_ros2_control_demos' build argument 'cmake_clean_cache' from command line to 'False'
[0.338s] Level 5:colcon.colcon_core.verb:set package 'gz_ros2_control_demos' build argument 'cmake_clean_first' from command line to 'False'
[0.338s] Level 5:colcon.colcon_core.verb:set package 'gz_ros2_control_demos' build argument 'cmake_force_configure' from command line to 'False'
[0.338s] Level 5:colcon.colcon_core.verb:set package 'gz_ros2_control_demos' build argument 'ament_cmake_args' from command line to 'None'
[0.338s] Level 5:colcon.colcon_core.verb:set package 'gz_ros2_control_demos' build argument 'catkin_cmake_args' from command line to 'None'
[0.338s] Level 5:colcon.colcon_core.verb:set package 'gz_ros2_control_demos' build argument 'catkin_skip_building_tests' from command line to 'False'
[0.338s] DEBUG:colcon.colcon_core.verb:Building package 'gz_ros2_control_demos' with the following arguments: {'ament_cmake_args': None, 'build_base': '/workspaces/trial__/build/gz_ros2_control_demos', 'catkin_cmake_args': None, 'catkin_skip_building_tests': False, 'cmake_args': ['-DBUILD_TESTING=ON'], 'cmake_clean_cache': False, 'cmake_clean_first': False, 'cmake_force_configure': False, 'cmake_target': None, 'cmake_target_skip_unavailable': False, 'install_base': '/workspaces/trial__/install/gz_ros2_control_demos', 'merge_install': False, 'path': '/workspaces/trial__/src/gz_ros2_control_demos', 'symlink_install': False, 'test_result_base': None}
[0.339s] Level 5:colcon.colcon_core.verb:set package 'gz_ros2_control_tests' build argument 'cmake_args' from command line to '['-DBUILD_TESTING=ON']'
[0.339s] Level 5:colcon.colcon_core.verb:set package 'gz_ros2_control_tests' build argument 'cmake_target' from command line to 'None'
[0.339s] Level 5:colcon.colcon_core.verb:set package 'gz_ros2_control_tests' build argument 'cmake_target_skip_unavailable' from command line to 'False'
[0.339s] Level 5:colcon.colcon_core.verb:set package 'gz_ros2_control_tests' build argument 'cmake_clean_cache' from command line to 'False'
[0.339s] Level 5:colcon.colcon_core.verb:set package 'gz_ros2_control_tests' build argument 'cmake_clean_first' from command line to 'False'
[0.339s] Level 5:colcon.colcon_core.verb:set package 'gz_ros2_control_tests' build argument 'cmake_force_configure' from command line to 'False'
[0.339s] Level 5:colcon.colcon_core.verb:set package 'gz_ros2_control_tests' build argument 'ament_cmake_args' from command line to 'None'
[0.339s] Level 5:colcon.colcon_core.verb:set package 'gz_ros2_control_tests' build argument 'catkin_cmake_args' from command line to 'None'
[0.339s] Level 5:colcon.colcon_core.verb:set package 'gz_ros2_control_tests' build argument 'catkin_skip_building_tests' from command line to 'False'
[0.339s] DEBUG:colcon.colcon_core.verb:Building package 'gz_ros2_control_tests' with the following arguments: {'ament_cmake_args': None, 'build_base': '/workspaces/trial__/build/gz_ros2_control_tests', 'catkin_cmake_args': None, 'catkin_skip_building_tests': False, 'cmake_args': ['-DBUILD_TESTING=ON'], 'cmake_clean_cache': False, 'cmake_clean_first': False, 'cmake_force_configure': False, 'cmake_target': None, 'cmake_target_skip_unavailable': False, 'install_base': '/workspaces/trial__/install/gz_ros2_control_tests', 'merge_install': False, 'path': '/workspaces/trial__/src/gz_ros2_control_tests', 'symlink_install': False, 'test_result_base': None}
[0.339s] INFO:colcon.colcon_core.executor:Executing jobs using 'parallel' executor
[0.341s] DEBUG:colcon.colcon_parallel_executor.executor.parallel:run_until_complete
[0.342s] INFO:colcon.colcon_ros.task.ament_cmake.build:Building ROS package in '/workspaces/trial__/src/gz_ros2_control' with build type 'ament_cmake'
[0.342s] INFO:colcon.colcon_cmake.task.cmake.build:Building CMake package in '/workspaces/trial__/src/gz_ros2_control'
[0.346s] INFO:colcon.colcon_core.plugin_system:Skipping extension 'colcon_core.shell.bat': Not used on non-Windows systems
[0.346s] INFO:colcon.colcon_core.shell:Skip shell extension 'powershell' for command environment: Not usable outside of PowerShell
[0.346s] DEBUG:colcon.colcon_core.shell:Skip shell extension 'dsv' for command environment
[0.349s] INFO:colcon.colcon_ros.task.ament_cmake.build:Building ROS package in '/workspaces/trial__/src/Universal_Robots_ROS2_Description' with build type 'ament_cmake'
[0.349s] INFO:colcon.colcon_cmake.task.cmake.build:Building CMake package in '/workspaces/trial__/src/Universal_Robots_ROS2_Description'
[0.350s] INFO:colcon.colcon_core.shell:Skip shell extension 'powershell' for command environment: Not usable outside of PowerShell
[0.350s] DEBUG:colcon.colcon_core.shell:Skip shell extension 'dsv' for command environment
[0.356s] DEBUG:colcon.colcon_core.event_handler.log_command:Invoking command in '/workspaces/trial__/build/gz_ros2_control': CMAKE_PREFIX_PATH=${CMAKE_PREFIX_PATH}:/opt/ros/rolling /usr/bin/cmake /workspaces/trial__/src/gz_ros2_control -DBUILD_TESTING=ON -DCMAKE_INSTALL_PREFIX=/workspaces/trial__/install/gz_ros2_control
[0.360s] DEBUG:colcon.colcon_core.event_handler.log_command:Invoking command in '/workspaces/trial__/build/ur_description': CMAKE_PREFIX_PATH=${CMAKE_PREFIX_PATH}:/opt/ros/rolling /usr/bin/cmake /workspaces/trial__/src/Universal_Robots_ROS2_Description -DBUILD_TESTING=ON -DCMAKE_INSTALL_PREFIX=/workspaces/trial__/install/ur_description
[1.284s] DEBUG:colcon.colcon_core.event_handler.log_command:Invoked command in '/workspaces/trial__/build/ur_description' returned '0': CMAKE_PREFIX_PATH=${CMAKE_PREFIX_PATH}:/opt/ros/rolling /usr/bin/cmake /workspaces/trial__/src/Universal_Robots_ROS2_Description -DBUILD_TESTING=ON -DCMAKE_INSTALL_PREFIX=/workspaces/trial__/install/ur_description
[1.285s] DEBUG:colcon.colcon_core.event_handler.log_command:Invoking command in '/workspaces/trial__/build/ur_description': CMAKE_PREFIX_PATH=${CMAKE_PREFIX_PATH}:/opt/ros/rolling /usr/bin/cmake --build /workspaces/trial__/build/ur_description -- -j16 -l16
[1.306s] DEBUG:colcon.colcon_core.event_handler.log_command:Invoked command in '/workspaces/trial__/build/ur_description' returned '0': CMAKE_PREFIX_PATH=${CMAKE_PREFIX_PATH}:/opt/ros/rolling /usr/bin/cmake --build /workspaces/trial__/build/ur_description -- -j16 -l16
[1.323s] DEBUG:colcon.colcon_core.event_handler.log_command:Invoking command in '/workspaces/trial__/build/ur_description': CMAKE_PREFIX_PATH=${CMAKE_PREFIX_PATH}:/opt/ros/rolling /usr/bin/cmake --install /workspaces/trial__/build/ur_description
[1.440s] Level 1:colcon.colcon_core.environment:create_environment_scripts_only(ur_description)
[1.441s] DEBUG:colcon.colcon_core.event_handler.log_command:Invoked command in '/workspaces/trial__/build/ur_description' returned '0': CMAKE_PREFIX_PATH=${CMAKE_PREFIX_PATH}:/opt/ros/rolling /usr/bin/cmake --install /workspaces/trial__/build/ur_description
[1.445s] Level 1:colcon.colcon_core.environment:checking '/workspaces/trial__/install/ur_description' for CMake module files
[1.445s] Level 1:colcon.colcon_core.environment:checking '/workspaces/trial__/install/ur_description' for CMake config files
[1.446s] Level 1:colcon.colcon_core.shell:create_environment_hook('ur_description', 'cmake_prefix_path')
[1.447s] INFO:colcon.colcon_core.shell:Creating environment hook '/workspaces/trial__/install/ur_description/share/ur_description/hook/cmake_prefix_path.ps1'
[1.447s] INFO:colcon.colcon_core.shell:Creating environment descriptor '/workspaces/trial__/install/ur_description/share/ur_description/hook/cmake_prefix_path.dsv'
[1.448s] INFO:colcon.colcon_core.shell:Creating environment hook '/workspaces/trial__/install/ur_description/share/ur_description/hook/cmake_prefix_path.sh'
[1.448s] Level 1:colcon.colcon_core.environment:checking '/workspaces/trial__/install/ur_description/bin'
[1.448s] Level 1:colcon.colcon_core.environment:checking '/workspaces/trial__/install/ur_description/lib/pkgconfig/ur_description.pc'
[1.448s] Level 1:colcon.colcon_core.environment:checking '/workspaces/trial__/install/ur_description/lib/python3.10/site-packages'
[1.449s] Level 1:colcon.colcon_core.environment:checking '/workspaces/trial__/install/ur_description/bin'
[1.449s] INFO:colcon.colcon_core.shell:Creating package script '/workspaces/trial__/install/ur_description/share/ur_description/package.ps1'
[1.450s] INFO:colcon.colcon_core.shell:Creating package descriptor '/workspaces/trial__/install/ur_description/share/ur_description/package.dsv'
[1.451s] INFO:colcon.colcon_core.shell:Creating package script '/workspaces/trial__/install/ur_description/share/ur_description/package.sh'
[1.451s] INFO:colcon.colcon_core.shell:Creating package script '/workspaces/trial__/install/ur_description/share/ur_description/package.bash'
[1.452s] INFO:colcon.colcon_core.shell:Creating package script '/workspaces/trial__/install/ur_description/share/ur_description/package.zsh'
[1.452s] Level 1:colcon.colcon_core.environment:create_file_with_runtime_dependencies(/workspaces/trial__/install/ur_description/share/colcon-core/packages/ur_description)
[1.467s] Level 1:colcon.colcon_core.environment:create_environment_scripts_only(ur_description)
[1.469s] Level 1:colcon.colcon_core.environment:checking '/workspaces/trial__/install/ur_description' for CMake module files
[1.470s] Level 1:colcon.colcon_core.environment:checking '/workspaces/trial__/install/ur_description' for CMake config files
[1.470s] Level 1:colcon.colcon_core.shell:create_environment_hook('ur_description', 'cmake_prefix_path')
[1.472s] INFO:colcon.colcon_core.shell:Creating environment hook '/workspaces/trial__/install/ur_description/share/ur_description/hook/cmake_prefix_path.ps1'
[1.472s] INFO:colcon.colcon_core.shell:Creating environment descriptor '/workspaces/trial__/install/ur_description/share/ur_description/hook/cmake_prefix_path.dsv'
[1.473s] INFO:colcon.colcon_core.shell:Creating environment hook '/workspaces/trial__/install/ur_description/share/ur_description/hook/cmake_prefix_path.sh'
[1.473s] Level 1:colcon.colcon_core.environment:checking '/workspaces/trial__/install/ur_description/bin'
[1.473s] Level 1:colcon.colcon_core.environment:checking '/workspaces/trial__/install/ur_description/lib/pkgconfig/ur_description.pc'
[1.473s] Level 1:colcon.colcon_core.environment:checking '/workspaces/trial__/install/ur_description/lib/python3.10/site-packages'
[1.474s] Level 1:colcon.colcon_core.environment:checking '/workspaces/trial__/install/ur_description/bin'
[1.475s] INFO:colcon.colcon_core.shell:Creating package script '/workspaces/trial__/install/ur_description/share/ur_description/package.ps1'
[1.476s] INFO:colcon.colcon_core.shell:Creating package descriptor '/workspaces/trial__/install/ur_description/share/ur_description/package.dsv'
[1.476s] INFO:colcon.colcon_core.shell:Creating package script '/workspaces/trial__/install/ur_description/share/ur_description/package.sh'
[1.476s] INFO:colcon.colcon_core.shell:Creating package script '/workspaces/trial__/install/ur_description/share/ur_description/package.bash'
[1.477s] INFO:colcon.colcon_core.shell:Creating package script '/workspaces/trial__/install/ur_description/share/ur_description/package.zsh'
[1.477s] Level 1:colcon.colcon_core.environment:create_file_with_runtime_dependencies(/workspaces/trial__/install/ur_description/share/colcon-core/packages/ur_description)
[3.180s] DEBUG:colcon.colcon_core.event_handler.log_command:Invoked command in '/workspaces/trial__/build/gz_ros2_control' returned '0': CMAKE_PREFIX_PATH=${CMAKE_PREFIX_PATH}:/opt/ros/rolling /usr/bin/cmake /workspaces/trial__/src/gz_ros2_control -DBUILD_TESTING=ON -DCMAKE_INSTALL_PREFIX=/workspaces/trial__/install/gz_ros2_control
[3.181s] DEBUG:colcon.colcon_core.event_handler.log_command:Invoking command in '/workspaces/trial__/build/gz_ros2_control': CMAKE_PREFIX_PATH=${CMAKE_PREFIX_PATH}:/opt/ros/rolling /usr/bin/cmake --build /workspaces/trial__/build/gz_ros2_control -- -j16 -l16
[13.389s] DEBUG:colcon.colcon_core.event_handler.log_command:Invoked command in '/workspaces/trial__/build/gz_ros2_control' returned '0': CMAKE_PREFIX_PATH=${CMAKE_PREFIX_PATH}:/opt/ros/rolling /usr/bin/cmake --build /workspaces/trial__/build/gz_ros2_control -- -j16 -l16
[13.404s] DEBUG:colcon.colcon_core.event_handler.log_command:Invoking command in '/workspaces/trial__/build/gz_ros2_control': CMAKE_PREFIX_PATH=${CMAKE_PREFIX_PATH}:/opt/ros/rolling /usr/bin/cmake --install /workspaces/trial__/build/gz_ros2_control
[13.417s] Level 1:colcon.colcon_core.environment:create_environment_scripts_only(gz_ros2_control)
[13.418s] Level 1:colcon.colcon_core.environment:checking '/workspaces/trial__/install/gz_ros2_control' for CMake module files
[13.418s] DEBUG:colcon.colcon_core.event_handler.log_command:Invoked command in '/workspaces/trial__/build/gz_ros2_control' returned '0': CMAKE_PREFIX_PATH=${CMAKE_PREFIX_PATH}:/opt/ros/rolling /usr/bin/cmake --install /workspaces/trial__/build/gz_ros2_control
[13.419s] Level 1:colcon.colcon_core.environment:checking '/workspaces/trial__/install/gz_ros2_control' for CMake config files
[13.419s] Level 1:colcon.colcon_core.shell:create_environment_hook('gz_ros2_control', 'cmake_prefix_path')
[13.420s] INFO:colcon.colcon_core.shell:Creating environment hook '/workspaces/trial__/install/gz_ros2_control/share/gz_ros2_control/hook/cmake_prefix_path.ps1'
[13.420s] INFO:colcon.colcon_core.shell:Creating environment descriptor '/workspaces/trial__/install/gz_ros2_control/share/gz_ros2_control/hook/cmake_prefix_path.dsv'
[13.420s] INFO:colcon.colcon_core.shell:Creating environment hook '/workspaces/trial__/install/gz_ros2_control/share/gz_ros2_control/hook/cmake_prefix_path.sh'
[13.420s] Level 1:colcon.colcon_core.environment:checking '/workspaces/trial__/install/gz_ros2_control/lib'
[13.420s] Level 1:colcon.colcon_core.shell:create_environment_hook('gz_ros2_control', 'ld_library_path_lib')
[13.421s] INFO:colcon.colcon_core.shell:Creating environment hook '/workspaces/trial__/install/gz_ros2_control/share/gz_ros2_control/hook/ld_library_path_lib.ps1'
[13.421s] INFO:colcon.colcon_core.shell:Creating environment descriptor '/workspaces/trial__/install/gz_ros2_control/share/gz_ros2_control/hook/ld_library_path_lib.dsv'
[13.421s] INFO:colcon.colcon_core.shell:Creating environment hook '/workspaces/trial__/install/gz_ros2_control/share/gz_ros2_control/hook/ld_library_path_lib.sh'
[13.422s] Level 1:colcon.colcon_core.environment:checking '/workspaces/trial__/install/gz_ros2_control/bin'
[13.422s] Level 1:colcon.colcon_core.environment:checking '/workspaces/trial__/install/gz_ros2_control/lib/pkgconfig/gz_ros2_control.pc'
[13.422s] Level 1:colcon.colcon_core.environment:checking '/workspaces/trial__/install/gz_ros2_control/lib/python3.10/site-packages'
[13.422s] Level 1:colcon.colcon_core.environment:checking '/workspaces/trial__/install/gz_ros2_control/bin'
[13.423s] INFO:colcon.colcon_core.shell:Creating package script '/workspaces/trial__/install/gz_ros2_control/share/gz_ros2_control/package.ps1'
[13.423s] INFO:colcon.colcon_core.shell:Creating package descriptor '/workspaces/trial__/install/gz_ros2_control/share/gz_ros2_control/package.dsv'
[13.423s] INFO:colcon.colcon_core.shell:Creating package script '/workspaces/trial__/install/gz_ros2_control/share/gz_ros2_control/package.sh'
[13.424s] INFO:colcon.colcon_core.shell:Creating package script '/workspaces/trial__/install/gz_ros2_control/share/gz_ros2_control/package.bash'
[13.424s] INFO:colcon.colcon_core.shell:Creating package script '/workspaces/trial__/install/gz_ros2_control/share/gz_ros2_control/package.zsh'
[13.424s] Level 1:colcon.colcon_core.environment:create_file_with_runtime_dependencies(/workspaces/trial__/install/gz_ros2_control/share/colcon-core/packages/gz_ros2_control)
[13.440s] Level 1:colcon.colcon_core.environment:create_environment_scripts_only(gz_ros2_control)
[13.441s] Level 1:colcon.colcon_core.environment:checking '/workspaces/trial__/install/gz_ros2_control' for CMake module files
[13.441s] Level 1:colcon.colcon_core.environment:checking '/workspaces/trial__/install/gz_ros2_control' for CMake config files
[13.442s] Level 1:colcon.colcon_core.shell:create_environment_hook('gz_ros2_control', 'cmake_prefix_path')
[13.442s] INFO:colcon.colcon_core.shell:Creating environment hook '/workspaces/trial__/install/gz_ros2_control/share/gz_ros2_control/hook/cmake_prefix_path.ps1'
[13.443s] INFO:colcon.colcon_core.shell:Creating environment descriptor '/workspaces/trial__/install/gz_ros2_control/share/gz_ros2_control/hook/cmake_prefix_path.dsv'
[13.443s] INFO:colcon.colcon_core.shell:Creating environment hook '/workspaces/trial__/install/gz_ros2_control/share/gz_ros2_control/hook/cmake_prefix_path.sh'
[13.443s] Level 1:colcon.colcon_core.environment:checking '/workspaces/trial__/install/gz_ros2_control/lib'
[13.443s] Level 1:colcon.colcon_core.shell:create_environment_hook('gz_ros2_control', 'ld_library_path_lib')
[13.444s] INFO:colcon.colcon_core.shell:Creating environment hook '/workspaces/trial__/install/gz_ros2_control/share/gz_ros2_control/hook/ld_library_path_lib.ps1'
[13.444s] INFO:colcon.colcon_core.shell:Creating environment descriptor '/workspaces/trial__/install/gz_ros2_control/share/gz_ros2_control/hook/ld_library_path_lib.dsv'
[13.444s] INFO:colcon.colcon_core.shell:Creating environment hook '/workspaces/trial__/install/gz_ros2_control/share/gz_ros2_control/hook/ld_library_path_lib.sh'
[13.445s] Level 1:colcon.colcon_core.environment:checking '/workspaces/trial__/install/gz_ros2_control/bin'
[13.445s] Level 1:colcon.colcon_core.environment:checking '/workspaces/trial__/install/gz_ros2_control/lib/pkgconfig/gz_ros2_control.pc'
[13.445s] Level 1:colcon.colcon_core.environment:checking '/workspaces/trial__/install/gz_ros2_control/lib/python3.10/site-packages'
[13.445s] Level 1:colcon.colcon_core.environment:checking '/workspaces/trial__/install/gz_ros2_control/bin'
[13.446s] INFO:colcon.colcon_core.shell:Creating package script '/workspaces/trial__/install/gz_ros2_control/share/gz_ros2_control/package.ps1'
[13.446s] INFO:colcon.colcon_core.shell:Creating package descriptor '/workspaces/trial__/install/gz_ros2_control/share/gz_ros2_control/package.dsv'
[13.446s] INFO:colcon.colcon_core.shell:Creating package script '/workspaces/trial__/install/gz_ros2_control/share/gz_ros2_control/package.sh'
[13.447s] INFO:colcon.colcon_core.shell:Creating package script '/workspaces/trial__/install/gz_ros2_control/share/gz_ros2_control/package.bash'
[13.447s] INFO:colcon.colcon_core.shell:Creating package script '/workspaces/trial__/install/gz_ros2_control/share/gz_ros2_control/package.zsh'
[13.447s] Level 1:colcon.colcon_core.environment:create_file_with_runtime_dependencies(/workspaces/trial__/install/gz_ros2_control/share/colcon-core/packages/gz_ros2_control)
[13.447s] INFO:colcon.colcon_ros.task.ament_cmake.build:Building ROS package in '/workspaces/trial__/src/gz_ros2_control_demos' with build type 'ament_cmake'
[13.447s] INFO:colcon.colcon_cmake.task.cmake.build:Building CMake package in '/workspaces/trial__/src/gz_ros2_control_demos'
[13.448s] INFO:colcon.colcon_core.shell:Skip shell extension 'powershell' for command environment: Not usable outside of PowerShell
[13.448s] DEBUG:colcon.colcon_core.shell:Skip shell extension 'dsv' for command environment
[13.451s] INFO:colcon.colcon_ros.task.ament_cmake.build:Building ROS package in '/workspaces/trial__/src/gz_ros2_control_tests' with build type 'ament_cmake'
[13.451s] INFO:colcon.colcon_cmake.task.cmake.build:Building CMake package in '/workspaces/trial__/src/gz_ros2_control_tests'
[13.452s] INFO:colcon.colcon_core.shell:Skip shell extension 'powershell' for command environment: Not usable outside of PowerShell
[13.452s] DEBUG:colcon.colcon_core.shell:Skip shell extension 'dsv' for command environment
[13.457s] DEBUG:colcon.colcon_core.event_handler.log_command:Invoking command in '/workspaces/trial__/build/gz_ros2_control_demos': CMAKE_PREFIX_PATH=/workspaces/trial__/install/gz_ros2_control:/workspaces/trial__/install/ur_description:/workspaces/trial__/install/gz_ros2_control_tests:/workspaces/trial__/install/gz_ros2_control_demos:/opt/ros/rolling /usr/bin/cmake /workspaces/trial__/src/gz_ros2_control_demos -DBUILD_TESTING=ON -DCMAKE_INSTALL_PREFIX=/workspaces/trial__/install/gz_ros2_control_demos
[13.458s] DEBUG:colcon.colcon_core.event_handler.log_command:Invoking command in '/workspaces/trial__/build/gz_ros2_control_tests': CMAKE_PREFIX_PATH=/workspaces/trial__/install/gz_ros2_control:/workspaces/trial__/install/ur_description:/workspaces/trial__/install/gz_ros2_control_tests:/workspaces/trial__/install/gz_ros2_control_demos:/opt/ros/rolling /usr/bin/cmake /workspaces/trial__/src/gz_ros2_control_tests -DBUILD_TESTING=ON -DCMAKE_INSTALL_PREFIX=/workspaces/trial__/install/gz_ros2_control_tests
[14.809s] DEBUG:colcon.colcon_core.event_handler.log_command:Invoked command in '/workspaces/trial__/build/gz_ros2_control_demos' returned '0': CMAKE_PREFIX_PATH=/workspaces/trial__/install/gz_ros2_control:/workspaces/trial__/install/ur_description:/workspaces/trial__/install/gz_ros2_control_tests:/workspaces/trial__/install/gz_ros2_control_demos:/opt/ros/rolling /usr/bin/cmake /workspaces/trial__/src/gz_ros2_control_demos -DBUILD_TESTING=ON -DCMAKE_INSTALL_PREFIX=/workspaces/trial__/install/gz_ros2_control_demos
[14.811s] DEBUG:colcon.colcon_core.event_handler.log_command:Invoking command in '/workspaces/trial__/build/gz_ros2_control_demos': CMAKE_PREFIX_PATH=/workspaces/trial__/install/gz_ros2_control:/workspaces/trial__/install/ur_description:/workspaces/trial__/install/gz_ros2_control_tests:/workspaces/trial__/install/gz_ros2_control_demos:/opt/ros/rolling /usr/bin/cmake --build /workspaces/trial__/build/gz_ros2_control_demos -- -j16 -l16
[14.859s] DEBUG:colcon.colcon_core.event_handler.log_command:Invoked command in '/workspaces/trial__/build/gz_ros2_control_tests' returned '0': CMAKE_PREFIX_PATH=/workspaces/trial__/install/gz_ros2_control:/workspaces/trial__/install/ur_description:/workspaces/trial__/install/gz_ros2_control_tests:/workspaces/trial__/install/gz_ros2_control_demos:/opt/ros/rolling /usr/bin/cmake /workspaces/trial__/src/gz_ros2_control_tests -DBUILD_TESTING=ON -DCMAKE_INSTALL_PREFIX=/workspaces/trial__/install/gz_ros2_control_tests
[14.860s] DEBUG:colcon.colcon_core.event_handler.log_command:Invoking command in '/workspaces/trial__/build/gz_ros2_control_tests': CMAKE_PREFIX_PATH=/workspaces/trial__/install/gz_ros2_control:/workspaces/trial__/install/ur_description:/workspaces/trial__/install/gz_ros2_control_tests:/workspaces/trial__/install/gz_ros2_control_demos:/opt/ros/rolling /usr/bin/cmake --build /workspaces/trial__/build/gz_ros2_control_tests -- -j16 -l16
[20.003s] DEBUG:colcon.colcon_core.event_handler.log_command:Invoked command in '/workspaces/trial__/build/gz_ros2_control_tests' returned '0': CMAKE_PREFIX_PATH=/workspaces/trial__/install/gz_ros2_control:/workspaces/trial__/install/ur_description:/workspaces/trial__/install/gz_ros2_control_tests:/workspaces/trial__/install/gz_ros2_control_demos:/opt/ros/rolling /usr/bin/cmake --build /workspaces/trial__/build/gz_ros2_control_tests -- -j16 -l16
[20.021s] DEBUG:colcon.colcon_core.event_handler.log_command:Invoking command in '/workspaces/trial__/build/gz_ros2_control_tests': CMAKE_PREFIX_PATH=/workspaces/trial__/install/gz_ros2_control:/workspaces/trial__/install/ur_description:/workspaces/trial__/install/gz_ros2_control_tests:/workspaces/trial__/install/gz_ros2_control_demos:/opt/ros/rolling /usr/bin/cmake --install /workspaces/trial__/build/gz_ros2_control_tests
[20.030s] Level 1:colcon.colcon_core.environment:create_environment_scripts_only(gz_ros2_control_tests)
[20.031s] Level 1:colcon.colcon_core.environment:checking '/workspaces/trial__/install/gz_ros2_control_tests' for CMake module files
[20.032s] DEBUG:colcon.colcon_core.event_handler.log_command:Invoked command in '/workspaces/trial__/build/gz_ros2_control_tests' returned '0': CMAKE_PREFIX_PATH=/workspaces/trial__/install/gz_ros2_control:/workspaces/trial__/install/ur_description:/workspaces/trial__/install/gz_ros2_control_tests:/workspaces/trial__/install/gz_ros2_control_demos:/opt/ros/rolling /usr/bin/cmake --install /workspaces/trial__/build/gz_ros2_control_tests
[20.032s] Level 1:colcon.colcon_core.environment:checking '/workspaces/trial__/install/gz_ros2_control_tests' for CMake config files
[20.032s] Level 1:colcon.colcon_core.shell:create_environment_hook('gz_ros2_control_tests', 'cmake_prefix_path')
[20.033s] INFO:colcon.colcon_core.shell:Creating environment hook '/workspaces/trial__/install/gz_ros2_control_tests/share/gz_ros2_control_tests/hook/cmake_prefix_path.ps1'
[20.034s] INFO:colcon.colcon_core.shell:Creating environment descriptor '/workspaces/trial__/install/gz_ros2_control_tests/share/gz_ros2_control_tests/hook/cmake_prefix_path.dsv'
[20.034s] INFO:colcon.colcon_core.shell:Creating environment hook '/workspaces/trial__/install/gz_ros2_control_tests/share/gz_ros2_control_tests/hook/cmake_prefix_path.sh'
[20.034s] Level 1:colcon.colcon_core.environment:checking '/workspaces/trial__/install/gz_ros2_control_tests/lib'
[20.034s] Level 1:colcon.colcon_core.environment:checking '/workspaces/trial__/install/gz_ros2_control_tests/bin'
[20.034s] Level 1:colcon.colcon_core.environment:checking '/workspaces/trial__/install/gz_ros2_control_tests/lib/pkgconfig/gz_ros2_control_tests.pc'
[20.035s] Level 1:colcon.colcon_core.environment:checking '/workspaces/trial__/install/gz_ros2_control_tests/lib/python3.10/site-packages'
[20.035s] Level 1:colcon.colcon_core.environment:checking '/workspaces/trial__/install/gz_ros2_control_tests/bin'
[20.036s] INFO:colcon.colcon_core.shell:Creating package script '/workspaces/trial__/install/gz_ros2_control_tests/share/gz_ros2_control_tests/package.ps1'
[20.036s] INFO:colcon.colcon_core.shell:Creating package descriptor '/workspaces/trial__/install/gz_ros2_control_tests/share/gz_ros2_control_tests/package.dsv'
[20.037s] INFO:colcon.colcon_core.shell:Creating package script '/workspaces/trial__/install/gz_ros2_control_tests/share/gz_ros2_control_tests/package.sh'
[20.037s] INFO:colcon.colcon_core.shell:Creating package script '/workspaces/trial__/install/gz_ros2_control_tests/share/gz_ros2_control_tests/package.bash'
[20.037s] INFO:colcon.colcon_core.shell:Creating package script '/workspaces/trial__/install/gz_ros2_control_tests/share/gz_ros2_control_tests/package.zsh'
[20.037s] Level 1:colcon.colcon_core.environment:create_file_with_runtime_dependencies(/workspaces/trial__/install/gz_ros2_control_tests/share/colcon-core/packages/gz_ros2_control_tests)
[20.056s] Level 1:colcon.colcon_core.environment:create_environment_scripts_only(gz_ros2_control_tests)
[20.058s] Level 1:colcon.colcon_core.environment:checking '/workspaces/trial__/install/gz_ros2_control_tests' for CMake module files
[20.058s] Level 1:colcon.colcon_core.environment:checking '/workspaces/trial__/install/gz_ros2_control_tests' for CMake config files
[20.058s] Level 1:colcon.colcon_core.shell:create_environment_hook('gz_ros2_control_tests', 'cmake_prefix_path')
[20.059s] INFO:colcon.colcon_core.shell:Creating environment hook '/workspaces/trial__/install/gz_ros2_control_tests/share/gz_ros2_control_tests/hook/cmake_prefix_path.ps1'
[20.059s] INFO:colcon.colcon_core.shell:Creating environment descriptor '/workspaces/trial__/install/gz_ros2_control_tests/share/gz_ros2_control_tests/hook/cmake_prefix_path.dsv'
[20.060s] INFO:colcon.colcon_core.shell:Creating environment hook '/workspaces/trial__/install/gz_ros2_control_tests/share/gz_ros2_control_tests/hook/cmake_prefix_path.sh'
[20.060s] Level 1:colcon.colcon_core.environment:checking '/workspaces/trial__/install/gz_ros2_control_tests/lib'
[20.060s] Level 1:colcon.colcon_core.environment:checking '/workspaces/trial__/install/gz_ros2_control_tests/bin'
[20.060s] Level 1:colcon.colcon_core.environment:checking '/workspaces/trial__/install/gz_ros2_control_tests/lib/pkgconfig/gz_ros2_control_tests.pc'
[20.060s] Level 1:colcon.colcon_core.environment:checking '/workspaces/trial__/install/gz_ros2_control_tests/lib/python3.10/site-packages'
[20.060s] Level 1:colcon.colcon_core.environment:checking '/workspaces/trial__/install/gz_ros2_control_tests/bin'
[20.061s] INFO:colcon.colcon_core.shell:Creating package script '/workspaces/trial__/install/gz_ros2_control_tests/share/gz_ros2_control_tests/package.ps1'
[20.062s] INFO:colcon.colcon_core.shell:Creating package descriptor '/workspaces/trial__/install/gz_ros2_control_tests/share/gz_ros2_control_tests/package.dsv'
[20.062s] INFO:colcon.colcon_core.shell:Creating package script '/workspaces/trial__/install/gz_ros2_control_tests/share/gz_ros2_control_tests/package.sh'
[20.062s] INFO:colcon.colcon_core.shell:Creating package script '/workspaces/trial__/install/gz_ros2_control_tests/share/gz_ros2_control_tests/package.bash'
[20.062s] INFO:colcon.colcon_core.shell:Creating package script '/workspaces/trial__/install/gz_ros2_control_tests/share/gz_ros2_control_tests/package.zsh'
[20.063s] Level 1:colcon.colcon_core.environment:create_file_with_runtime_dependencies(/workspaces/trial__/install/gz_ros2_control_tests/share/colcon-core/packages/gz_ros2_control_tests)
[20.144s] DEBUG:colcon.colcon_core.event_handler.log_command:Invoked command in '/workspaces/trial__/build/gz_ros2_control_demos' returned '0': CMAKE_PREFIX_PATH=/workspaces/trial__/install/gz_ros2_control:/workspaces/trial__/install/ur_description:/workspaces/trial__/install/gz_ros2_control_tests:/workspaces/trial__/install/gz_ros2_control_demos:/opt/ros/rolling /usr/bin/cmake --build /workspaces/trial__/build/gz_ros2_control_demos -- -j16 -l16
[20.166s] DEBUG:colcon.colcon_core.event_handler.log_command:Invoking command in '/workspaces/trial__/build/gz_ros2_control_demos': CMAKE_PREFIX_PATH=/workspaces/trial__/install/gz_ros2_control:/workspaces/trial__/install/ur_description:/workspaces/trial__/install/gz_ros2_control_tests:/workspaces/trial__/install/gz_ros2_control_demos:/opt/ros/rolling /usr/bin/cmake --install /workspaces/trial__/build/gz_ros2_control_demos
[20.181s] Level 1:colcon.colcon_core.environment:create_environment_scripts_only(gz_ros2_control_demos)
[20.183s] Level 1:colcon.colcon_core.environment:checking '/workspaces/trial__/install/gz_ros2_control_demos' for CMake module files
[20.184s] DEBUG:colcon.colcon_core.event_handler.log_command:Invoked command in '/workspaces/trial__/build/gz_ros2_control_demos' returned '0': CMAKE_PREFIX_PATH=/workspaces/trial__/install/gz_ros2_control:/workspaces/trial__/install/ur_description:/workspaces/trial__/install/gz_ros2_control_tests:/workspaces/trial__/install/gz_ros2_control_demos:/opt/ros/rolling /usr/bin/cmake --install /workspaces/trial__/build/gz_ros2_control_demos
[20.184s] Level 1:colcon.colcon_core.environment:checking '/workspaces/trial__/install/gz_ros2_control_demos' for CMake config files
[20.184s] Level 1:colcon.colcon_core.shell:create_environment_hook('gz_ros2_control_demos', 'cmake_prefix_path')
[20.185s] INFO:colcon.colcon_core.shell:Creating environment hook '/workspaces/trial__/install/gz_ros2_control_demos/share/gz_ros2_control_demos/hook/cmake_prefix_path.ps1'
[20.185s] INFO:colcon.colcon_core.shell:Creating environment descriptor '/workspaces/trial__/install/gz_ros2_control_demos/share/gz_ros2_control_demos/hook/cmake_prefix_path.dsv'
[20.186s] INFO:colcon.colcon_core.shell:Creating environment hook '/workspaces/trial__/install/gz_ros2_control_demos/share/gz_ros2_control_demos/hook/cmake_prefix_path.sh'
[20.186s] Level 1:colcon.colcon_core.environment:checking '/workspaces/trial__/install/gz_ros2_control_demos/lib'
[20.186s] Level 1:colcon.colcon_core.environment:checking '/workspaces/trial__/install/gz_ros2_control_demos/bin'
[20.186s] Level 1:colcon.colcon_core.environment:checking '/workspaces/trial__/install/gz_ros2_control_demos/lib/pkgconfig/gz_ros2_control_demos.pc'
[20.186s] Level 1:colcon.colcon_core.environment:checking '/workspaces/trial__/install/gz_ros2_control_demos/lib/python3.10/site-packages'
[20.187s] Level 1:colcon.colcon_core.environment:checking '/workspaces/trial__/install/gz_ros2_control_demos/bin'
[20.188s] INFO:colcon.colcon_core.shell:Creating package script '/workspaces/trial__/install/gz_ros2_control_demos/share/gz_ros2_control_demos/package.ps1'
[20.188s] INFO:colcon.colcon_core.shell:Creating package descriptor '/workspaces/trial__/install/gz_ros2_control_demos/share/gz_ros2_control_demos/package.dsv'
[20.188s] INFO:colcon.colcon_core.shell:Creating package script '/workspaces/trial__/install/gz_ros2_control_demos/share/gz_ros2_control_demos/package.sh'
[20.189s] INFO:colcon.colcon_core.shell:Creating package script '/workspaces/trial__/install/gz_ros2_control_demos/share/gz_ros2_control_demos/package.bash'
[20.189s] INFO:colcon.colcon_core.shell:Creating package script '/workspaces/trial__/install/gz_ros2_control_demos/share/gz_ros2_control_demos/package.zsh'
[20.189s] Level 1:colcon.colcon_core.environment:create_file_with_runtime_dependencies(/workspaces/trial__/install/gz_ros2_control_demos/share/colcon-core/packages/gz_ros2_control_demos)
[20.213s] Level 1:colcon.colcon_core.environment:create_environment_scripts_only(gz_ros2_control_demos)
[20.214s] Level 1:colcon.colcon_core.environment:checking '/workspaces/trial__/install/gz_ros2_control_demos' for CMake module files
[20.214s] Level 1:colcon.colcon_core.environment:checking '/workspaces/trial__/install/gz_ros2_control_demos' for CMake config files
[20.214s] Level 1:colcon.colcon_core.shell:create_environment_hook('gz_ros2_control_demos', 'cmake_prefix_path')
[20.215s] INFO:colcon.colcon_core.shell:Creating environment hook '/workspaces/trial__/install/gz_ros2_control_demos/share/gz_ros2_control_demos/hook/cmake_prefix_path.ps1'
[20.216s] INFO:colcon.colcon_core.shell:Creating environment descriptor '/workspaces/trial__/install/gz_ros2_control_demos/share/gz_ros2_control_demos/hook/cmake_prefix_path.dsv'
[20.216s] INFO:colcon.colcon_core.shell:Creating environment hook '/workspaces/trial__/install/gz_ros2_control_demos/share/gz_ros2_control_demos/hook/cmake_prefix_path.sh'
[20.216s] Level 1:colcon.colcon_core.environment:checking '/workspaces/trial__/install/gz_ros2_control_demos/lib'
[20.216s] Level 1:colcon.colcon_core.environment:checking '/workspaces/trial__/install/gz_ros2_control_demos/bin'
[20.216s] Level 1:colcon.colcon_core.environment:checking '/workspaces/trial__/install/gz_ros2_control_demos/lib/pkgconfig/gz_ros2_control_demos.pc'
[20.216s] Level 1:colcon.colcon_core.environment:checking '/workspaces/trial__/install/gz_ros2_control_demos/lib/python3.10/site-packages'
[20.217s] Level 1:colcon.colcon_core.environment:checking '/workspaces/trial__/install/gz_ros2_control_demos/bin'
[20.217s] INFO:colcon.colcon_core.shell:Creating package script '/workspaces/trial__/install/gz_ros2_control_demos/share/gz_ros2_control_demos/package.ps1'
[20.218s] INFO:colcon.colcon_core.shell:Creating package descriptor '/workspaces/trial__/install/gz_ros2_control_demos/share/gz_ros2_control_demos/package.dsv'
[20.218s] INFO:colcon.colcon_core.shell:Creating package script '/workspaces/trial__/install/gz_ros2_control_demos/share/gz_ros2_control_demos/package.sh'
[20.218s] INFO:colcon.colcon_core.shell:Creating package script '/workspaces/trial__/install/gz_ros2_control_demos/share/gz_ros2_control_demos/package.bash'
[20.219s] INFO:colcon.colcon_core.shell:Creating package script '/workspaces/trial__/install/gz_ros2_control_demos/share/gz_ros2_control_demos/package.zsh'
[20.219s] Level 1:colcon.colcon_core.environment:create_file_with_runtime_dependencies(/workspaces/trial__/install/gz_ros2_control_demos/share/colcon-core/packages/gz_ros2_control_demos)
[20.219s] DEBUG:colcon.colcon_parallel_executor.executor.parallel:closing loop
[20.219s] DEBUG:colcon.colcon_parallel_executor.executor.parallel:loop closed
[20.219s] DEBUG:colcon.colcon_parallel_executor.executor.parallel:run_until_complete finished with '0'
[20.219s] DEBUG:colcon.colcon_core.event_reactor:joining thread
[20.226s] INFO:colcon.colcon_core.plugin_system:Skipping extension 'colcon_notification.desktop_notification.notify_send': Could not find 'notify-send'
[20.226s] INFO:colcon.colcon_core.plugin_system:Skipping extension 'colcon_notification.desktop_notification.terminal_notifier': Not used on non-Darwin systems
[20.226s] INFO:colcon.colcon_core.plugin_system:Skipping extension 'colcon_notification.desktop_notification.win32': Not used on non-Windows systems
[20.226s] INFO:colcon.colcon_notification.desktop_notification:Sending desktop notification using 'notify2'
[20.227s] DEBUG:colcon.colcon_notification.desktop_notification.notify2:Failed to initialize notify2: org.freedesktop.DBus.Error.Spawn.ExecFailed: /usr/bin/dbus-launch terminated abnormally without any error message
[20.228s] DEBUG:colcon.colcon_core.event_reactor:joined thread
[20.229s] INFO:colcon.colcon_core.shell:Creating prefix script '/workspaces/trial__/install/local_setup.ps1'
[20.230s] INFO:colcon.colcon_core.shell:Creating prefix util module '/workspaces/trial__/install/_local_setup_util_ps1.py'
[20.231s] INFO:colcon.colcon_core.shell:Creating prefix chain script '/workspaces/trial__/install/setup.ps1'
[20.232s] INFO:colcon.colcon_core.shell:Creating prefix script '/workspaces/trial__/install/local_setup.sh'
[20.232s] INFO:colcon.colcon_core.shell:Creating prefix util module '/workspaces/trial__/install/_local_setup_util_sh.py'
[20.233s] INFO:colcon.colcon_core.shell:Creating prefix chain script '/workspaces/trial__/install/setup.sh'
[20.234s] INFO:colcon.colcon_core.shell:Creating prefix script '/workspaces/trial__/install/local_setup.bash'
[20.234s] INFO:colcon.colcon_core.shell:Creating prefix chain script '/workspaces/trial__/install/setup.bash'
[20.235s] INFO:colcon.colcon_core.shell:Creating prefix script '/workspaces/trial__/install/local_setup.zsh'
[20.236s] INFO:colcon.colcon_core.shell:Creating prefix chain script '/workspaces/trial__/install/setup.zsh'
