[0.837s] Invoking command in '/workspaces/aprs/aprs_ws/build/vaccum_description': CMAKE_PREFIX_PATH=${CMAKE_PREFIX_PATH}:/opt/ros/humble /usr/bin/cmake --build /workspaces/aprs/aprs_ws/build/vaccum_description -- -j16 -l16
[1.120s] Invoked command in '/workspaces/aprs/aprs_ws/build/vaccum_description' returned '0': CMAKE_PREFIX_PATH=${CMAKE_PREFIX_PATH}:/opt/ros/humble /usr/bin/cmake --build /workspaces/aprs/aprs_ws/build/vaccum_description -- -j16 -l16
[1.380s] Invoking command in '/workspaces/aprs/aprs_ws/build/vaccum_description': CMAKE_PREFIX_PATH=${CMAKE_PREFIX_PATH}:/opt/ros/humble /usr/bin/cmake --install /workspaces/aprs/aprs_ws/build/vaccum_description
[1.399s] -- Install configuration: ""
[1.399s] -- Up-to-date: /workspaces/aprs/aprs_ws/install/vaccum_description/share/vaccum_description/meshes
[1.400s] -- Up-to-date: /workspaces/aprs/aprs_ws/install/vaccum_description/share/vaccum_description/meshes/VacuumGripper.stl
[1.400s] -- Up-to-date: /workspaces/aprs/aprs_ws/install/vaccum_description/share/vaccum_description/urdf
[1.400s] -- Up-to-date: /workspaces/aprs/aprs_ws/install/vaccum_description/share/vaccum_description/urdf/vaccum.urdf.xacro
[1.400s] -- Up-to-date: /workspaces/aprs/aprs_ws/install/vaccum_description/share/vaccum_description/urdf
[1.400s] -- Up-to-date: /workspaces/aprs/aprs_ws/install/vaccum_description/share/vaccum_description/urdf/vaccum.urdf.xacro
[1.400s] -- Up-to-date: /workspaces/aprs/aprs_ws/install/vaccum_description/share/vaccum_description/environment/vaccum_description.dsv
[1.400s] -- Up-to-date: /workspaces/aprs/aprs_ws/install/vaccum_description/share/vaccum_description/environment/vaccum_description.sh
[1.401s] -- Up-to-date: /workspaces/aprs/aprs_ws/install/vaccum_description/share/ament_index/resource_index/package_run_dependencies/vaccum_description
[1.401s] -- Up-to-date: /workspaces/aprs/aprs_ws/install/vaccum_description/share/ament_index/resource_index/parent_prefix_path/vaccum_description
[1.401s] -- Up-to-date: /workspaces/aprs/aprs_ws/install/vaccum_description/share/vaccum_description/environment/ament_prefix_path.sh
[1.401s] -- Up-to-date: /workspaces/aprs/aprs_ws/install/vaccum_description/share/vaccum_description/environment/ament_prefix_path.dsv
[1.401s] -- Up-to-date: /workspaces/aprs/aprs_ws/install/vaccum_description/share/vaccum_description/environment/path.sh
[1.401s] -- Up-to-date: /workspaces/aprs/aprs_ws/install/vaccum_description/share/vaccum_description/environment/path.dsv
[1.402s] -- Up-to-date: /workspaces/aprs/aprs_ws/install/vaccum_description/share/vaccum_description/local_setup.bash
[1.402s] -- Up-to-date: /workspaces/aprs/aprs_ws/install/vaccum_description/share/vaccum_description/local_setup.sh
[1.402s] -- Up-to-date: /workspaces/aprs/aprs_ws/install/vaccum_description/share/vaccum_description/local_setup.zsh
[1.402s] -- Up-to-date: /workspaces/aprs/aprs_ws/install/vaccum_description/share/vaccum_description/local_setup.dsv
[1.403s] -- Installing: /workspaces/aprs/aprs_ws/install/vaccum_description/share/vaccum_description/package.dsv
[1.403s] -- Up-to-date: /workspaces/aprs/aprs_ws/install/vaccum_description/share/ament_index/resource_index/packages/vaccum_description
[1.403s] -- Up-to-date: /workspaces/aprs/aprs_ws/install/vaccum_description/share/vaccum_description/cmake/vaccum_descriptionConfig.cmake
[1.403s] -- Up-to-date: /workspaces/aprs/aprs_ws/install/vaccum_description/share/vaccum_description/cmake/vaccum_descriptionConfig-version.cmake
[1.404s] -- Up-to-date: /workspaces/aprs/aprs_ws/install/vaccum_description/share/vaccum_description/package.xml
[1.769s] Invoked command in '/workspaces/aprs/aprs_ws/build/vaccum_description' returned '0': CMAKE_PREFIX_PATH=${CMAKE_PREFIX_PATH}:/opt/ros/humble /usr/bin/cmake --install /workspaces/aprs/aprs_ws/build/vaccum_description
