-- Found ament_cmake: 2.2.1 (/opt/ros/rolling/share/ament_cmake/cmake)
-- Found ament_index_cpp: 1.6.0 (/opt/ros/rolling/share/ament_index_cpp/cmake)
-- Found controller_manager: 3.16.0 (/opt/ros/rolling/share/controller_manager/cmake)
-- Found rosidl_generator_c: 4.3.0 (/opt/ros/rolling/share/rosidl_generator_c/cmake)
-- Found rosidl_generator_cpp: 4.3.0 (/opt/ros/rolling/share/rosidl_generator_cpp/cmake)
-- Using all available rosidl_typesupport_c: rosidl_typesupport_fastrtps_c;rosidl_typesupport_introspection_c
-- Using all available rosidl_typesupport_cpp: rosidl_typesupport_fastrtps_cpp;rosidl_typesupport_introspection_cpp
-- Found rmw_implementation_cmake: 7.2.1 (/opt/ros/rolling/share/rmw_implementation_cmake/cmake)
-- Found rmw_fastrtps_cpp: 7.3.0 (/opt/ros/rolling/share/rmw_fastrtps_cpp/cmake)
-- Using RMW implementation 'rmw_fastrtps_cpp' as default
-- Found yaml_cpp_vendor: 8.3.0 (/opt/ros/rolling/share/yaml_cpp_vendor/cmake)
-- Setting yaml-cpp_DIR to: '/opt/ros/rolling/share/yaml_cpp_vendor/cmake/../../../opt/yaml_cpp_vendor/share/cmake/yaml-cpp'
-- Looking for ignition-gazebo6 -- found version 6.14.0
-- Searching for dependencies of ignition-gazebo6
-- Looking for sdformat12 -- found version 12.7.1
-- Searching for dependencies of sdformat12
-- Looking for ignition-math6 -- found version 6.14.0
-- Searching for dependencies of ignition-math6
-- Looking for ignition-utils1 -- found version 1.5.1
-- Searching for dependencies of ignition-utils1
-- Looking for ignition-plugin1 -- found version 1.4.0
-- Searching for dependencies of ignition-plugin1
-- Searching for <ignition-plugin1> component [loader]
-- Looking for ignition-plugin1-loader -- found version 1.4.0
-- Searching for dependencies of ignition-plugin1-loader
-- Searching for <ignition-plugin1> component [register]
-- Looking for ignition-plugin1-register -- found version 1.4.0
-- Searching for dependencies of ignition-plugin1-register
-- Looking for ignition-transport11 -- found version 11.4.0
-- Searching for dependencies of ignition-transport11
-- Config-file not installed for ZeroMQ -- checking for pkg-config
-- Checking for module 'libzmq >= 4'
--   Found libzmq , version 4.3.4
-- Checking for module 'uuid'
--   Found uuid, version 2.37.2
-- Looking for ignition-utils1 -- found version 1.5.1
-- Searching for dependencies of ignition-utils1
-- Searching for <ignition-utils1> component [cli]
-- Looking for ignition-utils1-cli -- found version 1.5.1
-- Searching for dependencies of ignition-utils1-cli
-- Looking for ignition-msgs8 -- found version 8.7.0
-- Searching for dependencies of ignition-msgs8
-- Looking for ignition-math6 -- found version 6.14.0
-- Searching for <ignition-transport11> component [log]
-- Looking for ignition-transport11-log -- found version 11.4.0
-- Searching for dependencies of ignition-transport11-log
-- Searching for <ignition-transport11> component [parameters]
-- Looking for ignition-transport11-parameters -- found version 11.4.0
-- Searching for dependencies of ignition-transport11-parameters
-- Looking for ignition-msgs8 -- found version 8.7.0
-- Looking for ignition-common4 -- found version 4.7.0
-- Searching for dependencies of ignition-common4
-- Looking for dlfcn.h - found
-- Looking for libdl - found
-- Searching for <ignition-common4> component [profiler]
-- Looking for ignition-common4-profiler -- found version 4.7.0
-- Searching for dependencies of ignition-common4-profiler
-- Searching for <ignition-common4> component [events]
-- Looking for ignition-common4-events -- found version 4.7.0
-- Searching for dependencies of ignition-common4-events
-- Looking for ignition-math6 -- found version 6.14.0
-- Searching for <ignition-common4> component [av]
-- Looking for ignition-common4-av -- found version 4.7.0
-- Searching for dependencies of ignition-common4-av
-- Checking for module 'libswscale'
--   Found libswscale, version 5.9.100
-- Checking for module 'libavdevice >= 56.4.100'
--   Found libavdevice , version 58.13.100
-- Checking for module 'libavformat'
--   Found libavformat, version 58.76.100
-- Checking for module 'libavcodec'
--   Found libavcodec, version 58.134.100
-- Checking for module 'libavutil'
--   Found libavutil, version 56.70.100
-- Looking for ignition-fuel_tools7 -- found version 7.3.0
-- Searching for dependencies of ignition-fuel_tools7
-- Checking for module 'jsoncpp'
--   Found jsoncpp, version 1.9.5
-- Checking for module 'yaml-0.1'
--   Found yaml-0.1, version 0.2.2
-- Checking for module 'libzip'
--   Found libzip, version 1.7.3
-- Looking for ignition-common4 -- found version 4.7.0
-- Looking for ignition-math6 -- found version 6.14.0
-- Looking for ignition-msgs8 -- found version 8.7.0
-- Looking for ignition-gui6 -- found version 6.8.0
-- Searching for dependencies of ignition-gui6
-- Looking for ignition-math6 -- found version 6.14.0
-- Looking for ignition-common4 -- found version 4.7.0
-- Looking for ignition-plugin1 -- found version 1.4.0
-- Looking for ignition-transport11 -- found version 11.4.0
-- Looking for ignition-rendering6 -- found version 6.6.0
-- Searching for dependencies of ignition-rendering6
-- Looking for ignition-math6 -- found version 6.14.0
-- Searching for dependencies of ignition-math6
-- Searching for <ignition-math6> component [eigen3]
-- Looking for ignition-math6-eigen3 -- found version 6.14.0
-- Searching for dependencies of ignition-math6-eigen3
-- Looking for ignition-common4 -- found version 4.7.0
-- Searching for dependencies of ignition-common4
-- Looking for dlfcn.h - found
-- Looking for libdl - found
-- Searching for <ignition-common4> component [graphics]
-- Looking for ignition-common4-graphics -- found version 4.7.0
-- Searching for dependencies of ignition-common4-graphics
-- Looking for ignition-math6 -- found version 6.14.0
-- Looking for ignition-utils1 -- found version 1.5.1
-- Searching for <ignition-common4> component [events]
-- Looking for ignition-plugin1 -- found version 1.4.0
-- Searching for dependencies of ignition-plugin1
-- Searching for <ignition-plugin1> component [all]
-- Looking for all libraries of ignition-plugin1 -- found version 1.4.0
-- Looking for ignition-plugin1 -- found version 1.4.0
-- Looking for ignition-msgs8 -- found version 8.7.0
-- Looking for ignition-physics5 -- found version 5.3.1
-- Searching for dependencies of ignition-physics5
-- Looking for ignition-math6 -- found version 6.14.0
-- Looking for ignition-plugin1 -- found version 1.4.0
-- Looking for ignition-utils1 -- found version 1.5.1
-- Searching for <ignition-physics5> component [heightmap]
-- Looking for ignition-physics5-heightmap -- found version 5.3.1
-- Searching for dependencies of ignition-physics5-heightmap
-- Looking for ignition-common4 -- found version 4.7.0
-- Searching for <ignition-physics5> component [mesh]
-- Looking for ignition-physics5-mesh -- found version 5.3.1
-- Searching for dependencies of ignition-physics5-mesh
-- Looking for ignition-common4 -- found version 4.7.0
-- Searching for <ignition-physics5> component [sdf]
-- Looking for ignition-physics5-sdf -- found version 5.3.1
-- Searching for dependencies of ignition-physics5-sdf
-- Looking for sdformat12 -- found version 12.7.1
-- Looking for ignition-sensors6 -- found version 6.7.0
-- Searching for dependencies of ignition-sensors6
-- Looking for ignition-math6 -- found version 6.14.0
-- Looking for ignition-common4 -- found version 4.7.0
-- Looking for ignition-transport11 -- found version 11.4.0
-- Looking for ignition-rendering6 -- found version 6.6.0
-- Looking for ignition-msgs8 -- found version 8.7.0
-- Looking for sdformat12 -- found version 12.7.1
-- Searching for <ignition-sensors6> component [air_pressure]
-- Looking for ignition-sensors6-air_pressure -- found version 6.7.0
-- Searching for dependencies of ignition-sensors6-air_pressure
-- Searching for <ignition-sensors6> component [altimeter]
-- Looking for ignition-sensors6-altimeter -- found version 6.7.0
-- Searching for dependencies of ignition-sensors6-altimeter
-- Searching for <ignition-sensors6> component [imu]
-- Looking for ignition-sensors6-imu -- found version 6.7.0
-- Searching for dependencies of ignition-sensors6-imu
-- Searching for <ignition-sensors6> component [force_torque]
-- Looking for ignition-sensors6-force_torque -- found version 6.7.0
-- Searching for dependencies of ignition-sensors6-force_torque
-- Searching for <ignition-sensors6> component [logical_camera]
-- Looking for ignition-sensors6-logical_camera -- found version 6.7.0
-- Searching for dependencies of ignition-sensors6-logical_camera
-- Searching for <ignition-sensors6> component [magnetometer]
-- Looking for ignition-sensors6-magnetometer -- found version 6.7.0
-- Searching for dependencies of ignition-sensors6-magnetometer
-- Searching for <ignition-sensors6> component [navsat]
-- Looking for ignition-sensors6-navsat -- found version 6.7.0
-- Searching for dependencies of ignition-sensors6-navsat
-- Searching for <ignition-sensors6> component [rendering]
-- Looking for ignition-sensors6-rendering -- found version 6.7.0
-- Searching for dependencies of ignition-sensors6-rendering
-- Searching for <ignition-sensors6> component [lidar]
-- Looking for ignition-sensors6-lidar -- found version 6.7.0
-- Searching for dependencies of ignition-sensors6-lidar
-- Looking for ignition-sensors6 -- found version 6.7.0
-- Searching for <ignition-sensors6> component [gpu_lidar]
-- Looking for ignition-sensors6-gpu_lidar -- found version 6.7.0
-- Searching for dependencies of ignition-sensors6-gpu_lidar
-- Looking for ignition-sensors6 -- found version 6.7.0
-- Searching for <ignition-sensors6> component [camera]
-- Looking for ignition-sensors6-camera -- found version 6.7.0
-- Searching for dependencies of ignition-sensors6-camera
-- Looking for ignition-sensors6 -- found version 6.7.0
-- Searching for <ignition-sensors6> component [boundingbox_camera]
-- Looking for ignition-sensors6-boundingbox_camera -- found version 6.7.0
-- Searching for dependencies of ignition-sensors6-boundingbox_camera
-- Searching for <ignition-sensors6> component [segmentation_camera]
-- Looking for ignition-sensors6-segmentation_camera -- found version 6.7.0
-- Searching for dependencies of ignition-sensors6-segmentation_camera
-- Searching for <ignition-sensors6> component [depth_camera]
-- Looking for ignition-sensors6-depth_camera -- found version 6.7.0
-- Searching for dependencies of ignition-sensors6-depth_camera
-- Looking for ignition-sensors6 -- found version 6.7.0
-- Searching for <ignition-sensors6> component [rgbd_camera]
-- Looking for ignition-sensors6-rgbd_camera -- found version 6.7.0
-- Searching for dependencies of ignition-sensors6-rgbd_camera
-- Looking for ignition-sensors6 -- found version 6.7.0
-- Searching for <ignition-sensors6> component [thermal_camera]
-- Looking for ignition-sensors6-thermal_camera -- found version 6.7.0
-- Searching for dependencies of ignition-sensors6-thermal_camera
-- Looking for ignition-sensors6 -- found version 6.7.0
-- Looking for ignition-rendering6 -- found version 6.6.0
-- Looking for ignition-math6 -- found version 6.14.0
-- Looking for ignition-utils1 -- found version 1.5.1
-- Compiling against Gazebo Fortress
-- Looking for ignition-plugin1 -- found version 1.4.0
-- Found ament_lint_auto: 0.15.2 (/opt/ros/rolling/share/ament_lint_auto/cmake)
-- Added test 'copyright' to check source files copyright and LICENSE
-- Added test 'cppcheck' to perform static code analysis on C / C++ code
-- Configured cppcheck include dirs: /workspaces/aprs/aprs_ws/src/gz_ros2_control/include
-- Configured cppcheck exclude dirs and/or files: 
-- Added test 'cpplint' to check C / C++ code against the Google style
-- Configured cpplint exclude dirs and/or files: 
-- Added test 'lint_cmake' to check CMake code style
-- Added test 'uncrustify' to check C / C++ code style
-- Configured uncrustify additional arguments: 
-- Added test 'xmllint' to check XML markup files
-- Configuring done
-- Generating done
-- Build files have been written to: /workspaces/aprs/aprs_ws/build/gz_ros2_control
[35m[1mConsolidate compiler generated dependencies of target gz_hardware_plugins[0m
[35m[1mConsolidate compiler generated dependencies of target gz_ros2_control-system[0m
[ 50%] [32mBuilding CXX object CMakeFiles/gz_ros2_control-system.dir/src/gz_ros2_control_plugin.cpp.o[0m
[ 50%] [32mBuilding CXX object CMakeFiles/gz_hardware_plugins.dir/src/gz_system.cpp.o[0m
[ 75%] [32m[1mLinking CXX shared library libgz_hardware_plugins.so[0m
[ 75%] Built target gz_hardware_plugins
[100%] [32m[1mLinking CXX shared library libgz_ros2_control-system.so[0m
[100%] Built target gz_ros2_control-system
-- Install configuration: ""
-- Installing: /workspaces/aprs/aprs_ws/install/gz_ros2_control/lib/libgz_hardware_plugins.so
-- Set runtime path of "/workspaces/aprs/aprs_ws/install/gz_ros2_control/lib/libgz_hardware_plugins.so" to ""
-- Up-to-date: /workspaces/aprs/aprs_ws/install/gz_ros2_control/include/include
-- Up-to-date: /workspaces/aprs/aprs_ws/install/gz_ros2_control/include/include/gz_ros2_control
-- Up-to-date: /workspaces/aprs/aprs_ws/install/gz_ros2_control/include/include/gz_ros2_control/gz_ros2_control_plugin.hpp
-- Up-to-date: /workspaces/aprs/aprs_ws/install/gz_ros2_control/include/include/gz_ros2_control/gz_system.hpp
-- Up-to-date: /workspaces/aprs/aprs_ws/install/gz_ros2_control/include/include/gz_ros2_control/gz_system_interface.hpp
-- Up-to-date: /workspaces/aprs/aprs_ws/install/gz_ros2_control/share/gz_ros2_control/environment/library_path.sh
-- Up-to-date: /workspaces/aprs/aprs_ws/install/gz_ros2_control/share/gz_ros2_control/environment/library_path.dsv
-- Installing: /workspaces/aprs/aprs_ws/install/gz_ros2_control/lib/libgz_ros2_control-system.so
-- Set runtime path of "/workspaces/aprs/aprs_ws/install/gz_ros2_control/lib/libgz_ros2_control-system.so" to ""
-- Up-to-date: /workspaces/aprs/aprs_ws/install/gz_ros2_control/share/gz_ros2_control/gz_hardware_plugins.xml
-- Up-to-date: /workspaces/aprs/aprs_ws/install/gz_ros2_control/share/gz_ros2_control/environment/gz_ros2_control.dsv
-- Up-to-date: /workspaces/aprs/aprs_ws/install/gz_ros2_control/share/gz_ros2_control/environment/gz_ros2_control.sh
-- Installing: /workspaces/aprs/aprs_ws/install/gz_ros2_control/share/ament_index/resource_index/package_run_dependencies/gz_ros2_control
-- Up-to-date: /workspaces/aprs/aprs_ws/install/gz_ros2_control/share/ament_index/resource_index/parent_prefix_path/gz_ros2_control
-- Up-to-date: /workspaces/aprs/aprs_ws/install/gz_ros2_control/share/gz_ros2_control/environment/ament_prefix_path.sh
-- Up-to-date: /workspaces/aprs/aprs_ws/install/gz_ros2_control/share/gz_ros2_control/environment/ament_prefix_path.dsv
-- Up-to-date: /workspaces/aprs/aprs_ws/install/gz_ros2_control/share/gz_ros2_control/environment/path.sh
-- Up-to-date: /workspaces/aprs/aprs_ws/install/gz_ros2_control/share/gz_ros2_control/environment/path.dsv
-- Up-to-date: /workspaces/aprs/aprs_ws/install/gz_ros2_control/share/gz_ros2_control/local_setup.bash
-- Up-to-date: /workspaces/aprs/aprs_ws/install/gz_ros2_control/share/gz_ros2_control/local_setup.sh
-- Up-to-date: /workspaces/aprs/aprs_ws/install/gz_ros2_control/share/gz_ros2_control/local_setup.zsh
-- Up-to-date: /workspaces/aprs/aprs_ws/install/gz_ros2_control/share/gz_ros2_control/local_setup.dsv
-- Installing: /workspaces/aprs/aprs_ws/install/gz_ros2_control/share/gz_ros2_control/package.dsv
-- Up-to-date: /workspaces/aprs/aprs_ws/install/gz_ros2_control/share/ament_index/resource_index/packages/gz_ros2_control
-- Up-to-date: /workspaces/aprs/aprs_ws/install/gz_ros2_control/share/ament_index/resource_index/gz_ros2_control__pluginlib__plugin/gz_ros2_control
-- Up-to-date: /workspaces/aprs/aprs_ws/install/gz_ros2_control/share/gz_ros2_control/cmake/ament_cmake_export_include_directories-extras.cmake
-- Up-to-date: /workspaces/aprs/aprs_ws/install/gz_ros2_control/share/gz_ros2_control/cmake/ament_cmake_export_libraries-extras.cmake
-- Up-to-date: /workspaces/aprs/aprs_ws/install/gz_ros2_control/share/gz_ros2_control/cmake/gz_ros2_controlConfig.cmake
-- Up-to-date: /workspaces/aprs/aprs_ws/install/gz_ros2_control/share/gz_ros2_control/cmake/gz_ros2_controlConfig-version.cmake
-- Up-to-date: /workspaces/aprs/aprs_ws/install/gz_ros2_control/share/gz_ros2_control/package.xml
