[0.006s] Invoking command in '/workspaces/aprs/aprs_ws/build/panda_moveit_config': AMENT_PREFIX_PATH=/workspaces/aprs/aprs_ws/install/panda_description:${AMENT_PREFIX_PATH} CMAKE_PREFIX_PATH=/workspaces/aprs/aprs_ws/install/panda_description:/workspaces/aprs/aprs_ws/install/ur_setup:/workspaces/aprs/aprs_ws/install/ur_moveit_config:/workspaces/aprs/aprs_ws/install/ur_gz:/workspaces/aprs/aprs_ws/install/ur_description:/workspaces/aprs/aprs_ws/install/moveit_resources_fanuc_moveit_config:/workspaces/aprs/aprs_ws/install/moveit_resources_fanuc_description:/workspaces/aprs/aprs_ws/install/gz_ros2_control_tests:/workspaces/aprs/aprs_ws/install/gz_ros2_control_demos:/workspaces/aprs/aprs_ws/install/franka_gz:/workspaces/aprs/aprs_ws/install/gz_ros2_control:/workspaces/aprs/aprs_ws/install/franka_moveit_config:/workspaces/aprs/aprs_ws/install/franka_description:/opt/ros/rolling /usr/bin/cmake /workspaces/aprs/aprs_ws/src/panda_moveit_config -DCMAKE_INSTALL_PREFIX=/workspaces/aprs/aprs_ws/install/panda_moveit_config
[0.041s] -- The C compiler identification is GNU 11.3.0
[0.077s] -- The CXX compiler identification is GNU 11.3.0
[0.081s] -- Detecting C compiler ABI info
[0.126s] -- Detecting C compiler ABI info - done
[0.131s] -- Check for working C compiler: /usr/bin/cc - skipped
[0.131s] -- Detecting C compile features
[0.131s] -- Detecting C compile features - done
[0.133s] -- Detecting CXX compiler ABI info
[0.182s] -- Detecting CXX compiler ABI info - done
[0.187s] -- Check for working CXX compiler: /usr/bin/c++ - skipped
[0.187s] -- Detecting CXX compile features
[0.187s] -- Detecting CXX compile features - done
[0.190s] -- Found ament_cmake: 2.2.1 (/opt/ros/rolling/share/ament_cmake/cmake)
[0.304s] -- Found Python3: /usr/bin/python3.10 (found version "3.10.6") found components: Interpreter 
[0.374s] -- Found panda_description: 3.0.0 (/workspaces/aprs/aprs_ws/install/panda_description/share/panda_description/cmake)
[0.414s] -- Configuring done
[0.417s] -- Generating done
[0.418s] -- Build files have been written to: /workspaces/aprs/aprs_ws/build/panda_moveit_config
[0.421s] Invoked command in '/workspaces/aprs/aprs_ws/build/panda_moveit_config' returned '0': AMENT_PREFIX_PATH=/workspaces/aprs/aprs_ws/install/panda_description:${AMENT_PREFIX_PATH} CMAKE_PREFIX_PATH=/workspaces/aprs/aprs_ws/install/panda_description:/workspaces/aprs/aprs_ws/install/ur_setup:/workspaces/aprs/aprs_ws/install/ur_moveit_config:/workspaces/aprs/aprs_ws/install/ur_gz:/workspaces/aprs/aprs_ws/install/ur_description:/workspaces/aprs/aprs_ws/install/moveit_resources_fanuc_moveit_config:/workspaces/aprs/aprs_ws/install/moveit_resources_fanuc_description:/workspaces/aprs/aprs_ws/install/gz_ros2_control_tests:/workspaces/aprs/aprs_ws/install/gz_ros2_control_demos:/workspaces/aprs/aprs_ws/install/franka_gz:/workspaces/aprs/aprs_ws/install/gz_ros2_control:/workspaces/aprs/aprs_ws/install/franka_moveit_config:/workspaces/aprs/aprs_ws/install/franka_description:/opt/ros/rolling /usr/bin/cmake /workspaces/aprs/aprs_ws/src/panda_moveit_config -DCMAKE_INSTALL_PREFIX=/workspaces/aprs/aprs_ws/install/panda_moveit_config
[0.422s] Invoking command in '/workspaces/aprs/aprs_ws/build/panda_moveit_config': AMENT_PREFIX_PATH=/workspaces/aprs/aprs_ws/install/panda_description:${AMENT_PREFIX_PATH} CMAKE_PREFIX_PATH=/workspaces/aprs/aprs_ws/install/panda_description:/workspaces/aprs/aprs_ws/install/ur_setup:/workspaces/aprs/aprs_ws/install/ur_moveit_config:/workspaces/aprs/aprs_ws/install/ur_gz:/workspaces/aprs/aprs_ws/install/ur_description:/workspaces/aprs/aprs_ws/install/moveit_resources_fanuc_moveit_config:/workspaces/aprs/aprs_ws/install/moveit_resources_fanuc_description:/workspaces/aprs/aprs_ws/install/gz_ros2_control_tests:/workspaces/aprs/aprs_ws/install/gz_ros2_control_demos:/workspaces/aprs/aprs_ws/install/franka_gz:/workspaces/aprs/aprs_ws/install/gz_ros2_control:/workspaces/aprs/aprs_ws/install/franka_moveit_config:/workspaces/aprs/aprs_ws/install/franka_description:/opt/ros/rolling /usr/bin/cmake --build /workspaces/aprs/aprs_ws/build/panda_moveit_config -- -j16 -l16
[0.444s] Invoked command in '/workspaces/aprs/aprs_ws/build/panda_moveit_config' returned '0': AMENT_PREFIX_PATH=/workspaces/aprs/aprs_ws/install/panda_description:${AMENT_PREFIX_PATH} CMAKE_PREFIX_PATH=/workspaces/aprs/aprs_ws/install/panda_description:/workspaces/aprs/aprs_ws/install/ur_setup:/workspaces/aprs/aprs_ws/install/ur_moveit_config:/workspaces/aprs/aprs_ws/install/ur_gz:/workspaces/aprs/aprs_ws/install/ur_description:/workspaces/aprs/aprs_ws/install/moveit_resources_fanuc_moveit_config:/workspaces/aprs/aprs_ws/install/moveit_resources_fanuc_description:/workspaces/aprs/aprs_ws/install/gz_ros2_control_tests:/workspaces/aprs/aprs_ws/install/gz_ros2_control_demos:/workspaces/aprs/aprs_ws/install/franka_gz:/workspaces/aprs/aprs_ws/install/gz_ros2_control:/workspaces/aprs/aprs_ws/install/franka_moveit_config:/workspaces/aprs/aprs_ws/install/franka_description:/opt/ros/rolling /usr/bin/cmake --build /workspaces/aprs/aprs_ws/build/panda_moveit_config -- -j16 -l16
[0.457s] Invoking command in '/workspaces/aprs/aprs_ws/build/panda_moveit_config': AMENT_PREFIX_PATH=/workspaces/aprs/aprs_ws/install/panda_description:${AMENT_PREFIX_PATH} CMAKE_PREFIX_PATH=/workspaces/aprs/aprs_ws/install/panda_description:/workspaces/aprs/aprs_ws/install/ur_setup:/workspaces/aprs/aprs_ws/install/ur_moveit_config:/workspaces/aprs/aprs_ws/install/ur_gz:/workspaces/aprs/aprs_ws/install/ur_description:/workspaces/aprs/aprs_ws/install/moveit_resources_fanuc_moveit_config:/workspaces/aprs/aprs_ws/install/moveit_resources_fanuc_description:/workspaces/aprs/aprs_ws/install/gz_ros2_control_tests:/workspaces/aprs/aprs_ws/install/gz_ros2_control_demos:/workspaces/aprs/aprs_ws/install/franka_gz:/workspaces/aprs/aprs_ws/install/gz_ros2_control:/workspaces/aprs/aprs_ws/install/franka_moveit_config:/workspaces/aprs/aprs_ws/install/franka_description:/opt/ros/rolling /usr/bin/cmake --install /workspaces/aprs/aprs_ws/build/panda_moveit_config
[0.461s] -- Install configuration: ""
[0.461s] -- Installing: /workspaces/aprs/aprs_ws/install/panda_moveit_config/share/panda_moveit_config/config
[0.461s] -- Installing: /workspaces/aprs/aprs_ws/install/panda_moveit_config/share/panda_moveit_config/config/kinematics.yaml
[0.461s] -- Installing: /workspaces/aprs/aprs_ws/install/panda_moveit_config/share/panda_moveit_config/config/controllers_velocity.yaml
[0.461s] -- Installing: /workspaces/aprs/aprs_ws/install/panda_moveit_config/share/panda_moveit_config/config/moveit_controller_manager.yaml
[0.461s] -- Installing: /workspaces/aprs/aprs_ws/install/panda_moveit_config/share/panda_moveit_config/config/controllers_position,velocity.yaml
[0.461s] -- Installing: /workspaces/aprs/aprs_ws/install/panda_moveit_config/share/panda_moveit_config/config/joint_limits.yaml
[0.461s] -- Installing: /workspaces/aprs/aprs_ws/install/panda_moveit_config/share/panda_moveit_config/config/controllers_position.yaml
[0.462s] -- Installing: /workspaces/aprs/aprs_ws/install/panda_moveit_config/share/panda_moveit_config/config/servo.yaml
[0.462s] -- Installing: /workspaces/aprs/aprs_ws/install/panda_moveit_config/share/panda_moveit_config/config/controllers_effort.yaml
[0.462s] -- Installing: /workspaces/aprs/aprs_ws/install/panda_moveit_config/share/panda_moveit_config/config/ompl_planning.yaml
[0.462s] -- Installing: /workspaces/aprs/aprs_ws/install/panda_moveit_config/share/panda_moveit_config/launch
[0.462s] -- Installing: /workspaces/aprs/aprs_ws/install/panda_moveit_config/share/panda_moveit_config/launch/move_group.launch.py
[0.462s] -- Installing: /workspaces/aprs/aprs_ws/install/panda_moveit_config/share/panda_moveit_config/rviz
[0.462s] -- Installing: /workspaces/aprs/aprs_ws/install/panda_moveit_config/share/panda_moveit_config/rviz/moveit.rviz
[0.462s] -- Installing: /workspaces/aprs/aprs_ws/install/panda_moveit_config/share/panda_moveit_config/srdf
[0.462s] -- Installing: /workspaces/aprs/aprs_ws/install/panda_moveit_config/share/panda_moveit_config/srdf/panda_gripper.xacro
[0.462s] -- Installing: /workspaces/aprs/aprs_ws/install/panda_moveit_config/share/panda_moveit_config/srdf/panda.srdf
[0.462s] -- Installing: /workspaces/aprs/aprs_ws/install/panda_moveit_config/share/panda_moveit_config/srdf/panda.srdf.xacro
[0.462s] -- Installing: /workspaces/aprs/aprs_ws/install/panda_moveit_config/share/panda_moveit_config/srdf/panda_arm.xacro
[0.462s] -- Installing: /workspaces/aprs/aprs_ws/install/panda_moveit_config/share/ament_index/resource_index/package_run_dependencies/panda_moveit_config
[0.462s] -- Installing: /workspaces/aprs/aprs_ws/install/panda_moveit_config/share/ament_index/resource_index/parent_prefix_path/panda_moveit_config
[0.462s] -- Installing: /workspaces/aprs/aprs_ws/install/panda_moveit_config/share/panda_moveit_config/environment/ament_prefix_path.sh
[0.462s] -- Installing: /workspaces/aprs/aprs_ws/install/panda_moveit_config/share/panda_moveit_config/environment/ament_prefix_path.dsv
[0.462s] -- Installing: /workspaces/aprs/aprs_ws/install/panda_moveit_config/share/panda_moveit_config/environment/path.sh
[0.463s] -- Installing: /workspaces/aprs/aprs_ws/install/panda_moveit_config/share/panda_moveit_config/environment/path.dsv
[0.463s] -- Installing: /workspaces/aprs/aprs_ws/install/panda_moveit_config/share/panda_moveit_config/local_setup.bash
[0.463s] -- Installing: /workspaces/aprs/aprs_ws/install/panda_moveit_config/share/panda_moveit_config/local_setup.sh
[0.463s] -- Installing: /workspaces/aprs/aprs_ws/install/panda_moveit_config/share/panda_moveit_config/local_setup.zsh
[0.463s] -- Installing: /workspaces/aprs/aprs_ws/install/panda_moveit_config/share/panda_moveit_config/local_setup.dsv
[0.463s] -- Installing: /workspaces/aprs/aprs_ws/install/panda_moveit_config/share/panda_moveit_config/package.dsv
[0.463s] -- Installing: /workspaces/aprs/aprs_ws/install/panda_moveit_config/share/ament_index/resource_index/packages/panda_moveit_config
[0.463s] -- Installing: /workspaces/aprs/aprs_ws/install/panda_moveit_config/share/panda_moveit_config/cmake/panda_moveit_configConfig.cmake
[0.463s] -- Installing: /workspaces/aprs/aprs_ws/install/panda_moveit_config/share/panda_moveit_config/cmake/panda_moveit_configConfig-version.cmake
[0.463s] -- Installing: /workspaces/aprs/aprs_ws/install/panda_moveit_config/share/panda_moveit_config/package.xml
[0.465s] Invoked command in '/workspaces/aprs/aprs_ws/build/panda_moveit_config' returned '0': AMENT_PREFIX_PATH=/workspaces/aprs/aprs_ws/install/panda_description:${AMENT_PREFIX_PATH} CMAKE_PREFIX_PATH=/workspaces/aprs/aprs_ws/install/panda_description:/workspaces/aprs/aprs_ws/install/ur_setup:/workspaces/aprs/aprs_ws/install/ur_moveit_config:/workspaces/aprs/aprs_ws/install/ur_gz:/workspaces/aprs/aprs_ws/install/ur_description:/workspaces/aprs/aprs_ws/install/moveit_resources_fanuc_moveit_config:/workspaces/aprs/aprs_ws/install/moveit_resources_fanuc_description:/workspaces/aprs/aprs_ws/install/gz_ros2_control_tests:/workspaces/aprs/aprs_ws/install/gz_ros2_control_demos:/workspaces/aprs/aprs_ws/install/franka_gz:/workspaces/aprs/aprs_ws/install/gz_ros2_control:/workspaces/aprs/aprs_ws/install/franka_moveit_config:/workspaces/aprs/aprs_ws/install/franka_description:/opt/ros/rolling /usr/bin/cmake --install /workspaces/aprs/aprs_ws/build/panda_moveit_config
