-- The C compiler identification is GNU 11.4.0
-- The CXX compiler identification is GNU 11.4.0
-- Detecting C compiler ABI info
-- Detecting C compiler ABI info - done
-- Check for working C compiler: /usr/bin/cc - skipped
-- Detecting C compile features
-- Detecting C compile features - done
-- Detecting CXX compiler ABI info
-- Detecting CXX compiler ABI info - done
-- Check for working CXX compiler: /usr/bin/c++ - skipped
-- Detecting CXX compile features
[0mur_client_library: You did not request a specific build type: selecting 'RelWithDebInfo'.[0m
-- Detecting CXX compile features - done
-- Performing C++17 Test
-- Performing Test COMPILER_SUPPORTS_CXX17
-- Performing Test COMPILER_SUPPORTS_CXX17 - Success
-- Looking for pthread.h
-- Looking for pthread.h - found
-- Performing Test CMAKE_HAVE_LIBC_PTHREAD
-- Performing Test CMAKE_HAVE_LIBC_PTHREAD - Success
-- Found Threads: TRUE  
-- Building tests disabled.
-- Configuring done
-- Generating done
[33mCMake Warning:
  Manually-specified variables were not used by the project:

    BUILD_TESTING

[0m
-- Build files have been written to: /workspaces/aprs/aprs_ws/build/ur_client_library
[  2%] [32mBuilding CXX object CMakeFiles/urcl.dir/src/control/reverse_interface.cpp.o[0m
[  4%] [32mBuilding CXX object CMakeFiles/urcl.dir/src/comm/tcp_socket.cpp.o[0m
[  8%] [32mBuilding CXX object CMakeFiles/urcl.dir/src/control/script_sender.cpp.o[0m
[  8%] [32mBuilding CXX object CMakeFiles/urcl.dir/src/comm/tcp_server.cpp.o[0m
[ 10%] [32mBuilding CXX object CMakeFiles/urcl.dir/src/control/script_command_interface.cpp.o[0m
[ 12%] [32mBuilding CXX object CMakeFiles/urcl.dir/src/control/trajectory_point_interface.cpp.o[0m
[ 14%] [32mBuilding CXX object CMakeFiles/urcl.dir/src/primary/robot_message.cpp.o[0m
[ 16%] [32mBuilding CXX object CMakeFiles/urcl.dir/src/primary/robot_state.cpp.o[0m
[ 20%] [32mBuilding CXX object CMakeFiles/urcl.dir/src/primary/robot_state/kinematics_info.cpp.o[0m
[ 20%] [32mBuilding CXX object CMakeFiles/urcl.dir/src/primary/robot_message/version_message.cpp.o[0m
[ 22%] [32mBuilding CXX object CMakeFiles/urcl.dir/src/primary/primary_package.cpp.o[0m
[ 24%] [32mBuilding CXX object CMakeFiles/urcl.dir/src/rtde/control_package_pause.cpp.o[0m
[ 26%] [32mBuilding CXX object CMakeFiles/urcl.dir/src/rtde/data_package.cpp.o[0m
[ 28%] [32mBuilding CXX object CMakeFiles/urcl.dir/src/rtde/control_package_setup_outputs.cpp.o[0m
[ 32%] [32mBuilding CXX object CMakeFiles/urcl.dir/src/rtde/control_package_setup_inputs.cpp.o[0m
[ 32%] [32mBuilding CXX object CMakeFiles/urcl.dir/src/rtde/control_package_start.cpp.o[0m
[ 34%] [32mBuilding CXX object CMakeFiles/urcl.dir/src/rtde/get_urcontrol_version.cpp.o[0m
[ 36%] [32mBuilding CXX object CMakeFiles/urcl.dir/src/rtde/request_protocol_version.cpp.o[0m
[ 38%] [32mBuilding CXX object CMakeFiles/urcl.dir/src/rtde/rtde_package.cpp.o[0m
[ 40%] [32mBuilding CXX object CMakeFiles/urcl.dir/src/rtde/text_message.cpp.o[0m
[ 42%] [32mBuilding CXX object CMakeFiles/urcl.dir/src/rtde/rtde_client.cpp.o[0m
[ 44%] [32mBuilding CXX object CMakeFiles/urcl.dir/src/ur/ur_driver.cpp.o[0m
[ 46%] [32mBuilding CXX object CMakeFiles/urcl.dir/src/ur/calibration_checker.cpp.o[0m
[ 48%] [32mBuilding CXX object CMakeFiles/urcl.dir/src/ur/dashboard_client.cpp.o[0m
[ 51%] [32mBuilding CXX object CMakeFiles/urcl.dir/src/ur/tool_communication.cpp.o[0m
[ 53%] [32mBuilding CXX object CMakeFiles/urcl.dir/src/ur/version_information.cpp.o[0m
[ 55%] [32mBuilding CXX object CMakeFiles/urcl.dir/src/rtde/rtde_writer.cpp.o[0m
[ 57%] [32mBuilding CXX object CMakeFiles/urcl.dir/src/default_log_handler.cpp.o[0m
[ 59%] [32mBuilding CXX object CMakeFiles/urcl.dir/src/log.cpp.o[0m
[ 61%] [32mBuilding CXX object CMakeFiles/urcl.dir/src/helpers.cpp.o[0m
[ 63%] [32m[1mLinking CXX shared library liburcl.so[0m
[ 63%] Built target urcl
[ 65%] [32mBuilding CXX object examples/CMakeFiles/driver_example.dir/full_driver.cpp.o[0m
[ 67%] [32m[1mLinking CXX executable driver_example[0m
[ 67%] Built target driver_example
[ 69%] [32mBuilding CXX object examples/CMakeFiles/force_mode_example.dir/force_mode_example.cpp.o[0m
[ 71%] [32m[1mLinking CXX executable force_mode_example[0m
[ 71%] Built target force_mode_example
[ 73%] [32mBuilding CXX object examples/CMakeFiles/freedrive_example.dir/freedrive_example.cpp.o[0m
[ 75%] [32m[1mLinking CXX executable freedrive_example[0m
[ 75%] Built target freedrive_example
[ 77%] [32mBuilding CXX object examples/CMakeFiles/tool_contact_example.dir/tool_contact_example.cpp.o[0m
[ 79%] [32m[1mLinking CXX executable tool_contact_example[0m
[ 79%] Built target tool_contact_example
[ 81%] [32mBuilding CXX object examples/CMakeFiles/spline_example.dir/spline_example.cpp.o[0m
[ 83%] [32m[1mLinking CXX executable spline_example[0m
[ 83%] Built target spline_example
[ 85%] [32mBuilding CXX object examples/CMakeFiles/dashboard_example.dir/dashboard_example.cpp.o[0m
[ 87%] [32m[1mLinking CXX executable dashboard_example[0m
[ 87%] Built target dashboard_example
[ 89%] [32mBuilding CXX object examples/CMakeFiles/rtde_client_example.dir/rtde_client.cpp.o[0m
[ 91%] [32m[1mLinking CXX executable rtde_client_example[0m
[ 91%] Built target rtde_client_example
[ 93%] [32mBuilding CXX object examples/CMakeFiles/primary_pipeline_calibration_example.dir/primary_pipeline_calibration.cpp.o[0m
[ 95%] [32m[1mLinking CXX executable primary_pipeline_calibration_example[0m
[ 95%] Built target primary_pipeline_calibration_example
[ 97%] [32mBuilding CXX object examples/CMakeFiles/primary_pipeline_example.dir/primary_pipeline.cpp.o[0m
[100%] [32m[1mLinking CXX executable primary_pipeline_example[0m
[100%] Built target primary_pipeline_example
-- Install configuration: "RelWithDebInfo"
-- Installing: /workspaces/aprs/aprs_ws/install/ur_client_library/lib/liburcl.so
-- Installing: /workspaces/aprs/aprs_ws/install/ur_client_library/include
-- Installing: /workspaces/aprs/aprs_ws/install/ur_client_library/include/ur_client_library
-- Installing: /workspaces/aprs/aprs_ws/install/ur_client_library/include/ur_client_library/rtde
-- Installing: /workspaces/aprs/aprs_ws/install/ur_client_library/include/ur_client_library/rtde/control_package_start.h
-- Installing: /workspaces/aprs/aprs_ws/install/ur_client_library/include/ur_client_library/rtde/text_message.h
-- Installing: /workspaces/aprs/aprs_ws/install/ur_client_library/include/ur_client_library/rtde/request_protocol_version.h
-- Installing: /workspaces/aprs/aprs_ws/install/ur_client_library/include/ur_client_library/rtde/data_package.h
-- Installing: /workspaces/aprs/aprs_ws/install/ur_client_library/include/ur_client_library/rtde/control_package_setup_outputs.h
-- Installing: /workspaces/aprs/aprs_ws/install/ur_client_library/include/ur_client_library/rtde/package_header.h
-- Installing: /workspaces/aprs/aprs_ws/install/ur_client_library/include/ur_client_library/rtde/control_package_setup_inputs.h
-- Installing: /workspaces/aprs/aprs_ws/install/ur_client_library/include/ur_client_library/rtde/rtde_parser.h
-- Installing: /workspaces/aprs/aprs_ws/install/ur_client_library/include/ur_client_library/rtde/get_urcontrol_version.h
-- Installing: /workspaces/aprs/aprs_ws/install/ur_client_library/include/ur_client_library/rtde/rtde_writer.h
-- Installing: /workspaces/aprs/aprs_ws/install/ur_client_library/include/ur_client_library/rtde/rtde_client.h
-- Installing: /workspaces/aprs/aprs_ws/install/ur_client_library/include/ur_client_library/rtde/rtde_package.h
-- Installing: /workspaces/aprs/aprs_ws/install/ur_client_library/include/ur_client_library/rtde/control_package_pause.h
-- Installing: /workspaces/aprs/aprs_ws/install/ur_client_library/include/ur_client_library/default_log_handler.h
-- Installing: /workspaces/aprs/aprs_ws/install/ur_client_library/include/ur_client_library/queue
-- Installing: /workspaces/aprs/aprs_ws/install/ur_client_library/include/ur_client_library/queue/LICENSE.md
-- Installing: /workspaces/aprs/aprs_ws/install/ur_client_library/include/ur_client_library/queue/atomicops.h
-- Installing: /workspaces/aprs/aprs_ws/install/ur_client_library/include/ur_client_library/queue/readerwriterqueue.h
-- Installing: /workspaces/aprs/aprs_ws/install/ur_client_library/include/ur_client_library/control
-- Installing: /workspaces/aprs/aprs_ws/install/ur_client_library/include/ur_client_library/control/script_sender.h
-- Installing: /workspaces/aprs/aprs_ws/install/ur_client_library/include/ur_client_library/control/reverse_interface.h
-- Installing: /workspaces/aprs/aprs_ws/install/ur_client_library/include/ur_client_library/control/trajectory_point_interface.h
-- Installing: /workspaces/aprs/aprs_ws/install/ur_client_library/include/ur_client_library/control/script_command_interface.h
-- Installing: /workspaces/aprs/aprs_ws/install/ur_client_library/include/ur_client_library/helpers.h
-- Installing: /workspaces/aprs/aprs_ws/install/ur_client_library/include/ur_client_library/log.h
-- Installing: /workspaces/aprs/aprs_ws/install/ur_client_library/include/ur_client_library/types.h
-- Installing: /workspaces/aprs/aprs_ws/install/ur_client_library/include/ur_client_library/exceptions.h
-- Installing: /workspaces/aprs/aprs_ws/install/ur_client_library/include/ur_client_library/comm
-- Installing: /workspaces/aprs/aprs_ws/install/ur_client_library/include/ur_client_library/comm/package_serializer.h
-- Installing: /workspaces/aprs/aprs_ws/install/ur_client_library/include/ur_client_library/comm/stream.h
-- Installing: /workspaces/aprs/aprs_ws/install/ur_client_library/include/ur_client_library/comm/control_mode.h
-- Installing: /workspaces/aprs/aprs_ws/install/ur_client_library/include/ur_client_library/comm/bin_parser.h
-- Installing: /workspaces/aprs/aprs_ws/install/ur_client_library/include/ur_client_library/comm/producer.h
-- Installing: /workspaces/aprs/aprs_ws/install/ur_client_library/include/ur_client_library/comm/tcp_server.h
-- Installing: /workspaces/aprs/aprs_ws/install/ur_client_library/include/ur_client_library/comm/parser.h
-- Installing: /workspaces/aprs/aprs_ws/install/ur_client_library/include/ur_client_library/comm/package.h
-- Installing: /workspaces/aprs/aprs_ws/install/ur_client_library/include/ur_client_library/comm/shell_consumer.h
-- Installing: /workspaces/aprs/aprs_ws/install/ur_client_library/include/ur_client_library/comm/pipeline.h
-- Installing: /workspaces/aprs/aprs_ws/install/ur_client_library/include/ur_client_library/comm/tcp_socket.h
-- Installing: /workspaces/aprs/aprs_ws/install/ur_client_library/include/ur_client_library/ur
-- Installing: /workspaces/aprs/aprs_ws/install/ur_client_library/include/ur_client_library/ur/datatypes.h
-- Installing: /workspaces/aprs/aprs_ws/install/ur_client_library/include/ur_client_library/ur/calibration_checker.h
-- Installing: /workspaces/aprs/aprs_ws/install/ur_client_library/include/ur_client_library/ur/version_information.h
-- Installing: /workspaces/aprs/aprs_ws/install/ur_client_library/include/ur_client_library/ur/tool_communication.h
-- Installing: /workspaces/aprs/aprs_ws/install/ur_client_library/include/ur_client_library/ur/dashboard_client.h
-- Installing: /workspaces/aprs/aprs_ws/install/ur_client_library/include/ur_client_library/ur/ur_driver.h
-- Installing: /workspaces/aprs/aprs_ws/install/ur_client_library/include/ur_client_library/primary
-- Installing: /workspaces/aprs/aprs_ws/install/ur_client_library/include/ur_client_library/primary/primary_package.h
-- Installing: /workspaces/aprs/aprs_ws/install/ur_client_library/include/ur_client_library/primary/robot_message.h
-- Installing: /workspaces/aprs/aprs_ws/install/ur_client_library/include/ur_client_library/primary/robot_state
-- Installing: /workspaces/aprs/aprs_ws/install/ur_client_library/include/ur_client_library/primary/robot_state/kinematics_info.h
-- Installing: /workspaces/aprs/aprs_ws/install/ur_client_library/include/ur_client_library/primary/primary_parser.h
-- Installing: /workspaces/aprs/aprs_ws/install/ur_client_library/include/ur_client_library/primary/abstract_primary_consumer.h
-- Installing: /workspaces/aprs/aprs_ws/install/ur_client_library/include/ur_client_library/primary/package_header.h
-- Installing: /workspaces/aprs/aprs_ws/install/ur_client_library/include/ur_client_library/primary/robot_message
-- Installing: /workspaces/aprs/aprs_ws/install/ur_client_library/include/ur_client_library/primary/robot_message/version_message.h
-- Installing: /workspaces/aprs/aprs_ws/install/ur_client_library/include/ur_client_library/primary/robot_state.h
-- Installing: /workspaces/aprs/aprs_ws/install/ur_client_library/lib/cmake/ur_client_library/urclTargets.cmake
-- Installing: /workspaces/aprs/aprs_ws/install/ur_client_library/lib/cmake/ur_client_library/urclTargets-relwithdebinfo.cmake
-- Installing: /workspaces/aprs/aprs_ws/install/ur_client_library/lib/ur_client_library/start_ursim.sh
-- Installing: /workspaces/aprs/aprs_ws/install/ur_client_library/lib/cmake/ur_client_library/ur_client_libraryConfig.cmake
-- Installing: /workspaces/aprs/aprs_ws/install/ur_client_library/share/ur_client_library/package.xml
-- Installing: /workspaces/aprs/aprs_ws/install/ur_client_library/share/ament_index/resource_index/packages/ur_client_library
-- Installing: /workspaces/aprs/aprs_ws/install/ur_client_library/share/ur_client_library/hook/ament_prefix_path.dsv
-- Installing: /workspaces/aprs/aprs_ws/install/ur_client_library/share/ur_client_library/hook/ros_package_path.dsv
-- Installing: /workspaces/aprs/aprs_ws/install/ur_client_library/share/ur_client_library/resources
-- Installing: /workspaces/aprs/aprs_ws/install/ur_client_library/share/ur_client_library/resources/external_control.urscript
