[0.569s] Invoking command in '/workspaces/aprs/aprs_ws/build/ur_client_library': CMAKE_PREFIX_PATH=/opt/ros/humble /usr/bin/cmake /workspaces/aprs/aprs_ws/src/Universal_Robots_Client_Library -DBUILD_TESTING=ON -DCMAKE_INSTALL_PREFIX=/workspaces/aprs/aprs_ws/install/ur_client_library
[0.710s] -- The C compiler identification is GNU 11.4.0
[0.864s] -- The CXX compiler identification is GNU 11.4.0
[0.884s] -- Detecting C compiler ABI info
[1.090s] -- Detecting C compiler ABI info - done
[1.104s] -- Check for working C compiler: /usr/bin/cc - skipped
[1.104s] -- Detecting C compile features
[1.105s] -- Detecting C compile features - done
[1.111s] -- Detecting CXX compiler ABI info
[1.408s] -- Detecting CXX compiler ABI info - done
[1.421s] -- Check for working CXX compiler: /usr/bin/c++ - skipped
[1.421s] -- Detecting CXX compile features
[1.423s] [0mur_client_library: You did not request a specific build type: selecting 'RelWithDebInfo'.[0m
[1.431s] -- Detecting CXX compile features - done
[1.431s] -- Performing C++17 Test
[1.431s] -- Performing Test COMPILER_SUPPORTS_CXX17
[1.786s] -- Performing Test COMPILER_SUPPORTS_CXX17 - Success
[1.794s] -- Looking for pthread.h
[2.147s] -- Looking for pthread.h - found
[2.150s] -- Performing Test CMAKE_HAVE_LIBC_PTHREAD
[2.517s] -- Performing Test CMAKE_HAVE_LIBC_PTHREAD - Success
[2.526s] -- Found Threads: TRUE  
[2.526s] -- Building tests disabled.
[2.535s] -- Configuring done
[2.564s] -- Generating done
[2.566s] [33mCMake Warning:
[2.566s]   Manually-specified variables were not used by the project:
[2.566s] 
[2.566s]     BUILD_TESTING
[2.567s] 
[2.567s] [0m
[2.567s] -- Build files have been written to: /workspaces/aprs/aprs_ws/build/ur_client_library
[2.590s] Invoked command in '/workspaces/aprs/aprs_ws/build/ur_client_library' returned '0': CMAKE_PREFIX_PATH=/opt/ros/humble /usr/bin/cmake /workspaces/aprs/aprs_ws/src/Universal_Robots_Client_Library -DBUILD_TESTING=ON -DCMAKE_INSTALL_PREFIX=/workspaces/aprs/aprs_ws/install/ur_client_library
[2.591s] Invoking command in '/workspaces/aprs/aprs_ws/build/ur_client_library': CMAKE_PREFIX_PATH=/opt/ros/humble /usr/bin/cmake --build /workspaces/aprs/aprs_ws/build/ur_client_library -- -j16 -l16
[3.963s] [  2%] [32mBuilding CXX object CMakeFiles/urcl.dir/src/control/reverse_interface.cpp.o[0m
[3.963s] [  4%] [32mBuilding CXX object CMakeFiles/urcl.dir/src/comm/tcp_socket.cpp.o[0m
[3.963s] [  8%] [32mBuilding CXX object CMakeFiles/urcl.dir/src/control/script_sender.cpp.o[0m
[3.964s] [  8%] [32mBuilding CXX object CMakeFiles/urcl.dir/src/comm/tcp_server.cpp.o[0m
[3.964s] [ 10%] [32mBuilding CXX object CMakeFiles/urcl.dir/src/control/script_command_interface.cpp.o[0m
[3.964s] [ 12%] [32mBuilding CXX object CMakeFiles/urcl.dir/src/control/trajectory_point_interface.cpp.o[0m
[3.964s] [ 14%] [32mBuilding CXX object CMakeFiles/urcl.dir/src/primary/robot_message.cpp.o[0m
[3.964s] [ 16%] [32mBuilding CXX object CMakeFiles/urcl.dir/src/primary/robot_state.cpp.o[0m
[3.964s] [ 20%] [32mBuilding CXX object CMakeFiles/urcl.dir/src/primary/robot_state/kinematics_info.cpp.o[0m
[3.964s] [ 20%] [32mBuilding CXX object CMakeFiles/urcl.dir/src/primary/robot_message/version_message.cpp.o[0m
[3.964s] [ 22%] [32mBuilding CXX object CMakeFiles/urcl.dir/src/primary/primary_package.cpp.o[0m
[3.964s] [ 24%] [32mBuilding CXX object CMakeFiles/urcl.dir/src/rtde/control_package_pause.cpp.o[0m
[3.965s] [ 26%] [32mBuilding CXX object CMakeFiles/urcl.dir/src/rtde/data_package.cpp.o[0m
[3.965s] [ 28%] [32mBuilding CXX object CMakeFiles/urcl.dir/src/rtde/control_package_setup_outputs.cpp.o[0m
[3.965s] [ 32%] [32mBuilding CXX object CMakeFiles/urcl.dir/src/rtde/control_package_setup_inputs.cpp.o[0m
[3.965s] [ 32%] [32mBuilding CXX object CMakeFiles/urcl.dir/src/rtde/control_package_start.cpp.o[0m
[5.181s] [ 34%] [32mBuilding CXX object CMakeFiles/urcl.dir/src/rtde/get_urcontrol_version.cpp.o[0m
[5.251s] [ 36%] [32mBuilding CXX object CMakeFiles/urcl.dir/src/rtde/request_protocol_version.cpp.o[0m
[5.579s] [ 38%] [32mBuilding CXX object CMakeFiles/urcl.dir/src/rtde/rtde_package.cpp.o[0m
[5.718s] [ 40%] [32mBuilding CXX object CMakeFiles/urcl.dir/src/rtde/text_message.cpp.o[0m
[5.752s] [ 42%] [32mBuilding CXX object CMakeFiles/urcl.dir/src/rtde/rtde_client.cpp.o[0m
[5.782s] [ 44%] [32mBuilding CXX object CMakeFiles/urcl.dir/src/ur/ur_driver.cpp.o[0m
[6.270s] [ 46%] [32mBuilding CXX object CMakeFiles/urcl.dir/src/ur/calibration_checker.cpp.o[0m
[6.311s] [ 48%] [32mBuilding CXX object CMakeFiles/urcl.dir/src/ur/dashboard_client.cpp.o[0m
[6.345s] [ 51%] [32mBuilding CXX object CMakeFiles/urcl.dir/src/ur/tool_communication.cpp.o[0m
[6.402s] [ 53%] [32mBuilding CXX object CMakeFiles/urcl.dir/src/ur/version_information.cpp.o[0m
[6.491s] [ 55%] [32mBuilding CXX object CMakeFiles/urcl.dir/src/rtde/rtde_writer.cpp.o[0m
[6.615s] [ 57%] [32mBuilding CXX object CMakeFiles/urcl.dir/src/default_log_handler.cpp.o[0m
[6.629s] [ 59%] [32mBuilding CXX object CMakeFiles/urcl.dir/src/log.cpp.o[0m
[6.933s] [ 61%] [32mBuilding CXX object CMakeFiles/urcl.dir/src/helpers.cpp.o[0m
[27.310s] [ 63%] [32m[1mLinking CXX shared library liburcl.so[0m
[28.230s] [ 63%] Built target urcl
[28.363s] [ 65%] [32mBuilding CXX object examples/CMakeFiles/driver_example.dir/full_driver.cpp.o[0m
[31.137s] [ 67%] [32m[1mLinking CXX executable driver_example[0m
[31.383s] [ 67%] Built target driver_example
[31.448s] [ 69%] [32mBuilding CXX object examples/CMakeFiles/force_mode_example.dir/force_mode_example.cpp.o[0m
[33.585s] [ 71%] [32m[1mLinking CXX executable force_mode_example[0m
[34.020s] [ 71%] Built target force_mode_example
[34.097s] [ 73%] [32mBuilding CXX object examples/CMakeFiles/freedrive_example.dir/freedrive_example.cpp.o[0m
[37.165s] [ 75%] [32m[1mLinking CXX executable freedrive_example[0m
[37.512s] [ 75%] Built target freedrive_example
[37.559s] [ 77%] [32mBuilding CXX object examples/CMakeFiles/tool_contact_example.dir/tool_contact_example.cpp.o[0m
[39.915s] [ 79%] [32m[1mLinking CXX executable tool_contact_example[0m
[40.061s] [ 79%] Built target tool_contact_example
[40.087s] [ 81%] [32mBuilding CXX object examples/CMakeFiles/spline_example.dir/spline_example.cpp.o[0m
[42.281s] [ 83%] [32m[1mLinking CXX executable spline_example[0m
[42.470s] [ 83%] Built target spline_example
[42.498s] [ 85%] [32mBuilding CXX object examples/CMakeFiles/dashboard_example.dir/dashboard_example.cpp.o[0m
[43.141s] [ 87%] [32m[1mLinking CXX executable dashboard_example[0m
[43.271s] [ 87%] Built target dashboard_example
[43.298s] [ 89%] [32mBuilding CXX object examples/CMakeFiles/rtde_client_example.dir/rtde_client.cpp.o[0m
[44.800s] [ 91%] [32m[1mLinking CXX executable rtde_client_example[0m
[45.061s] [ 91%] Built target rtde_client_example
[45.110s] [ 93%] [32mBuilding CXX object examples/CMakeFiles/primary_pipeline_calibration_example.dir/primary_pipeline_calibration.cpp.o[0m
[46.953s] [ 95%] [32m[1mLinking CXX executable primary_pipeline_calibration_example[0m
[47.136s] [ 95%] Built target primary_pipeline_calibration_example
[47.171s] [ 97%] [32mBuilding CXX object examples/CMakeFiles/primary_pipeline_example.dir/primary_pipeline.cpp.o[0m
[48.821s] [100%] [32m[1mLinking CXX executable primary_pipeline_example[0m
[48.931s] [100%] Built target primary_pipeline_example
[48.949s] Invoked command in '/workspaces/aprs/aprs_ws/build/ur_client_library' returned '0': CMAKE_PREFIX_PATH=/opt/ros/humble /usr/bin/cmake --build /workspaces/aprs/aprs_ws/build/ur_client_library -- -j16 -l16
[49.052s] Invoking command in '/workspaces/aprs/aprs_ws/build/ur_client_library': CMAKE_PREFIX_PATH=/opt/ros/humble /usr/bin/cmake --install /workspaces/aprs/aprs_ws/build/ur_client_library
[49.067s] -- Install configuration: "RelWithDebInfo"
[49.067s] -- Installing: /workspaces/aprs/aprs_ws/install/ur_client_library/lib/liburcl.so
[49.084s] -- Installing: /workspaces/aprs/aprs_ws/install/ur_client_library/include
[49.084s] -- Installing: /workspaces/aprs/aprs_ws/install/ur_client_library/include/ur_client_library
[49.084s] -- Installing: /workspaces/aprs/aprs_ws/install/ur_client_library/include/ur_client_library/rtde
[49.085s] -- Installing: /workspaces/aprs/aprs_ws/install/ur_client_library/include/ur_client_library/rtde/control_package_start.h
[49.085s] -- Installing: /workspaces/aprs/aprs_ws/install/ur_client_library/include/ur_client_library/rtde/text_message.h
[49.085s] -- Installing: /workspaces/aprs/aprs_ws/install/ur_client_library/include/ur_client_library/rtde/request_protocol_version.h
[49.085s] -- Installing: /workspaces/aprs/aprs_ws/install/ur_client_library/include/ur_client_library/rtde/data_package.h
[49.085s] -- Installing: /workspaces/aprs/aprs_ws/install/ur_client_library/include/ur_client_library/rtde/control_package_setup_outputs.h
[49.085s] -- Installing: /workspaces/aprs/aprs_ws/install/ur_client_library/include/ur_client_library/rtde/package_header.h
[49.085s] -- Installing: /workspaces/aprs/aprs_ws/install/ur_client_library/include/ur_client_library/rtde/control_package_setup_inputs.h
[49.085s] -- Installing: /workspaces/aprs/aprs_ws/install/ur_client_library/include/ur_client_library/rtde/rtde_parser.h
[49.085s] -- Installing: /workspaces/aprs/aprs_ws/install/ur_client_library/include/ur_client_library/rtde/get_urcontrol_version.h
[49.085s] -- Installing: /workspaces/aprs/aprs_ws/install/ur_client_library/include/ur_client_library/rtde/rtde_writer.h
[49.086s] -- Installing: /workspaces/aprs/aprs_ws/install/ur_client_library/include/ur_client_library/rtde/rtde_client.h
[49.086s] -- Installing: /workspaces/aprs/aprs_ws/install/ur_client_library/include/ur_client_library/rtde/rtde_package.h
[49.086s] -- Installing: /workspaces/aprs/aprs_ws/install/ur_client_library/include/ur_client_library/rtde/control_package_pause.h
[49.086s] -- Installing: /workspaces/aprs/aprs_ws/install/ur_client_library/include/ur_client_library/default_log_handler.h
[49.086s] -- Installing: /workspaces/aprs/aprs_ws/install/ur_client_library/include/ur_client_library/queue
[49.086s] -- Installing: /workspaces/aprs/aprs_ws/install/ur_client_library/include/ur_client_library/queue/LICENSE.md
[49.086s] -- Installing: /workspaces/aprs/aprs_ws/install/ur_client_library/include/ur_client_library/queue/atomicops.h
[49.086s] -- Installing: /workspaces/aprs/aprs_ws/install/ur_client_library/include/ur_client_library/queue/readerwriterqueue.h
[49.087s] -- Installing: /workspaces/aprs/aprs_ws/install/ur_client_library/include/ur_client_library/control
[49.087s] -- Installing: /workspaces/aprs/aprs_ws/install/ur_client_library/include/ur_client_library/control/script_sender.h
[49.087s] -- Installing: /workspaces/aprs/aprs_ws/install/ur_client_library/include/ur_client_library/control/reverse_interface.h
[49.087s] -- Installing: /workspaces/aprs/aprs_ws/install/ur_client_library/include/ur_client_library/control/trajectory_point_interface.h
[49.087s] -- Installing: /workspaces/aprs/aprs_ws/install/ur_client_library/include/ur_client_library/control/script_command_interface.h
[49.087s] -- Installing: /workspaces/aprs/aprs_ws/install/ur_client_library/include/ur_client_library/helpers.h
[49.087s] -- Installing: /workspaces/aprs/aprs_ws/install/ur_client_library/include/ur_client_library/log.h
[49.087s] -- Installing: /workspaces/aprs/aprs_ws/install/ur_client_library/include/ur_client_library/types.h
[49.087s] -- Installing: /workspaces/aprs/aprs_ws/install/ur_client_library/include/ur_client_library/exceptions.h
[49.088s] -- Installing: /workspaces/aprs/aprs_ws/install/ur_client_library/include/ur_client_library/comm
[49.088s] -- Installing: /workspaces/aprs/aprs_ws/install/ur_client_library/include/ur_client_library/comm/package_serializer.h
[49.088s] -- Installing: /workspaces/aprs/aprs_ws/install/ur_client_library/include/ur_client_library/comm/stream.h
[49.088s] -- Installing: /workspaces/aprs/aprs_ws/install/ur_client_library/include/ur_client_library/comm/control_mode.h
[49.088s] -- Installing: /workspaces/aprs/aprs_ws/install/ur_client_library/include/ur_client_library/comm/bin_parser.h
[49.088s] -- Installing: /workspaces/aprs/aprs_ws/install/ur_client_library/include/ur_client_library/comm/producer.h
[49.088s] -- Installing: /workspaces/aprs/aprs_ws/install/ur_client_library/include/ur_client_library/comm/tcp_server.h
[49.088s] -- Installing: /workspaces/aprs/aprs_ws/install/ur_client_library/include/ur_client_library/comm/parser.h
[49.088s] -- Installing: /workspaces/aprs/aprs_ws/install/ur_client_library/include/ur_client_library/comm/package.h
[49.089s] -- Installing: /workspaces/aprs/aprs_ws/install/ur_client_library/include/ur_client_library/comm/shell_consumer.h
[49.089s] -- Installing: /workspaces/aprs/aprs_ws/install/ur_client_library/include/ur_client_library/comm/pipeline.h
[49.089s] -- Installing: /workspaces/aprs/aprs_ws/install/ur_client_library/include/ur_client_library/comm/tcp_socket.h
[49.089s] -- Installing: /workspaces/aprs/aprs_ws/install/ur_client_library/include/ur_client_library/ur
[49.089s] -- Installing: /workspaces/aprs/aprs_ws/install/ur_client_library/include/ur_client_library/ur/datatypes.h
[49.089s] -- Installing: /workspaces/aprs/aprs_ws/install/ur_client_library/include/ur_client_library/ur/calibration_checker.h
[49.089s] -- Installing: /workspaces/aprs/aprs_ws/install/ur_client_library/include/ur_client_library/ur/version_information.h
[49.090s] -- Installing: /workspaces/aprs/aprs_ws/install/ur_client_library/include/ur_client_library/ur/tool_communication.h
[49.090s] -- Installing: /workspaces/aprs/aprs_ws/install/ur_client_library/include/ur_client_library/ur/dashboard_client.h
[49.090s] -- Installing: /workspaces/aprs/aprs_ws/install/ur_client_library/include/ur_client_library/ur/ur_driver.h
[49.090s] -- Installing: /workspaces/aprs/aprs_ws/install/ur_client_library/include/ur_client_library/primary
[49.090s] -- Installing: /workspaces/aprs/aprs_ws/install/ur_client_library/include/ur_client_library/primary/primary_package.h
[49.090s] -- Installing: /workspaces/aprs/aprs_ws/install/ur_client_library/include/ur_client_library/primary/robot_message.h
[49.091s] -- Installing: /workspaces/aprs/aprs_ws/install/ur_client_library/include/ur_client_library/primary/robot_state
[49.091s] -- Installing: /workspaces/aprs/aprs_ws/install/ur_client_library/include/ur_client_library/primary/robot_state/kinematics_info.h
[49.091s] -- Installing: /workspaces/aprs/aprs_ws/install/ur_client_library/include/ur_client_library/primary/primary_parser.h
[49.091s] -- Installing: /workspaces/aprs/aprs_ws/install/ur_client_library/include/ur_client_library/primary/abstract_primary_consumer.h
[49.091s] -- Installing: /workspaces/aprs/aprs_ws/install/ur_client_library/include/ur_client_library/primary/package_header.h
[49.091s] -- Installing: /workspaces/aprs/aprs_ws/install/ur_client_library/include/ur_client_library/primary/robot_message
[49.091s] -- Installing: /workspaces/aprs/aprs_ws/install/ur_client_library/include/ur_client_library/primary/robot_message/version_message.h
[49.092s] -- Installing: /workspaces/aprs/aprs_ws/install/ur_client_library/include/ur_client_library/primary/robot_state.h
[49.092s] -- Installing: /workspaces/aprs/aprs_ws/install/ur_client_library/lib/cmake/ur_client_library/urclTargets.cmake
[49.092s] -- Installing: /workspaces/aprs/aprs_ws/install/ur_client_library/lib/cmake/ur_client_library/urclTargets-relwithdebinfo.cmake
[49.093s] -- Installing: /workspaces/aprs/aprs_ws/install/ur_client_library/lib/ur_client_library/start_ursim.sh
[49.093s] -- Installing: /workspaces/aprs/aprs_ws/install/ur_client_library/lib/cmake/ur_client_library/ur_client_libraryConfig.cmake
[49.093s] -- Installing: /workspaces/aprs/aprs_ws/install/ur_client_library/share/ur_client_library/package.xml
[49.094s] -- Installing: /workspaces/aprs/aprs_ws/install/ur_client_library/share/ament_index/resource_index/packages/ur_client_library
[49.094s] -- Installing: /workspaces/aprs/aprs_ws/install/ur_client_library/share/ur_client_library/hook/ament_prefix_path.dsv
[49.094s] -- Installing: /workspaces/aprs/aprs_ws/install/ur_client_library/share/ur_client_library/hook/ros_package_path.dsv
[49.095s] -- Installing: /workspaces/aprs/aprs_ws/install/ur_client_library/share/ur_client_library/resources
[49.095s] -- Installing: /workspaces/aprs/aprs_ws/install/ur_client_library/share/ur_client_library/resources/external_control.urscript
[49.097s] Invoked command in '/workspaces/aprs/aprs_ws/build/ur_client_library' returned '0': CMAKE_PREFIX_PATH=/opt/ros/humble /usr/bin/cmake --install /workspaces/aprs/aprs_ws/build/ur_client_library
