[0.086s] Invoking command in '/workspaces/aprs_humble/aprs_ws/build/point_cloud': CMAKE_PREFIX_PATH=${CMAKE_PREFIX_PATH}:/workspaces/aprs_humble/aprs_ws/install/rqt_controller_manager:/workspaces/aprs_humble/aprs_ws/install/ros2controlcli:/opt/ros/humble /usr/bin/cmake --build /workspaces/aprs_humble/aprs_ws/build/point_cloud -- -j16 -l16
[0.209s] Built target ament_cmake_python_copy_point_cloud
[0.594s] running egg_info
[0.595s] writing point_cloud.egg-info/PKG-INFO
[0.595s] writing dependency_links to point_cloud.egg-info/dependency_links.txt
[0.597s] writing top-level names to point_cloud.egg-info/top_level.txt
[0.598s] reading manifest file 'point_cloud.egg-info/SOURCES.txt'
[0.598s] writing manifest file 'point_cloud.egg-info/SOURCES.txt'
[0.656s] Built target ament_cmake_python_build_point_cloud_egg
[0.733s] Invoked command in '/workspaces/aprs_humble/aprs_ws/build/point_cloud' returned '0': CMAKE_PREFIX_PATH=${CMAKE_PREFIX_PATH}:/workspaces/aprs_humble/aprs_ws/install/rqt_controller_manager:/workspaces/aprs_humble/aprs_ws/install/ros2controlcli:/opt/ros/humble /usr/bin/cmake --build /workspaces/aprs_humble/aprs_ws/build/point_cloud -- -j16 -l16
[0.827s] Invoking command in '/workspaces/aprs_humble/aprs_ws/build/point_cloud': CMAKE_PREFIX_PATH=${CMAKE_PREFIX_PATH}:/workspaces/aprs_humble/aprs_ws/install/rqt_controller_manager:/workspaces/aprs_humble/aprs_ws/install/ros2controlcli:/opt/ros/humble /usr/bin/cmake --install /workspaces/aprs_humble/aprs_ws/build/point_cloud
[0.870s] -- Install configuration: ""
[0.870s] -- Up-to-date: /workspaces/aprs_humble/aprs_ws/install/point_cloud/share/point_cloud/environment/pythonpath.sh
[0.870s] -- Up-to-date: /workspaces/aprs_humble/aprs_ws/install/point_cloud/share/point_cloud/environment/pythonpath.dsv
[0.870s] -- Up-to-date: /workspaces/aprs_humble/aprs_ws/install/point_cloud/local/lib/python3.10/dist-packages/point_cloud-0.0.0-py3.10.egg-info
[0.870s] -- Installing: /workspaces/aprs_humble/aprs_ws/install/point_cloud/local/lib/python3.10/dist-packages/point_cloud-0.0.0-py3.10.egg-info/dependency_links.txt
[0.870s] -- Installing: /workspaces/aprs_humble/aprs_ws/install/point_cloud/local/lib/python3.10/dist-packages/point_cloud-0.0.0-py3.10.egg-info/top_level.txt
[0.871s] -- Installing: /workspaces/aprs_humble/aprs_ws/install/point_cloud/local/lib/python3.10/dist-packages/point_cloud-0.0.0-py3.10.egg-info/PKG-INFO
[0.871s] -- Installing: /workspaces/aprs_humble/aprs_ws/install/point_cloud/local/lib/python3.10/dist-packages/point_cloud-0.0.0-py3.10.egg-info/SOURCES.txt
[0.871s] -- Up-to-date: /workspaces/aprs_humble/aprs_ws/install/point_cloud/local/lib/python3.10/dist-packages/point_cloud
[0.871s] -- Up-to-date: /workspaces/aprs_humble/aprs_ws/install/point_cloud/local/lib/python3.10/dist-packages/point_cloud/__init__.py
[0.904s] Listing '/workspaces/aprs_humble/aprs_ws/install/point_cloud/local/lib/python3.10/dist-packages/point_cloud'...
[0.914s] -- Up-to-date: /workspaces/aprs_humble/aprs_ws/install/point_cloud/lib/point_cloud/point_cloud.py
[0.914s] -- Up-to-date: /workspaces/aprs_humble/aprs_ws/install/point_cloud/share/point_cloud/environment/library_path.sh
[0.914s] -- Up-to-date: /workspaces/aprs_humble/aprs_ws/install/point_cloud/share/point_cloud/environment/library_path.dsv
[0.914s] -- Up-to-date: /workspaces/aprs_humble/aprs_ws/install/point_cloud/share/ament_index/resource_index/package_run_dependencies/point_cloud
[0.914s] -- Up-to-date: /workspaces/aprs_humble/aprs_ws/install/point_cloud/share/ament_index/resource_index/parent_prefix_path/point_cloud
[0.914s] -- Up-to-date: /workspaces/aprs_humble/aprs_ws/install/point_cloud/share/point_cloud/environment/ament_prefix_path.sh
[0.914s] -- Up-to-date: /workspaces/aprs_humble/aprs_ws/install/point_cloud/share/point_cloud/environment/ament_prefix_path.dsv
[0.914s] -- Up-to-date: /workspaces/aprs_humble/aprs_ws/install/point_cloud/share/point_cloud/environment/path.sh
[0.915s] -- Up-to-date: /workspaces/aprs_humble/aprs_ws/install/point_cloud/share/point_cloud/environment/path.dsv
[0.915s] -- Up-to-date: /workspaces/aprs_humble/aprs_ws/install/point_cloud/share/point_cloud/local_setup.bash
[0.915s] -- Up-to-date: /workspaces/aprs_humble/aprs_ws/install/point_cloud/share/point_cloud/local_setup.sh
[0.915s] -- Up-to-date: /workspaces/aprs_humble/aprs_ws/install/point_cloud/share/point_cloud/local_setup.zsh
[0.915s] -- Up-to-date: /workspaces/aprs_humble/aprs_ws/install/point_cloud/share/point_cloud/local_setup.dsv
[0.915s] -- Up-to-date: /workspaces/aprs_humble/aprs_ws/install/point_cloud/share/point_cloud/package.dsv
[0.915s] -- Up-to-date: /workspaces/aprs_humble/aprs_ws/install/point_cloud/share/ament_index/resource_index/packages/point_cloud
[0.915s] -- Up-to-date: /workspaces/aprs_humble/aprs_ws/install/point_cloud/share/point_cloud/cmake/ament_cmake_export_libraries-extras.cmake
[0.915s] -- Up-to-date: /workspaces/aprs_humble/aprs_ws/install/point_cloud/share/point_cloud/cmake/ament_cmake_export_dependencies-extras.cmake
[0.919s] -- Up-to-date: /workspaces/aprs_humble/aprs_ws/install/point_cloud/share/point_cloud/cmake/point_cloudConfig.cmake
[0.931s] -- Up-to-date: /workspaces/aprs_humble/aprs_ws/install/point_cloud/share/point_cloud/cmake/point_cloudConfig-version.cmake
[0.931s] -- Up-to-date: /workspaces/aprs_humble/aprs_ws/install/point_cloud/share/point_cloud/package.xml
[0.937s] Invoked command in '/workspaces/aprs_humble/aprs_ws/build/point_cloud' returned '0': CMAKE_PREFIX_PATH=${CMAKE_PREFIX_PATH}:/workspaces/aprs_humble/aprs_ws/install/rqt_controller_manager:/workspaces/aprs_humble/aprs_ws/install/ros2controlcli:/opt/ros/humble /usr/bin/cmake --install /workspaces/aprs_humble/aprs_ws/build/point_cloud
