[0.098s] Invoking command in '/workspaces/aprs_humble/aprs_ws/build/franka_setup': CMAKE_PREFIX_PATH=${CMAKE_PREFIX_PATH}:/workspaces/aprs_humble/aprs_ws/install/rqt_controller_manager:/workspaces/aprs_humble/aprs_ws/install/ros2controlcli:/opt/ros/humble /usr/bin/cmake /workspaces/aprs_humble/aprs_ws/src/franka_setup -DCMAKE_INSTALL_PREFIX=/workspaces/aprs_humble/aprs_ws/install/franka_setup
[0.492s] -- Found ament_cmake: 1.3.5 (/opt/ros/humble/share/ament_cmake/cmake)
[0.492s] -- Found moveit_ros_planning_interface: 2.5.4 (/opt/ros/humble/share/moveit_ros_planning_interface/cmake)
[0.492s] -- Found Boost: /usr/lib/x86_64-linux-gnu/cmake/Boost-1.74.0/BoostConfig.cmake (found version "1.74.0") found components: date_time filesystem program_options system thread 
[0.492s] -- Found rosidl_generator_c: 3.1.5 (/opt/ros/humble/share/rosidl_generator_c/cmake)
[0.492s] -- Found rosidl_adapter: 3.1.5 (/opt/ros/humble/share/rosidl_adapter/cmake)
[0.492s] -- Found rosidl_generator_cpp: 3.1.5 (/opt/ros/humble/share/rosidl_generator_cpp/cmake)
[0.532s] -- Using all available rosidl_typesupport_c: rosidl_typesupport_fastrtps_c;rosidl_typesupport_introspection_c
[0.563s] -- Using all available rosidl_typesupport_cpp: rosidl_typesupport_fastrtps_cpp;rosidl_typesupport_introspection_cpp
[1.710s] -- Found Boost: /usr/lib/x86_64-linux-gnu/cmake/Boost-1.74.0/BoostConfig.cmake (found version "1.74.0") found components: chrono date_time filesystem iostreams program_options regex serialization system thread 
[1.726s] -- Found Boost: /usr/lib/x86_64-linux-gnu/cmake/Boost-1.74.0/BoostConfig.cmake (found version "1.74.0") found components: filesystem 
[1.782s] -- Found rmw_implementation_cmake: 6.1.1 (/opt/ros/humble/share/rmw_implementation_cmake/cmake)
[1.783s] -- Found rmw_fastrtps_cpp: 6.2.3 (/opt/ros/humble/share/rmw_fastrtps_cpp/cmake)
[2.029s] -- Using RMW implementation 'rmw_fastrtps_cpp' as default
[2.307s] -- library: /usr/lib/x86_64-linux-gnu/libcurl.so
[2.563s] -- Ensuring Eigen3 include directory is part of orocos-kdl CMake target
[3.277s] -- Found Boost: /usr/lib/x86_64-linux-gnu/cmake/Boost-1.74.0/BoostConfig.cmake (found version "1.74.0") found components: system filesystem date_time program_options thread chrono 
[3.720s] -- Found Boost: /usr/lib/x86_64-linux-gnu/cmake/Boost-1.74.0/BoostConfig.cmake (found version "1.74.0") found components: thread system filesystem regex date_time program_options 
[3.912s] -- Found Boost: /usr/lib/x86_64-linux-gnu/cmake/Boost-1.74.0/BoostConfig.cmake (found version "1.74.0") found components: system filesystem date_time program_options thread 
[4.231s] -- Found ament_lint_auto: 0.12.7 (/opt/ros/humble/share/ament_lint_auto/cmake)
[4.301s] -- Added test 'cppcheck' to perform static code analysis on C / C++ code
[4.301s] -- Configured cppcheck include dirs: $<BUILD_INTERFACE:/workspaces/aprs_humble/aprs_ws/src/franka_setup/include>
[4.301s] -- Configured cppcheck exclude dirs and/or files: 
[4.302s] -- Added test 'flake8' to check Python code syntax and style conventions
[4.302s] -- Added test 'lint_cmake' to check CMake code style
[4.302s] -- Added test 'pep257' to check Python code against some of the docstring style conventions in PEP 257
[4.303s] -- Added test 'uncrustify' to check C / C++ code style
[4.303s] -- Configured uncrustify additional arguments: 
[4.303s] -- Added test 'xmllint' to check XML markup files
[4.304s] -- Configuring done
[4.325s] -- Generating done
[4.327s] -- Build files have been written to: /workspaces/aprs_humble/aprs_ws/build/franka_setup
[4.337s] Invoked command in '/workspaces/aprs_humble/aprs_ws/build/franka_setup' returned '0': CMAKE_PREFIX_PATH=${CMAKE_PREFIX_PATH}:/workspaces/aprs_humble/aprs_ws/install/rqt_controller_manager:/workspaces/aprs_humble/aprs_ws/install/ros2controlcli:/opt/ros/humble /usr/bin/cmake /workspaces/aprs_humble/aprs_ws/src/franka_setup -DCMAKE_INSTALL_PREFIX=/workspaces/aprs_humble/aprs_ws/install/franka_setup
[4.338s] Invoking command in '/workspaces/aprs_humble/aprs_ws/build/franka_setup': CMAKE_PREFIX_PATH=${CMAKE_PREFIX_PATH}:/workspaces/aprs_humble/aprs_ws/install/rqt_controller_manager:/workspaces/aprs_humble/aprs_ws/install/ros2controlcli:/opt/ros/humble /usr/bin/cmake --build /workspaces/aprs_humble/aprs_ws/build/franka_setup -- -j16 -l16
[4.378s] [35m[1mConsolidate compiler generated dependencies of target franka_setup[0m
[4.405s] [100%] Built target franka_setup
[4.416s] Invoked command in '/workspaces/aprs_humble/aprs_ws/build/franka_setup' returned '0': CMAKE_PREFIX_PATH=${CMAKE_PREFIX_PATH}:/workspaces/aprs_humble/aprs_ws/install/rqt_controller_manager:/workspaces/aprs_humble/aprs_ws/install/ros2controlcli:/opt/ros/humble /usr/bin/cmake --build /workspaces/aprs_humble/aprs_ws/build/franka_setup -- -j16 -l16
[4.441s] Invoking command in '/workspaces/aprs_humble/aprs_ws/build/franka_setup': CMAKE_PREFIX_PATH=${CMAKE_PREFIX_PATH}:/workspaces/aprs_humble/aprs_ws/install/rqt_controller_manager:/workspaces/aprs_humble/aprs_ws/install/ros2controlcli:/opt/ros/humble /usr/bin/cmake --install /workspaces/aprs_humble/aprs_ws/build/franka_setup
[4.447s] -- Install configuration: ""
[4.447s] -- Up-to-date: /workspaces/aprs_humble/aprs_ws/install/franka_setup/share/franka_setup//launch
[4.447s] -- Up-to-date: /workspaces/aprs_humble/aprs_ws/install/franka_setup/share/franka_setup//launch/franka_setup.launch.py
[4.447s] -- Up-to-date: /workspaces/aprs_humble/aprs_ws/install/franka_setup/lib/franka_setup/franka_setup
[4.447s] -- Up-to-date: /workspaces/aprs_humble/aprs_ws/install/franka_setup/share/ament_index/resource_index/package_run_dependencies/franka_setup
[4.447s] -- Installing: /workspaces/aprs_humble/aprs_ws/install/franka_setup/share/ament_index/resource_index/parent_prefix_path/franka_setup
[4.447s] -- Up-to-date: /workspaces/aprs_humble/aprs_ws/install/franka_setup/share/franka_setup/environment/ament_prefix_path.sh
[4.447s] -- Installing: /workspaces/aprs_humble/aprs_ws/install/franka_setup/share/franka_setup/environment/ament_prefix_path.dsv
[4.447s] -- Up-to-date: /workspaces/aprs_humble/aprs_ws/install/franka_setup/share/franka_setup/environment/path.sh
[4.447s] -- Installing: /workspaces/aprs_humble/aprs_ws/install/franka_setup/share/franka_setup/environment/path.dsv
[4.447s] -- Up-to-date: /workspaces/aprs_humble/aprs_ws/install/franka_setup/share/franka_setup/local_setup.bash
[4.447s] -- Up-to-date: /workspaces/aprs_humble/aprs_ws/install/franka_setup/share/franka_setup/local_setup.sh
[4.447s] -- Up-to-date: /workspaces/aprs_humble/aprs_ws/install/franka_setup/share/franka_setup/local_setup.zsh
[4.448s] -- Installing: /workspaces/aprs_humble/aprs_ws/install/franka_setup/share/franka_setup/local_setup.dsv
[4.448s] -- Installing: /workspaces/aprs_humble/aprs_ws/install/franka_setup/share/franka_setup/package.dsv
[4.448s] -- Up-to-date: /workspaces/aprs_humble/aprs_ws/install/franka_setup/share/ament_index/resource_index/packages/franka_setup
[4.448s] -- Up-to-date: /workspaces/aprs_humble/aprs_ws/install/franka_setup/share/franka_setup/cmake/franka_setupConfig.cmake
[4.448s] -- Up-to-date: /workspaces/aprs_humble/aprs_ws/install/franka_setup/share/franka_setup/cmake/franka_setupConfig-version.cmake
[4.448s] -- Up-to-date: /workspaces/aprs_humble/aprs_ws/install/franka_setup/share/franka_setup/package.xml
[4.451s] Invoked command in '/workspaces/aprs_humble/aprs_ws/build/franka_setup' returned '0': CMAKE_PREFIX_PATH=${CMAKE_PREFIX_PATH}:/workspaces/aprs_humble/aprs_ws/install/rqt_controller_manager:/workspaces/aprs_humble/aprs_ws/install/ros2controlcli:/opt/ros/humble /usr/bin/cmake --install /workspaces/aprs_humble/aprs_ws/build/franka_setup
