[0.052s] Invoking command in '/home/aprs/aprs/aprs_ws/build/ur_client_library': CMAKE_PREFIX_PATH=${CMAKE_PREFIX_PATH}:/home/aprs/aprs/aprs_ws/install/conveyor_controller:/opt/ros/humble /usr/bin/cmake /home/aprs/aprs/aprs_ws/src/Universal_Robots_Client_Library -DCMAKE_INSTALL_PREFIX=/home/aprs/aprs/aprs_ws/install/ur_client_library
[0.289s] -- The C compiler identification is GNU 11.4.0
[0.289s] -- The CXX compiler identification is GNU 11.4.0
[0.290s] -- Detecting C compiler ABI info
[0.290s] -- Detecting C compiler ABI info - done
[0.290s] -- Check for working C compiler: /usr/bin/cc - skipped
[0.290s] -- Detecting C compile features
[0.290s] -- Detecting C compile features - done
[0.290s] -- Detecting CXX compiler ABI info
[0.290s] -- Detecting CXX compiler ABI info - done
[0.290s] -- Check for working CXX compiler: /usr/bin/c++ - skipped
[0.290s] -- Detecting CXX compile features
[0.291s] -- Detecting CXX compile features - done
[0.291s] -- Performing C++17 Test
[0.291s] -- Performing Test COMPILER_SUPPORTS_CXX17
[0.292s] [0mur_client_library: You did not request a specific build type: selecting 'RelWithDebInfo'.[0m
[0.400s] -- Performing Test COMPILER_SUPPORTS_CXX17 - Success
[0.400s] -- Looking for pthread.h
[0.481s] -- Looking for pthread.h - found
[0.481s] -- Performing Test CMAKE_HAVE_LIBC_PTHREAD
[0.620s] -- Performing Test CMAKE_HAVE_LIBC_PTHREAD - Success
[0.621s] -- Found Threads: TRUE  
[0.621s] -- Building tests disabled.
[0.625s] -- Configuring done
[0.636s] -- Generating done
[0.640s] -- Build files have been written to: /home/aprs/aprs/aprs_ws/build/ur_client_library
[0.647s] Invoked command in '/home/aprs/aprs/aprs_ws/build/ur_client_library' returned '0': CMAKE_PREFIX_PATH=${CMAKE_PREFIX_PATH}:/home/aprs/aprs/aprs_ws/install/conveyor_controller:/opt/ros/humble /usr/bin/cmake /home/aprs/aprs/aprs_ws/src/Universal_Robots_Client_Library -DCMAKE_INSTALL_PREFIX=/home/aprs/aprs/aprs_ws/install/ur_client_library
[0.647s] Invoking command in '/home/aprs/aprs/aprs_ws/build/ur_client_library': CMAKE_PREFIX_PATH=${CMAKE_PREFIX_PATH}:/home/aprs/aprs/aprs_ws/install/conveyor_controller:/opt/ros/humble /usr/bin/cmake --build /home/aprs/aprs/aprs_ws/build/ur_client_library -- -j16 -l16
[1.581s] [  4%] [32mBuilding CXX object CMakeFiles/urcl.dir/src/comm/tcp_socket.cpp.o[0m
[1.581s] [  4%] [32mBuilding CXX object CMakeFiles/urcl.dir/src/comm/tcp_server.cpp.o[0m
[1.581s] [  6%] [32mBuilding CXX object CMakeFiles/urcl.dir/src/control/reverse_interface.cpp.o[0m
[1.581s] [  8%] [32mBuilding CXX object CMakeFiles/urcl.dir/src/control/script_sender.cpp.o[0m
[1.581s] [ 10%] [32mBuilding CXX object CMakeFiles/urcl.dir/src/control/trajectory_point_interface.cpp.o[0m
[1.581s] [ 12%] [32mBuilding CXX object CMakeFiles/urcl.dir/src/control/script_command_interface.cpp.o[0m
[1.581s] [ 14%] [32mBuilding CXX object CMakeFiles/urcl.dir/src/primary/primary_package.cpp.o[0m
[1.581s] [ 16%] [32mBuilding CXX object CMakeFiles/urcl.dir/src/primary/robot_message.cpp.o[0m
[1.581s] [ 18%] [32mBuilding CXX object CMakeFiles/urcl.dir/src/primary/robot_message/version_message.cpp.o[0m
[1.581s] [ 20%] [32mBuilding CXX object CMakeFiles/urcl.dir/src/primary/robot_state/kinematics_info.cpp.o[0m
[1.581s] [ 22%] [32mBuilding CXX object CMakeFiles/urcl.dir/src/rtde/control_package_pause.cpp.o[0m
[1.581s] [ 24%] [32mBuilding CXX object CMakeFiles/urcl.dir/src/rtde/control_package_start.cpp.o[0m
[1.581s] [ 26%] [32mBuilding CXX object CMakeFiles/urcl.dir/src/rtde/control_package_setup_inputs.cpp.o[0m
[1.581s] [ 28%] [32mBuilding CXX object CMakeFiles/urcl.dir/src/rtde/control_package_setup_outputs.cpp.o[0m
[1.581s] [ 30%] [32mBuilding CXX object CMakeFiles/urcl.dir/src/primary/robot_state.cpp.o[0m
[1.581s] [ 32%] [32mBuilding CXX object CMakeFiles/urcl.dir/src/rtde/data_package.cpp.o[0m
[2.090s] [ 34%] [32mBuilding CXX object CMakeFiles/urcl.dir/src/rtde/get_urcontrol_version.cpp.o[0m
[2.104s] [ 36%] [32mBuilding CXX object CMakeFiles/urcl.dir/src/rtde/request_protocol_version.cpp.o[0m
[2.125s] [ 38%] [32mBuilding CXX object CMakeFiles/urcl.dir/src/rtde/rtde_package.cpp.o[0m
[2.182s] [ 40%] [32mBuilding CXX object CMakeFiles/urcl.dir/src/rtde/rtde_client.cpp.o[0m
[2.182s] [ 42%] [32mBuilding CXX object CMakeFiles/urcl.dir/src/rtde/text_message.cpp.o[0m
[2.182s] [ 44%] [32mBuilding CXX object CMakeFiles/urcl.dir/src/ur/ur_driver.cpp.o[0m
[2.212s] [ 46%] [32mBuilding CXX object CMakeFiles/urcl.dir/src/ur/calibration_checker.cpp.o[0m
[2.220s] [ 48%] [32mBuilding CXX object CMakeFiles/urcl.dir/src/ur/dashboard_client.cpp.o[0m
[2.293s] [ 51%] [32mBuilding CXX object CMakeFiles/urcl.dir/src/ur/tool_communication.cpp.o[0m
[2.341s] [ 53%] [32mBuilding CXX object CMakeFiles/urcl.dir/src/ur/version_information.cpp.o[0m
[2.360s] [ 55%] [32mBuilding CXX object CMakeFiles/urcl.dir/src/rtde/rtde_writer.cpp.o[0m
[2.411s] [ 57%] [32mBuilding CXX object CMakeFiles/urcl.dir/src/default_log_handler.cpp.o[0m
[2.547s] [ 59%] [32mBuilding CXX object CMakeFiles/urcl.dir/src/log.cpp.o[0m
[2.720s] [ 61%] [32mBuilding CXX object CMakeFiles/urcl.dir/src/helpers.cpp.o[0m
[11.329s] [ 63%] [32m[1mLinking CXX shared library liburcl.so[0m
[11.806s] [ 63%] Built target urcl
[11.856s] [ 65%] [32mBuilding CXX object examples/CMakeFiles/driver_example.dir/full_driver.cpp.o[0m
[11.860s] [ 67%] [32mBuilding CXX object examples/CMakeFiles/dashboard_example.dir/dashboard_example.cpp.o[0m
[11.875s] [ 69%] [32mBuilding CXX object examples/CMakeFiles/rtde_client_example.dir/rtde_client.cpp.o[0m
[11.884s] [ 71%] [32mBuilding CXX object examples/CMakeFiles/spline_example.dir/spline_example.cpp.o[0m
[11.884s] [ 73%] [32mBuilding CXX object examples/CMakeFiles/primary_pipeline_calibration_example.dir/primary_pipeline_calibration.cpp.o[0m
[11.892s] [ 75%] [32mBuilding CXX object examples/CMakeFiles/primary_pipeline_example.dir/primary_pipeline.cpp.o[0m
[12.521s] [ 77%] [32m[1mLinking CXX executable dashboard_example[0m
[12.644s] [ 77%] Built target dashboard_example
[12.675s] [ 79%] [32mBuilding CXX object examples/CMakeFiles/force_mode_example.dir/force_mode_example.cpp.o[0m
[12.688s] [ 81%] [32mBuilding CXX object examples/CMakeFiles/freedrive_example.dir/freedrive_example.cpp.o[0m
[12.702s] [ 83%] [32mBuilding CXX object examples/CMakeFiles/tool_contact_example.dir/tool_contact_example.cpp.o[0m
[13.183s] [ 85%] [32m[1mLinking CXX executable primary_pipeline_calibration_example[0m
[13.199s] [ 87%] [32m[1mLinking CXX executable rtde_client_example[0m
[13.356s] [ 87%] Built target primary_pipeline_calibration_example
[13.400s] [ 89%] [32m[1mLinking CXX executable primary_pipeline_example[0m
[13.416s] [ 89%] Built target rtde_client_example
[13.523s] [ 89%] Built target primary_pipeline_example
[13.542s] [ 91%] [32m[1mLinking CXX executable driver_example[0m
[13.646s] [ 91%] Built target driver_example
[13.799s] [ 93%] [32m[1mLinking CXX executable spline_example[0m
[13.906s] [ 93%] Built target spline_example
[14.131s] [ 95%] [32m[1mLinking CXX executable force_mode_example[0m
[14.194s] [ 97%] [32m[1mLinking CXX executable tool_contact_example[0m
[14.216s] [100%] [32m[1mLinking CXX executable freedrive_example[0m
[14.221s] [100%] Built target force_mode_example
[14.289s] [100%] Built target freedrive_example
[14.306s] [100%] Built target tool_contact_example
[14.316s] Invoked command in '/home/aprs/aprs/aprs_ws/build/ur_client_library' returned '0': CMAKE_PREFIX_PATH=${CMAKE_PREFIX_PATH}:/home/aprs/aprs/aprs_ws/install/conveyor_controller:/opt/ros/humble /usr/bin/cmake --build /home/aprs/aprs/aprs_ws/build/ur_client_library -- -j16 -l16
[14.397s] Invoking command in '/home/aprs/aprs/aprs_ws/build/ur_client_library': CMAKE_PREFIX_PATH=${CMAKE_PREFIX_PATH}:/home/aprs/aprs/aprs_ws/install/conveyor_controller:/opt/ros/humble /usr/bin/cmake --install /home/aprs/aprs/aprs_ws/build/ur_client_library
[14.404s] -- Install configuration: "RelWithDebInfo"
[14.404s] -- Installing: /home/aprs/aprs/aprs_ws/install/ur_client_library/lib/liburcl.so
[14.417s] -- Installing: /home/aprs/aprs/aprs_ws/install/ur_client_library/include
[14.418s] -- Installing: /home/aprs/aprs/aprs_ws/install/ur_client_library/include/ur_client_library
[14.418s] -- Installing: /home/aprs/aprs/aprs_ws/install/ur_client_library/include/ur_client_library/helpers.h
[14.418s] -- Installing: /home/aprs/aprs/aprs_ws/install/ur_client_library/include/ur_client_library/log.h
[14.418s] -- Installing: /home/aprs/aprs/aprs_ws/install/ur_client_library/include/ur_client_library/default_log_handler.h
[14.418s] -- Installing: /home/aprs/aprs/aprs_ws/install/ur_client_library/include/ur_client_library/exceptions.h
[14.418s] -- Installing: /home/aprs/aprs/aprs_ws/install/ur_client_library/include/ur_client_library/primary
[14.418s] -- Installing: /home/aprs/aprs/aprs_ws/install/ur_client_library/include/ur_client_library/primary/robot_message.h
[14.418s] -- Installing: /home/aprs/aprs/aprs_ws/install/ur_client_library/include/ur_client_library/primary/robot_message
[14.418s] -- Installing: /home/aprs/aprs/aprs_ws/install/ur_client_library/include/ur_client_library/primary/robot_message/version_message.h
[14.418s] -- Installing: /home/aprs/aprs/aprs_ws/install/ur_client_library/include/ur_client_library/primary/robot_state
[14.418s] -- Installing: /home/aprs/aprs/aprs_ws/install/ur_client_library/include/ur_client_library/primary/robot_state/kinematics_info.h
[14.418s] -- Installing: /home/aprs/aprs/aprs_ws/install/ur_client_library/include/ur_client_library/primary/primary_parser.h
[14.418s] -- Installing: /home/aprs/aprs/aprs_ws/install/ur_client_library/include/ur_client_library/primary/package_header.h
[14.418s] -- Installing: /home/aprs/aprs/aprs_ws/install/ur_client_library/include/ur_client_library/primary/primary_package.h
[14.419s] -- Installing: /home/aprs/aprs/aprs_ws/install/ur_client_library/include/ur_client_library/primary/robot_state.h
[14.419s] -- Installing: /home/aprs/aprs/aprs_ws/install/ur_client_library/include/ur_client_library/primary/abstract_primary_consumer.h
[14.419s] -- Installing: /home/aprs/aprs/aprs_ws/install/ur_client_library/include/ur_client_library/rtde
[14.419s] -- Installing: /home/aprs/aprs/aprs_ws/install/ur_client_library/include/ur_client_library/rtde/control_package_setup_outputs.h
[14.419s] -- Installing: /home/aprs/aprs/aprs_ws/install/ur_client_library/include/ur_client_library/rtde/get_urcontrol_version.h
[14.419s] -- Installing: /home/aprs/aprs/aprs_ws/install/ur_client_library/include/ur_client_library/rtde/text_message.h
[14.419s] -- Installing: /home/aprs/aprs/aprs_ws/install/ur_client_library/include/ur_client_library/rtde/data_package.h
[14.419s] -- Installing: /home/aprs/aprs/aprs_ws/install/ur_client_library/include/ur_client_library/rtde/control_package_start.h
[14.419s] -- Installing: /home/aprs/aprs/aprs_ws/install/ur_client_library/include/ur_client_library/rtde/request_protocol_version.h
[14.419s] -- Installing: /home/aprs/aprs/aprs_ws/install/ur_client_library/include/ur_client_library/rtde/rtde_parser.h
[14.419s] -- Installing: /home/aprs/aprs/aprs_ws/install/ur_client_library/include/ur_client_library/rtde/control_package_pause.h
[14.419s] -- Installing: /home/aprs/aprs/aprs_ws/install/ur_client_library/include/ur_client_library/rtde/rtde_package.h
[14.419s] -- Installing: /home/aprs/aprs/aprs_ws/install/ur_client_library/include/ur_client_library/rtde/package_header.h
[14.419s] -- Installing: /home/aprs/aprs/aprs_ws/install/ur_client_library/include/ur_client_library/rtde/rtde_client.h
[14.420s] -- Installing: /home/aprs/aprs/aprs_ws/install/ur_client_library/include/ur_client_library/rtde/rtde_writer.h
[14.420s] -- Installing: /home/aprs/aprs/aprs_ws/install/ur_client_library/include/ur_client_library/rtde/control_package_setup_inputs.h
[14.420s] -- Installing: /home/aprs/aprs/aprs_ws/install/ur_client_library/include/ur_client_library/queue
[14.420s] -- Installing: /home/aprs/aprs/aprs_ws/install/ur_client_library/include/ur_client_library/queue/LICENSE.md
[14.420s] -- Installing: /home/aprs/aprs/aprs_ws/install/ur_client_library/include/ur_client_library/queue/readerwriterqueue.h
[14.420s] -- Installing: /home/aprs/aprs/aprs_ws/install/ur_client_library/include/ur_client_library/queue/atomicops.h
[14.420s] -- Installing: /home/aprs/aprs/aprs_ws/install/ur_client_library/include/ur_client_library/comm
[14.420s] -- Installing: /home/aprs/aprs/aprs_ws/install/ur_client_library/include/ur_client_library/comm/pipeline.h
[14.420s] -- Installing: /home/aprs/aprs/aprs_ws/install/ur_client_library/include/ur_client_library/comm/package_serializer.h
[14.421s] -- Installing: /home/aprs/aprs/aprs_ws/install/ur_client_library/include/ur_client_library/comm/producer.h
[14.421s] -- Installing: /home/aprs/aprs/aprs_ws/install/ur_client_library/include/ur_client_library/comm/tcp_socket.h
[14.421s] -- Installing: /home/aprs/aprs/aprs_ws/install/ur_client_library/include/ur_client_library/comm/package.h
[14.421s] -- Installing: /home/aprs/aprs/aprs_ws/install/ur_client_library/include/ur_client_library/comm/bin_parser.h
[14.421s] -- Installing: /home/aprs/aprs/aprs_ws/install/ur_client_library/include/ur_client_library/comm/parser.h
[14.421s] -- Installing: /home/aprs/aprs/aprs_ws/install/ur_client_library/include/ur_client_library/comm/stream.h
[14.421s] -- Installing: /home/aprs/aprs/aprs_ws/install/ur_client_library/include/ur_client_library/comm/control_mode.h
[14.421s] -- Installing: /home/aprs/aprs/aprs_ws/install/ur_client_library/include/ur_client_library/comm/shell_consumer.h
[14.421s] -- Installing: /home/aprs/aprs/aprs_ws/install/ur_client_library/include/ur_client_library/comm/tcp_server.h
[14.421s] -- Installing: /home/aprs/aprs/aprs_ws/install/ur_client_library/include/ur_client_library/control
[14.421s] -- Installing: /home/aprs/aprs/aprs_ws/install/ur_client_library/include/ur_client_library/control/script_sender.h
[14.422s] -- Installing: /home/aprs/aprs/aprs_ws/install/ur_client_library/include/ur_client_library/control/script_command_interface.h
[14.422s] -- Installing: /home/aprs/aprs/aprs_ws/install/ur_client_library/include/ur_client_library/control/reverse_interface.h
[14.422s] -- Installing: /home/aprs/aprs/aprs_ws/install/ur_client_library/include/ur_client_library/control/trajectory_point_interface.h
[14.422s] -- Installing: /home/aprs/aprs/aprs_ws/install/ur_client_library/include/ur_client_library/types.h
[14.422s] -- Installing: /home/aprs/aprs/aprs_ws/install/ur_client_library/include/ur_client_library/ur
[14.422s] -- Installing: /home/aprs/aprs/aprs_ws/install/ur_client_library/include/ur_client_library/ur/version_information.h
[14.422s] -- Installing: /home/aprs/aprs/aprs_ws/install/ur_client_library/include/ur_client_library/ur/datatypes.h
[14.422s] -- Installing: /home/aprs/aprs/aprs_ws/install/ur_client_library/include/ur_client_library/ur/tool_communication.h
[14.422s] -- Installing: /home/aprs/aprs/aprs_ws/install/ur_client_library/include/ur_client_library/ur/ur_driver.h
[14.422s] -- Installing: /home/aprs/aprs/aprs_ws/install/ur_client_library/include/ur_client_library/ur/dashboard_client.h
[14.422s] -- Installing: /home/aprs/aprs/aprs_ws/install/ur_client_library/include/ur_client_library/ur/calibration_checker.h
[14.423s] -- Installing: /home/aprs/aprs/aprs_ws/install/ur_client_library/lib/cmake/ur_client_library/urclTargets.cmake
[14.423s] -- Installing: /home/aprs/aprs/aprs_ws/install/ur_client_library/lib/cmake/ur_client_library/urclTargets-relwithdebinfo.cmake
[14.423s] -- Installing: /home/aprs/aprs/aprs_ws/install/ur_client_library/lib/ur_client_library/start_ursim.sh
[14.423s] -- Installing: /home/aprs/aprs/aprs_ws/install/ur_client_library/lib/cmake/ur_client_library/ur_client_libraryConfig.cmake
[14.423s] -- Installing: /home/aprs/aprs/aprs_ws/install/ur_client_library/share/ur_client_library/package.xml
[14.424s] -- Installing: /home/aprs/aprs/aprs_ws/install/ur_client_library/share/ament_index/resource_index/packages/ur_client_library
[14.424s] -- Installing: /home/aprs/aprs/aprs_ws/install/ur_client_library/share/ur_client_library/hook/ament_prefix_path.dsv
[14.424s] -- Installing: /home/aprs/aprs/aprs_ws/install/ur_client_library/share/ur_client_library/hook/ros_package_path.dsv
[14.424s] -- Installing: /home/aprs/aprs/aprs_ws/install/ur_client_library/share/ur_client_library/resources
[14.424s] -- Installing: /home/aprs/aprs/aprs_ws/install/ur_client_library/share/ur_client_library/resources/external_control.urscript
[14.426s] Invoked command in '/home/aprs/aprs/aprs_ws/build/ur_client_library' returned '0': CMAKE_PREFIX_PATH=${CMAKE_PREFIX_PATH}:/home/aprs/aprs/aprs_ws/install/conveyor_controller:/opt/ros/humble /usr/bin/cmake --install /home/aprs/aprs/aprs_ws/build/ur_client_library
