[0.419s] Invoking command in '/workspaces/aprs/aprs_ws/build/camera_mount': CMAKE_PREFIX_PATH=${CMAKE_PREFIX_PATH}:/opt/ros/humble /usr/bin/cmake --build /workspaces/aprs/aprs_ws/build/camera_mount -- -j16 -l16
[0.566s] Invoked command in '/workspaces/aprs/aprs_ws/build/camera_mount' returned '0': CMAKE_PREFIX_PATH=${CMAKE_PREFIX_PATH}:/opt/ros/humble /usr/bin/cmake --build /workspaces/aprs/aprs_ws/build/camera_mount -- -j16 -l16
[0.717s] Invoking command in '/workspaces/aprs/aprs_ws/build/camera_mount': CMAKE_PREFIX_PATH=${CMAKE_PREFIX_PATH}:/opt/ros/humble /usr/bin/cmake --install /workspaces/aprs/aprs_ws/build/camera_mount
[0.725s] -- Install configuration: ""
[0.726s] -- Up-to-date: /workspaces/aprs/aprs_ws/install/camera_mount/share/camera_mount/meshes
[0.726s] -- Up-to-date: /workspaces/aprs/aprs_ws/install/camera_mount/share/camera_mount/meshes/camera_mount.STL
[0.726s] -- Up-to-date: /workspaces/aprs/aprs_ws/install/camera_mount/share/camera_mount/urdf
[0.726s] -- Up-to-date: /workspaces/aprs/aprs_ws/install/camera_mount/share/camera_mount/urdf/camera_mount.urdf.xacro
[0.726s] -- Up-to-date: /workspaces/aprs/aprs_ws/install/camera_mount/share/camera_mount/urdf
[0.726s] -- Up-to-date: /workspaces/aprs/aprs_ws/install/camera_mount/share/camera_mount/urdf/camera_mount.urdf.xacro
[0.726s] -- Up-to-date: /workspaces/aprs/aprs_ws/install/camera_mount/share/camera_mount/environment/camera_mount.dsv
[0.726s] -- Up-to-date: /workspaces/aprs/aprs_ws/install/camera_mount/share/camera_mount/environment/camera_mount.sh
[0.726s] -- Up-to-date: /workspaces/aprs/aprs_ws/install/camera_mount/share/ament_index/resource_index/package_run_dependencies/camera_mount
[0.727s] -- Up-to-date: /workspaces/aprs/aprs_ws/install/camera_mount/share/ament_index/resource_index/parent_prefix_path/camera_mount
[0.728s] -- Up-to-date: /workspaces/aprs/aprs_ws/install/camera_mount/share/camera_mount/environment/ament_prefix_path.sh
[0.728s] -- Up-to-date: /workspaces/aprs/aprs_ws/install/camera_mount/share/camera_mount/environment/ament_prefix_path.dsv
[0.728s] -- Up-to-date: /workspaces/aprs/aprs_ws/install/camera_mount/share/camera_mount/environment/path.sh
[0.728s] -- Up-to-date: /workspaces/aprs/aprs_ws/install/camera_mount/share/camera_mount/environment/path.dsv
[0.728s] -- Up-to-date: /workspaces/aprs/aprs_ws/install/camera_mount/share/camera_mount/local_setup.bash
[0.728s] -- Up-to-date: /workspaces/aprs/aprs_ws/install/camera_mount/share/camera_mount/local_setup.sh
[0.728s] -- Up-to-date: /workspaces/aprs/aprs_ws/install/camera_mount/share/camera_mount/local_setup.zsh
[0.729s] -- Up-to-date: /workspaces/aprs/aprs_ws/install/camera_mount/share/camera_mount/local_setup.dsv
[0.729s] -- Installing: /workspaces/aprs/aprs_ws/install/camera_mount/share/camera_mount/package.dsv
[0.729s] -- Up-to-date: /workspaces/aprs/aprs_ws/install/camera_mount/share/ament_index/resource_index/packages/camera_mount
[0.729s] -- Up-to-date: /workspaces/aprs/aprs_ws/install/camera_mount/share/camera_mount/cmake/camera_mountConfig.cmake
[0.729s] -- Up-to-date: /workspaces/aprs/aprs_ws/install/camera_mount/share/camera_mount/cmake/camera_mountConfig-version.cmake
[0.729s] -- Up-to-date: /workspaces/aprs/aprs_ws/install/camera_mount/share/camera_mount/package.xml
[0.908s] Invoked command in '/workspaces/aprs/aprs_ws/build/camera_mount' returned '0': CMAKE_PREFIX_PATH=${CMAKE_PREFIX_PATH}:/opt/ros/humble /usr/bin/cmake --install /workspaces/aprs/aprs_ws/build/camera_mount
