[0.024s] Invoking command in '/home/aprs/aprs/aprs_ws/build/ur_robot_driver': AMENT_PREFIX_PATH=/home/aprs/aprs/aprs_ws/install/velocity_controllers:/home/aprs/aprs/aprs_ws/install/ur_controllers:/home/aprs/aprs/aprs_ws/install/position_controllers:/home/aprs/aprs/aprs_ws/install/joint_trajectory_controller:/home/aprs/aprs/aprs_ws/install/joint_state_broadcaster:/home/aprs/aprs/aprs_ws/install/forward_command_controller:/home/aprs/aprs/aprs_ws/install/force_torque_sensor_broadcaster:/home/aprs/aprs/aprs_ws/install/controller_manager:/home/aprs/aprs/aprs_ws/install/controller_interface:/home/aprs/aprs/aprs_ws/install/hardware_interface:/home/aprs/aprs/aprs_ws/install/ur_msgs:/home/aprs/aprs/aprs_ws/install/ur_description:/home/aprs/aprs/aprs_ws/install/ur_dashboard_msgs:/home/aprs/aprs/aprs_ws/install/ros2_controllers_test_nodes:/home/aprs/aprs/aprs_ws/install/ros2_control_test_assets:/home/aprs/aprs/aprs_ws/install/controller_manager_msgs:/home/aprs/aprs/aprs_ws/install/control_msgs:${AMENT_PREFIX_PATH} CMAKE_PREFIX_PATH=/home/aprs/aprs/aprs_ws/install/velocity_controllers:/home/aprs/aprs/aprs_ws/install/ur_controllers:/home/aprs/aprs/aprs_ws/install/position_controllers:/home/aprs/aprs/aprs_ws/install/joint_trajectory_controller:/home/aprs/aprs/aprs_ws/install/joint_state_broadcaster:/home/aprs/aprs/aprs_ws/install/forward_command_controller:/home/aprs/aprs/aprs_ws/install/force_torque_sensor_broadcaster:/home/aprs/aprs/aprs_ws/install/controller_manager:/home/aprs/aprs/aprs_ws/install/controller_interface:/home/aprs/aprs/aprs_ws/install/hardware_interface:/home/aprs/aprs/aprs_ws/install/ur_msgs:/home/aprs/aprs/aprs_ws/install/ur_description:/home/aprs/aprs/aprs_ws/install/ur_dashboard_msgs:/home/aprs/aprs/aprs_ws/install/ur_client_library:/home/aprs/aprs/aprs_ws/install/ros2_control_test_assets:/home/aprs/aprs/aprs_ws/install/controller_manager_msgs:/home/aprs/aprs/aprs_ws/install/control_msgs:/opt/ros/rolling LD_LIBRARY_PATH=/home/aprs/aprs/aprs_ws/install/velocity_controllers/lib:/home/aprs/aprs/aprs_ws/install/ur_controllers/lib:/home/aprs/aprs/aprs_ws/install/position_controllers/lib:/home/aprs/aprs/aprs_ws/install/joint_trajectory_controller/lib:/home/aprs/aprs/aprs_ws/install/joint_state_broadcaster/lib:/home/aprs/aprs/aprs_ws/install/forward_command_controller/lib:/home/aprs/aprs/aprs_ws/install/force_torque_sensor_broadcaster/lib:/home/aprs/aprs/aprs_ws/install/controller_manager/lib:/home/aprs/aprs/aprs_ws/install/controller_interface/lib:/home/aprs/aprs/aprs_ws/install/hardware_interface/lib:/home/aprs/aprs/aprs_ws/install/ur_msgs/lib:/home/aprs/aprs/aprs_ws/install/ur_dashboard_msgs/lib:/home/aprs/aprs/aprs_ws/install/ur_client_library/lib:/home/aprs/aprs/aprs_ws/install/ros2_control_test_assets/lib:/home/aprs/aprs/aprs_ws/install/controller_manager_msgs/lib:/home/aprs/aprs/aprs_ws/install/control_msgs/lib:${LD_LIBRARY_PATH} PKG_CONFIG_PATH=/home/aprs/aprs/aprs_ws/install/ur_client_library/lib/x86_64-linux-gnu/pkgconfig:/home/aprs/aprs/aprs_ws/install/ur_client_library/lib/pkgconfig PYTHONPATH=/home/aprs/aprs/aprs_ws/install/controller_manager/lib/python3.10/site-packages:/home/aprs/aprs/aprs_ws/install/ur_msgs/lib/python3.10/site-packages:/home/aprs/aprs/aprs_ws/install/ur_dashboard_msgs/lib/python3.10/site-packages:/home/aprs/aprs/aprs_ws/install/ros2_controllers_test_nodes/lib/python3.10/site-packages:/home/aprs/aprs/aprs_ws/install/controller_manager_msgs/lib/python3.10/site-packages:/home/aprs/aprs/aprs_ws/install/control_msgs/lib/python3.10/site-packages:${PYTHONPATH} /usr/bin/cmake /home/aprs/aprs/aprs_ws/src/Universal_Robots_ROS2_Driver/ur_robot_driver -DCMAKE_INSTALL_PREFIX=/home/aprs/aprs/aprs_ws/install/ur_robot_driver
[0.058s] -- The C compiler identification is GNU 11.4.0
[0.093s] -- The CXX compiler identification is GNU 11.4.0
[0.097s] -- Detecting C compiler ABI info
[0.140s] -- Detecting C compiler ABI info - done
[0.144s] -- Check for working C compiler: /usr/bin/cc - skipped
[0.144s] -- Detecting C compile features
[0.144s] -- Detecting C compile features - done
[0.146s] -- Detecting CXX compiler ABI info
[0.196s] -- Detecting CXX compiler ABI info - done
[0.200s] -- Check for working CXX compiler: /usr/bin/c++ - skipped
[0.200s] -- Detecting CXX compile features
[0.200s] -- Detecting CXX compile features - done
[0.201s] [0mur_robot_driver: You did not request a specific build type: selecting 'RelWithDebInfo'.[0m
[0.203s] -- Found ament_cmake: 2.2.1 (/opt/ros/rolling/share/ament_cmake/cmake)
[0.308s] -- Found Python3: /usr/bin/python3.10 (found version "3.10.12") found components: Interpreter 
[0.369s] -- Found controller_manager: 3.17.0 (/home/aprs/aprs/aprs_ws/install/controller_manager/share/controller_manager/cmake)
[0.406s] -- Found rosidl_generator_c: 4.3.0 (/opt/ros/rolling/share/rosidl_generator_c/cmake)
[0.416s] -- Found rosidl_generator_cpp: 4.3.0 (/opt/ros/rolling/share/rosidl_generator_cpp/cmake)
[0.428s] -- Using all available rosidl_typesupport_c: rosidl_typesupport_fastrtps_c;rosidl_typesupport_introspection_c
[0.441s] -- Using all available rosidl_typesupport_cpp: rosidl_typesupport_fastrtps_cpp;rosidl_typesupport_introspection_cpp
[0.928s] -- Found rmw_implementation_cmake: 7.2.1 (/opt/ros/rolling/share/rmw_implementation_cmake/cmake)
[0.931s] -- Found rmw_fastrtps_cpp: 7.3.0 (/opt/ros/rolling/share/rmw_fastrtps_cpp/cmake)
[1.002s] -- Found OpenSSL: /usr/lib/x86_64-linux-gnu/libcrypto.so (found version "3.0.2")  
[1.021s] -- Found FastRTPS: /opt/ros/rolling/include  
[1.051s] -- Using RMW implementation 'rmw_fastrtps_cpp' as default
[1.478s] -- Found std_srvs: 5.2.0 (/opt/ros/rolling/share/std_srvs/cmake)
[1.505s] -- Found tf2_geometry_msgs: 0.32.2 (/opt/ros/rolling/share/tf2_geometry_msgs/cmake)
[1.518s] -- Found eigen3_cmake_module: 0.3.0 (/opt/ros/rolling/share/eigen3_cmake_module/cmake)
[1.518s] -- Found Eigen3: TRUE (found version "3.4.0") 
[1.518s] -- Ensuring Eigen3 include directory is part of orocos-kdl CMake target
[1.707s] -- Found ur_dashboard_msgs: 2.3.2 (/home/aprs/aprs/aprs_ws/install/ur_dashboard_msgs/share/ur_dashboard_msgs/cmake)
[1.892s] -- Found ur_controllers: 2.3.2 (/home/aprs/aprs/aprs_ws/install/ur_controllers/share/ur_controllers/cmake)
[1.932s] -- Found parameter_traits: 0.3.3 (/opt/ros/rolling/share/parameter_traits/cmake)
[2.098s] -- Found ur_description: 2.1.0 (/home/aprs/aprs/aprs_ws/install/ur_description/share/ur_description/cmake)
[2.100s] -- Found launch_testing_ament_cmake: 2.2.1 (/opt/ros/rolling/share/launch_testing_ament_cmake/cmake)
[2.102s] -- Found python_cmake_module: 0.11.0 (/opt/ros/rolling/share/python_cmake_module/cmake)
[2.115s] -- Found PythonInterp: /usr/bin/python3 (found suitable version "3.10.12", minimum required is "3.6") 
[2.118s] -- Found PythonLibs: /usr/lib/x86_64-linux-gnu/libpython3.10.so (found suitable version "3.10.12", minimum required is "3.5") 
[2.118s] -- Using PYTHON_EXECUTABLE: /usr/bin/python3
[2.118s] -- Using PYTHON_INCLUDE_DIRS: /usr/include/python3.10
[2.118s] -- Using PYTHON_LIBRARIES: /usr/lib/x86_64-linux-gnu/libpython3.10.so
[2.131s] -- Found PythonExtra: .so  
[2.131s] -- Configuring done
[2.164s] -- Generating done
[2.165s] -- Build files have been written to: /home/aprs/aprs/aprs_ws/build/ur_robot_driver
[2.174s] Invoked command in '/home/aprs/aprs/aprs_ws/build/ur_robot_driver' returned '0': AMENT_PREFIX_PATH=/home/aprs/aprs/aprs_ws/install/velocity_controllers:/home/aprs/aprs/aprs_ws/install/ur_controllers:/home/aprs/aprs/aprs_ws/install/position_controllers:/home/aprs/aprs/aprs_ws/install/joint_trajectory_controller:/home/aprs/aprs/aprs_ws/install/joint_state_broadcaster:/home/aprs/aprs/aprs_ws/install/forward_command_controller:/home/aprs/aprs/aprs_ws/install/force_torque_sensor_broadcaster:/home/aprs/aprs/aprs_ws/install/controller_manager:/home/aprs/aprs/aprs_ws/install/controller_interface:/home/aprs/aprs/aprs_ws/install/hardware_interface:/home/aprs/aprs/aprs_ws/install/ur_msgs:/home/aprs/aprs/aprs_ws/install/ur_description:/home/aprs/aprs/aprs_ws/install/ur_dashboard_msgs:/home/aprs/aprs/aprs_ws/install/ros2_controllers_test_nodes:/home/aprs/aprs/aprs_ws/install/ros2_control_test_assets:/home/aprs/aprs/aprs_ws/install/controller_manager_msgs:/home/aprs/aprs/aprs_ws/install/control_msgs:${AMENT_PREFIX_PATH} CMAKE_PREFIX_PATH=/home/aprs/aprs/aprs_ws/install/velocity_controllers:/home/aprs/aprs/aprs_ws/install/ur_controllers:/home/aprs/aprs/aprs_ws/install/position_controllers:/home/aprs/aprs/aprs_ws/install/joint_trajectory_controller:/home/aprs/aprs/aprs_ws/install/joint_state_broadcaster:/home/aprs/aprs/aprs_ws/install/forward_command_controller:/home/aprs/aprs/aprs_ws/install/force_torque_sensor_broadcaster:/home/aprs/aprs/aprs_ws/install/controller_manager:/home/aprs/aprs/aprs_ws/install/controller_interface:/home/aprs/aprs/aprs_ws/install/hardware_interface:/home/aprs/aprs/aprs_ws/install/ur_msgs:/home/aprs/aprs/aprs_ws/install/ur_description:/home/aprs/aprs/aprs_ws/install/ur_dashboard_msgs:/home/aprs/aprs/aprs_ws/install/ur_client_library:/home/aprs/aprs/aprs_ws/install/ros2_control_test_assets:/home/aprs/aprs/aprs_ws/install/controller_manager_msgs:/home/aprs/aprs/aprs_ws/install/control_msgs:/opt/ros/rolling LD_LIBRARY_PATH=/home/aprs/aprs/aprs_ws/install/velocity_controllers/lib:/home/aprs/aprs/aprs_ws/install/ur_controllers/lib:/home/aprs/aprs/aprs_ws/install/position_controllers/lib:/home/aprs/aprs/aprs_ws/install/joint_trajectory_controller/lib:/home/aprs/aprs/aprs_ws/install/joint_state_broadcaster/lib:/home/aprs/aprs/aprs_ws/install/forward_command_controller/lib:/home/aprs/aprs/aprs_ws/install/force_torque_sensor_broadcaster/lib:/home/aprs/aprs/aprs_ws/install/controller_manager/lib:/home/aprs/aprs/aprs_ws/install/controller_interface/lib:/home/aprs/aprs/aprs_ws/install/hardware_interface/lib:/home/aprs/aprs/aprs_ws/install/ur_msgs/lib:/home/aprs/aprs/aprs_ws/install/ur_dashboard_msgs/lib:/home/aprs/aprs/aprs_ws/install/ur_client_library/lib:/home/aprs/aprs/aprs_ws/install/ros2_control_test_assets/lib:/home/aprs/aprs/aprs_ws/install/controller_manager_msgs/lib:/home/aprs/aprs/aprs_ws/install/control_msgs/lib:${LD_LIBRARY_PATH} PKG_CONFIG_PATH=/home/aprs/aprs/aprs_ws/install/ur_client_library/lib/x86_64-linux-gnu/pkgconfig:/home/aprs/aprs/aprs_ws/install/ur_client_library/lib/pkgconfig PYTHONPATH=/home/aprs/aprs/aprs_ws/install/controller_manager/lib/python3.10/site-packages:/home/aprs/aprs/aprs_ws/install/ur_msgs/lib/python3.10/site-packages:/home/aprs/aprs/aprs_ws/install/ur_dashboard_msgs/lib/python3.10/site-packages:/home/aprs/aprs/aprs_ws/install/ros2_controllers_test_nodes/lib/python3.10/site-packages:/home/aprs/aprs/aprs_ws/install/controller_manager_msgs/lib/python3.10/site-packages:/home/aprs/aprs/aprs_ws/install/control_msgs/lib/python3.10/site-packages:${PYTHONPATH} /usr/bin/cmake /home/aprs/aprs/aprs_ws/src/Universal_Robots_ROS2_Driver/ur_robot_driver -DCMAKE_INSTALL_PREFIX=/home/aprs/aprs/aprs_ws/install/ur_robot_driver
[2.175s] Invoking command in '/home/aprs/aprs/aprs_ws/build/ur_robot_driver': AMENT_PREFIX_PATH=/home/aprs/aprs/aprs_ws/install/velocity_controllers:/home/aprs/aprs/aprs_ws/install/ur_controllers:/home/aprs/aprs/aprs_ws/install/position_controllers:/home/aprs/aprs/aprs_ws/install/joint_trajectory_controller:/home/aprs/aprs/aprs_ws/install/joint_state_broadcaster:/home/aprs/aprs/aprs_ws/install/forward_command_controller:/home/aprs/aprs/aprs_ws/install/force_torque_sensor_broadcaster:/home/aprs/aprs/aprs_ws/install/controller_manager:/home/aprs/aprs/aprs_ws/install/controller_interface:/home/aprs/aprs/aprs_ws/install/hardware_interface:/home/aprs/aprs/aprs_ws/install/ur_msgs:/home/aprs/aprs/aprs_ws/install/ur_description:/home/aprs/aprs/aprs_ws/install/ur_dashboard_msgs:/home/aprs/aprs/aprs_ws/install/ros2_controllers_test_nodes:/home/aprs/aprs/aprs_ws/install/ros2_control_test_assets:/home/aprs/aprs/aprs_ws/install/controller_manager_msgs:/home/aprs/aprs/aprs_ws/install/control_msgs:${AMENT_PREFIX_PATH} CMAKE_PREFIX_PATH=/home/aprs/aprs/aprs_ws/install/velocity_controllers:/home/aprs/aprs/aprs_ws/install/ur_controllers:/home/aprs/aprs/aprs_ws/install/position_controllers:/home/aprs/aprs/aprs_ws/install/joint_trajectory_controller:/home/aprs/aprs/aprs_ws/install/joint_state_broadcaster:/home/aprs/aprs/aprs_ws/install/forward_command_controller:/home/aprs/aprs/aprs_ws/install/force_torque_sensor_broadcaster:/home/aprs/aprs/aprs_ws/install/controller_manager:/home/aprs/aprs/aprs_ws/install/controller_interface:/home/aprs/aprs/aprs_ws/install/hardware_interface:/home/aprs/aprs/aprs_ws/install/ur_msgs:/home/aprs/aprs/aprs_ws/install/ur_description:/home/aprs/aprs/aprs_ws/install/ur_dashboard_msgs:/home/aprs/aprs/aprs_ws/install/ur_client_library:/home/aprs/aprs/aprs_ws/install/ros2_control_test_assets:/home/aprs/aprs/aprs_ws/install/controller_manager_msgs:/home/aprs/aprs/aprs_ws/install/control_msgs:/opt/ros/rolling LD_LIBRARY_PATH=/home/aprs/aprs/aprs_ws/install/velocity_controllers/lib:/home/aprs/aprs/aprs_ws/install/ur_controllers/lib:/home/aprs/aprs/aprs_ws/install/position_controllers/lib:/home/aprs/aprs/aprs_ws/install/joint_trajectory_controller/lib:/home/aprs/aprs/aprs_ws/install/joint_state_broadcaster/lib:/home/aprs/aprs/aprs_ws/install/forward_command_controller/lib:/home/aprs/aprs/aprs_ws/install/force_torque_sensor_broadcaster/lib:/home/aprs/aprs/aprs_ws/install/controller_manager/lib:/home/aprs/aprs/aprs_ws/install/controller_interface/lib:/home/aprs/aprs/aprs_ws/install/hardware_interface/lib:/home/aprs/aprs/aprs_ws/install/ur_msgs/lib:/home/aprs/aprs/aprs_ws/install/ur_dashboard_msgs/lib:/home/aprs/aprs/aprs_ws/install/ur_client_library/lib:/home/aprs/aprs/aprs_ws/install/ros2_control_test_assets/lib:/home/aprs/aprs/aprs_ws/install/controller_manager_msgs/lib:/home/aprs/aprs/aprs_ws/install/control_msgs/lib:${LD_LIBRARY_PATH} PKG_CONFIG_PATH=/home/aprs/aprs/aprs_ws/install/ur_client_library/lib/x86_64-linux-gnu/pkgconfig:/home/aprs/aprs/aprs_ws/install/ur_client_library/lib/pkgconfig PYTHONPATH=/home/aprs/aprs/aprs_ws/install/controller_manager/lib/python3.10/site-packages:/home/aprs/aprs/aprs_ws/install/ur_msgs/lib/python3.10/site-packages:/home/aprs/aprs/aprs_ws/install/ur_dashboard_msgs/lib/python3.10/site-packages:/home/aprs/aprs/aprs_ws/install/ros2_controllers_test_nodes/lib/python3.10/site-packages:/home/aprs/aprs/aprs_ws/install/controller_manager_msgs/lib/python3.10/site-packages:/home/aprs/aprs/aprs_ws/install/control_msgs/lib/python3.10/site-packages:${PYTHONPATH} /usr/bin/cmake --build /home/aprs/aprs/aprs_ws/build/ur_robot_driver -- -j16 -l16
[2.209s] [  6%] [32mBuilding CXX object CMakeFiles/ur_robot_driver_plugin.dir/src/urcl_log_handler.cpp.o[0m
[2.210s] [ 13%] [32mBuilding CXX object CMakeFiles/ur_robot_driver_plugin.dir/src/dashboard_client_ros.cpp.o[0m
[2.210s] [ 20%] [32mBuilding CXX object CMakeFiles/ur_robot_driver_plugin.dir/src/hardware_interface.cpp.o[0m
[2.210s] [ 26%] [32mBuilding CXX object CMakeFiles/dashboard_client.dir/src/dashboard_client_ros.cpp.o[0m
[2.211s] [ 33%] [32mBuilding CXX object CMakeFiles/urscript_interface.dir/src/urscript_interface.cpp.o[0m
[2.211s] [ 40%] [32mBuilding CXX object CMakeFiles/dashboard_client.dir/src/urcl_log_handler.cpp.o[0m
[2.212s] [ 46%] [32mBuilding CXX object CMakeFiles/dashboard_client.dir/src/dashboard_client_node.cpp.o[0m
[2.212s] [ 53%] [32mBuilding CXX object CMakeFiles/ur_ros2_control_node.dir/src/ur_ros2_control_node.cpp.o[0m
[2.212s] [ 60%] [32mBuilding CXX object CMakeFiles/controller_stopper_node.dir/src/controller_stopper.cpp.o[0m
[2.213s] [ 66%] [32mBuilding CXX object CMakeFiles/controller_stopper_node.dir/src/controller_stopper_node.cpp.o[0m
[2.219s] [ 66%] Built target ament_cmake_python_copy_ur_robot_driver
[2.388s] running egg_info
[2.388s] creating ur_robot_driver.egg-info
[2.388s] writing ur_robot_driver.egg-info/PKG-INFO
[2.388s] writing dependency_links to ur_robot_driver.egg-info/dependency_links.txt
[2.388s] writing top-level names to ur_robot_driver.egg-info/top_level.txt
[2.389s] writing manifest file 'ur_robot_driver.egg-info/SOURCES.txt'
[2.390s] reading manifest file 'ur_robot_driver.egg-info/SOURCES.txt'
[2.390s] writing manifest file 'ur_robot_driver.egg-info/SOURCES.txt'
[2.412s] [ 66%] Built target ament_cmake_python_build_ur_robot_driver_egg
[8.804s] [ 73%] [32m[1mLinking CXX executable ur_ros2_control_node[0m
[9.166s] [ 73%] Built target ur_ros2_control_node
[11.750s] [ 80%] [32m[1mLinking CXX executable urscript_interface[0m
[11.970s] [ 80%] Built target urscript_interface
[13.380s] [ 86%] [32m[1mLinking CXX executable controller_stopper_node[0m
[13.621s] [ 86%] Built target controller_stopper_node
[17.601s] [ 93%] [32m[1mLinking CXX shared library libur_robot_driver_plugin.so[0m
[17.707s] [100%] [32m[1mLinking CXX executable dashboard_client[0m
[17.857s] [100%] Built target ur_robot_driver_plugin
[17.948s] [100%] Built target dashboard_client
[17.955s] Invoked command in '/home/aprs/aprs/aprs_ws/build/ur_robot_driver' returned '0': AMENT_PREFIX_PATH=/home/aprs/aprs/aprs_ws/install/velocity_controllers:/home/aprs/aprs/aprs_ws/install/ur_controllers:/home/aprs/aprs/aprs_ws/install/position_controllers:/home/aprs/aprs/aprs_ws/install/joint_trajectory_controller:/home/aprs/aprs/aprs_ws/install/joint_state_broadcaster:/home/aprs/aprs/aprs_ws/install/forward_command_controller:/home/aprs/aprs/aprs_ws/install/force_torque_sensor_broadcaster:/home/aprs/aprs/aprs_ws/install/controller_manager:/home/aprs/aprs/aprs_ws/install/controller_interface:/home/aprs/aprs/aprs_ws/install/hardware_interface:/home/aprs/aprs/aprs_ws/install/ur_msgs:/home/aprs/aprs/aprs_ws/install/ur_description:/home/aprs/aprs/aprs_ws/install/ur_dashboard_msgs:/home/aprs/aprs/aprs_ws/install/ros2_controllers_test_nodes:/home/aprs/aprs/aprs_ws/install/ros2_control_test_assets:/home/aprs/aprs/aprs_ws/install/controller_manager_msgs:/home/aprs/aprs/aprs_ws/install/control_msgs:${AMENT_PREFIX_PATH} CMAKE_PREFIX_PATH=/home/aprs/aprs/aprs_ws/install/velocity_controllers:/home/aprs/aprs/aprs_ws/install/ur_controllers:/home/aprs/aprs/aprs_ws/install/position_controllers:/home/aprs/aprs/aprs_ws/install/joint_trajectory_controller:/home/aprs/aprs/aprs_ws/install/joint_state_broadcaster:/home/aprs/aprs/aprs_ws/install/forward_command_controller:/home/aprs/aprs/aprs_ws/install/force_torque_sensor_broadcaster:/home/aprs/aprs/aprs_ws/install/controller_manager:/home/aprs/aprs/aprs_ws/install/controller_interface:/home/aprs/aprs/aprs_ws/install/hardware_interface:/home/aprs/aprs/aprs_ws/install/ur_msgs:/home/aprs/aprs/aprs_ws/install/ur_description:/home/aprs/aprs/aprs_ws/install/ur_dashboard_msgs:/home/aprs/aprs/aprs_ws/install/ur_client_library:/home/aprs/aprs/aprs_ws/install/ros2_control_test_assets:/home/aprs/aprs/aprs_ws/install/controller_manager_msgs:/home/aprs/aprs/aprs_ws/install/control_msgs:/opt/ros/rolling LD_LIBRARY_PATH=/home/aprs/aprs/aprs_ws/install/velocity_controllers/lib:/home/aprs/aprs/aprs_ws/install/ur_controllers/lib:/home/aprs/aprs/aprs_ws/install/position_controllers/lib:/home/aprs/aprs/aprs_ws/install/joint_trajectory_controller/lib:/home/aprs/aprs/aprs_ws/install/joint_state_broadcaster/lib:/home/aprs/aprs/aprs_ws/install/forward_command_controller/lib:/home/aprs/aprs/aprs_ws/install/force_torque_sensor_broadcaster/lib:/home/aprs/aprs/aprs_ws/install/controller_manager/lib:/home/aprs/aprs/aprs_ws/install/controller_interface/lib:/home/aprs/aprs/aprs_ws/install/hardware_interface/lib:/home/aprs/aprs/aprs_ws/install/ur_msgs/lib:/home/aprs/aprs/aprs_ws/install/ur_dashboard_msgs/lib:/home/aprs/aprs/aprs_ws/install/ur_client_library/lib:/home/aprs/aprs/aprs_ws/install/ros2_control_test_assets/lib:/home/aprs/aprs/aprs_ws/install/controller_manager_msgs/lib:/home/aprs/aprs/aprs_ws/install/control_msgs/lib:${LD_LIBRARY_PATH} PKG_CONFIG_PATH=/home/aprs/aprs/aprs_ws/install/ur_client_library/lib/x86_64-linux-gnu/pkgconfig:/home/aprs/aprs/aprs_ws/install/ur_client_library/lib/pkgconfig PYTHONPATH=/home/aprs/aprs/aprs_ws/install/controller_manager/lib/python3.10/site-packages:/home/aprs/aprs/aprs_ws/install/ur_msgs/lib/python3.10/site-packages:/home/aprs/aprs/aprs_ws/install/ur_dashboard_msgs/lib/python3.10/site-packages:/home/aprs/aprs/aprs_ws/install/ros2_controllers_test_nodes/lib/python3.10/site-packages:/home/aprs/aprs/aprs_ws/install/controller_manager_msgs/lib/python3.10/site-packages:/home/aprs/aprs/aprs_ws/install/control_msgs/lib/python3.10/site-packages:${PYTHONPATH} /usr/bin/cmake --build /home/aprs/aprs/aprs_ws/build/ur_robot_driver -- -j16 -l16
[17.975s] Invoking command in '/home/aprs/aprs/aprs_ws/build/ur_robot_driver': AMENT_PREFIX_PATH=/home/aprs/aprs/aprs_ws/install/velocity_controllers:/home/aprs/aprs/aprs_ws/install/ur_controllers:/home/aprs/aprs/aprs_ws/install/position_controllers:/home/aprs/aprs/aprs_ws/install/joint_trajectory_controller:/home/aprs/aprs/aprs_ws/install/joint_state_broadcaster:/home/aprs/aprs/aprs_ws/install/forward_command_controller:/home/aprs/aprs/aprs_ws/install/force_torque_sensor_broadcaster:/home/aprs/aprs/aprs_ws/install/controller_manager:/home/aprs/aprs/aprs_ws/install/controller_interface:/home/aprs/aprs/aprs_ws/install/hardware_interface:/home/aprs/aprs/aprs_ws/install/ur_msgs:/home/aprs/aprs/aprs_ws/install/ur_description:/home/aprs/aprs/aprs_ws/install/ur_dashboard_msgs:/home/aprs/aprs/aprs_ws/install/ros2_controllers_test_nodes:/home/aprs/aprs/aprs_ws/install/ros2_control_test_assets:/home/aprs/aprs/aprs_ws/install/controller_manager_msgs:/home/aprs/aprs/aprs_ws/install/control_msgs:${AMENT_PREFIX_PATH} CMAKE_PREFIX_PATH=/home/aprs/aprs/aprs_ws/install/velocity_controllers:/home/aprs/aprs/aprs_ws/install/ur_controllers:/home/aprs/aprs/aprs_ws/install/position_controllers:/home/aprs/aprs/aprs_ws/install/joint_trajectory_controller:/home/aprs/aprs/aprs_ws/install/joint_state_broadcaster:/home/aprs/aprs/aprs_ws/install/forward_command_controller:/home/aprs/aprs/aprs_ws/install/force_torque_sensor_broadcaster:/home/aprs/aprs/aprs_ws/install/controller_manager:/home/aprs/aprs/aprs_ws/install/controller_interface:/home/aprs/aprs/aprs_ws/install/hardware_interface:/home/aprs/aprs/aprs_ws/install/ur_msgs:/home/aprs/aprs/aprs_ws/install/ur_description:/home/aprs/aprs/aprs_ws/install/ur_dashboard_msgs:/home/aprs/aprs/aprs_ws/install/ur_client_library:/home/aprs/aprs/aprs_ws/install/ros2_control_test_assets:/home/aprs/aprs/aprs_ws/install/controller_manager_msgs:/home/aprs/aprs/aprs_ws/install/control_msgs:/opt/ros/rolling LD_LIBRARY_PATH=/home/aprs/aprs/aprs_ws/install/velocity_controllers/lib:/home/aprs/aprs/aprs_ws/install/ur_controllers/lib:/home/aprs/aprs/aprs_ws/install/position_controllers/lib:/home/aprs/aprs/aprs_ws/install/joint_trajectory_controller/lib:/home/aprs/aprs/aprs_ws/install/joint_state_broadcaster/lib:/home/aprs/aprs/aprs_ws/install/forward_command_controller/lib:/home/aprs/aprs/aprs_ws/install/force_torque_sensor_broadcaster/lib:/home/aprs/aprs/aprs_ws/install/controller_manager/lib:/home/aprs/aprs/aprs_ws/install/controller_interface/lib:/home/aprs/aprs/aprs_ws/install/hardware_interface/lib:/home/aprs/aprs/aprs_ws/install/ur_msgs/lib:/home/aprs/aprs/aprs_ws/install/ur_dashboard_msgs/lib:/home/aprs/aprs/aprs_ws/install/ur_client_library/lib:/home/aprs/aprs/aprs_ws/install/ros2_control_test_assets/lib:/home/aprs/aprs/aprs_ws/install/controller_manager_msgs/lib:/home/aprs/aprs/aprs_ws/install/control_msgs/lib:${LD_LIBRARY_PATH} PKG_CONFIG_PATH=/home/aprs/aprs/aprs_ws/install/ur_client_library/lib/x86_64-linux-gnu/pkgconfig:/home/aprs/aprs/aprs_ws/install/ur_client_library/lib/pkgconfig PYTHONPATH=/home/aprs/aprs/aprs_ws/install/controller_manager/lib/python3.10/site-packages:/home/aprs/aprs/aprs_ws/install/ur_msgs/lib/python3.10/site-packages:/home/aprs/aprs/aprs_ws/install/ur_dashboard_msgs/lib/python3.10/site-packages:/home/aprs/aprs/aprs_ws/install/ros2_controllers_test_nodes/lib/python3.10/site-packages:/home/aprs/aprs/aprs_ws/install/controller_manager_msgs/lib/python3.10/site-packages:/home/aprs/aprs/aprs_ws/install/control_msgs/lib/python3.10/site-packages:${PYTHONPATH} /usr/bin/cmake --install /home/aprs/aprs/aprs_ws/build/ur_robot_driver
[17.983s] -- Install configuration: "RelWithDebInfo"
[17.983s] -- Installing: /home/aprs/aprs/aprs_ws/install/ur_robot_driver/share/ur_robot_driver/hardware_interface_plugin.xml
[17.984s] -- Installing: /home/aprs/aprs/aprs_ws/install/ur_robot_driver/lib/ur_robot_driver/dashboard_client
[17.998s] -- Set runtime path of "/home/aprs/aprs/aprs_ws/install/ur_robot_driver/lib/ur_robot_driver/dashboard_client" to ""
[17.998s] -- Installing: /home/aprs/aprs/aprs_ws/install/ur_robot_driver/lib/ur_robot_driver/ur_ros2_control_node
[18.000s] -- Set runtime path of "/home/aprs/aprs/aprs_ws/install/ur_robot_driver/lib/ur_robot_driver/ur_ros2_control_node" to ""
[18.000s] -- Installing: /home/aprs/aprs/aprs_ws/install/ur_robot_driver/lib/ur_robot_driver/controller_stopper_node
[18.009s] -- Set runtime path of "/home/aprs/aprs/aprs_ws/install/ur_robot_driver/lib/ur_robot_driver/controller_stopper_node" to ""
[18.009s] -- Installing: /home/aprs/aprs/aprs_ws/install/ur_robot_driver/lib/ur_robot_driver/urscript_interface
[18.015s] -- Set runtime path of "/home/aprs/aprs/aprs_ws/install/ur_robot_driver/lib/ur_robot_driver/urscript_interface" to ""
[18.015s] -- Installing: /home/aprs/aprs/aprs_ws/install/ur_robot_driver/lib/libur_robot_driver_plugin.so
[18.028s] -- Set runtime path of "/home/aprs/aprs/aprs_ws/install/ur_robot_driver/lib/libur_robot_driver_plugin.so" to ""
[18.028s] -- Installing: /home/aprs/aprs/aprs_ws/install/ur_robot_driver/include
[18.028s] -- Installing: /home/aprs/aprs/aprs_ws/install/ur_robot_driver/include/ur_robot_driver
[18.028s] -- Installing: /home/aprs/aprs/aprs_ws/install/ur_robot_driver/include/ur_robot_driver/controller_stopper.hpp
[18.028s] -- Installing: /home/aprs/aprs/aprs_ws/install/ur_robot_driver/include/ur_robot_driver/hardware_interface.hpp
[18.028s] -- Installing: /home/aprs/aprs/aprs_ws/install/ur_robot_driver/include/ur_robot_driver/urcl_log_handler.hpp
[18.028s] -- Installing: /home/aprs/aprs/aprs_ws/install/ur_robot_driver/include/ur_robot_driver/dashboard_client_ros.hpp
[18.028s] -- Installing: /home/aprs/aprs/aprs_ws/install/ur_robot_driver/share/ur_robot_driver/environment/library_path.sh
[18.028s] -- Installing: /home/aprs/aprs/aprs_ws/install/ur_robot_driver/share/ur_robot_driver/environment/library_path.dsv
[18.028s] -- Installing: /home/aprs/aprs/aprs_ws/install/ur_robot_driver/share/ur_robot_driver/resources
[18.028s] -- Installing: /home/aprs/aprs/aprs_ws/install/ur_robot_driver/share/ur_robot_driver/resources/externalcontrol-1.0.5.urcap
[18.028s] -- Installing: /home/aprs/aprs/aprs_ws/install/ur_robot_driver/share/ur_robot_driver/resources/rs485-1.0.urcap
[18.028s] -- Installing: /home/aprs/aprs/aprs_ws/install/ur_robot_driver/share/ur_robot_driver/resources/rtde_output_recipe.txt
[18.029s] -- Installing: /home/aprs/aprs/aprs_ws/install/ur_robot_driver/share/ur_robot_driver/resources/rtde_input_recipe.txt
[18.029s] -- Up-to-date: /home/aprs/aprs/aprs_ws/install/ur_robot_driver/include
[18.029s] -- Up-to-date: /home/aprs/aprs/aprs_ws/install/ur_robot_driver/include/ur_robot_driver
[18.029s] -- Up-to-date: /home/aprs/aprs/aprs_ws/install/ur_robot_driver/include/ur_robot_driver/controller_stopper.hpp
[18.029s] -- Up-to-date: /home/aprs/aprs/aprs_ws/install/ur_robot_driver/include/ur_robot_driver/hardware_interface.hpp
[18.029s] -- Up-to-date: /home/aprs/aprs/aprs_ws/install/ur_robot_driver/include/ur_robot_driver/urcl_log_handler.hpp
[18.029s] -- Up-to-date: /home/aprs/aprs/aprs_ws/install/ur_robot_driver/include/ur_robot_driver/dashboard_client_ros.hpp
[18.029s] -- Installing: /home/aprs/aprs/aprs_ws/install/ur_robot_driver/share/ur_robot_driver/environment/pythonpath.sh
[18.029s] -- Installing: /home/aprs/aprs/aprs_ws/install/ur_robot_driver/share/ur_robot_driver/environment/pythonpath.dsv
[18.029s] -- Installing: /home/aprs/aprs/aprs_ws/install/ur_robot_driver/lib/python3.10/site-packages/ur_robot_driver-2.3.2-py3.10.egg-info
[18.029s] -- Installing: /home/aprs/aprs/aprs_ws/install/ur_robot_driver/lib/python3.10/site-packages/ur_robot_driver-2.3.2-py3.10.egg-info/PKG-INFO
[18.029s] -- Installing: /home/aprs/aprs/aprs_ws/install/ur_robot_driver/lib/python3.10/site-packages/ur_robot_driver-2.3.2-py3.10.egg-info/dependency_links.txt
[18.029s] -- Installing: /home/aprs/aprs/aprs_ws/install/ur_robot_driver/lib/python3.10/site-packages/ur_robot_driver-2.3.2-py3.10.egg-info/SOURCES.txt
[18.029s] -- Installing: /home/aprs/aprs/aprs_ws/install/ur_robot_driver/lib/python3.10/site-packages/ur_robot_driver-2.3.2-py3.10.egg-info/top_level.txt
[18.029s] -- Installing: /home/aprs/aprs/aprs_ws/install/ur_robot_driver/lib/python3.10/site-packages/ur_robot_driver
[18.029s] -- Installing: /home/aprs/aprs/aprs_ws/install/ur_robot_driver/lib/python3.10/site-packages/ur_robot_driver/__init__.py
[18.047s] Listing '/home/aprs/aprs/aprs_ws/install/ur_robot_driver/lib/python3.10/site-packages/ur_robot_driver'...
[18.047s] Compiling '/home/aprs/aprs/aprs_ws/install/ur_robot_driver/lib/python3.10/site-packages/ur_robot_driver/__init__.py'...
[18.049s] -- Installing: /home/aprs/aprs/aprs_ws/install/ur_robot_driver/lib/ur_robot_driver/tool_communication.py
[18.049s] -- Installing: /home/aprs/aprs/aprs_ws/install/ur_robot_driver/bin/wait_dashboard_server.sh
[18.049s] -- Installing: /home/aprs/aprs/aprs_ws/install/ur_robot_driver/lib/ur_robot_driver/start_ursim.sh
[18.049s] -- Installing: /home/aprs/aprs/aprs_ws/install/ur_robot_driver/share/ur_robot_driver/config
[18.049s] -- Installing: /home/aprs/aprs/aprs_ws/install/ur_robot_driver/share/ur_robot_driver/config/ur16e_update_rate.yaml
[18.049s] -- Installing: /home/aprs/aprs/aprs_ws/install/ur_robot_driver/share/ur_robot_driver/config/ur3_update_rate.yaml
[18.049s] -- Installing: /home/aprs/aprs/aprs_ws/install/ur_robot_driver/share/ur_robot_driver/config/ur5e_update_rate.yaml
[18.049s] -- Installing: /home/aprs/aprs/aprs_ws/install/ur_robot_driver/share/ur_robot_driver/config/test_velocity_goal_publishers_config.yaml
[18.050s] -- Installing: /home/aprs/aprs/aprs_ws/install/ur_robot_driver/share/ur_robot_driver/config/ur_controllers.yaml
[18.050s] -- Installing: /home/aprs/aprs/aprs_ws/install/ur_robot_driver/share/ur_robot_driver/config/test_goal_publishers_config.yaml
[18.050s] -- Installing: /home/aprs/aprs/aprs_ws/install/ur_robot_driver/share/ur_robot_driver/config/ur10e_update_rate.yaml
[18.050s] -- Installing: /home/aprs/aprs/aprs_ws/install/ur_robot_driver/share/ur_robot_driver/config/ur3e_update_rate.yaml
[18.050s] -- Installing: /home/aprs/aprs/aprs_ws/install/ur_robot_driver/share/ur_robot_driver/config/ur10_update_rate.yaml
[18.050s] -- Installing: /home/aprs/aprs/aprs_ws/install/ur_robot_driver/share/ur_robot_driver/config/ur5_update_rate.yaml
[18.050s] -- Installing: /home/aprs/aprs/aprs_ws/install/ur_robot_driver/share/ur_robot_driver/launch
[18.050s] -- Installing: /home/aprs/aprs/aprs_ws/install/ur_robot_driver/share/ur_robot_driver/launch/ur10.launch.py
[18.050s] -- Installing: /home/aprs/aprs/aprs_ws/install/ur_robot_driver/share/ur_robot_driver/launch/test_joint_trajectory_controller.launch.py
[18.050s] -- Installing: /home/aprs/aprs/aprs_ws/install/ur_robot_driver/share/ur_robot_driver/launch/ur10e.launch.py
[18.050s] -- Installing: /home/aprs/aprs/aprs_ws/install/ur_robot_driver/share/ur_robot_driver/launch/ur16e.launch.py
[18.050s] -- Installing: /home/aprs/aprs/aprs_ws/install/ur_robot_driver/share/ur_robot_driver/launch/test_forward_velocity_controller.launch.py
[18.050s] -- Installing: /home/aprs/aprs/aprs_ws/install/ur_robot_driver/share/ur_robot_driver/launch/test_scaled_joint_trajectory_controller.launch.py
[18.050s] -- Installing: /home/aprs/aprs/aprs_ws/install/ur_robot_driver/share/ur_robot_driver/launch/ur_dashboard_client.launch.py
[18.050s] -- Installing: /home/aprs/aprs/aprs_ws/install/ur_robot_driver/share/ur_robot_driver/launch/ur3.launch.py
[18.050s] -- Installing: /home/aprs/aprs/aprs_ws/install/ur_robot_driver/share/ur_robot_driver/launch/ur5.launch.py
[18.050s] -- Installing: /home/aprs/aprs/aprs_ws/install/ur_robot_driver/share/ur_robot_driver/launch/ur5e.launch.py
[18.050s] -- Installing: /home/aprs/aprs/aprs_ws/install/ur_robot_driver/share/ur_robot_driver/launch/ur_control.launch.py
[18.050s] -- Installing: /home/aprs/aprs/aprs_ws/install/ur_robot_driver/share/ur_robot_driver/launch/ur3e.launch.py
[18.050s] -- Installing: /home/aprs/aprs/aprs_ws/install/ur_robot_driver/share/ament_index/resource_index/package_run_dependencies/ur_robot_driver
[18.050s] -- Installing: /home/aprs/aprs/aprs_ws/install/ur_robot_driver/share/ament_index/resource_index/parent_prefix_path/ur_robot_driver
[18.050s] -- Installing: /home/aprs/aprs/aprs_ws/install/ur_robot_driver/share/ur_robot_driver/environment/ament_prefix_path.sh
[18.050s] -- Installing: /home/aprs/aprs/aprs_ws/install/ur_robot_driver/share/ur_robot_driver/environment/ament_prefix_path.dsv
[18.050s] -- Installing: /home/aprs/aprs/aprs_ws/install/ur_robot_driver/share/ur_robot_driver/environment/path.sh
[18.050s] -- Installing: /home/aprs/aprs/aprs_ws/install/ur_robot_driver/share/ur_robot_driver/environment/path.dsv
[18.051s] -- Installing: /home/aprs/aprs/aprs_ws/install/ur_robot_driver/share/ur_robot_driver/local_setup.bash
[18.051s] -- Installing: /home/aprs/aprs/aprs_ws/install/ur_robot_driver/share/ur_robot_driver/local_setup.sh
[18.051s] -- Installing: /home/aprs/aprs/aprs_ws/install/ur_robot_driver/share/ur_robot_driver/local_setup.zsh
[18.051s] -- Installing: /home/aprs/aprs/aprs_ws/install/ur_robot_driver/share/ur_robot_driver/local_setup.dsv
[18.051s] -- Installing: /home/aprs/aprs/aprs_ws/install/ur_robot_driver/share/ur_robot_driver/package.dsv
[18.051s] -- Installing: /home/aprs/aprs/aprs_ws/install/ur_robot_driver/share/ament_index/resource_index/packages/ur_robot_driver
[18.051s] -- Installing: /home/aprs/aprs/aprs_ws/install/ur_robot_driver/share/ament_index/resource_index/hardware_interface__pluginlib__plugin/ur_robot_driver
[18.051s] -- Installing: /home/aprs/aprs/aprs_ws/install/ur_robot_driver/share/ur_robot_driver/cmake/ament_cmake_export_include_directories-extras.cmake
[18.051s] -- Installing: /home/aprs/aprs/aprs_ws/install/ur_robot_driver/share/ur_robot_driver/cmake/ament_cmake_export_libraries-extras.cmake
[18.051s] -- Installing: /home/aprs/aprs/aprs_ws/install/ur_robot_driver/share/ur_robot_driver/cmake/ament_cmake_export_dependencies-extras.cmake
[18.051s] -- Installing: /home/aprs/aprs/aprs_ws/install/ur_robot_driver/share/ur_robot_driver/cmake/ur_robot_driverConfig.cmake
[18.051s] -- Installing: /home/aprs/aprs/aprs_ws/install/ur_robot_driver/share/ur_robot_driver/cmake/ur_robot_driverConfig-version.cmake
[18.051s] -- Installing: /home/aprs/aprs/aprs_ws/install/ur_robot_driver/share/ur_robot_driver/package.xml
[18.053s] Invoked command in '/home/aprs/aprs/aprs_ws/build/ur_robot_driver' returned '0': AMENT_PREFIX_PATH=/home/aprs/aprs/aprs_ws/install/velocity_controllers:/home/aprs/aprs/aprs_ws/install/ur_controllers:/home/aprs/aprs/aprs_ws/install/position_controllers:/home/aprs/aprs/aprs_ws/install/joint_trajectory_controller:/home/aprs/aprs/aprs_ws/install/joint_state_broadcaster:/home/aprs/aprs/aprs_ws/install/forward_command_controller:/home/aprs/aprs/aprs_ws/install/force_torque_sensor_broadcaster:/home/aprs/aprs/aprs_ws/install/controller_manager:/home/aprs/aprs/aprs_ws/install/controller_interface:/home/aprs/aprs/aprs_ws/install/hardware_interface:/home/aprs/aprs/aprs_ws/install/ur_msgs:/home/aprs/aprs/aprs_ws/install/ur_description:/home/aprs/aprs/aprs_ws/install/ur_dashboard_msgs:/home/aprs/aprs/aprs_ws/install/ros2_controllers_test_nodes:/home/aprs/aprs/aprs_ws/install/ros2_control_test_assets:/home/aprs/aprs/aprs_ws/install/controller_manager_msgs:/home/aprs/aprs/aprs_ws/install/control_msgs:${AMENT_PREFIX_PATH} CMAKE_PREFIX_PATH=/home/aprs/aprs/aprs_ws/install/velocity_controllers:/home/aprs/aprs/aprs_ws/install/ur_controllers:/home/aprs/aprs/aprs_ws/install/position_controllers:/home/aprs/aprs/aprs_ws/install/joint_trajectory_controller:/home/aprs/aprs/aprs_ws/install/joint_state_broadcaster:/home/aprs/aprs/aprs_ws/install/forward_command_controller:/home/aprs/aprs/aprs_ws/install/force_torque_sensor_broadcaster:/home/aprs/aprs/aprs_ws/install/controller_manager:/home/aprs/aprs/aprs_ws/install/controller_interface:/home/aprs/aprs/aprs_ws/install/hardware_interface:/home/aprs/aprs/aprs_ws/install/ur_msgs:/home/aprs/aprs/aprs_ws/install/ur_description:/home/aprs/aprs/aprs_ws/install/ur_dashboard_msgs:/home/aprs/aprs/aprs_ws/install/ur_client_library:/home/aprs/aprs/aprs_ws/install/ros2_control_test_assets:/home/aprs/aprs/aprs_ws/install/controller_manager_msgs:/home/aprs/aprs/aprs_ws/install/control_msgs:/opt/ros/rolling LD_LIBRARY_PATH=/home/aprs/aprs/aprs_ws/install/velocity_controllers/lib:/home/aprs/aprs/aprs_ws/install/ur_controllers/lib:/home/aprs/aprs/aprs_ws/install/position_controllers/lib:/home/aprs/aprs/aprs_ws/install/joint_trajectory_controller/lib:/home/aprs/aprs/aprs_ws/install/joint_state_broadcaster/lib:/home/aprs/aprs/aprs_ws/install/forward_command_controller/lib:/home/aprs/aprs/aprs_ws/install/force_torque_sensor_broadcaster/lib:/home/aprs/aprs/aprs_ws/install/controller_manager/lib:/home/aprs/aprs/aprs_ws/install/controller_interface/lib:/home/aprs/aprs/aprs_ws/install/hardware_interface/lib:/home/aprs/aprs/aprs_ws/install/ur_msgs/lib:/home/aprs/aprs/aprs_ws/install/ur_dashboard_msgs/lib:/home/aprs/aprs/aprs_ws/install/ur_client_library/lib:/home/aprs/aprs/aprs_ws/install/ros2_control_test_assets/lib:/home/aprs/aprs/aprs_ws/install/controller_manager_msgs/lib:/home/aprs/aprs/aprs_ws/install/control_msgs/lib:${LD_LIBRARY_PATH} PKG_CONFIG_PATH=/home/aprs/aprs/aprs_ws/install/ur_client_library/lib/x86_64-linux-gnu/pkgconfig:/home/aprs/aprs/aprs_ws/install/ur_client_library/lib/pkgconfig PYTHONPATH=/home/aprs/aprs/aprs_ws/install/controller_manager/lib/python3.10/site-packages:/home/aprs/aprs/aprs_ws/install/ur_msgs/lib/python3.10/site-packages:/home/aprs/aprs/aprs_ws/install/ur_dashboard_msgs/lib/python3.10/site-packages:/home/aprs/aprs/aprs_ws/install/ros2_controllers_test_nodes/lib/python3.10/site-packages:/home/aprs/aprs/aprs_ws/install/controller_manager_msgs/lib/python3.10/site-packages:/home/aprs/aprs/aprs_ws/install/control_msgs/lib/python3.10/site-packages:${PYTHONPATH} /usr/bin/cmake --install /home/aprs/aprs/aprs_ws/build/ur_robot_driver
