[0.041s] Invoking command in '/workspaces/aprs/aprs_ws/build/gz_ros2_control': CMAKE_PREFIX_PATH=${CMAKE_PREFIX_PATH}:/opt/ros/rolling /usr/bin/cmake --build /workspaces/aprs/aprs_ws/build/gz_ros2_control -- -j16 -l16
[0.083s] [35m[1mConsolidate compiler generated dependencies of target gz_ros2_control-system[0m
[0.083s] [35m[1mConsolidate compiler generated dependencies of target gz_hardware_plugins[0m
[0.152s] [ 50%] Built target gz_ros2_control-system
[0.152s] [100%] Built target gz_hardware_plugins
[0.165s] Invoked command in '/workspaces/aprs/aprs_ws/build/gz_ros2_control' returned '0': CMAKE_PREFIX_PATH=${CMAKE_PREFIX_PATH}:/opt/ros/rolling /usr/bin/cmake --build /workspaces/aprs/aprs_ws/build/gz_ros2_control -- -j16 -l16
[0.223s] Invoking command in '/workspaces/aprs/aprs_ws/build/gz_ros2_control': CMAKE_PREFIX_PATH=${CMAKE_PREFIX_PATH}:/opt/ros/rolling /usr/bin/cmake --install /workspaces/aprs/aprs_ws/build/gz_ros2_control
[0.234s] -- Install configuration: ""
[0.235s] -- Up-to-date: /workspaces/aprs/aprs_ws/install/gz_ros2_control/lib/libgz_hardware_plugins.so
[0.235s] -- Up-to-date: /workspaces/aprs/aprs_ws/install/gz_ros2_control/include/include
[0.235s] -- Up-to-date: /workspaces/aprs/aprs_ws/install/gz_ros2_control/include/include/gz_ros2_control
[0.235s] -- Up-to-date: /workspaces/aprs/aprs_ws/install/gz_ros2_control/include/include/gz_ros2_control/gz_ros2_control_plugin.hpp
[0.235s] -- Up-to-date: /workspaces/aprs/aprs_ws/install/gz_ros2_control/include/include/gz_ros2_control/gz_system.hpp
[0.235s] -- Up-to-date: /workspaces/aprs/aprs_ws/install/gz_ros2_control/include/include/gz_ros2_control/gz_system_interface.hpp
[0.235s] -- Up-to-date: /workspaces/aprs/aprs_ws/install/gz_ros2_control/share/gz_ros2_control/environment/library_path.sh
[0.235s] -- Up-to-date: /workspaces/aprs/aprs_ws/install/gz_ros2_control/share/gz_ros2_control/environment/library_path.dsv
[0.235s] -- Up-to-date: /workspaces/aprs/aprs_ws/install/gz_ros2_control/lib/libgz_ros2_control-system.so
[0.235s] -- Up-to-date: /workspaces/aprs/aprs_ws/install/gz_ros2_control/share/gz_ros2_control/gz_hardware_plugins.xml
[0.235s] -- Up-to-date: /workspaces/aprs/aprs_ws/install/gz_ros2_control/share/gz_ros2_control/environment/gz_ros2_control.dsv
[0.235s] -- Up-to-date: /workspaces/aprs/aprs_ws/install/gz_ros2_control/share/gz_ros2_control/environment/gz_ros2_control.sh
[0.236s] -- Up-to-date: /workspaces/aprs/aprs_ws/install/gz_ros2_control/share/ament_index/resource_index/package_run_dependencies/gz_ros2_control
[0.236s] -- Up-to-date: /workspaces/aprs/aprs_ws/install/gz_ros2_control/share/ament_index/resource_index/parent_prefix_path/gz_ros2_control
[0.236s] -- Up-to-date: /workspaces/aprs/aprs_ws/install/gz_ros2_control/share/gz_ros2_control/environment/ament_prefix_path.sh
[0.236s] -- Up-to-date: /workspaces/aprs/aprs_ws/install/gz_ros2_control/share/gz_ros2_control/environment/ament_prefix_path.dsv
[0.236s] -- Up-to-date: /workspaces/aprs/aprs_ws/install/gz_ros2_control/share/gz_ros2_control/environment/path.sh
[0.236s] -- Up-to-date: /workspaces/aprs/aprs_ws/install/gz_ros2_control/share/gz_ros2_control/environment/path.dsv
[0.236s] -- Up-to-date: /workspaces/aprs/aprs_ws/install/gz_ros2_control/share/gz_ros2_control/local_setup.bash
[0.236s] -- Up-to-date: /workspaces/aprs/aprs_ws/install/gz_ros2_control/share/gz_ros2_control/local_setup.sh
[0.236s] -- Up-to-date: /workspaces/aprs/aprs_ws/install/gz_ros2_control/share/gz_ros2_control/local_setup.zsh
[0.236s] -- Up-to-date: /workspaces/aprs/aprs_ws/install/gz_ros2_control/share/gz_ros2_control/local_setup.dsv
[0.236s] -- Installing: /workspaces/aprs/aprs_ws/install/gz_ros2_control/share/gz_ros2_control/package.dsv
[0.236s] -- Up-to-date: /workspaces/aprs/aprs_ws/install/gz_ros2_control/share/ament_index/resource_index/packages/gz_ros2_control
[0.237s] -- Up-to-date: /workspaces/aprs/aprs_ws/install/gz_ros2_control/share/ament_index/resource_index/gz_ros2_control__pluginlib__plugin/gz_ros2_control
[0.237s] -- Up-to-date: /workspaces/aprs/aprs_ws/install/gz_ros2_control/share/gz_ros2_control/cmake/ament_cmake_export_include_directories-extras.cmake
[0.237s] -- Up-to-date: /workspaces/aprs/aprs_ws/install/gz_ros2_control/share/gz_ros2_control/cmake/ament_cmake_export_libraries-extras.cmake
[0.237s] -- Up-to-date: /workspaces/aprs/aprs_ws/install/gz_ros2_control/share/gz_ros2_control/cmake/gz_ros2_controlConfig.cmake
[0.237s] -- Up-to-date: /workspaces/aprs/aprs_ws/install/gz_ros2_control/share/gz_ros2_control/cmake/gz_ros2_controlConfig-version.cmake
[0.237s] -- Up-to-date: /workspaces/aprs/aprs_ws/install/gz_ros2_control/share/gz_ros2_control/package.xml
[0.251s] Invoked command in '/workspaces/aprs/aprs_ws/build/gz_ros2_control' returned '0': CMAKE_PREFIX_PATH=${CMAKE_PREFIX_PATH}:/opt/ros/rolling /usr/bin/cmake --install /workspaces/aprs/aprs_ws/build/gz_ros2_control
