[0.717s] Invoking command in '/workspaces/aprs/aprs_ws/build/fanuc_moveit_config': AMENT_PREFIX_PATH=/workspaces/aprs/aprs_ws/install/ur_description:${AMENT_PREFIX_PATH} CMAKE_PREFIX_PATH=/workspaces/aprs/aprs_ws/install/ur_description:/opt/ros/humble /usr/bin/cmake --build /workspaces/aprs/aprs_ws/build/fanuc_moveit_config -- -j16 -l16
[0.786s] Built target ament_cmake_python_copy_fanuc_moveit_config
[1.136s] running install_scripts
[1.139s] running egg_info
[1.140s] /usr/lib/python3/dist-packages/setuptools/command/install.py:34: SetuptoolsDeprecationWarning: setup.py install is deprecated. Use build and pip and other standards-based tools.
[1.140s]   warnings.warn(
[1.140s] writing fanuc_moveit_config.egg-info/PKG-INFO
[1.141s] writing dependency_links to fanuc_moveit_config.egg-info/dependency_links.txt
[1.141s] writing top-level names to fanuc_moveit_config.egg-info/top_level.txt
[1.145s] reading manifest file 'fanuc_moveit_config.egg-info/SOURCES.txt'
[1.146s] writing manifest file 'fanuc_moveit_config.egg-info/SOURCES.txt'
[1.171s] running egg_info
[1.172s] writing fanuc_moveit_config.egg-info/PKG-INFO
[1.172s] writing dependency_links to fanuc_moveit_config.egg-info/dependency_links.txt
[1.173s] writing top-level names to fanuc_moveit_config.egg-info/top_level.txt
[1.175s] reading manifest file 'fanuc_moveit_config.egg-info/SOURCES.txt'
[1.175s] writing manifest file 'fanuc_moveit_config.egg-info/SOURCES.txt'
[1.215s] Built target ament_cmake_python_build_fanuc_moveit_config_egg
[1.250s] Built target ament_cmake_python_build_fanuc_moveit_config_scripts
[1.914s] Invoked command in '/workspaces/aprs/aprs_ws/build/fanuc_moveit_config' returned '0': AMENT_PREFIX_PATH=/workspaces/aprs/aprs_ws/install/ur_description:${AMENT_PREFIX_PATH} CMAKE_PREFIX_PATH=/workspaces/aprs/aprs_ws/install/ur_description:/opt/ros/humble /usr/bin/cmake --build /workspaces/aprs/aprs_ws/build/fanuc_moveit_config -- -j16 -l16
[2.713s] Invoking command in '/workspaces/aprs/aprs_ws/build/fanuc_moveit_config': AMENT_PREFIX_PATH=/workspaces/aprs/aprs_ws/install/ur_description:${AMENT_PREFIX_PATH} CMAKE_PREFIX_PATH=/workspaces/aprs/aprs_ws/install/ur_description:/opt/ros/humble /usr/bin/cmake --install /workspaces/aprs/aprs_ws/build/fanuc_moveit_config
[2.815s] -- Install configuration: ""
[2.815s] -- Up-to-date: /workspaces/aprs/aprs_ws/install/fanuc_moveit_config/share/fanuc_moveit_config/config
[2.815s] -- Up-to-date: /workspaces/aprs/aprs_ws/install/fanuc_moveit_config/share/fanuc_moveit_config/config/controller.yaml
[2.815s] -- Up-to-date: /workspaces/aprs/aprs_ws/install/fanuc_moveit_config/share/fanuc_moveit_config/config/ompl_planning.yaml
[2.816s] -- Up-to-date: /workspaces/aprs/aprs_ws/install/fanuc_moveit_config/share/fanuc_moveit_config/config/joint_limits.yaml
[2.816s] -- Up-to-date: /workspaces/aprs/aprs_ws/install/fanuc_moveit_config/share/fanuc_moveit_config/config/kinematics.yaml
[2.816s] -- Up-to-date: /workspaces/aprs/aprs_ws/install/fanuc_moveit_config/share/fanuc_moveit_config/launch
[2.816s] -- Up-to-date: /workspaces/aprs/aprs_ws/install/fanuc_moveit_config/share/fanuc_moveit_config/launch/fanuc_moveit.launch.py
[2.816s] -- Up-to-date: /workspaces/aprs/aprs_ws/install/fanuc_moveit_config/share/fanuc_moveit_config/srdf
[2.817s] -- Up-to-date: /workspaces/aprs/aprs_ws/install/fanuc_moveit_config/share/fanuc_moveit_config/srdf/fanuc.srdf
[2.817s] -- Up-to-date: /workspaces/aprs/aprs_ws/install/fanuc_moveit_config/share/fanuc_moveit_config/rviz
[2.817s] -- Up-to-date: /workspaces/aprs/aprs_ws/install/fanuc_moveit_config/share/fanuc_moveit_config/rviz/moveit.rviz
[2.817s] -- Up-to-date: /workspaces/aprs/aprs_ws/install/fanuc_moveit_config/share/fanuc_moveit_config/environment/pythonpath.sh
[2.817s] -- Up-to-date: /workspaces/aprs/aprs_ws/install/fanuc_moveit_config/share/fanuc_moveit_config/environment/pythonpath.dsv
[2.817s] -- Up-to-date: /workspaces/aprs/aprs_ws/install/fanuc_moveit_config/local/lib/python3.10/dist-packages/fanuc_moveit_config-0.0.0-py3.10.egg-info
[2.818s] -- Installing: /workspaces/aprs/aprs_ws/install/fanuc_moveit_config/local/lib/python3.10/dist-packages/fanuc_moveit_config-0.0.0-py3.10.egg-info/dependency_links.txt
[2.818s] -- Installing: /workspaces/aprs/aprs_ws/install/fanuc_moveit_config/local/lib/python3.10/dist-packages/fanuc_moveit_config-0.0.0-py3.10.egg-info/top_level.txt
[2.818s] -- Installing: /workspaces/aprs/aprs_ws/install/fanuc_moveit_config/local/lib/python3.10/dist-packages/fanuc_moveit_config-0.0.0-py3.10.egg-info/PKG-INFO
[2.818s] -- Installing: /workspaces/aprs/aprs_ws/install/fanuc_moveit_config/local/lib/python3.10/dist-packages/fanuc_moveit_config-0.0.0-py3.10.egg-info/SOURCES.txt
[2.818s] -- Up-to-date: /workspaces/aprs/aprs_ws/install/fanuc_moveit_config/lib/fanuc_moveit_config/
[2.819s] -- Up-to-date: /workspaces/aprs/aprs_ws/install/fanuc_moveit_config/local/lib/python3.10/dist-packages/fanuc_moveit_config
[2.819s] -- Up-to-date: /workspaces/aprs/aprs_ws/install/fanuc_moveit_config/local/lib/python3.10/dist-packages/fanuc_moveit_config/parameters.py
[2.819s] -- Up-to-date: /workspaces/aprs/aprs_ws/install/fanuc_moveit_config/local/lib/python3.10/dist-packages/fanuc_moveit_config/__init__.py
[2.819s] Listing '/workspaces/aprs/aprs_ws/install/fanuc_moveit_config/local/lib/python3.10/dist-packages/fanuc_moveit_config'...
[2.819s] -- Up-to-date: /workspaces/aprs/aprs_ws/install/fanuc_moveit_config/share/ament_index/resource_index/package_run_dependencies/fanuc_moveit_config
[2.819s] -- Up-to-date: /workspaces/aprs/aprs_ws/install/fanuc_moveit_config/share/ament_index/resource_index/parent_prefix_path/fanuc_moveit_config
[2.820s] -- Up-to-date: /workspaces/aprs/aprs_ws/install/fanuc_moveit_config/share/fanuc_moveit_config/environment/ament_prefix_path.sh
[2.820s] -- Up-to-date: /workspaces/aprs/aprs_ws/install/fanuc_moveit_config/share/fanuc_moveit_config/environment/ament_prefix_path.dsv
[2.820s] -- Up-to-date: /workspaces/aprs/aprs_ws/install/fanuc_moveit_config/share/fanuc_moveit_config/environment/path.sh
[2.820s] -- Up-to-date: /workspaces/aprs/aprs_ws/install/fanuc_moveit_config/share/fanuc_moveit_config/environment/path.dsv
[2.820s] -- Up-to-date: /workspaces/aprs/aprs_ws/install/fanuc_moveit_config/share/fanuc_moveit_config/local_setup.bash
[2.820s] -- Up-to-date: /workspaces/aprs/aprs_ws/install/fanuc_moveit_config/share/fanuc_moveit_config/local_setup.sh
[2.821s] -- Up-to-date: /workspaces/aprs/aprs_ws/install/fanuc_moveit_config/share/fanuc_moveit_config/local_setup.zsh
[2.821s] -- Up-to-date: /workspaces/aprs/aprs_ws/install/fanuc_moveit_config/share/fanuc_moveit_config/local_setup.dsv
[2.821s] -- Installing: /workspaces/aprs/aprs_ws/install/fanuc_moveit_config/share/fanuc_moveit_config/package.dsv
[2.821s] -- Up-to-date: /workspaces/aprs/aprs_ws/install/fanuc_moveit_config/share/ament_index/resource_index/packages/fanuc_moveit_config
[2.821s] -- Up-to-date: /workspaces/aprs/aprs_ws/install/fanuc_moveit_config/share/fanuc_moveit_config/cmake/fanuc_moveit_configConfig.cmake
[2.821s] -- Up-to-date: /workspaces/aprs/aprs_ws/install/fanuc_moveit_config/share/fanuc_moveit_config/cmake/fanuc_moveit_configConfig-version.cmake
[2.822s] -- Up-to-date: /workspaces/aprs/aprs_ws/install/fanuc_moveit_config/share/fanuc_moveit_config/package.xml
[2.982s] Invoked command in '/workspaces/aprs/aprs_ws/build/fanuc_moveit_config' returned '0': AMENT_PREFIX_PATH=/workspaces/aprs/aprs_ws/install/ur_description:${AMENT_PREFIX_PATH} CMAKE_PREFIX_PATH=/workspaces/aprs/aprs_ws/install/ur_description:/opt/ros/humble /usr/bin/cmake --install /workspaces/aprs/aprs_ws/build/fanuc_moveit_config
