[0.078s] Invoking command in '/workspaces/aprs_humble/aprs_ws/build/fanuc_moveit_config': CMAKE_PREFIX_PATH=/opt/ros/humble /usr/bin/cmake /workspaces/aprs_humble/aprs_ws/src/assets/robots/fanuc/fanuc_moveit_config -DBUILD_TESTING=ON -DCMAKE_INSTALL_PREFIX=/workspaces/aprs_humble/aprs_ws/install/fanuc_moveit_config
[1.463s] -- The C compiler identification is GNU 11.4.0
[1.463s] -- The CXX compiler identification is GNU 11.4.0
[1.463s] -- Detecting C compiler ABI info
[1.463s] -- Detecting C compiler ABI info - done
[1.463s] -- Check for working C compiler: /usr/bin/cc - skipped
[1.463s] -- Detecting C compile features
[1.468s] -- Detecting C compile features - done
[1.469s] -- Detecting CXX compiler ABI info
[1.469s] -- Detecting CXX compiler ABI info - done
[1.469s] -- Check for working CXX compiler: /usr/bin/c++ - skipped
[1.469s] -- Detecting CXX compile features
[1.469s] -- Detecting CXX compile features - done
[1.469s] -- Found ament_cmake: 1.3.5 (/opt/ros/humble/share/ament_cmake/cmake)
[1.469s] -- Found Python3: /usr/bin/python3.10 (found version "3.10.12") found components: Interpreter 
[1.642s] -- Configuring done
[1.642s] -- Generating done
[1.642s] -- Build files have been written to: /workspaces/aprs_humble/aprs_ws/build/fanuc_moveit_config
[1.658s] Invoked command in '/workspaces/aprs_humble/aprs_ws/build/fanuc_moveit_config' returned '0': CMAKE_PREFIX_PATH=/opt/ros/humble /usr/bin/cmake /workspaces/aprs_humble/aprs_ws/src/assets/robots/fanuc/fanuc_moveit_config -DBUILD_TESTING=ON -DCMAKE_INSTALL_PREFIX=/workspaces/aprs_humble/aprs_ws/install/fanuc_moveit_config
[1.658s] Invoking command in '/workspaces/aprs_humble/aprs_ws/build/fanuc_moveit_config': CMAKE_PREFIX_PATH=/opt/ros/humble /usr/bin/cmake --build /workspaces/aprs_humble/aprs_ws/build/fanuc_moveit_config -- -j16 -l16
[2.325s] Invoked command in '/workspaces/aprs_humble/aprs_ws/build/fanuc_moveit_config' returned '0': CMAKE_PREFIX_PATH=/opt/ros/humble /usr/bin/cmake --build /workspaces/aprs_humble/aprs_ws/build/fanuc_moveit_config -- -j16 -l16
[2.601s] Invoking command in '/workspaces/aprs_humble/aprs_ws/build/fanuc_moveit_config': CMAKE_PREFIX_PATH=/opt/ros/humble /usr/bin/cmake --install /workspaces/aprs_humble/aprs_ws/build/fanuc_moveit_config
[2.718s] -- Install configuration: ""
[2.718s] -- Installing: /workspaces/aprs_humble/aprs_ws/install/fanuc_moveit_config/share/ament_index/resource_index/package_run_dependencies/fanuc_moveit_config
[2.718s] -- Installing: /workspaces/aprs_humble/aprs_ws/install/fanuc_moveit_config/share/ament_index/resource_index/parent_prefix_path/fanuc_moveit_config
[2.718s] -- Installing: /workspaces/aprs_humble/aprs_ws/install/fanuc_moveit_config/share/fanuc_moveit_config/environment/ament_prefix_path.sh
[2.719s] -- Installing: /workspaces/aprs_humble/aprs_ws/install/fanuc_moveit_config/share/fanuc_moveit_config/environment/ament_prefix_path.dsv
[2.719s] -- Installing: /workspaces/aprs_humble/aprs_ws/install/fanuc_moveit_config/share/fanuc_moveit_config/environment/path.sh
[2.719s] -- Installing: /workspaces/aprs_humble/aprs_ws/install/fanuc_moveit_config/share/fanuc_moveit_config/environment/path.dsv
[2.719s] -- Installing: /workspaces/aprs_humble/aprs_ws/install/fanuc_moveit_config/share/fanuc_moveit_config/local_setup.bash
[2.719s] -- Installing: /workspaces/aprs_humble/aprs_ws/install/fanuc_moveit_config/share/fanuc_moveit_config/local_setup.sh
[2.719s] -- Installing: /workspaces/aprs_humble/aprs_ws/install/fanuc_moveit_config/share/fanuc_moveit_config/local_setup.zsh
[2.719s] -- Installing: /workspaces/aprs_humble/aprs_ws/install/fanuc_moveit_config/share/fanuc_moveit_config/local_setup.dsv
[2.719s] -- Installing: /workspaces/aprs_humble/aprs_ws/install/fanuc_moveit_config/share/fanuc_moveit_config/package.dsv
[2.719s] -- Installing: /workspaces/aprs_humble/aprs_ws/install/fanuc_moveit_config/share/ament_index/resource_index/packages/fanuc_moveit_config
[2.719s] -- Installing: /workspaces/aprs_humble/aprs_ws/install/fanuc_moveit_config/share/fanuc_moveit_config/cmake/fanuc_moveit_configConfig.cmake
[2.719s] -- Installing: /workspaces/aprs_humble/aprs_ws/install/fanuc_moveit_config/share/fanuc_moveit_config/cmake/fanuc_moveit_configConfig-version.cmake
[2.720s] -- Installing: /workspaces/aprs_humble/aprs_ws/install/fanuc_moveit_config/share/fanuc_moveit_config/package.xml
[2.720s] -- Installing: /workspaces/aprs_humble/aprs_ws/install/fanuc_moveit_config/share/fanuc_moveit_config/launch
[2.720s] -- Installing: /workspaces/aprs_humble/aprs_ws/install/fanuc_moveit_config/share/fanuc_moveit_config/launch/trajectory_execution.launch.xml
[2.720s] -- Installing: /workspaces/aprs_humble/aprs_ws/install/fanuc_moveit_config/share/fanuc_moveit_config/launch/fanuc_moveit_controller_manager.launch.xml
[2.720s] -- Installing: /workspaces/aprs_humble/aprs_ws/install/fanuc_moveit_config/share/fanuc_moveit_config/launch/chomp_planning_pipeline.launch.xml
[2.720s] -- Installing: /workspaces/aprs_humble/aprs_ws/install/fanuc_moveit_config/share/fanuc_moveit_config/launch/moveit.rviz
[2.720s] -- Installing: /workspaces/aprs_humble/aprs_ws/install/fanuc_moveit_config/share/fanuc_moveit_config/launch/demo.launch
[2.720s] -- Installing: /workspaces/aprs_humble/aprs_ws/install/fanuc_moveit_config/share/fanuc_moveit_config/launch/test_environment.launch
[2.720s] -- Installing: /workspaces/aprs_humble/aprs_ws/install/fanuc_moveit_config/share/fanuc_moveit_config/launch/planning_pipeline.launch.xml
[2.720s] -- Installing: /workspaces/aprs_humble/aprs_ws/install/fanuc_moveit_config/share/fanuc_moveit_config/launch/joystick_control.launch
[2.720s] -- Installing: /workspaces/aprs_humble/aprs_ws/install/fanuc_moveit_config/share/fanuc_moveit_config/launch/demo_gazebo.launch
[2.721s] -- Installing: /workspaces/aprs_humble/aprs_ws/install/fanuc_moveit_config/share/fanuc_moveit_config/launch/move_group.launch
[2.721s] -- Installing: /workspaces/aprs_humble/aprs_ws/install/fanuc_moveit_config/share/fanuc_moveit_config/launch/fake_moveit_controller_manager.launch.xml
[2.721s] -- Installing: /workspaces/aprs_humble/aprs_ws/install/fanuc_moveit_config/share/fanuc_moveit_config/launch/sensor_manager.launch.xml
[2.721s] -- Installing: /workspaces/aprs_humble/aprs_ws/install/fanuc_moveit_config/share/fanuc_moveit_config/launch/run_benchmark_ompl.launch
[2.721s] -- Installing: /workspaces/aprs_humble/aprs_ws/install/fanuc_moveit_config/share/fanuc_moveit_config/launch/ros_controllers.launch
[2.721s] -- Installing: /workspaces/aprs_humble/aprs_ws/install/fanuc_moveit_config/share/fanuc_moveit_config/launch/fanuc_moveit_sensor_manager.launch.xml
[2.721s] -- Installing: /workspaces/aprs_humble/aprs_ws/install/fanuc_moveit_config/share/fanuc_moveit_config/launch/demo_chomp.launch
[2.721s] -- Installing: /workspaces/aprs_humble/aprs_ws/install/fanuc_moveit_config/share/fanuc_moveit_config/launch/planning_context.launch
[2.721s] -- Installing: /workspaces/aprs_humble/aprs_ws/install/fanuc_moveit_config/share/fanuc_moveit_config/launch/default_warehouse_db.launch
[2.721s] -- Installing: /workspaces/aprs_humble/aprs_ws/install/fanuc_moveit_config/share/fanuc_moveit_config/launch/moveit_rviz.launch
[2.721s] -- Installing: /workspaces/aprs_humble/aprs_ws/install/fanuc_moveit_config/share/fanuc_moveit_config/launch/warehouse_settings.launch.xml
[2.721s] -- Installing: /workspaces/aprs_humble/aprs_ws/install/fanuc_moveit_config/share/fanuc_moveit_config/launch/warehouse.launch
[2.722s] -- Installing: /workspaces/aprs_humble/aprs_ws/install/fanuc_moveit_config/share/fanuc_moveit_config/launch/gazebo.launch
[2.722s] -- Installing: /workspaces/aprs_humble/aprs_ws/install/fanuc_moveit_config/share/fanuc_moveit_config/launch/ompl_planning_pipeline.launch.xml
[2.722s] -- Installing: /workspaces/aprs_humble/aprs_ws/install/fanuc_moveit_config/share/fanuc_moveit_config/config
[2.722s] -- Installing: /workspaces/aprs_humble/aprs_ws/install/fanuc_moveit_config/share/fanuc_moveit_config/config/fanuc.srdf
[2.722s] -- Installing: /workspaces/aprs_humble/aprs_ws/install/fanuc_moveit_config/share/fanuc_moveit_config/config/fanuc.srdf.xacro
[2.722s] -- Installing: /workspaces/aprs_humble/aprs_ws/install/fanuc_moveit_config/share/fanuc_moveit_config/config/chomp_planning.yaml
[2.722s] -- Installing: /workspaces/aprs_humble/aprs_ws/install/fanuc_moveit_config/share/fanuc_moveit_config/config/ompl_planning.yaml
[2.722s] -- Installing: /workspaces/aprs_humble/aprs_ws/install/fanuc_moveit_config/share/fanuc_moveit_config/config/joint_limits.yaml
[2.722s] -- Installing: /workspaces/aprs_humble/aprs_ws/install/fanuc_moveit_config/share/fanuc_moveit_config/config/kinematics.yaml
[2.722s] -- Installing: /workspaces/aprs_humble/aprs_ws/install/fanuc_moveit_config/share/fanuc_moveit_config/config/sensors_3d.yaml
[2.722s] -- Installing: /workspaces/aprs_humble/aprs_ws/install/fanuc_moveit_config/share/fanuc_moveit_config/config/ros_controllers.yaml
[2.722s] -- Installing: /workspaces/aprs_humble/aprs_ws/install/fanuc_moveit_config/share/fanuc_moveit_config/config/fake_controllers.yaml
[2.841s] Invoked command in '/workspaces/aprs_humble/aprs_ws/build/fanuc_moveit_config' returned '0': CMAKE_PREFIX_PATH=/opt/ros/humble /usr/bin/cmake --install /workspaces/aprs_humble/aprs_ws/build/fanuc_moveit_config
