[0.058s] Invoking command in '/workspaces/aprs/aprs_ws/build/ur_setup': CMAKE_PREFIX_PATH=/opt/ros/rolling /usr/bin/cmake /workspaces/aprs/aprs_ws/src/ur_setup -DCMAKE_INSTALL_PREFIX=/workspaces/aprs/aprs_ws/install/ur_setup
[0.481s] -- Found ament_cmake: 2.2.1 (/opt/ros/rolling/share/ament_cmake/cmake)
[0.481s] -- Found moveit_ros_planning_interface: 2.7.4 (/opt/ros/rolling/share/moveit_ros_planning_interface/cmake)
[0.481s] -- Found Boost: /usr/lib/x86_64-linux-gnu/cmake/Boost-1.74.0/BoostConfig.cmake (found version "1.74.0") found components: date_time filesystem program_options system thread 
[0.481s] -- Found rosidl_generator_c: 4.3.0 (/opt/ros/rolling/share/rosidl_generator_c/cmake)
[0.481s] -- Found rosidl_generator_cpp: 4.3.0 (/opt/ros/rolling/share/rosidl_generator_cpp/cmake)
[0.481s] -- Using all available rosidl_typesupport_c: rosidl_typesupport_fastrtps_c;rosidl_typesupport_introspection_c
[0.485s] -- Using all available rosidl_typesupport_cpp: rosidl_typesupport_fastrtps_cpp;rosidl_typesupport_introspection_cpp
[2.007s] -- Found Boost: /usr/lib/x86_64-linux-gnu/cmake/Boost-1.74.0/BoostConfig.cmake (found version "1.74.0") found components: chrono date_time filesystem iostreams program_options regex serialization system thread 
[2.043s] -- Found parameter_traits: 0.3.3 (/opt/ros/rolling/share/parameter_traits/cmake)
[2.193s] -- Found rmw_implementation_cmake: 7.2.1 (/opt/ros/rolling/share/rmw_implementation_cmake/cmake)
[2.195s] -- Found rmw_fastrtps_cpp: 7.3.0 (/opt/ros/rolling/share/rmw_fastrtps_cpp/cmake)
[2.379s] -- Using RMW implementation 'rmw_fastrtps_cpp' as default
[2.562s] -- Found rclcpp_lifecycle: 22.0.0 (/opt/ros/rolling/share/rclcpp_lifecycle/cmake)
[2.662s] -- Found Boost: /usr/lib/x86_64-linux-gnu/cmake/Boost-1.74.0/BoostConfig.cmake (found version "1.74.0") found components: filesystem 
[2.697s] -- library: /usr/lib/x86_64-linux-gnu/libcurl.so
[2.916s] -- Ensuring Eigen3 include directory is part of orocos-kdl CMake target
[3.495s] -- Found Boost: /usr/lib/x86_64-linux-gnu/cmake/Boost-1.74.0/BoostConfig.cmake (found version "1.74.0") found components: system filesystem date_time program_options thread chrono 
[4.058s] -- Found Boost: /usr/lib/x86_64-linux-gnu/cmake/Boost-1.74.0/BoostConfig.cmake (found version "1.74.0") found components: thread system filesystem regex date_time program_options 
[4.296s] -- Found Boost: /usr/lib/x86_64-linux-gnu/cmake/Boost-1.74.0/BoostConfig.cmake (found version "1.74.0") found components: system filesystem date_time program_options thread 
[4.799s] -- Found ament_lint_auto: 0.15.2 (/opt/ros/rolling/share/ament_lint_auto/cmake)
[4.868s] -- Added test 'cppcheck' to perform static code analysis on C / C++ code
[4.868s] -- Configured cppcheck include dirs: $<BUILD_INTERFACE:/workspaces/aprs/aprs_ws/src/ur_setup/include>
[4.868s] -- Configured cppcheck exclude dirs and/or files: 
[4.869s] -- Added test 'flake8' to check Python code syntax and style conventions
[4.869s] -- Configured 'flake8' exclude dirs and/or files: 
[4.869s] -- Added test 'lint_cmake' to check CMake code style
[4.870s] -- Added test 'pep257' to check Python code against some of the docstring style conventions in PEP 257
[4.870s] -- Added test 'uncrustify' to check C / C++ code style
[4.870s] -- Configured uncrustify additional arguments: 
[4.871s] -- Added test 'xmllint' to check XML markup files
[4.872s] -- Configuring done
[4.924s] -- Generating done
[4.926s] -- Build files have been written to: /workspaces/aprs/aprs_ws/build/ur_setup
[4.943s] Invoked command in '/workspaces/aprs/aprs_ws/build/ur_setup' returned '0': CMAKE_PREFIX_PATH=/opt/ros/rolling /usr/bin/cmake /workspaces/aprs/aprs_ws/src/ur_setup -DCMAKE_INSTALL_PREFIX=/workspaces/aprs/aprs_ws/install/ur_setup
[4.944s] Invoking command in '/workspaces/aprs/aprs_ws/build/ur_setup': CMAKE_PREFIX_PATH=/opt/ros/rolling /usr/bin/cmake --build /workspaces/aprs/aprs_ws/build/ur_setup -- -j16 -l16
[4.984s] [35m[1mConsolidate compiler generated dependencies of target ur_setup[0m
[5.023s] [100%] Built target ur_setup
[5.034s] Invoked command in '/workspaces/aprs/aprs_ws/build/ur_setup' returned '0': CMAKE_PREFIX_PATH=/opt/ros/rolling /usr/bin/cmake --build /workspaces/aprs/aprs_ws/build/ur_setup -- -j16 -l16
[5.052s] Invoking command in '/workspaces/aprs/aprs_ws/build/ur_setup': CMAKE_PREFIX_PATH=/opt/ros/rolling /usr/bin/cmake --install /workspaces/aprs/aprs_ws/build/ur_setup
[5.057s] -- Install configuration: ""
[5.057s] -- Up-to-date: /workspaces/aprs/aprs_ws/install/ur_setup/share/ur_setup//launch
[5.057s] -- Up-to-date: /workspaces/aprs/aprs_ws/install/ur_setup/share/ur_setup//launch/ur_setup.launch.py
[5.058s] -- Up-to-date: /workspaces/aprs/aprs_ws/install/ur_setup/lib/ur_setup/ur_setup
[5.058s] -- Up-to-date: /workspaces/aprs/aprs_ws/install/ur_setup/share/ament_index/resource_index/package_run_dependencies/ur_setup
[5.058s] -- Up-to-date: /workspaces/aprs/aprs_ws/install/ur_setup/share/ament_index/resource_index/parent_prefix_path/ur_setup
[5.058s] -- Up-to-date: /workspaces/aprs/aprs_ws/install/ur_setup/share/ur_setup/environment/ament_prefix_path.sh
[5.058s] -- Up-to-date: /workspaces/aprs/aprs_ws/install/ur_setup/share/ur_setup/environment/ament_prefix_path.dsv
[5.058s] -- Up-to-date: /workspaces/aprs/aprs_ws/install/ur_setup/share/ur_setup/environment/path.sh
[5.058s] -- Up-to-date: /workspaces/aprs/aprs_ws/install/ur_setup/share/ur_setup/environment/path.dsv
[5.058s] -- Up-to-date: /workspaces/aprs/aprs_ws/install/ur_setup/share/ur_setup/local_setup.bash
[5.058s] -- Up-to-date: /workspaces/aprs/aprs_ws/install/ur_setup/share/ur_setup/local_setup.sh
[5.058s] -- Up-to-date: /workspaces/aprs/aprs_ws/install/ur_setup/share/ur_setup/local_setup.zsh
[5.058s] -- Up-to-date: /workspaces/aprs/aprs_ws/install/ur_setup/share/ur_setup/local_setup.dsv
[5.058s] -- Installing: /workspaces/aprs/aprs_ws/install/ur_setup/share/ur_setup/package.dsv
[5.058s] -- Up-to-date: /workspaces/aprs/aprs_ws/install/ur_setup/share/ament_index/resource_index/packages/ur_setup
[5.058s] -- Up-to-date: /workspaces/aprs/aprs_ws/install/ur_setup/share/ur_setup/cmake/ur_setupConfig.cmake
[5.058s] -- Up-to-date: /workspaces/aprs/aprs_ws/install/ur_setup/share/ur_setup/cmake/ur_setupConfig-version.cmake
[5.058s] -- Up-to-date: /workspaces/aprs/aprs_ws/install/ur_setup/share/ur_setup/package.xml
[5.062s] Invoked command in '/workspaces/aprs/aprs_ws/build/ur_setup' returned '0': CMAKE_PREFIX_PATH=/opt/ros/rolling /usr/bin/cmake --install /workspaces/aprs/aprs_ws/build/ur_setup
