[0.084s] Invoking command in '/workspaces/aprs_humble/aprs_ws/build/table_description': CMAKE_PREFIX_PATH=${CMAKE_PREFIX_PATH}:/workspaces/aprs_humble/aprs_ws/install/rqt_controller_manager:/workspaces/aprs_humble/aprs_ws/install/ros2controlcli:/opt/ros/humble /usr/bin/cmake --build /workspaces/aprs_humble/aprs_ws/build/table_description -- -j16 -l16
[0.256s] Invoked command in '/workspaces/aprs_humble/aprs_ws/build/table_description' returned '0': CMAKE_PREFIX_PATH=${CMAKE_PREFIX_PATH}:/workspaces/aprs_humble/aprs_ws/install/rqt_controller_manager:/workspaces/aprs_humble/aprs_ws/install/ros2controlcli:/opt/ros/humble /usr/bin/cmake --build /workspaces/aprs_humble/aprs_ws/build/table_description -- -j16 -l16
[0.408s] Invoking command in '/workspaces/aprs_humble/aprs_ws/build/table_description': CMAKE_PREFIX_PATH=${CMAKE_PREFIX_PATH}:/workspaces/aprs_humble/aprs_ws/install/rqt_controller_manager:/workspaces/aprs_humble/aprs_ws/install/ros2controlcli:/opt/ros/humble /usr/bin/cmake --install /workspaces/aprs_humble/aprs_ws/build/table_description
[0.430s] -- Install configuration: ""
[0.430s] -- Up-to-date: /workspaces/aprs_humble/aprs_ws/install/table_description/share/table_description/meshes
[0.430s] -- Up-to-date: /workspaces/aprs_humble/aprs_ws/install/table_description/share/table_description/meshes/visual
[0.430s] -- Up-to-date: /workspaces/aprs_humble/aprs_ws/install/table_description/share/table_description/meshes/visual/table.stl
[0.430s] -- Up-to-date: /workspaces/aprs_humble/aprs_ws/install/table_description/share/table_description/meshes/collision
[0.430s] -- Up-to-date: /workspaces/aprs_humble/aprs_ws/install/table_description/share/table_description/meshes/collision/table.stl
[0.431s] -- Up-to-date: /workspaces/aprs_humble/aprs_ws/install/table_description/share/table_description/urdf
[0.431s] -- Up-to-date: /workspaces/aprs_humble/aprs_ws/install/table_description/share/table_description/urdf/table.urdf.xacro
[0.431s] -- Up-to-date: /workspaces/aprs_humble/aprs_ws/install/table_description/share/ament_index/resource_index/package_run_dependencies/table_description
[0.431s] -- Up-to-date: /workspaces/aprs_humble/aprs_ws/install/table_description/share/ament_index/resource_index/parent_prefix_path/table_description
[0.431s] -- Up-to-date: /workspaces/aprs_humble/aprs_ws/install/table_description/share/table_description/environment/ament_prefix_path.sh
[0.431s] -- Up-to-date: /workspaces/aprs_humble/aprs_ws/install/table_description/share/table_description/environment/ament_prefix_path.dsv
[0.431s] -- Up-to-date: /workspaces/aprs_humble/aprs_ws/install/table_description/share/table_description/environment/path.sh
[0.431s] -- Up-to-date: /workspaces/aprs_humble/aprs_ws/install/table_description/share/table_description/environment/path.dsv
[0.431s] -- Up-to-date: /workspaces/aprs_humble/aprs_ws/install/table_description/share/table_description/local_setup.bash
[0.432s] -- Up-to-date: /workspaces/aprs_humble/aprs_ws/install/table_description/share/table_description/local_setup.sh
[0.432s] -- Up-to-date: /workspaces/aprs_humble/aprs_ws/install/table_description/share/table_description/local_setup.zsh
[0.432s] -- Up-to-date: /workspaces/aprs_humble/aprs_ws/install/table_description/share/table_description/local_setup.dsv
[0.432s] -- Up-to-date: /workspaces/aprs_humble/aprs_ws/install/table_description/share/table_description/package.dsv
[0.432s] -- Up-to-date: /workspaces/aprs_humble/aprs_ws/install/table_description/share/ament_index/resource_index/packages/table_description
[0.432s] -- Up-to-date: /workspaces/aprs_humble/aprs_ws/install/table_description/share/table_description/cmake/table_descriptionConfig.cmake
[0.432s] -- Up-to-date: /workspaces/aprs_humble/aprs_ws/install/table_description/share/table_description/cmake/table_descriptionConfig-version.cmake
[0.432s] -- Up-to-date: /workspaces/aprs_humble/aprs_ws/install/table_description/share/table_description/package.xml
[0.499s] Invoked command in '/workspaces/aprs_humble/aprs_ws/build/table_description' returned '0': CMAKE_PREFIX_PATH=${CMAKE_PREFIX_PATH}:/workspaces/aprs_humble/aprs_ws/install/rqt_controller_manager:/workspaces/aprs_humble/aprs_ws/install/ros2controlcli:/opt/ros/humble /usr/bin/cmake --install /workspaces/aprs_humble/aprs_ws/build/table_description
