[0.253s] Invoking command in '/home/aprs/aprs/aprs_ws/build/conveyor_interfaces': CMAKE_PREFIX_PATH=${CMAKE_PREFIX_PATH}:/home/aprs/aprs/aprs_ws/install/conveyor_controller:/opt/ros/humble /usr/bin/cmake --build /home/aprs/aprs/aprs_ws/build/conveyor_interfaces -- -j16 -l16
[0.298s] [  2%] Built target conveyor_interfaces__cpp
[0.323s] [  2%] Built target ament_cmake_python_copy_conveyor_interfaces
[0.435s] [ 12%] Built target conveyor_interfaces__rosidl_typesupport_cpp
[0.563s] running egg_info
[0.564s] writing conveyor_interfaces.egg-info/PKG-INFO
[0.565s] writing dependency_links to conveyor_interfaces.egg-info/dependency_links.txt
[0.569s] writing top-level names to conveyor_interfaces.egg-info/top_level.txt
[0.569s] reading manifest file 'conveyor_interfaces.egg-info/SOURCES.txt'
[0.569s] writing manifest file 'conveyor_interfaces.egg-info/SOURCES.txt'
[0.607s] [ 12%] Built target ament_cmake_python_build_conveyor_interfaces_egg
[0.627s] [ 23%] Built target conveyor_interfaces__rosidl_typesupport_introspection_cpp
[0.650s] [ 34%] Built target conveyor_interfaces__rosidl_typesupport_fastrtps_cpp
[0.666s] [ 44%] Built target conveyor_interfaces__rosidl_generator_c
[0.687s] [ 55%] Built target conveyor_interfaces__rosidl_typesupport_fastrtps_c
[0.703s] [ 65%] Built target conveyor_interfaces__rosidl_typesupport_c
[0.726s] [ 76%] Built target conveyor_interfaces__rosidl_typesupport_introspection_c
[0.747s] [ 76%] Built target conveyor_interfaces
[0.773s] [ 78%] Built target conveyor_interfaces__py
[0.792s] [ 87%] Built target conveyor_interfaces__rosidl_generator_py
[0.815s] [ 91%] Built target conveyor_interfaces__rosidl_typesupport_fastrtps_c__pyext
[0.836s] [ 95%] Built target conveyor_interfaces__rosidl_typesupport_c__pyext
[0.856s] [100%] Built target conveyor_interfaces__rosidl_typesupport_introspection_c__pyext
[0.963s] Invoked command in '/home/aprs/aprs/aprs_ws/build/conveyor_interfaces' returned '0': CMAKE_PREFIX_PATH=${CMAKE_PREFIX_PATH}:/home/aprs/aprs/aprs_ws/install/conveyor_controller:/opt/ros/humble /usr/bin/cmake --build /home/aprs/aprs/aprs_ws/build/conveyor_interfaces -- -j16 -l16
[1.348s] Invoking command in '/home/aprs/aprs/aprs_ws/build/conveyor_interfaces': CMAKE_PREFIX_PATH=${CMAKE_PREFIX_PATH}:/home/aprs/aprs/aprs_ws/install/conveyor_controller:/opt/ros/humble /usr/bin/cmake --install /home/aprs/aprs/aprs_ws/build/conveyor_interfaces
[1.362s] -- Install configuration: ""
[1.365s] -- Up-to-date: /home/aprs/aprs/aprs_ws/install/conveyor_interfaces/share/ament_index/resource_index/rosidl_interfaces/conveyor_interfaces
[1.365s] -- Up-to-date: /home/aprs/aprs/aprs_ws/install/conveyor_interfaces/include/conveyor_interfaces/conveyor_interfaces
[1.365s] -- Up-to-date: /home/aprs/aprs/aprs_ws/install/conveyor_interfaces/include/conveyor_interfaces/conveyor_interfaces/msg
[1.365s] -- Up-to-date: /home/aprs/aprs/aprs_ws/install/conveyor_interfaces/include/conveyor_interfaces/conveyor_interfaces/msg/detail
[1.365s] -- Up-to-date: /home/aprs/aprs/aprs_ws/install/conveyor_interfaces/include/conveyor_interfaces/conveyor_interfaces/msg/detail/conveyor_state__functions.h
[1.366s] -- Up-to-date: /home/aprs/aprs/aprs_ws/install/conveyor_interfaces/include/conveyor_interfaces/conveyor_interfaces/msg/detail/conveyor_state__struct.h
[1.366s] -- Up-to-date: /home/aprs/aprs/aprs_ws/install/conveyor_interfaces/include/conveyor_interfaces/conveyor_interfaces/msg/detail/conveyor_state__functions.c
[1.366s] -- Up-to-date: /home/aprs/aprs/aprs_ws/install/conveyor_interfaces/include/conveyor_interfaces/conveyor_interfaces/msg/detail/conveyor_state__type_support.h
[1.366s] -- Up-to-date: /home/aprs/aprs/aprs_ws/install/conveyor_interfaces/include/conveyor_interfaces/conveyor_interfaces/msg/rosidl_generator_c__visibility_control.h
[1.366s] -- Up-to-date: /home/aprs/aprs/aprs_ws/install/conveyor_interfaces/include/conveyor_interfaces/conveyor_interfaces/msg/conveyor_state.h
[1.366s] -- Up-to-date: /home/aprs/aprs/aprs_ws/install/conveyor_interfaces/include/conveyor_interfaces/conveyor_interfaces/srv
[1.366s] -- Up-to-date: /home/aprs/aprs/aprs_ws/install/conveyor_interfaces/include/conveyor_interfaces/conveyor_interfaces/srv/set_conveyor_state.h
[1.366s] -- Up-to-date: /home/aprs/aprs/aprs_ws/install/conveyor_interfaces/include/conveyor_interfaces/conveyor_interfaces/srv/detail
[1.367s] -- Up-to-date: /home/aprs/aprs/aprs_ws/install/conveyor_interfaces/include/conveyor_interfaces/conveyor_interfaces/srv/detail/enable_conveyor__functions.c
[1.367s] -- Up-to-date: /home/aprs/aprs/aprs_ws/install/conveyor_interfaces/include/conveyor_interfaces/conveyor_interfaces/srv/detail/enable_conveyor__struct.h
[1.367s] -- Up-to-date: /home/aprs/aprs/aprs_ws/install/conveyor_interfaces/include/conveyor_interfaces/conveyor_interfaces/srv/detail/set_conveyor_state__functions.c
[1.367s] -- Up-to-date: /home/aprs/aprs/aprs_ws/install/conveyor_interfaces/include/conveyor_interfaces/conveyor_interfaces/srv/detail/enable_conveyor__functions.h
[1.367s] -- Up-to-date: /home/aprs/aprs/aprs_ws/install/conveyor_interfaces/include/conveyor_interfaces/conveyor_interfaces/srv/detail/enable_conveyor__type_support.h
[1.367s] -- Up-to-date: /home/aprs/aprs/aprs_ws/install/conveyor_interfaces/include/conveyor_interfaces/conveyor_interfaces/srv/detail/set_conveyor_state__functions.h
[1.367s] -- Up-to-date: /home/aprs/aprs/aprs_ws/install/conveyor_interfaces/include/conveyor_interfaces/conveyor_interfaces/srv/detail/set_conveyor_state__struct.h
[1.367s] -- Up-to-date: /home/aprs/aprs/aprs_ws/install/conveyor_interfaces/include/conveyor_interfaces/conveyor_interfaces/srv/detail/set_conveyor_state__type_support.h
[1.367s] -- Up-to-date: /home/aprs/aprs/aprs_ws/install/conveyor_interfaces/include/conveyor_interfaces/conveyor_interfaces/srv/enable_conveyor.h
[1.367s] -- Up-to-date: /home/aprs/aprs/aprs_ws/install/conveyor_interfaces/share/conveyor_interfaces/environment/library_path.sh
[1.367s] -- Up-to-date: /home/aprs/aprs/aprs_ws/install/conveyor_interfaces/share/conveyor_interfaces/environment/library_path.dsv
[1.367s] -- Up-to-date: /home/aprs/aprs/aprs_ws/install/conveyor_interfaces/lib/libconveyor_interfaces__rosidl_generator_c.so
[1.367s] -- Up-to-date: /home/aprs/aprs/aprs_ws/install/conveyor_interfaces/include/conveyor_interfaces/conveyor_interfaces
[1.367s] -- Up-to-date: /home/aprs/aprs/aprs_ws/install/conveyor_interfaces/include/conveyor_interfaces/conveyor_interfaces/msg
[1.367s] -- Up-to-date: /home/aprs/aprs/aprs_ws/install/conveyor_interfaces/include/conveyor_interfaces/conveyor_interfaces/msg/rosidl_typesupport_fastrtps_c__visibility_control.h
[1.367s] -- Up-to-date: /home/aprs/aprs/aprs_ws/install/conveyor_interfaces/include/conveyor_interfaces/conveyor_interfaces/msg/detail
[1.367s] -- Up-to-date: /home/aprs/aprs/aprs_ws/install/conveyor_interfaces/include/conveyor_interfaces/conveyor_interfaces/msg/detail/conveyor_state__rosidl_typesupport_fastrtps_c.h
[1.367s] -- Up-to-date: /home/aprs/aprs/aprs_ws/install/conveyor_interfaces/include/conveyor_interfaces/conveyor_interfaces/srv
[1.367s] -- Up-to-date: /home/aprs/aprs/aprs_ws/install/conveyor_interfaces/include/conveyor_interfaces/conveyor_interfaces/srv/detail
[1.367s] -- Up-to-date: /home/aprs/aprs/aprs_ws/install/conveyor_interfaces/include/conveyor_interfaces/conveyor_interfaces/srv/detail/enable_conveyor__rosidl_typesupport_fastrtps_c.h
[1.367s] -- Up-to-date: /home/aprs/aprs/aprs_ws/install/conveyor_interfaces/include/conveyor_interfaces/conveyor_interfaces/srv/detail/set_conveyor_state__rosidl_typesupport_fastrtps_c.h
[1.367s] -- Up-to-date: /home/aprs/aprs/aprs_ws/install/conveyor_interfaces/lib/libconveyor_interfaces__rosidl_typesupport_fastrtps_c.so
[1.367s] -- Up-to-date: /home/aprs/aprs/aprs_ws/install/conveyor_interfaces/include/conveyor_interfaces/conveyor_interfaces
[1.368s] -- Up-to-date: /home/aprs/aprs/aprs_ws/install/conveyor_interfaces/include/conveyor_interfaces/conveyor_interfaces/msg
[1.368s] -- Up-to-date: /home/aprs/aprs/aprs_ws/install/conveyor_interfaces/include/conveyor_interfaces/conveyor_interfaces/msg/detail
[1.368s] -- Up-to-date: /home/aprs/aprs/aprs_ws/install/conveyor_interfaces/include/conveyor_interfaces/conveyor_interfaces/msg/detail/conveyor_state__rosidl_typesupport_introspection_c.h
[1.368s] -- Up-to-date: /home/aprs/aprs/aprs_ws/install/conveyor_interfaces/include/conveyor_interfaces/conveyor_interfaces/msg/detail/conveyor_state__type_support.c
[1.368s] -- Up-to-date: /home/aprs/aprs/aprs_ws/install/conveyor_interfaces/include/conveyor_interfaces/conveyor_interfaces/msg/rosidl_typesupport_introspection_c__visibility_control.h
[1.368s] -- Up-to-date: /home/aprs/aprs/aprs_ws/install/conveyor_interfaces/include/conveyor_interfaces/conveyor_interfaces/srv
[1.368s] -- Up-to-date: /home/aprs/aprs/aprs_ws/install/conveyor_interfaces/include/conveyor_interfaces/conveyor_interfaces/srv/detail
[1.368s] -- Up-to-date: /home/aprs/aprs/aprs_ws/install/conveyor_interfaces/include/conveyor_interfaces/conveyor_interfaces/srv/detail/set_conveyor_state__type_support.c
[1.368s] -- Up-to-date: /home/aprs/aprs/aprs_ws/install/conveyor_interfaces/include/conveyor_interfaces/conveyor_interfaces/srv/detail/set_conveyor_state__rosidl_typesupport_introspection_c.h
[1.368s] -- Up-to-date: /home/aprs/aprs/aprs_ws/install/conveyor_interfaces/include/conveyor_interfaces/conveyor_interfaces/srv/detail/enable_conveyor__type_support.c
[1.368s] -- Up-to-date: /home/aprs/aprs/aprs_ws/install/conveyor_interfaces/include/conveyor_interfaces/conveyor_interfaces/srv/detail/enable_conveyor__rosidl_typesupport_introspection_c.h
[1.368s] -- Up-to-date: /home/aprs/aprs/aprs_ws/install/conveyor_interfaces/lib/libconveyor_interfaces__rosidl_typesupport_introspection_c.so
[1.368s] -- Up-to-date: /home/aprs/aprs/aprs_ws/install/conveyor_interfaces/lib/libconveyor_interfaces__rosidl_typesupport_c.so
[1.368s] -- Up-to-date: /home/aprs/aprs/aprs_ws/install/conveyor_interfaces/include/conveyor_interfaces/conveyor_interfaces
[1.368s] -- Up-to-date: /home/aprs/aprs/aprs_ws/install/conveyor_interfaces/include/conveyor_interfaces/conveyor_interfaces/msg
[1.368s] -- Up-to-date: /home/aprs/aprs/aprs_ws/install/conveyor_interfaces/include/conveyor_interfaces/conveyor_interfaces/msg/detail
[1.368s] -- Up-to-date: /home/aprs/aprs/aprs_ws/install/conveyor_interfaces/include/conveyor_interfaces/conveyor_interfaces/msg/detail/conveyor_state__traits.hpp
[1.368s] -- Up-to-date: /home/aprs/aprs/aprs_ws/install/conveyor_interfaces/include/conveyor_interfaces/conveyor_interfaces/msg/detail/conveyor_state__struct.hpp
[1.368s] -- Up-to-date: /home/aprs/aprs/aprs_ws/install/conveyor_interfaces/include/conveyor_interfaces/conveyor_interfaces/msg/detail/conveyor_state__builder.hpp
[1.368s] -- Up-to-date: /home/aprs/aprs/aprs_ws/install/conveyor_interfaces/include/conveyor_interfaces/conveyor_interfaces/msg/conveyor_state.hpp
[1.368s] -- Up-to-date: /home/aprs/aprs/aprs_ws/install/conveyor_interfaces/include/conveyor_interfaces/conveyor_interfaces/srv
[1.368s] -- Up-to-date: /home/aprs/aprs/aprs_ws/install/conveyor_interfaces/include/conveyor_interfaces/conveyor_interfaces/srv/set_conveyor_state.hpp
[1.368s] -- Up-to-date: /home/aprs/aprs/aprs_ws/install/conveyor_interfaces/include/conveyor_interfaces/conveyor_interfaces/srv/detail
[1.368s] -- Up-to-date: /home/aprs/aprs/aprs_ws/install/conveyor_interfaces/include/conveyor_interfaces/conveyor_interfaces/srv/detail/enable_conveyor__builder.hpp
[1.368s] -- Up-to-date: /home/aprs/aprs/aprs_ws/install/conveyor_interfaces/include/conveyor_interfaces/conveyor_interfaces/srv/detail/set_conveyor_state__builder.hpp
[1.368s] -- Up-to-date: /home/aprs/aprs/aprs_ws/install/conveyor_interfaces/include/conveyor_interfaces/conveyor_interfaces/srv/detail/enable_conveyor__traits.hpp
[1.368s] -- Up-to-date: /home/aprs/aprs/aprs_ws/install/conveyor_interfaces/include/conveyor_interfaces/conveyor_interfaces/srv/detail/set_conveyor_state__traits.hpp
[1.368s] -- Up-to-date: /home/aprs/aprs/aprs_ws/install/conveyor_interfaces/include/conveyor_interfaces/conveyor_interfaces/srv/detail/enable_conveyor__struct.hpp
[1.368s] -- Up-to-date: /home/aprs/aprs/aprs_ws/install/conveyor_interfaces/include/conveyor_interfaces/conveyor_interfaces/srv/detail/set_conveyor_state__struct.hpp
[1.368s] -- Up-to-date: /home/aprs/aprs/aprs_ws/install/conveyor_interfaces/include/conveyor_interfaces/conveyor_interfaces/srv/enable_conveyor.hpp
[1.368s] -- Up-to-date: /home/aprs/aprs/aprs_ws/install/conveyor_interfaces/include/conveyor_interfaces/conveyor_interfaces
[1.368s] -- Up-to-date: /home/aprs/aprs/aprs_ws/install/conveyor_interfaces/include/conveyor_interfaces/conveyor_interfaces/msg
[1.369s] -- Up-to-date: /home/aprs/aprs/aprs_ws/install/conveyor_interfaces/include/conveyor_interfaces/conveyor_interfaces/msg/detail
[1.369s] -- Up-to-date: /home/aprs/aprs/aprs_ws/install/conveyor_interfaces/include/conveyor_interfaces/conveyor_interfaces/msg/detail/conveyor_state__rosidl_typesupport_fastrtps_cpp.hpp
[1.369s] -- Up-to-date: /home/aprs/aprs/aprs_ws/install/conveyor_interfaces/include/conveyor_interfaces/conveyor_interfaces/msg/detail/dds_fastrtps
[1.369s] -- Up-to-date: /home/aprs/aprs/aprs_ws/install/conveyor_interfaces/include/conveyor_interfaces/conveyor_interfaces/msg/rosidl_typesupport_fastrtps_cpp__visibility_control.h
[1.369s] -- Up-to-date: /home/aprs/aprs/aprs_ws/install/conveyor_interfaces/include/conveyor_interfaces/conveyor_interfaces/srv
[1.369s] -- Up-to-date: /home/aprs/aprs/aprs_ws/install/conveyor_interfaces/include/conveyor_interfaces/conveyor_interfaces/srv/detail
[1.369s] -- Up-to-date: /home/aprs/aprs/aprs_ws/install/conveyor_interfaces/include/conveyor_interfaces/conveyor_interfaces/srv/detail/set_conveyor_state__rosidl_typesupport_fastrtps_cpp.hpp
[1.369s] -- Up-to-date: /home/aprs/aprs/aprs_ws/install/conveyor_interfaces/include/conveyor_interfaces/conveyor_interfaces/srv/detail/dds_fastrtps
[1.369s] -- Up-to-date: /home/aprs/aprs/aprs_ws/install/conveyor_interfaces/include/conveyor_interfaces/conveyor_interfaces/srv/detail/enable_conveyor__rosidl_typesupport_fastrtps_cpp.hpp
[1.369s] -- Up-to-date: /home/aprs/aprs/aprs_ws/install/conveyor_interfaces/lib/libconveyor_interfaces__rosidl_typesupport_fastrtps_cpp.so
[1.369s] -- Up-to-date: /home/aprs/aprs/aprs_ws/install/conveyor_interfaces/include/conveyor_interfaces/conveyor_interfaces
[1.369s] -- Up-to-date: /home/aprs/aprs/aprs_ws/install/conveyor_interfaces/include/conveyor_interfaces/conveyor_interfaces/msg
[1.369s] -- Up-to-date: /home/aprs/aprs/aprs_ws/install/conveyor_interfaces/include/conveyor_interfaces/conveyor_interfaces/msg/detail
[1.369s] -- Up-to-date: /home/aprs/aprs/aprs_ws/install/conveyor_interfaces/include/conveyor_interfaces/conveyor_interfaces/msg/detail/conveyor_state__rosidl_typesupport_introspection_cpp.hpp
[1.369s] -- Up-to-date: /home/aprs/aprs/aprs_ws/install/conveyor_interfaces/include/conveyor_interfaces/conveyor_interfaces/msg/detail/conveyor_state__type_support.cpp
[1.369s] -- Up-to-date: /home/aprs/aprs/aprs_ws/install/conveyor_interfaces/include/conveyor_interfaces/conveyor_interfaces/srv
[1.369s] -- Up-to-date: /home/aprs/aprs/aprs_ws/install/conveyor_interfaces/include/conveyor_interfaces/conveyor_interfaces/srv/detail
[1.369s] -- Up-to-date: /home/aprs/aprs/aprs_ws/install/conveyor_interfaces/include/conveyor_interfaces/conveyor_interfaces/srv/detail/set_conveyor_state__type_support.cpp
[1.369s] -- Up-to-date: /home/aprs/aprs/aprs_ws/install/conveyor_interfaces/include/conveyor_interfaces/conveyor_interfaces/srv/detail/enable_conveyor__rosidl_typesupport_introspection_cpp.hpp
[1.369s] -- Up-to-date: /home/aprs/aprs/aprs_ws/install/conveyor_interfaces/include/conveyor_interfaces/conveyor_interfaces/srv/detail/set_conveyor_state__rosidl_typesupport_introspection_cpp.hpp
[1.369s] -- Up-to-date: /home/aprs/aprs/aprs_ws/install/conveyor_interfaces/include/conveyor_interfaces/conveyor_interfaces/srv/detail/enable_conveyor__type_support.cpp
[1.369s] -- Up-to-date: /home/aprs/aprs/aprs_ws/install/conveyor_interfaces/lib/libconveyor_interfaces__rosidl_typesupport_introspection_cpp.so
[1.369s] -- Up-to-date: /home/aprs/aprs/aprs_ws/install/conveyor_interfaces/lib/libconveyor_interfaces__rosidl_typesupport_cpp.so
[1.369s] -- Up-to-date: /home/aprs/aprs/aprs_ws/install/conveyor_interfaces/share/conveyor_interfaces/environment/pythonpath.sh
[1.369s] -- Up-to-date: /home/aprs/aprs/aprs_ws/install/conveyor_interfaces/share/conveyor_interfaces/environment/pythonpath.dsv
[1.369s] -- Up-to-date: /home/aprs/aprs/aprs_ws/install/conveyor_interfaces/local/lib/python3.10/dist-packages/conveyor_interfaces-0.0.0-py3.10.egg-info
[1.369s] -- Installing: /home/aprs/aprs/aprs_ws/install/conveyor_interfaces/local/lib/python3.10/dist-packages/conveyor_interfaces-0.0.0-py3.10.egg-info/PKG-INFO
[1.369s] -- Installing: /home/aprs/aprs/aprs_ws/install/conveyor_interfaces/local/lib/python3.10/dist-packages/conveyor_interfaces-0.0.0-py3.10.egg-info/dependency_links.txt
[1.369s] -- Installing: /home/aprs/aprs/aprs_ws/install/conveyor_interfaces/local/lib/python3.10/dist-packages/conveyor_interfaces-0.0.0-py3.10.egg-info/SOURCES.txt
[1.369s] -- Installing: /home/aprs/aprs/aprs_ws/install/conveyor_interfaces/local/lib/python3.10/dist-packages/conveyor_interfaces-0.0.0-py3.10.egg-info/top_level.txt
[1.369s] -- Up-to-date: /home/aprs/aprs/aprs_ws/install/conveyor_interfaces/local/lib/python3.10/dist-packages/conveyor_interfaces
[1.369s] -- Up-to-date: /home/aprs/aprs/aprs_ws/install/conveyor_interfaces/local/lib/python3.10/dist-packages/conveyor_interfaces/__init__.py
[1.369s] -- Up-to-date: /home/aprs/aprs/aprs_ws/install/conveyor_interfaces/local/lib/python3.10/dist-packages/conveyor_interfaces/_conveyor_interfaces_s.ep.rosidl_typesupport_c.c
[1.369s] -- Up-to-date: /home/aprs/aprs/aprs_ws/install/conveyor_interfaces/local/lib/python3.10/dist-packages/conveyor_interfaces/_conveyor_interfaces_s.ep.rosidl_typesupport_introspection_c.c
[1.369s] -- Up-to-date: /home/aprs/aprs/aprs_ws/install/conveyor_interfaces/local/lib/python3.10/dist-packages/conveyor_interfaces/_conveyor_interfaces_s.ep.rosidl_typesupport_fastrtps_c.c
[1.369s] -- Up-to-date: /home/aprs/aprs/aprs_ws/install/conveyor_interfaces/local/lib/python3.10/dist-packages/conveyor_interfaces/libconveyor_interfaces__rosidl_generator_py.so
[1.370s] -- Up-to-date: /home/aprs/aprs/aprs_ws/install/conveyor_interfaces/local/lib/python3.10/dist-packages/conveyor_interfaces/msg
[1.370s] -- Up-to-date: /home/aprs/aprs/aprs_ws/install/conveyor_interfaces/local/lib/python3.10/dist-packages/conveyor_interfaces/msg/__init__.py
[1.370s] -- Up-to-date: /home/aprs/aprs/aprs_ws/install/conveyor_interfaces/local/lib/python3.10/dist-packages/conveyor_interfaces/msg/_conveyor_state_s.c
[1.370s] -- Up-to-date: /home/aprs/aprs/aprs_ws/install/conveyor_interfaces/local/lib/python3.10/dist-packages/conveyor_interfaces/msg/_conveyor_state.py
[1.370s] -- Up-to-date: /home/aprs/aprs/aprs_ws/install/conveyor_interfaces/local/lib/python3.10/dist-packages/conveyor_interfaces/conveyor_interfaces_s__rosidl_typesupport_introspection_c.cpython-310-x86_64-linux-gnu.so
[1.370s] -- Up-to-date: /home/aprs/aprs/aprs_ws/install/conveyor_interfaces/local/lib/python3.10/dist-packages/conveyor_interfaces/srv
[1.370s] -- Up-to-date: /home/aprs/aprs/aprs_ws/install/conveyor_interfaces/local/lib/python3.10/dist-packages/conveyor_interfaces/srv/__init__.py
[1.370s] -- Up-to-date: /home/aprs/aprs/aprs_ws/install/conveyor_interfaces/local/lib/python3.10/dist-packages/conveyor_interfaces/srv/_enable_conveyor_s.c
[1.370s] -- Up-to-date: /home/aprs/aprs/aprs_ws/install/conveyor_interfaces/local/lib/python3.10/dist-packages/conveyor_interfaces/srv/_enable_conveyor.py
[1.370s] -- Up-to-date: /home/aprs/aprs/aprs_ws/install/conveyor_interfaces/local/lib/python3.10/dist-packages/conveyor_interfaces/srv/_set_conveyor_state.py
[1.370s] -- Up-to-date: /home/aprs/aprs/aprs_ws/install/conveyor_interfaces/local/lib/python3.10/dist-packages/conveyor_interfaces/srv/_set_conveyor_state_s.c
[1.370s] -- Up-to-date: /home/aprs/aprs/aprs_ws/install/conveyor_interfaces/local/lib/python3.10/dist-packages/conveyor_interfaces/conveyor_interfaces_s__rosidl_typesupport_fastrtps_c.cpython-310-x86_64-linux-gnu.so
[1.370s] -- Up-to-date: /home/aprs/aprs/aprs_ws/install/conveyor_interfaces/local/lib/python3.10/dist-packages/conveyor_interfaces/conveyor_interfaces_s__rosidl_typesupport_c.cpython-310-x86_64-linux-gnu.so
[1.370s] Listing '/home/aprs/aprs/aprs_ws/install/conveyor_interfaces/local/lib/python3.10/dist-packages/conveyor_interfaces'...
[1.370s] Listing '/home/aprs/aprs/aprs_ws/install/conveyor_interfaces/local/lib/python3.10/dist-packages/conveyor_interfaces/msg'...
[1.370s] Listing '/home/aprs/aprs/aprs_ws/install/conveyor_interfaces/local/lib/python3.10/dist-packages/conveyor_interfaces/srv'...
[1.371s] -- Up-to-date: /home/aprs/aprs/aprs_ws/install/conveyor_interfaces/local/lib/python3.10/dist-packages/conveyor_interfaces/conveyor_interfaces_s__rosidl_typesupport_fastrtps_c.cpython-310-x86_64-linux-gnu.so
[1.371s] -- Up-to-date: /home/aprs/aprs/aprs_ws/install/conveyor_interfaces/local/lib/python3.10/dist-packages/conveyor_interfaces/conveyor_interfaces_s__rosidl_typesupport_introspection_c.cpython-310-x86_64-linux-gnu.so
[1.371s] -- Up-to-date: /home/aprs/aprs/aprs_ws/install/conveyor_interfaces/local/lib/python3.10/dist-packages/conveyor_interfaces/conveyor_interfaces_s__rosidl_typesupport_c.cpython-310-x86_64-linux-gnu.so
[1.371s] -- Up-to-date: /home/aprs/aprs/aprs_ws/install/conveyor_interfaces/lib/libconveyor_interfaces__rosidl_generator_py.so
[1.371s] -- Up-to-date: /home/aprs/aprs/aprs_ws/install/conveyor_interfaces/share/conveyor_interfaces/msg/ConveyorState.idl
[1.371s] -- Up-to-date: /home/aprs/aprs/aprs_ws/install/conveyor_interfaces/share/conveyor_interfaces/srv/EnableConveyor.idl
[1.371s] -- Up-to-date: /home/aprs/aprs/aprs_ws/install/conveyor_interfaces/share/conveyor_interfaces/srv/SetConveyorState.idl
[1.371s] -- Up-to-date: /home/aprs/aprs/aprs_ws/install/conveyor_interfaces/share/conveyor_interfaces/msg/ConveyorState.msg
[1.371s] -- Up-to-date: /home/aprs/aprs/aprs_ws/install/conveyor_interfaces/share/conveyor_interfaces/srv/EnableConveyor.srv
[1.371s] -- Up-to-date: /home/aprs/aprs/aprs_ws/install/conveyor_interfaces/share/conveyor_interfaces/srv/EnableConveyor_Request.msg
[1.371s] -- Up-to-date: /home/aprs/aprs/aprs_ws/install/conveyor_interfaces/share/conveyor_interfaces/srv/EnableConveyor_Response.msg
[1.371s] -- Up-to-date: /home/aprs/aprs/aprs_ws/install/conveyor_interfaces/share/conveyor_interfaces/srv/SetConveyorState.srv
[1.371s] -- Up-to-date: /home/aprs/aprs/aprs_ws/install/conveyor_interfaces/share/conveyor_interfaces/srv/SetConveyorState_Request.msg
[1.371s] -- Up-to-date: /home/aprs/aprs/aprs_ws/install/conveyor_interfaces/share/conveyor_interfaces/srv/SetConveyorState_Response.msg
[1.371s] -- Up-to-date: /home/aprs/aprs/aprs_ws/install/conveyor_interfaces/share/ament_index/resource_index/package_run_dependencies/conveyor_interfaces
[1.371s] -- Up-to-date: /home/aprs/aprs/aprs_ws/install/conveyor_interfaces/share/ament_index/resource_index/parent_prefix_path/conveyor_interfaces
[1.371s] -- Up-to-date: /home/aprs/aprs/aprs_ws/install/conveyor_interfaces/share/conveyor_interfaces/environment/ament_prefix_path.sh
[1.371s] -- Up-to-date: /home/aprs/aprs/aprs_ws/install/conveyor_interfaces/share/conveyor_interfaces/environment/ament_prefix_path.dsv
[1.371s] -- Up-to-date: /home/aprs/aprs/aprs_ws/install/conveyor_interfaces/share/conveyor_interfaces/environment/path.sh
[1.371s] -- Up-to-date: /home/aprs/aprs/aprs_ws/install/conveyor_interfaces/share/conveyor_interfaces/environment/path.dsv
[1.371s] -- Up-to-date: /home/aprs/aprs/aprs_ws/install/conveyor_interfaces/share/conveyor_interfaces/local_setup.bash
[1.371s] -- Up-to-date: /home/aprs/aprs/aprs_ws/install/conveyor_interfaces/share/conveyor_interfaces/local_setup.sh
[1.371s] -- Up-to-date: /home/aprs/aprs/aprs_ws/install/conveyor_interfaces/share/conveyor_interfaces/local_setup.zsh
[1.371s] -- Up-to-date: /home/aprs/aprs/aprs_ws/install/conveyor_interfaces/share/conveyor_interfaces/local_setup.dsv
[1.371s] -- Installing: /home/aprs/aprs/aprs_ws/install/conveyor_interfaces/share/conveyor_interfaces/package.dsv
[1.372s] -- Up-to-date: /home/aprs/aprs/aprs_ws/install/conveyor_interfaces/share/ament_index/resource_index/packages/conveyor_interfaces
[1.372s] -- Up-to-date: /home/aprs/aprs/aprs_ws/install/conveyor_interfaces/share/conveyor_interfaces/cmake/export_conveyor_interfaces__rosidl_generator_cExport.cmake
[1.372s] -- Up-to-date: /home/aprs/aprs/aprs_ws/install/conveyor_interfaces/share/conveyor_interfaces/cmake/export_conveyor_interfaces__rosidl_generator_cExport-noconfig.cmake
[1.372s] -- Up-to-date: /home/aprs/aprs/aprs_ws/install/conveyor_interfaces/share/conveyor_interfaces/cmake/export_conveyor_interfaces__rosidl_typesupport_fastrtps_cExport.cmake
[1.372s] -- Up-to-date: /home/aprs/aprs/aprs_ws/install/conveyor_interfaces/share/conveyor_interfaces/cmake/export_conveyor_interfaces__rosidl_typesupport_fastrtps_cExport-noconfig.cmake
[1.372s] -- Up-to-date: /home/aprs/aprs/aprs_ws/install/conveyor_interfaces/share/conveyor_interfaces/cmake/conveyor_interfaces__rosidl_typesupport_introspection_cExport.cmake
[1.372s] -- Up-to-date: /home/aprs/aprs/aprs_ws/install/conveyor_interfaces/share/conveyor_interfaces/cmake/conveyor_interfaces__rosidl_typesupport_introspection_cExport-noconfig.cmake
[1.372s] -- Up-to-date: /home/aprs/aprs/aprs_ws/install/conveyor_interfaces/share/conveyor_interfaces/cmake/conveyor_interfaces__rosidl_typesupport_cExport.cmake
[1.372s] -- Up-to-date: /home/aprs/aprs/aprs_ws/install/conveyor_interfaces/share/conveyor_interfaces/cmake/conveyor_interfaces__rosidl_typesupport_cExport-noconfig.cmake
[1.372s] -- Up-to-date: /home/aprs/aprs/aprs_ws/install/conveyor_interfaces/share/conveyor_interfaces/cmake/export_conveyor_interfaces__rosidl_generator_cppExport.cmake
[1.372s] -- Up-to-date: /home/aprs/aprs/aprs_ws/install/conveyor_interfaces/share/conveyor_interfaces/cmake/export_conveyor_interfaces__rosidl_typesupport_fastrtps_cppExport.cmake
[1.372s] -- Up-to-date: /home/aprs/aprs/aprs_ws/install/conveyor_interfaces/share/conveyor_interfaces/cmake/export_conveyor_interfaces__rosidl_typesupport_fastrtps_cppExport-noconfig.cmake
[1.372s] -- Up-to-date: /home/aprs/aprs/aprs_ws/install/conveyor_interfaces/share/conveyor_interfaces/cmake/conveyor_interfaces__rosidl_typesupport_introspection_cppExport.cmake
[1.372s] -- Up-to-date: /home/aprs/aprs/aprs_ws/install/conveyor_interfaces/share/conveyor_interfaces/cmake/conveyor_interfaces__rosidl_typesupport_introspection_cppExport-noconfig.cmake
[1.372s] -- Up-to-date: /home/aprs/aprs/aprs_ws/install/conveyor_interfaces/share/conveyor_interfaces/cmake/conveyor_interfaces__rosidl_typesupport_cppExport.cmake
[1.372s] -- Up-to-date: /home/aprs/aprs/aprs_ws/install/conveyor_interfaces/share/conveyor_interfaces/cmake/conveyor_interfaces__rosidl_typesupport_cppExport-noconfig.cmake
[1.372s] -- Up-to-date: /home/aprs/aprs/aprs_ws/install/conveyor_interfaces/share/conveyor_interfaces/cmake/export_conveyor_interfaces__rosidl_generator_pyExport.cmake
[1.372s] -- Up-to-date: /home/aprs/aprs/aprs_ws/install/conveyor_interfaces/share/conveyor_interfaces/cmake/export_conveyor_interfaces__rosidl_generator_pyExport-noconfig.cmake
[1.372s] -- Up-to-date: /home/aprs/aprs/aprs_ws/install/conveyor_interfaces/share/conveyor_interfaces/cmake/rosidl_cmake-extras.cmake
[1.372s] -- Up-to-date: /home/aprs/aprs/aprs_ws/install/conveyor_interfaces/share/conveyor_interfaces/cmake/ament_cmake_export_include_directories-extras.cmake
[1.372s] -- Up-to-date: /home/aprs/aprs/aprs_ws/install/conveyor_interfaces/share/conveyor_interfaces/cmake/ament_cmake_export_libraries-extras.cmake
[1.373s] -- Up-to-date: /home/aprs/aprs/aprs_ws/install/conveyor_interfaces/share/conveyor_interfaces/cmake/ament_cmake_export_targets-extras.cmake
[1.373s] -- Up-to-date: /home/aprs/aprs/aprs_ws/install/conveyor_interfaces/share/conveyor_interfaces/cmake/rosidl_cmake_export_typesupport_targets-extras.cmake
[1.373s] -- Up-to-date: /home/aprs/aprs/aprs_ws/install/conveyor_interfaces/share/conveyor_interfaces/cmake/ament_cmake_export_dependencies-extras.cmake
[1.373s] -- Up-to-date: /home/aprs/aprs/aprs_ws/install/conveyor_interfaces/share/conveyor_interfaces/cmake/rosidl_cmake_export_typesupport_libraries-extras.cmake
[1.373s] -- Up-to-date: /home/aprs/aprs/aprs_ws/install/conveyor_interfaces/share/conveyor_interfaces/cmake/conveyor_interfacesConfig.cmake
[1.373s] -- Up-to-date: /home/aprs/aprs/aprs_ws/install/conveyor_interfaces/share/conveyor_interfaces/cmake/conveyor_interfacesConfig-version.cmake
[1.373s] -- Up-to-date: /home/aprs/aprs/aprs_ws/install/conveyor_interfaces/share/conveyor_interfaces/package.xml
[1.449s] Invoked command in '/home/aprs/aprs/aprs_ws/build/conveyor_interfaces' returned '0': CMAKE_PREFIX_PATH=${CMAKE_PREFIX_PATH}:/home/aprs/aprs/aprs_ws/install/conveyor_controller:/opt/ros/humble /usr/bin/cmake --install /home/aprs/aprs/aprs_ws/build/conveyor_interfaces
