[0.081s] Invoking command in '/home/aprs/aprs/aprs_ws/build/ign_ros2_control': CMAKE_PREFIX_PATH=${CMAKE_PREFIX_PATH}:/home/aprs/aprs/aprs_ws/install/conveyor_controller:/opt/ros/humble /usr/bin/cmake --build /home/aprs/aprs/aprs_ws/build/ign_ros2_control -- -j16 -l16
[0.341s] [ 50%] Built target ign_ros2_control-system
[0.341s] [100%] Built target ign_hardware_plugins
[0.342s] Invoked command in '/home/aprs/aprs/aprs_ws/build/ign_ros2_control' returned '0': CMAKE_PREFIX_PATH=${CMAKE_PREFIX_PATH}:/home/aprs/aprs/aprs_ws/install/conveyor_controller:/opt/ros/humble /usr/bin/cmake --build /home/aprs/aprs/aprs_ws/build/ign_ros2_control -- -j16 -l16
[0.439s] Invoking command in '/home/aprs/aprs/aprs_ws/build/ign_ros2_control': CMAKE_PREFIX_PATH=${CMAKE_PREFIX_PATH}:/home/aprs/aprs/aprs_ws/install/conveyor_controller:/opt/ros/humble /usr/bin/cmake --install /home/aprs/aprs/aprs_ws/build/ign_ros2_control
[0.460s] -- Install configuration: ""
[0.460s] -- Up-to-date: /home/aprs/aprs/aprs_ws/install/ign_ros2_control/lib/libign_hardware_plugins.so
[0.460s] -- Up-to-date: /home/aprs/aprs/aprs_ws/install/ign_ros2_control/include
[0.460s] -- Up-to-date: /home/aprs/aprs/aprs_ws/install/ign_ros2_control/include/ign_ros2_control
[0.460s] -- Up-to-date: /home/aprs/aprs/aprs_ws/install/ign_ros2_control/include/ign_ros2_control/ign_system.hpp
[0.460s] -- Up-to-date: /home/aprs/aprs/aprs_ws/install/ign_ros2_control/include/ign_ros2_control/ign_ros2_control_plugin.hpp
[0.460s] -- Up-to-date: /home/aprs/aprs/aprs_ws/install/ign_ros2_control/include/ign_ros2_control/ign_system_interface.hpp
[0.460s] -- Up-to-date: /home/aprs/aprs/aprs_ws/install/ign_ros2_control/share/ign_ros2_control/environment/library_path.sh
[0.460s] -- Up-to-date: /home/aprs/aprs/aprs_ws/install/ign_ros2_control/share/ign_ros2_control/environment/library_path.dsv
[0.461s] -- Up-to-date: /home/aprs/aprs/aprs_ws/install/ign_ros2_control/lib/libign_ros2_control-system.so
[0.461s] -- Up-to-date: /home/aprs/aprs/aprs_ws/install/ign_ros2_control/share/ign_ros2_control/ign_hardware_plugins.xml
[0.461s] -- Up-to-date: /home/aprs/aprs/aprs_ws/install/ign_ros2_control/share/ign_ros2_control/environment/ign_ros2_control.dsv
[0.461s] -- Up-to-date: /home/aprs/aprs/aprs_ws/install/ign_ros2_control/share/ign_ros2_control/environment/ign_ros2_control.sh
[0.461s] -- Up-to-date: /home/aprs/aprs/aprs_ws/install/ign_ros2_control/share/ament_index/resource_index/package_run_dependencies/ign_ros2_control
[0.461s] -- Up-to-date: /home/aprs/aprs/aprs_ws/install/ign_ros2_control/share/ament_index/resource_index/parent_prefix_path/ign_ros2_control
[0.461s] -- Up-to-date: /home/aprs/aprs/aprs_ws/install/ign_ros2_control/share/ign_ros2_control/environment/ament_prefix_path.sh
[0.461s] -- Up-to-date: /home/aprs/aprs/aprs_ws/install/ign_ros2_control/share/ign_ros2_control/environment/ament_prefix_path.dsv
[0.461s] -- Up-to-date: /home/aprs/aprs/aprs_ws/install/ign_ros2_control/share/ign_ros2_control/environment/path.sh
[0.461s] -- Up-to-date: /home/aprs/aprs/aprs_ws/install/ign_ros2_control/share/ign_ros2_control/environment/path.dsv
[0.461s] -- Up-to-date: /home/aprs/aprs/aprs_ws/install/ign_ros2_control/share/ign_ros2_control/local_setup.bash
[0.461s] -- Up-to-date: /home/aprs/aprs/aprs_ws/install/ign_ros2_control/share/ign_ros2_control/local_setup.sh
[0.461s] -- Up-to-date: /home/aprs/aprs/aprs_ws/install/ign_ros2_control/share/ign_ros2_control/local_setup.zsh
[0.461s] -- Up-to-date: /home/aprs/aprs/aprs_ws/install/ign_ros2_control/share/ign_ros2_control/local_setup.dsv
[0.461s] -- Installing: /home/aprs/aprs/aprs_ws/install/ign_ros2_control/share/ign_ros2_control/package.dsv
[0.461s] -- Up-to-date: /home/aprs/aprs/aprs_ws/install/ign_ros2_control/share/ament_index/resource_index/packages/ign_ros2_control
[0.461s] -- Up-to-date: /home/aprs/aprs/aprs_ws/install/ign_ros2_control/share/ament_index/resource_index/ign_ros2_control__pluginlib__plugin/ign_ros2_control
[0.461s] -- Up-to-date: /home/aprs/aprs/aprs_ws/install/ign_ros2_control/share/ign_ros2_control/cmake/ament_cmake_export_include_directories-extras.cmake
[0.461s] -- Up-to-date: /home/aprs/aprs/aprs_ws/install/ign_ros2_control/share/ign_ros2_control/cmake/ament_cmake_export_libraries-extras.cmake
[0.461s] -- Up-to-date: /home/aprs/aprs/aprs_ws/install/ign_ros2_control/share/ign_ros2_control/cmake/ign_ros2_controlConfig.cmake
[0.461s] -- Up-to-date: /home/aprs/aprs/aprs_ws/install/ign_ros2_control/share/ign_ros2_control/cmake/ign_ros2_controlConfig-version.cmake
[0.461s] -- Up-to-date: /home/aprs/aprs/aprs_ws/install/ign_ros2_control/share/ign_ros2_control/package.xml
[0.500s] Invoked command in '/home/aprs/aprs/aprs_ws/build/ign_ros2_control' returned '0': CMAKE_PREFIX_PATH=${CMAKE_PREFIX_PATH}:/home/aprs/aprs/aprs_ws/install/conveyor_controller:/opt/ros/humble /usr/bin/cmake --install /home/aprs/aprs/aprs_ws/build/ign_ros2_control
