-- The CXX compiler identification is GNU 11.4.0
-- Detecting CXX compiler ABI info
-- Detecting CXX compiler ABI info - done
-- Check for working CXX compiler: /usr/bin/c++ - skipped
-- Detecting CXX compile features
-- Detecting CXX compile features - done
-- Found ament_cmake: 2.2.1 (/opt/ros/rolling/share/ament_cmake/cmake)
-- Found Python3: /usr/bin/python3.10 (found version "3.10.12") found components: Interpreter 
-- Found backward_ros: 1.0.2 (/opt/ros/rolling/share/backward_ros/cmake)
-- Found libdw: /usr/lib/x86_64-linux-gnu/libdw.so  
-- Could NOT find libbfd (missing: LIBBFD_LIBRARY LIBBFD_INCLUDE_DIR) 
-- BACKWARD_HAS_UNWIND=1
-- BACKWARD_HAS_BACKTRACE=0
-- BACKWARD_HAS_BACKTRACE_SYMBOL=0
-- BACKWARD_HAS_DW=1
-- BACKWARD_HAS_BFD=0
-- Found Backward: /opt/ros/rolling/share/backward_ros/cmake  
-- Found forward_command_controller: 3.13.0 (/home/aprs/aprs/aprs_ws/install/forward_command_controller/share/forward_command_controller/cmake)
-- Found rosidl_generator_c: 4.3.0 (/opt/ros/rolling/share/rosidl_generator_c/cmake)
-- Found rosidl_generator_cpp: 4.3.0 (/opt/ros/rolling/share/rosidl_generator_cpp/cmake)
-- Using all available rosidl_typesupport_c: rosidl_typesupport_fastrtps_c;rosidl_typesupport_introspection_c
-- Using all available rosidl_typesupport_cpp: rosidl_typesupport_fastrtps_cpp;rosidl_typesupport_introspection_cpp
-- Found rmw_implementation_cmake: 7.2.1 (/opt/ros/rolling/share/rmw_implementation_cmake/cmake)
-- Found rmw_fastrtps_cpp: 7.3.0 (/opt/ros/rolling/share/rmw_fastrtps_cpp/cmake)
-- Found OpenSSL: /usr/lib/x86_64-linux-gnu/libcrypto.so (found version "3.0.2")  
-- Found FastRTPS: /opt/ros/rolling/include  
-- Using RMW implementation 'rmw_fastrtps_cpp' as default
-- Found parameter_traits: 0.3.3 (/opt/ros/rolling/share/parameter_traits/cmake)
-- Found ament_cmake_gmock: 2.2.1 (/opt/ros/rolling/share/ament_cmake_gmock/cmake)
-- Found controller_manager: 3.17.0 (/home/aprs/aprs/aprs_ws/install/controller_manager/share/controller_manager/cmake)
-- Found ros2_control_test_assets: 3.17.0 (/home/aprs/aprs/aprs_ws/install/ros2_control_test_assets/share/ros2_control_test_assets/cmake)
-- Found gmock sources under '/opt/ros/rolling/src/gmock_vendor': C++ tests using 'Google Mock' will be built
-- The C compiler identification is GNU 11.4.0
-- Detecting C compiler ABI info
-- Detecting C compiler ABI info - done
-- Check for working C compiler: /usr/bin/cc - skipped
-- Detecting C compile features
-- Detecting C compile features - done
-- Found ament_cmake_gtest: 2.2.1 (/opt/ros/rolling/share/ament_cmake_gtest/cmake)
-- Found gtest sources under '/opt/ros/rolling/src/gtest_vendor': C++ tests using 'Google Test' will be built
-- Configuring done
-- Generating done
-- Build files have been written to: /home/aprs/aprs/aprs_ws/build/effort_controllers
[  9%] [32mBuilding CXX object gmock/CMakeFiles/gmock_main.dir/src/gmock_main.cc.o[0m
[ 18%] [32mBuilding CXX object CMakeFiles/effort_controllers.dir/src/joint_group_effort_controller.cpp.o[0m
[ 27%] [32m[1mLinking CXX static library libgmock_main.a[0m
[ 27%] Built target gmock_main
[ 36%] [32m[1mLinking CXX shared library libeffort_controllers.so[0m
[ 36%] Built target effort_controllers
[ 45%] [32mBuilding CXX object gmock/CMakeFiles/gmock.dir/opt/ros/rolling/src/gtest_vendor/src/gtest-all.cc.o[0m
[ 54%] [32mBuilding CXX object gmock/CMakeFiles/gmock.dir/src/gmock-all.cc.o[0m
[ 63%] [32m[1mLinking CXX static library libgmock.a[0m
[ 63%] Built target gmock
[ 72%] [32mBuilding CXX object CMakeFiles/test_load_joint_group_effort_controller.dir/test/test_load_joint_group_effort_controller.cpp.o[0m
[ 81%] [32m[1mLinking CXX executable test_load_joint_group_effort_controller[0m
[ 81%] Built target test_load_joint_group_effort_controller
[ 90%] [32mBuilding CXX object CMakeFiles/test_joint_group_effort_controller.dir/test/test_joint_group_effort_controller.cpp.o[0m
[100%] [32m[1mLinking CXX executable test_joint_group_effort_controller[0m
[100%] Built target test_joint_group_effort_controller
-- Install configuration: ""
-- Installing: /home/aprs/aprs/aprs_ws/install/effort_controllers/share/effort_controllers/effort_controllers_plugins.xml
-- Installing: /home/aprs/aprs/aprs_ws/install/effort_controllers/include/effort_controllers
-- Installing: /home/aprs/aprs/aprs_ws/install/effort_controllers/include/effort_controllers/effort_controllers
-- Installing: /home/aprs/aprs/aprs_ws/install/effort_controllers/include/effort_controllers/effort_controllers/joint_group_effort_controller.hpp
-- Installing: /home/aprs/aprs/aprs_ws/install/effort_controllers/include/effort_controllers/effort_controllers/visibility_control.h
-- Installing: /home/aprs/aprs/aprs_ws/install/effort_controllers/lib/libeffort_controllers.so
-- Set runtime path of "/home/aprs/aprs/aprs_ws/install/effort_controllers/lib/libeffort_controllers.so" to ""
-- Installing: /home/aprs/aprs/aprs_ws/install/effort_controllers/share/effort_controllers/environment/library_path.sh
-- Installing: /home/aprs/aprs/aprs_ws/install/effort_controllers/share/effort_controllers/environment/library_path.dsv
-- Installing: /home/aprs/aprs/aprs_ws/install/effort_controllers/share/ament_index/resource_index/package_run_dependencies/effort_controllers
-- Installing: /home/aprs/aprs/aprs_ws/install/effort_controllers/share/ament_index/resource_index/parent_prefix_path/effort_controllers
-- Installing: /home/aprs/aprs/aprs_ws/install/effort_controllers/share/effort_controllers/environment/ament_prefix_path.sh
-- Installing: /home/aprs/aprs/aprs_ws/install/effort_controllers/share/effort_controllers/environment/ament_prefix_path.dsv
-- Installing: /home/aprs/aprs/aprs_ws/install/effort_controllers/share/effort_controllers/environment/path.sh
-- Installing: /home/aprs/aprs/aprs_ws/install/effort_controllers/share/effort_controllers/environment/path.dsv
-- Installing: /home/aprs/aprs/aprs_ws/install/effort_controllers/share/effort_controllers/local_setup.bash
-- Installing: /home/aprs/aprs/aprs_ws/install/effort_controllers/share/effort_controllers/local_setup.sh
-- Installing: /home/aprs/aprs/aprs_ws/install/effort_controllers/share/effort_controllers/local_setup.zsh
-- Installing: /home/aprs/aprs/aprs_ws/install/effort_controllers/share/effort_controllers/local_setup.dsv
-- Installing: /home/aprs/aprs/aprs_ws/install/effort_controllers/share/effort_controllers/package.dsv
-- Installing: /home/aprs/aprs/aprs_ws/install/effort_controllers/share/ament_index/resource_index/packages/effort_controllers
-- Installing: /home/aprs/aprs/aprs_ws/install/effort_controllers/share/ament_index/resource_index/controller_interface__pluginlib__plugin/effort_controllers
-- Installing: /home/aprs/aprs/aprs_ws/install/effort_controllers/share/effort_controllers/cmake/export_effort_controllersExport.cmake
-- Installing: /home/aprs/aprs/aprs_ws/install/effort_controllers/share/effort_controllers/cmake/export_effort_controllersExport-noconfig.cmake
-- Installing: /home/aprs/aprs/aprs_ws/install/effort_controllers/share/effort_controllers/cmake/ament_cmake_export_targets-extras.cmake
-- Installing: /home/aprs/aprs/aprs_ws/install/effort_controllers/share/effort_controllers/cmake/ament_cmake_export_dependencies-extras.cmake
-- Installing: /home/aprs/aprs/aprs_ws/install/effort_controllers/share/effort_controllers/cmake/effort_controllersConfig.cmake
-- Installing: /home/aprs/aprs/aprs_ws/install/effort_controllers/share/effort_controllers/cmake/effort_controllersConfig-version.cmake
-- Installing: /home/aprs/aprs/aprs_ws/install/effort_controllers/share/effort_controllers/package.xml
