[0.484s] Invoking command in '/workspaces/aprs/aprs_ws/build/aprs_moveit_config': CMAKE_PREFIX_PATH=/workspaces/aprs/aprs_ws/install/ur_description:/workspaces/aprs/aprs_ws/install/worlds:/workspaces/aprs/aprs_ws/install/workbench_description:/workspaces/aprs/aprs_ws/install/vaccum_description:/workspaces/aprs/aprs_ws/install/ur_setup:/workspaces/aprs/aprs_ws/install/ur:/workspaces/aprs/aprs_ws/install/ur_calibration:/workspaces/aprs/aprs_ws/install/ur_robot_driver:/workspaces/aprs/aprs_ws/install/ur_bringup:/workspaces/aprs/aprs_ws/install/ur_controllers:/workspaces/aprs/aprs_ws/install/ur_msgs:/workspaces/aprs/aprs_ws/install/ur_moveit_config:/workspaces/aprs/aprs_ws/install/ur_gz:/workspaces/aprs/aprs_ws/install/ur_description__:/workspaces/aprs/aprs_ws/install/ur5e_moveit_config:/workspaces/aprs/aprs_ws/install/panda_moveit_config:/workspaces/aprs/aprs_ws/install/motoman_moveit_config:/workspaces/aprs/aprs_ws/install/fanuc_moveit_config:/workspaces/aprs/aprs_ws/install/aprs_moveit_config:/workspaces/aprs/aprs_ws/install/ur_dashboard_msgs:/workspaces/aprs/aprs_ws/install/ur_client_library:/workspaces/aprs/aprs_ws/install/table_description:/workspaces/aprs/aprs_ws/install/ros_gz_example_gazebo:/workspaces/aprs/aprs_ws/install/point_cloud:/workspaces/aprs/aprs_ws/install/realsense2_description:/workspaces/aprs/aprs_ws/install/panda_description:/workspaces/aprs/aprs_ws/install/motoman_gz:/workspaces/aprs/aprs_ws/install/motoman_description:/workspaces/aprs/aprs_ws/install/ign_ros2_control_demos:/workspaces/aprs/aprs_ws/install/gz_ros2_control_tests:/workspaces/aprs/aprs_ws/install/ign_ros2_control:/workspaces/aprs/aprs_ws/install/franka_setup:/workspaces/aprs/aprs_ws/install/franka_gz:/workspaces/aprs/aprs_ws/install/fanuc_gz:/workspaces/aprs/aprs_ws/install/fanuc_description:/workspaces/aprs/aprs_ws/install/camera_mount:/workspaces/aprs/aprs_ws/install/aprs_lab:/workspaces/aprs/aprs_ws/install/aprs_gazebo:/opt/ros/humble /usr/bin/cmake --build /workspaces/aprs/aprs_ws/build/aprs_moveit_config -- -j16 -l16
[0.777s] Built target ament_cmake_python_copy_aprs_moveit_config
[1.057s] running egg_info
[1.063s] writing aprs_moveit_config.egg-info/PKG-INFO
[1.064s] writing dependency_links to aprs_moveit_config.egg-info/dependency_links.txt
[1.064s] writing top-level names to aprs_moveit_config.egg-info/top_level.txt
[1.066s] reading manifest file 'aprs_moveit_config.egg-info/SOURCES.txt'
[1.067s] writing manifest file 'aprs_moveit_config.egg-info/SOURCES.txt'
[1.167s] Built target ament_cmake_python_build_aprs_moveit_config_egg
[1.532s] running install_scripts
[1.536s] /usr/lib/python3/dist-packages/setuptools/command/install.py:34: SetuptoolsDeprecationWarning: setup.py install is deprecated. Use build and pip and other standards-based tools.
[1.538s]   warnings.warn(
[1.566s] running egg_info
[1.566s] writing aprs_moveit_config.egg-info/PKG-INFO
[1.574s] writing dependency_links to aprs_moveit_config.egg-info/dependency_links.txt
[1.576s] writing top-level names to aprs_moveit_config.egg-info/top_level.txt
[1.576s] reading manifest file 'aprs_moveit_config.egg-info/SOURCES.txt'
[1.577s] writing manifest file 'aprs_moveit_config.egg-info/SOURCES.txt'
[1.663s] Built target ament_cmake_python_build_aprs_moveit_config_scripts
[2.478s] Invoked command in '/workspaces/aprs/aprs_ws/build/aprs_moveit_config' returned '0': CMAKE_PREFIX_PATH=/workspaces/aprs/aprs_ws/install/ur_description:/workspaces/aprs/aprs_ws/install/worlds:/workspaces/aprs/aprs_ws/install/workbench_description:/workspaces/aprs/aprs_ws/install/vaccum_description:/workspaces/aprs/aprs_ws/install/ur_setup:/workspaces/aprs/aprs_ws/install/ur:/workspaces/aprs/aprs_ws/install/ur_calibration:/workspaces/aprs/aprs_ws/install/ur_robot_driver:/workspaces/aprs/aprs_ws/install/ur_bringup:/workspaces/aprs/aprs_ws/install/ur_controllers:/workspaces/aprs/aprs_ws/install/ur_msgs:/workspaces/aprs/aprs_ws/install/ur_moveit_config:/workspaces/aprs/aprs_ws/install/ur_gz:/workspaces/aprs/aprs_ws/install/ur_description__:/workspaces/aprs/aprs_ws/install/ur5e_moveit_config:/workspaces/aprs/aprs_ws/install/panda_moveit_config:/workspaces/aprs/aprs_ws/install/motoman_moveit_config:/workspaces/aprs/aprs_ws/install/fanuc_moveit_config:/workspaces/aprs/aprs_ws/install/aprs_moveit_config:/workspaces/aprs/aprs_ws/install/ur_dashboard_msgs:/workspaces/aprs/aprs_ws/install/ur_client_library:/workspaces/aprs/aprs_ws/install/table_description:/workspaces/aprs/aprs_ws/install/ros_gz_example_gazebo:/workspaces/aprs/aprs_ws/install/point_cloud:/workspaces/aprs/aprs_ws/install/realsense2_description:/workspaces/aprs/aprs_ws/install/panda_description:/workspaces/aprs/aprs_ws/install/motoman_gz:/workspaces/aprs/aprs_ws/install/motoman_description:/workspaces/aprs/aprs_ws/install/ign_ros2_control_demos:/workspaces/aprs/aprs_ws/install/gz_ros2_control_tests:/workspaces/aprs/aprs_ws/install/ign_ros2_control:/workspaces/aprs/aprs_ws/install/franka_setup:/workspaces/aprs/aprs_ws/install/franka_gz:/workspaces/aprs/aprs_ws/install/fanuc_gz:/workspaces/aprs/aprs_ws/install/fanuc_description:/workspaces/aprs/aprs_ws/install/camera_mount:/workspaces/aprs/aprs_ws/install/aprs_lab:/workspaces/aprs/aprs_ws/install/aprs_gazebo:/opt/ros/humble /usr/bin/cmake --build /workspaces/aprs/aprs_ws/build/aprs_moveit_config -- -j16 -l16
[3.080s] Invoking command in '/workspaces/aprs/aprs_ws/build/aprs_moveit_config': CMAKE_PREFIX_PATH=/workspaces/aprs/aprs_ws/install/ur_description:/workspaces/aprs/aprs_ws/install/worlds:/workspaces/aprs/aprs_ws/install/workbench_description:/workspaces/aprs/aprs_ws/install/vaccum_description:/workspaces/aprs/aprs_ws/install/ur_setup:/workspaces/aprs/aprs_ws/install/ur:/workspaces/aprs/aprs_ws/install/ur_calibration:/workspaces/aprs/aprs_ws/install/ur_robot_driver:/workspaces/aprs/aprs_ws/install/ur_bringup:/workspaces/aprs/aprs_ws/install/ur_controllers:/workspaces/aprs/aprs_ws/install/ur_msgs:/workspaces/aprs/aprs_ws/install/ur_moveit_config:/workspaces/aprs/aprs_ws/install/ur_gz:/workspaces/aprs/aprs_ws/install/ur_description__:/workspaces/aprs/aprs_ws/install/ur5e_moveit_config:/workspaces/aprs/aprs_ws/install/panda_moveit_config:/workspaces/aprs/aprs_ws/install/motoman_moveit_config:/workspaces/aprs/aprs_ws/install/fanuc_moveit_config:/workspaces/aprs/aprs_ws/install/aprs_moveit_config:/workspaces/aprs/aprs_ws/install/ur_dashboard_msgs:/workspaces/aprs/aprs_ws/install/ur_client_library:/workspaces/aprs/aprs_ws/install/table_description:/workspaces/aprs/aprs_ws/install/ros_gz_example_gazebo:/workspaces/aprs/aprs_ws/install/point_cloud:/workspaces/aprs/aprs_ws/install/realsense2_description:/workspaces/aprs/aprs_ws/install/panda_description:/workspaces/aprs/aprs_ws/install/motoman_gz:/workspaces/aprs/aprs_ws/install/motoman_description:/workspaces/aprs/aprs_ws/install/ign_ros2_control_demos:/workspaces/aprs/aprs_ws/install/gz_ros2_control_tests:/workspaces/aprs/aprs_ws/install/ign_ros2_control:/workspaces/aprs/aprs_ws/install/franka_setup:/workspaces/aprs/aprs_ws/install/franka_gz:/workspaces/aprs/aprs_ws/install/fanuc_gz:/workspaces/aprs/aprs_ws/install/fanuc_description:/workspaces/aprs/aprs_ws/install/camera_mount:/workspaces/aprs/aprs_ws/install/aprs_lab:/workspaces/aprs/aprs_ws/install/aprs_gazebo:/opt/ros/humble /usr/bin/cmake --install /workspaces/aprs/aprs_ws/build/aprs_moveit_config
[3.808s] -- Install configuration: ""
[3.808s] -- Up-to-date: /workspaces/aprs/aprs_ws/install/aprs_moveit_config/share/aprs_moveit_config/config
[3.808s] -- Up-to-date: /workspaces/aprs/aprs_ws/install/aprs_moveit_config/share/aprs_moveit_config/config/ompl_planning.yaml
[3.808s] -- Up-to-date: /workspaces/aprs/aprs_ws/install/aprs_moveit_config/share/aprs_moveit_config/config/kinematics.yaml
[3.808s] -- Up-to-date: /workspaces/aprs/aprs_ws/install/aprs_moveit_config/share/aprs_moveit_config/config/controllers.yaml
[3.808s] -- Up-to-date: /workspaces/aprs/aprs_ws/install/aprs_moveit_config/share/aprs_moveit_config/launch
[3.809s] -- Up-to-date: /workspaces/aprs/aprs_ws/install/aprs_moveit_config/share/aprs_moveit_config/launch/aprs_moveit.launch.py
[3.809s] -- Up-to-date: /workspaces/aprs/aprs_ws/install/aprs_moveit_config/share/aprs_moveit_config/srdf
[3.809s] -- Up-to-date: /workspaces/aprs/aprs_ws/install/aprs_moveit_config/share/aprs_moveit_config/srdf/aprs_robots.srdf
[3.809s] -- Up-to-date: /workspaces/aprs/aprs_ws/install/aprs_moveit_config/share/aprs_moveit_config/rviz
[3.809s] -- Up-to-date: /workspaces/aprs/aprs_ws/install/aprs_moveit_config/share/aprs_moveit_config/rviz/moveit.rviz
[3.809s] -- Up-to-date: /workspaces/aprs/aprs_ws/install/aprs_moveit_config/share/aprs_moveit_config/environment/pythonpath.sh
[3.809s] -- Up-to-date: /workspaces/aprs/aprs_ws/install/aprs_moveit_config/share/aprs_moveit_config/environment/pythonpath.dsv
[3.809s] -- Up-to-date: /workspaces/aprs/aprs_ws/install/aprs_moveit_config/local/lib/python3.10/dist-packages/aprs_moveit_config-0.0.0-py3.10.egg-info
[3.809s] -- Installing: /workspaces/aprs/aprs_ws/install/aprs_moveit_config/local/lib/python3.10/dist-packages/aprs_moveit_config-0.0.0-py3.10.egg-info/dependency_links.txt
[3.809s] -- Installing: /workspaces/aprs/aprs_ws/install/aprs_moveit_config/local/lib/python3.10/dist-packages/aprs_moveit_config-0.0.0-py3.10.egg-info/top_level.txt
[3.809s] -- Installing: /workspaces/aprs/aprs_ws/install/aprs_moveit_config/local/lib/python3.10/dist-packages/aprs_moveit_config-0.0.0-py3.10.egg-info/PKG-INFO
[3.813s] -- Installing: /workspaces/aprs/aprs_ws/install/aprs_moveit_config/local/lib/python3.10/dist-packages/aprs_moveit_config-0.0.0-py3.10.egg-info/SOURCES.txt
[3.813s] -- Up-to-date: /workspaces/aprs/aprs_ws/install/aprs_moveit_config/lib/aprs_moveit_config/
[3.813s] -- Up-to-date: /workspaces/aprs/aprs_ws/install/aprs_moveit_config/local/lib/python3.10/dist-packages/aprs_moveit_config
[3.813s] -- Up-to-date: /workspaces/aprs/aprs_ws/install/aprs_moveit_config/local/lib/python3.10/dist-packages/aprs_moveit_config/parameters.py
[3.814s] -- Up-to-date: /workspaces/aprs/aprs_ws/install/aprs_moveit_config/local/lib/python3.10/dist-packages/aprs_moveit_config/__init__.py
[3.814s] Listing '/workspaces/aprs/aprs_ws/install/aprs_moveit_config/local/lib/python3.10/dist-packages/aprs_moveit_config'...
[3.814s] -- Up-to-date: /workspaces/aprs/aprs_ws/install/aprs_moveit_config/share/ament_index/resource_index/package_run_dependencies/aprs_moveit_config
[3.814s] -- Up-to-date: /workspaces/aprs/aprs_ws/install/aprs_moveit_config/share/ament_index/resource_index/parent_prefix_path/aprs_moveit_config
[3.815s] -- Up-to-date: /workspaces/aprs/aprs_ws/install/aprs_moveit_config/share/aprs_moveit_config/environment/ament_prefix_path.sh
[3.815s] -- Up-to-date: /workspaces/aprs/aprs_ws/install/aprs_moveit_config/share/aprs_moveit_config/environment/ament_prefix_path.dsv
[3.815s] -- Up-to-date: /workspaces/aprs/aprs_ws/install/aprs_moveit_config/share/aprs_moveit_config/environment/path.sh
[3.815s] -- Up-to-date: /workspaces/aprs/aprs_ws/install/aprs_moveit_config/share/aprs_moveit_config/environment/path.dsv
[3.816s] -- Up-to-date: /workspaces/aprs/aprs_ws/install/aprs_moveit_config/share/aprs_moveit_config/local_setup.bash
[3.816s] -- Up-to-date: /workspaces/aprs/aprs_ws/install/aprs_moveit_config/share/aprs_moveit_config/local_setup.sh
[3.816s] -- Up-to-date: /workspaces/aprs/aprs_ws/install/aprs_moveit_config/share/aprs_moveit_config/local_setup.zsh
[3.816s] -- Up-to-date: /workspaces/aprs/aprs_ws/install/aprs_moveit_config/share/aprs_moveit_config/local_setup.dsv
[3.817s] -- Installing: /workspaces/aprs/aprs_ws/install/aprs_moveit_config/share/aprs_moveit_config/package.dsv
[3.817s] -- Up-to-date: /workspaces/aprs/aprs_ws/install/aprs_moveit_config/share/ament_index/resource_index/packages/aprs_moveit_config
[3.817s] -- Up-to-date: /workspaces/aprs/aprs_ws/install/aprs_moveit_config/share/aprs_moveit_config/cmake/aprs_moveit_configConfig.cmake
[3.817s] -- Up-to-date: /workspaces/aprs/aprs_ws/install/aprs_moveit_config/share/aprs_moveit_config/cmake/aprs_moveit_configConfig-version.cmake
[3.817s] -- Up-to-date: /workspaces/aprs/aprs_ws/install/aprs_moveit_config/share/aprs_moveit_config/package.xml
[4.483s] Invoked command in '/workspaces/aprs/aprs_ws/build/aprs_moveit_config' returned '0': CMAKE_PREFIX_PATH=/workspaces/aprs/aprs_ws/install/ur_description:/workspaces/aprs/aprs_ws/install/worlds:/workspaces/aprs/aprs_ws/install/workbench_description:/workspaces/aprs/aprs_ws/install/vaccum_description:/workspaces/aprs/aprs_ws/install/ur_setup:/workspaces/aprs/aprs_ws/install/ur:/workspaces/aprs/aprs_ws/install/ur_calibration:/workspaces/aprs/aprs_ws/install/ur_robot_driver:/workspaces/aprs/aprs_ws/install/ur_bringup:/workspaces/aprs/aprs_ws/install/ur_controllers:/workspaces/aprs/aprs_ws/install/ur_msgs:/workspaces/aprs/aprs_ws/install/ur_moveit_config:/workspaces/aprs/aprs_ws/install/ur_gz:/workspaces/aprs/aprs_ws/install/ur_description__:/workspaces/aprs/aprs_ws/install/ur5e_moveit_config:/workspaces/aprs/aprs_ws/install/panda_moveit_config:/workspaces/aprs/aprs_ws/install/motoman_moveit_config:/workspaces/aprs/aprs_ws/install/fanuc_moveit_config:/workspaces/aprs/aprs_ws/install/aprs_moveit_config:/workspaces/aprs/aprs_ws/install/ur_dashboard_msgs:/workspaces/aprs/aprs_ws/install/ur_client_library:/workspaces/aprs/aprs_ws/install/table_description:/workspaces/aprs/aprs_ws/install/ros_gz_example_gazebo:/workspaces/aprs/aprs_ws/install/point_cloud:/workspaces/aprs/aprs_ws/install/realsense2_description:/workspaces/aprs/aprs_ws/install/panda_description:/workspaces/aprs/aprs_ws/install/motoman_gz:/workspaces/aprs/aprs_ws/install/motoman_description:/workspaces/aprs/aprs_ws/install/ign_ros2_control_demos:/workspaces/aprs/aprs_ws/install/gz_ros2_control_tests:/workspaces/aprs/aprs_ws/install/ign_ros2_control:/workspaces/aprs/aprs_ws/install/franka_setup:/workspaces/aprs/aprs_ws/install/franka_gz:/workspaces/aprs/aprs_ws/install/fanuc_gz:/workspaces/aprs/aprs_ws/install/fanuc_description:/workspaces/aprs/aprs_ws/install/camera_mount:/workspaces/aprs/aprs_ws/install/aprs_lab:/workspaces/aprs/aprs_ws/install/aprs_gazebo:/opt/ros/humble /usr/bin/cmake --install /workspaces/aprs/aprs_ws/build/aprs_moveit_config
