[0.059s] Invoking command in '/workspaces/aprs/aprs_ws/build/moveit_resources_panda_moveit_config': AMENT_PREFIX_PATH=/workspaces/aprs/aprs_ws/install/moveit_resources_panda_description:${AMENT_PREFIX_PATH} CMAKE_PREFIX_PATH=/workspaces/aprs/aprs_ws/install/moveit_resources_panda_description:/opt/ros/rolling /usr/bin/cmake /workspaces/aprs/aprs_ws/src/panda_moveit_config -DBUILD_TESTING=ON -DCMAKE_INSTALL_PREFIX=/workspaces/aprs/aprs_ws/install/moveit_resources_panda_moveit_config
[0.236s] -- The C compiler identification is GNU 11.3.0
[0.409s] -- The CXX compiler identification is GNU 11.3.0
[0.423s] -- Detecting C compiler ABI info
[0.671s] -- Detecting C compiler ABI info - done
[0.689s] -- Check for working C compiler: /usr/bin/cc - skipped
[0.689s] -- Detecting C compile features
[0.689s] -- Detecting C compile features - done
[0.692s] -- Detecting CXX compiler ABI info
[0.966s] -- Detecting CXX compiler ABI info - done
[0.997s] -- Check for working CXX compiler: /usr/bin/c++ - skipped
[0.997s] -- Detecting CXX compile features
[0.997s] -- Detecting CXX compile features - done
[1.038s] -- Found ament_cmake: 2.2.1 (/opt/ros/rolling/share/ament_cmake/cmake)
[1.633s] -- Found Python3: /usr/bin/python3.10 (found version "3.10.6") found components: Interpreter 
[2.216s] -- Configuring done
[2.236s] -- Generating done
[2.237s] -- Build files have been written to: /workspaces/aprs/aprs_ws/build/moveit_resources_panda_moveit_config
[2.271s] Invoked command in '/workspaces/aprs/aprs_ws/build/moveit_resources_panda_moveit_config' returned '0': AMENT_PREFIX_PATH=/workspaces/aprs/aprs_ws/install/moveit_resources_panda_description:${AMENT_PREFIX_PATH} CMAKE_PREFIX_PATH=/workspaces/aprs/aprs_ws/install/moveit_resources_panda_description:/opt/ros/rolling /usr/bin/cmake /workspaces/aprs/aprs_ws/src/panda_moveit_config -DBUILD_TESTING=ON -DCMAKE_INSTALL_PREFIX=/workspaces/aprs/aprs_ws/install/moveit_resources_panda_moveit_config
[2.278s] Invoking command in '/workspaces/aprs/aprs_ws/build/moveit_resources_panda_moveit_config': AMENT_PREFIX_PATH=/workspaces/aprs/aprs_ws/install/moveit_resources_panda_description:${AMENT_PREFIX_PATH} CMAKE_PREFIX_PATH=/workspaces/aprs/aprs_ws/install/moveit_resources_panda_description:/opt/ros/rolling /usr/bin/cmake --build /workspaces/aprs/aprs_ws/build/moveit_resources_panda_moveit_config -- -j16 -l16
[2.364s] Invoked command in '/workspaces/aprs/aprs_ws/build/moveit_resources_panda_moveit_config' returned '0': AMENT_PREFIX_PATH=/workspaces/aprs/aprs_ws/install/moveit_resources_panda_description:${AMENT_PREFIX_PATH} CMAKE_PREFIX_PATH=/workspaces/aprs/aprs_ws/install/moveit_resources_panda_description:/opt/ros/rolling /usr/bin/cmake --build /workspaces/aprs/aprs_ws/build/moveit_resources_panda_moveit_config -- -j16 -l16
[2.403s] Invoking command in '/workspaces/aprs/aprs_ws/build/moveit_resources_panda_moveit_config': AMENT_PREFIX_PATH=/workspaces/aprs/aprs_ws/install/moveit_resources_panda_description:${AMENT_PREFIX_PATH} CMAKE_PREFIX_PATH=/workspaces/aprs/aprs_ws/install/moveit_resources_panda_description:/opt/ros/rolling /usr/bin/cmake --install /workspaces/aprs/aprs_ws/build/moveit_resources_panda_moveit_config
[2.421s] -- Install configuration: ""
[2.421s] -- Installing: /workspaces/aprs/aprs_ws/install/moveit_resources_panda_moveit_config/share/ament_index/resource_index/package_run_dependencies/moveit_resources_panda_moveit_config
[2.421s] -- Installing: /workspaces/aprs/aprs_ws/install/moveit_resources_panda_moveit_config/share/ament_index/resource_index/parent_prefix_path/moveit_resources_panda_moveit_config
[2.421s] -- Installing: /workspaces/aprs/aprs_ws/install/moveit_resources_panda_moveit_config/share/moveit_resources_panda_moveit_config/environment/ament_prefix_path.sh
[2.421s] -- Installing: /workspaces/aprs/aprs_ws/install/moveit_resources_panda_moveit_config/share/moveit_resources_panda_moveit_config/environment/ament_prefix_path.dsv
[2.421s] -- Installing: /workspaces/aprs/aprs_ws/install/moveit_resources_panda_moveit_config/share/moveit_resources_panda_moveit_config/environment/path.sh
[2.421s] -- Installing: /workspaces/aprs/aprs_ws/install/moveit_resources_panda_moveit_config/share/moveit_resources_panda_moveit_config/environment/path.dsv
[2.422s] -- Installing: /workspaces/aprs/aprs_ws/install/moveit_resources_panda_moveit_config/share/moveit_resources_panda_moveit_config/local_setup.bash
[2.422s] -- Installing: /workspaces/aprs/aprs_ws/install/moveit_resources_panda_moveit_config/share/moveit_resources_panda_moveit_config/local_setup.sh
[2.422s] -- Installing: /workspaces/aprs/aprs_ws/install/moveit_resources_panda_moveit_config/share/moveit_resources_panda_moveit_config/local_setup.zsh
[2.422s] -- Installing: /workspaces/aprs/aprs_ws/install/moveit_resources_panda_moveit_config/share/moveit_resources_panda_moveit_config/local_setup.dsv
[2.422s] -- Installing: /workspaces/aprs/aprs_ws/install/moveit_resources_panda_moveit_config/share/moveit_resources_panda_moveit_config/package.dsv
[2.422s] -- Installing: /workspaces/aprs/aprs_ws/install/moveit_resources_panda_moveit_config/share/ament_index/resource_index/packages/moveit_resources_panda_moveit_config
[2.422s] -- Installing: /workspaces/aprs/aprs_ws/install/moveit_resources_panda_moveit_config/share/moveit_resources_panda_moveit_config/cmake/moveit_resources_panda_moveit_configConfig.cmake
[2.423s] -- Installing: /workspaces/aprs/aprs_ws/install/moveit_resources_panda_moveit_config/share/moveit_resources_panda_moveit_config/cmake/moveit_resources_panda_moveit_configConfig-version.cmake
[2.423s] -- Installing: /workspaces/aprs/aprs_ws/install/moveit_resources_panda_moveit_config/share/moveit_resources_panda_moveit_config/package.xml
[2.424s] -- Installing: /workspaces/aprs/aprs_ws/install/moveit_resources_panda_moveit_config/share/moveit_resources_panda_moveit_config/launch
[2.426s] -- Installing: /workspaces/aprs/aprs_ws/install/moveit_resources_panda_moveit_config/share/moveit_resources_panda_moveit_config/launch/demo.launch.py
[2.427s] -- Installing: /workspaces/aprs/aprs_ws/install/moveit_resources_panda_moveit_config/share/moveit_resources_panda_moveit_config/launch/moveit_rviz.launch.py
[2.430s] -- Installing: /workspaces/aprs/aprs_ws/install/moveit_resources_panda_moveit_config/share/moveit_resources_panda_moveit_config/launch/moveit_empty.rviz
[2.436s] -- Installing: /workspaces/aprs/aprs_ws/install/moveit_resources_panda_moveit_config/share/moveit_resources_panda_moveit_config/launch/moveit.rviz
[2.437s] -- Installing: /workspaces/aprs/aprs_ws/install/moveit_resources_panda_moveit_config/share/moveit_resources_panda_moveit_config/config
[2.438s] -- Installing: /workspaces/aprs/aprs_ws/install/moveit_resources_panda_moveit_config/share/moveit_resources_panda_moveit_config/config/kinematics.yaml
[2.438s] -- Installing: /workspaces/aprs/aprs_ws/install/moveit_resources_panda_moveit_config/share/moveit_resources_panda_moveit_config/config/panda_hand.ros2_control.xacro
[2.438s] -- Installing: /workspaces/aprs/aprs_ws/install/moveit_resources_panda_moveit_config/share/moveit_resources_panda_moveit_config/config/moveit_controllers.yaml
[2.438s] -- Installing: /workspaces/aprs/aprs_ws/install/moveit_resources_panda_moveit_config/share/moveit_resources_panda_moveit_config/config/trajopt_planning.yaml
[2.439s] -- Installing: /workspaces/aprs/aprs_ws/install/moveit_resources_panda_moveit_config/share/moveit_resources_panda_moveit_config/config/hand.xacro
[2.439s] -- Installing: /workspaces/aprs/aprs_ws/install/moveit_resources_panda_moveit_config/share/moveit_resources_panda_moveit_config/config/panda.srdf
[2.439s] -- Installing: /workspaces/aprs/aprs_ws/install/moveit_resources_panda_moveit_config/share/moveit_resources_panda_moveit_config/config/gripper_moveit_controllers.yaml
[2.439s] -- Installing: /workspaces/aprs/aprs_ws/install/moveit_resources_panda_moveit_config/share/moveit_resources_panda_moveit_config/config/sensors_kinect_depthmap.yaml
[2.440s] -- Installing: /workspaces/aprs/aprs_ws/install/moveit_resources_panda_moveit_config/share/moveit_resources_panda_moveit_config/config/chomp_planning.yaml
[2.440s] -- Installing: /workspaces/aprs/aprs_ws/install/moveit_resources_panda_moveit_config/share/moveit_resources_panda_moveit_config/config/joint_limits.yaml
[2.443s] -- Installing: /workspaces/aprs/aprs_ws/install/moveit_resources_panda_moveit_config/share/moveit_resources_panda_moveit_config/config/panda.ros2_control.xacro
[2.444s] -- Installing: /workspaces/aprs/aprs_ws/install/moveit_resources_panda_moveit_config/share/moveit_resources_panda_moveit_config/config/panda_arm_hand.srdf.xacro
[2.449s] -- Installing: /workspaces/aprs/aprs_ws/install/moveit_resources_panda_moveit_config/share/moveit_resources_panda_moveit_config/config/panda_arm.srdf.xacro
[2.450s] -- Installing: /workspaces/aprs/aprs_ws/install/moveit_resources_panda_moveit_config/share/moveit_resources_panda_moveit_config/config/sensors_kinect_pointcloud.yaml
[2.456s] -- Installing: /workspaces/aprs/aprs_ws/install/moveit_resources_panda_moveit_config/share/moveit_resources_panda_moveit_config/config/lerp_planning.yaml
[2.456s] -- Installing: /workspaces/aprs/aprs_ws/install/moveit_resources_panda_moveit_config/share/moveit_resources_panda_moveit_config/config/pilz_industrial_motion_planner_planning.yaml
[2.457s] -- Installing: /workspaces/aprs/aprs_ws/install/moveit_resources_panda_moveit_config/share/moveit_resources_panda_moveit_config/config/ros2_controllers.yaml
[2.457s] -- Installing: /workspaces/aprs/aprs_ws/install/moveit_resources_panda_moveit_config/share/moveit_resources_panda_moveit_config/config/initial_positions.yaml
[2.459s] -- Installing: /workspaces/aprs/aprs_ws/install/moveit_resources_panda_moveit_config/share/moveit_resources_panda_moveit_config/config/panda_arm.xacro
[2.463s] -- Installing: /workspaces/aprs/aprs_ws/install/moveit_resources_panda_moveit_config/share/moveit_resources_panda_moveit_config/config/panda.urdf.xacro
[2.464s] -- Installing: /workspaces/aprs/aprs_ws/install/moveit_resources_panda_moveit_config/share/moveit_resources_panda_moveit_config/config/pilz_cartesian_limits.yaml
[2.467s] -- Installing: /workspaces/aprs/aprs_ws/install/moveit_resources_panda_moveit_config/share/moveit_resources_panda_moveit_config/config/ompl_planning.yaml
[2.469s] -- Installing: /workspaces/aprs/aprs_ws/install/moveit_resources_panda_moveit_config/share/moveit_resources_panda_moveit_config/.setup_assistant
[2.471s] Invoked command in '/workspaces/aprs/aprs_ws/build/moveit_resources_panda_moveit_config' returned '0': AMENT_PREFIX_PATH=/workspaces/aprs/aprs_ws/install/moveit_resources_panda_description:${AMENT_PREFIX_PATH} CMAKE_PREFIX_PATH=/workspaces/aprs/aprs_ws/install/moveit_resources_panda_description:/opt/ros/rolling /usr/bin/cmake --install /workspaces/aprs/aprs_ws/build/moveit_resources_panda_moveit_config
