[0.053s] Invoking command in '/home/aprs/aprs/aprs_ws/build/ur_moveit_config': AMENT_PREFIX_PATH=/home/aprs/aprs/aprs_ws/install/ur_description:${AMENT_PREFIX_PATH} CMAKE_PREFIX_PATH=/home/aprs/aprs/aprs_ws/install/ur_description:/opt/ros/rolling /usr/bin/cmake /home/aprs/aprs/aprs_ws/src/Universal_Robots_ROS2_Driver/ur_moveit_config -DCMAKE_INSTALL_PREFIX=/home/aprs/aprs/aprs_ws/install/ur_moveit_config
[0.228s] -- The C compiler identification is GNU 11.4.0
[0.316s] -- The CXX compiler identification is GNU 11.4.0
[0.324s] -- Detecting C compiler ABI info
[0.563s] -- Detecting C compiler ABI info - done
[0.579s] -- Check for working C compiler: /usr/bin/cc - skipped
[0.579s] -- Detecting C compile features
[0.579s] -- Detecting C compile features - done
[0.594s] -- Detecting CXX compiler ABI info
[0.755s] -- Detecting CXX compiler ABI info - done
[0.770s] -- Check for working CXX compiler: /usr/bin/c++ - skipped
[0.770s] -- Detecting CXX compile features
[0.771s] -- Detecting CXX compile features - done
[0.773s] -- Found ament_cmake: 2.2.1 (/opt/ros/rolling/share/ament_cmake/cmake)
[0.978s] -- Found Python3: /usr/bin/python3.10 (found version "3.10.12") found components: Interpreter 
[1.212s] -- Configuring done
[1.216s] -- Generating done
[1.217s] -- Build files have been written to: /home/aprs/aprs/aprs_ws/build/ur_moveit_config
[1.233s] Invoked command in '/home/aprs/aprs/aprs_ws/build/ur_moveit_config' returned '0': AMENT_PREFIX_PATH=/home/aprs/aprs/aprs_ws/install/ur_description:${AMENT_PREFIX_PATH} CMAKE_PREFIX_PATH=/home/aprs/aprs/aprs_ws/install/ur_description:/opt/ros/rolling /usr/bin/cmake /home/aprs/aprs/aprs_ws/src/Universal_Robots_ROS2_Driver/ur_moveit_config -DCMAKE_INSTALL_PREFIX=/home/aprs/aprs/aprs_ws/install/ur_moveit_config
[1.238s] Invoking command in '/home/aprs/aprs/aprs_ws/build/ur_moveit_config': AMENT_PREFIX_PATH=/home/aprs/aprs/aprs_ws/install/ur_description:${AMENT_PREFIX_PATH} CMAKE_PREFIX_PATH=/home/aprs/aprs/aprs_ws/install/ur_description:/opt/ros/rolling /usr/bin/cmake --build /home/aprs/aprs/aprs_ws/build/ur_moveit_config -- -j16 -l16
[1.289s] Built target ament_cmake_python_copy_ur_moveit_config
[1.522s] running egg_info
[1.522s] creating ur_moveit_config.egg-info
[1.522s] writing ur_moveit_config.egg-info/PKG-INFO
[1.522s] writing dependency_links to ur_moveit_config.egg-info/dependency_links.txt
[1.522s] writing top-level names to ur_moveit_config.egg-info/top_level.txt
[1.522s] writing manifest file 'ur_moveit_config.egg-info/SOURCES.txt'
[1.522s] reading manifest file 'ur_moveit_config.egg-info/SOURCES.txt'
[1.522s] writing manifest file 'ur_moveit_config.egg-info/SOURCES.txt'
[1.562s] Built target ament_cmake_python_build_ur_moveit_config_egg
[1.587s] Invoked command in '/home/aprs/aprs/aprs_ws/build/ur_moveit_config' returned '0': AMENT_PREFIX_PATH=/home/aprs/aprs/aprs_ws/install/ur_description:${AMENT_PREFIX_PATH} CMAKE_PREFIX_PATH=/home/aprs/aprs/aprs_ws/install/ur_description:/opt/ros/rolling /usr/bin/cmake --build /home/aprs/aprs/aprs_ws/build/ur_moveit_config -- -j16 -l16
[1.638s] Invoking command in '/home/aprs/aprs/aprs_ws/build/ur_moveit_config': AMENT_PREFIX_PATH=/home/aprs/aprs/aprs_ws/install/ur_description:${AMENT_PREFIX_PATH} CMAKE_PREFIX_PATH=/home/aprs/aprs/aprs_ws/install/ur_description:/opt/ros/rolling /usr/bin/cmake --install /home/aprs/aprs/aprs_ws/build/ur_moveit_config
[1.646s] -- Install configuration: ""
[1.646s] -- Installing: /home/aprs/aprs/aprs_ws/install/ur_moveit_config/share/ur_moveit_config/config
[1.646s] -- Installing: /home/aprs/aprs/aprs_ws/install/ur_moveit_config/share/ur_moveit_config/config/ompl_planning.yaml
[1.646s] -- Installing: /home/aprs/aprs/aprs_ws/install/ur_moveit_config/share/ur_moveit_config/config/joint_limits.yaml
[1.646s] -- Installing: /home/aprs/aprs/aprs_ws/install/ur_moveit_config/share/ur_moveit_config/config/kinematics.yaml
[1.647s] -- Installing: /home/aprs/aprs/aprs_ws/install/ur_moveit_config/share/ur_moveit_config/config/ur_servo.yaml
[1.647s] -- Installing: /home/aprs/aprs/aprs_ws/install/ur_moveit_config/share/ur_moveit_config/config/controllers.yaml
[1.647s] -- Installing: /home/aprs/aprs/aprs_ws/install/ur_moveit_config/share/ur_moveit_config/launch
[1.647s] -- Installing: /home/aprs/aprs/aprs_ws/install/ur_moveit_config/share/ur_moveit_config/launch/ur_moveit.launch.py
[1.647s] -- Installing: /home/aprs/aprs/aprs_ws/install/ur_moveit_config/share/ur_moveit_config/rviz
[1.647s] -- Installing: /home/aprs/aprs/aprs_ws/install/ur_moveit_config/share/ur_moveit_config/rviz/view_robot.rviz
[1.647s] -- Installing: /home/aprs/aprs/aprs_ws/install/ur_moveit_config/share/ur_moveit_config/srdf
[1.647s] -- Installing: /home/aprs/aprs/aprs_ws/install/ur_moveit_config/share/ur_moveit_config/srdf/ur_macro.srdf.xacro
[1.648s] -- Installing: /home/aprs/aprs/aprs_ws/install/ur_moveit_config/share/ur_moveit_config/srdf/ur.srdf.xacro
[1.648s] -- Installing: /home/aprs/aprs/aprs_ws/install/ur_moveit_config/share/ur_moveit_config/environment/pythonpath.sh
[1.648s] -- Installing: /home/aprs/aprs/aprs_ws/install/ur_moveit_config/share/ur_moveit_config/environment/pythonpath.dsv
[1.648s] -- Installing: /home/aprs/aprs/aprs_ws/install/ur_moveit_config/lib/python3.10/site-packages/ur_moveit_config-2.3.2-py3.10.egg-info
[1.648s] -- Installing: /home/aprs/aprs/aprs_ws/install/ur_moveit_config/lib/python3.10/site-packages/ur_moveit_config-2.3.2-py3.10.egg-info/PKG-INFO
[1.648s] -- Installing: /home/aprs/aprs/aprs_ws/install/ur_moveit_config/lib/python3.10/site-packages/ur_moveit_config-2.3.2-py3.10.egg-info/dependency_links.txt
[1.648s] -- Installing: /home/aprs/aprs/aprs_ws/install/ur_moveit_config/lib/python3.10/site-packages/ur_moveit_config-2.3.2-py3.10.egg-info/SOURCES.txt
[1.648s] -- Installing: /home/aprs/aprs/aprs_ws/install/ur_moveit_config/lib/python3.10/site-packages/ur_moveit_config-2.3.2-py3.10.egg-info/top_level.txt
[1.648s] -- Installing: /home/aprs/aprs/aprs_ws/install/ur_moveit_config/lib/python3.10/site-packages/ur_moveit_config
[1.649s] -- Installing: /home/aprs/aprs/aprs_ws/install/ur_moveit_config/lib/python3.10/site-packages/ur_moveit_config/__init__.py
[1.649s] -- Installing: /home/aprs/aprs/aprs_ws/install/ur_moveit_config/lib/python3.10/site-packages/ur_moveit_config/launch_common.py
[1.682s] Listing '/home/aprs/aprs/aprs_ws/install/ur_moveit_config/lib/python3.10/site-packages/ur_moveit_config'...
[1.682s] Compiling '/home/aprs/aprs/aprs_ws/install/ur_moveit_config/lib/python3.10/site-packages/ur_moveit_config/__init__.py'...
[1.682s] Compiling '/home/aprs/aprs/aprs_ws/install/ur_moveit_config/lib/python3.10/site-packages/ur_moveit_config/launch_common.py'...
[1.685s] -- Installing: /home/aprs/aprs/aprs_ws/install/ur_moveit_config/lib/python3.10/site-packages/launch_common.py
[1.716s] Compiling '/home/aprs/aprs/aprs_ws/install/ur_moveit_config/lib/python3.10/site-packages/launch_common.py'...
[1.722s] -- Installing: /home/aprs/aprs/aprs_ws/install/ur_moveit_config/share/ament_index/resource_index/package_run_dependencies/ur_moveit_config
[1.726s] -- Installing: /home/aprs/aprs/aprs_ws/install/ur_moveit_config/share/ament_index/resource_index/parent_prefix_path/ur_moveit_config
[1.726s] -- Installing: /home/aprs/aprs/aprs_ws/install/ur_moveit_config/share/ur_moveit_config/environment/ament_prefix_path.sh
[1.726s] -- Installing: /home/aprs/aprs/aprs_ws/install/ur_moveit_config/share/ur_moveit_config/environment/ament_prefix_path.dsv
[1.726s] -- Installing: /home/aprs/aprs/aprs_ws/install/ur_moveit_config/share/ur_moveit_config/environment/path.sh
[1.726s] -- Installing: /home/aprs/aprs/aprs_ws/install/ur_moveit_config/share/ur_moveit_config/environment/path.dsv
[1.726s] -- Installing: /home/aprs/aprs/aprs_ws/install/ur_moveit_config/share/ur_moveit_config/local_setup.bash
[1.726s] -- Installing: /home/aprs/aprs/aprs_ws/install/ur_moveit_config/share/ur_moveit_config/local_setup.sh
[1.726s] -- Installing: /home/aprs/aprs/aprs_ws/install/ur_moveit_config/share/ur_moveit_config/local_setup.zsh
[1.727s] -- Installing: /home/aprs/aprs/aprs_ws/install/ur_moveit_config/share/ur_moveit_config/local_setup.dsv
[1.727s] -- Installing: /home/aprs/aprs/aprs_ws/install/ur_moveit_config/share/ur_moveit_config/package.dsv
[1.727s] -- Installing: /home/aprs/aprs/aprs_ws/install/ur_moveit_config/share/ament_index/resource_index/packages/ur_moveit_config
[1.727s] -- Installing: /home/aprs/aprs/aprs_ws/install/ur_moveit_config/share/ur_moveit_config/cmake/ur_moveit_configConfig.cmake
[1.727s] -- Installing: /home/aprs/aprs/aprs_ws/install/ur_moveit_config/share/ur_moveit_config/cmake/ur_moveit_configConfig-version.cmake
[1.727s] -- Installing: /home/aprs/aprs/aprs_ws/install/ur_moveit_config/share/ur_moveit_config/package.xml
[1.751s] Invoked command in '/home/aprs/aprs/aprs_ws/build/ur_moveit_config' returned '0': AMENT_PREFIX_PATH=/home/aprs/aprs/aprs_ws/install/ur_description:${AMENT_PREFIX_PATH} CMAKE_PREFIX_PATH=/home/aprs/aprs/aprs_ws/install/ur_description:/opt/ros/rolling /usr/bin/cmake --install /home/aprs/aprs/aprs_ws/build/ur_moveit_config
