[0.057s] Invoking command in '/workspaces/aprs/aprs_ws/build/ur': CMAKE_PREFIX_PATH=/opt/ros/rolling /usr/bin/cmake /workspaces/aprs/aprs_ws/src/ur -DCMAKE_INSTALL_PREFIX=/workspaces/aprs/aprs_ws/install/ur
[0.474s] -- Found ament_cmake: 2.2.1 (/opt/ros/rolling/share/ament_cmake/cmake)
[0.474s] -- Found ament_lint_auto: 0.15.2 (/opt/ros/rolling/share/ament_lint_auto/cmake)
[0.474s] -- Added test 'lint_cmake' to check CMake code style
[0.474s] -- Added test 'xmllint' to check XML markup files
[0.474s] -- Configuring done
[0.474s] -- Generating done
[0.475s] -- Build files have been written to: /workspaces/aprs/aprs_ws/build/ur
[0.485s] Invoked command in '/workspaces/aprs/aprs_ws/build/ur' returned '0': CMAKE_PREFIX_PATH=/opt/ros/rolling /usr/bin/cmake /workspaces/aprs/aprs_ws/src/ur -DCMAKE_INSTALL_PREFIX=/workspaces/aprs/aprs_ws/install/ur
[0.486s] Invoking command in '/workspaces/aprs/aprs_ws/build/ur': CMAKE_PREFIX_PATH=/opt/ros/rolling /usr/bin/cmake --build /workspaces/aprs/aprs_ws/build/ur -- -j16 -l16
[0.598s] Invoked command in '/workspaces/aprs/aprs_ws/build/ur' returned '0': CMAKE_PREFIX_PATH=/opt/ros/rolling /usr/bin/cmake --build /workspaces/aprs/aprs_ws/build/ur -- -j16 -l16
[0.645s] Invoking command in '/workspaces/aprs/aprs_ws/build/ur': CMAKE_PREFIX_PATH=/opt/ros/rolling /usr/bin/cmake --install /workspaces/aprs/aprs_ws/build/ur
[0.657s] -- Install configuration: ""
[0.657s] -- Up-to-date: /workspaces/aprs/aprs_ws/install/ur/share/ur//meshes
[0.657s] -- Up-to-date: /workspaces/aprs/aprs_ws/install/ur/share/ur//meshes/vaccum_gripper.stl
[0.657s] -- Up-to-date: /workspaces/aprs/aprs_ws/install/ur/share/ur//meshes/camera_mount.STL
[0.657s] -- Up-to-date: /workspaces/aprs/aprs_ws/install/ur/share/ur//urdf
[0.657s] -- Up-to-date: /workspaces/aprs/aprs_ws/install/ur/share/ur//urdf/ur.gazebo.xacro
[0.657s] -- Up-to-date: /workspaces/aprs/aprs_ws/install/ur/share/ur//urdf/ur5e.urdf.xacro
[0.657s] -- Up-to-date: /workspaces/aprs/aprs_ws/install/ur/share/ur//urdf/vaccum.urdf.xacro
[0.657s] -- Up-to-date: /workspaces/aprs/aprs_ws/install/ur/share/ur//urdf/ur5e_robot.urdf.xacro
[0.657s] -- Up-to-date: /workspaces/aprs/aprs_ws/install/ur/share/ur//urdf/camera.urdf.xacro
[0.657s] -- Up-to-date: /workspaces/aprs/aprs_ws/install/ur/share/ur//urdf/common_gazebo.xacro
[0.658s] -- Up-to-date: /workspaces/aprs/aprs_ws/install/ur/share/ur//urdf/ur.urdf.xacro
[0.658s] -- Up-to-date: /workspaces/aprs/aprs_ws/install/ur/share/ur/environment/ur.dsv
[0.658s] -- Up-to-date: /workspaces/aprs/aprs_ws/install/ur/share/ur/environment/ur.sh
[0.658s] -- Up-to-date: /workspaces/aprs/aprs_ws/install/ur/share/ament_index/resource_index/package_run_dependencies/ur
[0.658s] -- Up-to-date: /workspaces/aprs/aprs_ws/install/ur/share/ament_index/resource_index/parent_prefix_path/ur
[0.658s] -- Up-to-date: /workspaces/aprs/aprs_ws/install/ur/share/ur/environment/ament_prefix_path.sh
[0.658s] -- Up-to-date: /workspaces/aprs/aprs_ws/install/ur/share/ur/environment/ament_prefix_path.dsv
[0.658s] -- Up-to-date: /workspaces/aprs/aprs_ws/install/ur/share/ur/environment/path.sh
[0.658s] -- Up-to-date: /workspaces/aprs/aprs_ws/install/ur/share/ur/environment/path.dsv
[0.658s] -- Up-to-date: /workspaces/aprs/aprs_ws/install/ur/share/ur/local_setup.bash
[0.658s] -- Up-to-date: /workspaces/aprs/aprs_ws/install/ur/share/ur/local_setup.sh
[0.659s] -- Up-to-date: /workspaces/aprs/aprs_ws/install/ur/share/ur/local_setup.zsh
[0.659s] -- Up-to-date: /workspaces/aprs/aprs_ws/install/ur/share/ur/local_setup.dsv
[0.659s] -- Installing: /workspaces/aprs/aprs_ws/install/ur/share/ur/package.dsv
[0.659s] -- Up-to-date: /workspaces/aprs/aprs_ws/install/ur/share/ament_index/resource_index/packages/ur
[0.659s] -- Up-to-date: /workspaces/aprs/aprs_ws/install/ur/share/ur/cmake/urConfig.cmake
[0.659s] -- Up-to-date: /workspaces/aprs/aprs_ws/install/ur/share/ur/cmake/urConfig-version.cmake
[0.659s] -- Up-to-date: /workspaces/aprs/aprs_ws/install/ur/share/ur/package.xml
[0.706s] Invoked command in '/workspaces/aprs/aprs_ws/build/ur' returned '0': CMAKE_PREFIX_PATH=/opt/ros/rolling /usr/bin/cmake --install /workspaces/aprs/aprs_ws/build/ur
