[0.091s] Invoking command in '/home/aprs/aprs/aprs_ws/build/ur_msgs': CMAKE_PREFIX_PATH=${CMAKE_PREFIX_PATH}:/home/aprs/aprs/aprs_ws/install/conveyor_controller:/opt/ros/humble /usr/bin/cmake --build /home/aprs/aprs/aprs_ws/build/ur_msgs -- -j16 -l16
[0.350s] [  0%] Built target ur_msgs__cpp
[0.351s] [ 12%] Built target ur_msgs__rosidl_generator_c
[0.351s] [ 12%] Built target ament_cmake_python_copy_ur_msgs
[0.353s] [ 24%] Built target ur_msgs__rosidl_typesupport_cpp
[0.354s] [ 36%] Built target ur_msgs__rosidl_typesupport_introspection_cpp
[0.354s] [ 47%] Built target ur_msgs__rosidl_typesupport_fastrtps_cpp
[0.359s] [ 58%] Built target ur_msgs__rosidl_typesupport_c
[0.359s] [ 70%] Built target ur_msgs__rosidl_typesupport_introspection_c
[0.360s] [ 82%] Built target ur_msgs__rosidl_typesupport_fastrtps_c
[0.360s] [ 82%] Built target ur_msgs
[0.360s] [ 83%] Built target ur_msgs__py
[0.360s] [ 94%] Built target ur_msgs__rosidl_generator_py
[0.360s] [ 96%] Built target ur_msgs__rosidl_typesupport_fastrtps_c__pyext
[0.360s] [ 98%] Built target ur_msgs__rosidl_typesupport_c__pyext
[0.360s] [100%] Built target ur_msgs__rosidl_typesupport_introspection_c__pyext
[0.426s] running egg_info
[0.430s] writing ur_msgs.egg-info/PKG-INFO
[0.430s] writing dependency_links to ur_msgs.egg-info/dependency_links.txt
[0.430s] writing top-level names to ur_msgs.egg-info/top_level.txt
[0.431s] reading manifest file 'ur_msgs.egg-info/SOURCES.txt'
[0.431s] writing manifest file 'ur_msgs.egg-info/SOURCES.txt'
[0.471s] [100%] Built target ament_cmake_python_build_ur_msgs_egg
[0.523s] Invoked command in '/home/aprs/aprs/aprs_ws/build/ur_msgs' returned '0': CMAKE_PREFIX_PATH=${CMAKE_PREFIX_PATH}:/home/aprs/aprs/aprs_ws/install/conveyor_controller:/opt/ros/humble /usr/bin/cmake --build /home/aprs/aprs/aprs_ws/build/ur_msgs -- -j16 -l16
[0.900s] Invoking command in '/home/aprs/aprs/aprs_ws/build/ur_msgs': CMAKE_PREFIX_PATH=${CMAKE_PREFIX_PATH}:/home/aprs/aprs/aprs_ws/install/conveyor_controller:/opt/ros/humble /usr/bin/cmake --install /home/aprs/aprs/aprs_ws/build/ur_msgs
[0.923s] -- Install configuration: ""
[0.924s] -- Up-to-date: /home/aprs/aprs/aprs_ws/install/ur_msgs/share/ament_index/resource_index/rosidl_interfaces/ur_msgs
[0.925s] -- Up-to-date: /home/aprs/aprs/aprs_ws/install/ur_msgs/include/ur_msgs/ur_msgs
[0.925s] -- Up-to-date: /home/aprs/aprs/aprs_ws/install/ur_msgs/include/ur_msgs/ur_msgs/msg
[0.925s] -- Up-to-date: /home/aprs/aprs/aprs_ws/install/ur_msgs/include/ur_msgs/ur_msgs/msg/analog.h
[0.925s] -- Up-to-date: /home/aprs/aprs/aprs_ws/install/ur_msgs/include/ur_msgs/ur_msgs/msg/io_states.h
[0.925s] -- Up-to-date: /home/aprs/aprs/aprs_ws/install/ur_msgs/include/ur_msgs/ur_msgs/msg/detail
[0.926s] -- Up-to-date: /home/aprs/aprs/aprs_ws/install/ur_msgs/include/ur_msgs/ur_msgs/msg/detail/robot_state_rt_msg__functions.h
[0.926s] -- Up-to-date: /home/aprs/aprs/aprs_ws/install/ur_msgs/include/ur_msgs/ur_msgs/msg/detail/masterboard_data_msg__functions.h
[0.926s] -- Up-to-date: /home/aprs/aprs/aprs_ws/install/ur_msgs/include/ur_msgs/ur_msgs/msg/detail/digital__functions.c
[0.926s] -- Up-to-date: /home/aprs/aprs/aprs_ws/install/ur_msgs/include/ur_msgs/ur_msgs/msg/detail/masterboard_data_msg__struct.h
[0.926s] -- Up-to-date: /home/aprs/aprs/aprs_ws/install/ur_msgs/include/ur_msgs/ur_msgs/msg/detail/masterboard_data_msg__type_support.h
[0.926s] -- Up-to-date: /home/aprs/aprs/aprs_ws/install/ur_msgs/include/ur_msgs/ur_msgs/msg/detail/tool_data_msg__functions.c
[0.926s] -- Up-to-date: /home/aprs/aprs/aprs_ws/install/ur_msgs/include/ur_msgs/ur_msgs/msg/detail/io_states__struct.h
[0.926s] -- Up-to-date: /home/aprs/aprs/aprs_ws/install/ur_msgs/include/ur_msgs/ur_msgs/msg/detail/masterboard_data_msg__functions.c
[0.926s] -- Up-to-date: /home/aprs/aprs/aprs_ws/install/ur_msgs/include/ur_msgs/ur_msgs/msg/detail/robot_state_rt_msg__type_support.h
[0.926s] -- Up-to-date: /home/aprs/aprs/aprs_ws/install/ur_msgs/include/ur_msgs/ur_msgs/msg/detail/tool_data_msg__functions.h
[0.926s] -- Up-to-date: /home/aprs/aprs/aprs_ws/install/ur_msgs/include/ur_msgs/ur_msgs/msg/detail/digital__type_support.h
[0.926s] -- Up-to-date: /home/aprs/aprs/aprs_ws/install/ur_msgs/include/ur_msgs/ur_msgs/msg/detail/io_states__type_support.h
[0.926s] -- Up-to-date: /home/aprs/aprs/aprs_ws/install/ur_msgs/include/ur_msgs/ur_msgs/msg/detail/io_states__functions.h
[0.926s] -- Up-to-date: /home/aprs/aprs/aprs_ws/install/ur_msgs/include/ur_msgs/ur_msgs/msg/detail/analog__type_support.h
[0.927s] -- Up-to-date: /home/aprs/aprs/aprs_ws/install/ur_msgs/include/ur_msgs/ur_msgs/msg/detail/robot_state_rt_msg__functions.c
[0.927s] -- Up-to-date: /home/aprs/aprs/aprs_ws/install/ur_msgs/include/ur_msgs/ur_msgs/msg/detail/digital__struct.h
[0.927s] -- Up-to-date: /home/aprs/aprs/aprs_ws/install/ur_msgs/include/ur_msgs/ur_msgs/msg/detail/analog__struct.h
[0.927s] -- Up-to-date: /home/aprs/aprs/aprs_ws/install/ur_msgs/include/ur_msgs/ur_msgs/msg/detail/robot_mode_data_msg__struct.h
[0.927s] -- Up-to-date: /home/aprs/aprs/aprs_ws/install/ur_msgs/include/ur_msgs/ur_msgs/msg/detail/robot_mode_data_msg__functions.c
[0.927s] -- Up-to-date: /home/aprs/aprs/aprs_ws/install/ur_msgs/include/ur_msgs/ur_msgs/msg/detail/tool_data_msg__struct.h
[0.927s] -- Up-to-date: /home/aprs/aprs/aprs_ws/install/ur_msgs/include/ur_msgs/ur_msgs/msg/detail/io_states__functions.c
[0.927s] -- Up-to-date: /home/aprs/aprs/aprs_ws/install/ur_msgs/include/ur_msgs/ur_msgs/msg/detail/tool_data_msg__type_support.h
[0.927s] -- Up-to-date: /home/aprs/aprs/aprs_ws/install/ur_msgs/include/ur_msgs/ur_msgs/msg/detail/robot_state_rt_msg__struct.h
[0.927s] -- Up-to-date: /home/aprs/aprs/aprs_ws/install/ur_msgs/include/ur_msgs/ur_msgs/msg/detail/robot_mode_data_msg__functions.h
[0.927s] -- Up-to-date: /home/aprs/aprs/aprs_ws/install/ur_msgs/include/ur_msgs/ur_msgs/msg/detail/analog__functions.h
[0.927s] -- Up-to-date: /home/aprs/aprs/aprs_ws/install/ur_msgs/include/ur_msgs/ur_msgs/msg/detail/analog__functions.c
[0.927s] -- Up-to-date: /home/aprs/aprs/aprs_ws/install/ur_msgs/include/ur_msgs/ur_msgs/msg/detail/digital__functions.h
[0.927s] -- Up-to-date: /home/aprs/aprs/aprs_ws/install/ur_msgs/include/ur_msgs/ur_msgs/msg/detail/robot_mode_data_msg__type_support.h
[0.927s] -- Up-to-date: /home/aprs/aprs/aprs_ws/install/ur_msgs/include/ur_msgs/ur_msgs/msg/robot_state_rt_msg.h
[0.927s] -- Up-to-date: /home/aprs/aprs/aprs_ws/install/ur_msgs/include/ur_msgs/ur_msgs/msg/robot_mode_data_msg.h
[0.927s] -- Up-to-date: /home/aprs/aprs/aprs_ws/install/ur_msgs/include/ur_msgs/ur_msgs/msg/rosidl_generator_c__visibility_control.h
[0.927s] -- Up-to-date: /home/aprs/aprs/aprs_ws/install/ur_msgs/include/ur_msgs/ur_msgs/msg/masterboard_data_msg.h
[0.927s] -- Up-to-date: /home/aprs/aprs/aprs_ws/install/ur_msgs/include/ur_msgs/ur_msgs/msg/digital.h
[0.927s] -- Up-to-date: /home/aprs/aprs/aprs_ws/install/ur_msgs/include/ur_msgs/ur_msgs/msg/tool_data_msg.h
[0.927s] -- Up-to-date: /home/aprs/aprs/aprs_ws/install/ur_msgs/include/ur_msgs/ur_msgs/srv
[0.927s] -- Up-to-date: /home/aprs/aprs/aprs_ws/install/ur_msgs/include/ur_msgs/ur_msgs/srv/set_payload.h
[0.927s] -- Up-to-date: /home/aprs/aprs/aprs_ws/install/ur_msgs/include/ur_msgs/ur_msgs/srv/set_io.h
[0.927s] -- Up-to-date: /home/aprs/aprs/aprs_ws/install/ur_msgs/include/ur_msgs/ur_msgs/srv/detail
[0.927s] -- Up-to-date: /home/aprs/aprs/aprs_ws/install/ur_msgs/include/ur_msgs/ur_msgs/srv/detail/set_speed_slider_fraction__struct.h
[0.928s] -- Up-to-date: /home/aprs/aprs/aprs_ws/install/ur_msgs/include/ur_msgs/ur_msgs/srv/detail/set_io__functions.c
[0.928s] -- Up-to-date: /home/aprs/aprs/aprs_ws/install/ur_msgs/include/ur_msgs/ur_msgs/srv/detail/set_payload__type_support.h
[0.928s] -- Up-to-date: /home/aprs/aprs/aprs_ws/install/ur_msgs/include/ur_msgs/ur_msgs/srv/detail/set_speed_slider_fraction__functions.h
[0.928s] -- Up-to-date: /home/aprs/aprs/aprs_ws/install/ur_msgs/include/ur_msgs/ur_msgs/srv/detail/set_io__type_support.h
[0.928s] -- Up-to-date: /home/aprs/aprs/aprs_ws/install/ur_msgs/include/ur_msgs/ur_msgs/srv/detail/set_payload__functions.h
[0.928s] -- Up-to-date: /home/aprs/aprs/aprs_ws/install/ur_msgs/include/ur_msgs/ur_msgs/srv/detail/set_io__functions.h
[0.928s] -- Up-to-date: /home/aprs/aprs/aprs_ws/install/ur_msgs/include/ur_msgs/ur_msgs/srv/detail/set_speed_slider_fraction__type_support.h
[0.928s] -- Up-to-date: /home/aprs/aprs/aprs_ws/install/ur_msgs/include/ur_msgs/ur_msgs/srv/detail/set_io__struct.h
[0.928s] -- Up-to-date: /home/aprs/aprs/aprs_ws/install/ur_msgs/include/ur_msgs/ur_msgs/srv/detail/set_payload__struct.h
[0.928s] -- Up-to-date: /home/aprs/aprs/aprs_ws/install/ur_msgs/include/ur_msgs/ur_msgs/srv/detail/set_speed_slider_fraction__functions.c
[0.928s] -- Up-to-date: /home/aprs/aprs/aprs_ws/install/ur_msgs/include/ur_msgs/ur_msgs/srv/detail/set_payload__functions.c
[0.928s] -- Up-to-date: /home/aprs/aprs/aprs_ws/install/ur_msgs/include/ur_msgs/ur_msgs/srv/set_speed_slider_fraction.h
[0.928s] -- Up-to-date: /home/aprs/aprs/aprs_ws/install/ur_msgs/share/ur_msgs/environment/library_path.sh
[0.928s] -- Up-to-date: /home/aprs/aprs/aprs_ws/install/ur_msgs/share/ur_msgs/environment/library_path.dsv
[0.928s] -- Up-to-date: /home/aprs/aprs/aprs_ws/install/ur_msgs/lib/libur_msgs__rosidl_generator_c.so
[0.928s] -- Up-to-date: /home/aprs/aprs/aprs_ws/install/ur_msgs/include/ur_msgs/ur_msgs
[0.928s] -- Up-to-date: /home/aprs/aprs/aprs_ws/install/ur_msgs/include/ur_msgs/ur_msgs/msg
[0.928s] -- Up-to-date: /home/aprs/aprs/aprs_ws/install/ur_msgs/include/ur_msgs/ur_msgs/msg/rosidl_typesupport_fastrtps_c__visibility_control.h
[0.928s] -- Up-to-date: /home/aprs/aprs/aprs_ws/install/ur_msgs/include/ur_msgs/ur_msgs/msg/detail
[0.928s] -- Up-to-date: /home/aprs/aprs/aprs_ws/install/ur_msgs/include/ur_msgs/ur_msgs/msg/detail/analog__rosidl_typesupport_fastrtps_c.h
[0.928s] -- Up-to-date: /home/aprs/aprs/aprs_ws/install/ur_msgs/include/ur_msgs/ur_msgs/msg/detail/digital__rosidl_typesupport_fastrtps_c.h
[0.928s] -- Up-to-date: /home/aprs/aprs/aprs_ws/install/ur_msgs/include/ur_msgs/ur_msgs/msg/detail/robot_state_rt_msg__rosidl_typesupport_fastrtps_c.h
[0.928s] -- Up-to-date: /home/aprs/aprs/aprs_ws/install/ur_msgs/include/ur_msgs/ur_msgs/msg/detail/io_states__rosidl_typesupport_fastrtps_c.h
[0.928s] -- Up-to-date: /home/aprs/aprs/aprs_ws/install/ur_msgs/include/ur_msgs/ur_msgs/msg/detail/robot_mode_data_msg__rosidl_typesupport_fastrtps_c.h
[0.928s] -- Up-to-date: /home/aprs/aprs/aprs_ws/install/ur_msgs/include/ur_msgs/ur_msgs/msg/detail/masterboard_data_msg__rosidl_typesupport_fastrtps_c.h
[0.928s] -- Up-to-date: /home/aprs/aprs/aprs_ws/install/ur_msgs/include/ur_msgs/ur_msgs/msg/detail/tool_data_msg__rosidl_typesupport_fastrtps_c.h
[0.928s] -- Up-to-date: /home/aprs/aprs/aprs_ws/install/ur_msgs/include/ur_msgs/ur_msgs/srv
[0.929s] -- Up-to-date: /home/aprs/aprs/aprs_ws/install/ur_msgs/include/ur_msgs/ur_msgs/srv/detail
[0.929s] -- Up-to-date: /home/aprs/aprs/aprs_ws/install/ur_msgs/include/ur_msgs/ur_msgs/srv/detail/set_io__rosidl_typesupport_fastrtps_c.h
[0.930s] -- Up-to-date: /home/aprs/aprs/aprs_ws/install/ur_msgs/include/ur_msgs/ur_msgs/srv/detail/set_payload__rosidl_typesupport_fastrtps_c.h
[0.930s] -- Up-to-date: /home/aprs/aprs/aprs_ws/install/ur_msgs/include/ur_msgs/ur_msgs/srv/detail/set_speed_slider_fraction__rosidl_typesupport_fastrtps_c.h
[0.930s] -- Up-to-date: /home/aprs/aprs/aprs_ws/install/ur_msgs/lib/libur_msgs__rosidl_typesupport_fastrtps_c.so
[0.935s] -- Up-to-date: /home/aprs/aprs/aprs_ws/install/ur_msgs/include/ur_msgs/ur_msgs
[0.936s] -- Up-to-date: /home/aprs/aprs/aprs_ws/install/ur_msgs/include/ur_msgs/ur_msgs/msg
[0.937s] -- Up-to-date: /home/aprs/aprs/aprs_ws/install/ur_msgs/include/ur_msgs/ur_msgs/msg/digital.hpp
[0.937s] -- Up-to-date: /home/aprs/aprs/aprs_ws/install/ur_msgs/include/ur_msgs/ur_msgs/msg/masterboard_data_msg.hpp
[0.937s] -- Up-to-date: /home/aprs/aprs/aprs_ws/install/ur_msgs/include/ur_msgs/ur_msgs/msg/detail
[0.937s] -- Up-to-date: /home/aprs/aprs/aprs_ws/install/ur_msgs/include/ur_msgs/ur_msgs/msg/detail/robot_mode_data_msg__traits.hpp
[0.937s] -- Up-to-date: /home/aprs/aprs/aprs_ws/install/ur_msgs/include/ur_msgs/ur_msgs/msg/detail/analog__struct.hpp
[0.937s] -- Up-to-date: /home/aprs/aprs/aprs_ws/install/ur_msgs/include/ur_msgs/ur_msgs/msg/detail/digital__builder.hpp
[0.938s] -- Up-to-date: /home/aprs/aprs/aprs_ws/install/ur_msgs/include/ur_msgs/ur_msgs/msg/detail/robot_state_rt_msg__struct.hpp
[0.938s] -- Up-to-date: /home/aprs/aprs/aprs_ws/install/ur_msgs/include/ur_msgs/ur_msgs/msg/detail/tool_data_msg__builder.hpp
[0.938s] -- Up-to-date: /home/aprs/aprs/aprs_ws/install/ur_msgs/include/ur_msgs/ur_msgs/msg/detail/tool_data_msg__traits.hpp
[0.939s] -- Up-to-date: /home/aprs/aprs/aprs_ws/install/ur_msgs/include/ur_msgs/ur_msgs/msg/detail/masterboard_data_msg__struct.hpp
[0.940s] -- Up-to-date: /home/aprs/aprs/aprs_ws/install/ur_msgs/include/ur_msgs/ur_msgs/msg/detail/robot_state_rt_msg__traits.hpp
[0.940s] -- Up-to-date: /home/aprs/aprs/aprs_ws/install/ur_msgs/include/ur_msgs/ur_msgs/msg/detail/robot_mode_data_msg__struct.hpp
[0.940s] -- Up-to-date: /home/aprs/aprs/aprs_ws/install/ur_msgs/include/ur_msgs/ur_msgs/msg/detail/digital__struct.hpp
[0.940s] -- Up-to-date: /home/aprs/aprs/aprs_ws/install/ur_msgs/include/ur_msgs/ur_msgs/msg/detail/io_states__builder.hpp
[0.940s] -- Up-to-date: /home/aprs/aprs/aprs_ws/install/ur_msgs/include/ur_msgs/ur_msgs/msg/detail/digital__traits.hpp
[0.941s] -- Up-to-date: /home/aprs/aprs/aprs_ws/install/ur_msgs/include/ur_msgs/ur_msgs/msg/detail/io_states__traits.hpp
[0.941s] -- Up-to-date: /home/aprs/aprs/aprs_ws/install/ur_msgs/include/ur_msgs/ur_msgs/msg/detail/robot_mode_data_msg__builder.hpp
[0.942s] -- Up-to-date: /home/aprs/aprs/aprs_ws/install/ur_msgs/include/ur_msgs/ur_msgs/msg/detail/masterboard_data_msg__traits.hpp
[0.942s] -- Up-to-date: /home/aprs/aprs/aprs_ws/install/ur_msgs/include/ur_msgs/ur_msgs/msg/detail/tool_data_msg__struct.hpp
[0.942s] -- Up-to-date: /home/aprs/aprs/aprs_ws/install/ur_msgs/include/ur_msgs/ur_msgs/msg/detail/analog__builder.hpp
[0.942s] -- Up-to-date: /home/aprs/aprs/aprs_ws/install/ur_msgs/include/ur_msgs/ur_msgs/msg/detail/io_states__struct.hpp
[0.942s] -- Up-to-date: /home/aprs/aprs/aprs_ws/install/ur_msgs/include/ur_msgs/ur_msgs/msg/detail/masterboard_data_msg__builder.hpp
[0.944s] -- Up-to-date: /home/aprs/aprs/aprs_ws/install/ur_msgs/include/ur_msgs/ur_msgs/msg/detail/robot_state_rt_msg__builder.hpp
[0.945s] -- Up-to-date: /home/aprs/aprs/aprs_ws/install/ur_msgs/include/ur_msgs/ur_msgs/msg/detail/analog__traits.hpp
[0.947s] -- Up-to-date: /home/aprs/aprs/aprs_ws/install/ur_msgs/include/ur_msgs/ur_msgs/msg/analog.hpp
[0.947s] -- Up-to-date: /home/aprs/aprs/aprs_ws/install/ur_msgs/include/ur_msgs/ur_msgs/msg/robot_state_rt_msg.hpp
[0.947s] -- Up-to-date: /home/aprs/aprs/aprs_ws/install/ur_msgs/include/ur_msgs/ur_msgs/msg/tool_data_msg.hpp
[0.947s] -- Up-to-date: /home/aprs/aprs/aprs_ws/install/ur_msgs/include/ur_msgs/ur_msgs/msg/io_states.hpp
[0.950s] -- Up-to-date: /home/aprs/aprs/aprs_ws/install/ur_msgs/include/ur_msgs/ur_msgs/msg/robot_mode_data_msg.hpp
[0.950s] -- Up-to-date: /home/aprs/aprs/aprs_ws/install/ur_msgs/include/ur_msgs/ur_msgs/srv
[0.950s] -- Up-to-date: /home/aprs/aprs/aprs_ws/install/ur_msgs/include/ur_msgs/ur_msgs/srv/set_io.hpp
[0.950s] -- Up-to-date: /home/aprs/aprs/aprs_ws/install/ur_msgs/include/ur_msgs/ur_msgs/srv/set_payload.hpp
[0.950s] -- Up-to-date: /home/aprs/aprs/aprs_ws/install/ur_msgs/include/ur_msgs/ur_msgs/srv/detail
[0.950s] -- Up-to-date: /home/aprs/aprs/aprs_ws/install/ur_msgs/include/ur_msgs/ur_msgs/srv/detail/set_io__struct.hpp
[0.950s] -- Up-to-date: /home/aprs/aprs/aprs_ws/install/ur_msgs/include/ur_msgs/ur_msgs/srv/detail/set_speed_slider_fraction__traits.hpp
[0.950s] -- Up-to-date: /home/aprs/aprs/aprs_ws/install/ur_msgs/include/ur_msgs/ur_msgs/srv/detail/set_speed_slider_fraction__builder.hpp
[0.950s] -- Up-to-date: /home/aprs/aprs/aprs_ws/install/ur_msgs/include/ur_msgs/ur_msgs/srv/detail/set_payload__traits.hpp
[0.951s] -- Up-to-date: /home/aprs/aprs/aprs_ws/install/ur_msgs/include/ur_msgs/ur_msgs/srv/detail/set_io__traits.hpp
[0.951s] -- Up-to-date: /home/aprs/aprs/aprs_ws/install/ur_msgs/include/ur_msgs/ur_msgs/srv/detail/set_payload__struct.hpp
[0.951s] -- Up-to-date: /home/aprs/aprs/aprs_ws/install/ur_msgs/include/ur_msgs/ur_msgs/srv/detail/set_payload__builder.hpp
[0.951s] -- Up-to-date: /home/aprs/aprs/aprs_ws/install/ur_msgs/include/ur_msgs/ur_msgs/srv/detail/set_io__builder.hpp
[0.951s] -- Up-to-date: /home/aprs/aprs/aprs_ws/install/ur_msgs/include/ur_msgs/ur_msgs/srv/detail/set_speed_slider_fraction__struct.hpp
[0.951s] -- Up-to-date: /home/aprs/aprs/aprs_ws/install/ur_msgs/include/ur_msgs/ur_msgs/srv/set_speed_slider_fraction.hpp
[0.951s] -- Up-to-date: /home/aprs/aprs/aprs_ws/install/ur_msgs/include/ur_msgs/ur_msgs
[0.951s] -- Up-to-date: /home/aprs/aprs/aprs_ws/install/ur_msgs/include/ur_msgs/ur_msgs/msg
[0.951s] -- Up-to-date: /home/aprs/aprs/aprs_ws/install/ur_msgs/include/ur_msgs/ur_msgs/msg/detail
[0.951s] -- Up-to-date: /home/aprs/aprs/aprs_ws/install/ur_msgs/include/ur_msgs/ur_msgs/msg/detail/robot_state_rt_msg__rosidl_typesupport_fastrtps_cpp.hpp
[0.951s] -- Up-to-date: /home/aprs/aprs/aprs_ws/install/ur_msgs/include/ur_msgs/ur_msgs/msg/detail/tool_data_msg__rosidl_typesupport_fastrtps_cpp.hpp
[0.951s] -- Up-to-date: /home/aprs/aprs/aprs_ws/install/ur_msgs/include/ur_msgs/ur_msgs/msg/detail/dds_fastrtps
[0.951s] -- Up-to-date: /home/aprs/aprs/aprs_ws/install/ur_msgs/include/ur_msgs/ur_msgs/msg/detail/analog__rosidl_typesupport_fastrtps_cpp.hpp
[0.951s] -- Up-to-date: /home/aprs/aprs/aprs_ws/install/ur_msgs/include/ur_msgs/ur_msgs/msg/detail/robot_mode_data_msg__rosidl_typesupport_fastrtps_cpp.hpp
[0.951s] -- Up-to-date: /home/aprs/aprs/aprs_ws/install/ur_msgs/include/ur_msgs/ur_msgs/msg/detail/digital__rosidl_typesupport_fastrtps_cpp.hpp
[0.951s] -- Up-to-date: /home/aprs/aprs/aprs_ws/install/ur_msgs/include/ur_msgs/ur_msgs/msg/detail/io_states__rosidl_typesupport_fastrtps_cpp.hpp
[0.951s] -- Up-to-date: /home/aprs/aprs/aprs_ws/install/ur_msgs/include/ur_msgs/ur_msgs/msg/detail/masterboard_data_msg__rosidl_typesupport_fastrtps_cpp.hpp
[0.951s] -- Up-to-date: /home/aprs/aprs/aprs_ws/install/ur_msgs/include/ur_msgs/ur_msgs/msg/rosidl_typesupport_fastrtps_cpp__visibility_control.h
[0.951s] -- Up-to-date: /home/aprs/aprs/aprs_ws/install/ur_msgs/include/ur_msgs/ur_msgs/srv
[0.951s] -- Up-to-date: /home/aprs/aprs/aprs_ws/install/ur_msgs/include/ur_msgs/ur_msgs/srv/detail
[0.951s] -- Up-to-date: /home/aprs/aprs/aprs_ws/install/ur_msgs/include/ur_msgs/ur_msgs/srv/detail/dds_fastrtps
[0.951s] -- Up-to-date: /home/aprs/aprs/aprs_ws/install/ur_msgs/include/ur_msgs/ur_msgs/srv/detail/set_payload__rosidl_typesupport_fastrtps_cpp.hpp
[0.959s] -- Up-to-date: /home/aprs/aprs/aprs_ws/install/ur_msgs/include/ur_msgs/ur_msgs/srv/detail/set_speed_slider_fraction__rosidl_typesupport_fastrtps_cpp.hpp
[0.959s] -- Up-to-date: /home/aprs/aprs/aprs_ws/install/ur_msgs/include/ur_msgs/ur_msgs/srv/detail/set_io__rosidl_typesupport_fastrtps_cpp.hpp
[0.959s] -- Up-to-date: /home/aprs/aprs/aprs_ws/install/ur_msgs/lib/libur_msgs__rosidl_typesupport_fastrtps_cpp.so
[0.960s] -- Up-to-date: /home/aprs/aprs/aprs_ws/install/ur_msgs/include/ur_msgs/ur_msgs
[0.960s] -- Up-to-date: /home/aprs/aprs/aprs_ws/install/ur_msgs/include/ur_msgs/ur_msgs/msg
[0.960s] -- Up-to-date: /home/aprs/aprs/aprs_ws/install/ur_msgs/include/ur_msgs/ur_msgs/msg/detail
[0.961s] -- Up-to-date: /home/aprs/aprs/aprs_ws/install/ur_msgs/include/ur_msgs/ur_msgs/msg/detail/io_states__type_support.c
[0.961s] -- Up-to-date: /home/aprs/aprs/aprs_ws/install/ur_msgs/include/ur_msgs/ur_msgs/msg/detail/robot_mode_data_msg__rosidl_typesupport_introspection_c.h
[0.961s] -- Up-to-date: /home/aprs/aprs/aprs_ws/install/ur_msgs/include/ur_msgs/ur_msgs/msg/detail/robot_state_rt_msg__type_support.c
[0.961s] -- Up-to-date: /home/aprs/aprs/aprs_ws/install/ur_msgs/include/ur_msgs/ur_msgs/msg/detail/io_states__rosidl_typesupport_introspection_c.h
[0.961s] -- Up-to-date: /home/aprs/aprs/aprs_ws/install/ur_msgs/include/ur_msgs/ur_msgs/msg/detail/masterboard_data_msg__type_support.c
[0.961s] -- Up-to-date: /home/aprs/aprs/aprs_ws/install/ur_msgs/include/ur_msgs/ur_msgs/msg/detail/robot_mode_data_msg__type_support.c
[0.961s] -- Up-to-date: /home/aprs/aprs/aprs_ws/install/ur_msgs/include/ur_msgs/ur_msgs/msg/detail/tool_data_msg__type_support.c
[0.961s] -- Up-to-date: /home/aprs/aprs/aprs_ws/install/ur_msgs/include/ur_msgs/ur_msgs/msg/detail/tool_data_msg__rosidl_typesupport_introspection_c.h
[0.961s] -- Up-to-date: /home/aprs/aprs/aprs_ws/install/ur_msgs/include/ur_msgs/ur_msgs/msg/detail/analog__type_support.c
[0.961s] -- Up-to-date: /home/aprs/aprs/aprs_ws/install/ur_msgs/include/ur_msgs/ur_msgs/msg/detail/analog__rosidl_typesupport_introspection_c.h
[0.961s] -- Up-to-date: /home/aprs/aprs/aprs_ws/install/ur_msgs/include/ur_msgs/ur_msgs/msg/detail/masterboard_data_msg__rosidl_typesupport_introspection_c.h
[0.961s] -- Up-to-date: /home/aprs/aprs/aprs_ws/install/ur_msgs/include/ur_msgs/ur_msgs/msg/detail/robot_state_rt_msg__rosidl_typesupport_introspection_c.h
[0.961s] -- Up-to-date: /home/aprs/aprs/aprs_ws/install/ur_msgs/include/ur_msgs/ur_msgs/msg/detail/digital__type_support.c
[0.962s] -- Up-to-date: /home/aprs/aprs/aprs_ws/install/ur_msgs/include/ur_msgs/ur_msgs/msg/detail/digital__rosidl_typesupport_introspection_c.h
[0.962s] -- Up-to-date: /home/aprs/aprs/aprs_ws/install/ur_msgs/include/ur_msgs/ur_msgs/msg/rosidl_typesupport_introspection_c__visibility_control.h
[0.962s] -- Up-to-date: /home/aprs/aprs/aprs_ws/install/ur_msgs/include/ur_msgs/ur_msgs/srv
[0.962s] -- Up-to-date: /home/aprs/aprs/aprs_ws/install/ur_msgs/include/ur_msgs/ur_msgs/srv/detail
[0.962s] -- Up-to-date: /home/aprs/aprs/aprs_ws/install/ur_msgs/include/ur_msgs/ur_msgs/srv/detail/set_payload__type_support.c
[0.962s] -- Up-to-date: /home/aprs/aprs/aprs_ws/install/ur_msgs/include/ur_msgs/ur_msgs/srv/detail/set_payload__rosidl_typesupport_introspection_c.h
[0.962s] -- Up-to-date: /home/aprs/aprs/aprs_ws/install/ur_msgs/include/ur_msgs/ur_msgs/srv/detail/set_speed_slider_fraction__type_support.c
[0.962s] -- Up-to-date: /home/aprs/aprs/aprs_ws/install/ur_msgs/include/ur_msgs/ur_msgs/srv/detail/set_speed_slider_fraction__rosidl_typesupport_introspection_c.h
[0.962s] -- Up-to-date: /home/aprs/aprs/aprs_ws/install/ur_msgs/include/ur_msgs/ur_msgs/srv/detail/set_io__rosidl_typesupport_introspection_c.h
[0.962s] -- Up-to-date: /home/aprs/aprs/aprs_ws/install/ur_msgs/include/ur_msgs/ur_msgs/srv/detail/set_io__type_support.c
[0.962s] -- Up-to-date: /home/aprs/aprs/aprs_ws/install/ur_msgs/lib/libur_msgs__rosidl_typesupport_introspection_c.so
[0.962s] -- Up-to-date: /home/aprs/aprs/aprs_ws/install/ur_msgs/lib/libur_msgs__rosidl_typesupport_c.so
[0.962s] -- Up-to-date: /home/aprs/aprs/aprs_ws/install/ur_msgs/include/ur_msgs/ur_msgs
[0.962s] -- Up-to-date: /home/aprs/aprs/aprs_ws/install/ur_msgs/include/ur_msgs/ur_msgs/msg
[0.962s] -- Up-to-date: /home/aprs/aprs/aprs_ws/install/ur_msgs/include/ur_msgs/ur_msgs/msg/detail
[0.962s] -- Up-to-date: /home/aprs/aprs/aprs_ws/install/ur_msgs/include/ur_msgs/ur_msgs/msg/detail/robot_mode_data_msg__type_support.cpp
[0.962s] -- Up-to-date: /home/aprs/aprs/aprs_ws/install/ur_msgs/include/ur_msgs/ur_msgs/msg/detail/masterboard_data_msg__rosidl_typesupport_introspection_cpp.hpp
[0.962s] -- Up-to-date: /home/aprs/aprs/aprs_ws/install/ur_msgs/include/ur_msgs/ur_msgs/msg/detail/tool_data_msg__type_support.cpp
[0.962s] -- Up-to-date: /home/aprs/aprs/aprs_ws/install/ur_msgs/include/ur_msgs/ur_msgs/msg/detail/digital__type_support.cpp
[0.962s] -- Up-to-date: /home/aprs/aprs/aprs_ws/install/ur_msgs/include/ur_msgs/ur_msgs/msg/detail/robot_mode_data_msg__rosidl_typesupport_introspection_cpp.hpp
[0.962s] -- Up-to-date: /home/aprs/aprs/aprs_ws/install/ur_msgs/include/ur_msgs/ur_msgs/msg/detail/io_states__rosidl_typesupport_introspection_cpp.hpp
[0.962s] -- Up-to-date: /home/aprs/aprs/aprs_ws/install/ur_msgs/include/ur_msgs/ur_msgs/msg/detail/analog__rosidl_typesupport_introspection_cpp.hpp
[0.963s] -- Up-to-date: /home/aprs/aprs/aprs_ws/install/ur_msgs/include/ur_msgs/ur_msgs/msg/detail/io_states__type_support.cpp
[0.963s] -- Up-to-date: /home/aprs/aprs/aprs_ws/install/ur_msgs/include/ur_msgs/ur_msgs/msg/detail/analog__type_support.cpp
[0.963s] -- Up-to-date: /home/aprs/aprs/aprs_ws/install/ur_msgs/include/ur_msgs/ur_msgs/msg/detail/robot_state_rt_msg__rosidl_typesupport_introspection_cpp.hpp
[0.963s] -- Up-to-date: /home/aprs/aprs/aprs_ws/install/ur_msgs/include/ur_msgs/ur_msgs/msg/detail/tool_data_msg__rosidl_typesupport_introspection_cpp.hpp
[0.963s] -- Up-to-date: /home/aprs/aprs/aprs_ws/install/ur_msgs/include/ur_msgs/ur_msgs/msg/detail/robot_state_rt_msg__type_support.cpp
[0.963s] -- Up-to-date: /home/aprs/aprs/aprs_ws/install/ur_msgs/include/ur_msgs/ur_msgs/msg/detail/masterboard_data_msg__type_support.cpp
[0.963s] -- Up-to-date: /home/aprs/aprs/aprs_ws/install/ur_msgs/include/ur_msgs/ur_msgs/msg/detail/digital__rosidl_typesupport_introspection_cpp.hpp
[0.963s] -- Up-to-date: /home/aprs/aprs/aprs_ws/install/ur_msgs/include/ur_msgs/ur_msgs/srv
[0.963s] -- Up-to-date: /home/aprs/aprs/aprs_ws/install/ur_msgs/include/ur_msgs/ur_msgs/srv/detail
[0.963s] -- Up-to-date: /home/aprs/aprs/aprs_ws/install/ur_msgs/include/ur_msgs/ur_msgs/srv/detail/set_io__type_support.cpp
[0.963s] -- Up-to-date: /home/aprs/aprs/aprs_ws/install/ur_msgs/include/ur_msgs/ur_msgs/srv/detail/set_payload__rosidl_typesupport_introspection_cpp.hpp
[0.963s] -- Up-to-date: /home/aprs/aprs/aprs_ws/install/ur_msgs/include/ur_msgs/ur_msgs/srv/detail/set_io__rosidl_typesupport_introspection_cpp.hpp
[0.963s] -- Up-to-date: /home/aprs/aprs/aprs_ws/install/ur_msgs/include/ur_msgs/ur_msgs/srv/detail/set_speed_slider_fraction__rosidl_typesupport_introspection_cpp.hpp
[0.963s] -- Up-to-date: /home/aprs/aprs/aprs_ws/install/ur_msgs/include/ur_msgs/ur_msgs/srv/detail/set_speed_slider_fraction__type_support.cpp
[0.963s] -- Up-to-date: /home/aprs/aprs/aprs_ws/install/ur_msgs/include/ur_msgs/ur_msgs/srv/detail/set_payload__type_support.cpp
[0.963s] -- Up-to-date: /home/aprs/aprs/aprs_ws/install/ur_msgs/lib/libur_msgs__rosidl_typesupport_introspection_cpp.so
[0.963s] -- Up-to-date: /home/aprs/aprs/aprs_ws/install/ur_msgs/lib/libur_msgs__rosidl_typesupport_cpp.so
[0.963s] -- Up-to-date: /home/aprs/aprs/aprs_ws/install/ur_msgs/share/ur_msgs/environment/pythonpath.sh
[0.963s] -- Up-to-date: /home/aprs/aprs/aprs_ws/install/ur_msgs/share/ur_msgs/environment/pythonpath.dsv
[0.963s] -- Up-to-date: /home/aprs/aprs/aprs_ws/install/ur_msgs/local/lib/python3.10/dist-packages/ur_msgs-2.0.0-py3.10.egg-info
[0.965s] -- Installing: /home/aprs/aprs/aprs_ws/install/ur_msgs/local/lib/python3.10/dist-packages/ur_msgs-2.0.0-py3.10.egg-info/PKG-INFO
[0.968s] -- Installing: /home/aprs/aprs/aprs_ws/install/ur_msgs/local/lib/python3.10/dist-packages/ur_msgs-2.0.0-py3.10.egg-info/dependency_links.txt
[0.968s] -- Installing: /home/aprs/aprs/aprs_ws/install/ur_msgs/local/lib/python3.10/dist-packages/ur_msgs-2.0.0-py3.10.egg-info/SOURCES.txt
[0.968s] -- Installing: /home/aprs/aprs/aprs_ws/install/ur_msgs/local/lib/python3.10/dist-packages/ur_msgs-2.0.0-py3.10.egg-info/top_level.txt
[0.968s] -- Up-to-date: /home/aprs/aprs/aprs_ws/install/ur_msgs/local/lib/python3.10/dist-packages/ur_msgs
[0.968s] -- Up-to-date: /home/aprs/aprs/aprs_ws/install/ur_msgs/local/lib/python3.10/dist-packages/ur_msgs/__init__.py
[0.968s] -- Up-to-date: /home/aprs/aprs/aprs_ws/install/ur_msgs/local/lib/python3.10/dist-packages/ur_msgs/ur_msgs_s__rosidl_typesupport_introspection_c.cpython-310-x86_64-linux-gnu.so
[0.968s] -- Up-to-date: /home/aprs/aprs/aprs_ws/install/ur_msgs/local/lib/python3.10/dist-packages/ur_msgs/_ur_msgs_s.ep.rosidl_typesupport_introspection_c.c
[0.968s] -- Up-to-date: /home/aprs/aprs/aprs_ws/install/ur_msgs/local/lib/python3.10/dist-packages/ur_msgs/_ur_msgs_s.ep.rosidl_typesupport_c.c
[0.968s] -- Up-to-date: /home/aprs/aprs/aprs_ws/install/ur_msgs/local/lib/python3.10/dist-packages/ur_msgs/ur_msgs_s__rosidl_typesupport_fastrtps_c.cpython-310-x86_64-linux-gnu.so
[0.968s] -- Up-to-date: /home/aprs/aprs/aprs_ws/install/ur_msgs/local/lib/python3.10/dist-packages/ur_msgs/msg
[0.968s] -- Up-to-date: /home/aprs/aprs/aprs_ws/install/ur_msgs/local/lib/python3.10/dist-packages/ur_msgs/msg/_io_states.py
[0.968s] -- Up-to-date: /home/aprs/aprs/aprs_ws/install/ur_msgs/local/lib/python3.10/dist-packages/ur_msgs/msg/__init__.py
[0.968s] -- Up-to-date: /home/aprs/aprs/aprs_ws/install/ur_msgs/local/lib/python3.10/dist-packages/ur_msgs/msg/_masterboard_data_msg_s.c
[0.968s] -- Up-to-date: /home/aprs/aprs/aprs_ws/install/ur_msgs/local/lib/python3.10/dist-packages/ur_msgs/msg/_robot_state_rt_msg.py
[0.968s] -- Up-to-date: /home/aprs/aprs/aprs_ws/install/ur_msgs/local/lib/python3.10/dist-packages/ur_msgs/msg/_tool_data_msg.py
[0.968s] -- Up-to-date: /home/aprs/aprs/aprs_ws/install/ur_msgs/local/lib/python3.10/dist-packages/ur_msgs/msg/_tool_data_msg_s.c
[0.968s] -- Up-to-date: /home/aprs/aprs/aprs_ws/install/ur_msgs/local/lib/python3.10/dist-packages/ur_msgs/msg/_masterboard_data_msg.py
[0.968s] -- Up-to-date: /home/aprs/aprs/aprs_ws/install/ur_msgs/local/lib/python3.10/dist-packages/ur_msgs/msg/_analog.py
[0.968s] -- Up-to-date: /home/aprs/aprs/aprs_ws/install/ur_msgs/local/lib/python3.10/dist-packages/ur_msgs/msg/_robot_state_rt_msg_s.c
[0.968s] -- Up-to-date: /home/aprs/aprs/aprs_ws/install/ur_msgs/local/lib/python3.10/dist-packages/ur_msgs/msg/_robot_mode_data_msg_s.c
[0.969s] -- Up-to-date: /home/aprs/aprs/aprs_ws/install/ur_msgs/local/lib/python3.10/dist-packages/ur_msgs/msg/_analog_s.c
[0.969s] -- Up-to-date: /home/aprs/aprs/aprs_ws/install/ur_msgs/local/lib/python3.10/dist-packages/ur_msgs/msg/_digital.py
[0.969s] -- Up-to-date: /home/aprs/aprs/aprs_ws/install/ur_msgs/local/lib/python3.10/dist-packages/ur_msgs/msg/_robot_mode_data_msg.py
[0.969s] -- Up-to-date: /home/aprs/aprs/aprs_ws/install/ur_msgs/local/lib/python3.10/dist-packages/ur_msgs/msg/_io_states_s.c
[0.969s] -- Up-to-date: /home/aprs/aprs/aprs_ws/install/ur_msgs/local/lib/python3.10/dist-packages/ur_msgs/msg/_digital_s.c
[0.969s] -- Up-to-date: /home/aprs/aprs/aprs_ws/install/ur_msgs/local/lib/python3.10/dist-packages/ur_msgs/_ur_msgs_s.ep.rosidl_typesupport_fastrtps_c.c
[0.969s] -- Up-to-date: /home/aprs/aprs/aprs_ws/install/ur_msgs/local/lib/python3.10/dist-packages/ur_msgs/libur_msgs__rosidl_generator_py.so
[0.969s] -- Up-to-date: /home/aprs/aprs/aprs_ws/install/ur_msgs/local/lib/python3.10/dist-packages/ur_msgs/srv
[0.969s] -- Up-to-date: /home/aprs/aprs/aprs_ws/install/ur_msgs/local/lib/python3.10/dist-packages/ur_msgs/srv/__init__.py
[0.969s] -- Up-to-date: /home/aprs/aprs/aprs_ws/install/ur_msgs/local/lib/python3.10/dist-packages/ur_msgs/srv/_set_payload.py
[0.969s] -- Up-to-date: /home/aprs/aprs/aprs_ws/install/ur_msgs/local/lib/python3.10/dist-packages/ur_msgs/srv/_set_payload_s.c
[0.972s] -- Up-to-date: /home/aprs/aprs/aprs_ws/install/ur_msgs/local/lib/python3.10/dist-packages/ur_msgs/srv/_set_io_s.c
[0.972s] -- Up-to-date: /home/aprs/aprs/aprs_ws/install/ur_msgs/local/lib/python3.10/dist-packages/ur_msgs/srv/_set_io.py
[0.972s] -- Up-to-date: /home/aprs/aprs/aprs_ws/install/ur_msgs/local/lib/python3.10/dist-packages/ur_msgs/srv/_set_speed_slider_fraction_s.c
[0.972s] -- Up-to-date: /home/aprs/aprs/aprs_ws/install/ur_msgs/local/lib/python3.10/dist-packages/ur_msgs/srv/_set_speed_slider_fraction.py
[0.972s] -- Up-to-date: /home/aprs/aprs/aprs_ws/install/ur_msgs/local/lib/python3.10/dist-packages/ur_msgs/ur_msgs_s__rosidl_typesupport_c.cpython-310-x86_64-linux-gnu.so
[1.024s] Listing '/home/aprs/aprs/aprs_ws/install/ur_msgs/local/lib/python3.10/dist-packages/ur_msgs'...
[1.024s] Listing '/home/aprs/aprs/aprs_ws/install/ur_msgs/local/lib/python3.10/dist-packages/ur_msgs/msg'...
[1.024s] Listing '/home/aprs/aprs/aprs_ws/install/ur_msgs/local/lib/python3.10/dist-packages/ur_msgs/srv'...
[1.024s] -- Up-to-date: /home/aprs/aprs/aprs_ws/install/ur_msgs/local/lib/python3.10/dist-packages/ur_msgs/ur_msgs_s__rosidl_typesupport_fastrtps_c.cpython-310-x86_64-linux-gnu.so
[1.027s] -- Up-to-date: /home/aprs/aprs/aprs_ws/install/ur_msgs/local/lib/python3.10/dist-packages/ur_msgs/ur_msgs_s__rosidl_typesupport_introspection_c.cpython-310-x86_64-linux-gnu.so
[1.029s] -- Up-to-date: /home/aprs/aprs/aprs_ws/install/ur_msgs/local/lib/python3.10/dist-packages/ur_msgs/ur_msgs_s__rosidl_typesupport_c.cpython-310-x86_64-linux-gnu.so
[1.029s] -- Up-to-date: /home/aprs/aprs/aprs_ws/install/ur_msgs/lib/libur_msgs__rosidl_generator_py.so
[1.029s] -- Up-to-date: /home/aprs/aprs/aprs_ws/install/ur_msgs/share/ur_msgs/msg/Analog.idl
[1.029s] -- Up-to-date: /home/aprs/aprs/aprs_ws/install/ur_msgs/share/ur_msgs/msg/Digital.idl
[1.030s] -- Up-to-date: /home/aprs/aprs/aprs_ws/install/ur_msgs/share/ur_msgs/msg/IOStates.idl
[1.030s] -- Up-to-date: /home/aprs/aprs/aprs_ws/install/ur_msgs/share/ur_msgs/msg/RobotStateRTMsg.idl
[1.030s] -- Up-to-date: /home/aprs/aprs/aprs_ws/install/ur_msgs/share/ur_msgs/msg/MasterboardDataMsg.idl
[1.030s] -- Up-to-date: /home/aprs/aprs/aprs_ws/install/ur_msgs/share/ur_msgs/msg/RobotModeDataMsg.idl
[1.030s] -- Up-to-date: /home/aprs/aprs/aprs_ws/install/ur_msgs/share/ur_msgs/msg/ToolDataMsg.idl
[1.030s] -- Up-to-date: /home/aprs/aprs/aprs_ws/install/ur_msgs/share/ur_msgs/srv/SetPayload.idl
[1.030s] -- Up-to-date: /home/aprs/aprs/aprs_ws/install/ur_msgs/share/ur_msgs/srv/SetSpeedSliderFraction.idl
[1.030s] -- Up-to-date: /home/aprs/aprs/aprs_ws/install/ur_msgs/share/ur_msgs/srv/SetIO.idl
[1.030s] -- Up-to-date: /home/aprs/aprs/aprs_ws/install/ur_msgs/share/ur_msgs/msg/Analog.msg
[1.031s] -- Up-to-date: /home/aprs/aprs/aprs_ws/install/ur_msgs/share/ur_msgs/msg/Digital.msg
[1.031s] -- Up-to-date: /home/aprs/aprs/aprs_ws/install/ur_msgs/share/ur_msgs/msg/IOStates.msg
[1.031s] -- Up-to-date: /home/aprs/aprs/aprs_ws/install/ur_msgs/share/ur_msgs/msg/RobotStateRTMsg.msg
[1.031s] -- Up-to-date: /home/aprs/aprs/aprs_ws/install/ur_msgs/share/ur_msgs/msg/MasterboardDataMsg.msg
[1.031s] -- Up-to-date: /home/aprs/aprs/aprs_ws/install/ur_msgs/share/ur_msgs/msg/RobotModeDataMsg.msg
[1.031s] -- Up-to-date: /home/aprs/aprs/aprs_ws/install/ur_msgs/share/ur_msgs/msg/ToolDataMsg.msg
[1.031s] -- Up-to-date: /home/aprs/aprs/aprs_ws/install/ur_msgs/share/ur_msgs/srv/SetPayload.srv
[1.031s] -- Up-to-date: /home/aprs/aprs/aprs_ws/install/ur_msgs/share/ur_msgs/srv/SetPayload_Request.msg
[1.031s] -- Up-to-date: /home/aprs/aprs/aprs_ws/install/ur_msgs/share/ur_msgs/srv/SetPayload_Response.msg
[1.032s] -- Up-to-date: /home/aprs/aprs/aprs_ws/install/ur_msgs/share/ur_msgs/srv/SetSpeedSliderFraction.srv
[1.032s] -- Up-to-date: /home/aprs/aprs/aprs_ws/install/ur_msgs/share/ur_msgs/srv/SetSpeedSliderFraction_Request.msg
[1.032s] -- Up-to-date: /home/aprs/aprs/aprs_ws/install/ur_msgs/share/ur_msgs/srv/SetSpeedSliderFraction_Response.msg
[1.032s] -- Up-to-date: /home/aprs/aprs/aprs_ws/install/ur_msgs/share/ur_msgs/srv/SetIO.srv
[1.032s] -- Up-to-date: /home/aprs/aprs/aprs_ws/install/ur_msgs/share/ur_msgs/srv/SetIO_Request.msg
[1.032s] -- Up-to-date: /home/aprs/aprs/aprs_ws/install/ur_msgs/share/ur_msgs/srv/SetIO_Response.msg
[1.032s] -- Up-to-date: /home/aprs/aprs/aprs_ws/install/ur_msgs/share/ament_index/resource_index/package_run_dependencies/ur_msgs
[1.032s] -- Up-to-date: /home/aprs/aprs/aprs_ws/install/ur_msgs/share/ament_index/resource_index/parent_prefix_path/ur_msgs
[1.033s] -- Up-to-date: /home/aprs/aprs/aprs_ws/install/ur_msgs/share/ur_msgs/environment/ament_prefix_path.sh
[1.034s] -- Up-to-date: /home/aprs/aprs/aprs_ws/install/ur_msgs/share/ur_msgs/environment/ament_prefix_path.dsv
[1.034s] -- Up-to-date: /home/aprs/aprs/aprs_ws/install/ur_msgs/share/ur_msgs/environment/path.sh
[1.034s] -- Up-to-date: /home/aprs/aprs/aprs_ws/install/ur_msgs/share/ur_msgs/environment/path.dsv
[1.034s] -- Up-to-date: /home/aprs/aprs/aprs_ws/install/ur_msgs/share/ur_msgs/local_setup.bash
[1.035s] -- Up-to-date: /home/aprs/aprs/aprs_ws/install/ur_msgs/share/ur_msgs/local_setup.sh
[1.035s] -- Up-to-date: /home/aprs/aprs/aprs_ws/install/ur_msgs/share/ur_msgs/local_setup.zsh
[1.035s] -- Up-to-date: /home/aprs/aprs/aprs_ws/install/ur_msgs/share/ur_msgs/local_setup.dsv
[1.035s] -- Installing: /home/aprs/aprs/aprs_ws/install/ur_msgs/share/ur_msgs/package.dsv
[1.035s] -- Up-to-date: /home/aprs/aprs/aprs_ws/install/ur_msgs/share/ament_index/resource_index/packages/ur_msgs
[1.036s] -- Up-to-date: /home/aprs/aprs/aprs_ws/install/ur_msgs/share/ur_msgs/cmake/export_ur_msgs__rosidl_generator_cExport.cmake
[1.037s] -- Up-to-date: /home/aprs/aprs/aprs_ws/install/ur_msgs/share/ur_msgs/cmake/export_ur_msgs__rosidl_generator_cExport-noconfig.cmake
[1.037s] -- Up-to-date: /home/aprs/aprs/aprs_ws/install/ur_msgs/share/ur_msgs/cmake/export_ur_msgs__rosidl_typesupport_fastrtps_cExport.cmake
[1.037s] -- Up-to-date: /home/aprs/aprs/aprs_ws/install/ur_msgs/share/ur_msgs/cmake/export_ur_msgs__rosidl_typesupport_fastrtps_cExport-noconfig.cmake
[1.037s] -- Up-to-date: /home/aprs/aprs/aprs_ws/install/ur_msgs/share/ur_msgs/cmake/export_ur_msgs__rosidl_generator_cppExport.cmake
[1.037s] -- Up-to-date: /home/aprs/aprs/aprs_ws/install/ur_msgs/share/ur_msgs/cmake/export_ur_msgs__rosidl_typesupport_fastrtps_cppExport.cmake
[1.037s] -- Up-to-date: /home/aprs/aprs/aprs_ws/install/ur_msgs/share/ur_msgs/cmake/export_ur_msgs__rosidl_typesupport_fastrtps_cppExport-noconfig.cmake
[1.037s] -- Up-to-date: /home/aprs/aprs/aprs_ws/install/ur_msgs/share/ur_msgs/cmake/ur_msgs__rosidl_typesupport_introspection_cExport.cmake
[1.037s] -- Up-to-date: /home/aprs/aprs/aprs_ws/install/ur_msgs/share/ur_msgs/cmake/ur_msgs__rosidl_typesupport_introspection_cExport-noconfig.cmake
[1.038s] -- Up-to-date: /home/aprs/aprs/aprs_ws/install/ur_msgs/share/ur_msgs/cmake/ur_msgs__rosidl_typesupport_cExport.cmake
[1.038s] -- Up-to-date: /home/aprs/aprs/aprs_ws/install/ur_msgs/share/ur_msgs/cmake/ur_msgs__rosidl_typesupport_cExport-noconfig.cmake
[1.038s] -- Up-to-date: /home/aprs/aprs/aprs_ws/install/ur_msgs/share/ur_msgs/cmake/ur_msgs__rosidl_typesupport_introspection_cppExport.cmake
[1.038s] -- Up-to-date: /home/aprs/aprs/aprs_ws/install/ur_msgs/share/ur_msgs/cmake/ur_msgs__rosidl_typesupport_introspection_cppExport-noconfig.cmake
[1.040s] -- Up-to-date: /home/aprs/aprs/aprs_ws/install/ur_msgs/share/ur_msgs/cmake/ur_msgs__rosidl_typesupport_cppExport.cmake
[1.040s] -- Up-to-date: /home/aprs/aprs/aprs_ws/install/ur_msgs/share/ur_msgs/cmake/ur_msgs__rosidl_typesupport_cppExport-noconfig.cmake
[1.040s] -- Up-to-date: /home/aprs/aprs/aprs_ws/install/ur_msgs/share/ur_msgs/cmake/export_ur_msgs__rosidl_generator_pyExport.cmake
[1.040s] -- Up-to-date: /home/aprs/aprs/aprs_ws/install/ur_msgs/share/ur_msgs/cmake/export_ur_msgs__rosidl_generator_pyExport-noconfig.cmake
[1.041s] -- Up-to-date: /home/aprs/aprs/aprs_ws/install/ur_msgs/share/ur_msgs/cmake/rosidl_cmake-extras.cmake
[1.041s] -- Up-to-date: /home/aprs/aprs/aprs_ws/install/ur_msgs/share/ur_msgs/cmake/ament_cmake_export_dependencies-extras.cmake
[1.041s] -- Up-to-date: /home/aprs/aprs/aprs_ws/install/ur_msgs/share/ur_msgs/cmake/ament_cmake_export_include_directories-extras.cmake
[1.041s] -- Up-to-date: /home/aprs/aprs/aprs_ws/install/ur_msgs/share/ur_msgs/cmake/ament_cmake_export_libraries-extras.cmake
[1.041s] -- Up-to-date: /home/aprs/aprs/aprs_ws/install/ur_msgs/share/ur_msgs/cmake/ament_cmake_export_targets-extras.cmake
[1.041s] -- Up-to-date: /home/aprs/aprs/aprs_ws/install/ur_msgs/share/ur_msgs/cmake/rosidl_cmake_export_typesupport_targets-extras.cmake
[1.042s] -- Up-to-date: /home/aprs/aprs/aprs_ws/install/ur_msgs/share/ur_msgs/cmake/rosidl_cmake_export_typesupport_libraries-extras.cmake
[1.042s] -- Up-to-date: /home/aprs/aprs/aprs_ws/install/ur_msgs/share/ur_msgs/cmake/ur_msgsConfig.cmake
[1.042s] -- Up-to-date: /home/aprs/aprs/aprs_ws/install/ur_msgs/share/ur_msgs/cmake/ur_msgsConfig-version.cmake
[1.042s] -- Up-to-date: /home/aprs/aprs/aprs_ws/install/ur_msgs/share/ur_msgs/package.xml
[1.079s] Invoked command in '/home/aprs/aprs/aprs_ws/build/ur_msgs' returned '0': CMAKE_PREFIX_PATH=${CMAKE_PREFIX_PATH}:/home/aprs/aprs/aprs_ws/install/conveyor_controller:/opt/ros/humble /usr/bin/cmake --install /home/aprs/aprs/aprs_ws/build/ur_msgs
