[0.260s] Invoking command in '/home/aprs/aprs/aprs_ws/build/ur_setup': CMAKE_PREFIX_PATH=${CMAKE_PREFIX_PATH}:/home/aprs/aprs/aprs_ws/install/rqt_joint_trajectory_controller:/home/aprs/aprs/aprs_ws/install/rqt_controller_manager:/home/aprs/aprs/aprs_ws/install/ros2controlcli:/home/aprs/aprs/aprs_ws/install/ros2_controllers_test_nodes:/opt/ros/rolling /usr/bin/cmake --build /home/aprs/aprs/aprs_ws/build/ur_setup -- -j16 -l16
[0.309s] [35m[1mConsolidate compiler generated dependencies of target ur_setup[0m
[0.356s] [100%] Built target ur_setup
[0.391s] Invoked command in '/home/aprs/aprs/aprs_ws/build/ur_setup' returned '0': CMAKE_PREFIX_PATH=${CMAKE_PREFIX_PATH}:/home/aprs/aprs/aprs_ws/install/rqt_joint_trajectory_controller:/home/aprs/aprs/aprs_ws/install/rqt_controller_manager:/home/aprs/aprs/aprs_ws/install/ros2controlcli:/home/aprs/aprs/aprs_ws/install/ros2_controllers_test_nodes:/opt/ros/rolling /usr/bin/cmake --build /home/aprs/aprs/aprs_ws/build/ur_setup -- -j16 -l16
[0.441s] Invoking command in '/home/aprs/aprs/aprs_ws/build/ur_setup': CMAKE_PREFIX_PATH=${CMAKE_PREFIX_PATH}:/home/aprs/aprs/aprs_ws/install/rqt_joint_trajectory_controller:/home/aprs/aprs/aprs_ws/install/rqt_controller_manager:/home/aprs/aprs/aprs_ws/install/ros2controlcli:/home/aprs/aprs/aprs_ws/install/ros2_controllers_test_nodes:/opt/ros/rolling /usr/bin/cmake --install /home/aprs/aprs/aprs_ws/build/ur_setup
[0.456s] -- Install configuration: ""
[0.456s] -- Up-to-date: /home/aprs/aprs/aprs_ws/install/ur_setup/share/ur_setup//launch
[0.456s] -- Up-to-date: /home/aprs/aprs/aprs_ws/install/ur_setup/share/ur_setup//launch/ur_setup.launch.py
[0.456s] -- Up-to-date: /home/aprs/aprs/aprs_ws/install/ur_setup/lib/ur_setup/ur_setup
[0.457s] -- Up-to-date: /home/aprs/aprs/aprs_ws/install/ur_setup/share/ament_index/resource_index/package_run_dependencies/ur_setup
[0.457s] -- Up-to-date: /home/aprs/aprs/aprs_ws/install/ur_setup/share/ament_index/resource_index/parent_prefix_path/ur_setup
[0.457s] -- Up-to-date: /home/aprs/aprs/aprs_ws/install/ur_setup/share/ur_setup/environment/ament_prefix_path.sh
[0.457s] -- Up-to-date: /home/aprs/aprs/aprs_ws/install/ur_setup/share/ur_setup/environment/ament_prefix_path.dsv
[0.457s] -- Up-to-date: /home/aprs/aprs/aprs_ws/install/ur_setup/share/ur_setup/environment/path.sh
[0.457s] -- Up-to-date: /home/aprs/aprs/aprs_ws/install/ur_setup/share/ur_setup/environment/path.dsv
[0.457s] -- Up-to-date: /home/aprs/aprs/aprs_ws/install/ur_setup/share/ur_setup/local_setup.bash
[0.457s] -- Up-to-date: /home/aprs/aprs/aprs_ws/install/ur_setup/share/ur_setup/local_setup.sh
[0.458s] -- Up-to-date: /home/aprs/aprs/aprs_ws/install/ur_setup/share/ur_setup/local_setup.zsh
[0.458s] -- Up-to-date: /home/aprs/aprs/aprs_ws/install/ur_setup/share/ur_setup/local_setup.dsv
[0.458s] -- Installing: /home/aprs/aprs/aprs_ws/install/ur_setup/share/ur_setup/package.dsv
[0.458s] -- Up-to-date: /home/aprs/aprs/aprs_ws/install/ur_setup/share/ament_index/resource_index/packages/ur_setup
[0.458s] -- Up-to-date: /home/aprs/aprs/aprs_ws/install/ur_setup/share/ur_setup/cmake/ur_setupConfig.cmake
[0.458s] -- Up-to-date: /home/aprs/aprs/aprs_ws/install/ur_setup/share/ur_setup/cmake/ur_setupConfig-version.cmake
[0.458s] -- Up-to-date: /home/aprs/aprs/aprs_ws/install/ur_setup/share/ur_setup/package.xml
[0.468s] Invoked command in '/home/aprs/aprs/aprs_ws/build/ur_setup' returned '0': CMAKE_PREFIX_PATH=${CMAKE_PREFIX_PATH}:/home/aprs/aprs/aprs_ws/install/rqt_joint_trajectory_controller:/home/aprs/aprs/aprs_ws/install/rqt_controller_manager:/home/aprs/aprs/aprs_ws/install/ros2controlcli:/home/aprs/aprs/aprs_ws/install/ros2_controllers_test_nodes:/opt/ros/rolling /usr/bin/cmake --install /home/aprs/aprs/aprs_ws/build/ur_setup
