[0.046s] Invoking command in '/workspaces/aprs/aprs_ws/build/moveit_resources_panda_moveit_config': CMAKE_PREFIX_PATH=/workspaces/aprs/aprs_ws/install/moveit_resources_panda_description:/workspaces/aprs/aprs_ws/install/ur_setup:/workspaces/aprs/aprs_ws/install/ur_moveit_config:/workspaces/aprs/aprs_ws/install/ur_gz:/workspaces/aprs/aprs_ws/install/ur_description:/workspaces/aprs/aprs_ws/install/ur:/workspaces/aprs/aprs_ws/install/moveit_resources_panda_moveit_config:/workspaces/aprs/aprs_ws/install/moveit_resources_fanuc_moveit_config:/workspaces/aprs/aprs_ws/install/moveit_resources_fanuc_description:/workspaces/aprs/aprs_ws/install/gz_ros2_control_tests:/workspaces/aprs/aprs_ws/install/gz_ros2_control_demos:/workspaces/aprs/aprs_ws/install/franka_gz:/workspaces/aprs/aprs_ws/install/gz_ros2_control:/workspaces/aprs/aprs_ws/install/franka_description:/opt/ros/rolling /usr/bin/cmake --build /workspaces/aprs/aprs_ws/build/moveit_resources_panda_moveit_config -- -j16 -l16
[0.069s] Invoked command in '/workspaces/aprs/aprs_ws/build/moveit_resources_panda_moveit_config' returned '0': CMAKE_PREFIX_PATH=/workspaces/aprs/aprs_ws/install/moveit_resources_panda_description:/workspaces/aprs/aprs_ws/install/ur_setup:/workspaces/aprs/aprs_ws/install/ur_moveit_config:/workspaces/aprs/aprs_ws/install/ur_gz:/workspaces/aprs/aprs_ws/install/ur_description:/workspaces/aprs/aprs_ws/install/ur:/workspaces/aprs/aprs_ws/install/moveit_resources_panda_moveit_config:/workspaces/aprs/aprs_ws/install/moveit_resources_fanuc_moveit_config:/workspaces/aprs/aprs_ws/install/moveit_resources_fanuc_description:/workspaces/aprs/aprs_ws/install/gz_ros2_control_tests:/workspaces/aprs/aprs_ws/install/gz_ros2_control_demos:/workspaces/aprs/aprs_ws/install/franka_gz:/workspaces/aprs/aprs_ws/install/gz_ros2_control:/workspaces/aprs/aprs_ws/install/franka_description:/opt/ros/rolling /usr/bin/cmake --build /workspaces/aprs/aprs_ws/build/moveit_resources_panda_moveit_config -- -j16 -l16
[0.099s] Invoking command in '/workspaces/aprs/aprs_ws/build/moveit_resources_panda_moveit_config': CMAKE_PREFIX_PATH=/workspaces/aprs/aprs_ws/install/moveit_resources_panda_description:/workspaces/aprs/aprs_ws/install/ur_setup:/workspaces/aprs/aprs_ws/install/ur_moveit_config:/workspaces/aprs/aprs_ws/install/ur_gz:/workspaces/aprs/aprs_ws/install/ur_description:/workspaces/aprs/aprs_ws/install/ur:/workspaces/aprs/aprs_ws/install/moveit_resources_panda_moveit_config:/workspaces/aprs/aprs_ws/install/moveit_resources_fanuc_moveit_config:/workspaces/aprs/aprs_ws/install/moveit_resources_fanuc_description:/workspaces/aprs/aprs_ws/install/gz_ros2_control_tests:/workspaces/aprs/aprs_ws/install/gz_ros2_control_demos:/workspaces/aprs/aprs_ws/install/franka_gz:/workspaces/aprs/aprs_ws/install/gz_ros2_control:/workspaces/aprs/aprs_ws/install/franka_description:/opt/ros/rolling /usr/bin/cmake --install /workspaces/aprs/aprs_ws/build/moveit_resources_panda_moveit_config
[0.124s] -- Install configuration: ""
[0.125s] -- Up-to-date: /workspaces/aprs/aprs_ws/install/moveit_resources_panda_moveit_config/share/ament_index/resource_index/package_run_dependencies/moveit_resources_panda_moveit_config
[0.125s] -- Up-to-date: /workspaces/aprs/aprs_ws/install/moveit_resources_panda_moveit_config/share/ament_index/resource_index/parent_prefix_path/moveit_resources_panda_moveit_config
[0.125s] -- Up-to-date: /workspaces/aprs/aprs_ws/install/moveit_resources_panda_moveit_config/share/moveit_resources_panda_moveit_config/environment/ament_prefix_path.sh
[0.125s] -- Up-to-date: /workspaces/aprs/aprs_ws/install/moveit_resources_panda_moveit_config/share/moveit_resources_panda_moveit_config/environment/ament_prefix_path.dsv
[0.126s] -- Up-to-date: /workspaces/aprs/aprs_ws/install/moveit_resources_panda_moveit_config/share/moveit_resources_panda_moveit_config/environment/path.sh
[0.128s] -- Up-to-date: /workspaces/aprs/aprs_ws/install/moveit_resources_panda_moveit_config/share/moveit_resources_panda_moveit_config/environment/path.dsv
[0.128s] -- Up-to-date: /workspaces/aprs/aprs_ws/install/moveit_resources_panda_moveit_config/share/moveit_resources_panda_moveit_config/local_setup.bash
[0.128s] -- Up-to-date: /workspaces/aprs/aprs_ws/install/moveit_resources_panda_moveit_config/share/moveit_resources_panda_moveit_config/local_setup.sh
[0.129s] -- Up-to-date: /workspaces/aprs/aprs_ws/install/moveit_resources_panda_moveit_config/share/moveit_resources_panda_moveit_config/local_setup.zsh
[0.129s] -- Up-to-date: /workspaces/aprs/aprs_ws/install/moveit_resources_panda_moveit_config/share/moveit_resources_panda_moveit_config/local_setup.dsv
[0.129s] -- Installing: /workspaces/aprs/aprs_ws/install/moveit_resources_panda_moveit_config/share/moveit_resources_panda_moveit_config/package.dsv
[0.129s] -- Up-to-date: /workspaces/aprs/aprs_ws/install/moveit_resources_panda_moveit_config/share/ament_index/resource_index/packages/moveit_resources_panda_moveit_config
[0.129s] -- Up-to-date: /workspaces/aprs/aprs_ws/install/moveit_resources_panda_moveit_config/share/moveit_resources_panda_moveit_config/cmake/moveit_resources_panda_moveit_configConfig.cmake
[0.129s] -- Up-to-date: /workspaces/aprs/aprs_ws/install/moveit_resources_panda_moveit_config/share/moveit_resources_panda_moveit_config/cmake/moveit_resources_panda_moveit_configConfig-version.cmake
[0.129s] -- Up-to-date: /workspaces/aprs/aprs_ws/install/moveit_resources_panda_moveit_config/share/moveit_resources_panda_moveit_config/package.xml
[0.129s] -- Up-to-date: /workspaces/aprs/aprs_ws/install/moveit_resources_panda_moveit_config/share/moveit_resources_panda_moveit_config/launch
[0.129s] -- Up-to-date: /workspaces/aprs/aprs_ws/install/moveit_resources_panda_moveit_config/share/moveit_resources_panda_moveit_config/launch/demo.launch.py
[0.129s] -- Up-to-date: /workspaces/aprs/aprs_ws/install/moveit_resources_panda_moveit_config/share/moveit_resources_panda_moveit_config/launch/moveit_rviz.launch.py
[0.130s] -- Up-to-date: /workspaces/aprs/aprs_ws/install/moveit_resources_panda_moveit_config/share/moveit_resources_panda_moveit_config/launch/moveit_empty.rviz
[0.130s] -- Up-to-date: /workspaces/aprs/aprs_ws/install/moveit_resources_panda_moveit_config/share/moveit_resources_panda_moveit_config/launch/moveit.rviz
[0.130s] -- Up-to-date: /workspaces/aprs/aprs_ws/install/moveit_resources_panda_moveit_config/share/moveit_resources_panda_moveit_config/config
[0.132s] -- Up-to-date: /workspaces/aprs/aprs_ws/install/moveit_resources_panda_moveit_config/share/moveit_resources_panda_moveit_config/config/kinematics.yaml
[0.132s] -- Up-to-date: /workspaces/aprs/aprs_ws/install/moveit_resources_panda_moveit_config/share/moveit_resources_panda_moveit_config/config/panda_hand.ros2_control.xacro
[0.133s] -- Up-to-date: /workspaces/aprs/aprs_ws/install/moveit_resources_panda_moveit_config/share/moveit_resources_panda_moveit_config/config/moveit_controllers.yaml
[0.133s] -- Up-to-date: /workspaces/aprs/aprs_ws/install/moveit_resources_panda_moveit_config/share/moveit_resources_panda_moveit_config/config/trajopt_planning.yaml
[0.133s] -- Up-to-date: /workspaces/aprs/aprs_ws/install/moveit_resources_panda_moveit_config/share/moveit_resources_panda_moveit_config/config/hand.xacro
[0.133s] -- Up-to-date: /workspaces/aprs/aprs_ws/install/moveit_resources_panda_moveit_config/share/moveit_resources_panda_moveit_config/config/panda.srdf
[0.134s] -- Up-to-date: /workspaces/aprs/aprs_ws/install/moveit_resources_panda_moveit_config/share/moveit_resources_panda_moveit_config/config/gripper_moveit_controllers.yaml
[0.134s] -- Up-to-date: /workspaces/aprs/aprs_ws/install/moveit_resources_panda_moveit_config/share/moveit_resources_panda_moveit_config/config/sensors_kinect_depthmap.yaml
[0.134s] -- Up-to-date: /workspaces/aprs/aprs_ws/install/moveit_resources_panda_moveit_config/share/moveit_resources_panda_moveit_config/config/chomp_planning.yaml
[0.136s] -- Up-to-date: /workspaces/aprs/aprs_ws/install/moveit_resources_panda_moveit_config/share/moveit_resources_panda_moveit_config/config/joint_limits.yaml
[0.136s] -- Up-to-date: /workspaces/aprs/aprs_ws/install/moveit_resources_panda_moveit_config/share/moveit_resources_panda_moveit_config/config/panda.ros2_control.xacro
[0.136s] -- Up-to-date: /workspaces/aprs/aprs_ws/install/moveit_resources_panda_moveit_config/share/moveit_resources_panda_moveit_config/config/panda_arm_hand.srdf.xacro
[0.136s] -- Up-to-date: /workspaces/aprs/aprs_ws/install/moveit_resources_panda_moveit_config/share/moveit_resources_panda_moveit_config/config/panda_arm.srdf.xacro
[0.136s] -- Up-to-date: /workspaces/aprs/aprs_ws/install/moveit_resources_panda_moveit_config/share/moveit_resources_panda_moveit_config/config/sensors_kinect_pointcloud.yaml
[0.136s] -- Up-to-date: /workspaces/aprs/aprs_ws/install/moveit_resources_panda_moveit_config/share/moveit_resources_panda_moveit_config/config/lerp_planning.yaml
[0.136s] -- Up-to-date: /workspaces/aprs/aprs_ws/install/moveit_resources_panda_moveit_config/share/moveit_resources_panda_moveit_config/config/pilz_industrial_motion_planner_planning.yaml
[0.136s] -- Up-to-date: /workspaces/aprs/aprs_ws/install/moveit_resources_panda_moveit_config/share/moveit_resources_panda_moveit_config/config/ros2_controllers.yaml
[0.136s] -- Up-to-date: /workspaces/aprs/aprs_ws/install/moveit_resources_panda_moveit_config/share/moveit_resources_panda_moveit_config/config/initial_positions.yaml
[0.137s] -- Up-to-date: /workspaces/aprs/aprs_ws/install/moveit_resources_panda_moveit_config/share/moveit_resources_panda_moveit_config/config/panda_arm.xacro
[0.137s] -- Up-to-date: /workspaces/aprs/aprs_ws/install/moveit_resources_panda_moveit_config/share/moveit_resources_panda_moveit_config/config/panda.urdf.xacro
[0.137s] -- Up-to-date: /workspaces/aprs/aprs_ws/install/moveit_resources_panda_moveit_config/share/moveit_resources_panda_moveit_config/config/pilz_cartesian_limits.yaml
[0.137s] -- Up-to-date: /workspaces/aprs/aprs_ws/install/moveit_resources_panda_moveit_config/share/moveit_resources_panda_moveit_config/config/ompl_planning.yaml
[0.137s] -- Up-to-date: /workspaces/aprs/aprs_ws/install/moveit_resources_panda_moveit_config/share/moveit_resources_panda_moveit_config/.setup_assistant
[0.138s] Invoked command in '/workspaces/aprs/aprs_ws/build/moveit_resources_panda_moveit_config' returned '0': CMAKE_PREFIX_PATH=/workspaces/aprs/aprs_ws/install/moveit_resources_panda_description:/workspaces/aprs/aprs_ws/install/ur_setup:/workspaces/aprs/aprs_ws/install/ur_moveit_config:/workspaces/aprs/aprs_ws/install/ur_gz:/workspaces/aprs/aprs_ws/install/ur_description:/workspaces/aprs/aprs_ws/install/ur:/workspaces/aprs/aprs_ws/install/moveit_resources_panda_moveit_config:/workspaces/aprs/aprs_ws/install/moveit_resources_fanuc_moveit_config:/workspaces/aprs/aprs_ws/install/moveit_resources_fanuc_description:/workspaces/aprs/aprs_ws/install/gz_ros2_control_tests:/workspaces/aprs/aprs_ws/install/gz_ros2_control_demos:/workspaces/aprs/aprs_ws/install/franka_gz:/workspaces/aprs/aprs_ws/install/gz_ros2_control:/workspaces/aprs/aprs_ws/install/franka_description:/opt/ros/rolling /usr/bin/cmake --install /workspaces/aprs/aprs_ws/build/moveit_resources_panda_moveit_config
