[0.014s] Invoking command in '/home/aprs/aprs/aprs_ws/build/ign_ros2_control_demos': CMAKE_PREFIX_PATH=/home/aprs/aprs/aprs_ws/install/ign_ros2_control:/home/aprs/aprs/aprs_ws/install/worlds:/home/aprs/aprs/aprs_ws/install/workbench_description:/home/aprs/aprs/aprs_ws/install/vaccum_description:/home/aprs/aprs/aprs_ws/install/ur_setup:/home/aprs/aprs/aprs_ws/install/ur:/home/aprs/aprs/aprs_ws/install/ur_calibration:/home/aprs/aprs/aprs_ws/install/ur_robot_driver:/home/aprs/aprs/aprs_ws/install/ur_bringup:/home/aprs/aprs/aprs_ws/install/ur_controllers:/home/aprs/aprs/aprs_ws/install/ur_msgs:/home/aprs/aprs/aprs_ws/install/ur_moveit_config:/home/aprs/aprs/aprs_ws/install/ur_gz:/home/aprs/aprs/aprs_ws/install/ur_description_gz:/home/aprs/aprs/aprs_ws/install/ur5e_moveit_config:/home/aprs/aprs/aprs_ws/install/panda_moveit_config:/home/aprs/aprs/aprs_ws/install/ur_description:/home/aprs/aprs/aprs_ws/install/ur_dashboard_msgs:/home/aprs/aprs/aprs_ws/install/ur_client_library:/home/aprs/aprs/aprs_ws/install/table_description:/home/aprs/aprs/aprs_ws/install/point_cloud:/home/aprs/aprs/aprs_ws/install/gear_place:/home/aprs/aprs/aprs_ws/install/realsense2_description:/home/aprs/aprs/aprs_ws/install/realsense2_camera:/home/aprs/aprs/aprs_ws/install/realsense2_camera_msgs:/home/aprs/aprs/aprs_ws/install/panda_description:/home/aprs/aprs/aprs_ws/install/ign_ros2_control_demos:/home/aprs/aprs/aprs_ws/install/gz_ros2_control_tests:/home/aprs/aprs/aprs_ws/install/franka_setup:/home/aprs/aprs/aprs_ws/install/franka_gz:/home/aprs/aprs/aprs_ws/install/fanuc_moveit_config:/home/aprs/aprs/aprs_ws/install/fanuc_description:/home/aprs/aprs/aprs_ws/install/conveyor_interfaces:/home/aprs/aprs/aprs_ws/install/camera_mount:/home/aprs/aprs/aprs_ws/install/conveyor_controller:/opt/ros/humble GZ_MODEL_PATH=/home/aprs/aprs/aprs_ws/install/ign_ros2_control/share/ign_ros2_control/meshes GZ_SIM_PLUGIn_PATH=/home/aprs/aprs/aprs_ws/install/ign_ros2_control/lib/ign_ros2_control LD_LIBRARY_PATH=/home/aprs/aprs/aprs_ws/install/ign_ros2_control/lib:/home/aprs/aprs/aprs_ws/install/ur_robot_driver/lib:/home/aprs/aprs/aprs_ws/install/ur_controllers/lib:/home/aprs/aprs/aprs_ws/install/ur_msgs/lib:/home/aprs/aprs/aprs_ws/install/ur_dashboard_msgs/lib:/home/aprs/aprs/aprs_ws/install/ur_client_library/lib:/home/aprs/aprs/aprs_ws/install/point_cloud/lib:/home/aprs/aprs/aprs_ws/install/realsense2_camera/lib:/home/aprs/aprs/aprs_ws/install/realsense2_camera_msgs/lib:/home/aprs/aprs/aprs_ws/install/conveyor_interfaces/lib:/opt/ros/humble/opt/rviz_ogre_vendor/lib:/opt/ros/humble/lib/x86_64-linux-gnu:/opt/ros/humble/lib /usr/bin/cmake /home/aprs/aprs/aprs_ws/src/gz_ros2_control/ign_ros2_control_demos -DCMAKE_INSTALL_PREFIX=/home/aprs/aprs/aprs_ws/install/ign_ros2_control_demos
[0.063s] -- The C compiler identification is GNU 11.4.0
[0.114s] -- The CXX compiler identification is GNU 11.4.0
[0.121s] -- Detecting C compiler ABI info
[0.185s] -- Detecting C compiler ABI info - done
[0.192s] -- Check for working C compiler: /usr/bin/cc - skipped
[0.192s] -- Detecting C compile features
[0.192s] -- Detecting C compile features - done
[0.195s] -- Detecting CXX compiler ABI info
[0.267s] -- Detecting CXX compiler ABI info - done
[0.275s] -- Check for working CXX compiler: /usr/bin/c++ - skipped
[0.275s] -- Detecting CXX compile features
[0.275s] -- Detecting CXX compile features - done
[0.280s] -- Found ament_cmake: 1.3.5 (/opt/ros/humble/share/ament_cmake/cmake)
[0.486s] -- Found Python3: /usr/bin/python3.10 (found version "3.10.12") found components: Interpreter 
[0.583s] -- Found control_msgs: 4.4.0 (/opt/ros/humble/share/control_msgs/cmake)
[0.629s] -- Found rosidl_generator_c: 3.1.5 (/opt/ros/humble/share/rosidl_generator_c/cmake)
[0.635s] -- Found rosidl_adapter: 3.1.5 (/opt/ros/humble/share/rosidl_adapter/cmake)
[0.644s] -- Found rosidl_generator_cpp: 3.1.5 (/opt/ros/humble/share/rosidl_generator_cpp/cmake)
[0.656s] -- Using all available rosidl_typesupport_c: rosidl_typesupport_fastrtps_c;rosidl_typesupport_introspection_c
[0.673s] -- Using all available rosidl_typesupport_cpp: rosidl_typesupport_fastrtps_cpp;rosidl_typesupport_introspection_cpp
[1.028s] -- Found rclcpp: 16.0.5 (/opt/ros/humble/share/rclcpp/cmake)
[1.080s] -- Found rmw_implementation_cmake: 6.1.1 (/opt/ros/humble/share/rmw_implementation_cmake/cmake)
[1.084s] -- Found rmw_fastrtps_cpp: 6.2.3 (/opt/ros/humble/share/rmw_fastrtps_cpp/cmake)
[1.170s] -- Found OpenSSL: /usr/lib/x86_64-linux-gnu/libcrypto.so (found version "3.0.2")  
[1.199s] -- Found FastRTPS: /opt/ros/humble/include  
[1.256s] -- Using RMW implementation 'rmw_fastrtps_cpp' as default
[1.281s] -- Looking for pthread.h
[1.335s] -- Looking for pthread.h - found
[1.335s] -- Performing Test CMAKE_HAVE_LIBC_PTHREAD
[1.385s] -- Performing Test CMAKE_HAVE_LIBC_PTHREAD - Success
[1.386s] -- Found Threads: TRUE  
[1.512s] -- Found rclcpp_action: 16.0.5 (/opt/ros/humble/share/rclcpp_action/cmake)
[1.556s] -- Found ament_cmake_gtest: 1.3.5 (/opt/ros/humble/share/ament_cmake_gtest/cmake)
[1.560s] -- Found ament_lint_auto: 0.12.7 (/opt/ros/humble/share/ament_lint_auto/cmake)
[1.637s] -- Added test 'copyright' to check source files copyright and LICENSE
[1.639s] -- Added test 'cppcheck' to perform static code analysis on C / C++ code
[1.639s] -- Configured cppcheck include dirs: 
[1.640s] -- Configured cppcheck exclude dirs and/or files: 
[1.641s] -- Added test 'cpplint' to check C / C++ code against the Google style
[1.641s] -- Configured cpplint exclude dirs and/or files: 
[1.642s] -- Added test 'flake8' to check Python code syntax and style conventions
[1.643s] -- Added test 'lint_cmake' to check CMake code style
[1.644s] -- Added test 'pep257' to check Python code against some of the docstring style conventions in PEP 257
[1.646s] -- Added test 'uncrustify' to check C / C++ code style
[1.646s] -- Configured uncrustify additional arguments: 
[1.647s] -- Added test 'xmllint' to check XML markup files
[1.649s] -- Configuring done
[1.672s] -- Generating done
[1.674s] -- Build files have been written to: /home/aprs/aprs/aprs_ws/build/ign_ros2_control_demos
[1.686s] Invoked command in '/home/aprs/aprs/aprs_ws/build/ign_ros2_control_demos' returned '0': CMAKE_PREFIX_PATH=/home/aprs/aprs/aprs_ws/install/ign_ros2_control:/home/aprs/aprs/aprs_ws/install/worlds:/home/aprs/aprs/aprs_ws/install/workbench_description:/home/aprs/aprs/aprs_ws/install/vaccum_description:/home/aprs/aprs/aprs_ws/install/ur_setup:/home/aprs/aprs/aprs_ws/install/ur:/home/aprs/aprs/aprs_ws/install/ur_calibration:/home/aprs/aprs/aprs_ws/install/ur_robot_driver:/home/aprs/aprs/aprs_ws/install/ur_bringup:/home/aprs/aprs/aprs_ws/install/ur_controllers:/home/aprs/aprs/aprs_ws/install/ur_msgs:/home/aprs/aprs/aprs_ws/install/ur_moveit_config:/home/aprs/aprs/aprs_ws/install/ur_gz:/home/aprs/aprs/aprs_ws/install/ur_description_gz:/home/aprs/aprs/aprs_ws/install/ur5e_moveit_config:/home/aprs/aprs/aprs_ws/install/panda_moveit_config:/home/aprs/aprs/aprs_ws/install/ur_description:/home/aprs/aprs/aprs_ws/install/ur_dashboard_msgs:/home/aprs/aprs/aprs_ws/install/ur_client_library:/home/aprs/aprs/aprs_ws/install/table_description:/home/aprs/aprs/aprs_ws/install/point_cloud:/home/aprs/aprs/aprs_ws/install/gear_place:/home/aprs/aprs/aprs_ws/install/realsense2_description:/home/aprs/aprs/aprs_ws/install/realsense2_camera:/home/aprs/aprs/aprs_ws/install/realsense2_camera_msgs:/home/aprs/aprs/aprs_ws/install/panda_description:/home/aprs/aprs/aprs_ws/install/ign_ros2_control_demos:/home/aprs/aprs/aprs_ws/install/gz_ros2_control_tests:/home/aprs/aprs/aprs_ws/install/franka_setup:/home/aprs/aprs/aprs_ws/install/franka_gz:/home/aprs/aprs/aprs_ws/install/fanuc_moveit_config:/home/aprs/aprs/aprs_ws/install/fanuc_description:/home/aprs/aprs/aprs_ws/install/conveyor_interfaces:/home/aprs/aprs/aprs_ws/install/camera_mount:/home/aprs/aprs/aprs_ws/install/conveyor_controller:/opt/ros/humble GZ_MODEL_PATH=/home/aprs/aprs/aprs_ws/install/ign_ros2_control/share/ign_ros2_control/meshes GZ_SIM_PLUGIn_PATH=/home/aprs/aprs/aprs_ws/install/ign_ros2_control/lib/ign_ros2_control LD_LIBRARY_PATH=/home/aprs/aprs/aprs_ws/install/ign_ros2_control/lib:/home/aprs/aprs/aprs_ws/install/ur_robot_driver/lib:/home/aprs/aprs/aprs_ws/install/ur_controllers/lib:/home/aprs/aprs/aprs_ws/install/ur_msgs/lib:/home/aprs/aprs/aprs_ws/install/ur_dashboard_msgs/lib:/home/aprs/aprs/aprs_ws/install/ur_client_library/lib:/home/aprs/aprs/aprs_ws/install/point_cloud/lib:/home/aprs/aprs/aprs_ws/install/realsense2_camera/lib:/home/aprs/aprs/aprs_ws/install/realsense2_camera_msgs/lib:/home/aprs/aprs/aprs_ws/install/conveyor_interfaces/lib:/opt/ros/humble/opt/rviz_ogre_vendor/lib:/opt/ros/humble/lib/x86_64-linux-gnu:/opt/ros/humble/lib /usr/bin/cmake /home/aprs/aprs/aprs_ws/src/gz_ros2_control/ign_ros2_control_demos -DCMAKE_INSTALL_PREFIX=/home/aprs/aprs/aprs_ws/install/ign_ros2_control_demos
[1.688s] Invoking command in '/home/aprs/aprs/aprs_ws/build/ign_ros2_control_demos': CMAKE_PREFIX_PATH=/home/aprs/aprs/aprs_ws/install/ign_ros2_control:/home/aprs/aprs/aprs_ws/install/worlds:/home/aprs/aprs/aprs_ws/install/workbench_description:/home/aprs/aprs/aprs_ws/install/vaccum_description:/home/aprs/aprs/aprs_ws/install/ur_setup:/home/aprs/aprs/aprs_ws/install/ur:/home/aprs/aprs/aprs_ws/install/ur_calibration:/home/aprs/aprs/aprs_ws/install/ur_robot_driver:/home/aprs/aprs/aprs_ws/install/ur_bringup:/home/aprs/aprs/aprs_ws/install/ur_controllers:/home/aprs/aprs/aprs_ws/install/ur_msgs:/home/aprs/aprs/aprs_ws/install/ur_moveit_config:/home/aprs/aprs/aprs_ws/install/ur_gz:/home/aprs/aprs/aprs_ws/install/ur_description_gz:/home/aprs/aprs/aprs_ws/install/ur5e_moveit_config:/home/aprs/aprs/aprs_ws/install/panda_moveit_config:/home/aprs/aprs/aprs_ws/install/ur_description:/home/aprs/aprs/aprs_ws/install/ur_dashboard_msgs:/home/aprs/aprs/aprs_ws/install/ur_client_library:/home/aprs/aprs/aprs_ws/install/table_description:/home/aprs/aprs/aprs_ws/install/point_cloud:/home/aprs/aprs/aprs_ws/install/gear_place:/home/aprs/aprs/aprs_ws/install/realsense2_description:/home/aprs/aprs/aprs_ws/install/realsense2_camera:/home/aprs/aprs/aprs_ws/install/realsense2_camera_msgs:/home/aprs/aprs/aprs_ws/install/panda_description:/home/aprs/aprs/aprs_ws/install/ign_ros2_control_demos:/home/aprs/aprs/aprs_ws/install/gz_ros2_control_tests:/home/aprs/aprs/aprs_ws/install/franka_setup:/home/aprs/aprs/aprs_ws/install/franka_gz:/home/aprs/aprs/aprs_ws/install/fanuc_moveit_config:/home/aprs/aprs/aprs_ws/install/fanuc_description:/home/aprs/aprs/aprs_ws/install/conveyor_interfaces:/home/aprs/aprs/aprs_ws/install/camera_mount:/home/aprs/aprs/aprs_ws/install/conveyor_controller:/opt/ros/humble GZ_MODEL_PATH=/home/aprs/aprs/aprs_ws/install/ign_ros2_control/share/ign_ros2_control/meshes GZ_SIM_PLUGIn_PATH=/home/aprs/aprs/aprs_ws/install/ign_ros2_control/lib/ign_ros2_control LD_LIBRARY_PATH=/home/aprs/aprs/aprs_ws/install/ign_ros2_control/lib:/home/aprs/aprs/aprs_ws/install/ur_robot_driver/lib:/home/aprs/aprs/aprs_ws/install/ur_controllers/lib:/home/aprs/aprs/aprs_ws/install/ur_msgs/lib:/home/aprs/aprs/aprs_ws/install/ur_dashboard_msgs/lib:/home/aprs/aprs/aprs_ws/install/ur_client_library/lib:/home/aprs/aprs/aprs_ws/install/point_cloud/lib:/home/aprs/aprs/aprs_ws/install/realsense2_camera/lib:/home/aprs/aprs/aprs_ws/install/realsense2_camera_msgs/lib:/home/aprs/aprs/aprs_ws/install/conveyor_interfaces/lib:/opt/ros/humble/opt/rviz_ogre_vendor/lib:/opt/ros/humble/lib/x86_64-linux-gnu:/opt/ros/humble/lib /usr/bin/cmake --build /home/aprs/aprs/aprs_ws/build/ign_ros2_control_demos -- -j16 -l16
[1.722s] [  8%] [32mBuilding CXX object CMakeFiles/example_position.dir/examples/example_position.cpp.o[0m
[4.632s] [ 16%] [32m[1mLinking CXX executable example_position[0m
[4.762s] [ 16%] Built target example_position
[4.774s] [ 25%] [32mBuilding CXX object CMakeFiles/example_gripper.dir/examples/example_gripper.cpp.o[0m
[7.092s] [ 33%] [32m[1mLinking CXX executable example_gripper[0m
[7.197s] [ 33%] Built target example_gripper
[7.209s] [ 41%] [32mBuilding CXX object CMakeFiles/example_tricycle_drive.dir/examples/example_tricycle_drive.cpp.o[0m
[10.025s] [ 50%] [32m[1mLinking CXX executable example_tricycle_drive[0m
[10.131s] [ 50%] Built target example_tricycle_drive
[10.145s] [ 58%] [32mBuilding CXX object CMakeFiles/example_diff_drive.dir/examples/example_diff_drive.cpp.o[0m
[12.357s] [ 66%] [32m[1mLinking CXX executable example_diff_drive[0m
[12.460s] [ 66%] Built target example_diff_drive
[12.473s] [ 83%] [32mBuilding CXX object CMakeFiles/example_effort.dir/examples/example_effort.cpp.o[0m
[12.473s] [ 83%] [32mBuilding CXX object CMakeFiles/example_velocity.dir/examples/example_velocity.cpp.o[0m
[15.075s] [ 91%] [32m[1mLinking CXX executable example_velocity[0m
[15.087s] [100%] [32m[1mLinking CXX executable example_effort[0m
[15.184s] [100%] Built target example_velocity
[15.193s] [100%] Built target example_effort
[15.200s] Invoked command in '/home/aprs/aprs/aprs_ws/build/ign_ros2_control_demos' returned '0': CMAKE_PREFIX_PATH=/home/aprs/aprs/aprs_ws/install/ign_ros2_control:/home/aprs/aprs/aprs_ws/install/worlds:/home/aprs/aprs/aprs_ws/install/workbench_description:/home/aprs/aprs/aprs_ws/install/vaccum_description:/home/aprs/aprs/aprs_ws/install/ur_setup:/home/aprs/aprs/aprs_ws/install/ur:/home/aprs/aprs/aprs_ws/install/ur_calibration:/home/aprs/aprs/aprs_ws/install/ur_robot_driver:/home/aprs/aprs/aprs_ws/install/ur_bringup:/home/aprs/aprs/aprs_ws/install/ur_controllers:/home/aprs/aprs/aprs_ws/install/ur_msgs:/home/aprs/aprs/aprs_ws/install/ur_moveit_config:/home/aprs/aprs/aprs_ws/install/ur_gz:/home/aprs/aprs/aprs_ws/install/ur_description_gz:/home/aprs/aprs/aprs_ws/install/ur5e_moveit_config:/home/aprs/aprs/aprs_ws/install/panda_moveit_config:/home/aprs/aprs/aprs_ws/install/ur_description:/home/aprs/aprs/aprs_ws/install/ur_dashboard_msgs:/home/aprs/aprs/aprs_ws/install/ur_client_library:/home/aprs/aprs/aprs_ws/install/table_description:/home/aprs/aprs/aprs_ws/install/point_cloud:/home/aprs/aprs/aprs_ws/install/gear_place:/home/aprs/aprs/aprs_ws/install/realsense2_description:/home/aprs/aprs/aprs_ws/install/realsense2_camera:/home/aprs/aprs/aprs_ws/install/realsense2_camera_msgs:/home/aprs/aprs/aprs_ws/install/panda_description:/home/aprs/aprs/aprs_ws/install/ign_ros2_control_demos:/home/aprs/aprs/aprs_ws/install/gz_ros2_control_tests:/home/aprs/aprs/aprs_ws/install/franka_setup:/home/aprs/aprs/aprs_ws/install/franka_gz:/home/aprs/aprs/aprs_ws/install/fanuc_moveit_config:/home/aprs/aprs/aprs_ws/install/fanuc_description:/home/aprs/aprs/aprs_ws/install/conveyor_interfaces:/home/aprs/aprs/aprs_ws/install/camera_mount:/home/aprs/aprs/aprs_ws/install/conveyor_controller:/opt/ros/humble GZ_MODEL_PATH=/home/aprs/aprs/aprs_ws/install/ign_ros2_control/share/ign_ros2_control/meshes GZ_SIM_PLUGIn_PATH=/home/aprs/aprs/aprs_ws/install/ign_ros2_control/lib/ign_ros2_control LD_LIBRARY_PATH=/home/aprs/aprs/aprs_ws/install/ign_ros2_control/lib:/home/aprs/aprs/aprs_ws/install/ur_robot_driver/lib:/home/aprs/aprs/aprs_ws/install/ur_controllers/lib:/home/aprs/aprs/aprs_ws/install/ur_msgs/lib:/home/aprs/aprs/aprs_ws/install/ur_dashboard_msgs/lib:/home/aprs/aprs/aprs_ws/install/ur_client_library/lib:/home/aprs/aprs/aprs_ws/install/point_cloud/lib:/home/aprs/aprs/aprs_ws/install/realsense2_camera/lib:/home/aprs/aprs/aprs_ws/install/realsense2_camera_msgs/lib:/home/aprs/aprs/aprs_ws/install/conveyor_interfaces/lib:/opt/ros/humble/opt/rviz_ogre_vendor/lib:/opt/ros/humble/lib/x86_64-linux-gnu:/opt/ros/humble/lib /usr/bin/cmake --build /home/aprs/aprs/aprs_ws/build/ign_ros2_control_demos -- -j16 -l16
[15.226s] Invoking command in '/home/aprs/aprs/aprs_ws/build/ign_ros2_control_demos': CMAKE_PREFIX_PATH=/home/aprs/aprs/aprs_ws/install/ign_ros2_control:/home/aprs/aprs/aprs_ws/install/worlds:/home/aprs/aprs/aprs_ws/install/workbench_description:/home/aprs/aprs/aprs_ws/install/vaccum_description:/home/aprs/aprs/aprs_ws/install/ur_setup:/home/aprs/aprs/aprs_ws/install/ur:/home/aprs/aprs/aprs_ws/install/ur_calibration:/home/aprs/aprs/aprs_ws/install/ur_robot_driver:/home/aprs/aprs/aprs_ws/install/ur_bringup:/home/aprs/aprs/aprs_ws/install/ur_controllers:/home/aprs/aprs/aprs_ws/install/ur_msgs:/home/aprs/aprs/aprs_ws/install/ur_moveit_config:/home/aprs/aprs/aprs_ws/install/ur_gz:/home/aprs/aprs/aprs_ws/install/ur_description_gz:/home/aprs/aprs/aprs_ws/install/ur5e_moveit_config:/home/aprs/aprs/aprs_ws/install/panda_moveit_config:/home/aprs/aprs/aprs_ws/install/ur_description:/home/aprs/aprs/aprs_ws/install/ur_dashboard_msgs:/home/aprs/aprs/aprs_ws/install/ur_client_library:/home/aprs/aprs/aprs_ws/install/table_description:/home/aprs/aprs/aprs_ws/install/point_cloud:/home/aprs/aprs/aprs_ws/install/gear_place:/home/aprs/aprs/aprs_ws/install/realsense2_description:/home/aprs/aprs/aprs_ws/install/realsense2_camera:/home/aprs/aprs/aprs_ws/install/realsense2_camera_msgs:/home/aprs/aprs/aprs_ws/install/panda_description:/home/aprs/aprs/aprs_ws/install/ign_ros2_control_demos:/home/aprs/aprs/aprs_ws/install/gz_ros2_control_tests:/home/aprs/aprs/aprs_ws/install/franka_setup:/home/aprs/aprs/aprs_ws/install/franka_gz:/home/aprs/aprs/aprs_ws/install/fanuc_moveit_config:/home/aprs/aprs/aprs_ws/install/fanuc_description:/home/aprs/aprs/aprs_ws/install/conveyor_interfaces:/home/aprs/aprs/aprs_ws/install/camera_mount:/home/aprs/aprs/aprs_ws/install/conveyor_controller:/opt/ros/humble GZ_MODEL_PATH=/home/aprs/aprs/aprs_ws/install/ign_ros2_control/share/ign_ros2_control/meshes GZ_SIM_PLUGIn_PATH=/home/aprs/aprs/aprs_ws/install/ign_ros2_control/lib/ign_ros2_control LD_LIBRARY_PATH=/home/aprs/aprs/aprs_ws/install/ign_ros2_control/lib:/home/aprs/aprs/aprs_ws/install/ur_robot_driver/lib:/home/aprs/aprs/aprs_ws/install/ur_controllers/lib:/home/aprs/aprs/aprs_ws/install/ur_msgs/lib:/home/aprs/aprs/aprs_ws/install/ur_dashboard_msgs/lib:/home/aprs/aprs/aprs_ws/install/ur_client_library/lib:/home/aprs/aprs/aprs_ws/install/point_cloud/lib:/home/aprs/aprs/aprs_ws/install/realsense2_camera/lib:/home/aprs/aprs/aprs_ws/install/realsense2_camera_msgs/lib:/home/aprs/aprs/aprs_ws/install/conveyor_interfaces/lib:/opt/ros/humble/opt/rviz_ogre_vendor/lib:/opt/ros/humble/lib/x86_64-linux-gnu:/opt/ros/humble/lib /usr/bin/cmake --install /home/aprs/aprs/aprs_ws/build/ign_ros2_control_demos
[15.230s] -- Install configuration: ""
[15.230s] -- Installing: /home/aprs/aprs/aprs_ws/install/ign_ros2_control_demos/share/ign_ros2_control_demos//launch
[15.230s] -- Installing: /home/aprs/aprs/aprs_ws/install/ign_ros2_control_demos/share/ign_ros2_control_demos//launch/cart_example_velocity.launch.py
[15.230s] -- Installing: /home/aprs/aprs/aprs_ws/install/ign_ros2_control_demos/share/ign_ros2_control_demos//launch/tricycle_drive_example.launch.py
[15.230s] -- Installing: /home/aprs/aprs/aprs_ws/install/ign_ros2_control_demos/share/ign_ros2_control_demos//launch/cart_example_position.launch.py
[15.230s] -- Installing: /home/aprs/aprs/aprs_ws/install/ign_ros2_control_demos/share/ign_ros2_control_demos//launch/diff_drive_example.launch.py
[15.230s] -- Installing: /home/aprs/aprs/aprs_ws/install/ign_ros2_control_demos/share/ign_ros2_control_demos//launch/cart_example_effort.launch.py
[15.230s] -- Installing: /home/aprs/aprs/aprs_ws/install/ign_ros2_control_demos/share/ign_ros2_control_demos//launch/gripper_mimic_joint_example.launch.py
[15.230s] -- Installing: /home/aprs/aprs/aprs_ws/install/ign_ros2_control_demos/share/ign_ros2_control_demos//config
[15.230s] -- Installing: /home/aprs/aprs/aprs_ws/install/ign_ros2_control_demos/share/ign_ros2_control_demos//config/diff_drive_controller_velocity.yaml
[15.230s] -- Installing: /home/aprs/aprs/aprs_ws/install/ign_ros2_control_demos/share/ign_ros2_control_demos//config/cartpole_controller_effort.yaml
[15.231s] -- Installing: /home/aprs/aprs/aprs_ws/install/ign_ros2_control_demos/share/ign_ros2_control_demos//config/tricycle_drive_controller.yaml
[15.231s] -- Installing: /home/aprs/aprs/aprs_ws/install/ign_ros2_control_demos/share/ign_ros2_control_demos//config/cartpole_controller_velocity.yaml
[15.231s] -- Installing: /home/aprs/aprs/aprs_ws/install/ign_ros2_control_demos/share/ign_ros2_control_demos//config/cartpole_controller_position.yaml
[15.231s] -- Installing: /home/aprs/aprs/aprs_ws/install/ign_ros2_control_demos/share/ign_ros2_control_demos//config/gripper_controller.yaml
[15.231s] -- Installing: /home/aprs/aprs/aprs_ws/install/ign_ros2_control_demos/share/ign_ros2_control_demos//urdf
[15.231s] -- Installing: /home/aprs/aprs/aprs_ws/install/ign_ros2_control_demos/share/ign_ros2_control_demos//urdf/test_cart_effort.xacro.urdf
[15.231s] -- Installing: /home/aprs/aprs/aprs_ws/install/ign_ros2_control_demos/share/ign_ros2_control_demos//urdf/test_tricycle_drive.xacro.urdf
[15.231s] -- Installing: /home/aprs/aprs/aprs_ws/install/ign_ros2_control_demos/share/ign_ros2_control_demos//urdf/test_diff_drive.xacro.urdf
[15.232s] -- Installing: /home/aprs/aprs/aprs_ws/install/ign_ros2_control_demos/share/ign_ros2_control_demos//urdf/test_cart_position.xacro.urdf
[15.232s] -- Installing: /home/aprs/aprs/aprs_ws/install/ign_ros2_control_demos/share/ign_ros2_control_demos//urdf/test_gripper_mimic_joint.xacro.urdf
[15.232s] -- Installing: /home/aprs/aprs/aprs_ws/install/ign_ros2_control_demos/share/ign_ros2_control_demos//urdf/test_cart_velocity.xacro.urdf
[15.232s] -- Installing: /home/aprs/aprs/aprs_ws/install/ign_ros2_control_demos/lib/ign_ros2_control_demos/example_position
[15.233s] -- Set runtime path of "/home/aprs/aprs/aprs_ws/install/ign_ros2_control_demos/lib/ign_ros2_control_demos/example_position" to ""
[15.233s] -- Installing: /home/aprs/aprs/aprs_ws/install/ign_ros2_control_demos/lib/ign_ros2_control_demos/example_velocity
[15.234s] -- Set runtime path of "/home/aprs/aprs/aprs_ws/install/ign_ros2_control_demos/lib/ign_ros2_control_demos/example_velocity" to ""
[15.234s] -- Installing: /home/aprs/aprs/aprs_ws/install/ign_ros2_control_demos/lib/ign_ros2_control_demos/example_effort
[15.234s] -- Set runtime path of "/home/aprs/aprs/aprs_ws/install/ign_ros2_control_demos/lib/ign_ros2_control_demos/example_effort" to ""
[15.234s] -- Installing: /home/aprs/aprs/aprs_ws/install/ign_ros2_control_demos/lib/ign_ros2_control_demos/example_diff_drive
[15.235s] -- Set runtime path of "/home/aprs/aprs/aprs_ws/install/ign_ros2_control_demos/lib/ign_ros2_control_demos/example_diff_drive" to ""
[15.235s] -- Installing: /home/aprs/aprs/aprs_ws/install/ign_ros2_control_demos/lib/ign_ros2_control_demos/example_tricycle_drive
[15.236s] -- Set runtime path of "/home/aprs/aprs/aprs_ws/install/ign_ros2_control_demos/lib/ign_ros2_control_demos/example_tricycle_drive" to ""
[15.236s] -- Installing: /home/aprs/aprs/aprs_ws/install/ign_ros2_control_demos/lib/ign_ros2_control_demos/example_gripper
[15.237s] -- Set runtime path of "/home/aprs/aprs/aprs_ws/install/ign_ros2_control_demos/lib/ign_ros2_control_demos/example_gripper" to ""
[15.237s] -- Installing: /home/aprs/aprs/aprs_ws/install/ign_ros2_control_demos/share/ament_index/resource_index/package_run_dependencies/ign_ros2_control_demos
[15.237s] -- Installing: /home/aprs/aprs/aprs_ws/install/ign_ros2_control_demos/share/ament_index/resource_index/parent_prefix_path/ign_ros2_control_demos
[15.237s] -- Installing: /home/aprs/aprs/aprs_ws/install/ign_ros2_control_demos/share/ign_ros2_control_demos/environment/ament_prefix_path.sh
[15.237s] -- Installing: /home/aprs/aprs/aprs_ws/install/ign_ros2_control_demos/share/ign_ros2_control_demos/environment/ament_prefix_path.dsv
[15.237s] -- Installing: /home/aprs/aprs/aprs_ws/install/ign_ros2_control_demos/share/ign_ros2_control_demos/environment/path.sh
[15.237s] -- Installing: /home/aprs/aprs/aprs_ws/install/ign_ros2_control_demos/share/ign_ros2_control_demos/environment/path.dsv
[15.237s] -- Installing: /home/aprs/aprs/aprs_ws/install/ign_ros2_control_demos/share/ign_ros2_control_demos/local_setup.bash
[15.237s] -- Installing: /home/aprs/aprs/aprs_ws/install/ign_ros2_control_demos/share/ign_ros2_control_demos/local_setup.sh
[15.237s] -- Installing: /home/aprs/aprs/aprs_ws/install/ign_ros2_control_demos/share/ign_ros2_control_demos/local_setup.zsh
[15.237s] -- Installing: /home/aprs/aprs/aprs_ws/install/ign_ros2_control_demos/share/ign_ros2_control_demos/local_setup.dsv
[15.237s] -- Installing: /home/aprs/aprs/aprs_ws/install/ign_ros2_control_demos/share/ign_ros2_control_demos/package.dsv
[15.237s] -- Installing: /home/aprs/aprs/aprs_ws/install/ign_ros2_control_demos/share/ament_index/resource_index/packages/ign_ros2_control_demos
[15.237s] -- Installing: /home/aprs/aprs/aprs_ws/install/ign_ros2_control_demos/share/ign_ros2_control_demos/cmake/ign_ros2_control_demosConfig.cmake
[15.238s] -- Installing: /home/aprs/aprs/aprs_ws/install/ign_ros2_control_demos/share/ign_ros2_control_demos/cmake/ign_ros2_control_demosConfig-version.cmake
[15.238s] -- Installing: /home/aprs/aprs/aprs_ws/install/ign_ros2_control_demos/share/ign_ros2_control_demos/package.xml
[15.240s] Invoked command in '/home/aprs/aprs/aprs_ws/build/ign_ros2_control_demos' returned '0': CMAKE_PREFIX_PATH=/home/aprs/aprs/aprs_ws/install/ign_ros2_control:/home/aprs/aprs/aprs_ws/install/worlds:/home/aprs/aprs/aprs_ws/install/workbench_description:/home/aprs/aprs/aprs_ws/install/vaccum_description:/home/aprs/aprs/aprs_ws/install/ur_setup:/home/aprs/aprs/aprs_ws/install/ur:/home/aprs/aprs/aprs_ws/install/ur_calibration:/home/aprs/aprs/aprs_ws/install/ur_robot_driver:/home/aprs/aprs/aprs_ws/install/ur_bringup:/home/aprs/aprs/aprs_ws/install/ur_controllers:/home/aprs/aprs/aprs_ws/install/ur_msgs:/home/aprs/aprs/aprs_ws/install/ur_moveit_config:/home/aprs/aprs/aprs_ws/install/ur_gz:/home/aprs/aprs/aprs_ws/install/ur_description_gz:/home/aprs/aprs/aprs_ws/install/ur5e_moveit_config:/home/aprs/aprs/aprs_ws/install/panda_moveit_config:/home/aprs/aprs/aprs_ws/install/ur_description:/home/aprs/aprs/aprs_ws/install/ur_dashboard_msgs:/home/aprs/aprs/aprs_ws/install/ur_client_library:/home/aprs/aprs/aprs_ws/install/table_description:/home/aprs/aprs/aprs_ws/install/point_cloud:/home/aprs/aprs/aprs_ws/install/gear_place:/home/aprs/aprs/aprs_ws/install/realsense2_description:/home/aprs/aprs/aprs_ws/install/realsense2_camera:/home/aprs/aprs/aprs_ws/install/realsense2_camera_msgs:/home/aprs/aprs/aprs_ws/install/panda_description:/home/aprs/aprs/aprs_ws/install/ign_ros2_control_demos:/home/aprs/aprs/aprs_ws/install/gz_ros2_control_tests:/home/aprs/aprs/aprs_ws/install/franka_setup:/home/aprs/aprs/aprs_ws/install/franka_gz:/home/aprs/aprs/aprs_ws/install/fanuc_moveit_config:/home/aprs/aprs/aprs_ws/install/fanuc_description:/home/aprs/aprs/aprs_ws/install/conveyor_interfaces:/home/aprs/aprs/aprs_ws/install/camera_mount:/home/aprs/aprs/aprs_ws/install/conveyor_controller:/opt/ros/humble GZ_MODEL_PATH=/home/aprs/aprs/aprs_ws/install/ign_ros2_control/share/ign_ros2_control/meshes GZ_SIM_PLUGIn_PATH=/home/aprs/aprs/aprs_ws/install/ign_ros2_control/lib/ign_ros2_control LD_LIBRARY_PATH=/home/aprs/aprs/aprs_ws/install/ign_ros2_control/lib:/home/aprs/aprs/aprs_ws/install/ur_robot_driver/lib:/home/aprs/aprs/aprs_ws/install/ur_controllers/lib:/home/aprs/aprs/aprs_ws/install/ur_msgs/lib:/home/aprs/aprs/aprs_ws/install/ur_dashboard_msgs/lib:/home/aprs/aprs/aprs_ws/install/ur_client_library/lib:/home/aprs/aprs/aprs_ws/install/point_cloud/lib:/home/aprs/aprs/aprs_ws/install/realsense2_camera/lib:/home/aprs/aprs/aprs_ws/install/realsense2_camera_msgs/lib:/home/aprs/aprs/aprs_ws/install/conveyor_interfaces/lib:/opt/ros/humble/opt/rviz_ogre_vendor/lib:/opt/ros/humble/lib/x86_64-linux-gnu:/opt/ros/humble/lib /usr/bin/cmake --install /home/aprs/aprs/aprs_ws/build/ign_ros2_control_demos
