[0.630s] Invoking command in '/workspaces/aprs/aprs_ws/build/panda_moveit_config': CMAKE_PREFIX_PATH=/workspaces/aprs/aprs_ws/install/ur_description:/workspaces/aprs/aprs_ws/install/panda_description:/workspaces/aprs/aprs_ws/install/worlds:/workspaces/aprs/aprs_ws/install/workbench_description:/workspaces/aprs/aprs_ws/install/vaccum_description:/workspaces/aprs/aprs_ws/install/ur_setup:/workspaces/aprs/aprs_ws/install/ur:/workspaces/aprs/aprs_ws/install/ur_calibration:/workspaces/aprs/aprs_ws/install/ur_robot_driver:/workspaces/aprs/aprs_ws/install/ur_bringup:/workspaces/aprs/aprs_ws/install/ur_controllers:/workspaces/aprs/aprs_ws/install/ur_msgs:/workspaces/aprs/aprs_ws/install/ur_moveit_config:/workspaces/aprs/aprs_ws/install/ur_gz:/workspaces/aprs/aprs_ws/install/ur_description__:/workspaces/aprs/aprs_ws/install/ur5e_moveit_config:/workspaces/aprs/aprs_ws/install/panda_moveit_config:/workspaces/aprs/aprs_ws/install/ur_dashboard_msgs:/workspaces/aprs/aprs_ws/install/ur_client_library:/workspaces/aprs/aprs_ws/install/table_description:/workspaces/aprs/aprs_ws/install/point_cloud:/workspaces/aprs/aprs_ws/install/realsense2_description:/workspaces/aprs/aprs_ws/install/realsense2_camera:/workspaces/aprs/aprs_ws/install/realsense2_camera_msgs:/workspaces/aprs/aprs_ws/install/ign_ros2_control_demos:/workspaces/aprs/aprs_ws/install/gz_ros2_control_tests:/workspaces/aprs/aprs_ws/install/ign_ros2_control:/workspaces/aprs/aprs_ws/install/franka_setup:/workspaces/aprs/aprs_ws/install/franka_gz:/workspaces/aprs/aprs_ws/install/fanuc_moveit_config:/workspaces/aprs/aprs_ws/install/fanuc_description:/workspaces/aprs/aprs_ws/install/camera_mount:/workspaces/aprs/aprs_ws/install/aprs_lab:/workspaces/aprs/aprs_ws/install/aprs_gazebo:/opt/ros/humble GZ_MODEL_PATH=/workspaces/aprs/aprs_ws/install/panda_description/share/panda_description/meshes GZ_SIM_PLUGIn_PATH=/workspaces/aprs/aprs_ws/install/panda_description/lib/panda_description GZ_SIM_RESOURCE_PATH=/workspaces/aprs/aprs_ws/install/panda_description/share:${GZ_SIM_RESOURCE_PATH} /usr/bin/cmake --build /workspaces/aprs/aprs_ws/build/panda_moveit_config -- -j16 -l16
[0.693s] Built target ament_cmake_python_copy_panda_moveit_config
[0.919s] running install_scripts
[0.922s] /usr/lib/python3/dist-packages/setuptools/command/install.py:34: SetuptoolsDeprecationWarning: setup.py install is deprecated. Use build and pip and other standards-based tools.
[0.922s]   warnings.warn(
[0.936s] running egg_info
[0.937s] writing panda_moveit_config.egg-info/PKG-INFO
[0.938s] writing dependency_links to panda_moveit_config.egg-info/dependency_links.txt
[0.942s] writing top-level names to panda_moveit_config.egg-info/top_level.txt
[0.943s] reading manifest file 'panda_moveit_config.egg-info/SOURCES.txt'
[0.945s] writing manifest file 'panda_moveit_config.egg-info/SOURCES.txt'
[0.957s] running egg_info
[0.959s] writing panda_moveit_config.egg-info/PKG-INFO
[0.959s] writing dependency_links to panda_moveit_config.egg-info/dependency_links.txt
[0.959s] writing top-level names to panda_moveit_config.egg-info/top_level.txt
[0.963s] reading manifest file 'panda_moveit_config.egg-info/SOURCES.txt'
[0.963s] writing manifest file 'panda_moveit_config.egg-info/SOURCES.txt'
[1.013s] Built target ament_cmake_python_build_panda_moveit_config_egg
[1.030s] Built target ament_cmake_python_build_panda_moveit_config_scripts
[1.204s] Invoked command in '/workspaces/aprs/aprs_ws/build/panda_moveit_config' returned '0': CMAKE_PREFIX_PATH=/workspaces/aprs/aprs_ws/install/ur_description:/workspaces/aprs/aprs_ws/install/panda_description:/workspaces/aprs/aprs_ws/install/worlds:/workspaces/aprs/aprs_ws/install/workbench_description:/workspaces/aprs/aprs_ws/install/vaccum_description:/workspaces/aprs/aprs_ws/install/ur_setup:/workspaces/aprs/aprs_ws/install/ur:/workspaces/aprs/aprs_ws/install/ur_calibration:/workspaces/aprs/aprs_ws/install/ur_robot_driver:/workspaces/aprs/aprs_ws/install/ur_bringup:/workspaces/aprs/aprs_ws/install/ur_controllers:/workspaces/aprs/aprs_ws/install/ur_msgs:/workspaces/aprs/aprs_ws/install/ur_moveit_config:/workspaces/aprs/aprs_ws/install/ur_gz:/workspaces/aprs/aprs_ws/install/ur_description__:/workspaces/aprs/aprs_ws/install/ur5e_moveit_config:/workspaces/aprs/aprs_ws/install/panda_moveit_config:/workspaces/aprs/aprs_ws/install/ur_dashboard_msgs:/workspaces/aprs/aprs_ws/install/ur_client_library:/workspaces/aprs/aprs_ws/install/table_description:/workspaces/aprs/aprs_ws/install/point_cloud:/workspaces/aprs/aprs_ws/install/realsense2_description:/workspaces/aprs/aprs_ws/install/realsense2_camera:/workspaces/aprs/aprs_ws/install/realsense2_camera_msgs:/workspaces/aprs/aprs_ws/install/ign_ros2_control_demos:/workspaces/aprs/aprs_ws/install/gz_ros2_control_tests:/workspaces/aprs/aprs_ws/install/ign_ros2_control:/workspaces/aprs/aprs_ws/install/franka_setup:/workspaces/aprs/aprs_ws/install/franka_gz:/workspaces/aprs/aprs_ws/install/fanuc_moveit_config:/workspaces/aprs/aprs_ws/install/fanuc_description:/workspaces/aprs/aprs_ws/install/camera_mount:/workspaces/aprs/aprs_ws/install/aprs_lab:/workspaces/aprs/aprs_ws/install/aprs_gazebo:/opt/ros/humble GZ_MODEL_PATH=/workspaces/aprs/aprs_ws/install/panda_description/share/panda_description/meshes GZ_SIM_PLUGIn_PATH=/workspaces/aprs/aprs_ws/install/panda_description/lib/panda_description GZ_SIM_RESOURCE_PATH=/workspaces/aprs/aprs_ws/install/panda_description/share:${GZ_SIM_RESOURCE_PATH} /usr/bin/cmake --build /workspaces/aprs/aprs_ws/build/panda_moveit_config -- -j16 -l16
[1.888s] Invoking command in '/workspaces/aprs/aprs_ws/build/panda_moveit_config': CMAKE_PREFIX_PATH=/workspaces/aprs/aprs_ws/install/ur_description:/workspaces/aprs/aprs_ws/install/panda_description:/workspaces/aprs/aprs_ws/install/worlds:/workspaces/aprs/aprs_ws/install/workbench_description:/workspaces/aprs/aprs_ws/install/vaccum_description:/workspaces/aprs/aprs_ws/install/ur_setup:/workspaces/aprs/aprs_ws/install/ur:/workspaces/aprs/aprs_ws/install/ur_calibration:/workspaces/aprs/aprs_ws/install/ur_robot_driver:/workspaces/aprs/aprs_ws/install/ur_bringup:/workspaces/aprs/aprs_ws/install/ur_controllers:/workspaces/aprs/aprs_ws/install/ur_msgs:/workspaces/aprs/aprs_ws/install/ur_moveit_config:/workspaces/aprs/aprs_ws/install/ur_gz:/workspaces/aprs/aprs_ws/install/ur_description__:/workspaces/aprs/aprs_ws/install/ur5e_moveit_config:/workspaces/aprs/aprs_ws/install/panda_moveit_config:/workspaces/aprs/aprs_ws/install/ur_dashboard_msgs:/workspaces/aprs/aprs_ws/install/ur_client_library:/workspaces/aprs/aprs_ws/install/table_description:/workspaces/aprs/aprs_ws/install/point_cloud:/workspaces/aprs/aprs_ws/install/realsense2_description:/workspaces/aprs/aprs_ws/install/realsense2_camera:/workspaces/aprs/aprs_ws/install/realsense2_camera_msgs:/workspaces/aprs/aprs_ws/install/ign_ros2_control_demos:/workspaces/aprs/aprs_ws/install/gz_ros2_control_tests:/workspaces/aprs/aprs_ws/install/ign_ros2_control:/workspaces/aprs/aprs_ws/install/franka_setup:/workspaces/aprs/aprs_ws/install/franka_gz:/workspaces/aprs/aprs_ws/install/fanuc_moveit_config:/workspaces/aprs/aprs_ws/install/fanuc_description:/workspaces/aprs/aprs_ws/install/camera_mount:/workspaces/aprs/aprs_ws/install/aprs_lab:/workspaces/aprs/aprs_ws/install/aprs_gazebo:/opt/ros/humble GZ_MODEL_PATH=/workspaces/aprs/aprs_ws/install/panda_description/share/panda_description/meshes GZ_SIM_PLUGIn_PATH=/workspaces/aprs/aprs_ws/install/panda_description/lib/panda_description GZ_SIM_RESOURCE_PATH=/workspaces/aprs/aprs_ws/install/panda_description/share:${GZ_SIM_RESOURCE_PATH} /usr/bin/cmake --install /workspaces/aprs/aprs_ws/build/panda_moveit_config
[2.078s] -- Install configuration: ""
[2.078s] -- Up-to-date: /workspaces/aprs/aprs_ws/install/panda_moveit_config/share/panda_moveit_config/config
[2.078s] -- Up-to-date: /workspaces/aprs/aprs_ws/install/panda_moveit_config/share/panda_moveit_config/config/ompl_planning.yaml
[2.078s] -- Up-to-date: /workspaces/aprs/aprs_ws/install/panda_moveit_config/share/panda_moveit_config/config/moveit_controller_manager.yaml
[2.078s] -- Up-to-date: /workspaces/aprs/aprs_ws/install/panda_moveit_config/share/panda_moveit_config/config/joint_limits.yaml
[2.078s] -- Up-to-date: /workspaces/aprs/aprs_ws/install/panda_moveit_config/share/panda_moveit_config/config/servo.yaml
[2.078s] -- Up-to-date: /workspaces/aprs/aprs_ws/install/panda_moveit_config/share/panda_moveit_config/config/kinematics.yaml
[2.079s] -- Up-to-date: /workspaces/aprs/aprs_ws/install/panda_moveit_config/share/panda_moveit_config/config/controllers_velocity.yaml
[2.079s] -- Up-to-date: /workspaces/aprs/aprs_ws/install/panda_moveit_config/share/panda_moveit_config/config/sensors_pointcloud.yaml
[2.079s] -- Up-to-date: /workspaces/aprs/aprs_ws/install/panda_moveit_config/share/panda_moveit_config/config/controllers_position,velocity.yaml
[2.079s] -- Up-to-date: /workspaces/aprs/aprs_ws/install/panda_moveit_config/share/panda_moveit_config/config/controllers.yaml
[2.079s] -- Up-to-date: /workspaces/aprs/aprs_ws/install/panda_moveit_config/share/panda_moveit_config/config/controllers_effort.yaml
[2.079s] -- Up-to-date: /workspaces/aprs/aprs_ws/install/panda_moveit_config/share/panda_moveit_config/config/controllers_position.yaml
[2.079s] -- Up-to-date: /workspaces/aprs/aprs_ws/install/panda_moveit_config/share/panda_moveit_config/launch
[2.079s] -- Up-to-date: /workspaces/aprs/aprs_ws/install/panda_moveit_config/share/panda_moveit_config/launch/franka_moveit.launch.py
[2.079s] -- Up-to-date: /workspaces/aprs/aprs_ws/install/panda_moveit_config/share/panda_moveit_config/rviz
[2.079s] -- Up-to-date: /workspaces/aprs/aprs_ws/install/panda_moveit_config/share/panda_moveit_config/rviz/moveit.rviz
[2.079s] -- Up-to-date: /workspaces/aprs/aprs_ws/install/panda_moveit_config/share/panda_moveit_config/srdf
[2.079s] -- Up-to-date: /workspaces/aprs/aprs_ws/install/panda_moveit_config/share/panda_moveit_config/srdf/panda_arm.xacro
[2.079s] -- Up-to-date: /workspaces/aprs/aprs_ws/install/panda_moveit_config/share/panda_moveit_config/srdf/panda_gripper.xacro
[2.080s] -- Up-to-date: /workspaces/aprs/aprs_ws/install/panda_moveit_config/share/panda_moveit_config/srdf/panda.srdf
[2.080s] -- Up-to-date: /workspaces/aprs/aprs_ws/install/panda_moveit_config/share/panda_moveit_config/srdf/panda.srdf.xacro
[2.080s] -- Up-to-date: /workspaces/aprs/aprs_ws/install/panda_moveit_config/share/panda_moveit_config/environment/pythonpath.sh
[2.080s] -- Up-to-date: /workspaces/aprs/aprs_ws/install/panda_moveit_config/share/panda_moveit_config/environment/pythonpath.dsv
[2.080s] -- Up-to-date: /workspaces/aprs/aprs_ws/install/panda_moveit_config/local/lib/python3.10/dist-packages/panda_moveit_config-3.0.0-py3.10.egg-info
[2.080s] -- Installing: /workspaces/aprs/aprs_ws/install/panda_moveit_config/local/lib/python3.10/dist-packages/panda_moveit_config-3.0.0-py3.10.egg-info/dependency_links.txt
[2.080s] -- Installing: /workspaces/aprs/aprs_ws/install/panda_moveit_config/local/lib/python3.10/dist-packages/panda_moveit_config-3.0.0-py3.10.egg-info/top_level.txt
[2.080s] -- Installing: /workspaces/aprs/aprs_ws/install/panda_moveit_config/local/lib/python3.10/dist-packages/panda_moveit_config-3.0.0-py3.10.egg-info/PKG-INFO
[2.080s] -- Installing: /workspaces/aprs/aprs_ws/install/panda_moveit_config/local/lib/python3.10/dist-packages/panda_moveit_config-3.0.0-py3.10.egg-info/SOURCES.txt
[2.080s] -- Up-to-date: /workspaces/aprs/aprs_ws/install/panda_moveit_config/lib/panda_moveit_config/
[2.080s] -- Up-to-date: /workspaces/aprs/aprs_ws/install/panda_moveit_config/local/lib/python3.10/dist-packages/panda_moveit_config
[2.081s] -- Up-to-date: /workspaces/aprs/aprs_ws/install/panda_moveit_config/local/lib/python3.10/dist-packages/panda_moveit_config/parameters.py
[2.081s] -- Up-to-date: /workspaces/aprs/aprs_ws/install/panda_moveit_config/local/lib/python3.10/dist-packages/panda_moveit_config/__init__.py
[2.081s] Listing '/workspaces/aprs/aprs_ws/install/panda_moveit_config/local/lib/python3.10/dist-packages/panda_moveit_config'...
[2.081s] -- Up-to-date: /workspaces/aprs/aprs_ws/install/panda_moveit_config/share/ament_index/resource_index/package_run_dependencies/panda_moveit_config
[2.081s] -- Up-to-date: /workspaces/aprs/aprs_ws/install/panda_moveit_config/share/ament_index/resource_index/parent_prefix_path/panda_moveit_config
[2.081s] -- Up-to-date: /workspaces/aprs/aprs_ws/install/panda_moveit_config/share/panda_moveit_config/environment/ament_prefix_path.sh
[2.081s] -- Up-to-date: /workspaces/aprs/aprs_ws/install/panda_moveit_config/share/panda_moveit_config/environment/ament_prefix_path.dsv
[2.081s] -- Up-to-date: /workspaces/aprs/aprs_ws/install/panda_moveit_config/share/panda_moveit_config/environment/path.sh
[2.081s] -- Up-to-date: /workspaces/aprs/aprs_ws/install/panda_moveit_config/share/panda_moveit_config/environment/path.dsv
[2.081s] -- Up-to-date: /workspaces/aprs/aprs_ws/install/panda_moveit_config/share/panda_moveit_config/local_setup.bash
[2.081s] -- Up-to-date: /workspaces/aprs/aprs_ws/install/panda_moveit_config/share/panda_moveit_config/local_setup.sh
[2.081s] -- Up-to-date: /workspaces/aprs/aprs_ws/install/panda_moveit_config/share/panda_moveit_config/local_setup.zsh
[2.081s] -- Up-to-date: /workspaces/aprs/aprs_ws/install/panda_moveit_config/share/panda_moveit_config/local_setup.dsv
[2.082s] -- Installing: /workspaces/aprs/aprs_ws/install/panda_moveit_config/share/panda_moveit_config/package.dsv
[2.082s] -- Up-to-date: /workspaces/aprs/aprs_ws/install/panda_moveit_config/share/ament_index/resource_index/packages/panda_moveit_config
[2.082s] -- Up-to-date: /workspaces/aprs/aprs_ws/install/panda_moveit_config/share/panda_moveit_config/cmake/panda_moveit_configConfig.cmake
[2.082s] -- Up-to-date: /workspaces/aprs/aprs_ws/install/panda_moveit_config/share/panda_moveit_config/cmake/panda_moveit_configConfig-version.cmake
[2.082s] -- Up-to-date: /workspaces/aprs/aprs_ws/install/panda_moveit_config/share/panda_moveit_config/package.xml
[2.208s] Invoked command in '/workspaces/aprs/aprs_ws/build/panda_moveit_config' returned '0': CMAKE_PREFIX_PATH=/workspaces/aprs/aprs_ws/install/ur_description:/workspaces/aprs/aprs_ws/install/panda_description:/workspaces/aprs/aprs_ws/install/worlds:/workspaces/aprs/aprs_ws/install/workbench_description:/workspaces/aprs/aprs_ws/install/vaccum_description:/workspaces/aprs/aprs_ws/install/ur_setup:/workspaces/aprs/aprs_ws/install/ur:/workspaces/aprs/aprs_ws/install/ur_calibration:/workspaces/aprs/aprs_ws/install/ur_robot_driver:/workspaces/aprs/aprs_ws/install/ur_bringup:/workspaces/aprs/aprs_ws/install/ur_controllers:/workspaces/aprs/aprs_ws/install/ur_msgs:/workspaces/aprs/aprs_ws/install/ur_moveit_config:/workspaces/aprs/aprs_ws/install/ur_gz:/workspaces/aprs/aprs_ws/install/ur_description__:/workspaces/aprs/aprs_ws/install/ur5e_moveit_config:/workspaces/aprs/aprs_ws/install/panda_moveit_config:/workspaces/aprs/aprs_ws/install/ur_dashboard_msgs:/workspaces/aprs/aprs_ws/install/ur_client_library:/workspaces/aprs/aprs_ws/install/table_description:/workspaces/aprs/aprs_ws/install/point_cloud:/workspaces/aprs/aprs_ws/install/realsense2_description:/workspaces/aprs/aprs_ws/install/realsense2_camera:/workspaces/aprs/aprs_ws/install/realsense2_camera_msgs:/workspaces/aprs/aprs_ws/install/ign_ros2_control_demos:/workspaces/aprs/aprs_ws/install/gz_ros2_control_tests:/workspaces/aprs/aprs_ws/install/ign_ros2_control:/workspaces/aprs/aprs_ws/install/franka_setup:/workspaces/aprs/aprs_ws/install/franka_gz:/workspaces/aprs/aprs_ws/install/fanuc_moveit_config:/workspaces/aprs/aprs_ws/install/fanuc_description:/workspaces/aprs/aprs_ws/install/camera_mount:/workspaces/aprs/aprs_ws/install/aprs_lab:/workspaces/aprs/aprs_ws/install/aprs_gazebo:/opt/ros/humble GZ_MODEL_PATH=/workspaces/aprs/aprs_ws/install/panda_description/share/panda_description/meshes GZ_SIM_PLUGIn_PATH=/workspaces/aprs/aprs_ws/install/panda_description/lib/panda_description GZ_SIM_RESOURCE_PATH=/workspaces/aprs/aprs_ws/install/panda_description/share:${GZ_SIM_RESOURCE_PATH} /usr/bin/cmake --install /workspaces/aprs/aprs_ws/build/panda_moveit_config
