[0.029s] Invoking command in '/workspaces/aprs_humble/aprs_ws/build/controller_manager': CMAKE_PREFIX_PATH=/workspaces/aprs_humble/aprs_ws/install/controller_interface:/workspaces/aprs_humble/aprs_ws/install/hardware_interface:/workspaces/aprs_humble/aprs_ws/install/ros2_control_test_assets:/workspaces/aprs_humble/aprs_ws/install/controller_manager_msgs:/workspaces/aprs_humble/aprs_ws/install/worlds:/workspaces/aprs_humble/aprs_ws/install/workbench_description:/workspaces/aprs_humble/aprs_ws/install/vaccum_description:/workspaces/aprs_humble/aprs_ws/install/ur_setup:/workspaces/aprs_humble/aprs_ws/install/ur_calibration:/workspaces/aprs_humble/aprs_ws/install/ur_robot_driver:/workspaces/aprs_humble/aprs_ws/install/ur_bringup:/workspaces/aprs_humble/aprs_ws/install/ur_controllers:/workspaces/aprs_humble/aprs_ws/install/ur_msgs:/workspaces/aprs_humble/aprs_ws/install/ur_moveit_config:/workspaces/aprs_humble/aprs_ws/install/ur_gz:/workspaces/aprs_humble/aprs_ws/install/ur5e_moveit_config:/workspaces/aprs_humble/aprs_ws/install/panda_moveit_config:/workspaces/aprs_humble/aprs_ws/install/ur_description:/workspaces/aprs_humble/aprs_ws/install/ur_dashboard_msgs:/workspaces/aprs_humble/aprs_ws/install/ur_client_library:/workspaces/aprs_humble/aprs_ws/install/ros2_control:/workspaces/aprs_humble/aprs_ws/install/transmission_interface:/workspaces/aprs_humble/aprs_ws/install/table_description:/workspaces/aprs_humble/aprs_ws/install/ign_ros2_control_demos:/workspaces/aprs_humble/aprs_ws/install/gz_ros2_control_tests:/workspaces/aprs_humble/aprs_ws/install/franka_gz:/workspaces/aprs_humble/aprs_ws/install/ign_ros2_control:/workspaces/aprs_humble/aprs_ws/install/controller_manager:/workspaces/aprs_humble/aprs_ws/install/realsense2_description_:/workspaces/aprs_humble/aprs_ws/install/point_cloud:/workspaces/aprs_humble/aprs_ws/install/panda_description:/workspaces/aprs_humble/aprs_ws/install/joint_limits:/workspaces/aprs_humble/aprs_ws/install/franka_setup:/workspaces/aprs_humble/aprs_ws/install/fanuc_moveit_config:/workspaces/aprs_humble/aprs_ws/install/fanuc_description:/workspaces/aprs_humble/aprs_ws/install/camera_mount:/workspaces/aprs_humble/aprs_ws/install/rqt_controller_manager:/workspaces/aprs_humble/aprs_ws/install/ros2controlcli:/opt/ros/humble LD_LIBRARY_PATH=/workspaces/aprs_humble/aprs_ws/install/controller_interface/lib:/workspaces/aprs_humble/aprs_ws/install/hardware_interface/lib:/workspaces/aprs_humble/aprs_ws/install/controller_manager_msgs/lib:/workspaces/aprs_humble/aprs_ws/install/ur_robot_driver/lib:/workspaces/aprs_humble/aprs_ws/install/ur_controllers/lib:/workspaces/aprs_humble/aprs_ws/install/ur_msgs/lib:/workspaces/aprs_humble/aprs_ws/install/ur_dashboard_msgs/lib:/workspaces/aprs_humble/aprs_ws/install/ur_client_library/lib:/workspaces/aprs_humble/aprs_ws/install/transmission_interface/lib:/workspaces/aprs_humble/aprs_ws/install/ign_ros2_control/lib:/workspaces/aprs_humble/aprs_ws/install/controller_manager/lib:/workspaces/aprs_humble/aprs_ws/install/point_cloud/lib:/opt/ros/humble/opt/rviz_ogre_vendor/lib:/opt/ros/humble/lib/x86_64-linux-gnu:/opt/ros/humble/lib /usr/bin/cmake --build /workspaces/aprs_humble/aprs_ws/build/controller_manager -- -j16 -l16
[0.095s] [ 18%] Built target gmock_main
[0.096s] [ 18%] Built target controller_manager
[0.096s] [ 21%] Built target gmock
[0.100s] [ 21%] Built target ament_cmake_python_copy_controller_manager
[0.100s] [ 21%] Built target ament_cmake_python_copy_controller_manager_setup
[0.132s] [ 45%] Built target test_controller_failed_init
[0.132s] [ 45%] Built target test_chainable_controller
[0.132s] [ 45%] Built target test_controller
[0.132s] [ 48%] Built target ros2_control_node
[0.132s] [ 51%] Built target test_controller_with_interfaces
[0.168s] [ 57%] Built target test_controller_manager_srvs
[0.172s] [ 63%] Built target test_controller_manager_with_namespace.cpp
[0.174s] [ 93%] Built target test_controller_manager
[0.174s] [ 93%] Built target test_hardware_management_srvs
[0.174s] [ 93%] Built target test_spawner_unspawner
[0.175s] [ 93%] Built target test_release_interfaces
[0.175s] [ 93%] Built target test_controllers_chaining_with_controller_manager
[0.203s] [100%] Built target test_load_controller
[0.331s] running install_scripts
[0.333s] /usr/lib/python3/dist-packages/setuptools/command/install.py:34: SetuptoolsDeprecationWarning: setup.py install is deprecated. Use build and pip and other standards-based tools.
[0.333s]   warnings.warn(
[0.339s] running egg_info
[0.340s] writing controller_manager.egg-info/PKG-INFO
[0.340s] writing dependency_links to controller_manager.egg-info/dependency_links.txt
[0.340s] writing entry points to controller_manager.egg-info/entry_points.txt
[0.340s] writing top-level names to controller_manager.egg-info/top_level.txt
[0.340s] reading manifest file 'controller_manager.egg-info/SOURCES.txt'
[0.340s] writing manifest file 'controller_manager.egg-info/SOURCES.txt'
[0.352s] running egg_info
[0.353s] writing controller_manager.egg-info/PKG-INFO
[0.353s] writing dependency_links to controller_manager.egg-info/dependency_links.txt
[0.353s] writing entry points to controller_manager.egg-info/entry_points.txt
[0.353s] writing top-level names to controller_manager.egg-info/top_level.txt
[0.355s] reading manifest file 'controller_manager.egg-info/SOURCES.txt'
[0.355s] writing manifest file 'controller_manager.egg-info/SOURCES.txt'
[0.356s] Installing spawner script to scripts
[0.356s] Installing unspawner script to scripts
[0.366s] [100%] Built target ament_cmake_python_build_controller_manager_egg
[0.385s] [100%] Built target ament_cmake_python_build_controller_manager_scripts
[0.394s] Invoked command in '/workspaces/aprs_humble/aprs_ws/build/controller_manager' returned '0': CMAKE_PREFIX_PATH=/workspaces/aprs_humble/aprs_ws/install/controller_interface:/workspaces/aprs_humble/aprs_ws/install/hardware_interface:/workspaces/aprs_humble/aprs_ws/install/ros2_control_test_assets:/workspaces/aprs_humble/aprs_ws/install/controller_manager_msgs:/workspaces/aprs_humble/aprs_ws/install/worlds:/workspaces/aprs_humble/aprs_ws/install/workbench_description:/workspaces/aprs_humble/aprs_ws/install/vaccum_description:/workspaces/aprs_humble/aprs_ws/install/ur_setup:/workspaces/aprs_humble/aprs_ws/install/ur_calibration:/workspaces/aprs_humble/aprs_ws/install/ur_robot_driver:/workspaces/aprs_humble/aprs_ws/install/ur_bringup:/workspaces/aprs_humble/aprs_ws/install/ur_controllers:/workspaces/aprs_humble/aprs_ws/install/ur_msgs:/workspaces/aprs_humble/aprs_ws/install/ur_moveit_config:/workspaces/aprs_humble/aprs_ws/install/ur_gz:/workspaces/aprs_humble/aprs_ws/install/ur5e_moveit_config:/workspaces/aprs_humble/aprs_ws/install/panda_moveit_config:/workspaces/aprs_humble/aprs_ws/install/ur_description:/workspaces/aprs_humble/aprs_ws/install/ur_dashboard_msgs:/workspaces/aprs_humble/aprs_ws/install/ur_client_library:/workspaces/aprs_humble/aprs_ws/install/ros2_control:/workspaces/aprs_humble/aprs_ws/install/transmission_interface:/workspaces/aprs_humble/aprs_ws/install/table_description:/workspaces/aprs_humble/aprs_ws/install/ign_ros2_control_demos:/workspaces/aprs_humble/aprs_ws/install/gz_ros2_control_tests:/workspaces/aprs_humble/aprs_ws/install/franka_gz:/workspaces/aprs_humble/aprs_ws/install/ign_ros2_control:/workspaces/aprs_humble/aprs_ws/install/controller_manager:/workspaces/aprs_humble/aprs_ws/install/realsense2_description_:/workspaces/aprs_humble/aprs_ws/install/point_cloud:/workspaces/aprs_humble/aprs_ws/install/panda_description:/workspaces/aprs_humble/aprs_ws/install/joint_limits:/workspaces/aprs_humble/aprs_ws/install/franka_setup:/workspaces/aprs_humble/aprs_ws/install/fanuc_moveit_config:/workspaces/aprs_humble/aprs_ws/install/fanuc_description:/workspaces/aprs_humble/aprs_ws/install/camera_mount:/workspaces/aprs_humble/aprs_ws/install/rqt_controller_manager:/workspaces/aprs_humble/aprs_ws/install/ros2controlcli:/opt/ros/humble LD_LIBRARY_PATH=/workspaces/aprs_humble/aprs_ws/install/controller_interface/lib:/workspaces/aprs_humble/aprs_ws/install/hardware_interface/lib:/workspaces/aprs_humble/aprs_ws/install/controller_manager_msgs/lib:/workspaces/aprs_humble/aprs_ws/install/ur_robot_driver/lib:/workspaces/aprs_humble/aprs_ws/install/ur_controllers/lib:/workspaces/aprs_humble/aprs_ws/install/ur_msgs/lib:/workspaces/aprs_humble/aprs_ws/install/ur_dashboard_msgs/lib:/workspaces/aprs_humble/aprs_ws/install/ur_client_library/lib:/workspaces/aprs_humble/aprs_ws/install/transmission_interface/lib:/workspaces/aprs_humble/aprs_ws/install/ign_ros2_control/lib:/workspaces/aprs_humble/aprs_ws/install/controller_manager/lib:/workspaces/aprs_humble/aprs_ws/install/point_cloud/lib:/opt/ros/humble/opt/rviz_ogre_vendor/lib:/opt/ros/humble/lib/x86_64-linux-gnu:/opt/ros/humble/lib /usr/bin/cmake --build /workspaces/aprs_humble/aprs_ws/build/controller_manager -- -j16 -l16
[0.461s] Invoking command in '/workspaces/aprs_humble/aprs_ws/build/controller_manager': CMAKE_PREFIX_PATH=/workspaces/aprs_humble/aprs_ws/install/controller_interface:/workspaces/aprs_humble/aprs_ws/install/hardware_interface:/workspaces/aprs_humble/aprs_ws/install/ros2_control_test_assets:/workspaces/aprs_humble/aprs_ws/install/controller_manager_msgs:/workspaces/aprs_humble/aprs_ws/install/worlds:/workspaces/aprs_humble/aprs_ws/install/workbench_description:/workspaces/aprs_humble/aprs_ws/install/vaccum_description:/workspaces/aprs_humble/aprs_ws/install/ur_setup:/workspaces/aprs_humble/aprs_ws/install/ur_calibration:/workspaces/aprs_humble/aprs_ws/install/ur_robot_driver:/workspaces/aprs_humble/aprs_ws/install/ur_bringup:/workspaces/aprs_humble/aprs_ws/install/ur_controllers:/workspaces/aprs_humble/aprs_ws/install/ur_msgs:/workspaces/aprs_humble/aprs_ws/install/ur_moveit_config:/workspaces/aprs_humble/aprs_ws/install/ur_gz:/workspaces/aprs_humble/aprs_ws/install/ur5e_moveit_config:/workspaces/aprs_humble/aprs_ws/install/panda_moveit_config:/workspaces/aprs_humble/aprs_ws/install/ur_description:/workspaces/aprs_humble/aprs_ws/install/ur_dashboard_msgs:/workspaces/aprs_humble/aprs_ws/install/ur_client_library:/workspaces/aprs_humble/aprs_ws/install/ros2_control:/workspaces/aprs_humble/aprs_ws/install/transmission_interface:/workspaces/aprs_humble/aprs_ws/install/table_description:/workspaces/aprs_humble/aprs_ws/install/ign_ros2_control_demos:/workspaces/aprs_humble/aprs_ws/install/gz_ros2_control_tests:/workspaces/aprs_humble/aprs_ws/install/franka_gz:/workspaces/aprs_humble/aprs_ws/install/ign_ros2_control:/workspaces/aprs_humble/aprs_ws/install/controller_manager:/workspaces/aprs_humble/aprs_ws/install/realsense2_description_:/workspaces/aprs_humble/aprs_ws/install/point_cloud:/workspaces/aprs_humble/aprs_ws/install/panda_description:/workspaces/aprs_humble/aprs_ws/install/joint_limits:/workspaces/aprs_humble/aprs_ws/install/franka_setup:/workspaces/aprs_humble/aprs_ws/install/fanuc_moveit_config:/workspaces/aprs_humble/aprs_ws/install/fanuc_description:/workspaces/aprs_humble/aprs_ws/install/camera_mount:/workspaces/aprs_humble/aprs_ws/install/rqt_controller_manager:/workspaces/aprs_humble/aprs_ws/install/ros2controlcli:/opt/ros/humble LD_LIBRARY_PATH=/workspaces/aprs_humble/aprs_ws/install/controller_interface/lib:/workspaces/aprs_humble/aprs_ws/install/hardware_interface/lib:/workspaces/aprs_humble/aprs_ws/install/controller_manager_msgs/lib:/workspaces/aprs_humble/aprs_ws/install/ur_robot_driver/lib:/workspaces/aprs_humble/aprs_ws/install/ur_controllers/lib:/workspaces/aprs_humble/aprs_ws/install/ur_msgs/lib:/workspaces/aprs_humble/aprs_ws/install/ur_dashboard_msgs/lib:/workspaces/aprs_humble/aprs_ws/install/ur_client_library/lib:/workspaces/aprs_humble/aprs_ws/install/transmission_interface/lib:/workspaces/aprs_humble/aprs_ws/install/ign_ros2_control/lib:/workspaces/aprs_humble/aprs_ws/install/controller_manager/lib:/workspaces/aprs_humble/aprs_ws/install/point_cloud/lib:/opt/ros/humble/opt/rviz_ogre_vendor/lib:/opt/ros/humble/lib/x86_64-linux-gnu:/opt/ros/humble/lib /usr/bin/cmake --install /workspaces/aprs_humble/aprs_ws/build/controller_manager
[0.469s] -- Install configuration: ""
[0.469s] -- Up-to-date: /workspaces/aprs_humble/aprs_ws/install/controller_manager/lib/libcontroller_manager.so
[0.469s] -- Up-to-date: /workspaces/aprs_humble/aprs_ws/install/controller_manager/lib/controller_manager/ros2_control_node
[0.469s] -- Up-to-date: /workspaces/aprs_humble/aprs_ws/install/controller_manager/include
[0.469s] -- Up-to-date: /workspaces/aprs_humble/aprs_ws/install/controller_manager/include/controller_manager
[0.470s] -- Up-to-date: /workspaces/aprs_humble/aprs_ws/install/controller_manager/include/controller_manager/visibility_control.h
[0.470s] -- Up-to-date: /workspaces/aprs_humble/aprs_ws/install/controller_manager/include/controller_manager/controller_manager.hpp
[0.470s] -- Up-to-date: /workspaces/aprs_humble/aprs_ws/install/controller_manager/include/controller_manager/controller_spec.hpp
[0.470s] -- Up-to-date: /workspaces/aprs_humble/aprs_ws/install/controller_manager/share/controller_manager/test/test_controller/test_controller.xml
[0.470s] -- Up-to-date: /workspaces/aprs_humble/aprs_ws/install/controller_manager/lib/libtest_controller.so
[0.470s] -- Up-to-date: /workspaces/aprs_humble/aprs_ws/install/controller_manager/share/controller_manager/test/test_controller_failed_init/test_controller_failed_init.xml
[0.470s] -- Up-to-date: /workspaces/aprs_humble/aprs_ws/install/controller_manager/lib/libtest_controller_failed_init.so
[0.470s] -- Up-to-date: /workspaces/aprs_humble/aprs_ws/install/controller_manager/share/controller_manager/test/test_chainable_controller/test_chainable_controller.xml
[0.470s] -- Up-to-date: /workspaces/aprs_humble/aprs_ws/install/controller_manager/lib/libtest_chainable_controller.so
[0.470s] -- Up-to-date: /workspaces/aprs_humble/aprs_ws/install/controller_manager/share/controller_manager/test/test_controller_with_interfaces/test_controller_with_interfaces.xml
[0.470s] -- Up-to-date: /workspaces/aprs_humble/aprs_ws/install/controller_manager/lib/libtest_controller_with_interfaces.so
[0.470s] -- Up-to-date: /workspaces/aprs_humble/aprs_ws/install/controller_manager/share/controller_manager/environment/pythonpath.sh
[0.470s] -- Up-to-date: /workspaces/aprs_humble/aprs_ws/install/controller_manager/share/controller_manager/environment/pythonpath.dsv
[0.471s] -- Up-to-date: /workspaces/aprs_humble/aprs_ws/install/controller_manager/local/lib/python3.10/dist-packages/controller_manager-2.31.0-py3.10.egg-info
[0.471s] -- Installing: /workspaces/aprs_humble/aprs_ws/install/controller_manager/local/lib/python3.10/dist-packages/controller_manager-2.31.0-py3.10.egg-info/dependency_links.txt
[0.471s] -- Installing: /workspaces/aprs_humble/aprs_ws/install/controller_manager/local/lib/python3.10/dist-packages/controller_manager-2.31.0-py3.10.egg-info/entry_points.txt
[0.471s] -- Installing: /workspaces/aprs_humble/aprs_ws/install/controller_manager/local/lib/python3.10/dist-packages/controller_manager-2.31.0-py3.10.egg-info/top_level.txt
[0.471s] -- Installing: /workspaces/aprs_humble/aprs_ws/install/controller_manager/local/lib/python3.10/dist-packages/controller_manager-2.31.0-py3.10.egg-info/PKG-INFO
[0.471s] -- Installing: /workspaces/aprs_humble/aprs_ws/install/controller_manager/local/lib/python3.10/dist-packages/controller_manager-2.31.0-py3.10.egg-info/SOURCES.txt
[0.471s] -- Up-to-date: /workspaces/aprs_humble/aprs_ws/install/controller_manager/lib/controller_manager/
[0.471s] -- Installing: /workspaces/aprs_humble/aprs_ws/install/controller_manager/lib/controller_manager//unspawner
[0.471s] -- Installing: /workspaces/aprs_humble/aprs_ws/install/controller_manager/lib/controller_manager//spawner
[0.471s] -- Up-to-date: /workspaces/aprs_humble/aprs_ws/install/controller_manager/local/lib/python3.10/dist-packages/controller_manager
[0.471s] -- Up-to-date: /workspaces/aprs_humble/aprs_ws/install/controller_manager/local/lib/python3.10/dist-packages/controller_manager/controller_manager_services.py
[0.471s] -- Up-to-date: /workspaces/aprs_humble/aprs_ws/install/controller_manager/local/lib/python3.10/dist-packages/controller_manager/launch_utils.py
[0.471s] -- Up-to-date: /workspaces/aprs_humble/aprs_ws/install/controller_manager/local/lib/python3.10/dist-packages/controller_manager/spawner.py
[0.471s] -- Up-to-date: /workspaces/aprs_humble/aprs_ws/install/controller_manager/local/lib/python3.10/dist-packages/controller_manager/__init__.py
[0.471s] -- Up-to-date: /workspaces/aprs_humble/aprs_ws/install/controller_manager/local/lib/python3.10/dist-packages/controller_manager/unspawner.py
[0.497s] Listing '/workspaces/aprs_humble/aprs_ws/install/controller_manager/local/lib/python3.10/dist-packages/controller_manager'...
[0.501s] -- Up-to-date: /workspaces/aprs_humble/aprs_ws/install/controller_manager/share/controller_manager/environment/library_path.sh
[0.501s] -- Up-to-date: /workspaces/aprs_humble/aprs_ws/install/controller_manager/share/controller_manager/environment/library_path.dsv
[0.501s] -- Up-to-date: /workspaces/aprs_humble/aprs_ws/install/controller_manager/share/ament_index/resource_index/package_run_dependencies/controller_manager
[0.501s] -- Up-to-date: /workspaces/aprs_humble/aprs_ws/install/controller_manager/share/ament_index/resource_index/parent_prefix_path/controller_manager
[0.501s] -- Up-to-date: /workspaces/aprs_humble/aprs_ws/install/controller_manager/share/controller_manager/environment/ament_prefix_path.sh
[0.501s] -- Up-to-date: /workspaces/aprs_humble/aprs_ws/install/controller_manager/share/controller_manager/environment/ament_prefix_path.dsv
[0.501s] -- Up-to-date: /workspaces/aprs_humble/aprs_ws/install/controller_manager/share/controller_manager/environment/path.sh
[0.501s] -- Up-to-date: /workspaces/aprs_humble/aprs_ws/install/controller_manager/share/controller_manager/environment/path.dsv
[0.501s] -- Up-to-date: /workspaces/aprs_humble/aprs_ws/install/controller_manager/share/controller_manager/local_setup.bash
[0.501s] -- Up-to-date: /workspaces/aprs_humble/aprs_ws/install/controller_manager/share/controller_manager/local_setup.sh
[0.501s] -- Up-to-date: /workspaces/aprs_humble/aprs_ws/install/controller_manager/share/controller_manager/local_setup.zsh
[0.502s] -- Up-to-date: /workspaces/aprs_humble/aprs_ws/install/controller_manager/share/controller_manager/local_setup.dsv
[0.502s] -- Up-to-date: /workspaces/aprs_humble/aprs_ws/install/controller_manager/share/controller_manager/package.dsv
[0.502s] -- Up-to-date: /workspaces/aprs_humble/aprs_ws/install/controller_manager/share/ament_index/resource_index/packages/controller_manager
[0.502s] -- Up-to-date: /workspaces/aprs_humble/aprs_ws/install/controller_manager/share/ament_index/resource_index/controller_interface__pluginlib__plugin/controller_manager
[0.502s] -- Up-to-date: /workspaces/aprs_humble/aprs_ws/install/controller_manager/share/controller_manager/cmake/ament_cmake_export_libraries-extras.cmake
[0.502s] -- Up-to-date: /workspaces/aprs_humble/aprs_ws/install/controller_manager/share/controller_manager/cmake/ament_cmake_export_include_directories-extras.cmake
[0.502s] -- Up-to-date: /workspaces/aprs_humble/aprs_ws/install/controller_manager/share/controller_manager/cmake/ament_cmake_export_dependencies-extras.cmake
[0.502s] -- Up-to-date: /workspaces/aprs_humble/aprs_ws/install/controller_manager/share/controller_manager/cmake/controller_managerConfig.cmake
[0.502s] -- Up-to-date: /workspaces/aprs_humble/aprs_ws/install/controller_manager/share/controller_manager/cmake/controller_managerConfig-version.cmake
[0.502s] -- Up-to-date: /workspaces/aprs_humble/aprs_ws/install/controller_manager/share/controller_manager/package.xml
[0.506s] Invoked command in '/workspaces/aprs_humble/aprs_ws/build/controller_manager' returned '0': CMAKE_PREFIX_PATH=/workspaces/aprs_humble/aprs_ws/install/controller_interface:/workspaces/aprs_humble/aprs_ws/install/hardware_interface:/workspaces/aprs_humble/aprs_ws/install/ros2_control_test_assets:/workspaces/aprs_humble/aprs_ws/install/controller_manager_msgs:/workspaces/aprs_humble/aprs_ws/install/worlds:/workspaces/aprs_humble/aprs_ws/install/workbench_description:/workspaces/aprs_humble/aprs_ws/install/vaccum_description:/workspaces/aprs_humble/aprs_ws/install/ur_setup:/workspaces/aprs_humble/aprs_ws/install/ur_calibration:/workspaces/aprs_humble/aprs_ws/install/ur_robot_driver:/workspaces/aprs_humble/aprs_ws/install/ur_bringup:/workspaces/aprs_humble/aprs_ws/install/ur_controllers:/workspaces/aprs_humble/aprs_ws/install/ur_msgs:/workspaces/aprs_humble/aprs_ws/install/ur_moveit_config:/workspaces/aprs_humble/aprs_ws/install/ur_gz:/workspaces/aprs_humble/aprs_ws/install/ur5e_moveit_config:/workspaces/aprs_humble/aprs_ws/install/panda_moveit_config:/workspaces/aprs_humble/aprs_ws/install/ur_description:/workspaces/aprs_humble/aprs_ws/install/ur_dashboard_msgs:/workspaces/aprs_humble/aprs_ws/install/ur_client_library:/workspaces/aprs_humble/aprs_ws/install/ros2_control:/workspaces/aprs_humble/aprs_ws/install/transmission_interface:/workspaces/aprs_humble/aprs_ws/install/table_description:/workspaces/aprs_humble/aprs_ws/install/ign_ros2_control_demos:/workspaces/aprs_humble/aprs_ws/install/gz_ros2_control_tests:/workspaces/aprs_humble/aprs_ws/install/franka_gz:/workspaces/aprs_humble/aprs_ws/install/ign_ros2_control:/workspaces/aprs_humble/aprs_ws/install/controller_manager:/workspaces/aprs_humble/aprs_ws/install/realsense2_description_:/workspaces/aprs_humble/aprs_ws/install/point_cloud:/workspaces/aprs_humble/aprs_ws/install/panda_description:/workspaces/aprs_humble/aprs_ws/install/joint_limits:/workspaces/aprs_humble/aprs_ws/install/franka_setup:/workspaces/aprs_humble/aprs_ws/install/fanuc_moveit_config:/workspaces/aprs_humble/aprs_ws/install/fanuc_description:/workspaces/aprs_humble/aprs_ws/install/camera_mount:/workspaces/aprs_humble/aprs_ws/install/rqt_controller_manager:/workspaces/aprs_humble/aprs_ws/install/ros2controlcli:/opt/ros/humble LD_LIBRARY_PATH=/workspaces/aprs_humble/aprs_ws/install/controller_interface/lib:/workspaces/aprs_humble/aprs_ws/install/hardware_interface/lib:/workspaces/aprs_humble/aprs_ws/install/controller_manager_msgs/lib:/workspaces/aprs_humble/aprs_ws/install/ur_robot_driver/lib:/workspaces/aprs_humble/aprs_ws/install/ur_controllers/lib:/workspaces/aprs_humble/aprs_ws/install/ur_msgs/lib:/workspaces/aprs_humble/aprs_ws/install/ur_dashboard_msgs/lib:/workspaces/aprs_humble/aprs_ws/install/ur_client_library/lib:/workspaces/aprs_humble/aprs_ws/install/transmission_interface/lib:/workspaces/aprs_humble/aprs_ws/install/ign_ros2_control/lib:/workspaces/aprs_humble/aprs_ws/install/controller_manager/lib:/workspaces/aprs_humble/aprs_ws/install/point_cloud/lib:/opt/ros/humble/opt/rviz_ogre_vendor/lib:/opt/ros/humble/lib/x86_64-linux-gnu:/opt/ros/humble/lib /usr/bin/cmake --install /workspaces/aprs_humble/aprs_ws/build/controller_manager
