[0.248s] Invoking command in '/home/aprs/aprs/aprs_ws/build/joint_limits': CMAKE_PREFIX_PATH=${CMAKE_PREFIX_PATH}:/home/aprs/aprs/aprs_ws/install/rqt_joint_trajectory_controller:/home/aprs/aprs/aprs_ws/install/rqt_controller_manager:/home/aprs/aprs/aprs_ws/install/ros2controlcli:/home/aprs/aprs/aprs_ws/install/ros2_controllers_test_nodes:/opt/ros/rolling /usr/bin/cmake --build /home/aprs/aprs/aprs_ws/build/joint_limits -- -j16 -l16
[0.299s] [35m[1mConsolidate compiler generated dependencies of target gtest[0m
[0.311s] [35m[1mConsolidate compiler generated dependencies of target gtest_main[0m
[0.319s] [ 33%] Built target gtest
[0.341s] [ 66%] Built target gtest_main
[0.360s] [35m[1mConsolidate compiler generated dependencies of target joint_limits_rosparam_test[0m
[0.364s] [100%] Built target joint_limits_rosparam_test
[0.399s] Invoked command in '/home/aprs/aprs/aprs_ws/build/joint_limits' returned '0': CMAKE_PREFIX_PATH=${CMAKE_PREFIX_PATH}:/home/aprs/aprs/aprs_ws/install/rqt_joint_trajectory_controller:/home/aprs/aprs/aprs_ws/install/rqt_controller_manager:/home/aprs/aprs/aprs_ws/install/ros2controlcli:/home/aprs/aprs/aprs_ws/install/ros2_controllers_test_nodes:/opt/ros/rolling /usr/bin/cmake --build /home/aprs/aprs/aprs_ws/build/joint_limits -- -j16 -l16
[0.447s] Invoking command in '/home/aprs/aprs/aprs_ws/build/joint_limits': CMAKE_PREFIX_PATH=${CMAKE_PREFIX_PATH}:/home/aprs/aprs/aprs_ws/install/rqt_joint_trajectory_controller:/home/aprs/aprs/aprs_ws/install/rqt_controller_manager:/home/aprs/aprs/aprs_ws/install/ros2controlcli:/home/aprs/aprs/aprs_ws/install/ros2_controllers_test_nodes:/opt/ros/rolling /usr/bin/cmake --install /home/aprs/aprs/aprs_ws/build/joint_limits
[0.456s] -- Install configuration: ""
[0.456s] -- Up-to-date: /home/aprs/aprs/aprs_ws/install/joint_limits/lib/joint_limits/joint_limits_rosparam_test
[0.456s] -- Up-to-date: /home/aprs/aprs/aprs_ws/install/joint_limits/share/joint_limits/test/joint_limits_rosparam.yaml
[0.456s] -- Up-to-date: /home/aprs/aprs/aprs_ws/install/joint_limits/include/joint_limits
[0.456s] -- Up-to-date: /home/aprs/aprs/aprs_ws/install/joint_limits/include/joint_limits/joint_limits
[0.456s] -- Up-to-date: /home/aprs/aprs/aprs_ws/install/joint_limits/include/joint_limits/joint_limits/joint_limits.hpp
[0.456s] -- Up-to-date: /home/aprs/aprs/aprs_ws/install/joint_limits/include/joint_limits/joint_limits/joint_limits_rosparam.hpp
[0.456s] -- Up-to-date: /home/aprs/aprs/aprs_ws/install/joint_limits/share/joint_limits/environment/library_path.sh
[0.456s] -- Up-to-date: /home/aprs/aprs/aprs_ws/install/joint_limits/share/joint_limits/environment/library_path.dsv
[0.456s] -- Up-to-date: /home/aprs/aprs/aprs_ws/install/joint_limits/share/ament_index/resource_index/package_run_dependencies/joint_limits
[0.456s] -- Up-to-date: /home/aprs/aprs/aprs_ws/install/joint_limits/share/ament_index/resource_index/parent_prefix_path/joint_limits
[0.456s] -- Up-to-date: /home/aprs/aprs/aprs_ws/install/joint_limits/share/joint_limits/environment/ament_prefix_path.sh
[0.456s] -- Up-to-date: /home/aprs/aprs/aprs_ws/install/joint_limits/share/joint_limits/environment/ament_prefix_path.dsv
[0.457s] -- Up-to-date: /home/aprs/aprs/aprs_ws/install/joint_limits/share/joint_limits/environment/path.sh
[0.457s] -- Up-to-date: /home/aprs/aprs/aprs_ws/install/joint_limits/share/joint_limits/environment/path.dsv
[0.457s] -- Up-to-date: /home/aprs/aprs/aprs_ws/install/joint_limits/share/joint_limits/local_setup.bash
[0.457s] -- Up-to-date: /home/aprs/aprs/aprs_ws/install/joint_limits/share/joint_limits/local_setup.sh
[0.457s] -- Up-to-date: /home/aprs/aprs/aprs_ws/install/joint_limits/share/joint_limits/local_setup.zsh
[0.457s] -- Up-to-date: /home/aprs/aprs/aprs_ws/install/joint_limits/share/joint_limits/local_setup.dsv
[0.457s] -- Installing: /home/aprs/aprs/aprs_ws/install/joint_limits/share/joint_limits/package.dsv
[0.461s] -- Up-to-date: /home/aprs/aprs/aprs_ws/install/joint_limits/share/ament_index/resource_index/packages/joint_limits
[0.461s] -- Up-to-date: /home/aprs/aprs/aprs_ws/install/joint_limits/share/joint_limits/cmake/export_joint_limitsExport.cmake
[0.462s] -- Up-to-date: /home/aprs/aprs/aprs_ws/install/joint_limits/share/joint_limits/cmake/ament_cmake_export_targets-extras.cmake
[0.462s] -- Up-to-date: /home/aprs/aprs/aprs_ws/install/joint_limits/share/joint_limits/cmake/ament_cmake_export_dependencies-extras.cmake
[0.462s] -- Up-to-date: /home/aprs/aprs/aprs_ws/install/joint_limits/share/joint_limits/cmake/joint_limitsConfig.cmake
[0.462s] -- Up-to-date: /home/aprs/aprs/aprs_ws/install/joint_limits/share/joint_limits/cmake/joint_limitsConfig-version.cmake
[0.462s] -- Up-to-date: /home/aprs/aprs/aprs_ws/install/joint_limits/share/joint_limits/package.xml
[0.464s] Invoked command in '/home/aprs/aprs/aprs_ws/build/joint_limits' returned '0': CMAKE_PREFIX_PATH=${CMAKE_PREFIX_PATH}:/home/aprs/aprs/aprs_ws/install/rqt_joint_trajectory_controller:/home/aprs/aprs/aprs_ws/install/rqt_controller_manager:/home/aprs/aprs/aprs_ws/install/ros2controlcli:/home/aprs/aprs/aprs_ws/install/ros2_controllers_test_nodes:/opt/ros/rolling /usr/bin/cmake --install /home/aprs/aprs/aprs_ws/build/joint_limits
