[0.033s] Invoking command in '/workspaces/aprs/aprs_ws/build/moveit_resources_panda_description': CMAKE_PREFIX_PATH=${CMAKE_PREFIX_PATH}:/opt/ros/rolling /usr/bin/cmake --build /workspaces/aprs/aprs_ws/build/moveit_resources_panda_description -- -j16 -l16
[0.061s] Invoked command in '/workspaces/aprs/aprs_ws/build/moveit_resources_panda_description' returned '0': CMAKE_PREFIX_PATH=${CMAKE_PREFIX_PATH}:/opt/ros/rolling /usr/bin/cmake --build /workspaces/aprs/aprs_ws/build/moveit_resources_panda_description -- -j16 -l16
[0.084s] Invoking command in '/workspaces/aprs/aprs_ws/build/moveit_resources_panda_description': CMAKE_PREFIX_PATH=${CMAKE_PREFIX_PATH}:/opt/ros/rolling /usr/bin/cmake --install /workspaces/aprs/aprs_ws/build/moveit_resources_panda_description
[0.098s] -- Install configuration: ""
[0.098s] -- Up-to-date: /workspaces/aprs/aprs_ws/install/moveit_resources_panda_description/share/ament_index/resource_index/package_run_dependencies/moveit_resources_panda_description
[0.098s] -- Up-to-date: /workspaces/aprs/aprs_ws/install/moveit_resources_panda_description/share/ament_index/resource_index/parent_prefix_path/moveit_resources_panda_description
[0.099s] -- Up-to-date: /workspaces/aprs/aprs_ws/install/moveit_resources_panda_description/share/moveit_resources_panda_description/environment/ament_prefix_path.sh
[0.099s] -- Up-to-date: /workspaces/aprs/aprs_ws/install/moveit_resources_panda_description/share/moveit_resources_panda_description/environment/ament_prefix_path.dsv
[0.099s] -- Up-to-date: /workspaces/aprs/aprs_ws/install/moveit_resources_panda_description/share/moveit_resources_panda_description/environment/path.sh
[0.099s] -- Up-to-date: /workspaces/aprs/aprs_ws/install/moveit_resources_panda_description/share/moveit_resources_panda_description/environment/path.dsv
[0.099s] -- Up-to-date: /workspaces/aprs/aprs_ws/install/moveit_resources_panda_description/share/moveit_resources_panda_description/local_setup.bash
[0.099s] -- Up-to-date: /workspaces/aprs/aprs_ws/install/moveit_resources_panda_description/share/moveit_resources_panda_description/local_setup.sh
[0.099s] -- Up-to-date: /workspaces/aprs/aprs_ws/install/moveit_resources_panda_description/share/moveit_resources_panda_description/local_setup.zsh
[0.099s] -- Up-to-date: /workspaces/aprs/aprs_ws/install/moveit_resources_panda_description/share/moveit_resources_panda_description/local_setup.dsv
[0.099s] -- Installing: /workspaces/aprs/aprs_ws/install/moveit_resources_panda_description/share/moveit_resources_panda_description/package.dsv
[0.099s] -- Up-to-date: /workspaces/aprs/aprs_ws/install/moveit_resources_panda_description/share/ament_index/resource_index/packages/moveit_resources_panda_description
[0.099s] -- Up-to-date: /workspaces/aprs/aprs_ws/install/moveit_resources_panda_description/share/moveit_resources_panda_description/cmake/moveit_resources_panda_descriptionConfig.cmake
[0.099s] -- Up-to-date: /workspaces/aprs/aprs_ws/install/moveit_resources_panda_description/share/moveit_resources_panda_description/cmake/moveit_resources_panda_descriptionConfig-version.cmake
[0.099s] -- Up-to-date: /workspaces/aprs/aprs_ws/install/moveit_resources_panda_description/share/moveit_resources_panda_description/package.xml
[0.100s] -- Up-to-date: /workspaces/aprs/aprs_ws/install/moveit_resources_panda_description/share/moveit_resources_panda_description/meshes
[0.100s] -- Up-to-date: /workspaces/aprs/aprs_ws/install/moveit_resources_panda_description/share/moveit_resources_panda_description/meshes/collision
[0.100s] -- Up-to-date: /workspaces/aprs/aprs_ws/install/moveit_resources_panda_description/share/moveit_resources_panda_description/meshes/collision/link3.stl
[0.100s] -- Up-to-date: /workspaces/aprs/aprs_ws/install/moveit_resources_panda_description/share/moveit_resources_panda_description/meshes/collision/link1.stl
[0.101s] -- Up-to-date: /workspaces/aprs/aprs_ws/install/moveit_resources_panda_description/share/moveit_resources_panda_description/meshes/collision/finger.stl
[0.101s] -- Up-to-date: /workspaces/aprs/aprs_ws/install/moveit_resources_panda_description/share/moveit_resources_panda_description/meshes/collision/link5.stl
[0.101s] -- Up-to-date: /workspaces/aprs/aprs_ws/install/moveit_resources_panda_description/share/moveit_resources_panda_description/meshes/collision/link0.stl
[0.101s] -- Up-to-date: /workspaces/aprs/aprs_ws/install/moveit_resources_panda_description/share/moveit_resources_panda_description/meshes/collision/link7.stl
[0.101s] -- Up-to-date: /workspaces/aprs/aprs_ws/install/moveit_resources_panda_description/share/moveit_resources_panda_description/meshes/collision/link6.stl
[0.101s] -- Up-to-date: /workspaces/aprs/aprs_ws/install/moveit_resources_panda_description/share/moveit_resources_panda_description/meshes/collision/link2.stl
[0.101s] -- Up-to-date: /workspaces/aprs/aprs_ws/install/moveit_resources_panda_description/share/moveit_resources_panda_description/meshes/collision/link4.stl
[0.101s] -- Up-to-date: /workspaces/aprs/aprs_ws/install/moveit_resources_panda_description/share/moveit_resources_panda_description/meshes/collision/hand.stl
[0.101s] -- Up-to-date: /workspaces/aprs/aprs_ws/install/moveit_resources_panda_description/share/moveit_resources_panda_description/meshes/visual
[0.101s] -- Up-to-date: /workspaces/aprs/aprs_ws/install/moveit_resources_panda_description/share/moveit_resources_panda_description/meshes/visual/link2.dae
[0.102s] -- Up-to-date: /workspaces/aprs/aprs_ws/install/moveit_resources_panda_description/share/moveit_resources_panda_description/meshes/visual/link0.dae
[0.102s] -- Up-to-date: /workspaces/aprs/aprs_ws/install/moveit_resources_panda_description/share/moveit_resources_panda_description/meshes/visual/hand.dae
[0.102s] -- Up-to-date: /workspaces/aprs/aprs_ws/install/moveit_resources_panda_description/share/moveit_resources_panda_description/meshes/visual/link4.dae
[0.102s] -- Up-to-date: /workspaces/aprs/aprs_ws/install/moveit_resources_panda_description/share/moveit_resources_panda_description/meshes/visual/link6.dae
[0.102s] -- Up-to-date: /workspaces/aprs/aprs_ws/install/moveit_resources_panda_description/share/moveit_resources_panda_description/meshes/visual/link5.dae
[0.103s] -- Up-to-date: /workspaces/aprs/aprs_ws/install/moveit_resources_panda_description/share/moveit_resources_panda_description/meshes/visual/link1.dae
[0.105s] -- Up-to-date: /workspaces/aprs/aprs_ws/install/moveit_resources_panda_description/share/moveit_resources_panda_description/meshes/visual/finger.dae
[0.105s] -- Up-to-date: /workspaces/aprs/aprs_ws/install/moveit_resources_panda_description/share/moveit_resources_panda_description/meshes/visual/link7.dae
[0.105s] -- Up-to-date: /workspaces/aprs/aprs_ws/install/moveit_resources_panda_description/share/moveit_resources_panda_description/meshes/visual/link3.dae
[0.106s] -- Up-to-date: /workspaces/aprs/aprs_ws/install/moveit_resources_panda_description/share/moveit_resources_panda_description/urdf
[0.106s] -- Up-to-date: /workspaces/aprs/aprs_ws/install/moveit_resources_panda_description/share/moveit_resources_panda_description/urdf/panda.urdf
[0.142s] Invoked command in '/workspaces/aprs/aprs_ws/build/moveit_resources_panda_description' returned '0': CMAKE_PREFIX_PATH=${CMAKE_PREFIX_PATH}:/opt/ros/rolling /usr/bin/cmake --install /workspaces/aprs/aprs_ws/build/moveit_resources_panda_description
