[0.722s] Invoking command in '/workspaces/aprs/aprs_ws/build/vaccum_description': CMAKE_PREFIX_PATH=${CMAKE_PREFIX_PATH}:/opt/ros/humble /usr/bin/cmake --build /workspaces/aprs/aprs_ws/build/vaccum_description -- -j16 -l16
[0.975s] Invoked command in '/workspaces/aprs/aprs_ws/build/vaccum_description' returned '0': CMAKE_PREFIX_PATH=${CMAKE_PREFIX_PATH}:/opt/ros/humble /usr/bin/cmake --build /workspaces/aprs/aprs_ws/build/vaccum_description -- -j16 -l16
[1.258s] Invoking command in '/workspaces/aprs/aprs_ws/build/vaccum_description': CMAKE_PREFIX_PATH=${CMAKE_PREFIX_PATH}:/opt/ros/humble /usr/bin/cmake --install /workspaces/aprs/aprs_ws/build/vaccum_description
[1.341s] -- Install configuration: ""
[1.341s] -- Up-to-date: /workspaces/aprs/aprs_ws/install/vaccum_description/share/vaccum_description/meshes
[1.341s] -- Up-to-date: /workspaces/aprs/aprs_ws/install/vaccum_description/share/vaccum_description/meshes/VacuumGripper.stl
[1.341s] -- Up-to-date: /workspaces/aprs/aprs_ws/install/vaccum_description/share/vaccum_description/urdf
[1.342s] -- Up-to-date: /workspaces/aprs/aprs_ws/install/vaccum_description/share/vaccum_description/urdf/vaccum.urdf.xacro
[1.342s] -- Up-to-date: /workspaces/aprs/aprs_ws/install/vaccum_description/share/vaccum_description/urdf
[1.342s] -- Up-to-date: /workspaces/aprs/aprs_ws/install/vaccum_description/share/vaccum_description/urdf/vaccum.urdf.xacro
[1.342s] -- Up-to-date: /workspaces/aprs/aprs_ws/install/vaccum_description/share/vaccum_description/environment/vaccum_description.dsv
[1.342s] -- Up-to-date: /workspaces/aprs/aprs_ws/install/vaccum_description/share/vaccum_description/environment/vaccum_description.sh
[1.342s] -- Up-to-date: /workspaces/aprs/aprs_ws/install/vaccum_description/share/ament_index/resource_index/package_run_dependencies/vaccum_description
[1.343s] -- Up-to-date: /workspaces/aprs/aprs_ws/install/vaccum_description/share/ament_index/resource_index/parent_prefix_path/vaccum_description
[1.343s] -- Up-to-date: /workspaces/aprs/aprs_ws/install/vaccum_description/share/vaccum_description/environment/ament_prefix_path.sh
[1.343s] -- Up-to-date: /workspaces/aprs/aprs_ws/install/vaccum_description/share/vaccum_description/environment/ament_prefix_path.dsv
[1.343s] -- Up-to-date: /workspaces/aprs/aprs_ws/install/vaccum_description/share/vaccum_description/environment/path.sh
[1.344s] -- Up-to-date: /workspaces/aprs/aprs_ws/install/vaccum_description/share/vaccum_description/environment/path.dsv
[1.344s] -- Up-to-date: /workspaces/aprs/aprs_ws/install/vaccum_description/share/vaccum_description/local_setup.bash
[1.344s] -- Up-to-date: /workspaces/aprs/aprs_ws/install/vaccum_description/share/vaccum_description/local_setup.sh
[1.344s] -- Up-to-date: /workspaces/aprs/aprs_ws/install/vaccum_description/share/vaccum_description/local_setup.zsh
[1.344s] -- Up-to-date: /workspaces/aprs/aprs_ws/install/vaccum_description/share/vaccum_description/local_setup.dsv
[1.344s] -- Installing: /workspaces/aprs/aprs_ws/install/vaccum_description/share/vaccum_description/package.dsv
[1.344s] -- Up-to-date: /workspaces/aprs/aprs_ws/install/vaccum_description/share/ament_index/resource_index/packages/vaccum_description
[1.344s] -- Up-to-date: /workspaces/aprs/aprs_ws/install/vaccum_description/share/vaccum_description/cmake/vaccum_descriptionConfig.cmake
[1.344s] -- Up-to-date: /workspaces/aprs/aprs_ws/install/vaccum_description/share/vaccum_description/cmake/vaccum_descriptionConfig-version.cmake
[1.344s] -- Up-to-date: /workspaces/aprs/aprs_ws/install/vaccum_description/share/vaccum_description/package.xml
[1.827s] Invoked command in '/workspaces/aprs/aprs_ws/build/vaccum_description' returned '0': CMAKE_PREFIX_PATH=${CMAKE_PREFIX_PATH}:/opt/ros/humble /usr/bin/cmake --install /workspaces/aprs/aprs_ws/build/vaccum_description
