[0.024s] Invoking command in '/home/aprs/aprs/aprs_ws/build/kinematics_interface': CMAKE_PREFIX_PATH=/opt/ros/rolling /usr/bin/cmake /home/aprs/aprs/aprs_ws/src/kinematics_interface/kinematics_interface -DCMAKE_INSTALL_PREFIX=/home/aprs/aprs/aprs_ws/install/kinematics_interface
[0.197s] -- The CXX compiler identification is GNU 11.4.0
[0.197s] -- Detecting CXX compiler ABI info
[0.197s] -- Detecting CXX compiler ABI info - done
[0.197s] -- Check for working CXX compiler: /usr/bin/c++ - skipped
[0.197s] -- Detecting CXX compile features
[0.198s] -- Detecting CXX compile features - done
[0.198s] -- Found ament_cmake: 2.2.1 (/opt/ros/rolling/share/ament_cmake/cmake)
[0.270s] -- Found Python3: /usr/bin/python3.10 (found version "3.10.12") found components: Interpreter 
[0.353s] -- Found rclcpp: 22.0.0 (/opt/ros/rolling/share/rclcpp/cmake)
[0.383s] -- Found rosidl_generator_c: 4.3.0 (/opt/ros/rolling/share/rosidl_generator_c/cmake)
[0.392s] -- Found rosidl_generator_cpp: 4.3.0 (/opt/ros/rolling/share/rosidl_generator_cpp/cmake)
[0.405s] -- Using all available rosidl_typesupport_c: rosidl_typesupport_fastrtps_c;rosidl_typesupport_introspection_c
[0.419s] -- Using all available rosidl_typesupport_cpp: rosidl_typesupport_fastrtps_cpp;rosidl_typesupport_introspection_cpp
[0.532s] -- Found rmw_implementation_cmake: 7.2.1 (/opt/ros/rolling/share/rmw_implementation_cmake/cmake)
[0.534s] -- Found rmw_fastrtps_cpp: 7.3.0 (/opt/ros/rolling/share/rmw_fastrtps_cpp/cmake)
[0.600s] -- Found OpenSSL: /usr/lib/x86_64-linux-gnu/libcrypto.so (found version "3.0.2")  
[0.633s] -- Found FastRTPS: /opt/ros/rolling/include  
[0.664s] -- Using RMW implementation 'rmw_fastrtps_cpp' as default
[0.811s] -- Found rclcpp_lifecycle: 22.0.0 (/opt/ros/rolling/share/rclcpp_lifecycle/cmake)
[1.053s] -- Configuring done
[1.063s] -- Generating done
[1.073s] -- Build files have been written to: /home/aprs/aprs/aprs_ws/build/kinematics_interface
[1.157s] Invoked command in '/home/aprs/aprs/aprs_ws/build/kinematics_interface' returned '0': CMAKE_PREFIX_PATH=/opt/ros/rolling /usr/bin/cmake /home/aprs/aprs/aprs_ws/src/kinematics_interface/kinematics_interface -DCMAKE_INSTALL_PREFIX=/home/aprs/aprs/aprs_ws/install/kinematics_interface
[1.184s] Invoking command in '/home/aprs/aprs/aprs_ws/build/kinematics_interface': CMAKE_PREFIX_PATH=/opt/ros/rolling /usr/bin/cmake --build /home/aprs/aprs/aprs_ws/build/kinematics_interface -- -j16 -l16
[1.318s] Invoked command in '/home/aprs/aprs/aprs_ws/build/kinematics_interface' returned '0': CMAKE_PREFIX_PATH=/opt/ros/rolling /usr/bin/cmake --build /home/aprs/aprs/aprs_ws/build/kinematics_interface -- -j16 -l16
[1.365s] Invoking command in '/home/aprs/aprs/aprs_ws/build/kinematics_interface': CMAKE_PREFIX_PATH=/opt/ros/rolling /usr/bin/cmake --install /home/aprs/aprs/aprs_ws/build/kinematics_interface
[1.375s] -- Install configuration: ""
[1.375s] -- Installing: /home/aprs/aprs/aprs_ws/install/kinematics_interface/include/kinematics_interface
[1.375s] -- Installing: /home/aprs/aprs/aprs_ws/install/kinematics_interface/include/kinematics_interface/kinematics_interface
[1.375s] -- Installing: /home/aprs/aprs/aprs_ws/install/kinematics_interface/include/kinematics_interface/kinematics_interface/visibility_control.h
[1.375s] -- Installing: /home/aprs/aprs/aprs_ws/install/kinematics_interface/include/kinematics_interface/kinematics_interface/kinematics_interface.hpp
[1.375s] -- Installing: /home/aprs/aprs/aprs_ws/install/kinematics_interface/share/kinematics_interface/environment/library_path.sh
[1.375s] -- Installing: /home/aprs/aprs/aprs_ws/install/kinematics_interface/share/kinematics_interface/environment/library_path.dsv
[1.375s] -- Installing: /home/aprs/aprs/aprs_ws/install/kinematics_interface/share/ament_index/resource_index/package_run_dependencies/kinematics_interface
[1.375s] -- Installing: /home/aprs/aprs/aprs_ws/install/kinematics_interface/share/ament_index/resource_index/parent_prefix_path/kinematics_interface
[1.375s] -- Installing: /home/aprs/aprs/aprs_ws/install/kinematics_interface/share/kinematics_interface/environment/ament_prefix_path.sh
[1.375s] -- Installing: /home/aprs/aprs/aprs_ws/install/kinematics_interface/share/kinematics_interface/environment/ament_prefix_path.dsv
[1.375s] -- Installing: /home/aprs/aprs/aprs_ws/install/kinematics_interface/share/kinematics_interface/environment/path.sh
[1.375s] -- Installing: /home/aprs/aprs/aprs_ws/install/kinematics_interface/share/kinematics_interface/environment/path.dsv
[1.375s] -- Installing: /home/aprs/aprs/aprs_ws/install/kinematics_interface/share/kinematics_interface/local_setup.bash
[1.376s] -- Installing: /home/aprs/aprs/aprs_ws/install/kinematics_interface/share/kinematics_interface/local_setup.sh
[1.376s] -- Installing: /home/aprs/aprs/aprs_ws/install/kinematics_interface/share/kinematics_interface/local_setup.zsh
[1.376s] -- Installing: /home/aprs/aprs/aprs_ws/install/kinematics_interface/share/kinematics_interface/local_setup.dsv
[1.376s] -- Installing: /home/aprs/aprs/aprs_ws/install/kinematics_interface/share/kinematics_interface/package.dsv
[1.376s] -- Installing: /home/aprs/aprs/aprs_ws/install/kinematics_interface/share/ament_index/resource_index/packages/kinematics_interface
[1.376s] -- Installing: /home/aprs/aprs/aprs_ws/install/kinematics_interface/share/kinematics_interface/cmake/export_kinematics_interfaceExport.cmake
[1.376s] -- Installing: /home/aprs/aprs/aprs_ws/install/kinematics_interface/share/kinematics_interface/cmake/ament_cmake_export_targets-extras.cmake
[1.376s] -- Installing: /home/aprs/aprs/aprs_ws/install/kinematics_interface/share/kinematics_interface/cmake/ament_cmake_export_dependencies-extras.cmake
[1.376s] -- Installing: /home/aprs/aprs/aprs_ws/install/kinematics_interface/share/kinematics_interface/cmake/kinematics_interfaceConfig.cmake
[1.376s] -- Installing: /home/aprs/aprs/aprs_ws/install/kinematics_interface/share/kinematics_interface/cmake/kinematics_interfaceConfig-version.cmake
[1.376s] -- Installing: /home/aprs/aprs/aprs_ws/install/kinematics_interface/share/kinematics_interface/package.xml
[1.396s] Invoked command in '/home/aprs/aprs/aprs_ws/build/kinematics_interface' returned '0': CMAKE_PREFIX_PATH=/opt/ros/rolling /usr/bin/cmake --install /home/aprs/aprs/aprs_ws/build/kinematics_interface
