-- The CXX compiler identification is GNU 11.4.0
-- Detecting CXX compiler ABI info
-- Detecting CXX compiler ABI info - done
-- Check for working CXX compiler: /usr/bin/c++ - skipped
-- Detecting CXX compile features
-- Detecting CXX compile features - done
-- Found ament_cmake: 2.2.1 (/opt/ros/rolling/share/ament_cmake/cmake)
-- Found Python3: /usr/bin/python3.10 (found version "3.10.12") found components: Interpreter 
-- Found backward_ros: 1.0.2 (/opt/ros/rolling/share/backward_ros/cmake)
-- Found libdw: /usr/lib/x86_64-linux-gnu/libdw.so  
-- Could NOT find libbfd (missing: LIBBFD_LIBRARY LIBBFD_INCLUDE_DIR) 
-- BACKWARD_HAS_UNWIND=1
-- BACKWARD_HAS_BACKTRACE=0
-- BACKWARD_HAS_BACKTRACE_SYMBOL=0
-- BACKWARD_HAS_DW=1
-- BACKWARD_HAS_BFD=0
-- Found Backward: /opt/ros/rolling/share/backward_ros/cmake  
-- Found ackermann_msgs: 2.0.2 (/opt/ros/rolling/share/ackermann_msgs/cmake)
-- Found rosidl_generator_c: 4.3.0 (/opt/ros/rolling/share/rosidl_generator_c/cmake)
-- Found rosidl_generator_cpp: 4.3.0 (/opt/ros/rolling/share/rosidl_generator_cpp/cmake)
-- Using all available rosidl_typesupport_c: rosidl_typesupport_fastrtps_c;rosidl_typesupport_introspection_c
-- Using all available rosidl_typesupport_cpp: rosidl_typesupport_fastrtps_cpp;rosidl_typesupport_introspection_cpp
-- Found controller_interface: 3.17.0 (/home/aprs/aprs/aprs_ws/install/controller_interface/share/controller_interface/cmake)
-- Found rmw_implementation_cmake: 7.2.1 (/opt/ros/rolling/share/rmw_implementation_cmake/cmake)
-- Found rmw_fastrtps_cpp: 7.3.0 (/opt/ros/rolling/share/rmw_fastrtps_cpp/cmake)
-- Found OpenSSL: /usr/lib/x86_64-linux-gnu/libcrypto.so (found version "3.0.2")  
-- Found FastRTPS: /opt/ros/rolling/include  
-- Using RMW implementation 'rmw_fastrtps_cpp' as default
-- Found nav_msgs: 5.2.0 (/opt/ros/rolling/share/nav_msgs/cmake)
-- Found realtime_tools: 2.5.0 (/opt/ros/rolling/share/realtime_tools/cmake)
-- Found std_srvs: 5.2.0 (/opt/ros/rolling/share/std_srvs/cmake)
-- Found tf2: 0.32.2 (/opt/ros/rolling/share/tf2/cmake)
-- Found tf2_msgs: 0.32.2 (/opt/ros/rolling/share/tf2_msgs/cmake)
-- Found ament_cmake_gmock: 2.2.1 (/opt/ros/rolling/share/ament_cmake_gmock/cmake)
-- Found controller_manager: 3.17.0 (/home/aprs/aprs/aprs_ws/install/controller_manager/share/controller_manager/cmake)
-- Found ros2_control_test_assets: 3.17.0 (/home/aprs/aprs/aprs_ws/install/ros2_control_test_assets/share/ros2_control_test_assets/cmake)
-- Found gmock sources under '/opt/ros/rolling/src/gmock_vendor': C++ tests using 'Google Mock' will be built
-- The C compiler identification is GNU 11.4.0
-- Detecting C compiler ABI info
-- Detecting C compiler ABI info - done
-- Check for working C compiler: /usr/bin/cc - skipped
-- Detecting C compile features
-- Detecting C compile features - done
-- Found ament_cmake_gtest: 2.2.1 (/opt/ros/rolling/share/ament_cmake_gtest/cmake)
-- Found gtest sources under '/opt/ros/rolling/src/gtest_vendor': C++ tests using 'Google Test' will be built
-- Configuring done
-- Generating done
-- Build files have been written to: /home/aprs/aprs/aprs_ws/build/tricycle_controller
[  7%] [32mBuilding CXX object CMakeFiles/tricycle_controller.dir/src/odometry.cpp.o[0m
[ 14%] [32mBuilding CXX object CMakeFiles/tricycle_controller.dir/src/tricycle_controller.cpp.o[0m
[ 21%] [32mBuilding CXX object gmock/CMakeFiles/gmock.dir/opt/ros/rolling/src/gtest_vendor/src/gtest-all.cc.o[0m
[ 28%] [32mBuilding CXX object CMakeFiles/tricycle_controller.dir/src/traction_limiter.cpp.o[0m
[ 35%] [32mBuilding CXX object CMakeFiles/tricycle_controller.dir/src/steering_limiter.cpp.o[0m
[ 42%] [32mBuilding CXX object gmock/CMakeFiles/gmock.dir/src/gmock-all.cc.o[0m
[ 50%] [32mBuilding CXX object gmock/CMakeFiles/gmock_main.dir/src/gmock_main.cc.o[0m
[ 57%] [32m[1mLinking CXX static library libgmock_main.a[0m
[ 57%] Built target gmock_main
[ 64%] [32m[1mLinking CXX static library libgmock.a[0m
[ 64%] Built target gmock
[ 71%] [32m[1mLinking CXX shared library libtricycle_controller.so[0m
[ 71%] Built target tricycle_controller
[ 78%] [32mBuilding CXX object CMakeFiles/test_tricycle_controller.dir/test/test_tricycle_controller.cpp.o[0m
[ 85%] [32m[1mLinking CXX executable test_tricycle_controller[0m
[ 85%] Built target test_tricycle_controller
[ 92%] [32mBuilding CXX object CMakeFiles/test_load_tricycle_controller.dir/test/test_load_tricycle_controller.cpp.o[0m
[100%] [32m[1mLinking CXX executable test_load_tricycle_controller[0m
[100%] Built target test_load_tricycle_controller
-- Install configuration: ""
-- Installing: /home/aprs/aprs/aprs_ws/install/tricycle_controller/share/tricycle_controller/tricycle_controller.xml
-- Installing: /home/aprs/aprs/aprs_ws/install/tricycle_controller/include/tricycle_controller
-- Installing: /home/aprs/aprs/aprs_ws/install/tricycle_controller/include/tricycle_controller/tricycle_controller
-- Installing: /home/aprs/aprs/aprs_ws/install/tricycle_controller/include/tricycle_controller/tricycle_controller/steering_limiter.hpp
-- Installing: /home/aprs/aprs/aprs_ws/install/tricycle_controller/include/tricycle_controller/tricycle_controller/traction_limiter.hpp
-- Installing: /home/aprs/aprs/aprs_ws/install/tricycle_controller/include/tricycle_controller/tricycle_controller/visibility_control.h
-- Installing: /home/aprs/aprs/aprs_ws/install/tricycle_controller/include/tricycle_controller/tricycle_controller/tricycle_controller.hpp
-- Installing: /home/aprs/aprs/aprs_ws/install/tricycle_controller/include/tricycle_controller/tricycle_controller/odometry.hpp
-- Installing: /home/aprs/aprs/aprs_ws/install/tricycle_controller/lib/libtricycle_controller.so
-- Set runtime path of "/home/aprs/aprs/aprs_ws/install/tricycle_controller/lib/libtricycle_controller.so" to ""
-- Installing: /home/aprs/aprs/aprs_ws/install/tricycle_controller/share/tricycle_controller/environment/library_path.sh
-- Installing: /home/aprs/aprs/aprs_ws/install/tricycle_controller/share/tricycle_controller/environment/library_path.dsv
-- Installing: /home/aprs/aprs/aprs_ws/install/tricycle_controller/share/ament_index/resource_index/package_run_dependencies/tricycle_controller
-- Installing: /home/aprs/aprs/aprs_ws/install/tricycle_controller/share/ament_index/resource_index/parent_prefix_path/tricycle_controller
-- Installing: /home/aprs/aprs/aprs_ws/install/tricycle_controller/share/tricycle_controller/environment/ament_prefix_path.sh
-- Installing: /home/aprs/aprs/aprs_ws/install/tricycle_controller/share/tricycle_controller/environment/ament_prefix_path.dsv
-- Installing: /home/aprs/aprs/aprs_ws/install/tricycle_controller/share/tricycle_controller/environment/path.sh
-- Installing: /home/aprs/aprs/aprs_ws/install/tricycle_controller/share/tricycle_controller/environment/path.dsv
-- Installing: /home/aprs/aprs/aprs_ws/install/tricycle_controller/share/tricycle_controller/local_setup.bash
-- Installing: /home/aprs/aprs/aprs_ws/install/tricycle_controller/share/tricycle_controller/local_setup.sh
-- Installing: /home/aprs/aprs/aprs_ws/install/tricycle_controller/share/tricycle_controller/local_setup.zsh
-- Installing: /home/aprs/aprs/aprs_ws/install/tricycle_controller/share/tricycle_controller/local_setup.dsv
-- Installing: /home/aprs/aprs/aprs_ws/install/tricycle_controller/share/tricycle_controller/package.dsv
-- Installing: /home/aprs/aprs/aprs_ws/install/tricycle_controller/share/ament_index/resource_index/packages/tricycle_controller
-- Installing: /home/aprs/aprs/aprs_ws/install/tricycle_controller/share/ament_index/resource_index/controller_interface__pluginlib__plugin/tricycle_controller
-- Installing: /home/aprs/aprs/aprs_ws/install/tricycle_controller/share/tricycle_controller/cmake/export_tricycle_controllerExport.cmake
-- Installing: /home/aprs/aprs/aprs_ws/install/tricycle_controller/share/tricycle_controller/cmake/export_tricycle_controllerExport-noconfig.cmake
-- Installing: /home/aprs/aprs/aprs_ws/install/tricycle_controller/share/tricycle_controller/cmake/ament_cmake_export_targets-extras.cmake
-- Installing: /home/aprs/aprs/aprs_ws/install/tricycle_controller/share/tricycle_controller/cmake/ament_cmake_export_dependencies-extras.cmake
-- Installing: /home/aprs/aprs/aprs_ws/install/tricycle_controller/share/tricycle_controller/cmake/tricycle_controllerConfig.cmake
-- Installing: /home/aprs/aprs/aprs_ws/install/tricycle_controller/share/tricycle_controller/cmake/tricycle_controllerConfig-version.cmake
-- Installing: /home/aprs/aprs/aprs_ws/install/tricycle_controller/share/tricycle_controller/package.xml
