[0.178s] Invoking command in '/home/aprs/aprs/aprs_ws/build/tricycle_controller': AMENT_PREFIX_PATH=/home/aprs/aprs/aprs_ws/install/controller_manager:/home/aprs/aprs/aprs_ws/install/controller_interface:/home/aprs/aprs/aprs_ws/install/hardware_interface:/home/aprs/aprs/aprs_ws/install/ros2_control_test_assets:/home/aprs/aprs/aprs_ws/install/controller_manager_msgs:/home/aprs/aprs/aprs_ws/install/control_msgs:${AMENT_PREFIX_PATH} CMAKE_PREFIX_PATH=/home/aprs/aprs/aprs_ws/install/controller_manager:/home/aprs/aprs/aprs_ws/install/controller_interface:/home/aprs/aprs/aprs_ws/install/hardware_interface:/home/aprs/aprs/aprs_ws/install/ros2_control_test_assets:/home/aprs/aprs/aprs_ws/install/controller_manager_msgs:/home/aprs/aprs/aprs_ws/install/control_msgs:/opt/ros/rolling LD_LIBRARY_PATH=/home/aprs/aprs/aprs_ws/install/controller_manager/lib:/home/aprs/aprs/aprs_ws/install/controller_interface/lib:/home/aprs/aprs/aprs_ws/install/hardware_interface/lib:/home/aprs/aprs/aprs_ws/install/ros2_control_test_assets/lib:/home/aprs/aprs/aprs_ws/install/controller_manager_msgs/lib:/home/aprs/aprs/aprs_ws/install/control_msgs/lib:${LD_LIBRARY_PATH} PYTHONPATH=/home/aprs/aprs/aprs_ws/install/controller_manager/lib/python3.10/site-packages:/home/aprs/aprs/aprs_ws/install/controller_manager_msgs/lib/python3.10/site-packages:/home/aprs/aprs/aprs_ws/install/control_msgs/lib/python3.10/site-packages:${PYTHONPATH} /usr/bin/cmake /home/aprs/aprs/aprs_ws/src/ros2_controllers/tricycle_controller -DCMAKE_INSTALL_PREFIX=/home/aprs/aprs/aprs_ws/install/tricycle_controller
[0.240s] -- The CXX compiler identification is GNU 11.4.0
[0.247s] -- Detecting CXX compiler ABI info
[0.327s] -- Detecting CXX compiler ABI info - done
[0.336s] -- Check for working CXX compiler: /usr/bin/c++ - skipped
[0.336s] -- Detecting CXX compile features
[0.336s] -- Detecting CXX compile features - done
[0.338s] -- Found ament_cmake: 2.2.1 (/opt/ros/rolling/share/ament_cmake/cmake)
[0.508s] -- Found Python3: /usr/bin/python3.10 (found version "3.10.12") found components: Interpreter 
[0.602s] -- Found backward_ros: 1.0.2 (/opt/ros/rolling/share/backward_ros/cmake)
[0.615s] -- Found libdw: /usr/lib/x86_64-linux-gnu/libdw.so  
[0.621s] -- Could NOT find libbfd (missing: LIBBFD_LIBRARY LIBBFD_INCLUDE_DIR) 
[0.621s] -- BACKWARD_HAS_UNWIND=1
[0.621s] -- BACKWARD_HAS_BACKTRACE=0
[0.621s] -- BACKWARD_HAS_BACKTRACE_SYMBOL=0
[0.621s] -- BACKWARD_HAS_DW=1
[0.621s] -- BACKWARD_HAS_BFD=0
[0.621s] -- Found Backward: /opt/ros/rolling/share/backward_ros/cmake  
[0.632s] -- Found ackermann_msgs: 2.0.2 (/opt/ros/rolling/share/ackermann_msgs/cmake)
[0.668s] -- Found rosidl_generator_c: 4.3.0 (/opt/ros/rolling/share/rosidl_generator_c/cmake)
[0.682s] -- Found rosidl_generator_cpp: 4.3.0 (/opt/ros/rolling/share/rosidl_generator_cpp/cmake)
[0.700s] -- Using all available rosidl_typesupport_c: rosidl_typesupport_fastrtps_c;rosidl_typesupport_introspection_c
[0.721s] -- Using all available rosidl_typesupport_cpp: rosidl_typesupport_fastrtps_cpp;rosidl_typesupport_introspection_cpp
[0.833s] -- Found controller_interface: 3.17.0 (/home/aprs/aprs/aprs_ws/install/controller_interface/share/controller_interface/cmake)
[1.599s] -- Found rmw_implementation_cmake: 7.2.1 (/opt/ros/rolling/share/rmw_implementation_cmake/cmake)
[1.602s] -- Found rmw_fastrtps_cpp: 7.3.0 (/opt/ros/rolling/share/rmw_fastrtps_cpp/cmake)
[1.728s] -- Found OpenSSL: /usr/lib/x86_64-linux-gnu/libcrypto.so (found version "3.0.2")  
[1.754s] -- Found FastRTPS: /opt/ros/rolling/include  
[1.803s] -- Using RMW implementation 'rmw_fastrtps_cpp' as default
[2.032s] -- Found nav_msgs: 5.2.0 (/opt/ros/rolling/share/nav_msgs/cmake)
[2.111s] -- Found realtime_tools: 2.5.0 (/opt/ros/rolling/share/realtime_tools/cmake)
[2.425s] -- Found std_srvs: 5.2.0 (/opt/ros/rolling/share/std_srvs/cmake)
[2.481s] -- Found tf2: 0.32.2 (/opt/ros/rolling/share/tf2/cmake)
[2.490s] -- Found tf2_msgs: 0.32.2 (/opt/ros/rolling/share/tf2_msgs/cmake)
[2.641s] -- Found ament_cmake_gmock: 2.2.1 (/opt/ros/rolling/share/ament_cmake_gmock/cmake)
[2.641s] -- Found controller_manager: 3.17.0 (/home/aprs/aprs/aprs_ws/install/controller_manager/share/controller_manager/cmake)
[3.071s] -- Found ros2_control_test_assets: 3.17.0 (/home/aprs/aprs/aprs_ws/install/ros2_control_test_assets/share/ros2_control_test_assets/cmake)
[3.074s] -- Found gmock sources under '/opt/ros/rolling/src/gmock_vendor': C++ tests using 'Google Mock' will be built
[3.180s] -- The C compiler identification is GNU 11.4.0
[3.189s] -- Detecting C compiler ABI info
[3.484s] -- Detecting C compiler ABI info - done
[3.492s] -- Check for working C compiler: /usr/bin/cc - skipped
[3.493s] -- Detecting C compile features
[3.493s] -- Detecting C compile features - done
[3.501s] -- Found ament_cmake_gtest: 2.2.1 (/opt/ros/rolling/share/ament_cmake_gtest/cmake)
[3.502s] -- Found gtest sources under '/opt/ros/rolling/src/gtest_vendor': C++ tests using 'Google Test' will be built
[3.589s] -- Configuring done
[3.724s] -- Generating done
[3.734s] -- Build files have been written to: /home/aprs/aprs/aprs_ws/build/tricycle_controller
[3.805s] Invoked command in '/home/aprs/aprs/aprs_ws/build/tricycle_controller' returned '0': AMENT_PREFIX_PATH=/home/aprs/aprs/aprs_ws/install/controller_manager:/home/aprs/aprs/aprs_ws/install/controller_interface:/home/aprs/aprs/aprs_ws/install/hardware_interface:/home/aprs/aprs/aprs_ws/install/ros2_control_test_assets:/home/aprs/aprs/aprs_ws/install/controller_manager_msgs:/home/aprs/aprs/aprs_ws/install/control_msgs:${AMENT_PREFIX_PATH} CMAKE_PREFIX_PATH=/home/aprs/aprs/aprs_ws/install/controller_manager:/home/aprs/aprs/aprs_ws/install/controller_interface:/home/aprs/aprs/aprs_ws/install/hardware_interface:/home/aprs/aprs/aprs_ws/install/ros2_control_test_assets:/home/aprs/aprs/aprs_ws/install/controller_manager_msgs:/home/aprs/aprs/aprs_ws/install/control_msgs:/opt/ros/rolling LD_LIBRARY_PATH=/home/aprs/aprs/aprs_ws/install/controller_manager/lib:/home/aprs/aprs/aprs_ws/install/controller_interface/lib:/home/aprs/aprs/aprs_ws/install/hardware_interface/lib:/home/aprs/aprs/aprs_ws/install/ros2_control_test_assets/lib:/home/aprs/aprs/aprs_ws/install/controller_manager_msgs/lib:/home/aprs/aprs/aprs_ws/install/control_msgs/lib:${LD_LIBRARY_PATH} PYTHONPATH=/home/aprs/aprs/aprs_ws/install/controller_manager/lib/python3.10/site-packages:/home/aprs/aprs/aprs_ws/install/controller_manager_msgs/lib/python3.10/site-packages:/home/aprs/aprs/aprs_ws/install/control_msgs/lib/python3.10/site-packages:${PYTHONPATH} /usr/bin/cmake /home/aprs/aprs/aprs_ws/src/ros2_controllers/tricycle_controller -DCMAKE_INSTALL_PREFIX=/home/aprs/aprs/aprs_ws/install/tricycle_controller
[3.810s] Invoking command in '/home/aprs/aprs/aprs_ws/build/tricycle_controller': AMENT_PREFIX_PATH=/home/aprs/aprs/aprs_ws/install/controller_manager:/home/aprs/aprs/aprs_ws/install/controller_interface:/home/aprs/aprs/aprs_ws/install/hardware_interface:/home/aprs/aprs/aprs_ws/install/ros2_control_test_assets:/home/aprs/aprs/aprs_ws/install/controller_manager_msgs:/home/aprs/aprs/aprs_ws/install/control_msgs:${AMENT_PREFIX_PATH} CMAKE_PREFIX_PATH=/home/aprs/aprs/aprs_ws/install/controller_manager:/home/aprs/aprs/aprs_ws/install/controller_interface:/home/aprs/aprs/aprs_ws/install/hardware_interface:/home/aprs/aprs/aprs_ws/install/ros2_control_test_assets:/home/aprs/aprs/aprs_ws/install/controller_manager_msgs:/home/aprs/aprs/aprs_ws/install/control_msgs:/opt/ros/rolling LD_LIBRARY_PATH=/home/aprs/aprs/aprs_ws/install/controller_manager/lib:/home/aprs/aprs/aprs_ws/install/controller_interface/lib:/home/aprs/aprs/aprs_ws/install/hardware_interface/lib:/home/aprs/aprs/aprs_ws/install/ros2_control_test_assets/lib:/home/aprs/aprs/aprs_ws/install/controller_manager_msgs/lib:/home/aprs/aprs/aprs_ws/install/control_msgs/lib:${LD_LIBRARY_PATH} PYTHONPATH=/home/aprs/aprs/aprs_ws/install/controller_manager/lib/python3.10/site-packages:/home/aprs/aprs/aprs_ws/install/controller_manager_msgs/lib/python3.10/site-packages:/home/aprs/aprs/aprs_ws/install/control_msgs/lib/python3.10/site-packages:${PYTHONPATH} /usr/bin/cmake --build /home/aprs/aprs/aprs_ws/build/tricycle_controller -- -j16 -l16
[3.949s] [  7%] [32mBuilding CXX object CMakeFiles/tricycle_controller.dir/src/odometry.cpp.o[0m
[3.956s] [ 14%] [32mBuilding CXX object CMakeFiles/tricycle_controller.dir/src/tricycle_controller.cpp.o[0m
[3.961s] [ 21%] [32mBuilding CXX object gmock/CMakeFiles/gmock.dir/opt/ros/rolling/src/gtest_vendor/src/gtest-all.cc.o[0m
[3.964s] [ 28%] [32mBuilding CXX object CMakeFiles/tricycle_controller.dir/src/traction_limiter.cpp.o[0m
[3.973s] [ 35%] [32mBuilding CXX object CMakeFiles/tricycle_controller.dir/src/steering_limiter.cpp.o[0m
[3.978s] [ 42%] [32mBuilding CXX object gmock/CMakeFiles/gmock.dir/src/gmock-all.cc.o[0m
[3.990s] [ 50%] [32mBuilding CXX object gmock/CMakeFiles/gmock_main.dir/src/gmock_main.cc.o[0m
[6.750s] [ 57%] [32m[1mLinking CXX static library libgmock_main.a[0m
[6.805s] [ 57%] Built target gmock_main
[11.157s] [ 64%] [32m[1mLinking CXX static library libgmock.a[0m
[11.302s] [ 64%] Built target gmock
[23.082s] [ 71%] [32m[1mLinking CXX shared library libtricycle_controller.so[0m
[24.781s] [ 71%] Built target tricycle_controller
[24.805s] [ 78%] [32mBuilding CXX object CMakeFiles/test_tricycle_controller.dir/test/test_tricycle_controller.cpp.o[0m
[31.162s] [ 85%] [32m[1mLinking CXX executable test_tricycle_controller[0m
[32.097s] [ 85%] Built target test_tricycle_controller
[32.110s] [ 92%] [32mBuilding CXX object CMakeFiles/test_load_tricycle_controller.dir/test/test_load_tricycle_controller.cpp.o[0m
[36.946s] [100%] [32m[1mLinking CXX executable test_load_tricycle_controller[0m
[37.901s] [100%] Built target test_load_tricycle_controller
[37.912s] Invoked command in '/home/aprs/aprs/aprs_ws/build/tricycle_controller' returned '0': AMENT_PREFIX_PATH=/home/aprs/aprs/aprs_ws/install/controller_manager:/home/aprs/aprs/aprs_ws/install/controller_interface:/home/aprs/aprs/aprs_ws/install/hardware_interface:/home/aprs/aprs/aprs_ws/install/ros2_control_test_assets:/home/aprs/aprs/aprs_ws/install/controller_manager_msgs:/home/aprs/aprs/aprs_ws/install/control_msgs:${AMENT_PREFIX_PATH} CMAKE_PREFIX_PATH=/home/aprs/aprs/aprs_ws/install/controller_manager:/home/aprs/aprs/aprs_ws/install/controller_interface:/home/aprs/aprs/aprs_ws/install/hardware_interface:/home/aprs/aprs/aprs_ws/install/ros2_control_test_assets:/home/aprs/aprs/aprs_ws/install/controller_manager_msgs:/home/aprs/aprs/aprs_ws/install/control_msgs:/opt/ros/rolling LD_LIBRARY_PATH=/home/aprs/aprs/aprs_ws/install/controller_manager/lib:/home/aprs/aprs/aprs_ws/install/controller_interface/lib:/home/aprs/aprs/aprs_ws/install/hardware_interface/lib:/home/aprs/aprs/aprs_ws/install/ros2_control_test_assets/lib:/home/aprs/aprs/aprs_ws/install/controller_manager_msgs/lib:/home/aprs/aprs/aprs_ws/install/control_msgs/lib:${LD_LIBRARY_PATH} PYTHONPATH=/home/aprs/aprs/aprs_ws/install/controller_manager/lib/python3.10/site-packages:/home/aprs/aprs/aprs_ws/install/controller_manager_msgs/lib/python3.10/site-packages:/home/aprs/aprs/aprs_ws/install/control_msgs/lib/python3.10/site-packages:${PYTHONPATH} /usr/bin/cmake --build /home/aprs/aprs/aprs_ws/build/tricycle_controller -- -j16 -l16
[37.933s] Invoking command in '/home/aprs/aprs/aprs_ws/build/tricycle_controller': AMENT_PREFIX_PATH=/home/aprs/aprs/aprs_ws/install/controller_manager:/home/aprs/aprs/aprs_ws/install/controller_interface:/home/aprs/aprs/aprs_ws/install/hardware_interface:/home/aprs/aprs/aprs_ws/install/ros2_control_test_assets:/home/aprs/aprs/aprs_ws/install/controller_manager_msgs:/home/aprs/aprs/aprs_ws/install/control_msgs:${AMENT_PREFIX_PATH} CMAKE_PREFIX_PATH=/home/aprs/aprs/aprs_ws/install/controller_manager:/home/aprs/aprs/aprs_ws/install/controller_interface:/home/aprs/aprs/aprs_ws/install/hardware_interface:/home/aprs/aprs/aprs_ws/install/ros2_control_test_assets:/home/aprs/aprs/aprs_ws/install/controller_manager_msgs:/home/aprs/aprs/aprs_ws/install/control_msgs:/opt/ros/rolling LD_LIBRARY_PATH=/home/aprs/aprs/aprs_ws/install/controller_manager/lib:/home/aprs/aprs/aprs_ws/install/controller_interface/lib:/home/aprs/aprs/aprs_ws/install/hardware_interface/lib:/home/aprs/aprs/aprs_ws/install/ros2_control_test_assets/lib:/home/aprs/aprs/aprs_ws/install/controller_manager_msgs/lib:/home/aprs/aprs/aprs_ws/install/control_msgs/lib:${LD_LIBRARY_PATH} PYTHONPATH=/home/aprs/aprs/aprs_ws/install/controller_manager/lib/python3.10/site-packages:/home/aprs/aprs/aprs_ws/install/controller_manager_msgs/lib/python3.10/site-packages:/home/aprs/aprs/aprs_ws/install/control_msgs/lib/python3.10/site-packages:${PYTHONPATH} /usr/bin/cmake --install /home/aprs/aprs/aprs_ws/build/tricycle_controller
[37.937s] -- Install configuration: ""
[37.937s] -- Installing: /home/aprs/aprs/aprs_ws/install/tricycle_controller/share/tricycle_controller/tricycle_controller.xml
[37.937s] -- Installing: /home/aprs/aprs/aprs_ws/install/tricycle_controller/include/tricycle_controller
[37.937s] -- Installing: /home/aprs/aprs/aprs_ws/install/tricycle_controller/include/tricycle_controller/tricycle_controller
[37.937s] -- Installing: /home/aprs/aprs/aprs_ws/install/tricycle_controller/include/tricycle_controller/tricycle_controller/steering_limiter.hpp
[37.938s] -- Installing: /home/aprs/aprs/aprs_ws/install/tricycle_controller/include/tricycle_controller/tricycle_controller/traction_limiter.hpp
[37.938s] -- Installing: /home/aprs/aprs/aprs_ws/install/tricycle_controller/include/tricycle_controller/tricycle_controller/visibility_control.h
[37.938s] -- Installing: /home/aprs/aprs/aprs_ws/install/tricycle_controller/include/tricycle_controller/tricycle_controller/tricycle_controller.hpp
[37.938s] -- Installing: /home/aprs/aprs/aprs_ws/install/tricycle_controller/include/tricycle_controller/tricycle_controller/odometry.hpp
[37.938s] -- Installing: /home/aprs/aprs/aprs_ws/install/tricycle_controller/lib/libtricycle_controller.so
[37.945s] -- Set runtime path of "/home/aprs/aprs/aprs_ws/install/tricycle_controller/lib/libtricycle_controller.so" to ""
[37.945s] -- Installing: /home/aprs/aprs/aprs_ws/install/tricycle_controller/share/tricycle_controller/environment/library_path.sh
[37.945s] -- Installing: /home/aprs/aprs/aprs_ws/install/tricycle_controller/share/tricycle_controller/environment/library_path.dsv
[37.945s] -- Installing: /home/aprs/aprs/aprs_ws/install/tricycle_controller/share/ament_index/resource_index/package_run_dependencies/tricycle_controller
[37.945s] -- Installing: /home/aprs/aprs/aprs_ws/install/tricycle_controller/share/ament_index/resource_index/parent_prefix_path/tricycle_controller
[37.946s] -- Installing: /home/aprs/aprs/aprs_ws/install/tricycle_controller/share/tricycle_controller/environment/ament_prefix_path.sh
[37.946s] -- Installing: /home/aprs/aprs/aprs_ws/install/tricycle_controller/share/tricycle_controller/environment/ament_prefix_path.dsv
[37.946s] -- Installing: /home/aprs/aprs/aprs_ws/install/tricycle_controller/share/tricycle_controller/environment/path.sh
[37.946s] -- Installing: /home/aprs/aprs/aprs_ws/install/tricycle_controller/share/tricycle_controller/environment/path.dsv
[37.946s] -- Installing: /home/aprs/aprs/aprs_ws/install/tricycle_controller/share/tricycle_controller/local_setup.bash
[37.946s] -- Installing: /home/aprs/aprs/aprs_ws/install/tricycle_controller/share/tricycle_controller/local_setup.sh
[37.946s] -- Installing: /home/aprs/aprs/aprs_ws/install/tricycle_controller/share/tricycle_controller/local_setup.zsh
[37.946s] -- Installing: /home/aprs/aprs/aprs_ws/install/tricycle_controller/share/tricycle_controller/local_setup.dsv
[37.946s] -- Installing: /home/aprs/aprs/aprs_ws/install/tricycle_controller/share/tricycle_controller/package.dsv
[37.946s] -- Installing: /home/aprs/aprs/aprs_ws/install/tricycle_controller/share/ament_index/resource_index/packages/tricycle_controller
[37.946s] -- Installing: /home/aprs/aprs/aprs_ws/install/tricycle_controller/share/ament_index/resource_index/controller_interface__pluginlib__plugin/tricycle_controller
[37.946s] -- Installing: /home/aprs/aprs/aprs_ws/install/tricycle_controller/share/tricycle_controller/cmake/export_tricycle_controllerExport.cmake
[37.946s] -- Installing: /home/aprs/aprs/aprs_ws/install/tricycle_controller/share/tricycle_controller/cmake/export_tricycle_controllerExport-noconfig.cmake
[37.946s] -- Installing: /home/aprs/aprs/aprs_ws/install/tricycle_controller/share/tricycle_controller/cmake/ament_cmake_export_targets-extras.cmake
[37.947s] -- Installing: /home/aprs/aprs/aprs_ws/install/tricycle_controller/share/tricycle_controller/cmake/ament_cmake_export_dependencies-extras.cmake
[37.947s] -- Installing: /home/aprs/aprs/aprs_ws/install/tricycle_controller/share/tricycle_controller/cmake/tricycle_controllerConfig.cmake
[37.947s] -- Installing: /home/aprs/aprs/aprs_ws/install/tricycle_controller/share/tricycle_controller/cmake/tricycle_controllerConfig-version.cmake
[37.947s] -- Installing: /home/aprs/aprs/aprs_ws/install/tricycle_controller/share/tricycle_controller/package.xml
[37.950s] Invoked command in '/home/aprs/aprs/aprs_ws/build/tricycle_controller' returned '0': AMENT_PREFIX_PATH=/home/aprs/aprs/aprs_ws/install/controller_manager:/home/aprs/aprs/aprs_ws/install/controller_interface:/home/aprs/aprs/aprs_ws/install/hardware_interface:/home/aprs/aprs/aprs_ws/install/ros2_control_test_assets:/home/aprs/aprs/aprs_ws/install/controller_manager_msgs:/home/aprs/aprs/aprs_ws/install/control_msgs:${AMENT_PREFIX_PATH} CMAKE_PREFIX_PATH=/home/aprs/aprs/aprs_ws/install/controller_manager:/home/aprs/aprs/aprs_ws/install/controller_interface:/home/aprs/aprs/aprs_ws/install/hardware_interface:/home/aprs/aprs/aprs_ws/install/ros2_control_test_assets:/home/aprs/aprs/aprs_ws/install/controller_manager_msgs:/home/aprs/aprs/aprs_ws/install/control_msgs:/opt/ros/rolling LD_LIBRARY_PATH=/home/aprs/aprs/aprs_ws/install/controller_manager/lib:/home/aprs/aprs/aprs_ws/install/controller_interface/lib:/home/aprs/aprs/aprs_ws/install/hardware_interface/lib:/home/aprs/aprs/aprs_ws/install/ros2_control_test_assets/lib:/home/aprs/aprs/aprs_ws/install/controller_manager_msgs/lib:/home/aprs/aprs/aprs_ws/install/control_msgs/lib:${LD_LIBRARY_PATH} PYTHONPATH=/home/aprs/aprs/aprs_ws/install/controller_manager/lib/python3.10/site-packages:/home/aprs/aprs/aprs_ws/install/controller_manager_msgs/lib/python3.10/site-packages:/home/aprs/aprs/aprs_ws/install/control_msgs/lib/python3.10/site-packages:${PYTHONPATH} /usr/bin/cmake --install /home/aprs/aprs/aprs_ws/build/tricycle_controller
