[0.325s] Invoking command in '/workspaces/aprs/aprs_ws/build/fanuc_gz': CMAKE_PREFIX_PATH=${CMAKE_PREFIX_PATH}:/opt/ros/humble /usr/bin/cmake /workspaces/aprs/aprs_ws/src/fanuc_gz -DCMAKE_INSTALL_PREFIX=/workspaces/aprs/aprs_ws/install/fanuc_gz
[1.626s] -- The C compiler identification is GNU 11.4.0
[1.626s] -- The CXX compiler identification is GNU 11.4.0
[1.626s] -- Detecting C compiler ABI info
[1.626s] -- Detecting C compiler ABI info - done
[1.626s] -- Check for working C compiler: /usr/bin/cc - skipped
[1.626s] -- Detecting C compile features
[1.626s] -- Detecting C compile features - done
[1.626s] -- Detecting CXX compiler ABI info
[1.626s] -- Detecting CXX compiler ABI info - done
[1.627s] -- Check for working CXX compiler: /usr/bin/c++ - skipped
[1.627s] -- Detecting CXX compile features
[1.627s] -- Detecting CXX compile features - done
[1.627s] -- Found ament_cmake: 1.3.6 (/opt/ros/humble/share/ament_cmake/cmake)
[1.627s] -- Found Python3: /usr/bin/python3.10 (found version "3.10.12") found components: Interpreter 
[1.627s] -- Found control_msgs: 4.4.0 (/opt/ros/humble/share/control_msgs/cmake)
[1.676s] -- Found rosidl_generator_c: 3.1.5 (/opt/ros/humble/share/rosidl_generator_c/cmake)
[1.716s] -- Found rosidl_adapter: 3.1.5 (/opt/ros/humble/share/rosidl_adapter/cmake)
[1.731s] -- Found rosidl_generator_cpp: 3.1.5 (/opt/ros/humble/share/rosidl_generator_cpp/cmake)
[1.837s] -- Using all available rosidl_typesupport_c: rosidl_typesupport_fastrtps_c;rosidl_typesupport_introspection_c
[1.998s] -- Using all available rosidl_typesupport_cpp: rosidl_typesupport_fastrtps_cpp;rosidl_typesupport_introspection_cpp
[3.747s] -- Found rclcpp: 16.0.7 (/opt/ros/humble/share/rclcpp/cmake)
[4.164s] -- Found rmw_implementation_cmake: 6.1.1 (/opt/ros/humble/share/rmw_implementation_cmake/cmake)
[4.183s] -- Found rmw_fastrtps_cpp: 6.2.5 (/opt/ros/humble/share/rmw_fastrtps_cpp/cmake)
[4.701s] -- Found OpenSSL: /usr/lib/x86_64-linux-gnu/libcrypto.so (found version "3.0.2")  
[4.776s] -- Found FastRTPS: /opt/ros/humble/include  
[4.897s] -- Using RMW implementation 'rmw_fastrtps_cpp' as default
[4.944s] -- Looking for pthread.h
[5.120s] -- Looking for pthread.h - found
[5.120s] -- Performing Test CMAKE_HAVE_LIBC_PTHREAD
[5.291s] -- Performing Test CMAKE_HAVE_LIBC_PTHREAD - Success
[5.293s] -- Found Threads: TRUE  
[5.524s] -- Found rclcpp_action: 16.0.7 (/opt/ros/humble/share/rclcpp_action/cmake)
[5.590s] -- Found ament_cmake_gtest: 1.3.6 (/opt/ros/humble/share/ament_cmake_gtest/cmake)
[5.600s] -- Found ament_lint_auto: 0.12.9 (/opt/ros/humble/share/ament_lint_auto/cmake)
[5.796s] -- Added test 'copyright' to check source files copyright and LICENSE
[5.799s] -- Added test 'flake8' to check Python code syntax and style conventions
[5.801s] -- Added test 'lint_cmake' to check CMake code style
[5.802s] -- Added test 'pep257' to check Python code against some of the docstring style conventions in PEP 257
[5.804s] -- Added test 'xmllint' to check XML markup files
[5.806s] -- Configuring done
[5.815s] -- Generating done
[5.817s] -- Build files have been written to: /workspaces/aprs/aprs_ws/build/fanuc_gz
[6.543s] Invoked command in '/workspaces/aprs/aprs_ws/build/fanuc_gz' returned '0': CMAKE_PREFIX_PATH=${CMAKE_PREFIX_PATH}:/opt/ros/humble /usr/bin/cmake /workspaces/aprs/aprs_ws/src/fanuc_gz -DCMAKE_INSTALL_PREFIX=/workspaces/aprs/aprs_ws/install/fanuc_gz
[6.544s] Invoking command in '/workspaces/aprs/aprs_ws/build/fanuc_gz': CMAKE_PREFIX_PATH=${CMAKE_PREFIX_PATH}:/opt/ros/humble /usr/bin/cmake --build /workspaces/aprs/aprs_ws/build/fanuc_gz -- -j16 -l16
[6.875s] Invoked command in '/workspaces/aprs/aprs_ws/build/fanuc_gz' returned '0': CMAKE_PREFIX_PATH=${CMAKE_PREFIX_PATH}:/opt/ros/humble /usr/bin/cmake --build /workspaces/aprs/aprs_ws/build/fanuc_gz -- -j16 -l16
[7.112s] Invoking command in '/workspaces/aprs/aprs_ws/build/fanuc_gz': CMAKE_PREFIX_PATH=${CMAKE_PREFIX_PATH}:/opt/ros/humble /usr/bin/cmake --install /workspaces/aprs/aprs_ws/build/fanuc_gz
[8.993s] -- Install configuration: ""
[8.993s] -- Installing: /workspaces/aprs/aprs_ws/install/fanuc_gz/share/fanuc_gz//launch
[8.993s] -- Installing: /workspaces/aprs/aprs_ws/install/fanuc_gz/share/fanuc_gz//launch/fanucrobot.launch.py
[8.993s] -- Installing: /workspaces/aprs/aprs_ws/install/fanuc_gz/share/fanuc_gz//config
[8.994s] -- Installing: /workspaces/aprs/aprs_ws/install/fanuc_gz/share/fanuc_gz//config/controller.yaml
[8.994s] -- Installing: /workspaces/aprs/aprs_ws/install/fanuc_gz/share/ament_index/resource_index/package_run_dependencies/fanuc_gz
[8.994s] -- Installing: /workspaces/aprs/aprs_ws/install/fanuc_gz/share/ament_index/resource_index/parent_prefix_path/fanuc_gz
[8.994s] -- Installing: /workspaces/aprs/aprs_ws/install/fanuc_gz/share/fanuc_gz/environment/ament_prefix_path.sh
[8.994s] -- Installing: /workspaces/aprs/aprs_ws/install/fanuc_gz/share/fanuc_gz/environment/ament_prefix_path.dsv
[8.994s] -- Installing: /workspaces/aprs/aprs_ws/install/fanuc_gz/share/fanuc_gz/environment/path.sh
[8.994s] -- Installing: /workspaces/aprs/aprs_ws/install/fanuc_gz/share/fanuc_gz/environment/path.dsv
[8.994s] -- Installing: /workspaces/aprs/aprs_ws/install/fanuc_gz/share/fanuc_gz/local_setup.bash
[8.994s] -- Installing: /workspaces/aprs/aprs_ws/install/fanuc_gz/share/fanuc_gz/local_setup.sh
[8.994s] -- Installing: /workspaces/aprs/aprs_ws/install/fanuc_gz/share/fanuc_gz/local_setup.zsh
[8.994s] -- Installing: /workspaces/aprs/aprs_ws/install/fanuc_gz/share/fanuc_gz/local_setup.dsv
[8.995s] -- Installing: /workspaces/aprs/aprs_ws/install/fanuc_gz/share/fanuc_gz/package.dsv
[8.995s] -- Installing: /workspaces/aprs/aprs_ws/install/fanuc_gz/share/ament_index/resource_index/packages/fanuc_gz
[8.995s] -- Installing: /workspaces/aprs/aprs_ws/install/fanuc_gz/share/fanuc_gz/cmake/fanuc_gzConfig.cmake
[8.995s] -- Installing: /workspaces/aprs/aprs_ws/install/fanuc_gz/share/fanuc_gz/cmake/fanuc_gzConfig-version.cmake
[8.995s] -- Installing: /workspaces/aprs/aprs_ws/install/fanuc_gz/share/fanuc_gz/package.xml
[9.031s] Invoked command in '/workspaces/aprs/aprs_ws/build/fanuc_gz' returned '0': CMAKE_PREFIX_PATH=${CMAKE_PREFIX_PATH}:/opt/ros/humble /usr/bin/cmake --install /workspaces/aprs/aprs_ws/build/fanuc_gz
