[0.165s] Invoking command in '/workspaces/aprs/aprs_ws/build/ur_bringup': AMENT_PREFIX_PATH=/workspaces/aprs/aprs_ws/install/ur_controllers:/workspaces/aprs/aprs_ws/install/ur_msgs:/workspaces/aprs/aprs_ws/install/ur_description:/workspaces/aprs/aprs_ws/install/ur_dashboard_msgs:${AMENT_PREFIX_PATH} CMAKE_PREFIX_PATH=/workspaces/aprs/aprs_ws/install/ur_controllers:/workspaces/aprs/aprs_ws/install/ur_msgs:/workspaces/aprs/aprs_ws/install/ur_description:/workspaces/aprs/aprs_ws/install/ur_dashboard_msgs:/opt/ros/humble LD_LIBRARY_PATH=/workspaces/aprs/aprs_ws/install/ur_controllers/lib:/workspaces/aprs/aprs_ws/install/ur_msgs/lib:/workspaces/aprs/aprs_ws/install/ur_dashboard_msgs/lib:${LD_LIBRARY_PATH} PYTHONPATH=/workspaces/aprs/aprs_ws/install/ur_msgs/local/lib/python3.10/dist-packages:/workspaces/aprs/aprs_ws/install/ur_dashboard_msgs/local/lib/python3.10/dist-packages:${PYTHONPATH} /usr/bin/cmake /workspaces/aprs/aprs_ws/src/Universal_Robots_ROS2_Driver/ur_bringup -DCMAKE_INSTALL_PREFIX=/workspaces/aprs/aprs_ws/install/ur_bringup
[0.176s] -- Found ament_cmake: 1.3.5 (/opt/ros/humble/share/ament_cmake/cmake)
[0.370s] -- Configuring done
[0.373s] -- Generating done
[0.374s] -- Build files have been written to: /workspaces/aprs/aprs_ws/build/ur_bringup
[0.376s] Invoked command in '/workspaces/aprs/aprs_ws/build/ur_bringup' returned '0': AMENT_PREFIX_PATH=/workspaces/aprs/aprs_ws/install/ur_controllers:/workspaces/aprs/aprs_ws/install/ur_msgs:/workspaces/aprs/aprs_ws/install/ur_description:/workspaces/aprs/aprs_ws/install/ur_dashboard_msgs:${AMENT_PREFIX_PATH} CMAKE_PREFIX_PATH=/workspaces/aprs/aprs_ws/install/ur_controllers:/workspaces/aprs/aprs_ws/install/ur_msgs:/workspaces/aprs/aprs_ws/install/ur_description:/workspaces/aprs/aprs_ws/install/ur_dashboard_msgs:/opt/ros/humble LD_LIBRARY_PATH=/workspaces/aprs/aprs_ws/install/ur_controllers/lib:/workspaces/aprs/aprs_ws/install/ur_msgs/lib:/workspaces/aprs/aprs_ws/install/ur_dashboard_msgs/lib:${LD_LIBRARY_PATH} PYTHONPATH=/workspaces/aprs/aprs_ws/install/ur_msgs/local/lib/python3.10/dist-packages:/workspaces/aprs/aprs_ws/install/ur_dashboard_msgs/local/lib/python3.10/dist-packages:${PYTHONPATH} /usr/bin/cmake /workspaces/aprs/aprs_ws/src/Universal_Robots_ROS2_Driver/ur_bringup -DCMAKE_INSTALL_PREFIX=/workspaces/aprs/aprs_ws/install/ur_bringup
[0.378s] Invoking command in '/workspaces/aprs/aprs_ws/build/ur_bringup': AMENT_PREFIX_PATH=/workspaces/aprs/aprs_ws/install/ur_controllers:/workspaces/aprs/aprs_ws/install/ur_msgs:/workspaces/aprs/aprs_ws/install/ur_description:/workspaces/aprs/aprs_ws/install/ur_dashboard_msgs:${AMENT_PREFIX_PATH} CMAKE_PREFIX_PATH=/workspaces/aprs/aprs_ws/install/ur_controllers:/workspaces/aprs/aprs_ws/install/ur_msgs:/workspaces/aprs/aprs_ws/install/ur_description:/workspaces/aprs/aprs_ws/install/ur_dashboard_msgs:/opt/ros/humble LD_LIBRARY_PATH=/workspaces/aprs/aprs_ws/install/ur_controllers/lib:/workspaces/aprs/aprs_ws/install/ur_msgs/lib:/workspaces/aprs/aprs_ws/install/ur_dashboard_msgs/lib:${LD_LIBRARY_PATH} PYTHONPATH=/workspaces/aprs/aprs_ws/install/ur_msgs/local/lib/python3.10/dist-packages:/workspaces/aprs/aprs_ws/install/ur_dashboard_msgs/local/lib/python3.10/dist-packages:${PYTHONPATH} /usr/bin/cmake --build /workspaces/aprs/aprs_ws/build/ur_bringup -- -j16 -l16
[0.419s] Invoked command in '/workspaces/aprs/aprs_ws/build/ur_bringup' returned '0': AMENT_PREFIX_PATH=/workspaces/aprs/aprs_ws/install/ur_controllers:/workspaces/aprs/aprs_ws/install/ur_msgs:/workspaces/aprs/aprs_ws/install/ur_description:/workspaces/aprs/aprs_ws/install/ur_dashboard_msgs:${AMENT_PREFIX_PATH} CMAKE_PREFIX_PATH=/workspaces/aprs/aprs_ws/install/ur_controllers:/workspaces/aprs/aprs_ws/install/ur_msgs:/workspaces/aprs/aprs_ws/install/ur_description:/workspaces/aprs/aprs_ws/install/ur_dashboard_msgs:/opt/ros/humble LD_LIBRARY_PATH=/workspaces/aprs/aprs_ws/install/ur_controllers/lib:/workspaces/aprs/aprs_ws/install/ur_msgs/lib:/workspaces/aprs/aprs_ws/install/ur_dashboard_msgs/lib:${LD_LIBRARY_PATH} PYTHONPATH=/workspaces/aprs/aprs_ws/install/ur_msgs/local/lib/python3.10/dist-packages:/workspaces/aprs/aprs_ws/install/ur_dashboard_msgs/local/lib/python3.10/dist-packages:${PYTHONPATH} /usr/bin/cmake --build /workspaces/aprs/aprs_ws/build/ur_bringup -- -j16 -l16
[0.440s] Invoking command in '/workspaces/aprs/aprs_ws/build/ur_bringup': AMENT_PREFIX_PATH=/workspaces/aprs/aprs_ws/install/ur_controllers:/workspaces/aprs/aprs_ws/install/ur_msgs:/workspaces/aprs/aprs_ws/install/ur_description:/workspaces/aprs/aprs_ws/install/ur_dashboard_msgs:${AMENT_PREFIX_PATH} CMAKE_PREFIX_PATH=/workspaces/aprs/aprs_ws/install/ur_controllers:/workspaces/aprs/aprs_ws/install/ur_msgs:/workspaces/aprs/aprs_ws/install/ur_description:/workspaces/aprs/aprs_ws/install/ur_dashboard_msgs:/opt/ros/humble LD_LIBRARY_PATH=/workspaces/aprs/aprs_ws/install/ur_controllers/lib:/workspaces/aprs/aprs_ws/install/ur_msgs/lib:/workspaces/aprs/aprs_ws/install/ur_dashboard_msgs/lib:${LD_LIBRARY_PATH} PYTHONPATH=/workspaces/aprs/aprs_ws/install/ur_msgs/local/lib/python3.10/dist-packages:/workspaces/aprs/aprs_ws/install/ur_dashboard_msgs/local/lib/python3.10/dist-packages:${PYTHONPATH} /usr/bin/cmake --install /workspaces/aprs/aprs_ws/build/ur_bringup
[0.448s] -- Install configuration: ""
[0.448s] -- Up-to-date: /workspaces/aprs/aprs_ws/install/ur_bringup/share/ur_bringup/config
[0.448s] -- Up-to-date: /workspaces/aprs/aprs_ws/install/ur_bringup/share/ur_bringup/config/ur5_update_rate.yaml
[0.448s] -- Up-to-date: /workspaces/aprs/aprs_ws/install/ur_bringup/share/ur_bringup/config/ur16e_update_rate.yaml
[0.448s] -- Up-to-date: /workspaces/aprs/aprs_ws/install/ur_bringup/share/ur_bringup/config/test_goal_publishers_config.yaml
[0.448s] -- Up-to-date: /workspaces/aprs/aprs_ws/install/ur_bringup/share/ur_bringup/config/ur5e_update_rate.yaml
[0.448s] -- Up-to-date: /workspaces/aprs/aprs_ws/install/ur_bringup/share/ur_bringup/config/ur10_update_rate.yaml
[0.448s] -- Up-to-date: /workspaces/aprs/aprs_ws/install/ur_bringup/share/ur_bringup/config/ur3e_update_rate.yaml
[0.449s] -- Up-to-date: /workspaces/aprs/aprs_ws/install/ur_bringup/share/ur_bringup/config/ur_controllers.yaml
[0.449s] -- Up-to-date: /workspaces/aprs/aprs_ws/install/ur_bringup/share/ur_bringup/config/ur3_update_rate.yaml
[0.449s] -- Up-to-date: /workspaces/aprs/aprs_ws/install/ur_bringup/share/ur_bringup/config/test_velocity_goal_publishers_config.yaml
[0.449s] -- Up-to-date: /workspaces/aprs/aprs_ws/install/ur_bringup/share/ur_bringup/config/ur10e_update_rate.yaml
[0.449s] -- Up-to-date: /workspaces/aprs/aprs_ws/install/ur_bringup/share/ur_bringup/launch
[0.449s] -- Up-to-date: /workspaces/aprs/aprs_ws/install/ur_bringup/share/ur_bringup/launch/ur5e.launch.py
[0.449s] -- Up-to-date: /workspaces/aprs/aprs_ws/install/ur_bringup/share/ur_bringup/launch/ur3e.launch.py
[0.449s] -- Up-to-date: /workspaces/aprs/aprs_ws/install/ur_bringup/share/ur_bringup/launch/test_scaled_joint_trajectory_controller.launch.py
[0.449s] -- Up-to-date: /workspaces/aprs/aprs_ws/install/ur_bringup/share/ur_bringup/launch/ur_dashboard_client.launch.py
[0.449s] -- Up-to-date: /workspaces/aprs/aprs_ws/install/ur_bringup/share/ur_bringup/launch/ur16e.launch.py
[0.449s] -- Up-to-date: /workspaces/aprs/aprs_ws/install/ur_bringup/share/ur_bringup/launch/ur10.launch.py
[0.449s] -- Up-to-date: /workspaces/aprs/aprs_ws/install/ur_bringup/share/ur_bringup/launch/test_forward_velocity_controller.launch.py
[0.450s] -- Up-to-date: /workspaces/aprs/aprs_ws/install/ur_bringup/share/ur_bringup/launch/ur_control.launch.py
[0.450s] -- Up-to-date: /workspaces/aprs/aprs_ws/install/ur_bringup/share/ur_bringup/launch/ur10e.launch.py
[0.450s] -- Up-to-date: /workspaces/aprs/aprs_ws/install/ur_bringup/share/ur_bringup/launch/test_joint_trajectory_controller.launch.py
[0.450s] -- Up-to-date: /workspaces/aprs/aprs_ws/install/ur_bringup/share/ur_bringup/launch/ur5.launch.py
[0.450s] -- Up-to-date: /workspaces/aprs/aprs_ws/install/ur_bringup/share/ur_bringup/launch/ur3.launch.py
[0.450s] -- Up-to-date: /workspaces/aprs/aprs_ws/install/ur_bringup/lib/ur_bringup/start_ursim.sh
[0.450s] -- Up-to-date: /workspaces/aprs/aprs_ws/install/ur_bringup/share/ament_index/resource_index/package_run_dependencies/ur_bringup
[0.450s] -- Up-to-date: /workspaces/aprs/aprs_ws/install/ur_bringup/share/ament_index/resource_index/parent_prefix_path/ur_bringup
[0.450s] -- Up-to-date: /workspaces/aprs/aprs_ws/install/ur_bringup/share/ur_bringup/environment/ament_prefix_path.sh
[0.450s] -- Installing: /workspaces/aprs/aprs_ws/install/ur_bringup/share/ur_bringup/environment/ament_prefix_path.dsv
[0.450s] -- Up-to-date: /workspaces/aprs/aprs_ws/install/ur_bringup/share/ur_bringup/environment/path.sh
[0.450s] -- Installing: /workspaces/aprs/aprs_ws/install/ur_bringup/share/ur_bringup/environment/path.dsv
[0.450s] -- Up-to-date: /workspaces/aprs/aprs_ws/install/ur_bringup/share/ur_bringup/local_setup.bash
[0.450s] -- Up-to-date: /workspaces/aprs/aprs_ws/install/ur_bringup/share/ur_bringup/local_setup.sh
[0.450s] -- Up-to-date: /workspaces/aprs/aprs_ws/install/ur_bringup/share/ur_bringup/local_setup.zsh
[0.450s] -- Installing: /workspaces/aprs/aprs_ws/install/ur_bringup/share/ur_bringup/local_setup.dsv
[0.450s] -- Installing: /workspaces/aprs/aprs_ws/install/ur_bringup/share/ur_bringup/package.dsv
[0.451s] -- Up-to-date: /workspaces/aprs/aprs_ws/install/ur_bringup/share/ament_index/resource_index/packages/ur_bringup
[0.451s] -- Up-to-date: /workspaces/aprs/aprs_ws/install/ur_bringup/share/ur_bringup/cmake/ur_bringupConfig.cmake
[0.451s] -- Up-to-date: /workspaces/aprs/aprs_ws/install/ur_bringup/share/ur_bringup/cmake/ur_bringupConfig-version.cmake
[0.451s] -- Up-to-date: /workspaces/aprs/aprs_ws/install/ur_bringup/share/ur_bringup/package.xml
[0.453s] Invoked command in '/workspaces/aprs/aprs_ws/build/ur_bringup' returned '0': AMENT_PREFIX_PATH=/workspaces/aprs/aprs_ws/install/ur_controllers:/workspaces/aprs/aprs_ws/install/ur_msgs:/workspaces/aprs/aprs_ws/install/ur_description:/workspaces/aprs/aprs_ws/install/ur_dashboard_msgs:${AMENT_PREFIX_PATH} CMAKE_PREFIX_PATH=/workspaces/aprs/aprs_ws/install/ur_controllers:/workspaces/aprs/aprs_ws/install/ur_msgs:/workspaces/aprs/aprs_ws/install/ur_description:/workspaces/aprs/aprs_ws/install/ur_dashboard_msgs:/opt/ros/humble LD_LIBRARY_PATH=/workspaces/aprs/aprs_ws/install/ur_controllers/lib:/workspaces/aprs/aprs_ws/install/ur_msgs/lib:/workspaces/aprs/aprs_ws/install/ur_dashboard_msgs/lib:${LD_LIBRARY_PATH} PYTHONPATH=/workspaces/aprs/aprs_ws/install/ur_msgs/local/lib/python3.10/dist-packages:/workspaces/aprs/aprs_ws/install/ur_dashboard_msgs/local/lib/python3.10/dist-packages:${PYTHONPATH} /usr/bin/cmake --install /workspaces/aprs/aprs_ws/build/ur_bringup
