[0.193s] Invoking command in '/workspaces/aprs_humble/aprs_ws/build/ur_moveit_config': AMENT_PREFIX_PATH=/workspaces/aprs_humble/aprs_ws/install/ur_description:${AMENT_PREFIX_PATH} CMAKE_PREFIX_PATH=/workspaces/aprs_humble/aprs_ws/install/ur_description:/opt/ros/humble /usr/bin/cmake /workspaces/aprs_humble/aprs_ws/src/Universal_Robots_ROS2_Driver/ur_moveit_config -DBUILD_TESTING=ON -DCMAKE_INSTALL_PREFIX=/workspaces/aprs_humble/aprs_ws/install/ur_moveit_config
[2.948s] -- The C compiler identification is GNU 11.4.0
[2.948s] -- The CXX compiler identification is GNU 11.4.0
[2.948s] -- Detecting C compiler ABI info
[2.949s] -- Detecting C compiler ABI info - done
[2.949s] -- Check for working C compiler: /usr/bin/cc - skipped
[2.949s] -- Detecting C compile features
[2.949s] -- Detecting C compile features - done
[2.949s] -- Detecting CXX compiler ABI info
[2.949s] -- Detecting CXX compiler ABI info - done
[2.949s] -- Check for working CXX compiler: /usr/bin/c++ - skipped
[2.949s] -- Detecting CXX compile features
[2.949s] -- Detecting CXX compile features - done
[2.949s] -- Found ament_cmake: 1.3.5 (/opt/ros/humble/share/ament_cmake/cmake)
[2.950s] -- Found Python3: /usr/bin/python3.10 (found version "3.10.12") found components: Interpreter 
[2.958s] -- Configuring done
[2.964s] -- Generating done
[2.965s] -- Build files have been written to: /workspaces/aprs_humble/aprs_ws/build/ur_moveit_config
[3.004s] Invoked command in '/workspaces/aprs_humble/aprs_ws/build/ur_moveit_config' returned '0': AMENT_PREFIX_PATH=/workspaces/aprs_humble/aprs_ws/install/ur_description:${AMENT_PREFIX_PATH} CMAKE_PREFIX_PATH=/workspaces/aprs_humble/aprs_ws/install/ur_description:/opt/ros/humble /usr/bin/cmake /workspaces/aprs_humble/aprs_ws/src/Universal_Robots_ROS2_Driver/ur_moveit_config -DBUILD_TESTING=ON -DCMAKE_INSTALL_PREFIX=/workspaces/aprs_humble/aprs_ws/install/ur_moveit_config
[3.005s] Invoking command in '/workspaces/aprs_humble/aprs_ws/build/ur_moveit_config': AMENT_PREFIX_PATH=/workspaces/aprs_humble/aprs_ws/install/ur_description:${AMENT_PREFIX_PATH} CMAKE_PREFIX_PATH=/workspaces/aprs_humble/aprs_ws/install/ur_description:/opt/ros/humble /usr/bin/cmake --build /workspaces/aprs_humble/aprs_ws/build/ur_moveit_config -- -j16 -l16
[3.250s] Built target ament_cmake_python_copy_ur_moveit_config
[4.241s] running egg_info
[4.242s] creating ur_moveit_config.egg-info
[4.242s] writing ur_moveit_config.egg-info/PKG-INFO
[4.242s] writing dependency_links to ur_moveit_config.egg-info/dependency_links.txt
[4.243s] writing top-level names to ur_moveit_config.egg-info/top_level.txt
[4.243s] writing manifest file 'ur_moveit_config.egg-info/SOURCES.txt'
[4.249s] reading manifest file 'ur_moveit_config.egg-info/SOURCES.txt'
[4.250s] writing manifest file 'ur_moveit_config.egg-info/SOURCES.txt'
[4.357s] Built target ament_cmake_python_build_ur_moveit_config_egg
[4.397s] Invoked command in '/workspaces/aprs_humble/aprs_ws/build/ur_moveit_config' returned '0': AMENT_PREFIX_PATH=/workspaces/aprs_humble/aprs_ws/install/ur_description:${AMENT_PREFIX_PATH} CMAKE_PREFIX_PATH=/workspaces/aprs_humble/aprs_ws/install/ur_description:/opt/ros/humble /usr/bin/cmake --build /workspaces/aprs_humble/aprs_ws/build/ur_moveit_config -- -j16 -l16
[4.765s] Invoking command in '/workspaces/aprs_humble/aprs_ws/build/ur_moveit_config': AMENT_PREFIX_PATH=/workspaces/aprs_humble/aprs_ws/install/ur_description:${AMENT_PREFIX_PATH} CMAKE_PREFIX_PATH=/workspaces/aprs_humble/aprs_ws/install/ur_description:/opt/ros/humble /usr/bin/cmake --install /workspaces/aprs_humble/aprs_ws/build/ur_moveit_config
[4.823s] -- Install configuration: ""
[4.828s] -- Installing: /workspaces/aprs_humble/aprs_ws/install/ur_moveit_config/share/ur_moveit_config/config
[4.828s] -- Installing: /workspaces/aprs_humble/aprs_ws/install/ur_moveit_config/share/ur_moveit_config/config/ompl_planning.yaml
[4.828s] -- Installing: /workspaces/aprs_humble/aprs_ws/install/ur_moveit_config/share/ur_moveit_config/config/ur_servo.yaml
[4.828s] -- Installing: /workspaces/aprs_humble/aprs_ws/install/ur_moveit_config/share/ur_moveit_config/config/kinematics.yaml
[4.828s] -- Installing: /workspaces/aprs_humble/aprs_ws/install/ur_moveit_config/share/ur_moveit_config/config/controllers.yaml
[4.828s] -- Installing: /workspaces/aprs_humble/aprs_ws/install/ur_moveit_config/share/ur_moveit_config/launch
[4.829s] -- Installing: /workspaces/aprs_humble/aprs_ws/install/ur_moveit_config/share/ur_moveit_config/launch/ur_moveit.launch.py
[4.829s] -- Installing: /workspaces/aprs_humble/aprs_ws/install/ur_moveit_config/share/ur_moveit_config/rviz
[4.829s] -- Installing: /workspaces/aprs_humble/aprs_ws/install/ur_moveit_config/share/ur_moveit_config/rviz/view_robot.rviz
[4.829s] -- Installing: /workspaces/aprs_humble/aprs_ws/install/ur_moveit_config/share/ur_moveit_config/srdf
[4.829s] -- Installing: /workspaces/aprs_humble/aprs_ws/install/ur_moveit_config/share/ur_moveit_config/srdf/ur_macro.srdf.xacro
[4.829s] -- Installing: /workspaces/aprs_humble/aprs_ws/install/ur_moveit_config/share/ur_moveit_config/srdf/ur.srdf.xacro
[4.829s] -- Installing: /workspaces/aprs_humble/aprs_ws/install/ur_moveit_config/share/ur_moveit_config/environment/pythonpath.sh
[4.830s] -- Installing: /workspaces/aprs_humble/aprs_ws/install/ur_moveit_config/share/ur_moveit_config/environment/pythonpath.dsv
[4.830s] -- Installing: /workspaces/aprs_humble/aprs_ws/install/ur_moveit_config/local/lib/python3.10/dist-packages/ur_moveit_config-2.2.8-py3.10.egg-info
[4.830s] -- Installing: /workspaces/aprs_humble/aprs_ws/install/ur_moveit_config/local/lib/python3.10/dist-packages/ur_moveit_config-2.2.8-py3.10.egg-info/dependency_links.txt
[4.830s] -- Installing: /workspaces/aprs_humble/aprs_ws/install/ur_moveit_config/local/lib/python3.10/dist-packages/ur_moveit_config-2.2.8-py3.10.egg-info/top_level.txt
[4.830s] -- Installing: /workspaces/aprs_humble/aprs_ws/install/ur_moveit_config/local/lib/python3.10/dist-packages/ur_moveit_config-2.2.8-py3.10.egg-info/PKG-INFO
[4.830s] -- Installing: /workspaces/aprs_humble/aprs_ws/install/ur_moveit_config/local/lib/python3.10/dist-packages/ur_moveit_config-2.2.8-py3.10.egg-info/SOURCES.txt
[4.830s] -- Installing: /workspaces/aprs_humble/aprs_ws/install/ur_moveit_config/local/lib/python3.10/dist-packages/ur_moveit_config
[4.831s] -- Installing: /workspaces/aprs_humble/aprs_ws/install/ur_moveit_config/local/lib/python3.10/dist-packages/ur_moveit_config/launch_common.py
[4.831s] -- Installing: /workspaces/aprs_humble/aprs_ws/install/ur_moveit_config/local/lib/python3.10/dist-packages/ur_moveit_config/__init__.py
[4.983s] Listing '/workspaces/aprs_humble/aprs_ws/install/ur_moveit_config/local/lib/python3.10/dist-packages/ur_moveit_config'...
[4.984s] Compiling '/workspaces/aprs_humble/aprs_ws/install/ur_moveit_config/local/lib/python3.10/dist-packages/ur_moveit_config/__init__.py'...
[4.984s] Compiling '/workspaces/aprs_humble/aprs_ws/install/ur_moveit_config/local/lib/python3.10/dist-packages/ur_moveit_config/launch_common.py'...
[5.024s] -- Installing: /workspaces/aprs_humble/aprs_ws/install/ur_moveit_config/local/lib/python3.10/dist-packages/launch_common.py
[5.169s] Compiling '/workspaces/aprs_humble/aprs_ws/install/ur_moveit_config/local/lib/python3.10/dist-packages/launch_common.py'...
[5.212s] -- Installing: /workspaces/aprs_humble/aprs_ws/install/ur_moveit_config/share/ament_index/resource_index/package_run_dependencies/ur_moveit_config
[5.214s] -- Installing: /workspaces/aprs_humble/aprs_ws/install/ur_moveit_config/share/ament_index/resource_index/parent_prefix_path/ur_moveit_config
[5.215s] -- Installing: /workspaces/aprs_humble/aprs_ws/install/ur_moveit_config/share/ur_moveit_config/environment/ament_prefix_path.sh
[5.215s] -- Installing: /workspaces/aprs_humble/aprs_ws/install/ur_moveit_config/share/ur_moveit_config/environment/ament_prefix_path.dsv
[5.215s] -- Installing: /workspaces/aprs_humble/aprs_ws/install/ur_moveit_config/share/ur_moveit_config/environment/path.sh
[5.215s] -- Installing: /workspaces/aprs_humble/aprs_ws/install/ur_moveit_config/share/ur_moveit_config/environment/path.dsv
[5.215s] -- Installing: /workspaces/aprs_humble/aprs_ws/install/ur_moveit_config/share/ur_moveit_config/local_setup.bash
[5.215s] -- Installing: /workspaces/aprs_humble/aprs_ws/install/ur_moveit_config/share/ur_moveit_config/local_setup.sh
[5.215s] -- Installing: /workspaces/aprs_humble/aprs_ws/install/ur_moveit_config/share/ur_moveit_config/local_setup.zsh
[5.216s] -- Installing: /workspaces/aprs_humble/aprs_ws/install/ur_moveit_config/share/ur_moveit_config/local_setup.dsv
[5.216s] -- Installing: /workspaces/aprs_humble/aprs_ws/install/ur_moveit_config/share/ur_moveit_config/package.dsv
[5.216s] -- Installing: /workspaces/aprs_humble/aprs_ws/install/ur_moveit_config/share/ament_index/resource_index/packages/ur_moveit_config
[5.216s] -- Installing: /workspaces/aprs_humble/aprs_ws/install/ur_moveit_config/share/ur_moveit_config/cmake/ur_moveit_configConfig.cmake
[5.216s] -- Installing: /workspaces/aprs_humble/aprs_ws/install/ur_moveit_config/share/ur_moveit_config/cmake/ur_moveit_configConfig-version.cmake
[5.217s] -- Installing: /workspaces/aprs_humble/aprs_ws/install/ur_moveit_config/share/ur_moveit_config/package.xml
[5.264s] Invoked command in '/workspaces/aprs_humble/aprs_ws/build/ur_moveit_config' returned '0': AMENT_PREFIX_PATH=/workspaces/aprs_humble/aprs_ws/install/ur_description:${AMENT_PREFIX_PATH} CMAKE_PREFIX_PATH=/workspaces/aprs_humble/aprs_ws/install/ur_description:/opt/ros/humble /usr/bin/cmake --install /workspaces/aprs_humble/aprs_ws/build/ur_moveit_config
