[0.024s] Invoking command in '/home/aprs/aprs/aprs_ws/build/tricycle_steering_controller': AMENT_PREFIX_PATH=/home/aprs/aprs/aprs_ws/install/steering_controllers_library:/home/aprs/aprs/aprs_ws/install/controller_manager:/home/aprs/aprs/aprs_ws/install/controller_interface:/home/aprs/aprs/aprs_ws/install/hardware_interface:/home/aprs/aprs/aprs_ws/install/ros2_control_test_assets:/home/aprs/aprs/aprs_ws/install/controller_manager_msgs:/home/aprs/aprs/aprs_ws/install/control_msgs:${AMENT_PREFIX_PATH} CMAKE_PREFIX_PATH=/home/aprs/aprs/aprs_ws/install/steering_controllers_library:/home/aprs/aprs/aprs_ws/install/controller_manager:/home/aprs/aprs/aprs_ws/install/controller_interface:/home/aprs/aprs/aprs_ws/install/hardware_interface:/home/aprs/aprs/aprs_ws/install/ros2_control_test_assets:/home/aprs/aprs/aprs_ws/install/controller_manager_msgs:/home/aprs/aprs/aprs_ws/install/control_msgs:/opt/ros/rolling LD_LIBRARY_PATH=/home/aprs/aprs/aprs_ws/install/steering_controllers_library/lib:/home/aprs/aprs/aprs_ws/install/controller_manager/lib:/home/aprs/aprs/aprs_ws/install/controller_interface/lib:/home/aprs/aprs/aprs_ws/install/hardware_interface/lib:/home/aprs/aprs/aprs_ws/install/ros2_control_test_assets/lib:/home/aprs/aprs/aprs_ws/install/controller_manager_msgs/lib:/home/aprs/aprs/aprs_ws/install/control_msgs/lib:${LD_LIBRARY_PATH} PYTHONPATH=/home/aprs/aprs/aprs_ws/install/controller_manager/lib/python3.10/site-packages:/home/aprs/aprs/aprs_ws/install/controller_manager_msgs/lib/python3.10/site-packages:/home/aprs/aprs/aprs_ws/install/control_msgs/lib/python3.10/site-packages:${PYTHONPATH} /usr/bin/cmake /home/aprs/aprs/aprs_ws/src/ros2_controllers/tricycle_steering_controller -DCMAKE_INSTALL_PREFIX=/home/aprs/aprs/aprs_ws/install/tricycle_steering_controller
[0.095s] -- The CXX compiler identification is GNU 11.4.0
[0.103s] -- Detecting CXX compiler ABI info
[0.197s] -- Detecting CXX compiler ABI info - done
[0.205s] -- Check for working CXX compiler: /usr/bin/c++ - skipped
[0.205s] -- Detecting CXX compile features
[0.205s] -- Detecting CXX compile features - done
[0.209s] -- Found ament_cmake: 2.2.1 (/opt/ros/rolling/share/ament_cmake/cmake)
[0.386s] -- Found Python3: /usr/bin/python3.10 (found version "3.10.12") found components: Interpreter 
[0.469s] -- Found backward_ros: 1.0.2 (/opt/ros/rolling/share/backward_ros/cmake)
[0.478s] -- Found libdw: /usr/lib/x86_64-linux-gnu/libdw.so  
[0.485s] -- Could NOT find libbfd (missing: LIBBFD_LIBRARY LIBBFD_INCLUDE_DIR) 
[0.485s] -- BACKWARD_HAS_UNWIND=1
[0.485s] -- BACKWARD_HAS_BACKTRACE=0
[0.485s] -- BACKWARD_HAS_BACKTRACE_SYMBOL=0
[0.485s] -- BACKWARD_HAS_DW=1
[0.485s] -- BACKWARD_HAS_BFD=0
[0.485s] -- Found Backward: /opt/ros/rolling/share/backward_ros/cmake  
[0.486s] -- Found controller_interface: 3.17.0 (/home/aprs/aprs/aprs_ws/install/controller_interface/share/controller_interface/cmake)
[0.529s] -- Found rosidl_generator_c: 4.3.0 (/opt/ros/rolling/share/rosidl_generator_c/cmake)
[0.544s] -- Found rosidl_generator_cpp: 4.3.0 (/opt/ros/rolling/share/rosidl_generator_cpp/cmake)
[0.564s] -- Using all available rosidl_typesupport_c: rosidl_typesupport_fastrtps_c;rosidl_typesupport_introspection_c
[0.587s] -- Using all available rosidl_typesupport_cpp: rosidl_typesupport_fastrtps_cpp;rosidl_typesupport_introspection_cpp
[1.465s] -- Found rmw_implementation_cmake: 7.2.1 (/opt/ros/rolling/share/rmw_implementation_cmake/cmake)
[1.469s] -- Found rmw_fastrtps_cpp: 7.3.0 (/opt/ros/rolling/share/rmw_fastrtps_cpp/cmake)
[1.570s] -- Found OpenSSL: /usr/lib/x86_64-linux-gnu/libcrypto.so (found version "3.0.2")  
[1.595s] -- Found FastRTPS: /opt/ros/rolling/include  
[1.637s] -- Using RMW implementation 'rmw_fastrtps_cpp' as default
[1.793s] -- Found generate_parameter_library: 0.3.3 (/opt/ros/rolling/share/generate_parameter_library/cmake)
[1.797s] -- Found parameter_traits: 0.3.3 (/opt/ros/rolling/share/parameter_traits/cmake)
[1.817s] -- Found realtime_tools: 2.5.0 (/opt/ros/rolling/share/realtime_tools/cmake)
[2.000s] -- Found std_srvs: 5.2.0 (/opt/ros/rolling/share/std_srvs/cmake)
[2.037s] -- Found steering_controllers_library: 3.13.0 (/home/aprs/aprs/aprs_ws/install/steering_controllers_library/share/steering_controllers_library/cmake)
[2.283s] -- Found eigen3_cmake_module: 0.3.0 (/opt/ros/rolling/share/eigen3_cmake_module/cmake)
[2.284s] -- Found Eigen3: TRUE (found version "3.4.0") 
[2.284s] -- Ensuring Eigen3 include directory is part of orocos-kdl CMake target
[2.426s] -- Found ament_cmake_gmock: 2.2.1 (/opt/ros/rolling/share/ament_cmake_gmock/cmake)
[2.427s] -- Found controller_manager: 3.17.0 (/home/aprs/aprs/aprs_ws/install/controller_manager/share/controller_manager/cmake)
[2.611s] -- Found ros2_control_test_assets: 3.17.0 (/home/aprs/aprs/aprs_ws/install/ros2_control_test_assets/share/ros2_control_test_assets/cmake)
[2.613s] -- Found gmock sources under '/opt/ros/rolling/src/gmock_vendor': C++ tests using 'Google Mock' will be built
[2.642s] -- The C compiler identification is GNU 11.4.0
[2.648s] -- Detecting C compiler ABI info
[2.735s] -- Detecting C compiler ABI info - done
[2.747s] -- Check for working C compiler: /usr/bin/cc - skipped
[2.747s] -- Detecting C compile features
[2.747s] -- Detecting C compile features - done
[2.753s] -- Found ament_cmake_gtest: 2.2.1 (/opt/ros/rolling/share/ament_cmake_gtest/cmake)
[2.754s] -- Found gtest sources under '/opt/ros/rolling/src/gtest_vendor': C++ tests using 'Google Test' will be built
[2.764s] -- Found gmock sources under '/opt/ros/rolling/src/gmock_vendor': C++ tests using 'Google Mock' will be built
[2.764s] -- Found ament_cmake_gtest: 2.2.1 (/opt/ros/rolling/share/ament_cmake_gtest/cmake)
[2.764s] -- Found gtest sources under '/opt/ros/rolling/src/gtest_vendor': C++ tests using 'Google Test' will be built
[2.764s] -- Found gmock sources under '/opt/ros/rolling/src/gmock_vendor': C++ tests using 'Google Mock' will be built
[2.764s] -- Found ament_cmake_gtest: 2.2.1 (/opt/ros/rolling/share/ament_cmake_gtest/cmake)
[2.764s] -- Found gtest sources under '/opt/ros/rolling/src/gtest_vendor': C++ tests using 'Google Test' will be built
[2.837s] -- Configuring done
[2.893s] -- Generating done
[2.896s] -- Build files have been written to: /home/aprs/aprs/aprs_ws/build/tricycle_steering_controller
[2.914s] Invoked command in '/home/aprs/aprs/aprs_ws/build/tricycle_steering_controller' returned '0': AMENT_PREFIX_PATH=/home/aprs/aprs/aprs_ws/install/steering_controllers_library:/home/aprs/aprs/aprs_ws/install/controller_manager:/home/aprs/aprs/aprs_ws/install/controller_interface:/home/aprs/aprs/aprs_ws/install/hardware_interface:/home/aprs/aprs/aprs_ws/install/ros2_control_test_assets:/home/aprs/aprs/aprs_ws/install/controller_manager_msgs:/home/aprs/aprs/aprs_ws/install/control_msgs:${AMENT_PREFIX_PATH} CMAKE_PREFIX_PATH=/home/aprs/aprs/aprs_ws/install/steering_controllers_library:/home/aprs/aprs/aprs_ws/install/controller_manager:/home/aprs/aprs/aprs_ws/install/controller_interface:/home/aprs/aprs/aprs_ws/install/hardware_interface:/home/aprs/aprs/aprs_ws/install/ros2_control_test_assets:/home/aprs/aprs/aprs_ws/install/controller_manager_msgs:/home/aprs/aprs/aprs_ws/install/control_msgs:/opt/ros/rolling LD_LIBRARY_PATH=/home/aprs/aprs/aprs_ws/install/steering_controllers_library/lib:/home/aprs/aprs/aprs_ws/install/controller_manager/lib:/home/aprs/aprs/aprs_ws/install/controller_interface/lib:/home/aprs/aprs/aprs_ws/install/hardware_interface/lib:/home/aprs/aprs/aprs_ws/install/ros2_control_test_assets/lib:/home/aprs/aprs/aprs_ws/install/controller_manager_msgs/lib:/home/aprs/aprs/aprs_ws/install/control_msgs/lib:${LD_LIBRARY_PATH} PYTHONPATH=/home/aprs/aprs/aprs_ws/install/controller_manager/lib/python3.10/site-packages:/home/aprs/aprs/aprs_ws/install/controller_manager_msgs/lib/python3.10/site-packages:/home/aprs/aprs/aprs_ws/install/control_msgs/lib/python3.10/site-packages:${PYTHONPATH} /usr/bin/cmake /home/aprs/aprs/aprs_ws/src/ros2_controllers/tricycle_steering_controller -DCMAKE_INSTALL_PREFIX=/home/aprs/aprs/aprs_ws/install/tricycle_steering_controller
[2.915s] Invoking command in '/home/aprs/aprs/aprs_ws/build/tricycle_steering_controller': AMENT_PREFIX_PATH=/home/aprs/aprs/aprs_ws/install/steering_controllers_library:/home/aprs/aprs/aprs_ws/install/controller_manager:/home/aprs/aprs/aprs_ws/install/controller_interface:/home/aprs/aprs/aprs_ws/install/hardware_interface:/home/aprs/aprs/aprs_ws/install/ros2_control_test_assets:/home/aprs/aprs/aprs_ws/install/controller_manager_msgs:/home/aprs/aprs/aprs_ws/install/control_msgs:${AMENT_PREFIX_PATH} CMAKE_PREFIX_PATH=/home/aprs/aprs/aprs_ws/install/steering_controllers_library:/home/aprs/aprs/aprs_ws/install/controller_manager:/home/aprs/aprs/aprs_ws/install/controller_interface:/home/aprs/aprs/aprs_ws/install/hardware_interface:/home/aprs/aprs/aprs_ws/install/ros2_control_test_assets:/home/aprs/aprs/aprs_ws/install/controller_manager_msgs:/home/aprs/aprs/aprs_ws/install/control_msgs:/opt/ros/rolling LD_LIBRARY_PATH=/home/aprs/aprs/aprs_ws/install/steering_controllers_library/lib:/home/aprs/aprs/aprs_ws/install/controller_manager/lib:/home/aprs/aprs/aprs_ws/install/controller_interface/lib:/home/aprs/aprs/aprs_ws/install/hardware_interface/lib:/home/aprs/aprs/aprs_ws/install/ros2_control_test_assets/lib:/home/aprs/aprs/aprs_ws/install/controller_manager_msgs/lib:/home/aprs/aprs/aprs_ws/install/control_msgs/lib:${LD_LIBRARY_PATH} PYTHONPATH=/home/aprs/aprs/aprs_ws/install/controller_manager/lib/python3.10/site-packages:/home/aprs/aprs/aprs_ws/install/controller_manager_msgs/lib/python3.10/site-packages:/home/aprs/aprs/aprs_ws/install/control_msgs/lib/python3.10/site-packages:${PYTHONPATH} /usr/bin/cmake --build /home/aprs/aprs/aprs_ws/build/tricycle_steering_controller -- -j16 -l16
[2.973s] [  8%] [34m[1mRunning `/opt/ros/rolling/bin/generate_parameter_library_py /home/aprs/aprs/aprs_ws/build/tricycle_steering_controller/tricycle_steering_controller_parameters/include//tricycle_steering_controller_parameters.hpp /home/aprs/aprs/aprs_ws/src/ros2_controllers/tricycle_steering_controller/src/tricycle_steering_controller.yaml `[0m
[3.140s] [  8%] Built target tricycle_steering_controller_parameters
[3.159s] [ 16%] [32mBuilding CXX object gmock/CMakeFiles/gmock.dir/opt/ros/rolling/src/gtest_vendor/src/gtest-all.cc.o[0m
[5.384s] [ 25%] [32mBuilding CXX object gmock/CMakeFiles/gmock.dir/src/gmock-all.cc.o[0m
[7.028s] [ 33%] [32m[1mLinking CXX static library libgmock.a[0m
[7.072s] [ 33%] Built target gmock
[7.085s] [ 41%] [32mBuilding CXX object CMakeFiles/tricycle_steering_controller.dir/src/tricycle_steering_controller.cpp.o[0m
[10.935s] [ 50%] [32m[1mLinking CXX shared library libtricycle_steering_controller.so[0m
[11.349s] [ 50%] Built target tricycle_steering_controller
[11.371s] [ 58%] [32mBuilding CXX object CMakeFiles/test_tricycle_steering_controller_preceeding.dir/test/test_tricycle_steering_controller_preceeding.cpp.o[0m
[11.375s] [ 66%] [32mBuilding CXX object CMakeFiles/test_tricycle_steering_controller.dir/test/test_tricycle_steering_controller.cpp.o[0m
[11.377s] [ 75%] [32mBuilding CXX object CMakeFiles/test_load_tricycle_steering_controller.dir/test/test_load_tricycle_steering_controller.cpp.o[0m
[18.095s] [ 83%] [32m[1mLinking CXX executable test_tricycle_steering_controller_preceeding[0m
[18.351s] [ 91%] [32m[1mLinking CXX executable test_load_tricycle_steering_controller[0m
[18.734s] [ 91%] Built target test_tricycle_steering_controller_preceeding
[19.221s] [ 91%] Built target test_load_tricycle_steering_controller
[21.751s] [100%] [32m[1mLinking CXX executable test_tricycle_steering_controller[0m
[22.362s] [100%] Built target test_tricycle_steering_controller
[22.371s] Invoked command in '/home/aprs/aprs/aprs_ws/build/tricycle_steering_controller' returned '0': AMENT_PREFIX_PATH=/home/aprs/aprs/aprs_ws/install/steering_controllers_library:/home/aprs/aprs/aprs_ws/install/controller_manager:/home/aprs/aprs/aprs_ws/install/controller_interface:/home/aprs/aprs/aprs_ws/install/hardware_interface:/home/aprs/aprs/aprs_ws/install/ros2_control_test_assets:/home/aprs/aprs/aprs_ws/install/controller_manager_msgs:/home/aprs/aprs/aprs_ws/install/control_msgs:${AMENT_PREFIX_PATH} CMAKE_PREFIX_PATH=/home/aprs/aprs/aprs_ws/install/steering_controllers_library:/home/aprs/aprs/aprs_ws/install/controller_manager:/home/aprs/aprs/aprs_ws/install/controller_interface:/home/aprs/aprs/aprs_ws/install/hardware_interface:/home/aprs/aprs/aprs_ws/install/ros2_control_test_assets:/home/aprs/aprs/aprs_ws/install/controller_manager_msgs:/home/aprs/aprs/aprs_ws/install/control_msgs:/opt/ros/rolling LD_LIBRARY_PATH=/home/aprs/aprs/aprs_ws/install/steering_controllers_library/lib:/home/aprs/aprs/aprs_ws/install/controller_manager/lib:/home/aprs/aprs/aprs_ws/install/controller_interface/lib:/home/aprs/aprs/aprs_ws/install/hardware_interface/lib:/home/aprs/aprs/aprs_ws/install/ros2_control_test_assets/lib:/home/aprs/aprs/aprs_ws/install/controller_manager_msgs/lib:/home/aprs/aprs/aprs_ws/install/control_msgs/lib:${LD_LIBRARY_PATH} PYTHONPATH=/home/aprs/aprs/aprs_ws/install/controller_manager/lib/python3.10/site-packages:/home/aprs/aprs/aprs_ws/install/controller_manager_msgs/lib/python3.10/site-packages:/home/aprs/aprs/aprs_ws/install/control_msgs/lib/python3.10/site-packages:${PYTHONPATH} /usr/bin/cmake --build /home/aprs/aprs/aprs_ws/build/tricycle_steering_controller -- -j16 -l16
[22.392s] Invoking command in '/home/aprs/aprs/aprs_ws/build/tricycle_steering_controller': AMENT_PREFIX_PATH=/home/aprs/aprs/aprs_ws/install/steering_controllers_library:/home/aprs/aprs/aprs_ws/install/controller_manager:/home/aprs/aprs/aprs_ws/install/controller_interface:/home/aprs/aprs/aprs_ws/install/hardware_interface:/home/aprs/aprs/aprs_ws/install/ros2_control_test_assets:/home/aprs/aprs/aprs_ws/install/controller_manager_msgs:/home/aprs/aprs/aprs_ws/install/control_msgs:${AMENT_PREFIX_PATH} CMAKE_PREFIX_PATH=/home/aprs/aprs/aprs_ws/install/steering_controllers_library:/home/aprs/aprs/aprs_ws/install/controller_manager:/home/aprs/aprs/aprs_ws/install/controller_interface:/home/aprs/aprs/aprs_ws/install/hardware_interface:/home/aprs/aprs/aprs_ws/install/ros2_control_test_assets:/home/aprs/aprs/aprs_ws/install/controller_manager_msgs:/home/aprs/aprs/aprs_ws/install/control_msgs:/opt/ros/rolling LD_LIBRARY_PATH=/home/aprs/aprs/aprs_ws/install/steering_controllers_library/lib:/home/aprs/aprs/aprs_ws/install/controller_manager/lib:/home/aprs/aprs/aprs_ws/install/controller_interface/lib:/home/aprs/aprs/aprs_ws/install/hardware_interface/lib:/home/aprs/aprs/aprs_ws/install/ros2_control_test_assets/lib:/home/aprs/aprs/aprs_ws/install/controller_manager_msgs/lib:/home/aprs/aprs/aprs_ws/install/control_msgs/lib:${LD_LIBRARY_PATH} PYTHONPATH=/home/aprs/aprs/aprs_ws/install/controller_manager/lib/python3.10/site-packages:/home/aprs/aprs/aprs_ws/install/controller_manager_msgs/lib/python3.10/site-packages:/home/aprs/aprs/aprs_ws/install/control_msgs/lib/python3.10/site-packages:${PYTHONPATH} /usr/bin/cmake --install /home/aprs/aprs/aprs_ws/build/tricycle_steering_controller
[22.392s] -- Install configuration: ""
[22.392s] -- Installing: /home/aprs/aprs/aprs_ws/install/tricycle_steering_controller/include/tricycle_steering_controller_parameters
[22.393s] -- Installing: /home/aprs/aprs/aprs_ws/install/tricycle_steering_controller/include/tricycle_steering_controller_parameters/tricycle_steering_controller_parameters.hpp
[22.393s] -- Installing: /home/aprs/aprs/aprs_ws/install/tricycle_steering_controller/share/tricycle_steering_controller/tricycle_steering_controller.xml
[22.393s] -- Installing: /home/aprs/aprs/aprs_ws/install/tricycle_steering_controller/include/tricycle_steering_controller
[22.393s] -- Installing: /home/aprs/aprs/aprs_ws/install/tricycle_steering_controller/include/tricycle_steering_controller/tricycle_steering_controller
[22.393s] -- Installing: /home/aprs/aprs/aprs_ws/install/tricycle_steering_controller/include/tricycle_steering_controller/tricycle_steering_controller/visibility_control.h
[22.393s] -- Installing: /home/aprs/aprs/aprs_ws/install/tricycle_steering_controller/include/tricycle_steering_controller/tricycle_steering_controller/tricycle_steering_controller.hpp
[22.393s] -- Installing: /home/aprs/aprs/aprs_ws/install/tricycle_steering_controller/lib/libtricycle_steering_controller.so
[22.393s] -- Set runtime path of "/home/aprs/aprs/aprs_ws/install/tricycle_steering_controller/lib/libtricycle_steering_controller.so" to ""
[22.393s] -- Installing: /home/aprs/aprs/aprs_ws/install/tricycle_steering_controller/share/tricycle_steering_controller/environment/library_path.sh
[22.393s] -- Installing: /home/aprs/aprs/aprs_ws/install/tricycle_steering_controller/share/tricycle_steering_controller/environment/library_path.dsv
[22.393s] -- Installing: /home/aprs/aprs/aprs_ws/install/tricycle_steering_controller/share/ament_index/resource_index/package_run_dependencies/tricycle_steering_controller
[22.394s] -- Installing: /home/aprs/aprs/aprs_ws/install/tricycle_steering_controller/share/ament_index/resource_index/parent_prefix_path/tricycle_steering_controller
[22.394s] -- Installing: /home/aprs/aprs/aprs_ws/install/tricycle_steering_controller/share/tricycle_steering_controller/environment/ament_prefix_path.sh
[22.394s] -- Installing: /home/aprs/aprs/aprs_ws/install/tricycle_steering_controller/share/tricycle_steering_controller/environment/ament_prefix_path.dsv
[22.394s] -- Installing: /home/aprs/aprs/aprs_ws/install/tricycle_steering_controller/share/tricycle_steering_controller/environment/path.sh
[22.394s] -- Installing: /home/aprs/aprs/aprs_ws/install/tricycle_steering_controller/share/tricycle_steering_controller/environment/path.dsv
[22.394s] -- Installing: /home/aprs/aprs/aprs_ws/install/tricycle_steering_controller/share/tricycle_steering_controller/local_setup.bash
[22.394s] -- Installing: /home/aprs/aprs/aprs_ws/install/tricycle_steering_controller/share/tricycle_steering_controller/local_setup.sh
[22.394s] -- Installing: /home/aprs/aprs/aprs_ws/install/tricycle_steering_controller/share/tricycle_steering_controller/local_setup.zsh
[22.394s] -- Installing: /home/aprs/aprs/aprs_ws/install/tricycle_steering_controller/share/tricycle_steering_controller/local_setup.dsv
[22.394s] -- Installing: /home/aprs/aprs/aprs_ws/install/tricycle_steering_controller/share/tricycle_steering_controller/package.dsv
[22.394s] -- Installing: /home/aprs/aprs/aprs_ws/install/tricycle_steering_controller/share/ament_index/resource_index/packages/tricycle_steering_controller
[22.394s] -- Installing: /home/aprs/aprs/aprs_ws/install/tricycle_steering_controller/share/ament_index/resource_index/controller_interface__pluginlib__plugin/tricycle_steering_controller
[22.394s] -- Installing: /home/aprs/aprs/aprs_ws/install/tricycle_steering_controller/share/tricycle_steering_controller/cmake/export_tricycle_steering_controllerExport.cmake
[22.394s] -- Installing: /home/aprs/aprs/aprs_ws/install/tricycle_steering_controller/share/tricycle_steering_controller/cmake/export_tricycle_steering_controllerExport-noconfig.cmake
[22.394s] -- Installing: /home/aprs/aprs/aprs_ws/install/tricycle_steering_controller/share/tricycle_steering_controller/cmake/ament_cmake_export_targets-extras.cmake
[22.395s] -- Installing: /home/aprs/aprs/aprs_ws/install/tricycle_steering_controller/share/tricycle_steering_controller/cmake/ament_cmake_export_dependencies-extras.cmake
[22.395s] -- Installing: /home/aprs/aprs/aprs_ws/install/tricycle_steering_controller/share/tricycle_steering_controller/cmake/tricycle_steering_controllerConfig.cmake
[22.395s] -- Installing: /home/aprs/aprs/aprs_ws/install/tricycle_steering_controller/share/tricycle_steering_controller/cmake/tricycle_steering_controllerConfig-version.cmake
[22.395s] -- Installing: /home/aprs/aprs/aprs_ws/install/tricycle_steering_controller/share/tricycle_steering_controller/package.xml
[22.398s] Invoked command in '/home/aprs/aprs/aprs_ws/build/tricycle_steering_controller' returned '0': AMENT_PREFIX_PATH=/home/aprs/aprs/aprs_ws/install/steering_controllers_library:/home/aprs/aprs/aprs_ws/install/controller_manager:/home/aprs/aprs/aprs_ws/install/controller_interface:/home/aprs/aprs/aprs_ws/install/hardware_interface:/home/aprs/aprs/aprs_ws/install/ros2_control_test_assets:/home/aprs/aprs/aprs_ws/install/controller_manager_msgs:/home/aprs/aprs/aprs_ws/install/control_msgs:${AMENT_PREFIX_PATH} CMAKE_PREFIX_PATH=/home/aprs/aprs/aprs_ws/install/steering_controllers_library:/home/aprs/aprs/aprs_ws/install/controller_manager:/home/aprs/aprs/aprs_ws/install/controller_interface:/home/aprs/aprs/aprs_ws/install/hardware_interface:/home/aprs/aprs/aprs_ws/install/ros2_control_test_assets:/home/aprs/aprs/aprs_ws/install/controller_manager_msgs:/home/aprs/aprs/aprs_ws/install/control_msgs:/opt/ros/rolling LD_LIBRARY_PATH=/home/aprs/aprs/aprs_ws/install/steering_controllers_library/lib:/home/aprs/aprs/aprs_ws/install/controller_manager/lib:/home/aprs/aprs/aprs_ws/install/controller_interface/lib:/home/aprs/aprs/aprs_ws/install/hardware_interface/lib:/home/aprs/aprs/aprs_ws/install/ros2_control_test_assets/lib:/home/aprs/aprs/aprs_ws/install/controller_manager_msgs/lib:/home/aprs/aprs/aprs_ws/install/control_msgs/lib:${LD_LIBRARY_PATH} PYTHONPATH=/home/aprs/aprs/aprs_ws/install/controller_manager/lib/python3.10/site-packages:/home/aprs/aprs/aprs_ws/install/controller_manager_msgs/lib/python3.10/site-packages:/home/aprs/aprs/aprs_ws/install/control_msgs/lib/python3.10/site-packages:${PYTHONPATH} /usr/bin/cmake --install /home/aprs/aprs/aprs_ws/build/tricycle_steering_controller
