[0.308s] Invoking command in '/workspaces/aprs/aprs_ws/build/motoman_description': CMAKE_PREFIX_PATH=${CMAKE_PREFIX_PATH}:/opt/ros/humble /usr/bin/cmake --build /workspaces/aprs/aprs_ws/build/motoman_description -- -j16 -l16
[0.409s] Invoked command in '/workspaces/aprs/aprs_ws/build/motoman_description' returned '0': CMAKE_PREFIX_PATH=${CMAKE_PREFIX_PATH}:/opt/ros/humble /usr/bin/cmake --build /workspaces/aprs/aprs_ws/build/motoman_description -- -j16 -l16
[1.021s] Invoking command in '/workspaces/aprs/aprs_ws/build/motoman_description': CMAKE_PREFIX_PATH=${CMAKE_PREFIX_PATH}:/opt/ros/humble /usr/bin/cmake --install /workspaces/aprs/aprs_ws/build/motoman_description
[1.196s] -- Install configuration: ""
[1.196s] -- Up-to-date: /workspaces/aprs/aprs_ws/install/motoman_description/share/motoman_description/config
[1.196s] -- Up-to-date: /workspaces/aprs/aprs_ws/install/motoman_description/share/motoman_description/meshes
[1.196s] -- Up-to-date: /workspaces/aprs/aprs_ws/install/motoman_description/share/motoman_description/meshes/link_e.STL
[1.196s] -- Up-to-date: /workspaces/aprs/aprs_ws/install/motoman_description/share/motoman_description/meshes/link_u.STL
[1.197s] -- Up-to-date: /workspaces/aprs/aprs_ws/install/motoman_description/share/motoman_description/meshes/link_b.STL
[1.197s] -- Up-to-date: /workspaces/aprs/aprs_ws/install/motoman_description/share/motoman_description/meshes/base_link.STL
[1.197s] -- Up-to-date: /workspaces/aprs/aprs_ws/install/motoman_description/share/motoman_description/meshes/link_l.STL
[1.197s] -- Up-to-date: /workspaces/aprs/aprs_ws/install/motoman_description/share/motoman_description/meshes/link_s.STL
[1.197s] -- Up-to-date: /workspaces/aprs/aprs_ws/install/motoman_description/share/motoman_description/meshes/link_t.STL
[1.197s] -- Up-to-date: /workspaces/aprs/aprs_ws/install/motoman_description/share/motoman_description/meshes/link_r.STL
[1.198s] -- Up-to-date: /workspaces/aprs/aprs_ws/install/motoman_description/share/motoman_description/urdf
[1.199s] -- Up-to-date: /workspaces/aprs/aprs_ws/install/motoman_description/share/motoman_description/urdf/motoman.urdf.xacro
[1.199s] -- Up-to-date: /workspaces/aprs/aprs_ws/install/motoman_description/share/motoman_description/urdf/common.urdf.xacro
[1.199s] -- Up-to-date: /workspaces/aprs/aprs_ws/install/motoman_description/share/motoman_description/urdf/motoman_ros2_control.xacro
[1.199s] -- Up-to-date: /workspaces/aprs/aprs_ws/install/motoman_description/share/motoman_description/urdf/sia20.urdf.xacro
[1.199s] -- Up-to-date: /workspaces/aprs/aprs_ws/install/motoman_description/share/motoman_description/hooks
[1.199s] -- Up-to-date: /workspaces/aprs/aprs_ws/install/motoman_description/share/motoman_description/hooks/motoman_description.dsv.in
[1.199s] -- Up-to-date: /workspaces/aprs/aprs_ws/install/motoman_description/share/motoman_description/hooks/motoman_description.sh.in
[1.199s] -- Up-to-date: /workspaces/aprs/aprs_ws/install/motoman_description/share/motoman_description/environment/motoman_description.dsv
[1.199s] -- Up-to-date: /workspaces/aprs/aprs_ws/install/motoman_description/share/motoman_description/environment/motoman_description.sh
[1.200s] -- Up-to-date: /workspaces/aprs/aprs_ws/install/motoman_description/share/ament_index/resource_index/package_run_dependencies/motoman_description
[1.200s] -- Up-to-date: /workspaces/aprs/aprs_ws/install/motoman_description/share/ament_index/resource_index/parent_prefix_path/motoman_description
[1.200s] -- Up-to-date: /workspaces/aprs/aprs_ws/install/motoman_description/share/motoman_description/environment/ament_prefix_path.sh
[1.200s] -- Up-to-date: /workspaces/aprs/aprs_ws/install/motoman_description/share/motoman_description/environment/ament_prefix_path.dsv
[1.200s] -- Up-to-date: /workspaces/aprs/aprs_ws/install/motoman_description/share/motoman_description/environment/path.sh
[1.200s] -- Up-to-date: /workspaces/aprs/aprs_ws/install/motoman_description/share/motoman_description/environment/path.dsv
[1.200s] -- Up-to-date: /workspaces/aprs/aprs_ws/install/motoman_description/share/motoman_description/local_setup.bash
[1.201s] -- Up-to-date: /workspaces/aprs/aprs_ws/install/motoman_description/share/motoman_description/local_setup.sh
[1.201s] -- Up-to-date: /workspaces/aprs/aprs_ws/install/motoman_description/share/motoman_description/local_setup.zsh
[1.201s] -- Up-to-date: /workspaces/aprs/aprs_ws/install/motoman_description/share/motoman_description/local_setup.dsv
[1.201s] -- Installing: /workspaces/aprs/aprs_ws/install/motoman_description/share/motoman_description/package.dsv
[1.201s] -- Up-to-date: /workspaces/aprs/aprs_ws/install/motoman_description/share/ament_index/resource_index/packages/motoman_description
[1.201s] -- Up-to-date: /workspaces/aprs/aprs_ws/install/motoman_description/share/motoman_description/cmake/motoman_descriptionConfig.cmake
[1.202s] -- Up-to-date: /workspaces/aprs/aprs_ws/install/motoman_description/share/motoman_description/cmake/motoman_descriptionConfig-version.cmake
[1.202s] -- Up-to-date: /workspaces/aprs/aprs_ws/install/motoman_description/share/motoman_description/package.xml
[1.497s] Invoked command in '/workspaces/aprs/aprs_ws/build/motoman_description' returned '0': CMAKE_PREFIX_PATH=${CMAKE_PREFIX_PATH}:/opt/ros/humble /usr/bin/cmake --install /workspaces/aprs/aprs_ws/build/motoman_description
