[0.238s] Invoking command in '/home/aprs/aprs/aprs_ws/build/fanuc_description': CMAKE_PREFIX_PATH=${CMAKE_PREFIX_PATH}:/home/aprs/aprs/aprs_ws/install/conveyor_controller:/opt/ros/humble /usr/bin/cmake /home/aprs/aprs/aprs_ws/src/assets/robots/fanuc/fanuc_description -DCMAKE_INSTALL_PREFIX=/home/aprs/aprs/aprs_ws/install/fanuc_description
[0.308s] -- The C compiler identification is GNU 11.4.0
[0.371s] -- The CXX compiler identification is GNU 11.4.0
[0.380s] -- Detecting C compiler ABI info
[0.473s] -- Detecting C compiler ABI info - done
[0.480s] -- Check for working C compiler: /usr/bin/cc - skipped
[0.480s] -- Detecting C compile features
[0.480s] -- Detecting C compile features - done
[0.482s] -- Detecting CXX compiler ABI info
[0.578s] -- Detecting CXX compiler ABI info - done
[0.588s] -- Check for working CXX compiler: /usr/bin/c++ - skipped
[0.588s] -- Detecting CXX compile features
[0.588s] -- Detecting CXX compile features - done
[0.590s] -- Found ament_cmake: 1.3.5 (/opt/ros/humble/share/ament_cmake/cmake)
[0.958s] -- Found Python3: /usr/bin/python3.10 (found version "3.10.12") found components: Interpreter 
[1.376s] -- Configuring done
[1.379s] -- Generating done
[1.396s] -- Build files have been written to: /home/aprs/aprs/aprs_ws/build/fanuc_description
[1.423s] Invoked command in '/home/aprs/aprs/aprs_ws/build/fanuc_description' returned '0': CMAKE_PREFIX_PATH=${CMAKE_PREFIX_PATH}:/home/aprs/aprs/aprs_ws/install/conveyor_controller:/opt/ros/humble /usr/bin/cmake /home/aprs/aprs/aprs_ws/src/assets/robots/fanuc/fanuc_description -DCMAKE_INSTALL_PREFIX=/home/aprs/aprs/aprs_ws/install/fanuc_description
[1.424s] Invoking command in '/home/aprs/aprs/aprs_ws/build/fanuc_description': CMAKE_PREFIX_PATH=${CMAKE_PREFIX_PATH}:/home/aprs/aprs/aprs_ws/install/conveyor_controller:/opt/ros/humble /usr/bin/cmake --build /home/aprs/aprs/aprs_ws/build/fanuc_description -- -j16 -l16
[1.838s] Invoked command in '/home/aprs/aprs/aprs_ws/build/fanuc_description' returned '0': CMAKE_PREFIX_PATH=${CMAKE_PREFIX_PATH}:/home/aprs/aprs/aprs_ws/install/conveyor_controller:/opt/ros/humble /usr/bin/cmake --build /home/aprs/aprs/aprs_ws/build/fanuc_description -- -j16 -l16
[2.100s] Invoking command in '/home/aprs/aprs/aprs_ws/build/fanuc_description': CMAKE_PREFIX_PATH=${CMAKE_PREFIX_PATH}:/home/aprs/aprs/aprs_ws/install/conveyor_controller:/opt/ros/humble /usr/bin/cmake --install /home/aprs/aprs/aprs_ws/build/fanuc_description
[2.777s] -- Install configuration: ""
[2.778s] -- Installing: /home/aprs/aprs/aprs_ws/install/fanuc_description/share/ament_index/resource_index/package_run_dependencies/fanuc_description
[2.778s] -- Installing: /home/aprs/aprs/aprs_ws/install/fanuc_description/share/ament_index/resource_index/parent_prefix_path/fanuc_description
[2.778s] -- Installing: /home/aprs/aprs/aprs_ws/install/fanuc_description/share/fanuc_description/environment/ament_prefix_path.sh
[2.778s] -- Installing: /home/aprs/aprs/aprs_ws/install/fanuc_description/share/fanuc_description/environment/ament_prefix_path.dsv
[2.778s] -- Installing: /home/aprs/aprs/aprs_ws/install/fanuc_description/share/fanuc_description/environment/path.sh
[2.778s] -- Installing: /home/aprs/aprs/aprs_ws/install/fanuc_description/share/fanuc_description/environment/path.dsv
[2.778s] -- Installing: /home/aprs/aprs/aprs_ws/install/fanuc_description/share/fanuc_description/local_setup.bash
[2.778s] -- Installing: /home/aprs/aprs/aprs_ws/install/fanuc_description/share/fanuc_description/local_setup.sh
[2.778s] -- Installing: /home/aprs/aprs/aprs_ws/install/fanuc_description/share/fanuc_description/local_setup.zsh
[2.778s] -- Installing: /home/aprs/aprs/aprs_ws/install/fanuc_description/share/fanuc_description/local_setup.dsv
[2.778s] -- Installing: /home/aprs/aprs/aprs_ws/install/fanuc_description/share/fanuc_description/package.dsv
[2.778s] -- Installing: /home/aprs/aprs/aprs_ws/install/fanuc_description/share/ament_index/resource_index/packages/fanuc_description
[2.778s] -- Installing: /home/aprs/aprs/aprs_ws/install/fanuc_description/share/fanuc_description/cmake/fanuc_descriptionConfig.cmake
[2.778s] -- Installing: /home/aprs/aprs/aprs_ws/install/fanuc_description/share/fanuc_description/cmake/fanuc_descriptionConfig-version.cmake
[2.778s] -- Installing: /home/aprs/aprs/aprs_ws/install/fanuc_description/share/fanuc_description/package.xml
[2.778s] -- Installing: /home/aprs/aprs/aprs_ws/install/fanuc_description/share/fanuc_description/meshes
[2.778s] -- Installing: /home/aprs/aprs/aprs_ws/install/fanuc_description/share/fanuc_description/meshes/collision
[2.778s] -- Installing: /home/aprs/aprs/aprs_ws/install/fanuc_description/share/fanuc_description/meshes/collision/link_2.stl
[2.778s] -- Installing: /home/aprs/aprs/aprs_ws/install/fanuc_description/share/fanuc_description/meshes/collision/link_5.stl
[2.779s] -- Installing: /home/aprs/aprs/aprs_ws/install/fanuc_description/share/fanuc_description/meshes/collision/link_3.stl
[2.779s] -- Installing: /home/aprs/aprs/aprs_ws/install/fanuc_description/share/fanuc_description/meshes/collision/base_link.stl
[2.779s] -- Installing: /home/aprs/aprs/aprs_ws/install/fanuc_description/share/fanuc_description/meshes/collision/link_6.stl
[2.779s] -- Installing: /home/aprs/aprs/aprs_ws/install/fanuc_description/share/fanuc_description/meshes/collision/link_4.stl
[2.779s] -- Installing: /home/aprs/aprs/aprs_ws/install/fanuc_description/share/fanuc_description/meshes/collision/link_1.stl
[2.779s] -- Installing: /home/aprs/aprs/aprs_ws/install/fanuc_description/share/fanuc_description/meshes/visual
[2.779s] -- Installing: /home/aprs/aprs/aprs_ws/install/fanuc_description/share/fanuc_description/meshes/visual/link_2.stl
[2.779s] -- Installing: /home/aprs/aprs/aprs_ws/install/fanuc_description/share/fanuc_description/meshes/visual/link_5.stl
[2.779s] -- Installing: /home/aprs/aprs/aprs_ws/install/fanuc_description/share/fanuc_description/meshes/visual/link_3.stl
[2.779s] -- Installing: /home/aprs/aprs/aprs_ws/install/fanuc_description/share/fanuc_description/meshes/visual/base_link.stl
[2.779s] -- Installing: /home/aprs/aprs/aprs_ws/install/fanuc_description/share/fanuc_description/meshes/visual/link_6.stl
[2.779s] -- Installing: /home/aprs/aprs/aprs_ws/install/fanuc_description/share/fanuc_description/meshes/visual/link_4.stl
[2.779s] -- Installing: /home/aprs/aprs/aprs_ws/install/fanuc_description/share/fanuc_description/meshes/visual/link_1.stl
[2.779s] -- Installing: /home/aprs/aprs/aprs_ws/install/fanuc_description/share/fanuc_description/urdf
[2.779s] -- Installing: /home/aprs/aprs/aprs_ws/install/fanuc_description/share/fanuc_description/urdf/fanuc.urdf.xacro
[2.779s] -- Installing: /home/aprs/aprs/aprs_ws/install/fanuc_description/share/fanuc_description/urdf/fanuc.urdf
[2.874s] Invoked command in '/home/aprs/aprs/aprs_ws/build/fanuc_description' returned '0': CMAKE_PREFIX_PATH=${CMAKE_PREFIX_PATH}:/home/aprs/aprs/aprs_ws/install/conveyor_controller:/opt/ros/humble /usr/bin/cmake --install /home/aprs/aprs/aprs_ws/build/fanuc_description
