[0.220s] Invoking command in '/home/aprs/aprs/aprs_ws/build/panda_moveit_config': CMAKE_PREFIX_PATH=/home/aprs/aprs/aprs_ws/install/ur_description:/home/aprs/aprs/aprs_ws/install/panda_description:/home/aprs/aprs/aprs_ws/install/gear_place:/home/aprs/aprs/aprs_ws/install/worlds:/home/aprs/aprs/aprs_ws/install/workbench_description:/home/aprs/aprs/aprs_ws/install/vaccum_description:/home/aprs/aprs/aprs_ws/install/ur_setup:/home/aprs/aprs/aprs_ws/install/ur:/home/aprs/aprs/aprs_ws/install/ur_calibration:/home/aprs/aprs/aprs_ws/install/ur_robot_driver:/home/aprs/aprs/aprs_ws/install/ur_bringup:/home/aprs/aprs/aprs_ws/install/ur_controllers:/home/aprs/aprs/aprs_ws/install/ur_msgs:/home/aprs/aprs/aprs_ws/install/ur_moveit_config:/home/aprs/aprs/aprs_ws/install/ur_gz:/home/aprs/aprs/aprs_ws/install/ur_description_gz:/home/aprs/aprs/aprs_ws/install/ur5e_moveit_config:/home/aprs/aprs/aprs_ws/install/panda_moveit_config:/home/aprs/aprs/aprs_ws/install/ur_dashboard_msgs:/home/aprs/aprs/aprs_ws/install/ur_client_library:/home/aprs/aprs/aprs_ws/install/table_description:/home/aprs/aprs/aprs_ws/install/point_cloud:/home/aprs/aprs/aprs_ws/install/realsense2_description:/home/aprs/aprs/aprs_ws/install/realsense2_camera:/home/aprs/aprs/aprs_ws/install/realsense2_camera_msgs:/home/aprs/aprs/aprs_ws/install/ign_ros2_control_demos:/home/aprs/aprs/aprs_ws/install/gz_ros2_control_tests:/home/aprs/aprs/aprs_ws/install/ign_ros2_control:/home/aprs/aprs/aprs_ws/install/franka_setup:/home/aprs/aprs/aprs_ws/install/franka_gz:/home/aprs/aprs/aprs_ws/install/fanuc_moveit_config:/home/aprs/aprs/aprs_ws/install/fanuc_description:/home/aprs/aprs/aprs_ws/install/conveyor_interfaces:/home/aprs/aprs/aprs_ws/install/camera_mount:/home/aprs/aprs/aprs_ws/install/conveyor_controller:/opt/ros/humble GZ_MODEL_PATH=/home/aprs/aprs/aprs_ws/install/ur_description/share/ur_description/meshes:/home/aprs/aprs/aprs_ws/install/panda_description/share/panda_description/meshes GZ_SIM_PLUGIn_PATH=/home/aprs/aprs/aprs_ws/install/ur_description/lib/ur_description:/home/aprs/aprs/aprs_ws/install/panda_description/lib/panda_description GZ_SIM_RESOURCE_PATH=/home/aprs/aprs/aprs_ws/install/panda_description/share:${GZ_SIM_RESOURCE_PATH} /usr/bin/cmake --build /home/aprs/aprs/aprs_ws/build/panda_moveit_config -- -j16 -l16
[0.243s] Built target ament_cmake_python_copy_panda_moveit_config
[0.329s] running install_scripts
[0.330s] /usr/lib/python3/dist-packages/setuptools/command/install.py:34: SetuptoolsDeprecationWarning: setup.py install is deprecated. Use build and pip and other standards-based tools.
[0.330s]   warnings.warn(
[0.340s] running egg_info
[0.340s] writing panda_moveit_config.egg-info/PKG-INFO
[0.341s] writing dependency_links to panda_moveit_config.egg-info/dependency_links.txt
[0.341s] writing top-level names to panda_moveit_config.egg-info/top_level.txt
[0.343s] reading manifest file 'panda_moveit_config.egg-info/SOURCES.txt'
[0.344s] writing manifest file 'panda_moveit_config.egg-info/SOURCES.txt'
[0.436s] running egg_info
[0.444s] writing panda_moveit_config.egg-info/PKG-INFO
[0.444s] writing dependency_links to panda_moveit_config.egg-info/dependency_links.txt
[0.455s] writing top-level names to panda_moveit_config.egg-info/top_level.txt
[0.461s] reading manifest file 'panda_moveit_config.egg-info/SOURCES.txt'
[0.467s] writing manifest file 'panda_moveit_config.egg-info/SOURCES.txt'
[0.509s] Built target ament_cmake_python_build_panda_moveit_config_egg
[0.588s] Built target ament_cmake_python_build_panda_moveit_config_scripts
[0.594s] Invoked command in '/home/aprs/aprs/aprs_ws/build/panda_moveit_config' returned '0': CMAKE_PREFIX_PATH=/home/aprs/aprs/aprs_ws/install/ur_description:/home/aprs/aprs/aprs_ws/install/panda_description:/home/aprs/aprs/aprs_ws/install/gear_place:/home/aprs/aprs/aprs_ws/install/worlds:/home/aprs/aprs/aprs_ws/install/workbench_description:/home/aprs/aprs/aprs_ws/install/vaccum_description:/home/aprs/aprs/aprs_ws/install/ur_setup:/home/aprs/aprs/aprs_ws/install/ur:/home/aprs/aprs/aprs_ws/install/ur_calibration:/home/aprs/aprs/aprs_ws/install/ur_robot_driver:/home/aprs/aprs/aprs_ws/install/ur_bringup:/home/aprs/aprs/aprs_ws/install/ur_controllers:/home/aprs/aprs/aprs_ws/install/ur_msgs:/home/aprs/aprs/aprs_ws/install/ur_moveit_config:/home/aprs/aprs/aprs_ws/install/ur_gz:/home/aprs/aprs/aprs_ws/install/ur_description_gz:/home/aprs/aprs/aprs_ws/install/ur5e_moveit_config:/home/aprs/aprs/aprs_ws/install/panda_moveit_config:/home/aprs/aprs/aprs_ws/install/ur_dashboard_msgs:/home/aprs/aprs/aprs_ws/install/ur_client_library:/home/aprs/aprs/aprs_ws/install/table_description:/home/aprs/aprs/aprs_ws/install/point_cloud:/home/aprs/aprs/aprs_ws/install/realsense2_description:/home/aprs/aprs/aprs_ws/install/realsense2_camera:/home/aprs/aprs/aprs_ws/install/realsense2_camera_msgs:/home/aprs/aprs/aprs_ws/install/ign_ros2_control_demos:/home/aprs/aprs/aprs_ws/install/gz_ros2_control_tests:/home/aprs/aprs/aprs_ws/install/ign_ros2_control:/home/aprs/aprs/aprs_ws/install/franka_setup:/home/aprs/aprs/aprs_ws/install/franka_gz:/home/aprs/aprs/aprs_ws/install/fanuc_moveit_config:/home/aprs/aprs/aprs_ws/install/fanuc_description:/home/aprs/aprs/aprs_ws/install/conveyor_interfaces:/home/aprs/aprs/aprs_ws/install/camera_mount:/home/aprs/aprs/aprs_ws/install/conveyor_controller:/opt/ros/humble GZ_MODEL_PATH=/home/aprs/aprs/aprs_ws/install/ur_description/share/ur_description/meshes:/home/aprs/aprs/aprs_ws/install/panda_description/share/panda_description/meshes GZ_SIM_PLUGIn_PATH=/home/aprs/aprs/aprs_ws/install/ur_description/lib/ur_description:/home/aprs/aprs/aprs_ws/install/panda_description/lib/panda_description GZ_SIM_RESOURCE_PATH=/home/aprs/aprs/aprs_ws/install/panda_description/share:${GZ_SIM_RESOURCE_PATH} /usr/bin/cmake --build /home/aprs/aprs/aprs_ws/build/panda_moveit_config -- -j16 -l16
[0.614s] Invoking command in '/home/aprs/aprs/aprs_ws/build/panda_moveit_config': CMAKE_PREFIX_PATH=/home/aprs/aprs/aprs_ws/install/ur_description:/home/aprs/aprs/aprs_ws/install/panda_description:/home/aprs/aprs/aprs_ws/install/gear_place:/home/aprs/aprs/aprs_ws/install/worlds:/home/aprs/aprs/aprs_ws/install/workbench_description:/home/aprs/aprs/aprs_ws/install/vaccum_description:/home/aprs/aprs/aprs_ws/install/ur_setup:/home/aprs/aprs/aprs_ws/install/ur:/home/aprs/aprs/aprs_ws/install/ur_calibration:/home/aprs/aprs/aprs_ws/install/ur_robot_driver:/home/aprs/aprs/aprs_ws/install/ur_bringup:/home/aprs/aprs/aprs_ws/install/ur_controllers:/home/aprs/aprs/aprs_ws/install/ur_msgs:/home/aprs/aprs/aprs_ws/install/ur_moveit_config:/home/aprs/aprs/aprs_ws/install/ur_gz:/home/aprs/aprs/aprs_ws/install/ur_description_gz:/home/aprs/aprs/aprs_ws/install/ur5e_moveit_config:/home/aprs/aprs/aprs_ws/install/panda_moveit_config:/home/aprs/aprs/aprs_ws/install/ur_dashboard_msgs:/home/aprs/aprs/aprs_ws/install/ur_client_library:/home/aprs/aprs/aprs_ws/install/table_description:/home/aprs/aprs/aprs_ws/install/point_cloud:/home/aprs/aprs/aprs_ws/install/realsense2_description:/home/aprs/aprs/aprs_ws/install/realsense2_camera:/home/aprs/aprs/aprs_ws/install/realsense2_camera_msgs:/home/aprs/aprs/aprs_ws/install/ign_ros2_control_demos:/home/aprs/aprs/aprs_ws/install/gz_ros2_control_tests:/home/aprs/aprs/aprs_ws/install/ign_ros2_control:/home/aprs/aprs/aprs_ws/install/franka_setup:/home/aprs/aprs/aprs_ws/install/franka_gz:/home/aprs/aprs/aprs_ws/install/fanuc_moveit_config:/home/aprs/aprs/aprs_ws/install/fanuc_description:/home/aprs/aprs/aprs_ws/install/conveyor_interfaces:/home/aprs/aprs/aprs_ws/install/camera_mount:/home/aprs/aprs/aprs_ws/install/conveyor_controller:/opt/ros/humble GZ_MODEL_PATH=/home/aprs/aprs/aprs_ws/install/ur_description/share/ur_description/meshes:/home/aprs/aprs/aprs_ws/install/panda_description/share/panda_description/meshes GZ_SIM_PLUGIn_PATH=/home/aprs/aprs/aprs_ws/install/ur_description/lib/ur_description:/home/aprs/aprs/aprs_ws/install/panda_description/lib/panda_description GZ_SIM_RESOURCE_PATH=/home/aprs/aprs/aprs_ws/install/panda_description/share:${GZ_SIM_RESOURCE_PATH} /usr/bin/cmake --install /home/aprs/aprs/aprs_ws/build/panda_moveit_config
[0.622s] -- Install configuration: ""
[0.622s] -- Up-to-date: /home/aprs/aprs/aprs_ws/install/panda_moveit_config/share/panda_moveit_config/config
[0.622s] -- Up-to-date: /home/aprs/aprs/aprs_ws/install/panda_moveit_config/share/panda_moveit_config/config/controllers_velocity.yaml
[0.622s] -- Up-to-date: /home/aprs/aprs/aprs_ws/install/panda_moveit_config/share/panda_moveit_config/config/ompl_planning.yaml
[0.623s] -- Up-to-date: /home/aprs/aprs/aprs_ws/install/panda_moveit_config/share/panda_moveit_config/config/joint_limits.yaml
[0.623s] -- Up-to-date: /home/aprs/aprs/aprs_ws/install/panda_moveit_config/share/panda_moveit_config/config/kinematics.yaml
[0.623s] -- Up-to-date: /home/aprs/aprs/aprs_ws/install/panda_moveit_config/share/panda_moveit_config/config/controllers_position,velocity.yaml
[0.623s] -- Up-to-date: /home/aprs/aprs/aprs_ws/install/panda_moveit_config/share/panda_moveit_config/config/controllers_position.yaml
[0.623s] -- Up-to-date: /home/aprs/aprs/aprs_ws/install/panda_moveit_config/share/panda_moveit_config/config/servo.yaml
[0.623s] -- Up-to-date: /home/aprs/aprs/aprs_ws/install/panda_moveit_config/share/panda_moveit_config/config/moveit_controller_manager.yaml
[0.623s] -- Up-to-date: /home/aprs/aprs/aprs_ws/install/panda_moveit_config/share/panda_moveit_config/config/controllers_effort.yaml
[0.624s] -- Up-to-date: /home/aprs/aprs/aprs_ws/install/panda_moveit_config/share/panda_moveit_config/config/controllers.yaml
[0.624s] -- Up-to-date: /home/aprs/aprs/aprs_ws/install/panda_moveit_config/share/panda_moveit_config/launch
[0.624s] -- Up-to-date: /home/aprs/aprs/aprs_ws/install/panda_moveit_config/share/panda_moveit_config/launch/franka_moveit.launch.py
[0.624s] -- Up-to-date: /home/aprs/aprs/aprs_ws/install/panda_moveit_config/share/panda_moveit_config/rviz
[0.625s] -- Up-to-date: /home/aprs/aprs/aprs_ws/install/panda_moveit_config/share/panda_moveit_config/rviz/moveit.rviz
[0.627s] -- Up-to-date: /home/aprs/aprs/aprs_ws/install/panda_moveit_config/share/panda_moveit_config/srdf
[0.628s] -- Up-to-date: /home/aprs/aprs/aprs_ws/install/panda_moveit_config/share/panda_moveit_config/srdf/panda_gripper.xacro
[0.628s] -- Up-to-date: /home/aprs/aprs/aprs_ws/install/panda_moveit_config/share/panda_moveit_config/srdf/panda_arm.xacro
[0.628s] -- Up-to-date: /home/aprs/aprs/aprs_ws/install/panda_moveit_config/share/panda_moveit_config/srdf/panda.srdf
[0.628s] -- Up-to-date: /home/aprs/aprs/aprs_ws/install/panda_moveit_config/share/panda_moveit_config/srdf/panda.srdf.xacro
[0.628s] -- Up-to-date: /home/aprs/aprs/aprs_ws/install/panda_moveit_config/share/panda_moveit_config/environment/pythonpath.sh
[0.628s] -- Up-to-date: /home/aprs/aprs/aprs_ws/install/panda_moveit_config/share/panda_moveit_config/environment/pythonpath.dsv
[0.628s] -- Up-to-date: /home/aprs/aprs/aprs_ws/install/panda_moveit_config/local/lib/python3.10/dist-packages/panda_moveit_config-3.0.0-py3.10.egg-info
[0.628s] -- Installing: /home/aprs/aprs/aprs_ws/install/panda_moveit_config/local/lib/python3.10/dist-packages/panda_moveit_config-3.0.0-py3.10.egg-info/PKG-INFO
[0.628s] -- Installing: /home/aprs/aprs/aprs_ws/install/panda_moveit_config/local/lib/python3.10/dist-packages/panda_moveit_config-3.0.0-py3.10.egg-info/dependency_links.txt
[0.628s] -- Installing: /home/aprs/aprs/aprs_ws/install/panda_moveit_config/local/lib/python3.10/dist-packages/panda_moveit_config-3.0.0-py3.10.egg-info/SOURCES.txt
[0.628s] -- Installing: /home/aprs/aprs/aprs_ws/install/panda_moveit_config/local/lib/python3.10/dist-packages/panda_moveit_config-3.0.0-py3.10.egg-info/top_level.txt
[0.628s] -- Up-to-date: /home/aprs/aprs/aprs_ws/install/panda_moveit_config/lib/panda_moveit_config/
[0.629s] -- Up-to-date: /home/aprs/aprs/aprs_ws/install/panda_moveit_config/local/lib/python3.10/dist-packages/panda_moveit_config
[0.629s] -- Up-to-date: /home/aprs/aprs/aprs_ws/install/panda_moveit_config/local/lib/python3.10/dist-packages/panda_moveit_config/__init__.py
[0.629s] -- Up-to-date: /home/aprs/aprs/aprs_ws/install/panda_moveit_config/local/lib/python3.10/dist-packages/panda_moveit_config/parameters.py
[0.649s] Listing '/home/aprs/aprs/aprs_ws/install/panda_moveit_config/local/lib/python3.10/dist-packages/panda_moveit_config'...
[0.664s] -- Up-to-date: /home/aprs/aprs/aprs_ws/install/panda_moveit_config/share/ament_index/resource_index/package_run_dependencies/panda_moveit_config
[0.664s] -- Up-to-date: /home/aprs/aprs/aprs_ws/install/panda_moveit_config/share/ament_index/resource_index/parent_prefix_path/panda_moveit_config
[0.664s] -- Up-to-date: /home/aprs/aprs/aprs_ws/install/panda_moveit_config/share/panda_moveit_config/environment/ament_prefix_path.sh
[0.664s] -- Up-to-date: /home/aprs/aprs/aprs_ws/install/panda_moveit_config/share/panda_moveit_config/environment/ament_prefix_path.dsv
[0.664s] -- Up-to-date: /home/aprs/aprs/aprs_ws/install/panda_moveit_config/share/panda_moveit_config/environment/path.sh
[0.664s] -- Up-to-date: /home/aprs/aprs/aprs_ws/install/panda_moveit_config/share/panda_moveit_config/environment/path.dsv
[0.664s] -- Up-to-date: /home/aprs/aprs/aprs_ws/install/panda_moveit_config/share/panda_moveit_config/local_setup.bash
[0.665s] -- Up-to-date: /home/aprs/aprs/aprs_ws/install/panda_moveit_config/share/panda_moveit_config/local_setup.sh
[0.665s] -- Up-to-date: /home/aprs/aprs/aprs_ws/install/panda_moveit_config/share/panda_moveit_config/local_setup.zsh
[0.665s] -- Up-to-date: /home/aprs/aprs/aprs_ws/install/panda_moveit_config/share/panda_moveit_config/local_setup.dsv
[0.665s] -- Installing: /home/aprs/aprs/aprs_ws/install/panda_moveit_config/share/panda_moveit_config/package.dsv
[0.665s] -- Up-to-date: /home/aprs/aprs/aprs_ws/install/panda_moveit_config/share/ament_index/resource_index/packages/panda_moveit_config
[0.666s] -- Up-to-date: /home/aprs/aprs/aprs_ws/install/panda_moveit_config/share/panda_moveit_config/cmake/panda_moveit_configConfig.cmake
[0.666s] -- Up-to-date: /home/aprs/aprs/aprs_ws/install/panda_moveit_config/share/panda_moveit_config/cmake/panda_moveit_configConfig-version.cmake
[0.666s] -- Up-to-date: /home/aprs/aprs/aprs_ws/install/panda_moveit_config/share/panda_moveit_config/package.xml
[0.685s] Invoked command in '/home/aprs/aprs/aprs_ws/build/panda_moveit_config' returned '0': CMAKE_PREFIX_PATH=/home/aprs/aprs/aprs_ws/install/ur_description:/home/aprs/aprs/aprs_ws/install/panda_description:/home/aprs/aprs/aprs_ws/install/gear_place:/home/aprs/aprs/aprs_ws/install/worlds:/home/aprs/aprs/aprs_ws/install/workbench_description:/home/aprs/aprs/aprs_ws/install/vaccum_description:/home/aprs/aprs/aprs_ws/install/ur_setup:/home/aprs/aprs/aprs_ws/install/ur:/home/aprs/aprs/aprs_ws/install/ur_calibration:/home/aprs/aprs/aprs_ws/install/ur_robot_driver:/home/aprs/aprs/aprs_ws/install/ur_bringup:/home/aprs/aprs/aprs_ws/install/ur_controllers:/home/aprs/aprs/aprs_ws/install/ur_msgs:/home/aprs/aprs/aprs_ws/install/ur_moveit_config:/home/aprs/aprs/aprs_ws/install/ur_gz:/home/aprs/aprs/aprs_ws/install/ur_description_gz:/home/aprs/aprs/aprs_ws/install/ur5e_moveit_config:/home/aprs/aprs/aprs_ws/install/panda_moveit_config:/home/aprs/aprs/aprs_ws/install/ur_dashboard_msgs:/home/aprs/aprs/aprs_ws/install/ur_client_library:/home/aprs/aprs/aprs_ws/install/table_description:/home/aprs/aprs/aprs_ws/install/point_cloud:/home/aprs/aprs/aprs_ws/install/realsense2_description:/home/aprs/aprs/aprs_ws/install/realsense2_camera:/home/aprs/aprs/aprs_ws/install/realsense2_camera_msgs:/home/aprs/aprs/aprs_ws/install/ign_ros2_control_demos:/home/aprs/aprs/aprs_ws/install/gz_ros2_control_tests:/home/aprs/aprs/aprs_ws/install/ign_ros2_control:/home/aprs/aprs/aprs_ws/install/franka_setup:/home/aprs/aprs/aprs_ws/install/franka_gz:/home/aprs/aprs/aprs_ws/install/fanuc_moveit_config:/home/aprs/aprs/aprs_ws/install/fanuc_description:/home/aprs/aprs/aprs_ws/install/conveyor_interfaces:/home/aprs/aprs/aprs_ws/install/camera_mount:/home/aprs/aprs/aprs_ws/install/conveyor_controller:/opt/ros/humble GZ_MODEL_PATH=/home/aprs/aprs/aprs_ws/install/ur_description/share/ur_description/meshes:/home/aprs/aprs/aprs_ws/install/panda_description/share/panda_description/meshes GZ_SIM_PLUGIn_PATH=/home/aprs/aprs/aprs_ws/install/ur_description/lib/ur_description:/home/aprs/aprs/aprs_ws/install/panda_description/lib/panda_description GZ_SIM_RESOURCE_PATH=/home/aprs/aprs/aprs_ws/install/panda_description/share:${GZ_SIM_RESOURCE_PATH} /usr/bin/cmake --install /home/aprs/aprs/aprs_ws/build/panda_moveit_config
