[0.029s] Invoking command in '/home/aprs/aprs/aprs_ws/build/position_controllers': AMENT_PREFIX_PATH=/home/aprs/aprs/aprs_ws/install/forward_command_controller:/home/aprs/aprs/aprs_ws/install/controller_manager:/home/aprs/aprs/aprs_ws/install/controller_interface:/home/aprs/aprs/aprs_ws/install/hardware_interface:/home/aprs/aprs/aprs_ws/install/ros2_control_test_assets:/home/aprs/aprs/aprs_ws/install/controller_manager_msgs:/home/aprs/aprs/aprs_ws/install/control_msgs:${AMENT_PREFIX_PATH} CMAKE_PREFIX_PATH=/home/aprs/aprs/aprs_ws/install/forward_command_controller:/home/aprs/aprs/aprs_ws/install/controller_manager:/home/aprs/aprs/aprs_ws/install/controller_interface:/home/aprs/aprs/aprs_ws/install/hardware_interface:/home/aprs/aprs/aprs_ws/install/ros2_control_test_assets:/home/aprs/aprs/aprs_ws/install/controller_manager_msgs:/home/aprs/aprs/aprs_ws/install/control_msgs:/opt/ros/rolling LD_LIBRARY_PATH=/home/aprs/aprs/aprs_ws/install/forward_command_controller/lib:/home/aprs/aprs/aprs_ws/install/controller_manager/lib:/home/aprs/aprs/aprs_ws/install/controller_interface/lib:/home/aprs/aprs/aprs_ws/install/hardware_interface/lib:/home/aprs/aprs/aprs_ws/install/ros2_control_test_assets/lib:/home/aprs/aprs/aprs_ws/install/controller_manager_msgs/lib:/home/aprs/aprs/aprs_ws/install/control_msgs/lib:${LD_LIBRARY_PATH} PYTHONPATH=/home/aprs/aprs/aprs_ws/install/controller_manager/lib/python3.10/site-packages:/home/aprs/aprs/aprs_ws/install/controller_manager_msgs/lib/python3.10/site-packages:/home/aprs/aprs/aprs_ws/install/control_msgs/lib/python3.10/site-packages:${PYTHONPATH} /usr/bin/cmake /home/aprs/aprs/aprs_ws/src/ros2_controllers/position_controllers -DCMAKE_INSTALL_PREFIX=/home/aprs/aprs/aprs_ws/install/position_controllers
[0.074s] -- The CXX compiler identification is GNU 11.4.0
[0.079s] -- Detecting CXX compiler ABI info
[0.133s] -- Detecting CXX compiler ABI info - done
[0.139s] -- Check for working CXX compiler: /usr/bin/c++ - skipped
[0.139s] -- Detecting CXX compile features
[0.140s] -- Detecting CXX compile features - done
[0.144s] -- Found ament_cmake: 2.2.1 (/opt/ros/rolling/share/ament_cmake/cmake)
[0.266s] -- Found Python3: /usr/bin/python3.10 (found version "3.10.12") found components: Interpreter 
[0.362s] -- Found backward_ros: 1.0.2 (/opt/ros/rolling/share/backward_ros/cmake)
[0.369s] -- Found libdw: /usr/lib/x86_64-linux-gnu/libdw.so  
[0.374s] -- Could NOT find libbfd (missing: LIBBFD_LIBRARY LIBBFD_INCLUDE_DIR) 
[0.374s] -- BACKWARD_HAS_UNWIND=1
[0.374s] -- BACKWARD_HAS_BACKTRACE=0
[0.374s] -- BACKWARD_HAS_BACKTRACE_SYMBOL=0
[0.374s] -- BACKWARD_HAS_DW=1
[0.374s] -- BACKWARD_HAS_BFD=0
[0.374s] -- Found Backward: /opt/ros/rolling/share/backward_ros/cmake  
[0.375s] -- Found forward_command_controller: 3.13.0 (/home/aprs/aprs/aprs_ws/install/forward_command_controller/share/forward_command_controller/cmake)
[0.421s] -- Found rosidl_generator_c: 4.3.0 (/opt/ros/rolling/share/rosidl_generator_c/cmake)
[0.436s] -- Found rosidl_generator_cpp: 4.3.0 (/opt/ros/rolling/share/rosidl_generator_cpp/cmake)
[0.455s] -- Using all available rosidl_typesupport_c: rosidl_typesupport_fastrtps_c;rosidl_typesupport_introspection_c
[0.478s] -- Using all available rosidl_typesupport_cpp: rosidl_typesupport_fastrtps_cpp;rosidl_typesupport_introspection_cpp
[1.357s] -- Found rmw_implementation_cmake: 7.2.1 (/opt/ros/rolling/share/rmw_implementation_cmake/cmake)
[1.361s] -- Found rmw_fastrtps_cpp: 7.3.0 (/opt/ros/rolling/share/rmw_fastrtps_cpp/cmake)
[1.474s] -- Found OpenSSL: /usr/lib/x86_64-linux-gnu/libcrypto.so (found version "3.0.2")  
[1.501s] -- Found FastRTPS: /opt/ros/rolling/include  
[1.562s] -- Using RMW implementation 'rmw_fastrtps_cpp' as default
[1.822s] -- Found parameter_traits: 0.3.3 (/opt/ros/rolling/share/parameter_traits/cmake)
[2.142s] -- Found ament_cmake_gmock: 2.2.1 (/opt/ros/rolling/share/ament_cmake_gmock/cmake)
[2.143s] -- Found controller_manager: 3.17.0 (/home/aprs/aprs/aprs_ws/install/controller_manager/share/controller_manager/cmake)
[2.432s] -- Found ros2_control_test_assets: 3.17.0 (/home/aprs/aprs/aprs_ws/install/ros2_control_test_assets/share/ros2_control_test_assets/cmake)
[2.435s] -- Found gmock sources under '/opt/ros/rolling/src/gmock_vendor': C++ tests using 'Google Mock' will be built
[2.481s] -- The C compiler identification is GNU 11.4.0
[2.487s] -- Detecting C compiler ABI info
[2.603s] -- Detecting C compiler ABI info - done
[2.615s] -- Check for working C compiler: /usr/bin/cc - skipped
[2.615s] -- Detecting C compile features
[2.615s] -- Detecting C compile features - done
[2.621s] -- Found ament_cmake_gtest: 2.2.1 (/opt/ros/rolling/share/ament_cmake_gtest/cmake)
[2.622s] -- Found gtest sources under '/opt/ros/rolling/src/gtest_vendor': C++ tests using 'Google Test' will be built
[2.697s] -- Configuring done
[2.738s] -- Generating done
[2.740s] -- Build files have been written to: /home/aprs/aprs/aprs_ws/build/position_controllers
[2.756s] Invoked command in '/home/aprs/aprs/aprs_ws/build/position_controllers' returned '0': AMENT_PREFIX_PATH=/home/aprs/aprs/aprs_ws/install/forward_command_controller:/home/aprs/aprs/aprs_ws/install/controller_manager:/home/aprs/aprs/aprs_ws/install/controller_interface:/home/aprs/aprs/aprs_ws/install/hardware_interface:/home/aprs/aprs/aprs_ws/install/ros2_control_test_assets:/home/aprs/aprs/aprs_ws/install/controller_manager_msgs:/home/aprs/aprs/aprs_ws/install/control_msgs:${AMENT_PREFIX_PATH} CMAKE_PREFIX_PATH=/home/aprs/aprs/aprs_ws/install/forward_command_controller:/home/aprs/aprs/aprs_ws/install/controller_manager:/home/aprs/aprs/aprs_ws/install/controller_interface:/home/aprs/aprs/aprs_ws/install/hardware_interface:/home/aprs/aprs/aprs_ws/install/ros2_control_test_assets:/home/aprs/aprs/aprs_ws/install/controller_manager_msgs:/home/aprs/aprs/aprs_ws/install/control_msgs:/opt/ros/rolling LD_LIBRARY_PATH=/home/aprs/aprs/aprs_ws/install/forward_command_controller/lib:/home/aprs/aprs/aprs_ws/install/controller_manager/lib:/home/aprs/aprs/aprs_ws/install/controller_interface/lib:/home/aprs/aprs/aprs_ws/install/hardware_interface/lib:/home/aprs/aprs/aprs_ws/install/ros2_control_test_assets/lib:/home/aprs/aprs/aprs_ws/install/controller_manager_msgs/lib:/home/aprs/aprs/aprs_ws/install/control_msgs/lib:${LD_LIBRARY_PATH} PYTHONPATH=/home/aprs/aprs/aprs_ws/install/controller_manager/lib/python3.10/site-packages:/home/aprs/aprs/aprs_ws/install/controller_manager_msgs/lib/python3.10/site-packages:/home/aprs/aprs/aprs_ws/install/control_msgs/lib/python3.10/site-packages:${PYTHONPATH} /usr/bin/cmake /home/aprs/aprs/aprs_ws/src/ros2_controllers/position_controllers -DCMAKE_INSTALL_PREFIX=/home/aprs/aprs/aprs_ws/install/position_controllers
[2.757s] Invoking command in '/home/aprs/aprs/aprs_ws/build/position_controllers': AMENT_PREFIX_PATH=/home/aprs/aprs/aprs_ws/install/forward_command_controller:/home/aprs/aprs/aprs_ws/install/controller_manager:/home/aprs/aprs/aprs_ws/install/controller_interface:/home/aprs/aprs/aprs_ws/install/hardware_interface:/home/aprs/aprs/aprs_ws/install/ros2_control_test_assets:/home/aprs/aprs/aprs_ws/install/controller_manager_msgs:/home/aprs/aprs/aprs_ws/install/control_msgs:${AMENT_PREFIX_PATH} CMAKE_PREFIX_PATH=/home/aprs/aprs/aprs_ws/install/forward_command_controller:/home/aprs/aprs/aprs_ws/install/controller_manager:/home/aprs/aprs/aprs_ws/install/controller_interface:/home/aprs/aprs/aprs_ws/install/hardware_interface:/home/aprs/aprs/aprs_ws/install/ros2_control_test_assets:/home/aprs/aprs/aprs_ws/install/controller_manager_msgs:/home/aprs/aprs/aprs_ws/install/control_msgs:/opt/ros/rolling LD_LIBRARY_PATH=/home/aprs/aprs/aprs_ws/install/forward_command_controller/lib:/home/aprs/aprs/aprs_ws/install/controller_manager/lib:/home/aprs/aprs/aprs_ws/install/controller_interface/lib:/home/aprs/aprs/aprs_ws/install/hardware_interface/lib:/home/aprs/aprs/aprs_ws/install/ros2_control_test_assets/lib:/home/aprs/aprs/aprs_ws/install/controller_manager_msgs/lib:/home/aprs/aprs/aprs_ws/install/control_msgs/lib:${LD_LIBRARY_PATH} PYTHONPATH=/home/aprs/aprs/aprs_ws/install/controller_manager/lib/python3.10/site-packages:/home/aprs/aprs/aprs_ws/install/controller_manager_msgs/lib/python3.10/site-packages:/home/aprs/aprs/aprs_ws/install/control_msgs/lib/python3.10/site-packages:${PYTHONPATH} /usr/bin/cmake --build /home/aprs/aprs/aprs_ws/build/position_controllers -- -j16 -l16
[2.814s] [  9%] [32mBuilding CXX object CMakeFiles/position_controllers.dir/src/joint_group_position_controller.cpp.o[0m
[2.816s] [ 18%] [32mBuilding CXX object gmock/CMakeFiles/gmock_main.dir/src/gmock_main.cc.o[0m
[3.964s] [ 27%] [32m[1mLinking CXX static library libgmock_main.a[0m
[4.007s] [ 27%] Built target gmock_main
[6.966s] [ 36%] [32m[1mLinking CXX shared library libposition_controllers.so[0m
[7.127s] [ 36%] Built target position_controllers
[7.141s] [ 45%] [32mBuilding CXX object gmock/CMakeFiles/gmock.dir/opt/ros/rolling/src/gtest_vendor/src/gtest-all.cc.o[0m
[9.958s] [ 54%] [32mBuilding CXX object gmock/CMakeFiles/gmock.dir/src/gmock-all.cc.o[0m
[11.043s] [ 63%] [32m[1mLinking CXX static library libgmock.a[0m
[11.089s] [ 63%] Built target gmock
[11.102s] [ 72%] [32mBuilding CXX object CMakeFiles/test_load_joint_group_position_controller.dir/test/test_load_joint_group_position_controller.cpp.o[0m
[15.693s] [ 81%] [32m[1mLinking CXX executable test_load_joint_group_position_controller[0m
[17.075s] [ 81%] Built target test_load_joint_group_position_controller
[17.096s] [ 90%] [32mBuilding CXX object CMakeFiles/test_joint_group_position_controller.dir/test/test_joint_group_position_controller.cpp.o[0m
[23.237s] [100%] [32m[1mLinking CXX executable test_joint_group_position_controller[0m
[23.582s] [100%] Built target test_joint_group_position_controller
[23.593s] Invoked command in '/home/aprs/aprs/aprs_ws/build/position_controllers' returned '0': AMENT_PREFIX_PATH=/home/aprs/aprs/aprs_ws/install/forward_command_controller:/home/aprs/aprs/aprs_ws/install/controller_manager:/home/aprs/aprs/aprs_ws/install/controller_interface:/home/aprs/aprs/aprs_ws/install/hardware_interface:/home/aprs/aprs/aprs_ws/install/ros2_control_test_assets:/home/aprs/aprs/aprs_ws/install/controller_manager_msgs:/home/aprs/aprs/aprs_ws/install/control_msgs:${AMENT_PREFIX_PATH} CMAKE_PREFIX_PATH=/home/aprs/aprs/aprs_ws/install/forward_command_controller:/home/aprs/aprs/aprs_ws/install/controller_manager:/home/aprs/aprs/aprs_ws/install/controller_interface:/home/aprs/aprs/aprs_ws/install/hardware_interface:/home/aprs/aprs/aprs_ws/install/ros2_control_test_assets:/home/aprs/aprs/aprs_ws/install/controller_manager_msgs:/home/aprs/aprs/aprs_ws/install/control_msgs:/opt/ros/rolling LD_LIBRARY_PATH=/home/aprs/aprs/aprs_ws/install/forward_command_controller/lib:/home/aprs/aprs/aprs_ws/install/controller_manager/lib:/home/aprs/aprs/aprs_ws/install/controller_interface/lib:/home/aprs/aprs/aprs_ws/install/hardware_interface/lib:/home/aprs/aprs/aprs_ws/install/ros2_control_test_assets/lib:/home/aprs/aprs/aprs_ws/install/controller_manager_msgs/lib:/home/aprs/aprs/aprs_ws/install/control_msgs/lib:${LD_LIBRARY_PATH} PYTHONPATH=/home/aprs/aprs/aprs_ws/install/controller_manager/lib/python3.10/site-packages:/home/aprs/aprs/aprs_ws/install/controller_manager_msgs/lib/python3.10/site-packages:/home/aprs/aprs/aprs_ws/install/control_msgs/lib/python3.10/site-packages:${PYTHONPATH} /usr/bin/cmake --build /home/aprs/aprs/aprs_ws/build/position_controllers -- -j16 -l16
[23.609s] Invoking command in '/home/aprs/aprs/aprs_ws/build/position_controllers': AMENT_PREFIX_PATH=/home/aprs/aprs/aprs_ws/install/forward_command_controller:/home/aprs/aprs/aprs_ws/install/controller_manager:/home/aprs/aprs/aprs_ws/install/controller_interface:/home/aprs/aprs/aprs_ws/install/hardware_interface:/home/aprs/aprs/aprs_ws/install/ros2_control_test_assets:/home/aprs/aprs/aprs_ws/install/controller_manager_msgs:/home/aprs/aprs/aprs_ws/install/control_msgs:${AMENT_PREFIX_PATH} CMAKE_PREFIX_PATH=/home/aprs/aprs/aprs_ws/install/forward_command_controller:/home/aprs/aprs/aprs_ws/install/controller_manager:/home/aprs/aprs/aprs_ws/install/controller_interface:/home/aprs/aprs/aprs_ws/install/hardware_interface:/home/aprs/aprs/aprs_ws/install/ros2_control_test_assets:/home/aprs/aprs/aprs_ws/install/controller_manager_msgs:/home/aprs/aprs/aprs_ws/install/control_msgs:/opt/ros/rolling LD_LIBRARY_PATH=/home/aprs/aprs/aprs_ws/install/forward_command_controller/lib:/home/aprs/aprs/aprs_ws/install/controller_manager/lib:/home/aprs/aprs/aprs_ws/install/controller_interface/lib:/home/aprs/aprs/aprs_ws/install/hardware_interface/lib:/home/aprs/aprs/aprs_ws/install/ros2_control_test_assets/lib:/home/aprs/aprs/aprs_ws/install/controller_manager_msgs/lib:/home/aprs/aprs/aprs_ws/install/control_msgs/lib:${LD_LIBRARY_PATH} PYTHONPATH=/home/aprs/aprs/aprs_ws/install/controller_manager/lib/python3.10/site-packages:/home/aprs/aprs/aprs_ws/install/controller_manager_msgs/lib/python3.10/site-packages:/home/aprs/aprs/aprs_ws/install/control_msgs/lib/python3.10/site-packages:${PYTHONPATH} /usr/bin/cmake --install /home/aprs/aprs/aprs_ws/build/position_controllers
[23.618s] -- Install configuration: ""
[23.620s] -- Installing: /home/aprs/aprs/aprs_ws/install/position_controllers/share/position_controllers/position_controllers_plugins.xml
[23.620s] -- Installing: /home/aprs/aprs/aprs_ws/install/position_controllers/include/position_controllers
[23.620s] -- Installing: /home/aprs/aprs/aprs_ws/install/position_controllers/include/position_controllers/position_controllers
[23.621s] -- Installing: /home/aprs/aprs/aprs_ws/install/position_controllers/include/position_controllers/position_controllers/visibility_control.h
[23.621s] -- Installing: /home/aprs/aprs/aprs_ws/install/position_controllers/include/position_controllers/position_controllers/joint_group_position_controller.hpp
[23.621s] -- Installing: /home/aprs/aprs/aprs_ws/install/position_controllers/lib/libposition_controllers.so
[23.621s] -- Set runtime path of "/home/aprs/aprs/aprs_ws/install/position_controllers/lib/libposition_controllers.so" to ""
[23.621s] -- Installing: /home/aprs/aprs/aprs_ws/install/position_controllers/share/position_controllers/environment/library_path.sh
[23.621s] -- Installing: /home/aprs/aprs/aprs_ws/install/position_controllers/share/position_controllers/environment/library_path.dsv
[23.621s] -- Installing: /home/aprs/aprs/aprs_ws/install/position_controllers/share/ament_index/resource_index/package_run_dependencies/position_controllers
[23.621s] -- Installing: /home/aprs/aprs/aprs_ws/install/position_controllers/share/ament_index/resource_index/parent_prefix_path/position_controllers
[23.622s] -- Installing: /home/aprs/aprs/aprs_ws/install/position_controllers/share/position_controllers/environment/ament_prefix_path.sh
[23.622s] -- Installing: /home/aprs/aprs/aprs_ws/install/position_controllers/share/position_controllers/environment/ament_prefix_path.dsv
[23.622s] -- Installing: /home/aprs/aprs/aprs_ws/install/position_controllers/share/position_controllers/environment/path.sh
[23.622s] -- Installing: /home/aprs/aprs/aprs_ws/install/position_controllers/share/position_controllers/environment/path.dsv
[23.622s] -- Installing: /home/aprs/aprs/aprs_ws/install/position_controllers/share/position_controllers/local_setup.bash
[23.622s] -- Installing: /home/aprs/aprs/aprs_ws/install/position_controllers/share/position_controllers/local_setup.sh
[23.622s] -- Installing: /home/aprs/aprs/aprs_ws/install/position_controllers/share/position_controllers/local_setup.zsh
[23.622s] -- Installing: /home/aprs/aprs/aprs_ws/install/position_controllers/share/position_controllers/local_setup.dsv
[23.623s] -- Installing: /home/aprs/aprs/aprs_ws/install/position_controllers/share/position_controllers/package.dsv
[23.624s] -- Installing: /home/aprs/aprs/aprs_ws/install/position_controllers/share/ament_index/resource_index/packages/position_controllers
[23.624s] -- Installing: /home/aprs/aprs/aprs_ws/install/position_controllers/share/ament_index/resource_index/controller_interface__pluginlib__plugin/position_controllers
[23.624s] -- Installing: /home/aprs/aprs/aprs_ws/install/position_controllers/share/position_controllers/cmake/export_position_controllersExport.cmake
[23.624s] -- Installing: /home/aprs/aprs/aprs_ws/install/position_controllers/share/position_controllers/cmake/export_position_controllersExport-noconfig.cmake
[23.624s] -- Installing: /home/aprs/aprs/aprs_ws/install/position_controllers/share/position_controllers/cmake/ament_cmake_export_targets-extras.cmake
[23.624s] -- Installing: /home/aprs/aprs/aprs_ws/install/position_controllers/share/position_controllers/cmake/ament_cmake_export_dependencies-extras.cmake
[23.624s] -- Installing: /home/aprs/aprs/aprs_ws/install/position_controllers/share/position_controllers/cmake/position_controllersConfig.cmake
[23.625s] -- Installing: /home/aprs/aprs/aprs_ws/install/position_controllers/share/position_controllers/cmake/position_controllersConfig-version.cmake
[23.625s] -- Installing: /home/aprs/aprs/aprs_ws/install/position_controllers/share/position_controllers/package.xml
[23.625s] Invoked command in '/home/aprs/aprs/aprs_ws/build/position_controllers' returned '0': AMENT_PREFIX_PATH=/home/aprs/aprs/aprs_ws/install/forward_command_controller:/home/aprs/aprs/aprs_ws/install/controller_manager:/home/aprs/aprs/aprs_ws/install/controller_interface:/home/aprs/aprs/aprs_ws/install/hardware_interface:/home/aprs/aprs/aprs_ws/install/ros2_control_test_assets:/home/aprs/aprs/aprs_ws/install/controller_manager_msgs:/home/aprs/aprs/aprs_ws/install/control_msgs:${AMENT_PREFIX_PATH} CMAKE_PREFIX_PATH=/home/aprs/aprs/aprs_ws/install/forward_command_controller:/home/aprs/aprs/aprs_ws/install/controller_manager:/home/aprs/aprs/aprs_ws/install/controller_interface:/home/aprs/aprs/aprs_ws/install/hardware_interface:/home/aprs/aprs/aprs_ws/install/ros2_control_test_assets:/home/aprs/aprs/aprs_ws/install/controller_manager_msgs:/home/aprs/aprs/aprs_ws/install/control_msgs:/opt/ros/rolling LD_LIBRARY_PATH=/home/aprs/aprs/aprs_ws/install/forward_command_controller/lib:/home/aprs/aprs/aprs_ws/install/controller_manager/lib:/home/aprs/aprs/aprs_ws/install/controller_interface/lib:/home/aprs/aprs/aprs_ws/install/hardware_interface/lib:/home/aprs/aprs/aprs_ws/install/ros2_control_test_assets/lib:/home/aprs/aprs/aprs_ws/install/controller_manager_msgs/lib:/home/aprs/aprs/aprs_ws/install/control_msgs/lib:${LD_LIBRARY_PATH} PYTHONPATH=/home/aprs/aprs/aprs_ws/install/controller_manager/lib/python3.10/site-packages:/home/aprs/aprs/aprs_ws/install/controller_manager_msgs/lib/python3.10/site-packages:/home/aprs/aprs/aprs_ws/install/control_msgs/lib/python3.10/site-packages:${PYTHONPATH} /usr/bin/cmake --install /home/aprs/aprs/aprs_ws/build/position_controllers
