[35m[1mConsolidate compiler generated dependencies of target gmock[0m
[ 11%] Built target steering_controllers_library_parameters
[ 44%] Built target gmock
[35m[1mConsolidate compiler generated dependencies of target steering_controllers_library[0m
[ 77%] Built target steering_controllers_library
[35m[1mConsolidate compiler generated dependencies of target test_steering_controllers_library[0m
[100%] Built target test_steering_controllers_library
-- Install configuration: ""
-- Up-to-date: /home/aprs/aprs/aprs_ws/install/steering_controllers_library/include/steering_controllers_library_parameters
-- Up-to-date: /home/aprs/aprs/aprs_ws/install/steering_controllers_library/include/steering_controllers_library_parameters/steering_controllers_library_parameters.hpp
-- Up-to-date: /home/aprs/aprs/aprs_ws/install/steering_controllers_library/include/steering_controllers_library
-- Up-to-date: /home/aprs/aprs/aprs_ws/install/steering_controllers_library/include/steering_controllers_library/steering_controllers_library
-- Up-to-date: /home/aprs/aprs/aprs_ws/install/steering_controllers_library/include/steering_controllers_library/steering_controllers_library/steering_odometry.hpp
-- Up-to-date: /home/aprs/aprs/aprs_ws/install/steering_controllers_library/include/steering_controllers_library/steering_controllers_library/visibility_control.h
-- Up-to-date: /home/aprs/aprs/aprs_ws/install/steering_controllers_library/include/steering_controllers_library/steering_controllers_library/steering_controllers_library.hpp
-- Up-to-date: /home/aprs/aprs/aprs_ws/install/steering_controllers_library/lib/libsteering_controllers_library.so
-- Up-to-date: /home/aprs/aprs/aprs_ws/install/steering_controllers_library/share/steering_controllers_library/environment/library_path.sh
-- Up-to-date: /home/aprs/aprs/aprs_ws/install/steering_controllers_library/share/steering_controllers_library/environment/library_path.dsv
-- Up-to-date: /home/aprs/aprs/aprs_ws/install/steering_controllers_library/share/ament_index/resource_index/package_run_dependencies/steering_controllers_library
-- Up-to-date: /home/aprs/aprs/aprs_ws/install/steering_controllers_library/share/ament_index/resource_index/parent_prefix_path/steering_controllers_library
-- Up-to-date: /home/aprs/aprs/aprs_ws/install/steering_controllers_library/share/steering_controllers_library/environment/ament_prefix_path.sh
-- Up-to-date: /home/aprs/aprs/aprs_ws/install/steering_controllers_library/share/steering_controllers_library/environment/ament_prefix_path.dsv
-- Up-to-date: /home/aprs/aprs/aprs_ws/install/steering_controllers_library/share/steering_controllers_library/environment/path.sh
-- Up-to-date: /home/aprs/aprs/aprs_ws/install/steering_controllers_library/share/steering_controllers_library/environment/path.dsv
-- Up-to-date: /home/aprs/aprs/aprs_ws/install/steering_controllers_library/share/steering_controllers_library/local_setup.bash
-- Up-to-date: /home/aprs/aprs/aprs_ws/install/steering_controllers_library/share/steering_controllers_library/local_setup.sh
-- Up-to-date: /home/aprs/aprs/aprs_ws/install/steering_controllers_library/share/steering_controllers_library/local_setup.zsh
-- Up-to-date: /home/aprs/aprs/aprs_ws/install/steering_controllers_library/share/steering_controllers_library/local_setup.dsv
-- Installing: /home/aprs/aprs/aprs_ws/install/steering_controllers_library/share/steering_controllers_library/package.dsv
-- Up-to-date: /home/aprs/aprs/aprs_ws/install/steering_controllers_library/share/ament_index/resource_index/packages/steering_controllers_library
-- Up-to-date: /home/aprs/aprs/aprs_ws/install/steering_controllers_library/share/steering_controllers_library/cmake/export_steering_controllers_libraryExport.cmake
-- Up-to-date: /home/aprs/aprs/aprs_ws/install/steering_controllers_library/share/steering_controllers_library/cmake/export_steering_controllers_libraryExport-noconfig.cmake
-- Up-to-date: /home/aprs/aprs/aprs_ws/install/steering_controllers_library/share/steering_controllers_library/cmake/ament_cmake_export_targets-extras.cmake
-- Up-to-date: /home/aprs/aprs/aprs_ws/install/steering_controllers_library/share/steering_controllers_library/cmake/ament_cmake_export_dependencies-extras.cmake
-- Up-to-date: /home/aprs/aprs/aprs_ws/install/steering_controllers_library/share/steering_controllers_library/cmake/steering_controllers_libraryConfig.cmake
-- Up-to-date: /home/aprs/aprs/aprs_ws/install/steering_controllers_library/share/steering_controllers_library/cmake/steering_controllers_libraryConfig-version.cmake
-- Up-to-date: /home/aprs/aprs/aprs_ws/install/steering_controllers_library/share/steering_controllers_library/package.xml
