-- The C compiler identification is GNU 11.4.0
-- The CXX compiler identification is GNU 11.4.0
-- Detecting C compiler ABI info
-- Detecting C compiler ABI info - done
-- Check for working C compiler: /usr/bin/cc - skipped
-- Detecting C compile features
-- Detecting C compile features - done
-- Detecting CXX compiler ABI info
-- Detecting CXX compiler ABI info - done
-- Check for working CXX compiler: /usr/bin/c++ - skipped
-- Detecting CXX compile features
-- Detecting CXX compile features - done
-- Found ament_cmake: 1.3.7 (/opt/ros/humble/share/ament_cmake/cmake)
-- Found Python3: /usr/bin/python3.10 (found version "3.10.12") found components: Interpreter 
-- Found builtin_interfaces: 1.2.1 (/opt/ros/humble/share/builtin_interfaces/cmake)
-- Found rosidl_generator_c: 3.1.5 (/opt/ros/humble/share/rosidl_generator_c/cmake)
-- Found rosidl_adapter: 3.1.5 (/opt/ros/humble/share/rosidl_adapter/cmake)
-- Found rosidl_generator_cpp: 3.1.5 (/opt/ros/humble/share/rosidl_generator_cpp/cmake)
-- Using all available rosidl_typesupport_c: rosidl_typesupport_fastrtps_c;rosidl_typesupport_introspection_c
-- Using all available rosidl_typesupport_cpp: rosidl_typesupport_fastrtps_cpp;rosidl_typesupport_introspection_cpp
-- Found std_msgs: 4.2.3 (/opt/ros/humble/share/std_msgs/cmake)
-- Found geometry_msgs: 4.2.3 (/opt/ros/humble/share/geometry_msgs/cmake)
-- Found rosidl_default_generators: 1.2.0 (/opt/ros/humble/share/rosidl_default_generators/cmake)
-- Configuring done
-- Generating done
-- Build files have been written to: /workspaces/aprs/temp_ws/build/example_interfaces
-- Install configuration: ""
-- Installing: /workspaces/aprs/temp_ws/install/example_interfaces/share/ament_index/resource_index/package_run_dependencies/example_interfaces
-- Installing: /workspaces/aprs/temp_ws/install/example_interfaces/share/ament_index/resource_index/parent_prefix_path/example_interfaces
-- Installing: /workspaces/aprs/temp_ws/install/example_interfaces/share/example_interfaces/environment/ament_prefix_path.sh
-- Installing: /workspaces/aprs/temp_ws/install/example_interfaces/share/example_interfaces/environment/ament_prefix_path.dsv
-- Installing: /workspaces/aprs/temp_ws/install/example_interfaces/share/example_interfaces/environment/path.sh
-- Installing: /workspaces/aprs/temp_ws/install/example_interfaces/share/example_interfaces/environment/path.dsv
-- Installing: /workspaces/aprs/temp_ws/install/example_interfaces/share/example_interfaces/local_setup.bash
-- Installing: /workspaces/aprs/temp_ws/install/example_interfaces/share/example_interfaces/local_setup.sh
-- Installing: /workspaces/aprs/temp_ws/install/example_interfaces/share/example_interfaces/local_setup.zsh
-- Installing: /workspaces/aprs/temp_ws/install/example_interfaces/share/example_interfaces/local_setup.dsv
-- Installing: /workspaces/aprs/temp_ws/install/example_interfaces/share/example_interfaces/package.dsv
-- Installing: /workspaces/aprs/temp_ws/install/example_interfaces/share/ament_index/resource_index/packages/example_interfaces
-- Installing: /workspaces/aprs/temp_ws/install/example_interfaces/share/example_interfaces/cmake/ament_cmake_export_dependencies-extras.cmake
-- Installing: /workspaces/aprs/temp_ws/install/example_interfaces/share/example_interfaces/cmake/example_interfacesConfig.cmake
-- Installing: /workspaces/aprs/temp_ws/install/example_interfaces/share/example_interfaces/cmake/example_interfacesConfig-version.cmake
-- Installing: /workspaces/aprs/temp_ws/install/example_interfaces/share/example_interfaces/package.xml
