[0.022s] Invoking command in '/workspaces/aprs/aprs_ws/build/ur': CMAKE_PREFIX_PATH=/opt/ros/rolling /usr/bin/cmake /workspaces/aprs/aprs_ws/src/ur -DBUILD_TESTING=ON -DCMAKE_INSTALL_PREFIX=/workspaces/aprs/aprs_ws/install/ur
[0.107s] -- The C compiler identification is GNU 11.3.0
[0.167s] -- The CXX compiler identification is GNU 11.3.0
[0.173s] -- Detecting C compiler ABI info
[0.240s] -- Detecting C compiler ABI info - done
[0.247s] -- Check for working C compiler: /usr/bin/cc - skipped
[0.247s] -- Detecting C compile features
[0.248s] -- Detecting C compile features - done
[0.251s] -- Detecting CXX compiler ABI info
[0.329s] -- Detecting CXX compiler ABI info - done
[0.360s] -- Check for working CXX compiler: /usr/bin/c++ - skipped
[0.360s] -- Detecting CXX compile features
[0.361s] -- Detecting CXX compile features - done
[0.379s] -- Found ament_cmake: 2.2.1 (/opt/ros/rolling/share/ament_cmake/cmake)
[0.900s] -- Found Python3: /usr/bin/python3.10 (found version "3.10.6") found components: Interpreter 
[1.201s] -- Found ament_cmake_pytest: 2.2.1 (/opt/ros/rolling/share/ament_cmake_pytest/cmake)
[1.478s] -- Configuring done
[1.483s] -- Generating done
[1.484s] -- Build files have been written to: /workspaces/aprs/aprs_ws/build/ur
[1.494s] Invoked command in '/workspaces/aprs/aprs_ws/build/ur' returned '0': CMAKE_PREFIX_PATH=/opt/ros/rolling /usr/bin/cmake /workspaces/aprs/aprs_ws/src/ur -DBUILD_TESTING=ON -DCMAKE_INSTALL_PREFIX=/workspaces/aprs/aprs_ws/install/ur
[1.497s] Invoking command in '/workspaces/aprs/aprs_ws/build/ur': CMAKE_PREFIX_PATH=/opt/ros/rolling /usr/bin/cmake --build /workspaces/aprs/aprs_ws/build/ur -- -j16 -l16
[1.605s] Invoked command in '/workspaces/aprs/aprs_ws/build/ur' returned '0': CMAKE_PREFIX_PATH=/opt/ros/rolling /usr/bin/cmake --build /workspaces/aprs/aprs_ws/build/ur -- -j16 -l16
[1.691s] Invoking command in '/workspaces/aprs/aprs_ws/build/ur': CMAKE_PREFIX_PATH=/opt/ros/rolling /usr/bin/cmake --install /workspaces/aprs/aprs_ws/build/ur
[1.749s] -- Install configuration: ""
[1.753s] -- Installing: /workspaces/aprs/aprs_ws/install/ur/share/ur/launch
[1.754s] -- Installing: /workspaces/aprs/aprs_ws/install/ur/share/ur/launch/view_ur.launch.py
[1.756s] -- Installing: /workspaces/aprs/aprs_ws/install/ur/share/ur/urdf
[1.756s] -- Installing: /workspaces/aprs/aprs_ws/install/ur/share/ur/urdf/ur_macro.xacro
[1.756s] -- Installing: /workspaces/aprs/aprs_ws/install/ur/share/ur/urdf/ur.urdf.xacro
[1.756s] -- Installing: /workspaces/aprs/aprs_ws/install/ur/share/ur/rviz
[1.756s] -- Installing: /workspaces/aprs/aprs_ws/install/ur/share/ur/rviz/view_robot.rviz
[1.756s] -- Installing: /workspaces/aprs/aprs_ws/install/ur/share/ament_index/resource_index/package_run_dependencies/ur
[1.757s] -- Installing: /workspaces/aprs/aprs_ws/install/ur/share/ament_index/resource_index/parent_prefix_path/ur
[1.766s] -- Installing: /workspaces/aprs/aprs_ws/install/ur/share/ur/environment/ament_prefix_path.sh
[1.771s] -- Installing: /workspaces/aprs/aprs_ws/install/ur/share/ur/environment/ament_prefix_path.dsv
[1.787s] -- Installing: /workspaces/aprs/aprs_ws/install/ur/share/ur/environment/path.sh
[1.791s] -- Installing: /workspaces/aprs/aprs_ws/install/ur/share/ur/environment/path.dsv
[1.791s] -- Installing: /workspaces/aprs/aprs_ws/install/ur/share/ur/local_setup.bash
[1.792s] -- Installing: /workspaces/aprs/aprs_ws/install/ur/share/ur/local_setup.sh
[1.793s] -- Installing: /workspaces/aprs/aprs_ws/install/ur/share/ur/local_setup.zsh
[1.793s] -- Installing: /workspaces/aprs/aprs_ws/install/ur/share/ur/local_setup.dsv
[1.793s] -- Installing: /workspaces/aprs/aprs_ws/install/ur/share/ur/package.dsv
[1.793s] -- Installing: /workspaces/aprs/aprs_ws/install/ur/share/ament_index/resource_index/packages/ur
[1.793s] -- Installing: /workspaces/aprs/aprs_ws/install/ur/share/ur/cmake/urConfig.cmake
[1.793s] -- Installing: /workspaces/aprs/aprs_ws/install/ur/share/ur/cmake/urConfig-version.cmake
[1.793s] -- Installing: /workspaces/aprs/aprs_ws/install/ur/share/ur/package.xml
[1.795s] Invoked command in '/workspaces/aprs/aprs_ws/build/ur' returned '0': CMAKE_PREFIX_PATH=/opt/ros/rolling /usr/bin/cmake --install /workspaces/aprs/aprs_ws/build/ur
