[0.107s] Invoking command in '/home/aprs/aprs/aprs_ws/build/ur_moveit_config': CMAKE_PREFIX_PATH=/home/aprs/aprs/aprs_ws/install/ur_description:/home/aprs/aprs/aprs_ws/install/worlds:/home/aprs/aprs/aprs_ws/install/workbench_description:/home/aprs/aprs/aprs_ws/install/vaccum_description:/home/aprs/aprs/aprs_ws/install/ur_setup:/home/aprs/aprs/aprs_ws/install/ur:/home/aprs/aprs/aprs_ws/install/ur_calibration:/home/aprs/aprs/aprs_ws/install/ur_robot_driver:/home/aprs/aprs/aprs_ws/install/ur_bringup:/home/aprs/aprs/aprs_ws/install/ur_controllers:/home/aprs/aprs/aprs_ws/install/ur_msgs:/home/aprs/aprs/aprs_ws/install/ur_moveit_config:/home/aprs/aprs/aprs_ws/install/ur_gz:/home/aprs/aprs/aprs_ws/install/ur_description_gz:/home/aprs/aprs/aprs_ws/install/ur5e_moveit_config:/home/aprs/aprs/aprs_ws/install/panda_moveit_config:/home/aprs/aprs/aprs_ws/install/ur_dashboard_msgs:/home/aprs/aprs/aprs_ws/install/ur_client_library:/home/aprs/aprs/aprs_ws/install/table_description:/home/aprs/aprs/aprs_ws/install/point_cloud:/home/aprs/aprs/aprs_ws/install/gear_place:/home/aprs/aprs/aprs_ws/install/realsense2_description:/home/aprs/aprs/aprs_ws/install/realsense2_camera:/home/aprs/aprs/aprs_ws/install/realsense2_camera_msgs:/home/aprs/aprs/aprs_ws/install/panda_description:/home/aprs/aprs/aprs_ws/install/ign_ros2_control_demos:/home/aprs/aprs/aprs_ws/install/gz_ros2_control_tests:/home/aprs/aprs/aprs_ws/install/ign_ros2_control:/home/aprs/aprs/aprs_ws/install/franka_setup:/home/aprs/aprs/aprs_ws/install/franka_gz:/home/aprs/aprs/aprs_ws/install/fanuc_moveit_config:/home/aprs/aprs/aprs_ws/install/fanuc_description:/home/aprs/aprs/aprs_ws/install/conveyor_interfaces:/home/aprs/aprs/aprs_ws/install/camera_mount:/home/aprs/aprs/aprs_ws/install/conveyor_controller:/opt/ros/humble GZ_MODEL_PATH=/home/aprs/aprs/aprs_ws/install/ur_description/share/ur_description/meshes GZ_SIM_PLUGIn_PATH=/home/aprs/aprs/aprs_ws/install/ur_description/lib/ur_description /usr/bin/cmake /home/aprs/aprs/aprs_ws/src/Universal_Robots_ROS2_Driver/ur_moveit_config -DCMAKE_INSTALL_PREFIX=/home/aprs/aprs/aprs_ws/install/ur_moveit_config
[1.719s] -- The C compiler identification is GNU 11.4.0
[1.719s] -- The CXX compiler identification is GNU 11.4.0
[1.719s] -- Detecting C compiler ABI info
[1.719s] -- Detecting C compiler ABI info - done
[1.719s] -- Check for working C compiler: /usr/bin/cc - skipped
[1.719s] -- Detecting C compile features
[1.719s] -- Detecting C compile features - done
[1.719s] -- Detecting CXX compiler ABI info
[2.286s] -- Detecting CXX compiler ABI info - done
[2.298s] -- Check for working CXX compiler: /usr/bin/c++ - skipped
[2.298s] -- Detecting CXX compile features
[2.299s] -- Detecting CXX compile features - done
[2.306s] -- Found ament_cmake: 1.3.5 (/opt/ros/humble/share/ament_cmake/cmake)
[2.701s] -- Found Python3: /usr/bin/python3.10 (found version "3.10.12") found components: Interpreter 
[3.821s] -- Configuring done
[3.829s] -- Generating done
[3.834s] -- Build files have been written to: /home/aprs/aprs/aprs_ws/build/ur_moveit_config
[3.861s] Invoked command in '/home/aprs/aprs/aprs_ws/build/ur_moveit_config' returned '0': CMAKE_PREFIX_PATH=/home/aprs/aprs/aprs_ws/install/ur_description:/home/aprs/aprs/aprs_ws/install/worlds:/home/aprs/aprs/aprs_ws/install/workbench_description:/home/aprs/aprs/aprs_ws/install/vaccum_description:/home/aprs/aprs/aprs_ws/install/ur_setup:/home/aprs/aprs/aprs_ws/install/ur:/home/aprs/aprs/aprs_ws/install/ur_calibration:/home/aprs/aprs/aprs_ws/install/ur_robot_driver:/home/aprs/aprs/aprs_ws/install/ur_bringup:/home/aprs/aprs/aprs_ws/install/ur_controllers:/home/aprs/aprs/aprs_ws/install/ur_msgs:/home/aprs/aprs/aprs_ws/install/ur_moveit_config:/home/aprs/aprs/aprs_ws/install/ur_gz:/home/aprs/aprs/aprs_ws/install/ur_description_gz:/home/aprs/aprs/aprs_ws/install/ur5e_moveit_config:/home/aprs/aprs/aprs_ws/install/panda_moveit_config:/home/aprs/aprs/aprs_ws/install/ur_dashboard_msgs:/home/aprs/aprs/aprs_ws/install/ur_client_library:/home/aprs/aprs/aprs_ws/install/table_description:/home/aprs/aprs/aprs_ws/install/point_cloud:/home/aprs/aprs/aprs_ws/install/gear_place:/home/aprs/aprs/aprs_ws/install/realsense2_description:/home/aprs/aprs/aprs_ws/install/realsense2_camera:/home/aprs/aprs/aprs_ws/install/realsense2_camera_msgs:/home/aprs/aprs/aprs_ws/install/panda_description:/home/aprs/aprs/aprs_ws/install/ign_ros2_control_demos:/home/aprs/aprs/aprs_ws/install/gz_ros2_control_tests:/home/aprs/aprs/aprs_ws/install/ign_ros2_control:/home/aprs/aprs/aprs_ws/install/franka_setup:/home/aprs/aprs/aprs_ws/install/franka_gz:/home/aprs/aprs/aprs_ws/install/fanuc_moveit_config:/home/aprs/aprs/aprs_ws/install/fanuc_description:/home/aprs/aprs/aprs_ws/install/conveyor_interfaces:/home/aprs/aprs/aprs_ws/install/camera_mount:/home/aprs/aprs/aprs_ws/install/conveyor_controller:/opt/ros/humble GZ_MODEL_PATH=/home/aprs/aprs/aprs_ws/install/ur_description/share/ur_description/meshes GZ_SIM_PLUGIn_PATH=/home/aprs/aprs/aprs_ws/install/ur_description/lib/ur_description /usr/bin/cmake /home/aprs/aprs/aprs_ws/src/Universal_Robots_ROS2_Driver/ur_moveit_config -DCMAKE_INSTALL_PREFIX=/home/aprs/aprs/aprs_ws/install/ur_moveit_config
[3.864s] Invoking command in '/home/aprs/aprs/aprs_ws/build/ur_moveit_config': CMAKE_PREFIX_PATH=/home/aprs/aprs/aprs_ws/install/ur_description:/home/aprs/aprs/aprs_ws/install/worlds:/home/aprs/aprs/aprs_ws/install/workbench_description:/home/aprs/aprs/aprs_ws/install/vaccum_description:/home/aprs/aprs/aprs_ws/install/ur_setup:/home/aprs/aprs/aprs_ws/install/ur:/home/aprs/aprs/aprs_ws/install/ur_calibration:/home/aprs/aprs/aprs_ws/install/ur_robot_driver:/home/aprs/aprs/aprs_ws/install/ur_bringup:/home/aprs/aprs/aprs_ws/install/ur_controllers:/home/aprs/aprs/aprs_ws/install/ur_msgs:/home/aprs/aprs/aprs_ws/install/ur_moveit_config:/home/aprs/aprs/aprs_ws/install/ur_gz:/home/aprs/aprs/aprs_ws/install/ur_description_gz:/home/aprs/aprs/aprs_ws/install/ur5e_moveit_config:/home/aprs/aprs/aprs_ws/install/panda_moveit_config:/home/aprs/aprs/aprs_ws/install/ur_dashboard_msgs:/home/aprs/aprs/aprs_ws/install/ur_client_library:/home/aprs/aprs/aprs_ws/install/table_description:/home/aprs/aprs/aprs_ws/install/point_cloud:/home/aprs/aprs/aprs_ws/install/gear_place:/home/aprs/aprs/aprs_ws/install/realsense2_description:/home/aprs/aprs/aprs_ws/install/realsense2_camera:/home/aprs/aprs/aprs_ws/install/realsense2_camera_msgs:/home/aprs/aprs/aprs_ws/install/panda_description:/home/aprs/aprs/aprs_ws/install/ign_ros2_control_demos:/home/aprs/aprs/aprs_ws/install/gz_ros2_control_tests:/home/aprs/aprs/aprs_ws/install/ign_ros2_control:/home/aprs/aprs/aprs_ws/install/franka_setup:/home/aprs/aprs/aprs_ws/install/franka_gz:/home/aprs/aprs/aprs_ws/install/fanuc_moveit_config:/home/aprs/aprs/aprs_ws/install/fanuc_description:/home/aprs/aprs/aprs_ws/install/conveyor_interfaces:/home/aprs/aprs/aprs_ws/install/camera_mount:/home/aprs/aprs/aprs_ws/install/conveyor_controller:/opt/ros/humble GZ_MODEL_PATH=/home/aprs/aprs/aprs_ws/install/ur_description/share/ur_description/meshes GZ_SIM_PLUGIn_PATH=/home/aprs/aprs/aprs_ws/install/ur_description/lib/ur_description /usr/bin/cmake --build /home/aprs/aprs/aprs_ws/build/ur_moveit_config -- -j16 -l16
[4.618s] Built target ament_cmake_python_copy_ur_moveit_config
[5.675s] running egg_info
[5.675s] creating ur_moveit_config.egg-info
[5.678s] writing ur_moveit_config.egg-info/PKG-INFO
[5.678s] writing dependency_links to ur_moveit_config.egg-info/dependency_links.txt
[5.678s] writing top-level names to ur_moveit_config.egg-info/top_level.txt
[5.679s] writing manifest file 'ur_moveit_config.egg-info/SOURCES.txt'
[5.679s] reading manifest file 'ur_moveit_config.egg-info/SOURCES.txt'
[5.697s] writing manifest file 'ur_moveit_config.egg-info/SOURCES.txt'
[5.830s] Built target ament_cmake_python_build_ur_moveit_config_egg
[5.971s] Invoked command in '/home/aprs/aprs/aprs_ws/build/ur_moveit_config' returned '0': CMAKE_PREFIX_PATH=/home/aprs/aprs/aprs_ws/install/ur_description:/home/aprs/aprs/aprs_ws/install/worlds:/home/aprs/aprs/aprs_ws/install/workbench_description:/home/aprs/aprs/aprs_ws/install/vaccum_description:/home/aprs/aprs/aprs_ws/install/ur_setup:/home/aprs/aprs/aprs_ws/install/ur:/home/aprs/aprs/aprs_ws/install/ur_calibration:/home/aprs/aprs/aprs_ws/install/ur_robot_driver:/home/aprs/aprs/aprs_ws/install/ur_bringup:/home/aprs/aprs/aprs_ws/install/ur_controllers:/home/aprs/aprs/aprs_ws/install/ur_msgs:/home/aprs/aprs/aprs_ws/install/ur_moveit_config:/home/aprs/aprs/aprs_ws/install/ur_gz:/home/aprs/aprs/aprs_ws/install/ur_description_gz:/home/aprs/aprs/aprs_ws/install/ur5e_moveit_config:/home/aprs/aprs/aprs_ws/install/panda_moveit_config:/home/aprs/aprs/aprs_ws/install/ur_dashboard_msgs:/home/aprs/aprs/aprs_ws/install/ur_client_library:/home/aprs/aprs/aprs_ws/install/table_description:/home/aprs/aprs/aprs_ws/install/point_cloud:/home/aprs/aprs/aprs_ws/install/gear_place:/home/aprs/aprs/aprs_ws/install/realsense2_description:/home/aprs/aprs/aprs_ws/install/realsense2_camera:/home/aprs/aprs/aprs_ws/install/realsense2_camera_msgs:/home/aprs/aprs/aprs_ws/install/panda_description:/home/aprs/aprs/aprs_ws/install/ign_ros2_control_demos:/home/aprs/aprs/aprs_ws/install/gz_ros2_control_tests:/home/aprs/aprs/aprs_ws/install/ign_ros2_control:/home/aprs/aprs/aprs_ws/install/franka_setup:/home/aprs/aprs/aprs_ws/install/franka_gz:/home/aprs/aprs/aprs_ws/install/fanuc_moveit_config:/home/aprs/aprs/aprs_ws/install/fanuc_description:/home/aprs/aprs/aprs_ws/install/conveyor_interfaces:/home/aprs/aprs/aprs_ws/install/camera_mount:/home/aprs/aprs/aprs_ws/install/conveyor_controller:/opt/ros/humble GZ_MODEL_PATH=/home/aprs/aprs/aprs_ws/install/ur_description/share/ur_description/meshes GZ_SIM_PLUGIn_PATH=/home/aprs/aprs/aprs_ws/install/ur_description/lib/ur_description /usr/bin/cmake --build /home/aprs/aprs/aprs_ws/build/ur_moveit_config -- -j16 -l16
[6.475s] Invoking command in '/home/aprs/aprs/aprs_ws/build/ur_moveit_config': CMAKE_PREFIX_PATH=/home/aprs/aprs/aprs_ws/install/ur_description:/home/aprs/aprs/aprs_ws/install/worlds:/home/aprs/aprs/aprs_ws/install/workbench_description:/home/aprs/aprs/aprs_ws/install/vaccum_description:/home/aprs/aprs/aprs_ws/install/ur_setup:/home/aprs/aprs/aprs_ws/install/ur:/home/aprs/aprs/aprs_ws/install/ur_calibration:/home/aprs/aprs/aprs_ws/install/ur_robot_driver:/home/aprs/aprs/aprs_ws/install/ur_bringup:/home/aprs/aprs/aprs_ws/install/ur_controllers:/home/aprs/aprs/aprs_ws/install/ur_msgs:/home/aprs/aprs/aprs_ws/install/ur_moveit_config:/home/aprs/aprs/aprs_ws/install/ur_gz:/home/aprs/aprs/aprs_ws/install/ur_description_gz:/home/aprs/aprs/aprs_ws/install/ur5e_moveit_config:/home/aprs/aprs/aprs_ws/install/panda_moveit_config:/home/aprs/aprs/aprs_ws/install/ur_dashboard_msgs:/home/aprs/aprs/aprs_ws/install/ur_client_library:/home/aprs/aprs/aprs_ws/install/table_description:/home/aprs/aprs/aprs_ws/install/point_cloud:/home/aprs/aprs/aprs_ws/install/gear_place:/home/aprs/aprs/aprs_ws/install/realsense2_description:/home/aprs/aprs/aprs_ws/install/realsense2_camera:/home/aprs/aprs/aprs_ws/install/realsense2_camera_msgs:/home/aprs/aprs/aprs_ws/install/panda_description:/home/aprs/aprs/aprs_ws/install/ign_ros2_control_demos:/home/aprs/aprs/aprs_ws/install/gz_ros2_control_tests:/home/aprs/aprs/aprs_ws/install/ign_ros2_control:/home/aprs/aprs/aprs_ws/install/franka_setup:/home/aprs/aprs/aprs_ws/install/franka_gz:/home/aprs/aprs/aprs_ws/install/fanuc_moveit_config:/home/aprs/aprs/aprs_ws/install/fanuc_description:/home/aprs/aprs/aprs_ws/install/conveyor_interfaces:/home/aprs/aprs/aprs_ws/install/camera_mount:/home/aprs/aprs/aprs_ws/install/conveyor_controller:/opt/ros/humble GZ_MODEL_PATH=/home/aprs/aprs/aprs_ws/install/ur_description/share/ur_description/meshes GZ_SIM_PLUGIn_PATH=/home/aprs/aprs/aprs_ws/install/ur_description/lib/ur_description /usr/bin/cmake --install /home/aprs/aprs/aprs_ws/build/ur_moveit_config
[6.480s] -- Install configuration: ""
[6.480s] -- Installing: /home/aprs/aprs/aprs_ws/install/ur_moveit_config/share/ur_moveit_config/config
[6.480s] -- Installing: /home/aprs/aprs/aprs_ws/install/ur_moveit_config/share/ur_moveit_config/config/ompl_planning.yaml
[6.480s] -- Installing: /home/aprs/aprs/aprs_ws/install/ur_moveit_config/share/ur_moveit_config/config/kinematics.yaml
[6.480s] -- Installing: /home/aprs/aprs/aprs_ws/install/ur_moveit_config/share/ur_moveit_config/config/ur_servo.yaml
[6.480s] -- Installing: /home/aprs/aprs/aprs_ws/install/ur_moveit_config/share/ur_moveit_config/config/controllers.yaml
[6.480s] -- Installing: /home/aprs/aprs/aprs_ws/install/ur_moveit_config/share/ur_moveit_config/launch
[6.480s] -- Installing: /home/aprs/aprs/aprs_ws/install/ur_moveit_config/share/ur_moveit_config/launch/ur_moveit.launch.py
[6.480s] -- Installing: /home/aprs/aprs/aprs_ws/install/ur_moveit_config/share/ur_moveit_config/rviz
[6.480s] -- Installing: /home/aprs/aprs/aprs_ws/install/ur_moveit_config/share/ur_moveit_config/rviz/view_robot.rviz
[6.480s] -- Installing: /home/aprs/aprs/aprs_ws/install/ur_moveit_config/share/ur_moveit_config/srdf
[6.480s] -- Installing: /home/aprs/aprs/aprs_ws/install/ur_moveit_config/share/ur_moveit_config/srdf/ur_macro.srdf.xacro
[6.481s] -- Installing: /home/aprs/aprs/aprs_ws/install/ur_moveit_config/share/ur_moveit_config/srdf/ur.srdf.xacro
[6.481s] -- Installing: /home/aprs/aprs/aprs_ws/install/ur_moveit_config/share/ur_moveit_config/environment/pythonpath.sh
[6.481s] -- Installing: /home/aprs/aprs/aprs_ws/install/ur_moveit_config/share/ur_moveit_config/environment/pythonpath.dsv
[6.481s] -- Installing: /home/aprs/aprs/aprs_ws/install/ur_moveit_config/local/lib/python3.10/dist-packages/ur_moveit_config-2.2.8-py3.10.egg-info
[6.481s] -- Installing: /home/aprs/aprs/aprs_ws/install/ur_moveit_config/local/lib/python3.10/dist-packages/ur_moveit_config-2.2.8-py3.10.egg-info/PKG-INFO
[6.481s] -- Installing: /home/aprs/aprs/aprs_ws/install/ur_moveit_config/local/lib/python3.10/dist-packages/ur_moveit_config-2.2.8-py3.10.egg-info/dependency_links.txt
[6.481s] -- Installing: /home/aprs/aprs/aprs_ws/install/ur_moveit_config/local/lib/python3.10/dist-packages/ur_moveit_config-2.2.8-py3.10.egg-info/SOURCES.txt
[6.481s] -- Installing: /home/aprs/aprs/aprs_ws/install/ur_moveit_config/local/lib/python3.10/dist-packages/ur_moveit_config-2.2.8-py3.10.egg-info/top_level.txt
[6.481s] -- Installing: /home/aprs/aprs/aprs_ws/install/ur_moveit_config/local/lib/python3.10/dist-packages/ur_moveit_config
[6.481s] -- Installing: /home/aprs/aprs/aprs_ws/install/ur_moveit_config/local/lib/python3.10/dist-packages/ur_moveit_config/__init__.py
[6.481s] -- Installing: /home/aprs/aprs/aprs_ws/install/ur_moveit_config/local/lib/python3.10/dist-packages/ur_moveit_config/launch_common.py
[6.563s] Listing '/home/aprs/aprs/aprs_ws/install/ur_moveit_config/local/lib/python3.10/dist-packages/ur_moveit_config'...
[6.567s] Compiling '/home/aprs/aprs/aprs_ws/install/ur_moveit_config/local/lib/python3.10/dist-packages/ur_moveit_config/__init__.py'...
[6.567s] Compiling '/home/aprs/aprs/aprs_ws/install/ur_moveit_config/local/lib/python3.10/dist-packages/ur_moveit_config/launch_common.py'...
[6.568s] -- Installing: /home/aprs/aprs/aprs_ws/install/ur_moveit_config/local/lib/python3.10/dist-packages/launch_common.py
[6.672s] Compiling '/home/aprs/aprs/aprs_ws/install/ur_moveit_config/local/lib/python3.10/dist-packages/launch_common.py'...
[6.672s] -- Installing: /home/aprs/aprs/aprs_ws/install/ur_moveit_config/share/ament_index/resource_index/package_run_dependencies/ur_moveit_config
[6.678s] -- Installing: /home/aprs/aprs/aprs_ws/install/ur_moveit_config/share/ament_index/resource_index/parent_prefix_path/ur_moveit_config
[6.679s] -- Installing: /home/aprs/aprs/aprs_ws/install/ur_moveit_config/share/ur_moveit_config/environment/ament_prefix_path.sh
[6.680s] -- Installing: /home/aprs/aprs/aprs_ws/install/ur_moveit_config/share/ur_moveit_config/environment/ament_prefix_path.dsv
[6.680s] -- Installing: /home/aprs/aprs/aprs_ws/install/ur_moveit_config/share/ur_moveit_config/environment/path.sh
[6.680s] -- Installing: /home/aprs/aprs/aprs_ws/install/ur_moveit_config/share/ur_moveit_config/environment/path.dsv
[6.680s] -- Installing: /home/aprs/aprs/aprs_ws/install/ur_moveit_config/share/ur_moveit_config/local_setup.bash
[6.680s] -- Installing: /home/aprs/aprs/aprs_ws/install/ur_moveit_config/share/ur_moveit_config/local_setup.sh
[6.680s] -- Installing: /home/aprs/aprs/aprs_ws/install/ur_moveit_config/share/ur_moveit_config/local_setup.zsh
[6.680s] -- Installing: /home/aprs/aprs/aprs_ws/install/ur_moveit_config/share/ur_moveit_config/local_setup.dsv
[6.680s] -- Installing: /home/aprs/aprs/aprs_ws/install/ur_moveit_config/share/ur_moveit_config/package.dsv
[6.680s] -- Installing: /home/aprs/aprs/aprs_ws/install/ur_moveit_config/share/ament_index/resource_index/packages/ur_moveit_config
[6.680s] -- Installing: /home/aprs/aprs/aprs_ws/install/ur_moveit_config/share/ur_moveit_config/cmake/ur_moveit_configConfig.cmake
[6.681s] -- Installing: /home/aprs/aprs/aprs_ws/install/ur_moveit_config/share/ur_moveit_config/cmake/ur_moveit_configConfig-version.cmake
[6.681s] -- Installing: /home/aprs/aprs/aprs_ws/install/ur_moveit_config/share/ur_moveit_config/package.xml
[6.690s] Invoked command in '/home/aprs/aprs/aprs_ws/build/ur_moveit_config' returned '0': CMAKE_PREFIX_PATH=/home/aprs/aprs/aprs_ws/install/ur_description:/home/aprs/aprs/aprs_ws/install/worlds:/home/aprs/aprs/aprs_ws/install/workbench_description:/home/aprs/aprs/aprs_ws/install/vaccum_description:/home/aprs/aprs/aprs_ws/install/ur_setup:/home/aprs/aprs/aprs_ws/install/ur:/home/aprs/aprs/aprs_ws/install/ur_calibration:/home/aprs/aprs/aprs_ws/install/ur_robot_driver:/home/aprs/aprs/aprs_ws/install/ur_bringup:/home/aprs/aprs/aprs_ws/install/ur_controllers:/home/aprs/aprs/aprs_ws/install/ur_msgs:/home/aprs/aprs/aprs_ws/install/ur_moveit_config:/home/aprs/aprs/aprs_ws/install/ur_gz:/home/aprs/aprs/aprs_ws/install/ur_description_gz:/home/aprs/aprs/aprs_ws/install/ur5e_moveit_config:/home/aprs/aprs/aprs_ws/install/panda_moveit_config:/home/aprs/aprs/aprs_ws/install/ur_dashboard_msgs:/home/aprs/aprs/aprs_ws/install/ur_client_library:/home/aprs/aprs/aprs_ws/install/table_description:/home/aprs/aprs/aprs_ws/install/point_cloud:/home/aprs/aprs/aprs_ws/install/gear_place:/home/aprs/aprs/aprs_ws/install/realsense2_description:/home/aprs/aprs/aprs_ws/install/realsense2_camera:/home/aprs/aprs/aprs_ws/install/realsense2_camera_msgs:/home/aprs/aprs/aprs_ws/install/panda_description:/home/aprs/aprs/aprs_ws/install/ign_ros2_control_demos:/home/aprs/aprs/aprs_ws/install/gz_ros2_control_tests:/home/aprs/aprs/aprs_ws/install/ign_ros2_control:/home/aprs/aprs/aprs_ws/install/franka_setup:/home/aprs/aprs/aprs_ws/install/franka_gz:/home/aprs/aprs/aprs_ws/install/fanuc_moveit_config:/home/aprs/aprs/aprs_ws/install/fanuc_description:/home/aprs/aprs/aprs_ws/install/conveyor_interfaces:/home/aprs/aprs/aprs_ws/install/camera_mount:/home/aprs/aprs/aprs_ws/install/conveyor_controller:/opt/ros/humble GZ_MODEL_PATH=/home/aprs/aprs/aprs_ws/install/ur_description/share/ur_description/meshes GZ_SIM_PLUGIn_PATH=/home/aprs/aprs/aprs_ws/install/ur_description/lib/ur_description /usr/bin/cmake --install /home/aprs/aprs/aprs_ws/build/ur_moveit_config
