[0.859s] Invoking command in '/workspaces/aprs/aprs_ws/build/ur_dashboard_msgs': CMAKE_PREFIX_PATH=${CMAKE_PREFIX_PATH}:/opt/ros/humble /usr/bin/cmake --build /workspaces/aprs/aprs_ws/build/ur_dashboard_msgs -- -j16 -l16
[0.950s] [ 12%] Built target ur_dashboard_msgs__rosidl_generator_c
[0.950s] [ 12%] Built target ur_dashboard_msgs__cpp
[0.969s] [ 12%] Built target ament_cmake_python_copy_ur_dashboard_msgs
[1.014s] [ 24%] Built target ur_dashboard_msgs__rosidl_typesupport_c
[1.026s] [ 36%] Built target ur_dashboard_msgs__rosidl_typesupport_introspection_c
[1.039s] [ 48%] Built target ur_dashboard_msgs__rosidl_typesupport_fastrtps_cpp
[1.045s] [ 60%] Built target ur_dashboard_msgs__rosidl_typesupport_fastrtps_c
[1.053s] [ 72%] Built target ur_dashboard_msgs__rosidl_typesupport_introspection_cpp
[1.098s] [ 84%] Built target ur_dashboard_msgs__rosidl_typesupport_cpp
[1.177s] [ 84%] Built target ur_dashboard_msgs
[1.178s] [ 85%] Built target ur_dashboard_msgs__py
[1.179s] [ 96%] Built target ur_dashboard_msgs__rosidl_generator_py
[1.207s] [ 97%] Built target ur_dashboard_msgs__rosidl_typesupport_c__pyext
[1.210s] [ 99%] Built target ur_dashboard_msgs__rosidl_typesupport_introspection_c__pyext
[1.211s] [100%] Built target ur_dashboard_msgs__rosidl_typesupport_fastrtps_c__pyext
[1.299s] running egg_info
[1.300s] writing ur_dashboard_msgs.egg-info/PKG-INFO
[1.300s] writing dependency_links to ur_dashboard_msgs.egg-info/dependency_links.txt
[1.300s] writing top-level names to ur_dashboard_msgs.egg-info/top_level.txt
[1.304s] reading manifest file 'ur_dashboard_msgs.egg-info/SOURCES.txt'
[1.305s] writing manifest file 'ur_dashboard_msgs.egg-info/SOURCES.txt'
[1.349s] [100%] Built target ament_cmake_python_build_ur_dashboard_msgs_egg
[1.652s] Invoked command in '/workspaces/aprs/aprs_ws/build/ur_dashboard_msgs' returned '0': CMAKE_PREFIX_PATH=${CMAKE_PREFIX_PATH}:/opt/ros/humble /usr/bin/cmake --build /workspaces/aprs/aprs_ws/build/ur_dashboard_msgs -- -j16 -l16
[2.992s] Invoking command in '/workspaces/aprs/aprs_ws/build/ur_dashboard_msgs': CMAKE_PREFIX_PATH=${CMAKE_PREFIX_PATH}:/opt/ros/humble /usr/bin/cmake --install /workspaces/aprs/aprs_ws/build/ur_dashboard_msgs
[3.099s] -- Install configuration: ""
[3.099s] -- Up-to-date: /workspaces/aprs/aprs_ws/install/ur_dashboard_msgs/share/ament_index/resource_index/rosidl_interfaces/ur_dashboard_msgs
[3.099s] -- Up-to-date: /workspaces/aprs/aprs_ws/install/ur_dashboard_msgs/include/ur_dashboard_msgs/ur_dashboard_msgs
[3.099s] -- Up-to-date: /workspaces/aprs/aprs_ws/install/ur_dashboard_msgs/include/ur_dashboard_msgs/ur_dashboard_msgs/srv
[3.099s] -- Up-to-date: /workspaces/aprs/aprs_ws/install/ur_dashboard_msgs/include/ur_dashboard_msgs/ur_dashboard_msgs/srv/get_safety_mode.h
[3.099s] -- Up-to-date: /workspaces/aprs/aprs_ws/install/ur_dashboard_msgs/include/ur_dashboard_msgs/ur_dashboard_msgs/srv/get_loaded_program.h
[3.099s] -- Up-to-date: /workspaces/aprs/aprs_ws/install/ur_dashboard_msgs/include/ur_dashboard_msgs/ur_dashboard_msgs/srv/get_robot_mode.h
[3.100s] -- Up-to-date: /workspaces/aprs/aprs_ws/install/ur_dashboard_msgs/include/ur_dashboard_msgs/ur_dashboard_msgs/srv/detail
[3.100s] -- Up-to-date: /workspaces/aprs/aprs_ws/install/ur_dashboard_msgs/include/ur_dashboard_msgs/ur_dashboard_msgs/srv/detail/load__functions.c
[3.100s] -- Up-to-date: /workspaces/aprs/aprs_ws/install/ur_dashboard_msgs/include/ur_dashboard_msgs/ur_dashboard_msgs/srv/detail/is_program_running__type_support.h
[3.100s] -- Up-to-date: /workspaces/aprs/aprs_ws/install/ur_dashboard_msgs/include/ur_dashboard_msgs/ur_dashboard_msgs/srv/detail/get_program_state__struct.h
[3.101s] -- Up-to-date: /workspaces/aprs/aprs_ws/install/ur_dashboard_msgs/include/ur_dashboard_msgs/ur_dashboard_msgs/srv/detail/get_robot_mode__type_support.h
[3.102s] -- Up-to-date: /workspaces/aprs/aprs_ws/install/ur_dashboard_msgs/include/ur_dashboard_msgs/ur_dashboard_msgs/srv/detail/is_program_running__functions.h
[3.102s] -- Up-to-date: /workspaces/aprs/aprs_ws/install/ur_dashboard_msgs/include/ur_dashboard_msgs/ur_dashboard_msgs/srv/detail/add_to_log__functions.h
[3.103s] -- Up-to-date: /workspaces/aprs/aprs_ws/install/ur_dashboard_msgs/include/ur_dashboard_msgs/ur_dashboard_msgs/srv/detail/popup__struct.h
[3.103s] -- Up-to-date: /workspaces/aprs/aprs_ws/install/ur_dashboard_msgs/include/ur_dashboard_msgs/ur_dashboard_msgs/srv/detail/is_program_running__struct.h
[3.103s] -- Up-to-date: /workspaces/aprs/aprs_ws/install/ur_dashboard_msgs/include/ur_dashboard_msgs/ur_dashboard_msgs/srv/detail/get_loaded_program__type_support.h
[3.103s] -- Up-to-date: /workspaces/aprs/aprs_ws/install/ur_dashboard_msgs/include/ur_dashboard_msgs/ur_dashboard_msgs/srv/detail/is_program_saved__type_support.h
[3.103s] -- Up-to-date: /workspaces/aprs/aprs_ws/install/ur_dashboard_msgs/include/ur_dashboard_msgs/ur_dashboard_msgs/srv/detail/get_safety_mode__functions.h
[3.103s] -- Up-to-date: /workspaces/aprs/aprs_ws/install/ur_dashboard_msgs/include/ur_dashboard_msgs/ur_dashboard_msgs/srv/detail/popup__type_support.h
[3.104s] -- Up-to-date: /workspaces/aprs/aprs_ws/install/ur_dashboard_msgs/include/ur_dashboard_msgs/ur_dashboard_msgs/srv/detail/is_program_saved__functions.c
[3.104s] -- Up-to-date: /workspaces/aprs/aprs_ws/install/ur_dashboard_msgs/include/ur_dashboard_msgs/ur_dashboard_msgs/srv/detail/load__type_support.h
[3.104s] -- Up-to-date: /workspaces/aprs/aprs_ws/install/ur_dashboard_msgs/include/ur_dashboard_msgs/ur_dashboard_msgs/srv/detail/get_loaded_program__functions.c
[3.104s] -- Up-to-date: /workspaces/aprs/aprs_ws/install/ur_dashboard_msgs/include/ur_dashboard_msgs/ur_dashboard_msgs/srv/detail/add_to_log__struct.h
[3.104s] -- Up-to-date: /workspaces/aprs/aprs_ws/install/ur_dashboard_msgs/include/ur_dashboard_msgs/ur_dashboard_msgs/srv/detail/raw_request__functions.h
[3.104s] -- Up-to-date: /workspaces/aprs/aprs_ws/install/ur_dashboard_msgs/include/ur_dashboard_msgs/ur_dashboard_msgs/srv/detail/raw_request__functions.c
[3.104s] -- Up-to-date: /workspaces/aprs/aprs_ws/install/ur_dashboard_msgs/include/ur_dashboard_msgs/ur_dashboard_msgs/srv/detail/get_loaded_program__struct.h
[3.104s] -- Up-to-date: /workspaces/aprs/aprs_ws/install/ur_dashboard_msgs/include/ur_dashboard_msgs/ur_dashboard_msgs/srv/detail/get_program_state__type_support.h
[3.104s] -- Up-to-date: /workspaces/aprs/aprs_ws/install/ur_dashboard_msgs/include/ur_dashboard_msgs/ur_dashboard_msgs/srv/detail/raw_request__type_support.h
[3.105s] -- Up-to-date: /workspaces/aprs/aprs_ws/install/ur_dashboard_msgs/include/ur_dashboard_msgs/ur_dashboard_msgs/srv/detail/get_program_state__functions.c
[3.106s] -- Up-to-date: /workspaces/aprs/aprs_ws/install/ur_dashboard_msgs/include/ur_dashboard_msgs/ur_dashboard_msgs/srv/detail/is_program_running__functions.c
[3.106s] -- Up-to-date: /workspaces/aprs/aprs_ws/install/ur_dashboard_msgs/include/ur_dashboard_msgs/ur_dashboard_msgs/srv/detail/get_safety_mode__type_support.h
[3.106s] -- Up-to-date: /workspaces/aprs/aprs_ws/install/ur_dashboard_msgs/include/ur_dashboard_msgs/ur_dashboard_msgs/srv/detail/get_safety_mode__functions.c
[3.106s] -- Up-to-date: /workspaces/aprs/aprs_ws/install/ur_dashboard_msgs/include/ur_dashboard_msgs/ur_dashboard_msgs/srv/detail/load__struct.h
[3.106s] -- Up-to-date: /workspaces/aprs/aprs_ws/install/ur_dashboard_msgs/include/ur_dashboard_msgs/ur_dashboard_msgs/srv/detail/popup__functions.c
[3.107s] -- Up-to-date: /workspaces/aprs/aprs_ws/install/ur_dashboard_msgs/include/ur_dashboard_msgs/ur_dashboard_msgs/srv/detail/is_program_saved__struct.h
[3.107s] -- Up-to-date: /workspaces/aprs/aprs_ws/install/ur_dashboard_msgs/include/ur_dashboard_msgs/ur_dashboard_msgs/srv/detail/get_loaded_program__functions.h
[3.107s] -- Up-to-date: /workspaces/aprs/aprs_ws/install/ur_dashboard_msgs/include/ur_dashboard_msgs/ur_dashboard_msgs/srv/detail/get_robot_mode__functions.h
[3.107s] -- Up-to-date: /workspaces/aprs/aprs_ws/install/ur_dashboard_msgs/include/ur_dashboard_msgs/ur_dashboard_msgs/srv/detail/get_robot_mode__functions.c
[3.107s] -- Up-to-date: /workspaces/aprs/aprs_ws/install/ur_dashboard_msgs/include/ur_dashboard_msgs/ur_dashboard_msgs/srv/detail/get_safety_mode__struct.h
[3.108s] -- Up-to-date: /workspaces/aprs/aprs_ws/install/ur_dashboard_msgs/include/ur_dashboard_msgs/ur_dashboard_msgs/srv/detail/get_robot_mode__struct.h
[3.108s] -- Up-to-date: /workspaces/aprs/aprs_ws/install/ur_dashboard_msgs/include/ur_dashboard_msgs/ur_dashboard_msgs/srv/detail/add_to_log__type_support.h
[3.109s] -- Up-to-date: /workspaces/aprs/aprs_ws/install/ur_dashboard_msgs/include/ur_dashboard_msgs/ur_dashboard_msgs/srv/detail/popup__functions.h
[3.109s] -- Up-to-date: /workspaces/aprs/aprs_ws/install/ur_dashboard_msgs/include/ur_dashboard_msgs/ur_dashboard_msgs/srv/detail/add_to_log__functions.c
[3.110s] -- Up-to-date: /workspaces/aprs/aprs_ws/install/ur_dashboard_msgs/include/ur_dashboard_msgs/ur_dashboard_msgs/srv/detail/is_program_saved__functions.h
[3.110s] -- Up-to-date: /workspaces/aprs/aprs_ws/install/ur_dashboard_msgs/include/ur_dashboard_msgs/ur_dashboard_msgs/srv/detail/get_program_state__functions.h
[3.110s] -- Up-to-date: /workspaces/aprs/aprs_ws/install/ur_dashboard_msgs/include/ur_dashboard_msgs/ur_dashboard_msgs/srv/detail/load__functions.h
[3.110s] -- Up-to-date: /workspaces/aprs/aprs_ws/install/ur_dashboard_msgs/include/ur_dashboard_msgs/ur_dashboard_msgs/srv/detail/raw_request__struct.h
[3.111s] -- Up-to-date: /workspaces/aprs/aprs_ws/install/ur_dashboard_msgs/include/ur_dashboard_msgs/ur_dashboard_msgs/srv/is_program_running.h
[3.111s] -- Up-to-date: /workspaces/aprs/aprs_ws/install/ur_dashboard_msgs/include/ur_dashboard_msgs/ur_dashboard_msgs/srv/load.h
[3.111s] -- Up-to-date: /workspaces/aprs/aprs_ws/install/ur_dashboard_msgs/include/ur_dashboard_msgs/ur_dashboard_msgs/srv/is_program_saved.h
[3.111s] -- Up-to-date: /workspaces/aprs/aprs_ws/install/ur_dashboard_msgs/include/ur_dashboard_msgs/ur_dashboard_msgs/srv/add_to_log.h
[3.111s] -- Up-to-date: /workspaces/aprs/aprs_ws/install/ur_dashboard_msgs/include/ur_dashboard_msgs/ur_dashboard_msgs/srv/get_program_state.h
[3.112s] -- Up-to-date: /workspaces/aprs/aprs_ws/install/ur_dashboard_msgs/include/ur_dashboard_msgs/ur_dashboard_msgs/srv/raw_request.h
[3.113s] -- Up-to-date: /workspaces/aprs/aprs_ws/install/ur_dashboard_msgs/include/ur_dashboard_msgs/ur_dashboard_msgs/srv/popup.h
[3.113s] -- Up-to-date: /workspaces/aprs/aprs_ws/install/ur_dashboard_msgs/include/ur_dashboard_msgs/ur_dashboard_msgs/action
[3.114s] -- Up-to-date: /workspaces/aprs/aprs_ws/install/ur_dashboard_msgs/include/ur_dashboard_msgs/ur_dashboard_msgs/action/detail
[3.114s] -- Up-to-date: /workspaces/aprs/aprs_ws/install/ur_dashboard_msgs/include/ur_dashboard_msgs/ur_dashboard_msgs/action/detail/set_mode__struct.h
[3.114s] -- Up-to-date: /workspaces/aprs/aprs_ws/install/ur_dashboard_msgs/include/ur_dashboard_msgs/ur_dashboard_msgs/action/detail/set_mode__functions.c
[3.115s] -- Up-to-date: /workspaces/aprs/aprs_ws/install/ur_dashboard_msgs/include/ur_dashboard_msgs/ur_dashboard_msgs/action/detail/set_mode__type_support.h
[3.115s] -- Up-to-date: /workspaces/aprs/aprs_ws/install/ur_dashboard_msgs/include/ur_dashboard_msgs/ur_dashboard_msgs/action/detail/set_mode__functions.h
[3.115s] -- Up-to-date: /workspaces/aprs/aprs_ws/install/ur_dashboard_msgs/include/ur_dashboard_msgs/ur_dashboard_msgs/action/set_mode.h
[3.115s] -- Up-to-date: /workspaces/aprs/aprs_ws/install/ur_dashboard_msgs/include/ur_dashboard_msgs/ur_dashboard_msgs/msg
[3.115s] -- Up-to-date: /workspaces/aprs/aprs_ws/install/ur_dashboard_msgs/include/ur_dashboard_msgs/ur_dashboard_msgs/msg/robot_mode.h
[3.116s] -- Up-to-date: /workspaces/aprs/aprs_ws/install/ur_dashboard_msgs/include/ur_dashboard_msgs/ur_dashboard_msgs/msg/detail
[3.117s] -- Up-to-date: /workspaces/aprs/aprs_ws/install/ur_dashboard_msgs/include/ur_dashboard_msgs/ur_dashboard_msgs/msg/detail/safety_mode__functions.h
[3.118s] -- Up-to-date: /workspaces/aprs/aprs_ws/install/ur_dashboard_msgs/include/ur_dashboard_msgs/ur_dashboard_msgs/msg/detail/robot_mode__type_support.h
[3.118s] -- Up-to-date: /workspaces/aprs/aprs_ws/install/ur_dashboard_msgs/include/ur_dashboard_msgs/ur_dashboard_msgs/msg/detail/program_state__struct.h
[3.118s] -- Up-to-date: /workspaces/aprs/aprs_ws/install/ur_dashboard_msgs/include/ur_dashboard_msgs/ur_dashboard_msgs/msg/detail/program_state__functions.h
[3.118s] -- Up-to-date: /workspaces/aprs/aprs_ws/install/ur_dashboard_msgs/include/ur_dashboard_msgs/ur_dashboard_msgs/msg/detail/program_state__type_support.h
[3.120s] -- Up-to-date: /workspaces/aprs/aprs_ws/install/ur_dashboard_msgs/include/ur_dashboard_msgs/ur_dashboard_msgs/msg/detail/robot_mode__struct.h
[3.120s] -- Up-to-date: /workspaces/aprs/aprs_ws/install/ur_dashboard_msgs/include/ur_dashboard_msgs/ur_dashboard_msgs/msg/detail/safety_mode__functions.c
[3.120s] -- Up-to-date: /workspaces/aprs/aprs_ws/install/ur_dashboard_msgs/include/ur_dashboard_msgs/ur_dashboard_msgs/msg/detail/safety_mode__type_support.h
[3.121s] -- Up-to-date: /workspaces/aprs/aprs_ws/install/ur_dashboard_msgs/include/ur_dashboard_msgs/ur_dashboard_msgs/msg/detail/robot_mode__functions.h
[3.121s] -- Up-to-date: /workspaces/aprs/aprs_ws/install/ur_dashboard_msgs/include/ur_dashboard_msgs/ur_dashboard_msgs/msg/detail/program_state__functions.c
[3.121s] -- Up-to-date: /workspaces/aprs/aprs_ws/install/ur_dashboard_msgs/include/ur_dashboard_msgs/ur_dashboard_msgs/msg/detail/safety_mode__struct.h
[3.121s] -- Up-to-date: /workspaces/aprs/aprs_ws/install/ur_dashboard_msgs/include/ur_dashboard_msgs/ur_dashboard_msgs/msg/detail/robot_mode__functions.c
[3.121s] -- Up-to-date: /workspaces/aprs/aprs_ws/install/ur_dashboard_msgs/include/ur_dashboard_msgs/ur_dashboard_msgs/msg/rosidl_generator_c__visibility_control.h
[3.122s] -- Up-to-date: /workspaces/aprs/aprs_ws/install/ur_dashboard_msgs/include/ur_dashboard_msgs/ur_dashboard_msgs/msg/safety_mode.h
[3.122s] -- Up-to-date: /workspaces/aprs/aprs_ws/install/ur_dashboard_msgs/include/ur_dashboard_msgs/ur_dashboard_msgs/msg/program_state.h
[3.123s] -- Up-to-date: /workspaces/aprs/aprs_ws/install/ur_dashboard_msgs/share/ur_dashboard_msgs/environment/library_path.sh
[3.124s] -- Up-to-date: /workspaces/aprs/aprs_ws/install/ur_dashboard_msgs/share/ur_dashboard_msgs/environment/library_path.dsv
[3.124s] -- Up-to-date: /workspaces/aprs/aprs_ws/install/ur_dashboard_msgs/lib/libur_dashboard_msgs__rosidl_generator_c.so
[3.125s] -- Up-to-date: /workspaces/aprs/aprs_ws/install/ur_dashboard_msgs/include/ur_dashboard_msgs/ur_dashboard_msgs
[3.125s] -- Up-to-date: /workspaces/aprs/aprs_ws/install/ur_dashboard_msgs/include/ur_dashboard_msgs/ur_dashboard_msgs/srv
[3.125s] -- Up-to-date: /workspaces/aprs/aprs_ws/install/ur_dashboard_msgs/include/ur_dashboard_msgs/ur_dashboard_msgs/srv/detail
[3.125s] -- Up-to-date: /workspaces/aprs/aprs_ws/install/ur_dashboard_msgs/include/ur_dashboard_msgs/ur_dashboard_msgs/srv/detail/get_loaded_program__rosidl_typesupport_fastrtps_c.h
[3.125s] -- Up-to-date: /workspaces/aprs/aprs_ws/install/ur_dashboard_msgs/include/ur_dashboard_msgs/ur_dashboard_msgs/srv/detail/get_program_state__rosidl_typesupport_fastrtps_c.h
[3.126s] -- Up-to-date: /workspaces/aprs/aprs_ws/install/ur_dashboard_msgs/include/ur_dashboard_msgs/ur_dashboard_msgs/srv/detail/is_program_running__rosidl_typesupport_fastrtps_c.h
[3.126s] -- Up-to-date: /workspaces/aprs/aprs_ws/install/ur_dashboard_msgs/include/ur_dashboard_msgs/ur_dashboard_msgs/srv/detail/raw_request__rosidl_typesupport_fastrtps_c.h
[3.126s] -- Up-to-date: /workspaces/aprs/aprs_ws/install/ur_dashboard_msgs/include/ur_dashboard_msgs/ur_dashboard_msgs/srv/detail/is_program_saved__rosidl_typesupport_fastrtps_c.h
[3.126s] -- Up-to-date: /workspaces/aprs/aprs_ws/install/ur_dashboard_msgs/include/ur_dashboard_msgs/ur_dashboard_msgs/srv/detail/get_robot_mode__rosidl_typesupport_fastrtps_c.h
[3.126s] -- Up-to-date: /workspaces/aprs/aprs_ws/install/ur_dashboard_msgs/include/ur_dashboard_msgs/ur_dashboard_msgs/srv/detail/load__rosidl_typesupport_fastrtps_c.h
[3.126s] -- Up-to-date: /workspaces/aprs/aprs_ws/install/ur_dashboard_msgs/include/ur_dashboard_msgs/ur_dashboard_msgs/srv/detail/popup__rosidl_typesupport_fastrtps_c.h
[3.126s] -- Up-to-date: /workspaces/aprs/aprs_ws/install/ur_dashboard_msgs/include/ur_dashboard_msgs/ur_dashboard_msgs/srv/detail/add_to_log__rosidl_typesupport_fastrtps_c.h
[3.128s] -- Up-to-date: /workspaces/aprs/aprs_ws/install/ur_dashboard_msgs/include/ur_dashboard_msgs/ur_dashboard_msgs/srv/detail/get_safety_mode__rosidl_typesupport_fastrtps_c.h
[3.128s] -- Up-to-date: /workspaces/aprs/aprs_ws/install/ur_dashboard_msgs/include/ur_dashboard_msgs/ur_dashboard_msgs/action
[3.129s] -- Up-to-date: /workspaces/aprs/aprs_ws/install/ur_dashboard_msgs/include/ur_dashboard_msgs/ur_dashboard_msgs/action/detail
[3.129s] -- Up-to-date: /workspaces/aprs/aprs_ws/install/ur_dashboard_msgs/include/ur_dashboard_msgs/ur_dashboard_msgs/action/detail/set_mode__rosidl_typesupport_fastrtps_c.h
[3.129s] -- Up-to-date: /workspaces/aprs/aprs_ws/install/ur_dashboard_msgs/include/ur_dashboard_msgs/ur_dashboard_msgs/msg
[3.129s] -- Up-to-date: /workspaces/aprs/aprs_ws/install/ur_dashboard_msgs/include/ur_dashboard_msgs/ur_dashboard_msgs/msg/detail
[3.130s] -- Up-to-date: /workspaces/aprs/aprs_ws/install/ur_dashboard_msgs/include/ur_dashboard_msgs/ur_dashboard_msgs/msg/detail/robot_mode__rosidl_typesupport_fastrtps_c.h
[3.130s] -- Up-to-date: /workspaces/aprs/aprs_ws/install/ur_dashboard_msgs/include/ur_dashboard_msgs/ur_dashboard_msgs/msg/detail/program_state__rosidl_typesupport_fastrtps_c.h
[3.130s] -- Up-to-date: /workspaces/aprs/aprs_ws/install/ur_dashboard_msgs/include/ur_dashboard_msgs/ur_dashboard_msgs/msg/detail/safety_mode__rosidl_typesupport_fastrtps_c.h
[3.130s] -- Up-to-date: /workspaces/aprs/aprs_ws/install/ur_dashboard_msgs/include/ur_dashboard_msgs/ur_dashboard_msgs/msg/rosidl_typesupport_fastrtps_c__visibility_control.h
[3.130s] -- Up-to-date: /workspaces/aprs/aprs_ws/install/ur_dashboard_msgs/lib/libur_dashboard_msgs__rosidl_typesupport_fastrtps_c.so
[3.131s] -- Up-to-date: /workspaces/aprs/aprs_ws/install/ur_dashboard_msgs/include/ur_dashboard_msgs/ur_dashboard_msgs
[3.131s] -- Up-to-date: /workspaces/aprs/aprs_ws/install/ur_dashboard_msgs/include/ur_dashboard_msgs/ur_dashboard_msgs/srv
[3.131s] -- Up-to-date: /workspaces/aprs/aprs_ws/install/ur_dashboard_msgs/include/ur_dashboard_msgs/ur_dashboard_msgs/srv/detail
[3.131s] -- Up-to-date: /workspaces/aprs/aprs_ws/install/ur_dashboard_msgs/include/ur_dashboard_msgs/ur_dashboard_msgs/srv/detail/raw_request__rosidl_typesupport_introspection_c.h
[3.131s] -- Up-to-date: /workspaces/aprs/aprs_ws/install/ur_dashboard_msgs/include/ur_dashboard_msgs/ur_dashboard_msgs/srv/detail/get_program_state__type_support.c
[3.131s] -- Up-to-date: /workspaces/aprs/aprs_ws/install/ur_dashboard_msgs/include/ur_dashboard_msgs/ur_dashboard_msgs/srv/detail/load__rosidl_typesupport_introspection_c.h
[3.131s] -- Up-to-date: /workspaces/aprs/aprs_ws/install/ur_dashboard_msgs/include/ur_dashboard_msgs/ur_dashboard_msgs/srv/detail/get_safety_mode__rosidl_typesupport_introspection_c.h
[3.131s] -- Up-to-date: /workspaces/aprs/aprs_ws/install/ur_dashboard_msgs/include/ur_dashboard_msgs/ur_dashboard_msgs/srv/detail/get_safety_mode__type_support.c
[3.131s] -- Up-to-date: /workspaces/aprs/aprs_ws/install/ur_dashboard_msgs/include/ur_dashboard_msgs/ur_dashboard_msgs/srv/detail/load__type_support.c
[3.131s] -- Up-to-date: /workspaces/aprs/aprs_ws/install/ur_dashboard_msgs/include/ur_dashboard_msgs/ur_dashboard_msgs/srv/detail/get_loaded_program__type_support.c
[3.131s] -- Up-to-date: /workspaces/aprs/aprs_ws/install/ur_dashboard_msgs/include/ur_dashboard_msgs/ur_dashboard_msgs/srv/detail/is_program_running__rosidl_typesupport_introspection_c.h
[3.132s] -- Up-to-date: /workspaces/aprs/aprs_ws/install/ur_dashboard_msgs/include/ur_dashboard_msgs/ur_dashboard_msgs/srv/detail/popup__rosidl_typesupport_introspection_c.h
[3.132s] -- Up-to-date: /workspaces/aprs/aprs_ws/install/ur_dashboard_msgs/include/ur_dashboard_msgs/ur_dashboard_msgs/srv/detail/raw_request__type_support.c
[3.132s] -- Up-to-date: /workspaces/aprs/aprs_ws/install/ur_dashboard_msgs/include/ur_dashboard_msgs/ur_dashboard_msgs/srv/detail/popup__type_support.c
[3.132s] -- Up-to-date: /workspaces/aprs/aprs_ws/install/ur_dashboard_msgs/include/ur_dashboard_msgs/ur_dashboard_msgs/srv/detail/get_robot_mode__rosidl_typesupport_introspection_c.h
[3.133s] -- Up-to-date: /workspaces/aprs/aprs_ws/install/ur_dashboard_msgs/include/ur_dashboard_msgs/ur_dashboard_msgs/srv/detail/get_robot_mode__type_support.c
[3.133s] -- Up-to-date: /workspaces/aprs/aprs_ws/install/ur_dashboard_msgs/include/ur_dashboard_msgs/ur_dashboard_msgs/srv/detail/get_loaded_program__rosidl_typesupport_introspection_c.h
[3.134s] -- Up-to-date: /workspaces/aprs/aprs_ws/install/ur_dashboard_msgs/include/ur_dashboard_msgs/ur_dashboard_msgs/srv/detail/add_to_log__type_support.c
[3.134s] -- Up-to-date: /workspaces/aprs/aprs_ws/install/ur_dashboard_msgs/include/ur_dashboard_msgs/ur_dashboard_msgs/srv/detail/get_program_state__rosidl_typesupport_introspection_c.h
[3.134s] -- Up-to-date: /workspaces/aprs/aprs_ws/install/ur_dashboard_msgs/include/ur_dashboard_msgs/ur_dashboard_msgs/srv/detail/is_program_running__type_support.c
[3.134s] -- Up-to-date: /workspaces/aprs/aprs_ws/install/ur_dashboard_msgs/include/ur_dashboard_msgs/ur_dashboard_msgs/srv/detail/is_program_saved__rosidl_typesupport_introspection_c.h
[3.136s] -- Up-to-date: /workspaces/aprs/aprs_ws/install/ur_dashboard_msgs/include/ur_dashboard_msgs/ur_dashboard_msgs/srv/detail/add_to_log__rosidl_typesupport_introspection_c.h
[3.136s] -- Up-to-date: /workspaces/aprs/aprs_ws/install/ur_dashboard_msgs/include/ur_dashboard_msgs/ur_dashboard_msgs/srv/detail/is_program_saved__type_support.c
[3.136s] -- Up-to-date: /workspaces/aprs/aprs_ws/install/ur_dashboard_msgs/include/ur_dashboard_msgs/ur_dashboard_msgs/action
[3.136s] -- Up-to-date: /workspaces/aprs/aprs_ws/install/ur_dashboard_msgs/include/ur_dashboard_msgs/ur_dashboard_msgs/action/detail
[3.136s] -- Up-to-date: /workspaces/aprs/aprs_ws/install/ur_dashboard_msgs/include/ur_dashboard_msgs/ur_dashboard_msgs/action/detail/set_mode__rosidl_typesupport_introspection_c.h
[3.136s] -- Up-to-date: /workspaces/aprs/aprs_ws/install/ur_dashboard_msgs/include/ur_dashboard_msgs/ur_dashboard_msgs/action/detail/set_mode__type_support.c
[3.136s] -- Up-to-date: /workspaces/aprs/aprs_ws/install/ur_dashboard_msgs/include/ur_dashboard_msgs/ur_dashboard_msgs/msg
[3.136s] -- Up-to-date: /workspaces/aprs/aprs_ws/install/ur_dashboard_msgs/include/ur_dashboard_msgs/ur_dashboard_msgs/msg/rosidl_typesupport_introspection_c__visibility_control.h
[3.137s] -- Up-to-date: /workspaces/aprs/aprs_ws/install/ur_dashboard_msgs/include/ur_dashboard_msgs/ur_dashboard_msgs/msg/detail
[3.137s] -- Up-to-date: /workspaces/aprs/aprs_ws/install/ur_dashboard_msgs/include/ur_dashboard_msgs/ur_dashboard_msgs/msg/detail/safety_mode__rosidl_typesupport_introspection_c.h
[3.137s] -- Up-to-date: /workspaces/aprs/aprs_ws/install/ur_dashboard_msgs/include/ur_dashboard_msgs/ur_dashboard_msgs/msg/detail/program_state__rosidl_typesupport_introspection_c.h
[3.137s] -- Up-to-date: /workspaces/aprs/aprs_ws/install/ur_dashboard_msgs/include/ur_dashboard_msgs/ur_dashboard_msgs/msg/detail/robot_mode__type_support.c
[3.137s] -- Up-to-date: /workspaces/aprs/aprs_ws/install/ur_dashboard_msgs/include/ur_dashboard_msgs/ur_dashboard_msgs/msg/detail/safety_mode__type_support.c
[3.137s] -- Up-to-date: /workspaces/aprs/aprs_ws/install/ur_dashboard_msgs/include/ur_dashboard_msgs/ur_dashboard_msgs/msg/detail/program_state__type_support.c
[3.137s] -- Up-to-date: /workspaces/aprs/aprs_ws/install/ur_dashboard_msgs/include/ur_dashboard_msgs/ur_dashboard_msgs/msg/detail/robot_mode__rosidl_typesupport_introspection_c.h
[3.138s] -- Up-to-date: /workspaces/aprs/aprs_ws/install/ur_dashboard_msgs/lib/libur_dashboard_msgs__rosidl_typesupport_introspection_c.so
[3.138s] -- Up-to-date: /workspaces/aprs/aprs_ws/install/ur_dashboard_msgs/lib/libur_dashboard_msgs__rosidl_typesupport_c.so
[3.138s] -- Up-to-date: /workspaces/aprs/aprs_ws/install/ur_dashboard_msgs/include/ur_dashboard_msgs/ur_dashboard_msgs
[3.138s] -- Up-to-date: /workspaces/aprs/aprs_ws/install/ur_dashboard_msgs/include/ur_dashboard_msgs/ur_dashboard_msgs/srv
[3.139s] -- Up-to-date: /workspaces/aprs/aprs_ws/install/ur_dashboard_msgs/include/ur_dashboard_msgs/ur_dashboard_msgs/srv/detail
[3.139s] -- Up-to-date: /workspaces/aprs/aprs_ws/install/ur_dashboard_msgs/include/ur_dashboard_msgs/ur_dashboard_msgs/srv/detail/add_to_log__traits.hpp
[3.139s] -- Up-to-date: /workspaces/aprs/aprs_ws/install/ur_dashboard_msgs/include/ur_dashboard_msgs/ur_dashboard_msgs/srv/detail/raw_request__struct.hpp
[3.140s] -- Up-to-date: /workspaces/aprs/aprs_ws/install/ur_dashboard_msgs/include/ur_dashboard_msgs/ur_dashboard_msgs/srv/detail/popup__traits.hpp
[3.140s] -- Up-to-date: /workspaces/aprs/aprs_ws/install/ur_dashboard_msgs/include/ur_dashboard_msgs/ur_dashboard_msgs/srv/detail/popup__builder.hpp
[3.140s] -- Up-to-date: /workspaces/aprs/aprs_ws/install/ur_dashboard_msgs/include/ur_dashboard_msgs/ur_dashboard_msgs/srv/detail/raw_request__traits.hpp
[3.140s] -- Up-to-date: /workspaces/aprs/aprs_ws/install/ur_dashboard_msgs/include/ur_dashboard_msgs/ur_dashboard_msgs/srv/detail/get_program_state__struct.hpp
[3.140s] -- Up-to-date: /workspaces/aprs/aprs_ws/install/ur_dashboard_msgs/include/ur_dashboard_msgs/ur_dashboard_msgs/srv/detail/add_to_log__builder.hpp
[3.140s] -- Up-to-date: /workspaces/aprs/aprs_ws/install/ur_dashboard_msgs/include/ur_dashboard_msgs/ur_dashboard_msgs/srv/detail/popup__struct.hpp
[3.140s] -- Up-to-date: /workspaces/aprs/aprs_ws/install/ur_dashboard_msgs/include/ur_dashboard_msgs/ur_dashboard_msgs/srv/detail/is_program_running__traits.hpp
[3.141s] -- Up-to-date: /workspaces/aprs/aprs_ws/install/ur_dashboard_msgs/include/ur_dashboard_msgs/ur_dashboard_msgs/srv/detail/load__traits.hpp
[3.141s] -- Up-to-date: /workspaces/aprs/aprs_ws/install/ur_dashboard_msgs/include/ur_dashboard_msgs/ur_dashboard_msgs/srv/detail/is_program_running__struct.hpp
[3.141s] -- Up-to-date: /workspaces/aprs/aprs_ws/install/ur_dashboard_msgs/include/ur_dashboard_msgs/ur_dashboard_msgs/srv/detail/add_to_log__struct.hpp
[3.142s] -- Up-to-date: /workspaces/aprs/aprs_ws/install/ur_dashboard_msgs/include/ur_dashboard_msgs/ur_dashboard_msgs/srv/detail/raw_request__builder.hpp
[3.142s] -- Up-to-date: /workspaces/aprs/aprs_ws/install/ur_dashboard_msgs/include/ur_dashboard_msgs/ur_dashboard_msgs/srv/detail/get_loaded_program__builder.hpp
[3.142s] -- Up-to-date: /workspaces/aprs/aprs_ws/install/ur_dashboard_msgs/include/ur_dashboard_msgs/ur_dashboard_msgs/srv/detail/is_program_running__builder.hpp
[3.142s] -- Up-to-date: /workspaces/aprs/aprs_ws/install/ur_dashboard_msgs/include/ur_dashboard_msgs/ur_dashboard_msgs/srv/detail/is_program_saved__struct.hpp
[3.142s] -- Up-to-date: /workspaces/aprs/aprs_ws/install/ur_dashboard_msgs/include/ur_dashboard_msgs/ur_dashboard_msgs/srv/detail/get_robot_mode__builder.hpp
[3.142s] -- Up-to-date: /workspaces/aprs/aprs_ws/install/ur_dashboard_msgs/include/ur_dashboard_msgs/ur_dashboard_msgs/srv/detail/is_program_saved__traits.hpp
[3.143s] -- Up-to-date: /workspaces/aprs/aprs_ws/install/ur_dashboard_msgs/include/ur_dashboard_msgs/ur_dashboard_msgs/srv/detail/get_safety_mode__struct.hpp
[3.143s] -- Up-to-date: /workspaces/aprs/aprs_ws/install/ur_dashboard_msgs/include/ur_dashboard_msgs/ur_dashboard_msgs/srv/detail/get_loaded_program__traits.hpp
[3.143s] -- Up-to-date: /workspaces/aprs/aprs_ws/install/ur_dashboard_msgs/include/ur_dashboard_msgs/ur_dashboard_msgs/srv/detail/get_program_state__traits.hpp
[3.143s] -- Up-to-date: /workspaces/aprs/aprs_ws/install/ur_dashboard_msgs/include/ur_dashboard_msgs/ur_dashboard_msgs/srv/detail/is_program_saved__builder.hpp
[3.143s] -- Up-to-date: /workspaces/aprs/aprs_ws/install/ur_dashboard_msgs/include/ur_dashboard_msgs/ur_dashboard_msgs/srv/detail/load__struct.hpp
[3.144s] -- Up-to-date: /workspaces/aprs/aprs_ws/install/ur_dashboard_msgs/include/ur_dashboard_msgs/ur_dashboard_msgs/srv/detail/get_safety_mode__traits.hpp
[3.144s] -- Up-to-date: /workspaces/aprs/aprs_ws/install/ur_dashboard_msgs/include/ur_dashboard_msgs/ur_dashboard_msgs/srv/detail/get_robot_mode__struct.hpp
[3.144s] -- Up-to-date: /workspaces/aprs/aprs_ws/install/ur_dashboard_msgs/include/ur_dashboard_msgs/ur_dashboard_msgs/srv/detail/get_robot_mode__traits.hpp
[3.144s] -- Up-to-date: /workspaces/aprs/aprs_ws/install/ur_dashboard_msgs/include/ur_dashboard_msgs/ur_dashboard_msgs/srv/detail/get_loaded_program__struct.hpp
[3.145s] -- Up-to-date: /workspaces/aprs/aprs_ws/install/ur_dashboard_msgs/include/ur_dashboard_msgs/ur_dashboard_msgs/srv/detail/get_program_state__builder.hpp
[3.145s] -- Up-to-date: /workspaces/aprs/aprs_ws/install/ur_dashboard_msgs/include/ur_dashboard_msgs/ur_dashboard_msgs/srv/detail/get_safety_mode__builder.hpp
[3.145s] -- Up-to-date: /workspaces/aprs/aprs_ws/install/ur_dashboard_msgs/include/ur_dashboard_msgs/ur_dashboard_msgs/srv/detail/load__builder.hpp
[3.145s] -- Up-to-date: /workspaces/aprs/aprs_ws/install/ur_dashboard_msgs/include/ur_dashboard_msgs/ur_dashboard_msgs/srv/raw_request.hpp
[3.145s] -- Up-to-date: /workspaces/aprs/aprs_ws/install/ur_dashboard_msgs/include/ur_dashboard_msgs/ur_dashboard_msgs/srv/get_loaded_program.hpp
[3.146s] -- Up-to-date: /workspaces/aprs/aprs_ws/install/ur_dashboard_msgs/include/ur_dashboard_msgs/ur_dashboard_msgs/srv/get_safety_mode.hpp
[3.146s] -- Up-to-date: /workspaces/aprs/aprs_ws/install/ur_dashboard_msgs/include/ur_dashboard_msgs/ur_dashboard_msgs/srv/popup.hpp
[3.146s] -- Up-to-date: /workspaces/aprs/aprs_ws/install/ur_dashboard_msgs/include/ur_dashboard_msgs/ur_dashboard_msgs/srv/load.hpp
[3.146s] -- Up-to-date: /workspaces/aprs/aprs_ws/install/ur_dashboard_msgs/include/ur_dashboard_msgs/ur_dashboard_msgs/srv/add_to_log.hpp
[3.146s] -- Up-to-date: /workspaces/aprs/aprs_ws/install/ur_dashboard_msgs/include/ur_dashboard_msgs/ur_dashboard_msgs/srv/get_program_state.hpp
[3.146s] -- Up-to-date: /workspaces/aprs/aprs_ws/install/ur_dashboard_msgs/include/ur_dashboard_msgs/ur_dashboard_msgs/srv/get_robot_mode.hpp
[3.147s] -- Up-to-date: /workspaces/aprs/aprs_ws/install/ur_dashboard_msgs/include/ur_dashboard_msgs/ur_dashboard_msgs/srv/is_program_running.hpp
[3.149s] -- Up-to-date: /workspaces/aprs/aprs_ws/install/ur_dashboard_msgs/include/ur_dashboard_msgs/ur_dashboard_msgs/srv/is_program_saved.hpp
[3.149s] -- Up-to-date: /workspaces/aprs/aprs_ws/install/ur_dashboard_msgs/include/ur_dashboard_msgs/ur_dashboard_msgs/action
[3.149s] -- Up-to-date: /workspaces/aprs/aprs_ws/install/ur_dashboard_msgs/include/ur_dashboard_msgs/ur_dashboard_msgs/action/detail
[3.149s] -- Up-to-date: /workspaces/aprs/aprs_ws/install/ur_dashboard_msgs/include/ur_dashboard_msgs/ur_dashboard_msgs/action/detail/set_mode__struct.hpp
[3.150s] -- Up-to-date: /workspaces/aprs/aprs_ws/install/ur_dashboard_msgs/include/ur_dashboard_msgs/ur_dashboard_msgs/action/detail/set_mode__builder.hpp
[3.150s] -- Up-to-date: /workspaces/aprs/aprs_ws/install/ur_dashboard_msgs/include/ur_dashboard_msgs/ur_dashboard_msgs/action/detail/set_mode__traits.hpp
[3.150s] -- Up-to-date: /workspaces/aprs/aprs_ws/install/ur_dashboard_msgs/include/ur_dashboard_msgs/ur_dashboard_msgs/action/set_mode.hpp
[3.151s] -- Up-to-date: /workspaces/aprs/aprs_ws/install/ur_dashboard_msgs/include/ur_dashboard_msgs/ur_dashboard_msgs/msg
[3.151s] -- Up-to-date: /workspaces/aprs/aprs_ws/install/ur_dashboard_msgs/include/ur_dashboard_msgs/ur_dashboard_msgs/msg/robot_mode.hpp
[3.151s] -- Up-to-date: /workspaces/aprs/aprs_ws/install/ur_dashboard_msgs/include/ur_dashboard_msgs/ur_dashboard_msgs/msg/detail
[3.151s] -- Up-to-date: /workspaces/aprs/aprs_ws/install/ur_dashboard_msgs/include/ur_dashboard_msgs/ur_dashboard_msgs/msg/detail/program_state__builder.hpp
[3.151s] -- Up-to-date: /workspaces/aprs/aprs_ws/install/ur_dashboard_msgs/include/ur_dashboard_msgs/ur_dashboard_msgs/msg/detail/safety_mode__builder.hpp
[3.152s] -- Up-to-date: /workspaces/aprs/aprs_ws/install/ur_dashboard_msgs/include/ur_dashboard_msgs/ur_dashboard_msgs/msg/detail/safety_mode__traits.hpp
[3.152s] -- Up-to-date: /workspaces/aprs/aprs_ws/install/ur_dashboard_msgs/include/ur_dashboard_msgs/ur_dashboard_msgs/msg/detail/program_state__traits.hpp
[3.152s] -- Up-to-date: /workspaces/aprs/aprs_ws/install/ur_dashboard_msgs/include/ur_dashboard_msgs/ur_dashboard_msgs/msg/detail/robot_mode__builder.hpp
[3.153s] -- Up-to-date: /workspaces/aprs/aprs_ws/install/ur_dashboard_msgs/include/ur_dashboard_msgs/ur_dashboard_msgs/msg/detail/safety_mode__struct.hpp
[3.153s] -- Up-to-date: /workspaces/aprs/aprs_ws/install/ur_dashboard_msgs/include/ur_dashboard_msgs/ur_dashboard_msgs/msg/detail/robot_mode__struct.hpp
[3.153s] -- Up-to-date: /workspaces/aprs/aprs_ws/install/ur_dashboard_msgs/include/ur_dashboard_msgs/ur_dashboard_msgs/msg/detail/robot_mode__traits.hpp
[3.153s] -- Up-to-date: /workspaces/aprs/aprs_ws/install/ur_dashboard_msgs/include/ur_dashboard_msgs/ur_dashboard_msgs/msg/detail/program_state__struct.hpp
[3.153s] -- Up-to-date: /workspaces/aprs/aprs_ws/install/ur_dashboard_msgs/include/ur_dashboard_msgs/ur_dashboard_msgs/msg/safety_mode.hpp
[3.154s] -- Up-to-date: /workspaces/aprs/aprs_ws/install/ur_dashboard_msgs/include/ur_dashboard_msgs/ur_dashboard_msgs/msg/program_state.hpp
[3.154s] -- Up-to-date: /workspaces/aprs/aprs_ws/install/ur_dashboard_msgs/include/ur_dashboard_msgs/ur_dashboard_msgs
[3.154s] -- Up-to-date: /workspaces/aprs/aprs_ws/install/ur_dashboard_msgs/include/ur_dashboard_msgs/ur_dashboard_msgs/srv
[3.154s] -- Up-to-date: /workspaces/aprs/aprs_ws/install/ur_dashboard_msgs/include/ur_dashboard_msgs/ur_dashboard_msgs/srv/detail
[3.155s] -- Up-to-date: /workspaces/aprs/aprs_ws/install/ur_dashboard_msgs/include/ur_dashboard_msgs/ur_dashboard_msgs/srv/detail/dds_fastrtps
[3.155s] -- Up-to-date: /workspaces/aprs/aprs_ws/install/ur_dashboard_msgs/include/ur_dashboard_msgs/ur_dashboard_msgs/srv/detail/get_loaded_program__rosidl_typesupport_fastrtps_cpp.hpp
[3.155s] -- Up-to-date: /workspaces/aprs/aprs_ws/install/ur_dashboard_msgs/include/ur_dashboard_msgs/ur_dashboard_msgs/srv/detail/add_to_log__rosidl_typesupport_fastrtps_cpp.hpp
[3.155s] -- Up-to-date: /workspaces/aprs/aprs_ws/install/ur_dashboard_msgs/include/ur_dashboard_msgs/ur_dashboard_msgs/srv/detail/get_robot_mode__rosidl_typesupport_fastrtps_cpp.hpp
[3.155s] -- Up-to-date: /workspaces/aprs/aprs_ws/install/ur_dashboard_msgs/include/ur_dashboard_msgs/ur_dashboard_msgs/srv/detail/raw_request__rosidl_typesupport_fastrtps_cpp.hpp
[3.155s] -- Up-to-date: /workspaces/aprs/aprs_ws/install/ur_dashboard_msgs/include/ur_dashboard_msgs/ur_dashboard_msgs/srv/detail/load__rosidl_typesupport_fastrtps_cpp.hpp
[3.156s] -- Up-to-date: /workspaces/aprs/aprs_ws/install/ur_dashboard_msgs/include/ur_dashboard_msgs/ur_dashboard_msgs/srv/detail/get_safety_mode__rosidl_typesupport_fastrtps_cpp.hpp
[3.156s] -- Up-to-date: /workspaces/aprs/aprs_ws/install/ur_dashboard_msgs/include/ur_dashboard_msgs/ur_dashboard_msgs/srv/detail/get_program_state__rosidl_typesupport_fastrtps_cpp.hpp
[3.156s] -- Up-to-date: /workspaces/aprs/aprs_ws/install/ur_dashboard_msgs/include/ur_dashboard_msgs/ur_dashboard_msgs/srv/detail/is_program_saved__rosidl_typesupport_fastrtps_cpp.hpp
[3.156s] -- Up-to-date: /workspaces/aprs/aprs_ws/install/ur_dashboard_msgs/include/ur_dashboard_msgs/ur_dashboard_msgs/srv/detail/is_program_running__rosidl_typesupport_fastrtps_cpp.hpp
[3.157s] -- Up-to-date: /workspaces/aprs/aprs_ws/install/ur_dashboard_msgs/include/ur_dashboard_msgs/ur_dashboard_msgs/srv/detail/popup__rosidl_typesupport_fastrtps_cpp.hpp
[3.157s] -- Up-to-date: /workspaces/aprs/aprs_ws/install/ur_dashboard_msgs/include/ur_dashboard_msgs/ur_dashboard_msgs/action
[3.157s] -- Up-to-date: /workspaces/aprs/aprs_ws/install/ur_dashboard_msgs/include/ur_dashboard_msgs/ur_dashboard_msgs/action/detail
[3.157s] -- Up-to-date: /workspaces/aprs/aprs_ws/install/ur_dashboard_msgs/include/ur_dashboard_msgs/ur_dashboard_msgs/action/detail/dds_fastrtps
[3.157s] -- Up-to-date: /workspaces/aprs/aprs_ws/install/ur_dashboard_msgs/include/ur_dashboard_msgs/ur_dashboard_msgs/action/detail/set_mode__rosidl_typesupport_fastrtps_cpp.hpp
[3.158s] -- Up-to-date: /workspaces/aprs/aprs_ws/install/ur_dashboard_msgs/include/ur_dashboard_msgs/ur_dashboard_msgs/msg
[3.158s] -- Up-to-date: /workspaces/aprs/aprs_ws/install/ur_dashboard_msgs/include/ur_dashboard_msgs/ur_dashboard_msgs/msg/detail
[3.158s] -- Up-to-date: /workspaces/aprs/aprs_ws/install/ur_dashboard_msgs/include/ur_dashboard_msgs/ur_dashboard_msgs/msg/detail/robot_mode__rosidl_typesupport_fastrtps_cpp.hpp
[3.158s] -- Up-to-date: /workspaces/aprs/aprs_ws/install/ur_dashboard_msgs/include/ur_dashboard_msgs/ur_dashboard_msgs/msg/detail/dds_fastrtps
[3.158s] -- Up-to-date: /workspaces/aprs/aprs_ws/install/ur_dashboard_msgs/include/ur_dashboard_msgs/ur_dashboard_msgs/msg/detail/safety_mode__rosidl_typesupport_fastrtps_cpp.hpp
[3.158s] -- Up-to-date: /workspaces/aprs/aprs_ws/install/ur_dashboard_msgs/include/ur_dashboard_msgs/ur_dashboard_msgs/msg/detail/program_state__rosidl_typesupport_fastrtps_cpp.hpp
[3.158s] -- Up-to-date: /workspaces/aprs/aprs_ws/install/ur_dashboard_msgs/include/ur_dashboard_msgs/ur_dashboard_msgs/msg/rosidl_typesupport_fastrtps_cpp__visibility_control.h
[3.158s] -- Up-to-date: /workspaces/aprs/aprs_ws/install/ur_dashboard_msgs/lib/libur_dashboard_msgs__rosidl_typesupport_fastrtps_cpp.so
[3.158s] -- Up-to-date: /workspaces/aprs/aprs_ws/install/ur_dashboard_msgs/include/ur_dashboard_msgs/ur_dashboard_msgs
[3.158s] -- Up-to-date: /workspaces/aprs/aprs_ws/install/ur_dashboard_msgs/include/ur_dashboard_msgs/ur_dashboard_msgs/srv
[3.158s] -- Up-to-date: /workspaces/aprs/aprs_ws/install/ur_dashboard_msgs/include/ur_dashboard_msgs/ur_dashboard_msgs/srv/detail
[3.159s] -- Up-to-date: /workspaces/aprs/aprs_ws/install/ur_dashboard_msgs/include/ur_dashboard_msgs/ur_dashboard_msgs/srv/detail/get_safety_mode__type_support.cpp
[3.159s] -- Up-to-date: /workspaces/aprs/aprs_ws/install/ur_dashboard_msgs/include/ur_dashboard_msgs/ur_dashboard_msgs/srv/detail/raw_request__type_support.cpp
[3.159s] -- Up-to-date: /workspaces/aprs/aprs_ws/install/ur_dashboard_msgs/include/ur_dashboard_msgs/ur_dashboard_msgs/srv/detail/is_program_saved__rosidl_typesupport_introspection_cpp.hpp
[3.159s] -- Up-to-date: /workspaces/aprs/aprs_ws/install/ur_dashboard_msgs/include/ur_dashboard_msgs/ur_dashboard_msgs/srv/detail/get_loaded_program__rosidl_typesupport_introspection_cpp.hpp
[3.160s] -- Up-to-date: /workspaces/aprs/aprs_ws/install/ur_dashboard_msgs/include/ur_dashboard_msgs/ur_dashboard_msgs/srv/detail/raw_request__rosidl_typesupport_introspection_cpp.hpp
[3.160s] -- Up-to-date: /workspaces/aprs/aprs_ws/install/ur_dashboard_msgs/include/ur_dashboard_msgs/ur_dashboard_msgs/srv/detail/popup__type_support.cpp
[3.160s] -- Up-to-date: /workspaces/aprs/aprs_ws/install/ur_dashboard_msgs/include/ur_dashboard_msgs/ur_dashboard_msgs/srv/detail/get_program_state__type_support.cpp
[3.160s] -- Up-to-date: /workspaces/aprs/aprs_ws/install/ur_dashboard_msgs/include/ur_dashboard_msgs/ur_dashboard_msgs/srv/detail/is_program_running__type_support.cpp
[3.160s] -- Up-to-date: /workspaces/aprs/aprs_ws/install/ur_dashboard_msgs/include/ur_dashboard_msgs/ur_dashboard_msgs/srv/detail/is_program_saved__type_support.cpp
[3.160s] -- Up-to-date: /workspaces/aprs/aprs_ws/install/ur_dashboard_msgs/include/ur_dashboard_msgs/ur_dashboard_msgs/srv/detail/get_loaded_program__type_support.cpp
[3.160s] -- Up-to-date: /workspaces/aprs/aprs_ws/install/ur_dashboard_msgs/include/ur_dashboard_msgs/ur_dashboard_msgs/srv/detail/load__rosidl_typesupport_introspection_cpp.hpp
[3.160s] -- Up-to-date: /workspaces/aprs/aprs_ws/install/ur_dashboard_msgs/include/ur_dashboard_msgs/ur_dashboard_msgs/srv/detail/add_to_log__rosidl_typesupport_introspection_cpp.hpp
[3.161s] -- Up-to-date: /workspaces/aprs/aprs_ws/install/ur_dashboard_msgs/include/ur_dashboard_msgs/ur_dashboard_msgs/srv/detail/get_program_state__rosidl_typesupport_introspection_cpp.hpp
[3.161s] -- Up-to-date: /workspaces/aprs/aprs_ws/install/ur_dashboard_msgs/include/ur_dashboard_msgs/ur_dashboard_msgs/srv/detail/popup__rosidl_typesupport_introspection_cpp.hpp
[3.161s] -- Up-to-date: /workspaces/aprs/aprs_ws/install/ur_dashboard_msgs/include/ur_dashboard_msgs/ur_dashboard_msgs/srv/detail/load__type_support.cpp
[3.161s] -- Up-to-date: /workspaces/aprs/aprs_ws/install/ur_dashboard_msgs/include/ur_dashboard_msgs/ur_dashboard_msgs/srv/detail/is_program_running__rosidl_typesupport_introspection_cpp.hpp
[3.161s] -- Up-to-date: /workspaces/aprs/aprs_ws/install/ur_dashboard_msgs/include/ur_dashboard_msgs/ur_dashboard_msgs/srv/detail/add_to_log__type_support.cpp
[3.161s] -- Up-to-date: /workspaces/aprs/aprs_ws/install/ur_dashboard_msgs/include/ur_dashboard_msgs/ur_dashboard_msgs/srv/detail/get_safety_mode__rosidl_typesupport_introspection_cpp.hpp
[3.161s] -- Up-to-date: /workspaces/aprs/aprs_ws/install/ur_dashboard_msgs/include/ur_dashboard_msgs/ur_dashboard_msgs/srv/detail/get_robot_mode__rosidl_typesupport_introspection_cpp.hpp
[3.161s] -- Up-to-date: /workspaces/aprs/aprs_ws/install/ur_dashboard_msgs/include/ur_dashboard_msgs/ur_dashboard_msgs/srv/detail/get_robot_mode__type_support.cpp
[3.161s] -- Up-to-date: /workspaces/aprs/aprs_ws/install/ur_dashboard_msgs/include/ur_dashboard_msgs/ur_dashboard_msgs/action
[3.161s] -- Up-to-date: /workspaces/aprs/aprs_ws/install/ur_dashboard_msgs/include/ur_dashboard_msgs/ur_dashboard_msgs/action/detail
[3.161s] -- Up-to-date: /workspaces/aprs/aprs_ws/install/ur_dashboard_msgs/include/ur_dashboard_msgs/ur_dashboard_msgs/action/detail/set_mode__rosidl_typesupport_introspection_cpp.hpp
[3.161s] -- Up-to-date: /workspaces/aprs/aprs_ws/install/ur_dashboard_msgs/include/ur_dashboard_msgs/ur_dashboard_msgs/action/detail/set_mode__type_support.cpp
[3.162s] -- Up-to-date: /workspaces/aprs/aprs_ws/install/ur_dashboard_msgs/include/ur_dashboard_msgs/ur_dashboard_msgs/msg
[3.162s] -- Up-to-date: /workspaces/aprs/aprs_ws/install/ur_dashboard_msgs/include/ur_dashboard_msgs/ur_dashboard_msgs/msg/detail
[3.162s] -- Up-to-date: /workspaces/aprs/aprs_ws/install/ur_dashboard_msgs/include/ur_dashboard_msgs/ur_dashboard_msgs/msg/detail/program_state__type_support.cpp
[3.162s] -- Up-to-date: /workspaces/aprs/aprs_ws/install/ur_dashboard_msgs/include/ur_dashboard_msgs/ur_dashboard_msgs/msg/detail/safety_mode__type_support.cpp
[3.162s] -- Up-to-date: /workspaces/aprs/aprs_ws/install/ur_dashboard_msgs/include/ur_dashboard_msgs/ur_dashboard_msgs/msg/detail/safety_mode__rosidl_typesupport_introspection_cpp.hpp
[3.162s] -- Up-to-date: /workspaces/aprs/aprs_ws/install/ur_dashboard_msgs/include/ur_dashboard_msgs/ur_dashboard_msgs/msg/detail/robot_mode__type_support.cpp
[3.162s] -- Up-to-date: /workspaces/aprs/aprs_ws/install/ur_dashboard_msgs/include/ur_dashboard_msgs/ur_dashboard_msgs/msg/detail/robot_mode__rosidl_typesupport_introspection_cpp.hpp
[3.162s] -- Up-to-date: /workspaces/aprs/aprs_ws/install/ur_dashboard_msgs/include/ur_dashboard_msgs/ur_dashboard_msgs/msg/detail/program_state__rosidl_typesupport_introspection_cpp.hpp
[3.162s] -- Up-to-date: /workspaces/aprs/aprs_ws/install/ur_dashboard_msgs/lib/libur_dashboard_msgs__rosidl_typesupport_introspection_cpp.so
[3.163s] -- Up-to-date: /workspaces/aprs/aprs_ws/install/ur_dashboard_msgs/lib/libur_dashboard_msgs__rosidl_typesupport_cpp.so
[3.164s] -- Up-to-date: /workspaces/aprs/aprs_ws/install/ur_dashboard_msgs/share/ur_dashboard_msgs/environment/pythonpath.sh
[3.164s] -- Up-to-date: /workspaces/aprs/aprs_ws/install/ur_dashboard_msgs/share/ur_dashboard_msgs/environment/pythonpath.dsv
[3.164s] -- Up-to-date: /workspaces/aprs/aprs_ws/install/ur_dashboard_msgs/local/lib/python3.10/dist-packages/ur_dashboard_msgs-2.2.8-py3.10.egg-info
[3.164s] -- Installing: /workspaces/aprs/aprs_ws/install/ur_dashboard_msgs/local/lib/python3.10/dist-packages/ur_dashboard_msgs-2.2.8-py3.10.egg-info/dependency_links.txt
[3.164s] -- Installing: /workspaces/aprs/aprs_ws/install/ur_dashboard_msgs/local/lib/python3.10/dist-packages/ur_dashboard_msgs-2.2.8-py3.10.egg-info/top_level.txt
[3.164s] -- Installing: /workspaces/aprs/aprs_ws/install/ur_dashboard_msgs/local/lib/python3.10/dist-packages/ur_dashboard_msgs-2.2.8-py3.10.egg-info/PKG-INFO
[3.164s] -- Installing: /workspaces/aprs/aprs_ws/install/ur_dashboard_msgs/local/lib/python3.10/dist-packages/ur_dashboard_msgs-2.2.8-py3.10.egg-info/SOURCES.txt
[3.164s] -- Up-to-date: /workspaces/aprs/aprs_ws/install/ur_dashboard_msgs/local/lib/python3.10/dist-packages/ur_dashboard_msgs
[3.164s] -- Up-to-date: /workspaces/aprs/aprs_ws/install/ur_dashboard_msgs/local/lib/python3.10/dist-packages/ur_dashboard_msgs/srv
[3.164s] -- Up-to-date: /workspaces/aprs/aprs_ws/install/ur_dashboard_msgs/local/lib/python3.10/dist-packages/ur_dashboard_msgs/srv/_load.py
[3.164s] -- Up-to-date: /workspaces/aprs/aprs_ws/install/ur_dashboard_msgs/local/lib/python3.10/dist-packages/ur_dashboard_msgs/srv/_is_program_running_s.c
[3.165s] -- Up-to-date: /workspaces/aprs/aprs_ws/install/ur_dashboard_msgs/local/lib/python3.10/dist-packages/ur_dashboard_msgs/srv/_raw_request_s.c
[3.165s] -- Up-to-date: /workspaces/aprs/aprs_ws/install/ur_dashboard_msgs/local/lib/python3.10/dist-packages/ur_dashboard_msgs/srv/_raw_request.py
[3.165s] -- Up-to-date: /workspaces/aprs/aprs_ws/install/ur_dashboard_msgs/local/lib/python3.10/dist-packages/ur_dashboard_msgs/srv/_get_robot_mode_s.c
[3.165s] -- Up-to-date: /workspaces/aprs/aprs_ws/install/ur_dashboard_msgs/local/lib/python3.10/dist-packages/ur_dashboard_msgs/srv/_popup_s.c
[3.165s] -- Up-to-date: /workspaces/aprs/aprs_ws/install/ur_dashboard_msgs/local/lib/python3.10/dist-packages/ur_dashboard_msgs/srv/_load_s.c
[3.165s] -- Up-to-date: /workspaces/aprs/aprs_ws/install/ur_dashboard_msgs/local/lib/python3.10/dist-packages/ur_dashboard_msgs/srv/_get_loaded_program.py
[3.165s] -- Up-to-date: /workspaces/aprs/aprs_ws/install/ur_dashboard_msgs/local/lib/python3.10/dist-packages/ur_dashboard_msgs/srv/_get_program_state.py
[3.165s] -- Up-to-date: /workspaces/aprs/aprs_ws/install/ur_dashboard_msgs/local/lib/python3.10/dist-packages/ur_dashboard_msgs/srv/_get_robot_mode.py
[3.165s] -- Up-to-date: /workspaces/aprs/aprs_ws/install/ur_dashboard_msgs/local/lib/python3.10/dist-packages/ur_dashboard_msgs/srv/_get_loaded_program_s.c
[3.165s] -- Up-to-date: /workspaces/aprs/aprs_ws/install/ur_dashboard_msgs/local/lib/python3.10/dist-packages/ur_dashboard_msgs/srv/_get_safety_mode.py
[3.165s] -- Up-to-date: /workspaces/aprs/aprs_ws/install/ur_dashboard_msgs/local/lib/python3.10/dist-packages/ur_dashboard_msgs/srv/_get_program_state_s.c
[3.166s] -- Up-to-date: /workspaces/aprs/aprs_ws/install/ur_dashboard_msgs/local/lib/python3.10/dist-packages/ur_dashboard_msgs/srv/_add_to_log.py
[3.166s] -- Up-to-date: /workspaces/aprs/aprs_ws/install/ur_dashboard_msgs/local/lib/python3.10/dist-packages/ur_dashboard_msgs/srv/_is_program_saved.py
[3.166s] -- Up-to-date: /workspaces/aprs/aprs_ws/install/ur_dashboard_msgs/local/lib/python3.10/dist-packages/ur_dashboard_msgs/srv/_add_to_log_s.c
[3.167s] -- Up-to-date: /workspaces/aprs/aprs_ws/install/ur_dashboard_msgs/local/lib/python3.10/dist-packages/ur_dashboard_msgs/srv/_popup.py
[3.167s] -- Up-to-date: /workspaces/aprs/aprs_ws/install/ur_dashboard_msgs/local/lib/python3.10/dist-packages/ur_dashboard_msgs/srv/__init__.py
[3.168s] -- Up-to-date: /workspaces/aprs/aprs_ws/install/ur_dashboard_msgs/local/lib/python3.10/dist-packages/ur_dashboard_msgs/srv/_is_program_saved_s.c
[3.168s] -- Up-to-date: /workspaces/aprs/aprs_ws/install/ur_dashboard_msgs/local/lib/python3.10/dist-packages/ur_dashboard_msgs/srv/_is_program_running.py
[3.168s] -- Up-to-date: /workspaces/aprs/aprs_ws/install/ur_dashboard_msgs/local/lib/python3.10/dist-packages/ur_dashboard_msgs/srv/_get_safety_mode_s.c
[3.168s] -- Up-to-date: /workspaces/aprs/aprs_ws/install/ur_dashboard_msgs/local/lib/python3.10/dist-packages/ur_dashboard_msgs/action
[3.169s] -- Up-to-date: /workspaces/aprs/aprs_ws/install/ur_dashboard_msgs/local/lib/python3.10/dist-packages/ur_dashboard_msgs/action/_set_mode_s.c
[3.169s] -- Up-to-date: /workspaces/aprs/aprs_ws/install/ur_dashboard_msgs/local/lib/python3.10/dist-packages/ur_dashboard_msgs/action/__init__.py
[3.187s] -- Up-to-date: /workspaces/aprs/aprs_ws/install/ur_dashboard_msgs/local/lib/python3.10/dist-packages/ur_dashboard_msgs/action/_set_mode.py
[3.187s] -- Up-to-date: /workspaces/aprs/aprs_ws/install/ur_dashboard_msgs/local/lib/python3.10/dist-packages/ur_dashboard_msgs/ur_dashboard_msgs_s__rosidl_typesupport_c.cpython-310-x86_64-linux-gnu.so
[3.187s] -- Up-to-date: /workspaces/aprs/aprs_ws/install/ur_dashboard_msgs/local/lib/python3.10/dist-packages/ur_dashboard_msgs/_ur_dashboard_msgs_s.ep.rosidl_typesupport_c.c
[3.187s] -- Up-to-date: /workspaces/aprs/aprs_ws/install/ur_dashboard_msgs/local/lib/python3.10/dist-packages/ur_dashboard_msgs/libur_dashboard_msgs__rosidl_generator_py.so
[3.188s] -- Up-to-date: /workspaces/aprs/aprs_ws/install/ur_dashboard_msgs/local/lib/python3.10/dist-packages/ur_dashboard_msgs/_ur_dashboard_msgs_s.ep.rosidl_typesupport_introspection_c.c
[3.188s] -- Up-to-date: /workspaces/aprs/aprs_ws/install/ur_dashboard_msgs/local/lib/python3.10/dist-packages/ur_dashboard_msgs/__init__.py
[3.188s] -- Up-to-date: /workspaces/aprs/aprs_ws/install/ur_dashboard_msgs/local/lib/python3.10/dist-packages/ur_dashboard_msgs/ur_dashboard_msgs_s__rosidl_typesupport_introspection_c.cpython-310-x86_64-linux-gnu.so
[3.188s] -- Up-to-date: /workspaces/aprs/aprs_ws/install/ur_dashboard_msgs/local/lib/python3.10/dist-packages/ur_dashboard_msgs/ur_dashboard_msgs_s__rosidl_typesupport_fastrtps_c.cpython-310-x86_64-linux-gnu.so
[3.188s] -- Up-to-date: /workspaces/aprs/aprs_ws/install/ur_dashboard_msgs/local/lib/python3.10/dist-packages/ur_dashboard_msgs/_ur_dashboard_msgs_s.ep.rosidl_typesupport_fastrtps_c.c
[3.188s] -- Up-to-date: /workspaces/aprs/aprs_ws/install/ur_dashboard_msgs/local/lib/python3.10/dist-packages/ur_dashboard_msgs/msg
[3.188s] -- Up-to-date: /workspaces/aprs/aprs_ws/install/ur_dashboard_msgs/local/lib/python3.10/dist-packages/ur_dashboard_msgs/msg/_program_state_s.c
[3.188s] -- Up-to-date: /workspaces/aprs/aprs_ws/install/ur_dashboard_msgs/local/lib/python3.10/dist-packages/ur_dashboard_msgs/msg/_program_state.py
[3.188s] -- Up-to-date: /workspaces/aprs/aprs_ws/install/ur_dashboard_msgs/local/lib/python3.10/dist-packages/ur_dashboard_msgs/msg/_safety_mode.py
[3.188s] -- Up-to-date: /workspaces/aprs/aprs_ws/install/ur_dashboard_msgs/local/lib/python3.10/dist-packages/ur_dashboard_msgs/msg/_robot_mode_s.c
[3.188s] -- Up-to-date: /workspaces/aprs/aprs_ws/install/ur_dashboard_msgs/local/lib/python3.10/dist-packages/ur_dashboard_msgs/msg/_safety_mode_s.c
[3.189s] -- Up-to-date: /workspaces/aprs/aprs_ws/install/ur_dashboard_msgs/local/lib/python3.10/dist-packages/ur_dashboard_msgs/msg/__init__.py
[3.189s] -- Up-to-date: /workspaces/aprs/aprs_ws/install/ur_dashboard_msgs/local/lib/python3.10/dist-packages/ur_dashboard_msgs/msg/_robot_mode.py
[3.210s] Listing '/workspaces/aprs/aprs_ws/install/ur_dashboard_msgs/local/lib/python3.10/dist-packages/ur_dashboard_msgs'...
[3.210s] Listing '/workspaces/aprs/aprs_ws/install/ur_dashboard_msgs/local/lib/python3.10/dist-packages/ur_dashboard_msgs/action'...
[3.211s] Listing '/workspaces/aprs/aprs_ws/install/ur_dashboard_msgs/local/lib/python3.10/dist-packages/ur_dashboard_msgs/msg'...
[3.211s] Listing '/workspaces/aprs/aprs_ws/install/ur_dashboard_msgs/local/lib/python3.10/dist-packages/ur_dashboard_msgs/srv'...
[3.211s] -- Up-to-date: /workspaces/aprs/aprs_ws/install/ur_dashboard_msgs/local/lib/python3.10/dist-packages/ur_dashboard_msgs/ur_dashboard_msgs_s__rosidl_typesupport_fastrtps_c.cpython-310-x86_64-linux-gnu.so
[3.211s] -- Up-to-date: /workspaces/aprs/aprs_ws/install/ur_dashboard_msgs/local/lib/python3.10/dist-packages/ur_dashboard_msgs/ur_dashboard_msgs_s__rosidl_typesupport_introspection_c.cpython-310-x86_64-linux-gnu.so
[3.211s] -- Up-to-date: /workspaces/aprs/aprs_ws/install/ur_dashboard_msgs/local/lib/python3.10/dist-packages/ur_dashboard_msgs/ur_dashboard_msgs_s__rosidl_typesupport_c.cpython-310-x86_64-linux-gnu.so
[3.211s] -- Up-to-date: /workspaces/aprs/aprs_ws/install/ur_dashboard_msgs/lib/libur_dashboard_msgs__rosidl_generator_py.so
[3.211s] -- Up-to-date: /workspaces/aprs/aprs_ws/install/ur_dashboard_msgs/share/ur_dashboard_msgs/msg/ProgramState.idl
[3.211s] -- Up-to-date: /workspaces/aprs/aprs_ws/install/ur_dashboard_msgs/share/ur_dashboard_msgs/msg/RobotMode.idl
[3.211s] -- Up-to-date: /workspaces/aprs/aprs_ws/install/ur_dashboard_msgs/share/ur_dashboard_msgs/msg/SafetyMode.idl
[3.211s] -- Up-to-date: /workspaces/aprs/aprs_ws/install/ur_dashboard_msgs/share/ur_dashboard_msgs/srv/AddToLog.idl
[3.211s] -- Up-to-date: /workspaces/aprs/aprs_ws/install/ur_dashboard_msgs/share/ur_dashboard_msgs/srv/GetLoadedProgram.idl
[3.211s] -- Up-to-date: /workspaces/aprs/aprs_ws/install/ur_dashboard_msgs/share/ur_dashboard_msgs/srv/GetProgramState.idl
[3.211s] -- Up-to-date: /workspaces/aprs/aprs_ws/install/ur_dashboard_msgs/share/ur_dashboard_msgs/srv/GetRobotMode.idl
[3.212s] -- Up-to-date: /workspaces/aprs/aprs_ws/install/ur_dashboard_msgs/share/ur_dashboard_msgs/srv/GetSafetyMode.idl
[3.212s] -- Up-to-date: /workspaces/aprs/aprs_ws/install/ur_dashboard_msgs/share/ur_dashboard_msgs/srv/IsProgramRunning.idl
[3.212s] -- Up-to-date: /workspaces/aprs/aprs_ws/install/ur_dashboard_msgs/share/ur_dashboard_msgs/srv/IsProgramSaved.idl
[3.212s] -- Up-to-date: /workspaces/aprs/aprs_ws/install/ur_dashboard_msgs/share/ur_dashboard_msgs/srv/Load.idl
[3.212s] -- Up-to-date: /workspaces/aprs/aprs_ws/install/ur_dashboard_msgs/share/ur_dashboard_msgs/srv/Popup.idl
[3.212s] -- Up-to-date: /workspaces/aprs/aprs_ws/install/ur_dashboard_msgs/share/ur_dashboard_msgs/srv/RawRequest.idl
[3.212s] -- Up-to-date: /workspaces/aprs/aprs_ws/install/ur_dashboard_msgs/share/ur_dashboard_msgs/action/SetMode.idl
[3.212s] -- Up-to-date: /workspaces/aprs/aprs_ws/install/ur_dashboard_msgs/share/ur_dashboard_msgs/msg/ProgramState.msg
[3.212s] -- Up-to-date: /workspaces/aprs/aprs_ws/install/ur_dashboard_msgs/share/ur_dashboard_msgs/msg/RobotMode.msg
[3.212s] -- Up-to-date: /workspaces/aprs/aprs_ws/install/ur_dashboard_msgs/share/ur_dashboard_msgs/msg/SafetyMode.msg
[3.212s] -- Up-to-date: /workspaces/aprs/aprs_ws/install/ur_dashboard_msgs/share/ur_dashboard_msgs/srv/AddToLog.srv
[3.212s] -- Up-to-date: /workspaces/aprs/aprs_ws/install/ur_dashboard_msgs/share/ur_dashboard_msgs/srv/AddToLog_Request.msg
[3.212s] -- Up-to-date: /workspaces/aprs/aprs_ws/install/ur_dashboard_msgs/share/ur_dashboard_msgs/srv/AddToLog_Response.msg
[3.213s] -- Up-to-date: /workspaces/aprs/aprs_ws/install/ur_dashboard_msgs/share/ur_dashboard_msgs/srv/GetLoadedProgram.srv
[3.213s] -- Up-to-date: /workspaces/aprs/aprs_ws/install/ur_dashboard_msgs/share/ur_dashboard_msgs/srv/GetLoadedProgram_Request.msg
[3.213s] -- Up-to-date: /workspaces/aprs/aprs_ws/install/ur_dashboard_msgs/share/ur_dashboard_msgs/srv/GetLoadedProgram_Response.msg
[3.213s] -- Up-to-date: /workspaces/aprs/aprs_ws/install/ur_dashboard_msgs/share/ur_dashboard_msgs/srv/GetProgramState.srv
[3.213s] -- Up-to-date: /workspaces/aprs/aprs_ws/install/ur_dashboard_msgs/share/ur_dashboard_msgs/srv/GetProgramState_Request.msg
[3.213s] -- Up-to-date: /workspaces/aprs/aprs_ws/install/ur_dashboard_msgs/share/ur_dashboard_msgs/srv/GetProgramState_Response.msg
[3.213s] -- Up-to-date: /workspaces/aprs/aprs_ws/install/ur_dashboard_msgs/share/ur_dashboard_msgs/srv/GetRobotMode.srv
[3.213s] -- Up-to-date: /workspaces/aprs/aprs_ws/install/ur_dashboard_msgs/share/ur_dashboard_msgs/srv/GetRobotMode_Request.msg
[3.213s] -- Up-to-date: /workspaces/aprs/aprs_ws/install/ur_dashboard_msgs/share/ur_dashboard_msgs/srv/GetRobotMode_Response.msg
[3.213s] -- Up-to-date: /workspaces/aprs/aprs_ws/install/ur_dashboard_msgs/share/ur_dashboard_msgs/srv/GetSafetyMode.srv
[3.213s] -- Up-to-date: /workspaces/aprs/aprs_ws/install/ur_dashboard_msgs/share/ur_dashboard_msgs/srv/GetSafetyMode_Request.msg
[3.213s] -- Up-to-date: /workspaces/aprs/aprs_ws/install/ur_dashboard_msgs/share/ur_dashboard_msgs/srv/GetSafetyMode_Response.msg
[3.213s] -- Up-to-date: /workspaces/aprs/aprs_ws/install/ur_dashboard_msgs/share/ur_dashboard_msgs/srv/IsProgramRunning.srv
[3.214s] -- Up-to-date: /workspaces/aprs/aprs_ws/install/ur_dashboard_msgs/share/ur_dashboard_msgs/srv/IsProgramRunning_Request.msg
[3.214s] -- Up-to-date: /workspaces/aprs/aprs_ws/install/ur_dashboard_msgs/share/ur_dashboard_msgs/srv/IsProgramRunning_Response.msg
[3.214s] -- Up-to-date: /workspaces/aprs/aprs_ws/install/ur_dashboard_msgs/share/ur_dashboard_msgs/srv/IsProgramSaved.srv
[3.214s] -- Up-to-date: /workspaces/aprs/aprs_ws/install/ur_dashboard_msgs/share/ur_dashboard_msgs/srv/IsProgramSaved_Request.msg
[3.214s] -- Up-to-date: /workspaces/aprs/aprs_ws/install/ur_dashboard_msgs/share/ur_dashboard_msgs/srv/IsProgramSaved_Response.msg
[3.214s] -- Up-to-date: /workspaces/aprs/aprs_ws/install/ur_dashboard_msgs/share/ur_dashboard_msgs/srv/Load.srv
[3.214s] -- Up-to-date: /workspaces/aprs/aprs_ws/install/ur_dashboard_msgs/share/ur_dashboard_msgs/srv/Load_Request.msg
[3.214s] -- Up-to-date: /workspaces/aprs/aprs_ws/install/ur_dashboard_msgs/share/ur_dashboard_msgs/srv/Load_Response.msg
[3.214s] -- Up-to-date: /workspaces/aprs/aprs_ws/install/ur_dashboard_msgs/share/ur_dashboard_msgs/srv/Popup.srv
[3.215s] -- Up-to-date: /workspaces/aprs/aprs_ws/install/ur_dashboard_msgs/share/ur_dashboard_msgs/srv/Popup_Request.msg
[3.215s] -- Up-to-date: /workspaces/aprs/aprs_ws/install/ur_dashboard_msgs/share/ur_dashboard_msgs/srv/Popup_Response.msg
[3.215s] -- Up-to-date: /workspaces/aprs/aprs_ws/install/ur_dashboard_msgs/share/ur_dashboard_msgs/srv/RawRequest.srv
[3.215s] -- Up-to-date: /workspaces/aprs/aprs_ws/install/ur_dashboard_msgs/share/ur_dashboard_msgs/srv/RawRequest_Request.msg
[3.215s] -- Up-to-date: /workspaces/aprs/aprs_ws/install/ur_dashboard_msgs/share/ur_dashboard_msgs/srv/RawRequest_Response.msg
[3.216s] -- Up-to-date: /workspaces/aprs/aprs_ws/install/ur_dashboard_msgs/share/ur_dashboard_msgs/action/SetMode.action
[3.216s] -- Up-to-date: /workspaces/aprs/aprs_ws/install/ur_dashboard_msgs/share/ament_index/resource_index/package_run_dependencies/ur_dashboard_msgs
[3.216s] -- Up-to-date: /workspaces/aprs/aprs_ws/install/ur_dashboard_msgs/share/ament_index/resource_index/parent_prefix_path/ur_dashboard_msgs
[3.216s] -- Up-to-date: /workspaces/aprs/aprs_ws/install/ur_dashboard_msgs/share/ur_dashboard_msgs/environment/ament_prefix_path.sh
[3.216s] -- Up-to-date: /workspaces/aprs/aprs_ws/install/ur_dashboard_msgs/share/ur_dashboard_msgs/environment/ament_prefix_path.dsv
[3.216s] -- Up-to-date: /workspaces/aprs/aprs_ws/install/ur_dashboard_msgs/share/ur_dashboard_msgs/environment/path.sh
[3.216s] -- Up-to-date: /workspaces/aprs/aprs_ws/install/ur_dashboard_msgs/share/ur_dashboard_msgs/environment/path.dsv
[3.216s] -- Up-to-date: /workspaces/aprs/aprs_ws/install/ur_dashboard_msgs/share/ur_dashboard_msgs/local_setup.bash
[3.216s] -- Up-to-date: /workspaces/aprs/aprs_ws/install/ur_dashboard_msgs/share/ur_dashboard_msgs/local_setup.sh
[3.216s] -- Up-to-date: /workspaces/aprs/aprs_ws/install/ur_dashboard_msgs/share/ur_dashboard_msgs/local_setup.zsh
[3.216s] -- Up-to-date: /workspaces/aprs/aprs_ws/install/ur_dashboard_msgs/share/ur_dashboard_msgs/local_setup.dsv
[3.217s] -- Installing: /workspaces/aprs/aprs_ws/install/ur_dashboard_msgs/share/ur_dashboard_msgs/package.dsv
[3.217s] -- Up-to-date: /workspaces/aprs/aprs_ws/install/ur_dashboard_msgs/share/ament_index/resource_index/packages/ur_dashboard_msgs
[3.217s] -- Up-to-date: /workspaces/aprs/aprs_ws/install/ur_dashboard_msgs/share/ur_dashboard_msgs/cmake/export_ur_dashboard_msgs__rosidl_generator_cExport.cmake
[3.217s] -- Up-to-date: /workspaces/aprs/aprs_ws/install/ur_dashboard_msgs/share/ur_dashboard_msgs/cmake/export_ur_dashboard_msgs__rosidl_generator_cExport-noconfig.cmake
[3.217s] -- Up-to-date: /workspaces/aprs/aprs_ws/install/ur_dashboard_msgs/share/ur_dashboard_msgs/cmake/export_ur_dashboard_msgs__rosidl_typesupport_fastrtps_cExport.cmake
[3.217s] -- Up-to-date: /workspaces/aprs/aprs_ws/install/ur_dashboard_msgs/share/ur_dashboard_msgs/cmake/export_ur_dashboard_msgs__rosidl_typesupport_fastrtps_cExport-noconfig.cmake
[3.217s] -- Up-to-date: /workspaces/aprs/aprs_ws/install/ur_dashboard_msgs/share/ur_dashboard_msgs/cmake/ur_dashboard_msgs__rosidl_typesupport_introspection_cExport.cmake
[3.217s] -- Up-to-date: /workspaces/aprs/aprs_ws/install/ur_dashboard_msgs/share/ur_dashboard_msgs/cmake/ur_dashboard_msgs__rosidl_typesupport_introspection_cExport-noconfig.cmake
[3.217s] -- Up-to-date: /workspaces/aprs/aprs_ws/install/ur_dashboard_msgs/share/ur_dashboard_msgs/cmake/ur_dashboard_msgs__rosidl_typesupport_cExport.cmake
[3.217s] -- Up-to-date: /workspaces/aprs/aprs_ws/install/ur_dashboard_msgs/share/ur_dashboard_msgs/cmake/ur_dashboard_msgs__rosidl_typesupport_cExport-noconfig.cmake
[3.217s] -- Up-to-date: /workspaces/aprs/aprs_ws/install/ur_dashboard_msgs/share/ur_dashboard_msgs/cmake/export_ur_dashboard_msgs__rosidl_generator_cppExport.cmake
[3.217s] -- Up-to-date: /workspaces/aprs/aprs_ws/install/ur_dashboard_msgs/share/ur_dashboard_msgs/cmake/export_ur_dashboard_msgs__rosidl_typesupport_fastrtps_cppExport.cmake
[3.217s] -- Up-to-date: /workspaces/aprs/aprs_ws/install/ur_dashboard_msgs/share/ur_dashboard_msgs/cmake/export_ur_dashboard_msgs__rosidl_typesupport_fastrtps_cppExport-noconfig.cmake
[3.218s] -- Up-to-date: /workspaces/aprs/aprs_ws/install/ur_dashboard_msgs/share/ur_dashboard_msgs/cmake/ur_dashboard_msgs__rosidl_typesupport_introspection_cppExport.cmake
[3.218s] -- Up-to-date: /workspaces/aprs/aprs_ws/install/ur_dashboard_msgs/share/ur_dashboard_msgs/cmake/ur_dashboard_msgs__rosidl_typesupport_introspection_cppExport-noconfig.cmake
[3.218s] -- Up-to-date: /workspaces/aprs/aprs_ws/install/ur_dashboard_msgs/share/ur_dashboard_msgs/cmake/ur_dashboard_msgs__rosidl_typesupport_cppExport.cmake
[3.218s] -- Up-to-date: /workspaces/aprs/aprs_ws/install/ur_dashboard_msgs/share/ur_dashboard_msgs/cmake/ur_dashboard_msgs__rosidl_typesupport_cppExport-noconfig.cmake
[3.218s] -- Up-to-date: /workspaces/aprs/aprs_ws/install/ur_dashboard_msgs/share/ur_dashboard_msgs/cmake/export_ur_dashboard_msgs__rosidl_generator_pyExport.cmake
[3.218s] -- Up-to-date: /workspaces/aprs/aprs_ws/install/ur_dashboard_msgs/share/ur_dashboard_msgs/cmake/export_ur_dashboard_msgs__rosidl_generator_pyExport-noconfig.cmake
[3.218s] -- Up-to-date: /workspaces/aprs/aprs_ws/install/ur_dashboard_msgs/share/ur_dashboard_msgs/cmake/rosidl_cmake-extras.cmake
[3.218s] -- Up-to-date: /workspaces/aprs/aprs_ws/install/ur_dashboard_msgs/share/ur_dashboard_msgs/cmake/ament_cmake_export_dependencies-extras.cmake
[3.218s] -- Up-to-date: /workspaces/aprs/aprs_ws/install/ur_dashboard_msgs/share/ur_dashboard_msgs/cmake/ament_cmake_export_include_directories-extras.cmake
[3.218s] -- Up-to-date: /workspaces/aprs/aprs_ws/install/ur_dashboard_msgs/share/ur_dashboard_msgs/cmake/ament_cmake_export_libraries-extras.cmake
[3.218s] -- Up-to-date: /workspaces/aprs/aprs_ws/install/ur_dashboard_msgs/share/ur_dashboard_msgs/cmake/ament_cmake_export_targets-extras.cmake
[3.218s] -- Up-to-date: /workspaces/aprs/aprs_ws/install/ur_dashboard_msgs/share/ur_dashboard_msgs/cmake/rosidl_cmake_export_typesupport_targets-extras.cmake
[3.218s] -- Up-to-date: /workspaces/aprs/aprs_ws/install/ur_dashboard_msgs/share/ur_dashboard_msgs/cmake/rosidl_cmake_export_typesupport_libraries-extras.cmake
[3.219s] -- Up-to-date: /workspaces/aprs/aprs_ws/install/ur_dashboard_msgs/share/ur_dashboard_msgs/cmake/ur_dashboard_msgsConfig.cmake
[3.219s] -- Up-to-date: /workspaces/aprs/aprs_ws/install/ur_dashboard_msgs/share/ur_dashboard_msgs/cmake/ur_dashboard_msgsConfig-version.cmake
[3.219s] -- Up-to-date: /workspaces/aprs/aprs_ws/install/ur_dashboard_msgs/share/ur_dashboard_msgs/package.xml
[3.771s] Invoked command in '/workspaces/aprs/aprs_ws/build/ur_dashboard_msgs' returned '0': CMAKE_PREFIX_PATH=${CMAKE_PREFIX_PATH}:/opt/ros/humble /usr/bin/cmake --install /workspaces/aprs/aprs_ws/build/ur_dashboard_msgs
