[0.055s] Invoking command in '/workspaces/aprs/aprs_ws/build/fanuc_description': CMAKE_PREFIX_PATH=/opt/ros/rolling /usr/bin/cmake /workspaces/aprs/aprs_ws/src/assets/robots/fanuc/fanuc_description -DCMAKE_INSTALL_PREFIX=/workspaces/aprs/aprs_ws/install/fanuc_description
[0.169s] -- Found ament_cmake: 2.2.1 (/opt/ros/rolling/share/ament_cmake/cmake)
[0.469s] -- Configuring done
[0.477s] -- Generating done
[0.478s] -- Build files have been written to: /workspaces/aprs/aprs_ws/build/fanuc_description
[0.488s] Invoked command in '/workspaces/aprs/aprs_ws/build/fanuc_description' returned '0': CMAKE_PREFIX_PATH=/opt/ros/rolling /usr/bin/cmake /workspaces/aprs/aprs_ws/src/assets/robots/fanuc/fanuc_description -DCMAKE_INSTALL_PREFIX=/workspaces/aprs/aprs_ws/install/fanuc_description
[0.488s] Invoking command in '/workspaces/aprs/aprs_ws/build/fanuc_description': CMAKE_PREFIX_PATH=/opt/ros/rolling /usr/bin/cmake --build /workspaces/aprs/aprs_ws/build/fanuc_description -- -j16 -l16
[0.610s] Invoked command in '/workspaces/aprs/aprs_ws/build/fanuc_description' returned '0': CMAKE_PREFIX_PATH=/opt/ros/rolling /usr/bin/cmake --build /workspaces/aprs/aprs_ws/build/fanuc_description -- -j16 -l16
[0.667s] Invoking command in '/workspaces/aprs/aprs_ws/build/fanuc_description': CMAKE_PREFIX_PATH=/opt/ros/rolling /usr/bin/cmake --install /workspaces/aprs/aprs_ws/build/fanuc_description
[0.699s] -- Install configuration: ""
[0.700s] -- Up-to-date: /workspaces/aprs/aprs_ws/install/fanuc_description/share/ament_index/resource_index/package_run_dependencies/fanuc_description
[0.700s] -- Up-to-date: /workspaces/aprs/aprs_ws/install/fanuc_description/share/ament_index/resource_index/parent_prefix_path/fanuc_description
[0.700s] -- Up-to-date: /workspaces/aprs/aprs_ws/install/fanuc_description/share/fanuc_description/environment/ament_prefix_path.sh
[0.700s] -- Up-to-date: /workspaces/aprs/aprs_ws/install/fanuc_description/share/fanuc_description/environment/ament_prefix_path.dsv
[0.700s] -- Up-to-date: /workspaces/aprs/aprs_ws/install/fanuc_description/share/fanuc_description/environment/path.sh
[0.700s] -- Up-to-date: /workspaces/aprs/aprs_ws/install/fanuc_description/share/fanuc_description/environment/path.dsv
[0.700s] -- Up-to-date: /workspaces/aprs/aprs_ws/install/fanuc_description/share/fanuc_description/local_setup.bash
[0.700s] -- Up-to-date: /workspaces/aprs/aprs_ws/install/fanuc_description/share/fanuc_description/local_setup.sh
[0.700s] -- Up-to-date: /workspaces/aprs/aprs_ws/install/fanuc_description/share/fanuc_description/local_setup.zsh
[0.700s] -- Up-to-date: /workspaces/aprs/aprs_ws/install/fanuc_description/share/fanuc_description/local_setup.dsv
[0.700s] -- Installing: /workspaces/aprs/aprs_ws/install/fanuc_description/share/fanuc_description/package.dsv
[0.700s] -- Up-to-date: /workspaces/aprs/aprs_ws/install/fanuc_description/share/ament_index/resource_index/packages/fanuc_description
[0.700s] -- Up-to-date: /workspaces/aprs/aprs_ws/install/fanuc_description/share/fanuc_description/cmake/fanuc_descriptionConfig.cmake
[0.701s] -- Up-to-date: /workspaces/aprs/aprs_ws/install/fanuc_description/share/fanuc_description/cmake/fanuc_descriptionConfig-version.cmake
[0.701s] -- Up-to-date: /workspaces/aprs/aprs_ws/install/fanuc_description/share/fanuc_description/package.xml
[0.701s] -- Up-to-date: /workspaces/aprs/aprs_ws/install/fanuc_description/share/fanuc_description/meshes
[0.701s] -- Up-to-date: /workspaces/aprs/aprs_ws/install/fanuc_description/share/fanuc_description/meshes/collision
[0.701s] -- Up-to-date: /workspaces/aprs/aprs_ws/install/fanuc_description/share/fanuc_description/meshes/collision/link_3.stl
[0.701s] -- Up-to-date: /workspaces/aprs/aprs_ws/install/fanuc_description/share/fanuc_description/meshes/collision/link_6.stl
[0.701s] -- Up-to-date: /workspaces/aprs/aprs_ws/install/fanuc_description/share/fanuc_description/meshes/collision/link_4.stl
[0.701s] -- Up-to-date: /workspaces/aprs/aprs_ws/install/fanuc_description/share/fanuc_description/meshes/collision/link_1.stl
[0.701s] -- Up-to-date: /workspaces/aprs/aprs_ws/install/fanuc_description/share/fanuc_description/meshes/collision/link_5.stl
[0.701s] -- Up-to-date: /workspaces/aprs/aprs_ws/install/fanuc_description/share/fanuc_description/meshes/collision/base_link.stl
[0.702s] -- Up-to-date: /workspaces/aprs/aprs_ws/install/fanuc_description/share/fanuc_description/meshes/collision/link_2.stl
[0.702s] -- Up-to-date: /workspaces/aprs/aprs_ws/install/fanuc_description/share/fanuc_description/meshes/visual
[0.702s] -- Up-to-date: /workspaces/aprs/aprs_ws/install/fanuc_description/share/fanuc_description/meshes/visual/link_3.stl
[0.703s] -- Up-to-date: /workspaces/aprs/aprs_ws/install/fanuc_description/share/fanuc_description/meshes/visual/link_6.stl
[0.703s] -- Up-to-date: /workspaces/aprs/aprs_ws/install/fanuc_description/share/fanuc_description/meshes/visual/link_4.stl
[0.703s] -- Up-to-date: /workspaces/aprs/aprs_ws/install/fanuc_description/share/fanuc_description/meshes/visual/link_1.stl
[0.703s] -- Up-to-date: /workspaces/aprs/aprs_ws/install/fanuc_description/share/fanuc_description/meshes/visual/link_5.stl
[0.703s] -- Up-to-date: /workspaces/aprs/aprs_ws/install/fanuc_description/share/fanuc_description/meshes/visual/base_link.stl
[0.704s] -- Up-to-date: /workspaces/aprs/aprs_ws/install/fanuc_description/share/fanuc_description/meshes/visual/link_2.stl
[0.704s] -- Up-to-date: /workspaces/aprs/aprs_ws/install/fanuc_description/share/fanuc_description/urdf
[0.704s] -- Up-to-date: /workspaces/aprs/aprs_ws/install/fanuc_description/share/fanuc_description/urdf/fanuc.urdf.xacro
[0.704s] -- Up-to-date: /workspaces/aprs/aprs_ws/install/fanuc_description/share/fanuc_description/urdf/fanuc.urdf
[0.737s] Invoked command in '/workspaces/aprs/aprs_ws/build/fanuc_description' returned '0': CMAKE_PREFIX_PATH=/opt/ros/rolling /usr/bin/cmake --install /workspaces/aprs/aprs_ws/build/fanuc_description
