Built target ament_cmake_python_copy_motoman_moveit_config
running egg_info
writing motoman_moveit_config.egg-info/PKG-INFO
writing dependency_links to motoman_moveit_config.egg-info/dependency_links.txt
writing top-level names to motoman_moveit_config.egg-info/top_level.txt
reading manifest file 'motoman_moveit_config.egg-info/SOURCES.txt'
writing manifest file 'motoman_moveit_config.egg-info/SOURCES.txt'
running install_scripts
running egg_info
writing motoman_moveit_config.egg-info/PKG-INFO
writing dependency_links to motoman_moveit_config.egg-info/dependency_links.txt
writing top-level names to motoman_moveit_config.egg-info/top_level.txt
reading manifest file 'motoman_moveit_config.egg-info/SOURCES.txt'
writing manifest file 'motoman_moveit_config.egg-info/SOURCES.txt'
Built target ament_cmake_python_build_motoman_moveit_config_egg
Built target ament_cmake_python_build_motoman_moveit_config_scripts
-- Install configuration: ""
-- Up-to-date: /workspaces/aprs/aprs_ws/install/motoman_moveit_config/share/motoman_moveit_config/config
-- Up-to-date: /workspaces/aprs/aprs_ws/install/motoman_moveit_config/share/motoman_moveit_config/config/controller.yaml
-- Up-to-date: /workspaces/aprs/aprs_ws/install/motoman_moveit_config/share/motoman_moveit_config/config/ompl_planning.yaml
-- Up-to-date: /workspaces/aprs/aprs_ws/install/motoman_moveit_config/share/motoman_moveit_config/config/joint_limits.yaml
-- Up-to-date: /workspaces/aprs/aprs_ws/install/motoman_moveit_config/share/motoman_moveit_config/config/kinematics.yaml
-- Up-to-date: /workspaces/aprs/aprs_ws/install/motoman_moveit_config/share/motoman_moveit_config/launch
-- Up-to-date: /workspaces/aprs/aprs_ws/install/motoman_moveit_config/share/motoman_moveit_config/launch/motoman_moveit.launch.py
-- Up-to-date: /workspaces/aprs/aprs_ws/install/motoman_moveit_config/share/motoman_moveit_config/srdf
-- Up-to-date: /workspaces/aprs/aprs_ws/install/motoman_moveit_config/share/motoman_moveit_config/srdf/motoman.srdf
-- Up-to-date: /workspaces/aprs/aprs_ws/install/motoman_moveit_config/share/motoman_moveit_config/rviz
-- Up-to-date: /workspaces/aprs/aprs_ws/install/motoman_moveit_config/share/motoman_moveit_config/rviz/moveit.rviz
-- Up-to-date: /workspaces/aprs/aprs_ws/install/motoman_moveit_config/share/motoman_moveit_config/environment/pythonpath.sh
-- Up-to-date: /workspaces/aprs/aprs_ws/install/motoman_moveit_config/share/motoman_moveit_config/environment/pythonpath.dsv
-- Up-to-date: /workspaces/aprs/aprs_ws/install/motoman_moveit_config/local/lib/python3.10/dist-packages/motoman_moveit_config-0.0.0-py3.10.egg-info
-- Installing: /workspaces/aprs/aprs_ws/install/motoman_moveit_config/local/lib/python3.10/dist-packages/motoman_moveit_config-0.0.0-py3.10.egg-info/dependency_links.txt
-- Installing: /workspaces/aprs/aprs_ws/install/motoman_moveit_config/local/lib/python3.10/dist-packages/motoman_moveit_config-0.0.0-py3.10.egg-info/top_level.txt
-- Installing: /workspaces/aprs/aprs_ws/install/motoman_moveit_config/local/lib/python3.10/dist-packages/motoman_moveit_config-0.0.0-py3.10.egg-info/PKG-INFO
-- Installing: /workspaces/aprs/aprs_ws/install/motoman_moveit_config/local/lib/python3.10/dist-packages/motoman_moveit_config-0.0.0-py3.10.egg-info/SOURCES.txt
-- Up-to-date: /workspaces/aprs/aprs_ws/install/motoman_moveit_config/lib/motoman_moveit_config/
-- Up-to-date: /workspaces/aprs/aprs_ws/install/motoman_moveit_config/local/lib/python3.10/dist-packages/motoman_moveit_config
-- Up-to-date: /workspaces/aprs/aprs_ws/install/motoman_moveit_config/local/lib/python3.10/dist-packages/motoman_moveit_config/parameters.py
-- Up-to-date: /workspaces/aprs/aprs_ws/install/motoman_moveit_config/local/lib/python3.10/dist-packages/motoman_moveit_config/__init__.py
Listing '/workspaces/aprs/aprs_ws/install/motoman_moveit_config/local/lib/python3.10/dist-packages/motoman_moveit_config'...
-- Up-to-date: /workspaces/aprs/aprs_ws/install/motoman_moveit_config/share/ament_index/resource_index/package_run_dependencies/motoman_moveit_config
-- Up-to-date: /workspaces/aprs/aprs_ws/install/motoman_moveit_config/share/ament_index/resource_index/parent_prefix_path/motoman_moveit_config
-- Up-to-date: /workspaces/aprs/aprs_ws/install/motoman_moveit_config/share/motoman_moveit_config/environment/ament_prefix_path.sh
-- Up-to-date: /workspaces/aprs/aprs_ws/install/motoman_moveit_config/share/motoman_moveit_config/environment/ament_prefix_path.dsv
-- Up-to-date: /workspaces/aprs/aprs_ws/install/motoman_moveit_config/share/motoman_moveit_config/environment/path.sh
-- Up-to-date: /workspaces/aprs/aprs_ws/install/motoman_moveit_config/share/motoman_moveit_config/environment/path.dsv
-- Up-to-date: /workspaces/aprs/aprs_ws/install/motoman_moveit_config/share/motoman_moveit_config/local_setup.bash
-- Up-to-date: /workspaces/aprs/aprs_ws/install/motoman_moveit_config/share/motoman_moveit_config/local_setup.sh
-- Up-to-date: /workspaces/aprs/aprs_ws/install/motoman_moveit_config/share/motoman_moveit_config/local_setup.zsh
-- Up-to-date: /workspaces/aprs/aprs_ws/install/motoman_moveit_config/share/motoman_moveit_config/local_setup.dsv
-- Installing: /workspaces/aprs/aprs_ws/install/motoman_moveit_config/share/motoman_moveit_config/package.dsv
-- Up-to-date: /workspaces/aprs/aprs_ws/install/motoman_moveit_config/share/ament_index/resource_index/packages/motoman_moveit_config
-- Up-to-date: /workspaces/aprs/aprs_ws/install/motoman_moveit_config/share/motoman_moveit_config/cmake/motoman_moveit_configConfig.cmake
-- Up-to-date: /workspaces/aprs/aprs_ws/install/motoman_moveit_config/share/motoman_moveit_config/cmake/motoman_moveit_configConfig-version.cmake
-- Up-to-date: /workspaces/aprs/aprs_ws/install/motoman_moveit_config/share/motoman_moveit_config/package.xml
