[0.733s] Invoking command in '/workspaces/aprs/aprs_ws/build/aprs_moveit_config': CMAKE_PREFIX_PATH=/workspaces/aprs/aprs_ws/install/ur_description:/workspaces/aprs/aprs_ws/install/worlds:/workspaces/aprs/aprs_ws/install/workbench_description:/workspaces/aprs/aprs_ws/install/vaccum_description:/workspaces/aprs/aprs_ws/install/ur_setup:/workspaces/aprs/aprs_ws/install/ur:/workspaces/aprs/aprs_ws/install/ur_calibration:/workspaces/aprs/aprs_ws/install/ur_robot_driver:/workspaces/aprs/aprs_ws/install/ur_bringup:/workspaces/aprs/aprs_ws/install/ur_controllers:/workspaces/aprs/aprs_ws/install/ur_msgs:/workspaces/aprs/aprs_ws/install/ur_moveit_config:/workspaces/aprs/aprs_ws/install/ur_gz:/workspaces/aprs/aprs_ws/install/ur_description__:/workspaces/aprs/aprs_ws/install/ur5e_moveit_config:/workspaces/aprs/aprs_ws/install/panda_moveit_config:/workspaces/aprs/aprs_ws/install/motoman_moveit_config:/workspaces/aprs/aprs_ws/install/fanuc_moveit_config:/workspaces/aprs/aprs_ws/install/aprs_moveit_config:/workspaces/aprs/aprs_ws/install/ur_dashboard_msgs:/workspaces/aprs/aprs_ws/install/ur_client_library:/workspaces/aprs/aprs_ws/install/table_description:/workspaces/aprs/aprs_ws/install/ros_gz_example_gazebo:/workspaces/aprs/aprs_ws/install/point_cloud:/workspaces/aprs/aprs_ws/install/realsense2_description:/workspaces/aprs/aprs_ws/install/panda_description:/workspaces/aprs/aprs_ws/install/motoman_gz:/workspaces/aprs/aprs_ws/install/motoman_description:/workspaces/aprs/aprs_ws/install/ign_ros2_control_demos:/workspaces/aprs/aprs_ws/install/gz_ros2_control_tests:/workspaces/aprs/aprs_ws/install/ign_ros2_control:/workspaces/aprs/aprs_ws/install/franka_setup:/workspaces/aprs/aprs_ws/install/franka_gz:/workspaces/aprs/aprs_ws/install/fanuc_gz:/workspaces/aprs/aprs_ws/install/fanuc_description:/workspaces/aprs/aprs_ws/install/camera_mount:/workspaces/aprs/aprs_ws/install/aprs_lab:/workspaces/aprs/aprs_ws/install/aprs_gazebo:/opt/ros/humble /usr/bin/cmake --build /workspaces/aprs/aprs_ws/build/aprs_moveit_config -- -j16 -l16
[0.886s] Built target ament_cmake_python_copy_aprs_moveit_config
[1.045s] running egg_info
[1.045s] running install_scripts
[1.046s] writing aprs_moveit_config.egg-info/PKG-INFO
[1.046s] writing dependency_links to aprs_moveit_config.egg-info/dependency_links.txt
[1.046s] writing top-level names to aprs_moveit_config.egg-info/top_level.txt
[1.048s] /usr/lib/python3/dist-packages/setuptools/command/install.py:34: SetuptoolsDeprecationWarning: setup.py install is deprecated. Use build and pip and other standards-based tools.
[1.049s]   warnings.warn(
[1.049s] reading manifest file 'aprs_moveit_config.egg-info/SOURCES.txt'
[1.050s] writing manifest file 'aprs_moveit_config.egg-info/SOURCES.txt'
[1.073s] running egg_info
[1.073s] writing aprs_moveit_config.egg-info/PKG-INFO
[1.073s] writing dependency_links to aprs_moveit_config.egg-info/dependency_links.txt
[1.074s] writing top-level names to aprs_moveit_config.egg-info/top_level.txt
[1.075s] reading manifest file 'aprs_moveit_config.egg-info/SOURCES.txt'
[1.077s] writing manifest file 'aprs_moveit_config.egg-info/SOURCES.txt'
[1.093s] Built target ament_cmake_python_build_aprs_moveit_config_egg
[1.145s] Built target ament_cmake_python_build_aprs_moveit_config_scripts
[1.402s] Invoked command in '/workspaces/aprs/aprs_ws/build/aprs_moveit_config' returned '0': CMAKE_PREFIX_PATH=/workspaces/aprs/aprs_ws/install/ur_description:/workspaces/aprs/aprs_ws/install/worlds:/workspaces/aprs/aprs_ws/install/workbench_description:/workspaces/aprs/aprs_ws/install/vaccum_description:/workspaces/aprs/aprs_ws/install/ur_setup:/workspaces/aprs/aprs_ws/install/ur:/workspaces/aprs/aprs_ws/install/ur_calibration:/workspaces/aprs/aprs_ws/install/ur_robot_driver:/workspaces/aprs/aprs_ws/install/ur_bringup:/workspaces/aprs/aprs_ws/install/ur_controllers:/workspaces/aprs/aprs_ws/install/ur_msgs:/workspaces/aprs/aprs_ws/install/ur_moveit_config:/workspaces/aprs/aprs_ws/install/ur_gz:/workspaces/aprs/aprs_ws/install/ur_description__:/workspaces/aprs/aprs_ws/install/ur5e_moveit_config:/workspaces/aprs/aprs_ws/install/panda_moveit_config:/workspaces/aprs/aprs_ws/install/motoman_moveit_config:/workspaces/aprs/aprs_ws/install/fanuc_moveit_config:/workspaces/aprs/aprs_ws/install/aprs_moveit_config:/workspaces/aprs/aprs_ws/install/ur_dashboard_msgs:/workspaces/aprs/aprs_ws/install/ur_client_library:/workspaces/aprs/aprs_ws/install/table_description:/workspaces/aprs/aprs_ws/install/ros_gz_example_gazebo:/workspaces/aprs/aprs_ws/install/point_cloud:/workspaces/aprs/aprs_ws/install/realsense2_description:/workspaces/aprs/aprs_ws/install/panda_description:/workspaces/aprs/aprs_ws/install/motoman_gz:/workspaces/aprs/aprs_ws/install/motoman_description:/workspaces/aprs/aprs_ws/install/ign_ros2_control_demos:/workspaces/aprs/aprs_ws/install/gz_ros2_control_tests:/workspaces/aprs/aprs_ws/install/ign_ros2_control:/workspaces/aprs/aprs_ws/install/franka_setup:/workspaces/aprs/aprs_ws/install/franka_gz:/workspaces/aprs/aprs_ws/install/fanuc_gz:/workspaces/aprs/aprs_ws/install/fanuc_description:/workspaces/aprs/aprs_ws/install/camera_mount:/workspaces/aprs/aprs_ws/install/aprs_lab:/workspaces/aprs/aprs_ws/install/aprs_gazebo:/opt/ros/humble /usr/bin/cmake --build /workspaces/aprs/aprs_ws/build/aprs_moveit_config -- -j16 -l16
[2.104s] Invoking command in '/workspaces/aprs/aprs_ws/build/aprs_moveit_config': CMAKE_PREFIX_PATH=/workspaces/aprs/aprs_ws/install/ur_description:/workspaces/aprs/aprs_ws/install/worlds:/workspaces/aprs/aprs_ws/install/workbench_description:/workspaces/aprs/aprs_ws/install/vaccum_description:/workspaces/aprs/aprs_ws/install/ur_setup:/workspaces/aprs/aprs_ws/install/ur:/workspaces/aprs/aprs_ws/install/ur_calibration:/workspaces/aprs/aprs_ws/install/ur_robot_driver:/workspaces/aprs/aprs_ws/install/ur_bringup:/workspaces/aprs/aprs_ws/install/ur_controllers:/workspaces/aprs/aprs_ws/install/ur_msgs:/workspaces/aprs/aprs_ws/install/ur_moveit_config:/workspaces/aprs/aprs_ws/install/ur_gz:/workspaces/aprs/aprs_ws/install/ur_description__:/workspaces/aprs/aprs_ws/install/ur5e_moveit_config:/workspaces/aprs/aprs_ws/install/panda_moveit_config:/workspaces/aprs/aprs_ws/install/motoman_moveit_config:/workspaces/aprs/aprs_ws/install/fanuc_moveit_config:/workspaces/aprs/aprs_ws/install/aprs_moveit_config:/workspaces/aprs/aprs_ws/install/ur_dashboard_msgs:/workspaces/aprs/aprs_ws/install/ur_client_library:/workspaces/aprs/aprs_ws/install/table_description:/workspaces/aprs/aprs_ws/install/ros_gz_example_gazebo:/workspaces/aprs/aprs_ws/install/point_cloud:/workspaces/aprs/aprs_ws/install/realsense2_description:/workspaces/aprs/aprs_ws/install/panda_description:/workspaces/aprs/aprs_ws/install/motoman_gz:/workspaces/aprs/aprs_ws/install/motoman_description:/workspaces/aprs/aprs_ws/install/ign_ros2_control_demos:/workspaces/aprs/aprs_ws/install/gz_ros2_control_tests:/workspaces/aprs/aprs_ws/install/ign_ros2_control:/workspaces/aprs/aprs_ws/install/franka_setup:/workspaces/aprs/aprs_ws/install/franka_gz:/workspaces/aprs/aprs_ws/install/fanuc_gz:/workspaces/aprs/aprs_ws/install/fanuc_description:/workspaces/aprs/aprs_ws/install/camera_mount:/workspaces/aprs/aprs_ws/install/aprs_lab:/workspaces/aprs/aprs_ws/install/aprs_gazebo:/opt/ros/humble /usr/bin/cmake --install /workspaces/aprs/aprs_ws/build/aprs_moveit_config
[2.390s] -- Install configuration: ""
[2.391s] -- Up-to-date: /workspaces/aprs/aprs_ws/install/aprs_moveit_config/share/aprs_moveit_config/config
[2.391s] -- Up-to-date: /workspaces/aprs/aprs_ws/install/aprs_moveit_config/share/aprs_moveit_config/config/ompl_planning.yaml
[2.392s] -- Up-to-date: /workspaces/aprs/aprs_ws/install/aprs_moveit_config/share/aprs_moveit_config/config/kinematics.yaml
[2.392s] -- Up-to-date: /workspaces/aprs/aprs_ws/install/aprs_moveit_config/share/aprs_moveit_config/config/controllers.yaml
[2.392s] -- Up-to-date: /workspaces/aprs/aprs_ws/install/aprs_moveit_config/share/aprs_moveit_config/launch
[2.392s] -- Up-to-date: /workspaces/aprs/aprs_ws/install/aprs_moveit_config/share/aprs_moveit_config/launch/aprs_moveit.launch.py
[2.392s] -- Up-to-date: /workspaces/aprs/aprs_ws/install/aprs_moveit_config/share/aprs_moveit_config/srdf
[2.392s] -- Up-to-date: /workspaces/aprs/aprs_ws/install/aprs_moveit_config/share/aprs_moveit_config/srdf/aprs_robots.srdf
[2.392s] -- Up-to-date: /workspaces/aprs/aprs_ws/install/aprs_moveit_config/share/aprs_moveit_config/rviz
[2.392s] -- Up-to-date: /workspaces/aprs/aprs_ws/install/aprs_moveit_config/share/aprs_moveit_config/rviz/moveit.rviz
[2.392s] -- Up-to-date: /workspaces/aprs/aprs_ws/install/aprs_moveit_config/share/aprs_moveit_config/environment/pythonpath.sh
[2.393s] -- Up-to-date: /workspaces/aprs/aprs_ws/install/aprs_moveit_config/share/aprs_moveit_config/environment/pythonpath.dsv
[2.393s] -- Up-to-date: /workspaces/aprs/aprs_ws/install/aprs_moveit_config/local/lib/python3.10/dist-packages/aprs_moveit_config-0.0.0-py3.10.egg-info
[2.393s] -- Installing: /workspaces/aprs/aprs_ws/install/aprs_moveit_config/local/lib/python3.10/dist-packages/aprs_moveit_config-0.0.0-py3.10.egg-info/dependency_links.txt
[2.393s] -- Installing: /workspaces/aprs/aprs_ws/install/aprs_moveit_config/local/lib/python3.10/dist-packages/aprs_moveit_config-0.0.0-py3.10.egg-info/top_level.txt
[2.393s] -- Installing: /workspaces/aprs/aprs_ws/install/aprs_moveit_config/local/lib/python3.10/dist-packages/aprs_moveit_config-0.0.0-py3.10.egg-info/PKG-INFO
[2.393s] -- Installing: /workspaces/aprs/aprs_ws/install/aprs_moveit_config/local/lib/python3.10/dist-packages/aprs_moveit_config-0.0.0-py3.10.egg-info/SOURCES.txt
[2.394s] -- Up-to-date: /workspaces/aprs/aprs_ws/install/aprs_moveit_config/lib/aprs_moveit_config/
[2.394s] -- Up-to-date: /workspaces/aprs/aprs_ws/install/aprs_moveit_config/local/lib/python3.10/dist-packages/aprs_moveit_config
[2.394s] -- Up-to-date: /workspaces/aprs/aprs_ws/install/aprs_moveit_config/local/lib/python3.10/dist-packages/aprs_moveit_config/parameters.py
[2.394s] -- Up-to-date: /workspaces/aprs/aprs_ws/install/aprs_moveit_config/local/lib/python3.10/dist-packages/aprs_moveit_config/__init__.py
[2.394s] Listing '/workspaces/aprs/aprs_ws/install/aprs_moveit_config/local/lib/python3.10/dist-packages/aprs_moveit_config'...
[2.394s] -- Up-to-date: /workspaces/aprs/aprs_ws/install/aprs_moveit_config/share/ament_index/resource_index/package_run_dependencies/aprs_moveit_config
[2.395s] -- Up-to-date: /workspaces/aprs/aprs_ws/install/aprs_moveit_config/share/ament_index/resource_index/parent_prefix_path/aprs_moveit_config
[2.395s] -- Up-to-date: /workspaces/aprs/aprs_ws/install/aprs_moveit_config/share/aprs_moveit_config/environment/ament_prefix_path.sh
[2.395s] -- Up-to-date: /workspaces/aprs/aprs_ws/install/aprs_moveit_config/share/aprs_moveit_config/environment/ament_prefix_path.dsv
[2.395s] -- Up-to-date: /workspaces/aprs/aprs_ws/install/aprs_moveit_config/share/aprs_moveit_config/environment/path.sh
[2.395s] -- Up-to-date: /workspaces/aprs/aprs_ws/install/aprs_moveit_config/share/aprs_moveit_config/environment/path.dsv
[2.395s] -- Up-to-date: /workspaces/aprs/aprs_ws/install/aprs_moveit_config/share/aprs_moveit_config/local_setup.bash
[2.395s] -- Up-to-date: /workspaces/aprs/aprs_ws/install/aprs_moveit_config/share/aprs_moveit_config/local_setup.sh
[2.396s] -- Up-to-date: /workspaces/aprs/aprs_ws/install/aprs_moveit_config/share/aprs_moveit_config/local_setup.zsh
[2.396s] -- Up-to-date: /workspaces/aprs/aprs_ws/install/aprs_moveit_config/share/aprs_moveit_config/local_setup.dsv
[2.396s] -- Installing: /workspaces/aprs/aprs_ws/install/aprs_moveit_config/share/aprs_moveit_config/package.dsv
[2.396s] -- Up-to-date: /workspaces/aprs/aprs_ws/install/aprs_moveit_config/share/ament_index/resource_index/packages/aprs_moveit_config
[2.396s] -- Up-to-date: /workspaces/aprs/aprs_ws/install/aprs_moveit_config/share/aprs_moveit_config/cmake/aprs_moveit_configConfig.cmake
[2.396s] -- Up-to-date: /workspaces/aprs/aprs_ws/install/aprs_moveit_config/share/aprs_moveit_config/cmake/aprs_moveit_configConfig-version.cmake
[2.397s] -- Up-to-date: /workspaces/aprs/aprs_ws/install/aprs_moveit_config/share/aprs_moveit_config/package.xml
[2.819s] Invoked command in '/workspaces/aprs/aprs_ws/build/aprs_moveit_config' returned '0': CMAKE_PREFIX_PATH=/workspaces/aprs/aprs_ws/install/ur_description:/workspaces/aprs/aprs_ws/install/worlds:/workspaces/aprs/aprs_ws/install/workbench_description:/workspaces/aprs/aprs_ws/install/vaccum_description:/workspaces/aprs/aprs_ws/install/ur_setup:/workspaces/aprs/aprs_ws/install/ur:/workspaces/aprs/aprs_ws/install/ur_calibration:/workspaces/aprs/aprs_ws/install/ur_robot_driver:/workspaces/aprs/aprs_ws/install/ur_bringup:/workspaces/aprs/aprs_ws/install/ur_controllers:/workspaces/aprs/aprs_ws/install/ur_msgs:/workspaces/aprs/aprs_ws/install/ur_moveit_config:/workspaces/aprs/aprs_ws/install/ur_gz:/workspaces/aprs/aprs_ws/install/ur_description__:/workspaces/aprs/aprs_ws/install/ur5e_moveit_config:/workspaces/aprs/aprs_ws/install/panda_moveit_config:/workspaces/aprs/aprs_ws/install/motoman_moveit_config:/workspaces/aprs/aprs_ws/install/fanuc_moveit_config:/workspaces/aprs/aprs_ws/install/aprs_moveit_config:/workspaces/aprs/aprs_ws/install/ur_dashboard_msgs:/workspaces/aprs/aprs_ws/install/ur_client_library:/workspaces/aprs/aprs_ws/install/table_description:/workspaces/aprs/aprs_ws/install/ros_gz_example_gazebo:/workspaces/aprs/aprs_ws/install/point_cloud:/workspaces/aprs/aprs_ws/install/realsense2_description:/workspaces/aprs/aprs_ws/install/panda_description:/workspaces/aprs/aprs_ws/install/motoman_gz:/workspaces/aprs/aprs_ws/install/motoman_description:/workspaces/aprs/aprs_ws/install/ign_ros2_control_demos:/workspaces/aprs/aprs_ws/install/gz_ros2_control_tests:/workspaces/aprs/aprs_ws/install/ign_ros2_control:/workspaces/aprs/aprs_ws/install/franka_setup:/workspaces/aprs/aprs_ws/install/franka_gz:/workspaces/aprs/aprs_ws/install/fanuc_gz:/workspaces/aprs/aprs_ws/install/fanuc_description:/workspaces/aprs/aprs_ws/install/camera_mount:/workspaces/aprs/aprs_ws/install/aprs_lab:/workspaces/aprs/aprs_ws/install/aprs_gazebo:/opt/ros/humble /usr/bin/cmake --install /workspaces/aprs/aprs_ws/build/aprs_moveit_config
