[0.554s] Invoking command in '/workspaces/aprs/aprs_ws/build/panda_description': CMAKE_PREFIX_PATH=${CMAKE_PREFIX_PATH}:/opt/ros/humble /usr/bin/cmake --build /workspaces/aprs/aprs_ws/build/panda_description -- -j16 -l16
[0.712s] Invoked command in '/workspaces/aprs/aprs_ws/build/panda_description' returned '0': CMAKE_PREFIX_PATH=${CMAKE_PREFIX_PATH}:/opt/ros/humble /usr/bin/cmake --build /workspaces/aprs/aprs_ws/build/panda_description -- -j16 -l16
[0.796s] Invoking command in '/workspaces/aprs/aprs_ws/build/panda_description': CMAKE_PREFIX_PATH=${CMAKE_PREFIX_PATH}:/opt/ros/humble /usr/bin/cmake --install /workspaces/aprs/aprs_ws/build/panda_description
[0.814s] -- Install configuration: ""
[0.814s] -- Up-to-date: /workspaces/aprs/aprs_ws/install/panda_description/share/panda_description/config
[0.815s] -- Up-to-date: /workspaces/aprs/aprs_ws/install/panda_description/share/panda_description/config/initial_joint_positions.yaml
[0.816s] -- Up-to-date: /workspaces/aprs/aprs_ws/install/panda_description/share/panda_description/config/joint_limits.yaml
[0.818s] -- Up-to-date: /workspaces/aprs/aprs_ws/install/panda_description/share/panda_description/meshes
[0.819s] -- Up-to-date: /workspaces/aprs/aprs_ws/install/panda_description/share/panda_description/meshes/visual
[0.819s] -- Up-to-date: /workspaces/aprs/aprs_ws/install/panda_description/share/panda_description/meshes/visual/link5.dae
[0.822s] -- Up-to-date: /workspaces/aprs/aprs_ws/install/panda_description/share/panda_description/meshes/visual/link1.dae
[0.822s] -- Up-to-date: /workspaces/aprs/aprs_ws/install/panda_description/share/panda_description/meshes/visual/link0.dae
[0.822s] -- Up-to-date: /workspaces/aprs/aprs_ws/install/panda_description/share/panda_description/meshes/visual/link4.dae
[0.823s] -- Up-to-date: /workspaces/aprs/aprs_ws/install/panda_description/share/panda_description/meshes/visual/finger.dae
[0.823s] -- Up-to-date: /workspaces/aprs/aprs_ws/install/panda_description/share/panda_description/meshes/visual/link2.dae
[0.823s] -- Up-to-date: /workspaces/aprs/aprs_ws/install/panda_description/share/panda_description/meshes/visual/link3.dae
[0.823s] -- Up-to-date: /workspaces/aprs/aprs_ws/install/panda_description/share/panda_description/meshes/visual/link6.dae
[0.823s] -- Up-to-date: /workspaces/aprs/aprs_ws/install/panda_description/share/panda_description/meshes/visual/hand.dae
[0.824s] -- Up-to-date: /workspaces/aprs/aprs_ws/install/panda_description/share/panda_description/meshes/visual/link7.dae
[0.824s] -- Up-to-date: /workspaces/aprs/aprs_ws/install/panda_description/share/panda_description/meshes/collision
[0.824s] -- Up-to-date: /workspaces/aprs/aprs_ws/install/panda_description/share/panda_description/meshes/collision/link1.stl
[0.824s] -- Up-to-date: /workspaces/aprs/aprs_ws/install/panda_description/share/panda_description/meshes/collision/link0.stl
[0.824s] -- Up-to-date: /workspaces/aprs/aprs_ws/install/panda_description/share/panda_description/meshes/collision/finger.stl
[0.824s] -- Up-to-date: /workspaces/aprs/aprs_ws/install/panda_description/share/panda_description/meshes/collision/link3.stl
[0.824s] -- Up-to-date: /workspaces/aprs/aprs_ws/install/panda_description/share/panda_description/meshes/collision/link7.stl
[0.824s] -- Up-to-date: /workspaces/aprs/aprs_ws/install/panda_description/share/panda_description/meshes/collision/link2.stl
[0.824s] -- Up-to-date: /workspaces/aprs/aprs_ws/install/panda_description/share/panda_description/meshes/collision/link4.stl
[0.827s] -- Up-to-date: /workspaces/aprs/aprs_ws/install/panda_description/share/panda_description/meshes/collision/hand.stl
[0.827s] -- Up-to-date: /workspaces/aprs/aprs_ws/install/panda_description/share/panda_description/meshes/collision/link6.stl
[0.827s] -- Up-to-date: /workspaces/aprs/aprs_ws/install/panda_description/share/panda_description/meshes/collision/link5.stl
[0.827s] -- Up-to-date: /workspaces/aprs/aprs_ws/install/panda_description/share/panda_description/urdf
[0.827s] -- Up-to-date: /workspaces/aprs/aprs_ws/install/panda_description/share/panda_description/urdf/panda_inertial.xacro
[0.827s] -- Up-to-date: /workspaces/aprs/aprs_ws/install/panda_description/share/panda_description/urdf/panda_arm.xacro
[0.828s] -- Up-to-date: /workspaces/aprs/aprs_ws/install/panda_description/share/panda_description/urdf/panda_gripper.xacro
[0.828s] -- Up-to-date: /workspaces/aprs/aprs_ws/install/panda_description/share/panda_description/urdf/panda.urdf
[0.828s] -- Up-to-date: /workspaces/aprs/aprs_ws/install/panda_description/share/panda_description/urdf/panda.urdf.xacro
[0.828s] -- Up-to-date: /workspaces/aprs/aprs_ws/install/panda_description/share/panda_description/urdf/panda_utils.xacro
[0.828s] -- Up-to-date: /workspaces/aprs/aprs_ws/install/panda_description/share/panda_description/urdf/panda.gazebo
[0.828s] -- Up-to-date: /workspaces/aprs/aprs_ws/install/panda_description/share/panda_description/urdf/panda.ros2_control
[0.828s] -- Up-to-date: /workspaces/aprs/aprs_ws/install/panda_description/share/panda_description/hooks
[0.828s] -- Up-to-date: /workspaces/aprs/aprs_ws/install/panda_description/share/panda_description/hooks/panda_description.sh.in
[0.828s] -- Up-to-date: /workspaces/aprs/aprs_ws/install/panda_description/share/panda_description/hooks/panda_description.dsv.in
[0.830s] -- Up-to-date: /workspaces/aprs/aprs_ws/install/panda_description/share/panda_description/environment/panda_description.dsv
[0.830s] -- Up-to-date: /workspaces/aprs/aprs_ws/install/panda_description/share/panda_description/environment/panda_description.sh
[0.830s] -- Up-to-date: /workspaces/aprs/aprs_ws/install/panda_description/share/ament_index/resource_index/package_run_dependencies/panda_description
[0.830s] -- Up-to-date: /workspaces/aprs/aprs_ws/install/panda_description/share/ament_index/resource_index/parent_prefix_path/panda_description
[0.830s] -- Up-to-date: /workspaces/aprs/aprs_ws/install/panda_description/share/panda_description/environment/ament_prefix_path.sh
[0.830s] -- Up-to-date: /workspaces/aprs/aprs_ws/install/panda_description/share/panda_description/environment/ament_prefix_path.dsv
[0.830s] -- Up-to-date: /workspaces/aprs/aprs_ws/install/panda_description/share/panda_description/environment/path.sh
[0.838s] -- Up-to-date: /workspaces/aprs/aprs_ws/install/panda_description/share/panda_description/environment/path.dsv
[0.839s] -- Up-to-date: /workspaces/aprs/aprs_ws/install/panda_description/share/panda_description/local_setup.bash
[0.840s] -- Up-to-date: /workspaces/aprs/aprs_ws/install/panda_description/share/panda_description/local_setup.sh
[0.840s] -- Up-to-date: /workspaces/aprs/aprs_ws/install/panda_description/share/panda_description/local_setup.zsh
[0.840s] -- Up-to-date: /workspaces/aprs/aprs_ws/install/panda_description/share/panda_description/local_setup.dsv
[0.841s] -- Installing: /workspaces/aprs/aprs_ws/install/panda_description/share/panda_description/package.dsv
[0.841s] -- Up-to-date: /workspaces/aprs/aprs_ws/install/panda_description/share/ament_index/resource_index/packages/panda_description
[0.841s] -- Up-to-date: /workspaces/aprs/aprs_ws/install/panda_description/share/panda_description/cmake/panda_descriptionConfig.cmake
[0.841s] -- Up-to-date: /workspaces/aprs/aprs_ws/install/panda_description/share/panda_description/cmake/panda_descriptionConfig-version.cmake
[0.841s] -- Up-to-date: /workspaces/aprs/aprs_ws/install/panda_description/share/panda_description/package.xml
[0.950s] Invoked command in '/workspaces/aprs/aprs_ws/build/panda_description' returned '0': CMAKE_PREFIX_PATH=${CMAKE_PREFIX_PATH}:/opt/ros/humble /usr/bin/cmake --install /workspaces/aprs/aprs_ws/build/panda_description
