[0.010s] Invoking command in '/home/aprs/aprs/aprs_ws/build/point_cloud': CMAKE_PREFIX_PATH=/home/aprs/aprs/aprs_ws/install/realsense2_description:/home/aprs/aprs/aprs_ws/install/realsense2_camera:/home/aprs/aprs/aprs_ws/install/realsense2_camera_msgs:/home/aprs/aprs/aprs_ws/install/worlds:/home/aprs/aprs/aprs_ws/install/workbench_description:/home/aprs/aprs/aprs_ws/install/vaccum_description:/home/aprs/aprs/aprs_ws/install/ur_setup:/home/aprs/aprs/aprs_ws/install/ur:/home/aprs/aprs/aprs_ws/install/ur_calibration:/home/aprs/aprs/aprs_ws/install/ur_robot_driver:/home/aprs/aprs/aprs_ws/install/ur_bringup:/home/aprs/aprs/aprs_ws/install/ur_controllers:/home/aprs/aprs/aprs_ws/install/ur_msgs:/home/aprs/aprs/aprs_ws/install/ur_moveit_config:/home/aprs/aprs/aprs_ws/install/ur_gz:/home/aprs/aprs/aprs_ws/install/ur_description_gz:/home/aprs/aprs/aprs_ws/install/ur5e_moveit_config:/home/aprs/aprs/aprs_ws/install/panda_moveit_config:/home/aprs/aprs/aprs_ws/install/ur_description:/home/aprs/aprs/aprs_ws/install/ur_dashboard_msgs:/home/aprs/aprs/aprs_ws/install/ur_client_library:/home/aprs/aprs/aprs_ws/install/table_description:/home/aprs/aprs/aprs_ws/install/point_cloud:/home/aprs/aprs/aprs_ws/install/gear_place:/home/aprs/aprs/aprs_ws/install/panda_description:/home/aprs/aprs/aprs_ws/install/ign_ros2_control_demos:/home/aprs/aprs/aprs_ws/install/gz_ros2_control_tests:/home/aprs/aprs/aprs_ws/install/ign_ros2_control:/home/aprs/aprs/aprs_ws/install/franka_setup:/home/aprs/aprs/aprs_ws/install/franka_gz:/home/aprs/aprs/aprs_ws/install/fanuc_moveit_config:/home/aprs/aprs/aprs_ws/install/fanuc_description:/home/aprs/aprs/aprs_ws/install/conveyor_interfaces:/home/aprs/aprs/aprs_ws/install/camera_mount:/home/aprs/aprs/aprs_ws/install/conveyor_controller:/opt/ros/humble LD_LIBRARY_PATH=/home/aprs/aprs/aprs_ws/install/realsense2_camera/lib:/home/aprs/aprs/aprs_ws/install/realsense2_camera_msgs/lib:/home/aprs/aprs/aprs_ws/install/ur_robot_driver/lib:/home/aprs/aprs/aprs_ws/install/ur_controllers/lib:/home/aprs/aprs/aprs_ws/install/ur_msgs/lib:/home/aprs/aprs/aprs_ws/install/ur_dashboard_msgs/lib:/home/aprs/aprs/aprs_ws/install/ur_client_library/lib:/home/aprs/aprs/aprs_ws/install/point_cloud/lib:/home/aprs/aprs/aprs_ws/install/ign_ros2_control/lib:/home/aprs/aprs/aprs_ws/install/conveyor_interfaces/lib:/opt/ros/humble/opt/rviz_ogre_vendor/lib:/opt/ros/humble/lib/x86_64-linux-gnu:/opt/ros/humble/lib /usr/bin/cmake /home/aprs/aprs/aprs_ws/src/point_cloud -DCMAKE_INSTALL_PREFIX=/home/aprs/aprs/aprs_ws/install/point_cloud
[0.043s] -- The C compiler identification is GNU 11.4.0
[0.078s] -- The CXX compiler identification is GNU 11.4.0
[0.084s] -- Detecting C compiler ABI info
[0.128s] -- Detecting C compiler ABI info - done
[0.132s] -- Check for working C compiler: /usr/bin/cc - skipped
[0.132s] -- Detecting C compile features
[0.133s] -- Detecting C compile features - done
[0.135s] -- Detecting CXX compiler ABI info
[0.182s] -- Detecting CXX compiler ABI info - done
[0.186s] -- Check for working CXX compiler: /usr/bin/c++ - skipped
[0.186s] -- Detecting CXX compile features
[0.186s] -- Detecting CXX compile features - done
[0.190s] -- Found ament_cmake: 1.3.5 (/opt/ros/humble/share/ament_cmake/cmake)
[0.308s] -- Found Python3: /usr/bin/python3.10 (found version "3.10.12") found components: Interpreter 
[0.387s] -- Found rclcpp: 16.0.5 (/opt/ros/humble/share/rclcpp/cmake)
[0.432s] -- Found rosidl_generator_c: 3.1.5 (/opt/ros/humble/share/rosidl_generator_c/cmake)
[0.438s] -- Found rosidl_adapter: 3.1.5 (/opt/ros/humble/share/rosidl_adapter/cmake)
[0.446s] -- Found rosidl_generator_cpp: 3.1.5 (/opt/ros/humble/share/rosidl_generator_cpp/cmake)
[0.458s] -- Using all available rosidl_typesupport_c: rosidl_typesupport_fastrtps_c;rosidl_typesupport_introspection_c
[0.474s] -- Using all available rosidl_typesupport_cpp: rosidl_typesupport_fastrtps_cpp;rosidl_typesupport_introspection_cpp
[0.531s] -- Found rmw_implementation_cmake: 6.1.1 (/opt/ros/humble/share/rmw_implementation_cmake/cmake)
[0.535s] -- Found rmw_fastrtps_cpp: 6.2.3 (/opt/ros/humble/share/rmw_fastrtps_cpp/cmake)
[0.608s] -- Found OpenSSL: /usr/lib/x86_64-linux-gnu/libcrypto.so (found version "3.0.2")  
[0.629s] -- Found FastRTPS: /opt/ros/humble/include  
[0.664s] -- Using RMW implementation 'rmw_fastrtps_cpp' as default
[0.674s] -- Looking for pthread.h
[0.718s] -- Looking for pthread.h - found
[0.718s] -- Performing Test CMAKE_HAVE_LIBC_PTHREAD
[0.763s] -- Performing Test CMAKE_HAVE_LIBC_PTHREAD - Success
[0.764s] -- Found Threads: TRUE  
[0.867s] -- Found rclpy: 3.3.9 (/opt/ros/humble/share/rclpy/cmake)
[0.870s] -- Found tf2_kdl: 0.25.3 (/opt/ros/humble/share/tf2_kdl/cmake)
[0.917s] -- Found eigen3_cmake_module: 0.1.1 (/opt/ros/humble/share/eigen3_cmake_module/cmake)
[0.918s] -- Found Eigen3: TRUE (found version "3.4.0") 
[0.918s] -- Ensuring Eigen3 include directory is part of orocos-kdl CMake target
[1.161s] -- Found OpenCV: /usr (found version "4.5.4") 
[1.163s] -- Found cv_bridge: 3.2.1 (/opt/ros/humble/share/cv_bridge/cmake)
[1.224s] -- Found kdl_parser: 2.6.4 (/opt/ros/humble/share/kdl_parser/cmake)
[1.283s] -- Found ament_lint_auto: 0.12.7 (/opt/ros/humble/share/ament_lint_auto/cmake)
[1.343s] -- Added test 'flake8' to check Python code syntax and style conventions
[1.344s] -- Added test 'lint_cmake' to check CMake code style
[1.344s] -- Added test 'pep257' to check Python code against some of the docstring style conventions in PEP 257
[1.345s] -- Added test 'xmllint' to check XML markup files
[1.347s] -- Configuring done
[1.351s] -- Generating done
[1.352s] -- Build files have been written to: /home/aprs/aprs/aprs_ws/build/point_cloud
[1.360s] Invoked command in '/home/aprs/aprs/aprs_ws/build/point_cloud' returned '0': CMAKE_PREFIX_PATH=/home/aprs/aprs/aprs_ws/install/realsense2_description:/home/aprs/aprs/aprs_ws/install/realsense2_camera:/home/aprs/aprs/aprs_ws/install/realsense2_camera_msgs:/home/aprs/aprs/aprs_ws/install/worlds:/home/aprs/aprs/aprs_ws/install/workbench_description:/home/aprs/aprs/aprs_ws/install/vaccum_description:/home/aprs/aprs/aprs_ws/install/ur_setup:/home/aprs/aprs/aprs_ws/install/ur:/home/aprs/aprs/aprs_ws/install/ur_calibration:/home/aprs/aprs/aprs_ws/install/ur_robot_driver:/home/aprs/aprs/aprs_ws/install/ur_bringup:/home/aprs/aprs/aprs_ws/install/ur_controllers:/home/aprs/aprs/aprs_ws/install/ur_msgs:/home/aprs/aprs/aprs_ws/install/ur_moveit_config:/home/aprs/aprs/aprs_ws/install/ur_gz:/home/aprs/aprs/aprs_ws/install/ur_description_gz:/home/aprs/aprs/aprs_ws/install/ur5e_moveit_config:/home/aprs/aprs/aprs_ws/install/panda_moveit_config:/home/aprs/aprs/aprs_ws/install/ur_description:/home/aprs/aprs/aprs_ws/install/ur_dashboard_msgs:/home/aprs/aprs/aprs_ws/install/ur_client_library:/home/aprs/aprs/aprs_ws/install/table_description:/home/aprs/aprs/aprs_ws/install/point_cloud:/home/aprs/aprs/aprs_ws/install/gear_place:/home/aprs/aprs/aprs_ws/install/panda_description:/home/aprs/aprs/aprs_ws/install/ign_ros2_control_demos:/home/aprs/aprs/aprs_ws/install/gz_ros2_control_tests:/home/aprs/aprs/aprs_ws/install/ign_ros2_control:/home/aprs/aprs/aprs_ws/install/franka_setup:/home/aprs/aprs/aprs_ws/install/franka_gz:/home/aprs/aprs/aprs_ws/install/fanuc_moveit_config:/home/aprs/aprs/aprs_ws/install/fanuc_description:/home/aprs/aprs/aprs_ws/install/conveyor_interfaces:/home/aprs/aprs/aprs_ws/install/camera_mount:/home/aprs/aprs/aprs_ws/install/conveyor_controller:/opt/ros/humble LD_LIBRARY_PATH=/home/aprs/aprs/aprs_ws/install/realsense2_camera/lib:/home/aprs/aprs/aprs_ws/install/realsense2_camera_msgs/lib:/home/aprs/aprs/aprs_ws/install/ur_robot_driver/lib:/home/aprs/aprs/aprs_ws/install/ur_controllers/lib:/home/aprs/aprs/aprs_ws/install/ur_msgs/lib:/home/aprs/aprs/aprs_ws/install/ur_dashboard_msgs/lib:/home/aprs/aprs/aprs_ws/install/ur_client_library/lib:/home/aprs/aprs/aprs_ws/install/point_cloud/lib:/home/aprs/aprs/aprs_ws/install/ign_ros2_control/lib:/home/aprs/aprs/aprs_ws/install/conveyor_interfaces/lib:/opt/ros/humble/opt/rviz_ogre_vendor/lib:/opt/ros/humble/lib/x86_64-linux-gnu:/opt/ros/humble/lib /usr/bin/cmake /home/aprs/aprs/aprs_ws/src/point_cloud -DCMAKE_INSTALL_PREFIX=/home/aprs/aprs/aprs_ws/install/point_cloud
[1.361s] Invoking command in '/home/aprs/aprs/aprs_ws/build/point_cloud': CMAKE_PREFIX_PATH=/home/aprs/aprs/aprs_ws/install/realsense2_description:/home/aprs/aprs/aprs_ws/install/realsense2_camera:/home/aprs/aprs/aprs_ws/install/realsense2_camera_msgs:/home/aprs/aprs/aprs_ws/install/worlds:/home/aprs/aprs/aprs_ws/install/workbench_description:/home/aprs/aprs/aprs_ws/install/vaccum_description:/home/aprs/aprs/aprs_ws/install/ur_setup:/home/aprs/aprs/aprs_ws/install/ur:/home/aprs/aprs/aprs_ws/install/ur_calibration:/home/aprs/aprs/aprs_ws/install/ur_robot_driver:/home/aprs/aprs/aprs_ws/install/ur_bringup:/home/aprs/aprs/aprs_ws/install/ur_controllers:/home/aprs/aprs/aprs_ws/install/ur_msgs:/home/aprs/aprs/aprs_ws/install/ur_moveit_config:/home/aprs/aprs/aprs_ws/install/ur_gz:/home/aprs/aprs/aprs_ws/install/ur_description_gz:/home/aprs/aprs/aprs_ws/install/ur5e_moveit_config:/home/aprs/aprs/aprs_ws/install/panda_moveit_config:/home/aprs/aprs/aprs_ws/install/ur_description:/home/aprs/aprs/aprs_ws/install/ur_dashboard_msgs:/home/aprs/aprs/aprs_ws/install/ur_client_library:/home/aprs/aprs/aprs_ws/install/table_description:/home/aprs/aprs/aprs_ws/install/point_cloud:/home/aprs/aprs/aprs_ws/install/gear_place:/home/aprs/aprs/aprs_ws/install/panda_description:/home/aprs/aprs/aprs_ws/install/ign_ros2_control_demos:/home/aprs/aprs/aprs_ws/install/gz_ros2_control_tests:/home/aprs/aprs/aprs_ws/install/ign_ros2_control:/home/aprs/aprs/aprs_ws/install/franka_setup:/home/aprs/aprs/aprs_ws/install/franka_gz:/home/aprs/aprs/aprs_ws/install/fanuc_moveit_config:/home/aprs/aprs/aprs_ws/install/fanuc_description:/home/aprs/aprs/aprs_ws/install/conveyor_interfaces:/home/aprs/aprs/aprs_ws/install/camera_mount:/home/aprs/aprs/aprs_ws/install/conveyor_controller:/opt/ros/humble LD_LIBRARY_PATH=/home/aprs/aprs/aprs_ws/install/realsense2_camera/lib:/home/aprs/aprs/aprs_ws/install/realsense2_camera_msgs/lib:/home/aprs/aprs/aprs_ws/install/ur_robot_driver/lib:/home/aprs/aprs/aprs_ws/install/ur_controllers/lib:/home/aprs/aprs/aprs_ws/install/ur_msgs/lib:/home/aprs/aprs/aprs_ws/install/ur_dashboard_msgs/lib:/home/aprs/aprs/aprs_ws/install/ur_client_library/lib:/home/aprs/aprs/aprs_ws/install/point_cloud/lib:/home/aprs/aprs/aprs_ws/install/ign_ros2_control/lib:/home/aprs/aprs/aprs_ws/install/conveyor_interfaces/lib:/opt/ros/humble/opt/rviz_ogre_vendor/lib:/opt/ros/humble/lib/x86_64-linux-gnu:/opt/ros/humble/lib /usr/bin/cmake --build /home/aprs/aprs/aprs_ws/build/point_cloud -- -j16 -l16
[1.398s] Built target ament_cmake_python_copy_point_cloud
[1.541s] running egg_info
[1.541s] creating point_cloud.egg-info
[1.541s] writing point_cloud.egg-info/PKG-INFO
[1.542s] writing dependency_links to point_cloud.egg-info/dependency_links.txt
[1.542s] writing top-level names to point_cloud.egg-info/top_level.txt
[1.542s] writing manifest file 'point_cloud.egg-info/SOURCES.txt'
[1.543s] reading manifest file 'point_cloud.egg-info/SOURCES.txt'
[1.543s] writing manifest file 'point_cloud.egg-info/SOURCES.txt'
[1.560s] Built target ament_cmake_python_build_point_cloud_egg
[1.568s] Invoked command in '/home/aprs/aprs/aprs_ws/build/point_cloud' returned '0': CMAKE_PREFIX_PATH=/home/aprs/aprs/aprs_ws/install/realsense2_description:/home/aprs/aprs/aprs_ws/install/realsense2_camera:/home/aprs/aprs/aprs_ws/install/realsense2_camera_msgs:/home/aprs/aprs/aprs_ws/install/worlds:/home/aprs/aprs/aprs_ws/install/workbench_description:/home/aprs/aprs/aprs_ws/install/vaccum_description:/home/aprs/aprs/aprs_ws/install/ur_setup:/home/aprs/aprs/aprs_ws/install/ur:/home/aprs/aprs/aprs_ws/install/ur_calibration:/home/aprs/aprs/aprs_ws/install/ur_robot_driver:/home/aprs/aprs/aprs_ws/install/ur_bringup:/home/aprs/aprs/aprs_ws/install/ur_controllers:/home/aprs/aprs/aprs_ws/install/ur_msgs:/home/aprs/aprs/aprs_ws/install/ur_moveit_config:/home/aprs/aprs/aprs_ws/install/ur_gz:/home/aprs/aprs/aprs_ws/install/ur_description_gz:/home/aprs/aprs/aprs_ws/install/ur5e_moveit_config:/home/aprs/aprs/aprs_ws/install/panda_moveit_config:/home/aprs/aprs/aprs_ws/install/ur_description:/home/aprs/aprs/aprs_ws/install/ur_dashboard_msgs:/home/aprs/aprs/aprs_ws/install/ur_client_library:/home/aprs/aprs/aprs_ws/install/table_description:/home/aprs/aprs/aprs_ws/install/point_cloud:/home/aprs/aprs/aprs_ws/install/gear_place:/home/aprs/aprs/aprs_ws/install/panda_description:/home/aprs/aprs/aprs_ws/install/ign_ros2_control_demos:/home/aprs/aprs/aprs_ws/install/gz_ros2_control_tests:/home/aprs/aprs/aprs_ws/install/ign_ros2_control:/home/aprs/aprs/aprs_ws/install/franka_setup:/home/aprs/aprs/aprs_ws/install/franka_gz:/home/aprs/aprs/aprs_ws/install/fanuc_moveit_config:/home/aprs/aprs/aprs_ws/install/fanuc_description:/home/aprs/aprs/aprs_ws/install/conveyor_interfaces:/home/aprs/aprs/aprs_ws/install/camera_mount:/home/aprs/aprs/aprs_ws/install/conveyor_controller:/opt/ros/humble LD_LIBRARY_PATH=/home/aprs/aprs/aprs_ws/install/realsense2_camera/lib:/home/aprs/aprs/aprs_ws/install/realsense2_camera_msgs/lib:/home/aprs/aprs/aprs_ws/install/ur_robot_driver/lib:/home/aprs/aprs/aprs_ws/install/ur_controllers/lib:/home/aprs/aprs/aprs_ws/install/ur_msgs/lib:/home/aprs/aprs/aprs_ws/install/ur_dashboard_msgs/lib:/home/aprs/aprs/aprs_ws/install/ur_client_library/lib:/home/aprs/aprs/aprs_ws/install/point_cloud/lib:/home/aprs/aprs/aprs_ws/install/ign_ros2_control/lib:/home/aprs/aprs/aprs_ws/install/conveyor_interfaces/lib:/opt/ros/humble/opt/rviz_ogre_vendor/lib:/opt/ros/humble/lib/x86_64-linux-gnu:/opt/ros/humble/lib /usr/bin/cmake --build /home/aprs/aprs/aprs_ws/build/point_cloud -- -j16 -l16
[1.583s] Invoking command in '/home/aprs/aprs/aprs_ws/build/point_cloud': CMAKE_PREFIX_PATH=/home/aprs/aprs/aprs_ws/install/realsense2_description:/home/aprs/aprs/aprs_ws/install/realsense2_camera:/home/aprs/aprs/aprs_ws/install/realsense2_camera_msgs:/home/aprs/aprs/aprs_ws/install/worlds:/home/aprs/aprs/aprs_ws/install/workbench_description:/home/aprs/aprs/aprs_ws/install/vaccum_description:/home/aprs/aprs/aprs_ws/install/ur_setup:/home/aprs/aprs/aprs_ws/install/ur:/home/aprs/aprs/aprs_ws/install/ur_calibration:/home/aprs/aprs/aprs_ws/install/ur_robot_driver:/home/aprs/aprs/aprs_ws/install/ur_bringup:/home/aprs/aprs/aprs_ws/install/ur_controllers:/home/aprs/aprs/aprs_ws/install/ur_msgs:/home/aprs/aprs/aprs_ws/install/ur_moveit_config:/home/aprs/aprs/aprs_ws/install/ur_gz:/home/aprs/aprs/aprs_ws/install/ur_description_gz:/home/aprs/aprs/aprs_ws/install/ur5e_moveit_config:/home/aprs/aprs/aprs_ws/install/panda_moveit_config:/home/aprs/aprs/aprs_ws/install/ur_description:/home/aprs/aprs/aprs_ws/install/ur_dashboard_msgs:/home/aprs/aprs/aprs_ws/install/ur_client_library:/home/aprs/aprs/aprs_ws/install/table_description:/home/aprs/aprs/aprs_ws/install/point_cloud:/home/aprs/aprs/aprs_ws/install/gear_place:/home/aprs/aprs/aprs_ws/install/panda_description:/home/aprs/aprs/aprs_ws/install/ign_ros2_control_demos:/home/aprs/aprs/aprs_ws/install/gz_ros2_control_tests:/home/aprs/aprs/aprs_ws/install/ign_ros2_control:/home/aprs/aprs/aprs_ws/install/franka_setup:/home/aprs/aprs/aprs_ws/install/franka_gz:/home/aprs/aprs/aprs_ws/install/fanuc_moveit_config:/home/aprs/aprs/aprs_ws/install/fanuc_description:/home/aprs/aprs/aprs_ws/install/conveyor_interfaces:/home/aprs/aprs/aprs_ws/install/camera_mount:/home/aprs/aprs/aprs_ws/install/conveyor_controller:/opt/ros/humble LD_LIBRARY_PATH=/home/aprs/aprs/aprs_ws/install/realsense2_camera/lib:/home/aprs/aprs/aprs_ws/install/realsense2_camera_msgs/lib:/home/aprs/aprs/aprs_ws/install/ur_robot_driver/lib:/home/aprs/aprs/aprs_ws/install/ur_controllers/lib:/home/aprs/aprs/aprs_ws/install/ur_msgs/lib:/home/aprs/aprs/aprs_ws/install/ur_dashboard_msgs/lib:/home/aprs/aprs/aprs_ws/install/ur_client_library/lib:/home/aprs/aprs/aprs_ws/install/point_cloud/lib:/home/aprs/aprs/aprs_ws/install/ign_ros2_control/lib:/home/aprs/aprs/aprs_ws/install/conveyor_interfaces/lib:/opt/ros/humble/opt/rviz_ogre_vendor/lib:/opt/ros/humble/lib/x86_64-linux-gnu:/opt/ros/humble/lib /usr/bin/cmake --install /home/aprs/aprs/aprs_ws/build/point_cloud
[1.588s] -- Install configuration: ""
[1.588s] -- Installing: /home/aprs/aprs/aprs_ws/install/point_cloud/share/point_cloud/environment/pythonpath.sh
[1.588s] -- Installing: /home/aprs/aprs/aprs_ws/install/point_cloud/share/point_cloud/environment/pythonpath.dsv
[1.588s] -- Installing: /home/aprs/aprs/aprs_ws/install/point_cloud/local/lib/python3.10/dist-packages/point_cloud-0.0.0-py3.10.egg-info
[1.588s] -- Installing: /home/aprs/aprs/aprs_ws/install/point_cloud/local/lib/python3.10/dist-packages/point_cloud-0.0.0-py3.10.egg-info/PKG-INFO
[1.588s] -- Installing: /home/aprs/aprs/aprs_ws/install/point_cloud/local/lib/python3.10/dist-packages/point_cloud-0.0.0-py3.10.egg-info/dependency_links.txt
[1.588s] -- Installing: /home/aprs/aprs/aprs_ws/install/point_cloud/local/lib/python3.10/dist-packages/point_cloud-0.0.0-py3.10.egg-info/SOURCES.txt
[1.588s] -- Installing: /home/aprs/aprs/aprs_ws/install/point_cloud/local/lib/python3.10/dist-packages/point_cloud-0.0.0-py3.10.egg-info/top_level.txt
[1.588s] -- Installing: /home/aprs/aprs/aprs_ws/install/point_cloud/local/lib/python3.10/dist-packages/point_cloud
[1.588s] -- Installing: /home/aprs/aprs/aprs_ws/install/point_cloud/local/lib/python3.10/dist-packages/point_cloud/__init__.py
[1.610s] Listing '/home/aprs/aprs/aprs_ws/install/point_cloud/local/lib/python3.10/dist-packages/point_cloud'...
[1.610s] Compiling '/home/aprs/aprs/aprs_ws/install/point_cloud/local/lib/python3.10/dist-packages/point_cloud/__init__.py'...
[1.613s] -- Installing: /home/aprs/aprs/aprs_ws/install/point_cloud/lib/point_cloud/point_cloud.py
[1.613s] -- Installing: /home/aprs/aprs/aprs_ws/install/point_cloud/share/point_cloud/environment/library_path.sh
[1.613s] -- Installing: /home/aprs/aprs/aprs_ws/install/point_cloud/share/point_cloud/environment/library_path.dsv
[1.613s] -- Installing: /home/aprs/aprs/aprs_ws/install/point_cloud/share/ament_index/resource_index/package_run_dependencies/point_cloud
[1.613s] -- Installing: /home/aprs/aprs/aprs_ws/install/point_cloud/share/ament_index/resource_index/parent_prefix_path/point_cloud
[1.613s] -- Installing: /home/aprs/aprs/aprs_ws/install/point_cloud/share/point_cloud/environment/ament_prefix_path.sh
[1.613s] -- Installing: /home/aprs/aprs/aprs_ws/install/point_cloud/share/point_cloud/environment/ament_prefix_path.dsv
[1.613s] -- Installing: /home/aprs/aprs/aprs_ws/install/point_cloud/share/point_cloud/environment/path.sh
[1.614s] -- Installing: /home/aprs/aprs/aprs_ws/install/point_cloud/share/point_cloud/environment/path.dsv
[1.614s] -- Installing: /home/aprs/aprs/aprs_ws/install/point_cloud/share/point_cloud/local_setup.bash
[1.614s] -- Installing: /home/aprs/aprs/aprs_ws/install/point_cloud/share/point_cloud/local_setup.sh
[1.614s] -- Installing: /home/aprs/aprs/aprs_ws/install/point_cloud/share/point_cloud/local_setup.zsh
[1.614s] -- Installing: /home/aprs/aprs/aprs_ws/install/point_cloud/share/point_cloud/local_setup.dsv
[1.614s] -- Installing: /home/aprs/aprs/aprs_ws/install/point_cloud/share/point_cloud/package.dsv
[1.614s] -- Installing: /home/aprs/aprs/aprs_ws/install/point_cloud/share/ament_index/resource_index/packages/point_cloud
[1.614s] -- Installing: /home/aprs/aprs/aprs_ws/install/point_cloud/share/point_cloud/cmake/ament_cmake_export_libraries-extras.cmake
[1.614s] -- Installing: /home/aprs/aprs/aprs_ws/install/point_cloud/share/point_cloud/cmake/ament_cmake_export_dependencies-extras.cmake
[1.614s] -- Installing: /home/aprs/aprs/aprs_ws/install/point_cloud/share/point_cloud/cmake/point_cloudConfig.cmake
[1.614s] -- Installing: /home/aprs/aprs/aprs_ws/install/point_cloud/share/point_cloud/cmake/point_cloudConfig-version.cmake
[1.615s] -- Installing: /home/aprs/aprs/aprs_ws/install/point_cloud/share/point_cloud/package.xml
[1.618s] Invoked command in '/home/aprs/aprs/aprs_ws/build/point_cloud' returned '0': CMAKE_PREFIX_PATH=/home/aprs/aprs/aprs_ws/install/realsense2_description:/home/aprs/aprs/aprs_ws/install/realsense2_camera:/home/aprs/aprs/aprs_ws/install/realsense2_camera_msgs:/home/aprs/aprs/aprs_ws/install/worlds:/home/aprs/aprs/aprs_ws/install/workbench_description:/home/aprs/aprs/aprs_ws/install/vaccum_description:/home/aprs/aprs/aprs_ws/install/ur_setup:/home/aprs/aprs/aprs_ws/install/ur:/home/aprs/aprs/aprs_ws/install/ur_calibration:/home/aprs/aprs/aprs_ws/install/ur_robot_driver:/home/aprs/aprs/aprs_ws/install/ur_bringup:/home/aprs/aprs/aprs_ws/install/ur_controllers:/home/aprs/aprs/aprs_ws/install/ur_msgs:/home/aprs/aprs/aprs_ws/install/ur_moveit_config:/home/aprs/aprs/aprs_ws/install/ur_gz:/home/aprs/aprs/aprs_ws/install/ur_description_gz:/home/aprs/aprs/aprs_ws/install/ur5e_moveit_config:/home/aprs/aprs/aprs_ws/install/panda_moveit_config:/home/aprs/aprs/aprs_ws/install/ur_description:/home/aprs/aprs/aprs_ws/install/ur_dashboard_msgs:/home/aprs/aprs/aprs_ws/install/ur_client_library:/home/aprs/aprs/aprs_ws/install/table_description:/home/aprs/aprs/aprs_ws/install/point_cloud:/home/aprs/aprs/aprs_ws/install/gear_place:/home/aprs/aprs/aprs_ws/install/panda_description:/home/aprs/aprs/aprs_ws/install/ign_ros2_control_demos:/home/aprs/aprs/aprs_ws/install/gz_ros2_control_tests:/home/aprs/aprs/aprs_ws/install/ign_ros2_control:/home/aprs/aprs/aprs_ws/install/franka_setup:/home/aprs/aprs/aprs_ws/install/franka_gz:/home/aprs/aprs/aprs_ws/install/fanuc_moveit_config:/home/aprs/aprs/aprs_ws/install/fanuc_description:/home/aprs/aprs/aprs_ws/install/conveyor_interfaces:/home/aprs/aprs/aprs_ws/install/camera_mount:/home/aprs/aprs/aprs_ws/install/conveyor_controller:/opt/ros/humble LD_LIBRARY_PATH=/home/aprs/aprs/aprs_ws/install/realsense2_camera/lib:/home/aprs/aprs/aprs_ws/install/realsense2_camera_msgs/lib:/home/aprs/aprs/aprs_ws/install/ur_robot_driver/lib:/home/aprs/aprs/aprs_ws/install/ur_controllers/lib:/home/aprs/aprs/aprs_ws/install/ur_msgs/lib:/home/aprs/aprs/aprs_ws/install/ur_dashboard_msgs/lib:/home/aprs/aprs/aprs_ws/install/ur_client_library/lib:/home/aprs/aprs/aprs_ws/install/point_cloud/lib:/home/aprs/aprs/aprs_ws/install/ign_ros2_control/lib:/home/aprs/aprs/aprs_ws/install/conveyor_interfaces/lib:/opt/ros/humble/opt/rviz_ogre_vendor/lib:/opt/ros/humble/lib/x86_64-linux-gnu:/opt/ros/humble/lib /usr/bin/cmake --install /home/aprs/aprs/aprs_ws/build/point_cloud
