[0.022s] Invoking command in '/workspaces/aprs/aprs_ws/build/ur_robot_driver': AMENT_PREFIX_PATH=/workspaces/aprs/aprs_ws/install/ur_controllers:/workspaces/aprs/aprs_ws/install/ur_msgs:/workspaces/aprs/aprs_ws/install/ur_description:/workspaces/aprs/aprs_ws/install/ur_dashboard_msgs:${AMENT_PREFIX_PATH} CMAKE_PREFIX_PATH=/workspaces/aprs/aprs_ws/install/ur_controllers:/workspaces/aprs/aprs_ws/install/ur_msgs:/workspaces/aprs/aprs_ws/install/ur_description:/workspaces/aprs/aprs_ws/install/ur_dashboard_msgs:/workspaces/aprs/aprs_ws/install/ur_client_library:/opt/ros/rolling LD_LIBRARY_PATH=/workspaces/aprs/aprs_ws/install/ur_controllers/lib:/workspaces/aprs/aprs_ws/install/ur_msgs/lib:/workspaces/aprs/aprs_ws/install/ur_dashboard_msgs/lib:/workspaces/aprs/aprs_ws/install/ur_client_library/lib:${LD_LIBRARY_PATH} PKG_CONFIG_PATH=/workspaces/aprs/aprs_ws/install/ur_client_library/lib/x86_64-linux-gnu/pkgconfig:/workspaces/aprs/aprs_ws/install/ur_client_library/lib/pkgconfig PYTHONPATH=/workspaces/aprs/aprs_ws/install/ur_msgs/lib/python3.10/site-packages:/workspaces/aprs/aprs_ws/install/ur_dashboard_msgs/lib/python3.10/site-packages:${PYTHONPATH} /usr/bin/cmake /workspaces/aprs/aprs_ws/src/Universal_Robots_ROS2_Driver/ur_robot_driver -DBUILD_TESTING=ON -DCMAKE_INSTALL_PREFIX=/workspaces/aprs/aprs_ws/install/ur_robot_driver
[0.092s] -- The C compiler identification is GNU 11.4.0
[0.155s] -- The CXX compiler identification is GNU 11.4.0
[0.162s] -- Detecting C compiler ABI info
[0.230s] -- Detecting C compiler ABI info - done
[0.240s] -- Check for working C compiler: /usr/bin/cc - skipped
[0.240s] -- Detecting C compile features
[0.240s] -- Detecting C compile features - done
[0.244s] -- Detecting CXX compiler ABI info
[0.318s] -- Detecting CXX compiler ABI info - done
[0.327s] -- Check for working CXX compiler: /usr/bin/c++ - skipped
[0.328s] -- Detecting CXX compile features
[0.328s] -- Detecting CXX compile features - done
[0.329s] [0mur_robot_driver: You did not request a specific build type: selecting 'RelWithDebInfo'.[0m
[0.333s] -- Found ament_cmake: 2.2.1 (/opt/ros/rolling/share/ament_cmake/cmake)
[0.491s] -- Found Python3: /usr/bin/python3.10 (found version "3.10.12") found components: Interpreter 
[0.597s] -- Found controller_manager: 3.16.0 (/opt/ros/rolling/share/controller_manager/cmake)
[0.652s] -- Found rosidl_generator_c: 4.3.0 (/opt/ros/rolling/share/rosidl_generator_c/cmake)
[0.666s] -- Found rosidl_generator_cpp: 4.3.0 (/opt/ros/rolling/share/rosidl_generator_cpp/cmake)
[0.683s] -- Using all available rosidl_typesupport_c: rosidl_typesupport_fastrtps_c;rosidl_typesupport_introspection_c
[0.704s] -- Using all available rosidl_typesupport_cpp: rosidl_typesupport_fastrtps_cpp;rosidl_typesupport_introspection_cpp
[1.552s] -- Found rmw_implementation_cmake: 7.2.1 (/opt/ros/rolling/share/rmw_implementation_cmake/cmake)
[1.555s] -- Found rmw_fastrtps_cpp: 7.3.0 (/opt/ros/rolling/share/rmw_fastrtps_cpp/cmake)
[1.665s] -- Found OpenSSL: /usr/lib/x86_64-linux-gnu/libcrypto.so (found version "3.0.2")  
[1.704s] -- Found FastRTPS: /opt/ros/rolling/include  
[1.767s] -- Using RMW implementation 'rmw_fastrtps_cpp' as default
[2.476s] -- Found std_srvs: 5.2.0 (/opt/ros/rolling/share/std_srvs/cmake)
[2.525s] -- Found tf2_geometry_msgs: 0.32.2 (/opt/ros/rolling/share/tf2_geometry_msgs/cmake)
[2.550s] -- Found eigen3_cmake_module: 0.3.0 (/opt/ros/rolling/share/eigen3_cmake_module/cmake)
[2.553s] -- Found Eigen3: TRUE (found version "3.4.0") 
[2.553s] -- Ensuring Eigen3 include directory is part of orocos-kdl CMake target
[2.867s] -- Found ur_dashboard_msgs: 2.3.2 (/workspaces/aprs/aprs_ws/install/ur_dashboard_msgs/share/ur_dashboard_msgs/cmake)
[3.255s] -- Found ur_controllers: 2.3.2 (/workspaces/aprs/aprs_ws/install/ur_controllers/share/ur_controllers/cmake)
[3.347s] -- Found parameter_traits: 0.3.3 (/opt/ros/rolling/share/parameter_traits/cmake)
[3.650s] -- Found ur_description: 2.0.1 (/workspaces/aprs/aprs_ws/install/ur_description/share/ur_description/cmake)
[3.653s] -- Found launch_testing_ament_cmake: 2.2.1 (/opt/ros/rolling/share/launch_testing_ament_cmake/cmake)
[3.656s] -- Found python_cmake_module: 0.11.0 (/opt/ros/rolling/share/python_cmake_module/cmake)
[3.681s] -- Found PythonInterp: /usr/bin/python3 (found suitable version "3.10.12", minimum required is "3.6") 
[3.687s] -- Found PythonLibs: /usr/lib/x86_64-linux-gnu/libpython3.10.so (found suitable version "3.10.12", minimum required is "3.5") 
[3.687s] -- Using PYTHON_EXECUTABLE: /usr/bin/python3
[3.687s] -- Using PYTHON_INCLUDE_DIRS: /usr/include/python3.10
[3.687s] -- Using PYTHON_LIBRARIES: /usr/lib/x86_64-linux-gnu/libpython3.10.so
[3.713s] -- Found PythonExtra: .so  
[3.714s] -- Configuring done
[3.769s] -- Generating done
[3.772s] -- Build files have been written to: /workspaces/aprs/aprs_ws/build/ur_robot_driver
[3.801s] Invoked command in '/workspaces/aprs/aprs_ws/build/ur_robot_driver' returned '0': AMENT_PREFIX_PATH=/workspaces/aprs/aprs_ws/install/ur_controllers:/workspaces/aprs/aprs_ws/install/ur_msgs:/workspaces/aprs/aprs_ws/install/ur_description:/workspaces/aprs/aprs_ws/install/ur_dashboard_msgs:${AMENT_PREFIX_PATH} CMAKE_PREFIX_PATH=/workspaces/aprs/aprs_ws/install/ur_controllers:/workspaces/aprs/aprs_ws/install/ur_msgs:/workspaces/aprs/aprs_ws/install/ur_description:/workspaces/aprs/aprs_ws/install/ur_dashboard_msgs:/workspaces/aprs/aprs_ws/install/ur_client_library:/opt/ros/rolling LD_LIBRARY_PATH=/workspaces/aprs/aprs_ws/install/ur_controllers/lib:/workspaces/aprs/aprs_ws/install/ur_msgs/lib:/workspaces/aprs/aprs_ws/install/ur_dashboard_msgs/lib:/workspaces/aprs/aprs_ws/install/ur_client_library/lib:${LD_LIBRARY_PATH} PKG_CONFIG_PATH=/workspaces/aprs/aprs_ws/install/ur_client_library/lib/x86_64-linux-gnu/pkgconfig:/workspaces/aprs/aprs_ws/install/ur_client_library/lib/pkgconfig PYTHONPATH=/workspaces/aprs/aprs_ws/install/ur_msgs/lib/python3.10/site-packages:/workspaces/aprs/aprs_ws/install/ur_dashboard_msgs/lib/python3.10/site-packages:${PYTHONPATH} /usr/bin/cmake /workspaces/aprs/aprs_ws/src/Universal_Robots_ROS2_Driver/ur_robot_driver -DBUILD_TESTING=ON -DCMAKE_INSTALL_PREFIX=/workspaces/aprs/aprs_ws/install/ur_robot_driver
[3.802s] Invoking command in '/workspaces/aprs/aprs_ws/build/ur_robot_driver': AMENT_PREFIX_PATH=/workspaces/aprs/aprs_ws/install/ur_controllers:/workspaces/aprs/aprs_ws/install/ur_msgs:/workspaces/aprs/aprs_ws/install/ur_description:/workspaces/aprs/aprs_ws/install/ur_dashboard_msgs:${AMENT_PREFIX_PATH} CMAKE_PREFIX_PATH=/workspaces/aprs/aprs_ws/install/ur_controllers:/workspaces/aprs/aprs_ws/install/ur_msgs:/workspaces/aprs/aprs_ws/install/ur_description:/workspaces/aprs/aprs_ws/install/ur_dashboard_msgs:/workspaces/aprs/aprs_ws/install/ur_client_library:/opt/ros/rolling LD_LIBRARY_PATH=/workspaces/aprs/aprs_ws/install/ur_controllers/lib:/workspaces/aprs/aprs_ws/install/ur_msgs/lib:/workspaces/aprs/aprs_ws/install/ur_dashboard_msgs/lib:/workspaces/aprs/aprs_ws/install/ur_client_library/lib:${LD_LIBRARY_PATH} PKG_CONFIG_PATH=/workspaces/aprs/aprs_ws/install/ur_client_library/lib/x86_64-linux-gnu/pkgconfig:/workspaces/aprs/aprs_ws/install/ur_client_library/lib/pkgconfig PYTHONPATH=/workspaces/aprs/aprs_ws/install/ur_msgs/lib/python3.10/site-packages:/workspaces/aprs/aprs_ws/install/ur_dashboard_msgs/lib/python3.10/site-packages:${PYTHONPATH} /usr/bin/cmake --build /workspaces/aprs/aprs_ws/build/ur_robot_driver -- -j16 -l16
[3.870s] [  6%] [32mBuilding CXX object CMakeFiles/ur_robot_driver_plugin.dir/src/dashboard_client_ros.cpp.o[0m
[24.017s] [ 20%] [32mBuilding CXX object CMakeFiles/ur_robot_driver_plugin.dir/src/hardware_interface.cpp.o[0m
[24.017s] [ 20%] [32mBuilding CXX object CMakeFiles/ur_robot_driver_plugin.dir/src/urcl_log_handler.cpp.o[0m
[33.216s] [ 26%] [32m[1mLinking CXX shared library libur_robot_driver_plugin.so[0m
[33.535s] [ 26%] Built target ur_robot_driver_plugin
[33.552s] [ 60%] [32mBuilding CXX object CMakeFiles/dashboard_client.dir/src/dashboard_client_node.cpp.o[0m
[33.553s] [ 60%] [32mBuilding CXX object CMakeFiles/dashboard_client.dir/src/urcl_log_handler.cpp.o[0m
[33.553s] [ 60%] [32mBuilding CXX object CMakeFiles/ur_ros2_control_node.dir/src/ur_ros2_control_node.cpp.o[0m
[33.553s] [ 60%] [32mBuilding CXX object CMakeFiles/controller_stopper_node.dir/src/controller_stopper_node.cpp.o[0m
[33.553s] [ 60%] [32mBuilding CXX object CMakeFiles/urscript_interface.dir/src/urscript_interface.cpp.o[0m
[33.555s] [ 73%] [32mBuilding CXX object CMakeFiles/controller_stopper_node.dir/src/controller_stopper.cpp.o[0m
[33.555s] [ 73%] [32mBuilding CXX object CMakeFiles/dashboard_client.dir/src/dashboard_client_ros.cpp.o[0m
[33.561s] [ 73%] Built target ament_cmake_python_copy_ur_robot_driver
[33.825s] running egg_info
[33.826s] creating ur_robot_driver.egg-info
[33.826s] writing ur_robot_driver.egg-info/PKG-INFO
[33.826s] writing dependency_links to ur_robot_driver.egg-info/dependency_links.txt
[33.826s] writing top-level names to ur_robot_driver.egg-info/top_level.txt
[33.826s] writing manifest file 'ur_robot_driver.egg-info/SOURCES.txt'
[33.828s] reading manifest file 'ur_robot_driver.egg-info/SOURCES.txt'
[33.829s] writing manifest file 'ur_robot_driver.egg-info/SOURCES.txt'
[33.866s] [ 73%] Built target ament_cmake_python_build_ur_robot_driver_egg
[43.111s] [ 80%] [32m[1mLinking CXX executable ur_ros2_control_node[0m
[43.324s] [ 80%] Built target ur_ros2_control_node
[47.654s] [ 86%] [32m[1mLinking CXX executable urscript_interface[0m
[47.946s] [ 86%] Built target urscript_interface
[50.100s] [ 93%] [32m[1mLinking CXX executable controller_stopper_node[0m
[50.410s] [ 93%] Built target controller_stopper_node
[55.253s] [100%] [32m[1mLinking CXX executable dashboard_client[0m
[55.622s] [100%] Built target dashboard_client
[55.632s] Invoked command in '/workspaces/aprs/aprs_ws/build/ur_robot_driver' returned '0': AMENT_PREFIX_PATH=/workspaces/aprs/aprs_ws/install/ur_controllers:/workspaces/aprs/aprs_ws/install/ur_msgs:/workspaces/aprs/aprs_ws/install/ur_description:/workspaces/aprs/aprs_ws/install/ur_dashboard_msgs:${AMENT_PREFIX_PATH} CMAKE_PREFIX_PATH=/workspaces/aprs/aprs_ws/install/ur_controllers:/workspaces/aprs/aprs_ws/install/ur_msgs:/workspaces/aprs/aprs_ws/install/ur_description:/workspaces/aprs/aprs_ws/install/ur_dashboard_msgs:/workspaces/aprs/aprs_ws/install/ur_client_library:/opt/ros/rolling LD_LIBRARY_PATH=/workspaces/aprs/aprs_ws/install/ur_controllers/lib:/workspaces/aprs/aprs_ws/install/ur_msgs/lib:/workspaces/aprs/aprs_ws/install/ur_dashboard_msgs/lib:/workspaces/aprs/aprs_ws/install/ur_client_library/lib:${LD_LIBRARY_PATH} PKG_CONFIG_PATH=/workspaces/aprs/aprs_ws/install/ur_client_library/lib/x86_64-linux-gnu/pkgconfig:/workspaces/aprs/aprs_ws/install/ur_client_library/lib/pkgconfig PYTHONPATH=/workspaces/aprs/aprs_ws/install/ur_msgs/lib/python3.10/site-packages:/workspaces/aprs/aprs_ws/install/ur_dashboard_msgs/lib/python3.10/site-packages:${PYTHONPATH} /usr/bin/cmake --build /workspaces/aprs/aprs_ws/build/ur_robot_driver -- -j16 -l16
[55.664s] Invoking command in '/workspaces/aprs/aprs_ws/build/ur_robot_driver': AMENT_PREFIX_PATH=/workspaces/aprs/aprs_ws/install/ur_controllers:/workspaces/aprs/aprs_ws/install/ur_msgs:/workspaces/aprs/aprs_ws/install/ur_description:/workspaces/aprs/aprs_ws/install/ur_dashboard_msgs:${AMENT_PREFIX_PATH} CMAKE_PREFIX_PATH=/workspaces/aprs/aprs_ws/install/ur_controllers:/workspaces/aprs/aprs_ws/install/ur_msgs:/workspaces/aprs/aprs_ws/install/ur_description:/workspaces/aprs/aprs_ws/install/ur_dashboard_msgs:/workspaces/aprs/aprs_ws/install/ur_client_library:/opt/ros/rolling LD_LIBRARY_PATH=/workspaces/aprs/aprs_ws/install/ur_controllers/lib:/workspaces/aprs/aprs_ws/install/ur_msgs/lib:/workspaces/aprs/aprs_ws/install/ur_dashboard_msgs/lib:/workspaces/aprs/aprs_ws/install/ur_client_library/lib:${LD_LIBRARY_PATH} PKG_CONFIG_PATH=/workspaces/aprs/aprs_ws/install/ur_client_library/lib/x86_64-linux-gnu/pkgconfig:/workspaces/aprs/aprs_ws/install/ur_client_library/lib/pkgconfig PYTHONPATH=/workspaces/aprs/aprs_ws/install/ur_msgs/lib/python3.10/site-packages:/workspaces/aprs/aprs_ws/install/ur_dashboard_msgs/lib/python3.10/site-packages:${PYTHONPATH} /usr/bin/cmake --install /workspaces/aprs/aprs_ws/build/ur_robot_driver
[55.672s] -- Install configuration: "RelWithDebInfo"
[55.672s] -- Installing: /workspaces/aprs/aprs_ws/install/ur_robot_driver/share/ur_robot_driver/hardware_interface_plugin.xml
[55.672s] -- Installing: /workspaces/aprs/aprs_ws/install/ur_robot_driver/lib/ur_robot_driver/dashboard_client
[55.685s] -- Set runtime path of "/workspaces/aprs/aprs_ws/install/ur_robot_driver/lib/ur_robot_driver/dashboard_client" to ""
[55.685s] -- Installing: /workspaces/aprs/aprs_ws/install/ur_robot_driver/lib/ur_robot_driver/ur_ros2_control_node
[55.687s] -- Set runtime path of "/workspaces/aprs/aprs_ws/install/ur_robot_driver/lib/ur_robot_driver/ur_ros2_control_node" to ""
[55.687s] -- Installing: /workspaces/aprs/aprs_ws/install/ur_robot_driver/lib/ur_robot_driver/controller_stopper_node
[55.698s] -- Set runtime path of "/workspaces/aprs/aprs_ws/install/ur_robot_driver/lib/ur_robot_driver/controller_stopper_node" to ""
[55.698s] -- Installing: /workspaces/aprs/aprs_ws/install/ur_robot_driver/lib/ur_robot_driver/urscript_interface
[55.707s] -- Set runtime path of "/workspaces/aprs/aprs_ws/install/ur_robot_driver/lib/ur_robot_driver/urscript_interface" to ""
[55.707s] -- Installing: /workspaces/aprs/aprs_ws/install/ur_robot_driver/lib/libur_robot_driver_plugin.so
[55.723s] -- Set runtime path of "/workspaces/aprs/aprs_ws/install/ur_robot_driver/lib/libur_robot_driver_plugin.so" to ""
[55.723s] -- Installing: /workspaces/aprs/aprs_ws/install/ur_robot_driver/include
[55.723s] -- Installing: /workspaces/aprs/aprs_ws/install/ur_robot_driver/include/ur_robot_driver
[55.723s] -- Installing: /workspaces/aprs/aprs_ws/install/ur_robot_driver/include/ur_robot_driver/urcl_log_handler.hpp
[55.723s] -- Installing: /workspaces/aprs/aprs_ws/install/ur_robot_driver/include/ur_robot_driver/controller_stopper.hpp
[55.723s] -- Installing: /workspaces/aprs/aprs_ws/install/ur_robot_driver/include/ur_robot_driver/hardware_interface.hpp
[55.723s] -- Installing: /workspaces/aprs/aprs_ws/install/ur_robot_driver/include/ur_robot_driver/dashboard_client_ros.hpp
[55.723s] -- Installing: /workspaces/aprs/aprs_ws/install/ur_robot_driver/share/ur_robot_driver/environment/library_path.sh
[55.723s] -- Installing: /workspaces/aprs/aprs_ws/install/ur_robot_driver/share/ur_robot_driver/environment/library_path.dsv
[55.723s] -- Installing: /workspaces/aprs/aprs_ws/install/ur_robot_driver/share/ur_robot_driver/resources
[55.723s] -- Installing: /workspaces/aprs/aprs_ws/install/ur_robot_driver/share/ur_robot_driver/resources/externalcontrol-1.0.5.urcap
[55.724s] -- Installing: /workspaces/aprs/aprs_ws/install/ur_robot_driver/share/ur_robot_driver/resources/rs485-1.0.urcap
[55.724s] -- Installing: /workspaces/aprs/aprs_ws/install/ur_robot_driver/share/ur_robot_driver/resources/rtde_output_recipe.txt
[55.724s] -- Installing: /workspaces/aprs/aprs_ws/install/ur_robot_driver/share/ur_robot_driver/resources/rtde_input_recipe.txt
[55.724s] -- Up-to-date: /workspaces/aprs/aprs_ws/install/ur_robot_driver/include
[55.724s] -- Up-to-date: /workspaces/aprs/aprs_ws/install/ur_robot_driver/include/ur_robot_driver
[55.724s] -- Up-to-date: /workspaces/aprs/aprs_ws/install/ur_robot_driver/include/ur_robot_driver/urcl_log_handler.hpp
[55.725s] -- Up-to-date: /workspaces/aprs/aprs_ws/install/ur_robot_driver/include/ur_robot_driver/controller_stopper.hpp
[55.725s] -- Up-to-date: /workspaces/aprs/aprs_ws/install/ur_robot_driver/include/ur_robot_driver/hardware_interface.hpp
[55.725s] -- Up-to-date: /workspaces/aprs/aprs_ws/install/ur_robot_driver/include/ur_robot_driver/dashboard_client_ros.hpp
[55.725s] -- Installing: /workspaces/aprs/aprs_ws/install/ur_robot_driver/share/ur_robot_driver/environment/pythonpath.sh
[55.725s] -- Installing: /workspaces/aprs/aprs_ws/install/ur_robot_driver/share/ur_robot_driver/environment/pythonpath.dsv
[55.725s] -- Installing: /workspaces/aprs/aprs_ws/install/ur_robot_driver/lib/python3.10/site-packages/ur_robot_driver-2.3.2-py3.10.egg-info
[55.725s] -- Installing: /workspaces/aprs/aprs_ws/install/ur_robot_driver/lib/python3.10/site-packages/ur_robot_driver-2.3.2-py3.10.egg-info/dependency_links.txt
[55.725s] -- Installing: /workspaces/aprs/aprs_ws/install/ur_robot_driver/lib/python3.10/site-packages/ur_robot_driver-2.3.2-py3.10.egg-info/PKG-INFO
[55.725s] -- Installing: /workspaces/aprs/aprs_ws/install/ur_robot_driver/lib/python3.10/site-packages/ur_robot_driver-2.3.2-py3.10.egg-info/SOURCES.txt
[55.725s] -- Installing: /workspaces/aprs/aprs_ws/install/ur_robot_driver/lib/python3.10/site-packages/ur_robot_driver-2.3.2-py3.10.egg-info/top_level.txt
[55.725s] -- Installing: /workspaces/aprs/aprs_ws/install/ur_robot_driver/lib/python3.10/site-packages/ur_robot_driver
[55.725s] -- Installing: /workspaces/aprs/aprs_ws/install/ur_robot_driver/lib/python3.10/site-packages/ur_robot_driver/__init__.py
[55.748s] Listing '/workspaces/aprs/aprs_ws/install/ur_robot_driver/lib/python3.10/site-packages/ur_robot_driver'...
[55.748s] Compiling '/workspaces/aprs/aprs_ws/install/ur_robot_driver/lib/python3.10/site-packages/ur_robot_driver/__init__.py'...
[55.752s] -- Installing: /workspaces/aprs/aprs_ws/install/ur_robot_driver/lib/ur_robot_driver/tool_communication.py
[55.752s] -- Installing: /workspaces/aprs/aprs_ws/install/ur_robot_driver/bin/wait_dashboard_server.sh
[55.752s] -- Installing: /workspaces/aprs/aprs_ws/install/ur_robot_driver/lib/ur_robot_driver/start_ursim.sh
[55.753s] -- Installing: /workspaces/aprs/aprs_ws/install/ur_robot_driver/share/ur_robot_driver/config
[55.753s] -- Installing: /workspaces/aprs/aprs_ws/install/ur_robot_driver/share/ur_robot_driver/config/ur16e_update_rate.yaml
[55.753s] -- Installing: /workspaces/aprs/aprs_ws/install/ur_robot_driver/share/ur_robot_driver/config/ur_controllers.yaml
[55.753s] -- Installing: /workspaces/aprs/aprs_ws/install/ur_robot_driver/share/ur_robot_driver/config/ur5e_update_rate.yaml
[55.753s] -- Installing: /workspaces/aprs/aprs_ws/install/ur_robot_driver/share/ur_robot_driver/config/ur3_update_rate.yaml
[55.753s] -- Installing: /workspaces/aprs/aprs_ws/install/ur_robot_driver/share/ur_robot_driver/config/ur5_update_rate.yaml
[55.753s] -- Installing: /workspaces/aprs/aprs_ws/install/ur_robot_driver/share/ur_robot_driver/config/test_velocity_goal_publishers_config.yaml
[55.754s] -- Installing: /workspaces/aprs/aprs_ws/install/ur_robot_driver/share/ur_robot_driver/config/test_goal_publishers_config.yaml
[55.754s] -- Installing: /workspaces/aprs/aprs_ws/install/ur_robot_driver/share/ur_robot_driver/config/ur10e_update_rate.yaml
[55.754s] -- Installing: /workspaces/aprs/aprs_ws/install/ur_robot_driver/share/ur_robot_driver/config/ur10_update_rate.yaml
[55.754s] -- Installing: /workspaces/aprs/aprs_ws/install/ur_robot_driver/share/ur_robot_driver/config/ur3e_update_rate.yaml
[55.754s] -- Installing: /workspaces/aprs/aprs_ws/install/ur_robot_driver/share/ur_robot_driver/launch
[55.754s] -- Installing: /workspaces/aprs/aprs_ws/install/ur_robot_driver/share/ur_robot_driver/launch/ur10.launch.py
[55.754s] -- Installing: /workspaces/aprs/aprs_ws/install/ur_robot_driver/share/ur_robot_driver/launch/ur10e.launch.py
[55.754s] -- Installing: /workspaces/aprs/aprs_ws/install/ur_robot_driver/share/ur_robot_driver/launch/ur3e.launch.py
[55.754s] -- Installing: /workspaces/aprs/aprs_ws/install/ur_robot_driver/share/ur_robot_driver/launch/ur3.launch.py
[55.755s] -- Installing: /workspaces/aprs/aprs_ws/install/ur_robot_driver/share/ur_robot_driver/launch/ur5e.launch.py
[55.755s] -- Installing: /workspaces/aprs/aprs_ws/install/ur_robot_driver/share/ur_robot_driver/launch/ur_control.launch.py
[55.755s] -- Installing: /workspaces/aprs/aprs_ws/install/ur_robot_driver/share/ur_robot_driver/launch/test_scaled_joint_trajectory_controller.launch.py
[55.755s] -- Installing: /workspaces/aprs/aprs_ws/install/ur_robot_driver/share/ur_robot_driver/launch/ur5.launch.py
[55.755s] -- Installing: /workspaces/aprs/aprs_ws/install/ur_robot_driver/share/ur_robot_driver/launch/test_forward_velocity_controller.launch.py
[55.755s] -- Installing: /workspaces/aprs/aprs_ws/install/ur_robot_driver/share/ur_robot_driver/launch/ur16e.launch.py
[55.755s] -- Installing: /workspaces/aprs/aprs_ws/install/ur_robot_driver/share/ur_robot_driver/launch/ur_dashboard_client.launch.py
[55.755s] -- Installing: /workspaces/aprs/aprs_ws/install/ur_robot_driver/share/ur_robot_driver/launch/test_joint_trajectory_controller.launch.py
[55.755s] -- Installing: /workspaces/aprs/aprs_ws/install/ur_robot_driver/share/ament_index/resource_index/package_run_dependencies/ur_robot_driver
[55.755s] -- Installing: /workspaces/aprs/aprs_ws/install/ur_robot_driver/share/ament_index/resource_index/parent_prefix_path/ur_robot_driver
[55.755s] -- Installing: /workspaces/aprs/aprs_ws/install/ur_robot_driver/share/ur_robot_driver/environment/ament_prefix_path.sh
[55.755s] -- Installing: /workspaces/aprs/aprs_ws/install/ur_robot_driver/share/ur_robot_driver/environment/ament_prefix_path.dsv
[55.755s] -- Installing: /workspaces/aprs/aprs_ws/install/ur_robot_driver/share/ur_robot_driver/environment/path.sh
[55.756s] -- Installing: /workspaces/aprs/aprs_ws/install/ur_robot_driver/share/ur_robot_driver/environment/path.dsv
[55.756s] -- Installing: /workspaces/aprs/aprs_ws/install/ur_robot_driver/share/ur_robot_driver/local_setup.bash
[55.756s] -- Installing: /workspaces/aprs/aprs_ws/install/ur_robot_driver/share/ur_robot_driver/local_setup.sh
[55.756s] -- Installing: /workspaces/aprs/aprs_ws/install/ur_robot_driver/share/ur_robot_driver/local_setup.zsh
[55.756s] -- Installing: /workspaces/aprs/aprs_ws/install/ur_robot_driver/share/ur_robot_driver/local_setup.dsv
[55.756s] -- Installing: /workspaces/aprs/aprs_ws/install/ur_robot_driver/share/ur_robot_driver/package.dsv
[55.756s] -- Installing: /workspaces/aprs/aprs_ws/install/ur_robot_driver/share/ament_index/resource_index/packages/ur_robot_driver
[55.756s] -- Installing: /workspaces/aprs/aprs_ws/install/ur_robot_driver/share/ament_index/resource_index/hardware_interface__pluginlib__plugin/ur_robot_driver
[55.756s] -- Installing: /workspaces/aprs/aprs_ws/install/ur_robot_driver/share/ur_robot_driver/cmake/ament_cmake_export_include_directories-extras.cmake
[55.756s] -- Installing: /workspaces/aprs/aprs_ws/install/ur_robot_driver/share/ur_robot_driver/cmake/ament_cmake_export_libraries-extras.cmake
[55.756s] -- Installing: /workspaces/aprs/aprs_ws/install/ur_robot_driver/share/ur_robot_driver/cmake/ament_cmake_export_dependencies-extras.cmake
[55.756s] -- Installing: /workspaces/aprs/aprs_ws/install/ur_robot_driver/share/ur_robot_driver/cmake/ur_robot_driverConfig.cmake
[55.756s] -- Installing: /workspaces/aprs/aprs_ws/install/ur_robot_driver/share/ur_robot_driver/cmake/ur_robot_driverConfig-version.cmake
[55.757s] -- Installing: /workspaces/aprs/aprs_ws/install/ur_robot_driver/share/ur_robot_driver/package.xml
[55.761s] Invoked command in '/workspaces/aprs/aprs_ws/build/ur_robot_driver' returned '0': AMENT_PREFIX_PATH=/workspaces/aprs/aprs_ws/install/ur_controllers:/workspaces/aprs/aprs_ws/install/ur_msgs:/workspaces/aprs/aprs_ws/install/ur_description:/workspaces/aprs/aprs_ws/install/ur_dashboard_msgs:${AMENT_PREFIX_PATH} CMAKE_PREFIX_PATH=/workspaces/aprs/aprs_ws/install/ur_controllers:/workspaces/aprs/aprs_ws/install/ur_msgs:/workspaces/aprs/aprs_ws/install/ur_description:/workspaces/aprs/aprs_ws/install/ur_dashboard_msgs:/workspaces/aprs/aprs_ws/install/ur_client_library:/opt/ros/rolling LD_LIBRARY_PATH=/workspaces/aprs/aprs_ws/install/ur_controllers/lib:/workspaces/aprs/aprs_ws/install/ur_msgs/lib:/workspaces/aprs/aprs_ws/install/ur_dashboard_msgs/lib:/workspaces/aprs/aprs_ws/install/ur_client_library/lib:${LD_LIBRARY_PATH} PKG_CONFIG_PATH=/workspaces/aprs/aprs_ws/install/ur_client_library/lib/x86_64-linux-gnu/pkgconfig:/workspaces/aprs/aprs_ws/install/ur_client_library/lib/pkgconfig PYTHONPATH=/workspaces/aprs/aprs_ws/install/ur_msgs/lib/python3.10/site-packages:/workspaces/aprs/aprs_ws/install/ur_dashboard_msgs/lib/python3.10/site-packages:${PYTHONPATH} /usr/bin/cmake --install /workspaces/aprs/aprs_ws/build/ur_robot_driver
