[0.037s] Invoking command in '/home/aprs/aprs/aprs_ws/build/forward_command_controller': AMENT_PREFIX_PATH=/home/aprs/aprs/aprs_ws/install/controller_manager:/home/aprs/aprs/aprs_ws/install/controller_interface:/home/aprs/aprs/aprs_ws/install/hardware_interface:/home/aprs/aprs/aprs_ws/install/ros2_control_test_assets:/home/aprs/aprs/aprs_ws/install/controller_manager_msgs:/home/aprs/aprs/aprs_ws/install/control_msgs:${AMENT_PREFIX_PATH} CMAKE_PREFIX_PATH=/home/aprs/aprs/aprs_ws/install/controller_manager:/home/aprs/aprs/aprs_ws/install/controller_interface:/home/aprs/aprs/aprs_ws/install/hardware_interface:/home/aprs/aprs/aprs_ws/install/ros2_control_test_assets:/home/aprs/aprs/aprs_ws/install/controller_manager_msgs:/home/aprs/aprs/aprs_ws/install/control_msgs:/opt/ros/rolling LD_LIBRARY_PATH=/home/aprs/aprs/aprs_ws/install/controller_manager/lib:/home/aprs/aprs/aprs_ws/install/controller_interface/lib:/home/aprs/aprs/aprs_ws/install/hardware_interface/lib:/home/aprs/aprs/aprs_ws/install/ros2_control_test_assets/lib:/home/aprs/aprs/aprs_ws/install/controller_manager_msgs/lib:/home/aprs/aprs/aprs_ws/install/control_msgs/lib:${LD_LIBRARY_PATH} PYTHONPATH=/home/aprs/aprs/aprs_ws/install/controller_manager/lib/python3.10/site-packages:/home/aprs/aprs/aprs_ws/install/controller_manager_msgs/lib/python3.10/site-packages:/home/aprs/aprs/aprs_ws/install/control_msgs/lib/python3.10/site-packages:${PYTHONPATH} /usr/bin/cmake /home/aprs/aprs/aprs_ws/src/ros2_controllers/forward_command_controller -DCMAKE_INSTALL_PREFIX=/home/aprs/aprs/aprs_ws/install/forward_command_controller
[0.203s] -- The CXX compiler identification is GNU 11.4.0
[0.203s] -- Detecting CXX compiler ABI info
[0.203s] -- Detecting CXX compiler ABI info - done
[0.203s] -- Check for working CXX compiler: /usr/bin/c++ - skipped
[0.203s] -- Detecting CXX compile features
[0.203s] -- Detecting CXX compile features - done
[0.203s] -- Found ament_cmake: 2.2.1 (/opt/ros/rolling/share/ament_cmake/cmake)
[0.277s] -- Found Python3: /usr/bin/python3.10 (found version "3.10.12") found components: Interpreter 
[0.362s] -- Found backward_ros: 1.0.2 (/opt/ros/rolling/share/backward_ros/cmake)
[0.368s] -- Found libdw: /usr/lib/x86_64-linux-gnu/libdw.so  
[0.372s] -- Could NOT find libbfd (missing: LIBBFD_LIBRARY LIBBFD_INCLUDE_DIR) 
[0.372s] -- BACKWARD_HAS_UNWIND=1
[0.372s] -- BACKWARD_HAS_BACKTRACE=0
[0.372s] -- BACKWARD_HAS_BACKTRACE_SYMBOL=0
[0.372s] -- BACKWARD_HAS_DW=1
[0.372s] -- BACKWARD_HAS_BFD=0
[0.373s] -- Found Backward: /opt/ros/rolling/share/backward_ros/cmake  
[0.373s] -- Found controller_interface: 3.17.0 (/home/aprs/aprs/aprs_ws/install/controller_interface/share/controller_interface/cmake)
[0.400s] -- Found rosidl_generator_c: 4.3.0 (/opt/ros/rolling/share/rosidl_generator_c/cmake)
[0.414s] -- Found rosidl_generator_cpp: 4.3.0 (/opt/ros/rolling/share/rosidl_generator_cpp/cmake)
[0.431s] -- Using all available rosidl_typesupport_c: rosidl_typesupport_fastrtps_c;rosidl_typesupport_introspection_c
[0.445s] -- Using all available rosidl_typesupport_cpp: rosidl_typesupport_fastrtps_cpp;rosidl_typesupport_introspection_cpp
[1.255s] -- Found rmw_implementation_cmake: 7.2.1 (/opt/ros/rolling/share/rmw_implementation_cmake/cmake)
[1.258s] -- Found rmw_fastrtps_cpp: 7.3.0 (/opt/ros/rolling/share/rmw_fastrtps_cpp/cmake)
[1.366s] -- Found OpenSSL: /usr/lib/x86_64-linux-gnu/libcrypto.so (found version "3.0.2")  
[1.400s] -- Found FastRTPS: /opt/ros/rolling/include  
[1.439s] -- Using RMW implementation 'rmw_fastrtps_cpp' as default
[1.598s] -- Found generate_parameter_library: 0.3.3 (/opt/ros/rolling/share/generate_parameter_library/cmake)
[1.601s] -- Found parameter_traits: 0.3.3 (/opt/ros/rolling/share/parameter_traits/cmake)
[1.624s] -- Found realtime_tools: 2.5.0 (/opt/ros/rolling/share/realtime_tools/cmake)
[1.853s] -- Found ament_cmake_gmock: 2.2.1 (/opt/ros/rolling/share/ament_cmake_gmock/cmake)
[1.854s] -- Found controller_manager: 3.17.0 (/home/aprs/aprs/aprs_ws/install/controller_manager/share/controller_manager/cmake)
[2.040s] -- Found ros2_control_test_assets: 3.17.0 (/home/aprs/aprs/aprs_ws/install/ros2_control_test_assets/share/ros2_control_test_assets/cmake)
[2.042s] -- Found gmock sources under '/opt/ros/rolling/src/gmock_vendor': C++ tests using 'Google Mock' will be built
[2.068s] -- The C compiler identification is GNU 11.4.0
[2.074s] -- Detecting C compiler ABI info
[2.147s] -- Detecting C compiler ABI info - done
[2.156s] -- Check for working C compiler: /usr/bin/cc - skipped
[2.156s] -- Detecting C compile features
[2.156s] -- Detecting C compile features - done
[2.160s] -- Found ament_cmake_gtest: 2.2.1 (/opt/ros/rolling/share/ament_cmake_gtest/cmake)
[2.161s] -- Found gtest sources under '/opt/ros/rolling/src/gtest_vendor': C++ tests using 'Google Test' will be built
[2.232s] -- Configuring done
[2.287s] -- Generating done
[2.290s] -- Build files have been written to: /home/aprs/aprs/aprs_ws/build/forward_command_controller
[2.312s] Invoked command in '/home/aprs/aprs/aprs_ws/build/forward_command_controller' returned '0': AMENT_PREFIX_PATH=/home/aprs/aprs/aprs_ws/install/controller_manager:/home/aprs/aprs/aprs_ws/install/controller_interface:/home/aprs/aprs/aprs_ws/install/hardware_interface:/home/aprs/aprs/aprs_ws/install/ros2_control_test_assets:/home/aprs/aprs/aprs_ws/install/controller_manager_msgs:/home/aprs/aprs/aprs_ws/install/control_msgs:${AMENT_PREFIX_PATH} CMAKE_PREFIX_PATH=/home/aprs/aprs/aprs_ws/install/controller_manager:/home/aprs/aprs/aprs_ws/install/controller_interface:/home/aprs/aprs/aprs_ws/install/hardware_interface:/home/aprs/aprs/aprs_ws/install/ros2_control_test_assets:/home/aprs/aprs/aprs_ws/install/controller_manager_msgs:/home/aprs/aprs/aprs_ws/install/control_msgs:/opt/ros/rolling LD_LIBRARY_PATH=/home/aprs/aprs/aprs_ws/install/controller_manager/lib:/home/aprs/aprs/aprs_ws/install/controller_interface/lib:/home/aprs/aprs/aprs_ws/install/hardware_interface/lib:/home/aprs/aprs/aprs_ws/install/ros2_control_test_assets/lib:/home/aprs/aprs/aprs_ws/install/controller_manager_msgs/lib:/home/aprs/aprs/aprs_ws/install/control_msgs/lib:${LD_LIBRARY_PATH} PYTHONPATH=/home/aprs/aprs/aprs_ws/install/controller_manager/lib/python3.10/site-packages:/home/aprs/aprs/aprs_ws/install/controller_manager_msgs/lib/python3.10/site-packages:/home/aprs/aprs/aprs_ws/install/control_msgs/lib/python3.10/site-packages:${PYTHONPATH} /usr/bin/cmake /home/aprs/aprs/aprs_ws/src/ros2_controllers/forward_command_controller -DCMAKE_INSTALL_PREFIX=/home/aprs/aprs/aprs_ws/install/forward_command_controller
[2.312s] Invoking command in '/home/aprs/aprs/aprs_ws/build/forward_command_controller': AMENT_PREFIX_PATH=/home/aprs/aprs/aprs_ws/install/controller_manager:/home/aprs/aprs/aprs_ws/install/controller_interface:/home/aprs/aprs/aprs_ws/install/hardware_interface:/home/aprs/aprs/aprs_ws/install/ros2_control_test_assets:/home/aprs/aprs/aprs_ws/install/controller_manager_msgs:/home/aprs/aprs/aprs_ws/install/control_msgs:${AMENT_PREFIX_PATH} CMAKE_PREFIX_PATH=/home/aprs/aprs/aprs_ws/install/controller_manager:/home/aprs/aprs/aprs_ws/install/controller_interface:/home/aprs/aprs/aprs_ws/install/hardware_interface:/home/aprs/aprs/aprs_ws/install/ros2_control_test_assets:/home/aprs/aprs/aprs_ws/install/controller_manager_msgs:/home/aprs/aprs/aprs_ws/install/control_msgs:/opt/ros/rolling LD_LIBRARY_PATH=/home/aprs/aprs/aprs_ws/install/controller_manager/lib:/home/aprs/aprs/aprs_ws/install/controller_interface/lib:/home/aprs/aprs/aprs_ws/install/hardware_interface/lib:/home/aprs/aprs/aprs_ws/install/ros2_control_test_assets/lib:/home/aprs/aprs/aprs_ws/install/controller_manager_msgs/lib:/home/aprs/aprs/aprs_ws/install/control_msgs/lib:${LD_LIBRARY_PATH} PYTHONPATH=/home/aprs/aprs/aprs_ws/install/controller_manager/lib/python3.10/site-packages:/home/aprs/aprs/aprs_ws/install/controller_manager_msgs/lib/python3.10/site-packages:/home/aprs/aprs/aprs_ws/install/control_msgs/lib/python3.10/site-packages:${PYTHONPATH} /usr/bin/cmake --build /home/aprs/aprs/aprs_ws/build/forward_command_controller -- -j16 -l16
[2.394s] [ 10%] [34m[1mRunning `/opt/ros/rolling/bin/generate_parameter_library_py /home/aprs/aprs/aprs_ws/build/forward_command_controller/forward_command_controller_parameters/include//forward_command_controller_parameters.hpp /home/aprs/aprs/aprs_ws/src/ros2_controllers/forward_command_controller/src/forward_command_controller_parameters.yaml `[0m
[2.394s] [ 10%] [32mBuilding CXX object gmock/CMakeFiles/gmock_main.dir/src/gmock_main.cc.o[0m
[2.394s] [ 26%] [32mBuilding CXX object gmock/CMakeFiles/gmock.dir/src/gmock-all.cc.o[0m
[2.394s] [ 26%] [32mBuilding CXX object gmock/CMakeFiles/gmock.dir/opt/ros/rolling/src/gtest_vendor/src/gtest-all.cc.o[0m
[2.394s] [ 26%] [34m[1mRunning `/opt/ros/rolling/bin/generate_parameter_library_py /home/aprs/aprs/aprs_ws/build/forward_command_controller/multi_interface_forward_command_controller_parameters/include//multi_interface_forward_command_controller_parameters.hpp /home/aprs/aprs/aprs_ws/src/ros2_controllers/forward_command_controller/src/multi_interface_forward_command_controller_parameters.yaml `[0m
[2.516s] [ 26%] Built target forward_command_controller_parameters
[2.544s] [ 26%] Built target multi_interface_forward_command_controller_parameters
[2.572s] [ 31%] [32mBuilding CXX object CMakeFiles/forward_command_controller.dir/src/multi_interface_forward_command_controller.cpp.o[0m
[2.579s] [ 36%] [32mBuilding CXX object CMakeFiles/forward_command_controller.dir/src/forward_controllers_base.cpp.o[0m
[2.580s] [ 42%] [32mBuilding CXX object CMakeFiles/forward_command_controller.dir/src/forward_command_controller.cpp.o[0m
[4.192s] [ 47%] [32m[1mLinking CXX static library libgmock_main.a[0m
[4.404s] [ 47%] Built target gmock_main
[9.636s] [ 52%] [32m[1mLinking CXX static library libgmock.a[0m
[9.712s] [ 52%] Built target gmock
[14.568s] [ 57%] [32m[1mLinking CXX shared library libforward_command_controller.so[0m
[15.196s] [ 57%] Built target forward_command_controller
[15.239s] [ 63%] [32mBuilding CXX object CMakeFiles/test_load_forward_command_controller.dir/test/test_load_forward_command_controller.cpp.o[0m
[15.255s] [ 68%] [32mBuilding CXX object CMakeFiles/test_multi_interface_forward_command_controller.dir/test/test_multi_interface_forward_command_controller.cpp.o[0m
[15.296s] [ 73%] [32mBuilding CXX object CMakeFiles/test_forward_command_controller.dir/test/test_forward_command_controller.cpp.o[0m
[15.303s] [ 78%] [32mBuilding CXX object CMakeFiles/test_load_multi_interface_forward_command_controller.dir/test/test_load_multi_interface_forward_command_controller.cpp.o[0m
[24.770s] [ 84%] [32m[1mLinking CXX executable test_load_forward_command_controller[0m
[25.375s] [ 89%] [32m[1mLinking CXX executable test_load_multi_interface_forward_command_controller[0m
[25.487s] [ 94%] [32m[1mLinking CXX executable test_forward_command_controller[0m
[25.714s] [100%] [32m[1mLinking CXX executable test_multi_interface_forward_command_controller[0m
[26.506s] [100%] Built target test_forward_command_controller
[26.616s] [100%] Built target test_load_forward_command_controller
[26.690s] [100%] Built target test_multi_interface_forward_command_controller
[27.190s] [100%] Built target test_load_multi_interface_forward_command_controller
[27.198s] Invoked command in '/home/aprs/aprs/aprs_ws/build/forward_command_controller' returned '0': AMENT_PREFIX_PATH=/home/aprs/aprs/aprs_ws/install/controller_manager:/home/aprs/aprs/aprs_ws/install/controller_interface:/home/aprs/aprs/aprs_ws/install/hardware_interface:/home/aprs/aprs/aprs_ws/install/ros2_control_test_assets:/home/aprs/aprs/aprs_ws/install/controller_manager_msgs:/home/aprs/aprs/aprs_ws/install/control_msgs:${AMENT_PREFIX_PATH} CMAKE_PREFIX_PATH=/home/aprs/aprs/aprs_ws/install/controller_manager:/home/aprs/aprs/aprs_ws/install/controller_interface:/home/aprs/aprs/aprs_ws/install/hardware_interface:/home/aprs/aprs/aprs_ws/install/ros2_control_test_assets:/home/aprs/aprs/aprs_ws/install/controller_manager_msgs:/home/aprs/aprs/aprs_ws/install/control_msgs:/opt/ros/rolling LD_LIBRARY_PATH=/home/aprs/aprs/aprs_ws/install/controller_manager/lib:/home/aprs/aprs/aprs_ws/install/controller_interface/lib:/home/aprs/aprs/aprs_ws/install/hardware_interface/lib:/home/aprs/aprs/aprs_ws/install/ros2_control_test_assets/lib:/home/aprs/aprs/aprs_ws/install/controller_manager_msgs/lib:/home/aprs/aprs/aprs_ws/install/control_msgs/lib:${LD_LIBRARY_PATH} PYTHONPATH=/home/aprs/aprs/aprs_ws/install/controller_manager/lib/python3.10/site-packages:/home/aprs/aprs/aprs_ws/install/controller_manager_msgs/lib/python3.10/site-packages:/home/aprs/aprs/aprs_ws/install/control_msgs/lib/python3.10/site-packages:${PYTHONPATH} /usr/bin/cmake --build /home/aprs/aprs/aprs_ws/build/forward_command_controller -- -j16 -l16
[27.222s] Invoking command in '/home/aprs/aprs/aprs_ws/build/forward_command_controller': AMENT_PREFIX_PATH=/home/aprs/aprs/aprs_ws/install/controller_manager:/home/aprs/aprs/aprs_ws/install/controller_interface:/home/aprs/aprs/aprs_ws/install/hardware_interface:/home/aprs/aprs/aprs_ws/install/ros2_control_test_assets:/home/aprs/aprs/aprs_ws/install/controller_manager_msgs:/home/aprs/aprs/aprs_ws/install/control_msgs:${AMENT_PREFIX_PATH} CMAKE_PREFIX_PATH=/home/aprs/aprs/aprs_ws/install/controller_manager:/home/aprs/aprs/aprs_ws/install/controller_interface:/home/aprs/aprs/aprs_ws/install/hardware_interface:/home/aprs/aprs/aprs_ws/install/ros2_control_test_assets:/home/aprs/aprs/aprs_ws/install/controller_manager_msgs:/home/aprs/aprs/aprs_ws/install/control_msgs:/opt/ros/rolling LD_LIBRARY_PATH=/home/aprs/aprs/aprs_ws/install/controller_manager/lib:/home/aprs/aprs/aprs_ws/install/controller_interface/lib:/home/aprs/aprs/aprs_ws/install/hardware_interface/lib:/home/aprs/aprs/aprs_ws/install/ros2_control_test_assets/lib:/home/aprs/aprs/aprs_ws/install/controller_manager_msgs/lib:/home/aprs/aprs/aprs_ws/install/control_msgs/lib:${LD_LIBRARY_PATH} PYTHONPATH=/home/aprs/aprs/aprs_ws/install/controller_manager/lib/python3.10/site-packages:/home/aprs/aprs/aprs_ws/install/controller_manager_msgs/lib/python3.10/site-packages:/home/aprs/aprs/aprs_ws/install/control_msgs/lib/python3.10/site-packages:${PYTHONPATH} /usr/bin/cmake --install /home/aprs/aprs/aprs_ws/build/forward_command_controller
[27.228s] -- Install configuration: ""
[27.228s] -- Installing: /home/aprs/aprs/aprs_ws/install/forward_command_controller/include/forward_command_controller_parameters
[27.228s] -- Installing: /home/aprs/aprs/aprs_ws/install/forward_command_controller/include/forward_command_controller_parameters/forward_command_controller_parameters.hpp
[27.228s] -- Installing: /home/aprs/aprs/aprs_ws/install/forward_command_controller/include/multi_interface_forward_command_controller_parameters
[27.228s] -- Installing: /home/aprs/aprs/aprs_ws/install/forward_command_controller/include/multi_interface_forward_command_controller_parameters/multi_interface_forward_command_controller_parameters.hpp
[27.228s] -- Installing: /home/aprs/aprs/aprs_ws/install/forward_command_controller/share/forward_command_controller/forward_command_plugin.xml
[27.228s] -- Installing: /home/aprs/aprs/aprs_ws/install/forward_command_controller/include/forward_command_controller
[27.228s] -- Installing: /home/aprs/aprs/aprs_ws/install/forward_command_controller/include/forward_command_controller/forward_command_controller
[27.229s] -- Installing: /home/aprs/aprs/aprs_ws/install/forward_command_controller/include/forward_command_controller/forward_command_controller/forward_controllers_base.hpp
[27.229s] -- Installing: /home/aprs/aprs/aprs_ws/install/forward_command_controller/include/forward_command_controller/forward_command_controller/multi_interface_forward_command_controller.hpp
[27.229s] -- Installing: /home/aprs/aprs/aprs_ws/install/forward_command_controller/include/forward_command_controller/forward_command_controller/visibility_control.h
[27.229s] -- Installing: /home/aprs/aprs/aprs_ws/install/forward_command_controller/include/forward_command_controller/forward_command_controller/forward_command_controller.hpp
[27.229s] -- Installing: /home/aprs/aprs/aprs_ws/install/forward_command_controller/lib/libforward_command_controller.so
[27.233s] -- Set runtime path of "/home/aprs/aprs/aprs_ws/install/forward_command_controller/lib/libforward_command_controller.so" to ""
[27.233s] -- Installing: /home/aprs/aprs/aprs_ws/install/forward_command_controller/share/forward_command_controller/environment/library_path.sh
[27.233s] -- Installing: /home/aprs/aprs/aprs_ws/install/forward_command_controller/share/forward_command_controller/environment/library_path.dsv
[27.233s] -- Installing: /home/aprs/aprs/aprs_ws/install/forward_command_controller/share/ament_index/resource_index/package_run_dependencies/forward_command_controller
[27.233s] -- Installing: /home/aprs/aprs/aprs_ws/install/forward_command_controller/share/ament_index/resource_index/parent_prefix_path/forward_command_controller
[27.233s] -- Installing: /home/aprs/aprs/aprs_ws/install/forward_command_controller/share/forward_command_controller/environment/ament_prefix_path.sh
[27.233s] -- Installing: /home/aprs/aprs/aprs_ws/install/forward_command_controller/share/forward_command_controller/environment/ament_prefix_path.dsv
[27.233s] -- Installing: /home/aprs/aprs/aprs_ws/install/forward_command_controller/share/forward_command_controller/environment/path.sh
[27.234s] -- Installing: /home/aprs/aprs/aprs_ws/install/forward_command_controller/share/forward_command_controller/environment/path.dsv
[27.234s] -- Installing: /home/aprs/aprs/aprs_ws/install/forward_command_controller/share/forward_command_controller/local_setup.bash
[27.234s] -- Installing: /home/aprs/aprs/aprs_ws/install/forward_command_controller/share/forward_command_controller/local_setup.sh
[27.234s] -- Installing: /home/aprs/aprs/aprs_ws/install/forward_command_controller/share/forward_command_controller/local_setup.zsh
[27.234s] -- Installing: /home/aprs/aprs/aprs_ws/install/forward_command_controller/share/forward_command_controller/local_setup.dsv
[27.234s] -- Installing: /home/aprs/aprs/aprs_ws/install/forward_command_controller/share/forward_command_controller/package.dsv
[27.234s] -- Installing: /home/aprs/aprs/aprs_ws/install/forward_command_controller/share/ament_index/resource_index/packages/forward_command_controller
[27.234s] -- Installing: /home/aprs/aprs/aprs_ws/install/forward_command_controller/share/ament_index/resource_index/controller_interface__pluginlib__plugin/forward_command_controller
[27.234s] -- Installing: /home/aprs/aprs/aprs_ws/install/forward_command_controller/share/forward_command_controller/cmake/export_forward_command_controllerExport.cmake
[27.234s] -- Installing: /home/aprs/aprs/aprs_ws/install/forward_command_controller/share/forward_command_controller/cmake/export_forward_command_controllerExport-noconfig.cmake
[27.234s] -- Installing: /home/aprs/aprs/aprs_ws/install/forward_command_controller/share/forward_command_controller/cmake/ament_cmake_export_targets-extras.cmake
[27.234s] -- Installing: /home/aprs/aprs/aprs_ws/install/forward_command_controller/share/forward_command_controller/cmake/ament_cmake_export_dependencies-extras.cmake
[27.235s] -- Installing: /home/aprs/aprs/aprs_ws/install/forward_command_controller/share/forward_command_controller/cmake/forward_command_controllerConfig.cmake
[27.235s] -- Installing: /home/aprs/aprs/aprs_ws/install/forward_command_controller/share/forward_command_controller/cmake/forward_command_controllerConfig-version.cmake
[27.235s] -- Installing: /home/aprs/aprs/aprs_ws/install/forward_command_controller/share/forward_command_controller/package.xml
[27.238s] Invoked command in '/home/aprs/aprs/aprs_ws/build/forward_command_controller' returned '0': AMENT_PREFIX_PATH=/home/aprs/aprs/aprs_ws/install/controller_manager:/home/aprs/aprs/aprs_ws/install/controller_interface:/home/aprs/aprs/aprs_ws/install/hardware_interface:/home/aprs/aprs/aprs_ws/install/ros2_control_test_assets:/home/aprs/aprs/aprs_ws/install/controller_manager_msgs:/home/aprs/aprs/aprs_ws/install/control_msgs:${AMENT_PREFIX_PATH} CMAKE_PREFIX_PATH=/home/aprs/aprs/aprs_ws/install/controller_manager:/home/aprs/aprs/aprs_ws/install/controller_interface:/home/aprs/aprs/aprs_ws/install/hardware_interface:/home/aprs/aprs/aprs_ws/install/ros2_control_test_assets:/home/aprs/aprs/aprs_ws/install/controller_manager_msgs:/home/aprs/aprs/aprs_ws/install/control_msgs:/opt/ros/rolling LD_LIBRARY_PATH=/home/aprs/aprs/aprs_ws/install/controller_manager/lib:/home/aprs/aprs/aprs_ws/install/controller_interface/lib:/home/aprs/aprs/aprs_ws/install/hardware_interface/lib:/home/aprs/aprs/aprs_ws/install/ros2_control_test_assets/lib:/home/aprs/aprs/aprs_ws/install/controller_manager_msgs/lib:/home/aprs/aprs/aprs_ws/install/control_msgs/lib:${LD_LIBRARY_PATH} PYTHONPATH=/home/aprs/aprs/aprs_ws/install/controller_manager/lib/python3.10/site-packages:/home/aprs/aprs/aprs_ws/install/controller_manager_msgs/lib/python3.10/site-packages:/home/aprs/aprs/aprs_ws/install/control_msgs/lib/python3.10/site-packages:${PYTHONPATH} /usr/bin/cmake --install /home/aprs/aprs/aprs_ws/build/forward_command_controller
