[0.015s] Invoking command in '/workspaces/aprs/aprs_ws/build/franka_gz': AMENT_PREFIX_PATH=/workspaces/aprs/aprs_ws/install/gz_ros2_control:${AMENT_PREFIX_PATH} CMAKE_PREFIX_PATH=/workspaces/aprs/aprs_ws/install/gz_ros2_control:/opt/ros/rolling GZ_SIM_PLUGIn_PATH=/workspaces/aprs/aprs_ws/install/gz_ros2_control/lib/gz_ros2_control GZ_SIM_RESOURCE_PATH=/workspaces/aprs/aprs_ws/install/gz_ros2_control/share LD_LIBRARY_PATH=/workspaces/aprs/aprs_ws/install/gz_ros2_control/lib:${LD_LIBRARY_PATH} /usr/bin/cmake /workspaces/aprs/aprs_ws/src/franka_gz -DBUILD_TESTING=ON -DCMAKE_INSTALL_PREFIX=/workspaces/aprs/aprs_ws/install/franka_gz
[0.056s] -- The C compiler identification is GNU 11.3.0
[0.096s] -- The CXX compiler identification is GNU 11.3.0
[0.103s] -- Detecting C compiler ABI info
[0.148s] -- Detecting C compiler ABI info - done
[0.152s] -- Check for working C compiler: /usr/bin/cc - skipped
[0.153s] -- Detecting C compile features
[0.154s] -- Detecting C compile features - done
[0.155s] -- Detecting CXX compiler ABI info
[0.215s] -- Detecting CXX compiler ABI info - done
[0.221s] -- Check for working CXX compiler: /usr/bin/c++ - skipped
[0.221s] -- Detecting CXX compile features
[0.221s] -- Detecting CXX compile features - done
[0.223s] -- Found ament_cmake: 2.2.1 (/opt/ros/rolling/share/ament_cmake/cmake)
[0.345s] -- Found Python3: /usr/bin/python3.10 (found version "3.10.6") found components: Interpreter 
[0.434s] -- Found control_msgs: 5.0.0 (/opt/ros/rolling/share/control_msgs/cmake)
[0.465s] -- Found rosidl_generator_c: 4.3.0 (/opt/ros/rolling/share/rosidl_generator_c/cmake)
[0.475s] -- Found rosidl_generator_cpp: 4.3.0 (/opt/ros/rolling/share/rosidl_generator_cpp/cmake)
[0.488s] -- Using all available rosidl_typesupport_c: rosidl_typesupport_fastrtps_c;rosidl_typesupport_introspection_c
[0.504s] -- Using all available rosidl_typesupport_cpp: rosidl_typesupport_fastrtps_cpp;rosidl_typesupport_introspection_cpp
[1.010s] -- Found rclcpp: 22.0.0 (/opt/ros/rolling/share/rclcpp/cmake)
[1.106s] -- Found rmw_implementation_cmake: 7.2.1 (/opt/ros/rolling/share/rmw_implementation_cmake/cmake)
[1.108s] -- Found rmw_fastrtps_cpp: 7.3.0 (/opt/ros/rolling/share/rmw_fastrtps_cpp/cmake)
[1.188s] -- Found OpenSSL: /usr/lib/x86_64-linux-gnu/libcrypto.so (found version "3.0.2")  
[1.210s] -- Found FastRTPS: /opt/ros/rolling/include  
[1.252s] -- Using RMW implementation 'rmw_fastrtps_cpp' as default
[1.382s] -- Found rclcpp_action: 22.0.0 (/opt/ros/rolling/share/rclcpp_action/cmake)
[1.411s] -- Found ament_cmake_gtest: 2.2.1 (/opt/ros/rolling/share/ament_cmake_gtest/cmake)
[1.413s] -- Found ament_lint_auto: 0.15.2 (/opt/ros/rolling/share/ament_lint_auto/cmake)
[1.477s] -- Added test 'copyright' to check source files copyright and LICENSE
[1.478s] -- Added test 'flake8' to check Python code syntax and style conventions
[1.478s] -- Configured 'flake8' exclude dirs and/or files: 
[1.478s] -- Added test 'lint_cmake' to check CMake code style
[1.479s] -- Added test 'pep257' to check Python code against some of the docstring style conventions in PEP 257
[1.479s] -- Added test 'xmllint' to check XML markup files
[1.480s] -- Configuring done
[1.485s] -- Generating done
[1.487s] -- Build files have been written to: /workspaces/aprs/aprs_ws/build/franka_gz
[1.497s] Invoked command in '/workspaces/aprs/aprs_ws/build/franka_gz' returned '0': AMENT_PREFIX_PATH=/workspaces/aprs/aprs_ws/install/gz_ros2_control:${AMENT_PREFIX_PATH} CMAKE_PREFIX_PATH=/workspaces/aprs/aprs_ws/install/gz_ros2_control:/opt/ros/rolling GZ_SIM_PLUGIn_PATH=/workspaces/aprs/aprs_ws/install/gz_ros2_control/lib/gz_ros2_control GZ_SIM_RESOURCE_PATH=/workspaces/aprs/aprs_ws/install/gz_ros2_control/share LD_LIBRARY_PATH=/workspaces/aprs/aprs_ws/install/gz_ros2_control/lib:${LD_LIBRARY_PATH} /usr/bin/cmake /workspaces/aprs/aprs_ws/src/franka_gz -DBUILD_TESTING=ON -DCMAKE_INSTALL_PREFIX=/workspaces/aprs/aprs_ws/install/franka_gz
[1.499s] Invoking command in '/workspaces/aprs/aprs_ws/build/franka_gz': AMENT_PREFIX_PATH=/workspaces/aprs/aprs_ws/install/gz_ros2_control:${AMENT_PREFIX_PATH} CMAKE_PREFIX_PATH=/workspaces/aprs/aprs_ws/install/gz_ros2_control:/opt/ros/rolling GZ_SIM_PLUGIn_PATH=/workspaces/aprs/aprs_ws/install/gz_ros2_control/lib/gz_ros2_control GZ_SIM_RESOURCE_PATH=/workspaces/aprs/aprs_ws/install/gz_ros2_control/share LD_LIBRARY_PATH=/workspaces/aprs/aprs_ws/install/gz_ros2_control/lib:${LD_LIBRARY_PATH} /usr/bin/cmake --build /workspaces/aprs/aprs_ws/build/franka_gz -- -j16 -l16
[1.530s] Invoked command in '/workspaces/aprs/aprs_ws/build/franka_gz' returned '0': AMENT_PREFIX_PATH=/workspaces/aprs/aprs_ws/install/gz_ros2_control:${AMENT_PREFIX_PATH} CMAKE_PREFIX_PATH=/workspaces/aprs/aprs_ws/install/gz_ros2_control:/opt/ros/rolling GZ_SIM_PLUGIn_PATH=/workspaces/aprs/aprs_ws/install/gz_ros2_control/lib/gz_ros2_control GZ_SIM_RESOURCE_PATH=/workspaces/aprs/aprs_ws/install/gz_ros2_control/share LD_LIBRARY_PATH=/workspaces/aprs/aprs_ws/install/gz_ros2_control/lib:${LD_LIBRARY_PATH} /usr/bin/cmake --build /workspaces/aprs/aprs_ws/build/franka_gz -- -j16 -l16
[1.545s] Invoking command in '/workspaces/aprs/aprs_ws/build/franka_gz': AMENT_PREFIX_PATH=/workspaces/aprs/aprs_ws/install/gz_ros2_control:${AMENT_PREFIX_PATH} CMAKE_PREFIX_PATH=/workspaces/aprs/aprs_ws/install/gz_ros2_control:/opt/ros/rolling GZ_SIM_PLUGIn_PATH=/workspaces/aprs/aprs_ws/install/gz_ros2_control/lib/gz_ros2_control GZ_SIM_RESOURCE_PATH=/workspaces/aprs/aprs_ws/install/gz_ros2_control/share LD_LIBRARY_PATH=/workspaces/aprs/aprs_ws/install/gz_ros2_control/lib:${LD_LIBRARY_PATH} /usr/bin/cmake --install /workspaces/aprs/aprs_ws/build/franka_gz
[1.550s] -- Install configuration: ""
[1.550s] -- Installing: /workspaces/aprs/aprs_ws/install/franka_gz/share/franka_gz//launch
[1.551s] -- Installing: /workspaces/aprs/aprs_ws/install/franka_gz/share/franka_gz//launch/frankarobot.launch.py
[1.551s] -- Installing: /workspaces/aprs/aprs_ws/install/franka_gz/share/franka_gz//config
[1.551s] -- Installing: /workspaces/aprs/aprs_ws/install/franka_gz/share/franka_gz//config/franka_controller.yaml
[1.551s] -- Installing: /workspaces/aprs/aprs_ws/install/franka_gz/share/ament_index/resource_index/package_run_dependencies/franka_gz
[1.551s] -- Installing: /workspaces/aprs/aprs_ws/install/franka_gz/share/ament_index/resource_index/parent_prefix_path/franka_gz
[1.551s] -- Installing: /workspaces/aprs/aprs_ws/install/franka_gz/share/franka_gz/environment/ament_prefix_path.sh
[1.552s] -- Installing: /workspaces/aprs/aprs_ws/install/franka_gz/share/franka_gz/environment/ament_prefix_path.dsv
[1.552s] -- Installing: /workspaces/aprs/aprs_ws/install/franka_gz/share/franka_gz/environment/path.sh
[1.552s] -- Installing: /workspaces/aprs/aprs_ws/install/franka_gz/share/franka_gz/environment/path.dsv
[1.552s] -- Installing: /workspaces/aprs/aprs_ws/install/franka_gz/share/franka_gz/local_setup.bash
[1.552s] -- Installing: /workspaces/aprs/aprs_ws/install/franka_gz/share/franka_gz/local_setup.sh
[1.552s] -- Installing: /workspaces/aprs/aprs_ws/install/franka_gz/share/franka_gz/local_setup.zsh
[1.552s] -- Installing: /workspaces/aprs/aprs_ws/install/franka_gz/share/franka_gz/local_setup.dsv
[1.552s] -- Installing: /workspaces/aprs/aprs_ws/install/franka_gz/share/franka_gz/package.dsv
[1.552s] -- Installing: /workspaces/aprs/aprs_ws/install/franka_gz/share/ament_index/resource_index/packages/franka_gz
[1.552s] -- Installing: /workspaces/aprs/aprs_ws/install/franka_gz/share/franka_gz/cmake/franka_gzConfig.cmake
[1.553s] -- Installing: /workspaces/aprs/aprs_ws/install/franka_gz/share/franka_gz/cmake/franka_gzConfig-version.cmake
[1.553s] -- Installing: /workspaces/aprs/aprs_ws/install/franka_gz/share/franka_gz/package.xml
[1.555s] Invoked command in '/workspaces/aprs/aprs_ws/build/franka_gz' returned '0': AMENT_PREFIX_PATH=/workspaces/aprs/aprs_ws/install/gz_ros2_control:${AMENT_PREFIX_PATH} CMAKE_PREFIX_PATH=/workspaces/aprs/aprs_ws/install/gz_ros2_control:/opt/ros/rolling GZ_SIM_PLUGIn_PATH=/workspaces/aprs/aprs_ws/install/gz_ros2_control/lib/gz_ros2_control GZ_SIM_RESOURCE_PATH=/workspaces/aprs/aprs_ws/install/gz_ros2_control/share LD_LIBRARY_PATH=/workspaces/aprs/aprs_ws/install/gz_ros2_control/lib:${LD_LIBRARY_PATH} /usr/bin/cmake --install /workspaces/aprs/aprs_ws/build/franka_gz
