[0.206s] Invoking command in '/workspaces/aprs/aprs_ws/build/ur_robot_driver': AMENT_PREFIX_PATH=/workspaces/aprs/aprs_ws/install/ur_controllers:/workspaces/aprs/aprs_ws/install/ur_msgs:/workspaces/aprs/aprs_ws/install/ur_description:/workspaces/aprs/aprs_ws/install/ur_dashboard_msgs:${AMENT_PREFIX_PATH} CMAKE_PREFIX_PATH=/workspaces/aprs/aprs_ws/install/ur_controllers:/workspaces/aprs/aprs_ws/install/ur_msgs:/workspaces/aprs/aprs_ws/install/ur_description:/workspaces/aprs/aprs_ws/install/ur_dashboard_msgs:/workspaces/aprs/aprs_ws/install/ur_client_library:/opt/ros/humble LD_LIBRARY_PATH=/workspaces/aprs/aprs_ws/install/ur_controllers/lib:/workspaces/aprs/aprs_ws/install/ur_msgs/lib:/workspaces/aprs/aprs_ws/install/ur_dashboard_msgs/lib:/workspaces/aprs/aprs_ws/install/ur_client_library/lib:${LD_LIBRARY_PATH} PKG_CONFIG_PATH=/workspaces/aprs/aprs_ws/install/ur_client_library/lib/x86_64-linux-gnu/pkgconfig:/workspaces/aprs/aprs_ws/install/ur_client_library/lib/pkgconfig PYTHONPATH=/workspaces/aprs/aprs_ws/install/ur_msgs/local/lib/python3.10/dist-packages:/workspaces/aprs/aprs_ws/install/ur_dashboard_msgs/local/lib/python3.10/dist-packages:${PYTHONPATH} /usr/bin/cmake /workspaces/aprs/aprs_ws/src/Universal_Robots_ROS2_Driver/ur_robot_driver -DCMAKE_INSTALL_PREFIX=/workspaces/aprs/aprs_ws/install/ur_robot_driver
[0.218s] [0mur_robot_driver: You did not request a specific build type: selecting 'RelWithDebInfo'.[0m
[0.218s] -- Found ament_cmake: 1.3.5 (/opt/ros/humble/share/ament_cmake/cmake)
[0.356s] -- Found controller_manager: 2.31.0 (/opt/ros/humble/share/controller_manager/cmake)
[0.387s] -- Found rosidl_generator_c: 3.1.5 (/opt/ros/humble/share/rosidl_generator_c/cmake)
[0.389s] -- Found rosidl_adapter: 3.1.5 (/opt/ros/humble/share/rosidl_adapter/cmake)
[0.395s] -- Found rosidl_generator_cpp: 3.1.5 (/opt/ros/humble/share/rosidl_generator_cpp/cmake)
[0.404s] -- Using all available rosidl_typesupport_c: rosidl_typesupport_fastrtps_c;rosidl_typesupport_introspection_c
[0.416s] -- Using all available rosidl_typesupport_cpp: rosidl_typesupport_fastrtps_cpp;rosidl_typesupport_introspection_cpp
[0.915s] -- Found rmw_implementation_cmake: 6.1.1 (/opt/ros/humble/share/rmw_implementation_cmake/cmake)
[0.916s] -- Found rmw_fastrtps_cpp: 6.2.4 (/opt/ros/humble/share/rmw_fastrtps_cpp/cmake)
[1.103s] -- Using RMW implementation 'rmw_fastrtps_cpp' as default
[1.559s] -- Found rclpy: 3.3.10 (/opt/ros/humble/share/rclpy/cmake)
[1.559s] -- Found std_srvs: 4.2.3 (/opt/ros/humble/share/std_srvs/cmake)
[1.572s] -- Found tf2_geometry_msgs: 0.25.4 (/opt/ros/humble/share/tf2_geometry_msgs/cmake)
[1.575s] -- Found eigen3_cmake_module: 0.1.1 (/opt/ros/humble/share/eigen3_cmake_module/cmake)
[1.576s] -- Ensuring Eigen3 include directory is part of orocos-kdl CMake target
[1.785s] -- Found ur_dashboard_msgs: 2.2.8 (/workspaces/aprs/aprs_ws/install/ur_dashboard_msgs/share/ur_dashboard_msgs/cmake)
[3.223s] -- Found ur_controllers: 2.2.8 (/workspaces/aprs/aprs_ws/install/ur_controllers/share/ur_controllers/cmake)
[3.388s] -- Found parameter_traits: 0.3.6 (/opt/ros/humble/share/parameter_traits/cmake)
[3.723s] -- Found ur_description: 2.1.1 (/workspaces/aprs/aprs_ws/install/ur_description/share/ur_description/cmake)
[3.724s] -- Found launch_testing_ament_cmake: 1.0.4 (/opt/ros/humble/share/launch_testing_ament_cmake/cmake)
[3.724s] -- Found python_cmake_module: 0.10.0 (/opt/ros/humble/share/python_cmake_module/cmake)
[3.745s] -- Using PYTHON_EXECUTABLE: /usr/bin/python3
[3.745s] -- Using PYTHON_INCLUDE_DIRS: /usr/include/python3.10
[3.745s] -- Using PYTHON_LIBRARIES: /usr/lib/x86_64-linux-gnu/libpython3.10.so
[3.746s] -- Configuring done
[3.874s] -- Generating done
[3.876s] -- Build files have been written to: /workspaces/aprs/aprs_ws/build/ur_robot_driver
[3.887s] Invoked command in '/workspaces/aprs/aprs_ws/build/ur_robot_driver' returned '0': AMENT_PREFIX_PATH=/workspaces/aprs/aprs_ws/install/ur_controllers:/workspaces/aprs/aprs_ws/install/ur_msgs:/workspaces/aprs/aprs_ws/install/ur_description:/workspaces/aprs/aprs_ws/install/ur_dashboard_msgs:${AMENT_PREFIX_PATH} CMAKE_PREFIX_PATH=/workspaces/aprs/aprs_ws/install/ur_controllers:/workspaces/aprs/aprs_ws/install/ur_msgs:/workspaces/aprs/aprs_ws/install/ur_description:/workspaces/aprs/aprs_ws/install/ur_dashboard_msgs:/workspaces/aprs/aprs_ws/install/ur_client_library:/opt/ros/humble LD_LIBRARY_PATH=/workspaces/aprs/aprs_ws/install/ur_controllers/lib:/workspaces/aprs/aprs_ws/install/ur_msgs/lib:/workspaces/aprs/aprs_ws/install/ur_dashboard_msgs/lib:/workspaces/aprs/aprs_ws/install/ur_client_library/lib:${LD_LIBRARY_PATH} PKG_CONFIG_PATH=/workspaces/aprs/aprs_ws/install/ur_client_library/lib/x86_64-linux-gnu/pkgconfig:/workspaces/aprs/aprs_ws/install/ur_client_library/lib/pkgconfig PYTHONPATH=/workspaces/aprs/aprs_ws/install/ur_msgs/local/lib/python3.10/dist-packages:/workspaces/aprs/aprs_ws/install/ur_dashboard_msgs/local/lib/python3.10/dist-packages:${PYTHONPATH} /usr/bin/cmake /workspaces/aprs/aprs_ws/src/Universal_Robots_ROS2_Driver/ur_robot_driver -DCMAKE_INSTALL_PREFIX=/workspaces/aprs/aprs_ws/install/ur_robot_driver
[3.888s] Invoking command in '/workspaces/aprs/aprs_ws/build/ur_robot_driver': AMENT_PREFIX_PATH=/workspaces/aprs/aprs_ws/install/ur_controllers:/workspaces/aprs/aprs_ws/install/ur_msgs:/workspaces/aprs/aprs_ws/install/ur_description:/workspaces/aprs/aprs_ws/install/ur_dashboard_msgs:${AMENT_PREFIX_PATH} CMAKE_PREFIX_PATH=/workspaces/aprs/aprs_ws/install/ur_controllers:/workspaces/aprs/aprs_ws/install/ur_msgs:/workspaces/aprs/aprs_ws/install/ur_description:/workspaces/aprs/aprs_ws/install/ur_dashboard_msgs:/workspaces/aprs/aprs_ws/install/ur_client_library:/opt/ros/humble LD_LIBRARY_PATH=/workspaces/aprs/aprs_ws/install/ur_controllers/lib:/workspaces/aprs/aprs_ws/install/ur_msgs/lib:/workspaces/aprs/aprs_ws/install/ur_dashboard_msgs/lib:/workspaces/aprs/aprs_ws/install/ur_client_library/lib:${LD_LIBRARY_PATH} PKG_CONFIG_PATH=/workspaces/aprs/aprs_ws/install/ur_client_library/lib/x86_64-linux-gnu/pkgconfig:/workspaces/aprs/aprs_ws/install/ur_client_library/lib/pkgconfig PYTHONPATH=/workspaces/aprs/aprs_ws/install/ur_msgs/local/lib/python3.10/dist-packages:/workspaces/aprs/aprs_ws/install/ur_dashboard_msgs/local/lib/python3.10/dist-packages:${PYTHONPATH} /usr/bin/cmake --build /workspaces/aprs/aprs_ws/build/ur_robot_driver -- -j16 -l16
[3.936s] [35m[1mConsolidate compiler generated dependencies of target urscript_interface[0m
[3.936s] [35m[1mConsolidate compiler generated dependencies of target ur_ros2_control_node[0m
[3.936s] [35m[1mConsolidate compiler generated dependencies of target controller_stopper_node[0m
[3.936s] [35m[1mConsolidate compiler generated dependencies of target dashboard_client[0m
[3.937s] [35m[1mConsolidate compiler generated dependencies of target ur_robot_driver_plugin[0m
[3.954s] [  0%] Built target ament_cmake_python_copy_ur_robot_driver
[3.958s] [ 26%] Built target urscript_interface
[3.958s] [ 26%] Built target ur_ros2_control_node
[3.958s] [ 46%] Built target controller_stopper_node
[3.964s] [ 73%] Built target dashboard_client
[3.965s] [100%] Built target ur_robot_driver_plugin
[4.150s] running egg_info
[4.150s] writing ur_robot_driver.egg-info/PKG-INFO
[4.151s] writing dependency_links to ur_robot_driver.egg-info/dependency_links.txt
[4.151s] writing top-level names to ur_robot_driver.egg-info/top_level.txt
[4.152s] reading manifest file 'ur_robot_driver.egg-info/SOURCES.txt'
[4.152s] writing manifest file 'ur_robot_driver.egg-info/SOURCES.txt'
[4.177s] [100%] Built target ament_cmake_python_build_ur_robot_driver_egg
[4.189s] Invoked command in '/workspaces/aprs/aprs_ws/build/ur_robot_driver' returned '0': AMENT_PREFIX_PATH=/workspaces/aprs/aprs_ws/install/ur_controllers:/workspaces/aprs/aprs_ws/install/ur_msgs:/workspaces/aprs/aprs_ws/install/ur_description:/workspaces/aprs/aprs_ws/install/ur_dashboard_msgs:${AMENT_PREFIX_PATH} CMAKE_PREFIX_PATH=/workspaces/aprs/aprs_ws/install/ur_controllers:/workspaces/aprs/aprs_ws/install/ur_msgs:/workspaces/aprs/aprs_ws/install/ur_description:/workspaces/aprs/aprs_ws/install/ur_dashboard_msgs:/workspaces/aprs/aprs_ws/install/ur_client_library:/opt/ros/humble LD_LIBRARY_PATH=/workspaces/aprs/aprs_ws/install/ur_controllers/lib:/workspaces/aprs/aprs_ws/install/ur_msgs/lib:/workspaces/aprs/aprs_ws/install/ur_dashboard_msgs/lib:/workspaces/aprs/aprs_ws/install/ur_client_library/lib:${LD_LIBRARY_PATH} PKG_CONFIG_PATH=/workspaces/aprs/aprs_ws/install/ur_client_library/lib/x86_64-linux-gnu/pkgconfig:/workspaces/aprs/aprs_ws/install/ur_client_library/lib/pkgconfig PYTHONPATH=/workspaces/aprs/aprs_ws/install/ur_msgs/local/lib/python3.10/dist-packages:/workspaces/aprs/aprs_ws/install/ur_dashboard_msgs/local/lib/python3.10/dist-packages:${PYTHONPATH} /usr/bin/cmake --build /workspaces/aprs/aprs_ws/build/ur_robot_driver -- -j16 -l16
[4.239s] Invoking command in '/workspaces/aprs/aprs_ws/build/ur_robot_driver': AMENT_PREFIX_PATH=/workspaces/aprs/aprs_ws/install/ur_controllers:/workspaces/aprs/aprs_ws/install/ur_msgs:/workspaces/aprs/aprs_ws/install/ur_description:/workspaces/aprs/aprs_ws/install/ur_dashboard_msgs:${AMENT_PREFIX_PATH} CMAKE_PREFIX_PATH=/workspaces/aprs/aprs_ws/install/ur_controllers:/workspaces/aprs/aprs_ws/install/ur_msgs:/workspaces/aprs/aprs_ws/install/ur_description:/workspaces/aprs/aprs_ws/install/ur_dashboard_msgs:/workspaces/aprs/aprs_ws/install/ur_client_library:/opt/ros/humble LD_LIBRARY_PATH=/workspaces/aprs/aprs_ws/install/ur_controllers/lib:/workspaces/aprs/aprs_ws/install/ur_msgs/lib:/workspaces/aprs/aprs_ws/install/ur_dashboard_msgs/lib:/workspaces/aprs/aprs_ws/install/ur_client_library/lib:${LD_LIBRARY_PATH} PKG_CONFIG_PATH=/workspaces/aprs/aprs_ws/install/ur_client_library/lib/x86_64-linux-gnu/pkgconfig:/workspaces/aprs/aprs_ws/install/ur_client_library/lib/pkgconfig PYTHONPATH=/workspaces/aprs/aprs_ws/install/ur_msgs/local/lib/python3.10/dist-packages:/workspaces/aprs/aprs_ws/install/ur_dashboard_msgs/local/lib/python3.10/dist-packages:${PYTHONPATH} /usr/bin/cmake --install /workspaces/aprs/aprs_ws/build/ur_robot_driver
[4.246s] -- Install configuration: "RelWithDebInfo"
[4.246s] -- Up-to-date: /workspaces/aprs/aprs_ws/install/ur_robot_driver/share/ur_robot_driver/hardware_interface_plugin.xml
[4.246s] -- Up-to-date: /workspaces/aprs/aprs_ws/install/ur_robot_driver/lib/ur_robot_driver/dashboard_client
[4.246s] -- Up-to-date: /workspaces/aprs/aprs_ws/install/ur_robot_driver/lib/ur_robot_driver/ur_ros2_control_node
[4.246s] -- Up-to-date: /workspaces/aprs/aprs_ws/install/ur_robot_driver/lib/ur_robot_driver/controller_stopper_node
[4.247s] -- Up-to-date: /workspaces/aprs/aprs_ws/install/ur_robot_driver/lib/ur_robot_driver/urscript_interface
[4.247s] -- Up-to-date: /workspaces/aprs/aprs_ws/install/ur_robot_driver/lib/libur_robot_driver_plugin.so
[4.247s] -- Up-to-date: /workspaces/aprs/aprs_ws/install/ur_robot_driver/include
[4.247s] -- Up-to-date: /workspaces/aprs/aprs_ws/install/ur_robot_driver/include/ur_robot_driver
[4.247s] -- Up-to-date: /workspaces/aprs/aprs_ws/install/ur_robot_driver/include/ur_robot_driver/hardware_interface.hpp
[4.247s] -- Up-to-date: /workspaces/aprs/aprs_ws/install/ur_robot_driver/include/ur_robot_driver/controller_stopper.hpp
[4.247s] -- Up-to-date: /workspaces/aprs/aprs_ws/install/ur_robot_driver/include/ur_robot_driver/dashboard_client_ros.hpp
[4.248s] -- Up-to-date: /workspaces/aprs/aprs_ws/install/ur_robot_driver/include/ur_robot_driver/urcl_log_handler.hpp
[4.248s] -- Up-to-date: /workspaces/aprs/aprs_ws/install/ur_robot_driver/share/ur_robot_driver/environment/library_path.sh
[4.248s] -- Installing: /workspaces/aprs/aprs_ws/install/ur_robot_driver/share/ur_robot_driver/environment/library_path.dsv
[4.248s] -- Up-to-date: /workspaces/aprs/aprs_ws/install/ur_robot_driver/share/ur_robot_driver/resources
[4.248s] -- Up-to-date: /workspaces/aprs/aprs_ws/install/ur_robot_driver/share/ur_robot_driver/resources/rtde_input_recipe.txt
[4.248s] -- Up-to-date: /workspaces/aprs/aprs_ws/install/ur_robot_driver/share/ur_robot_driver/resources/externalcontrol-1.0.5.urcap
[4.248s] -- Up-to-date: /workspaces/aprs/aprs_ws/install/ur_robot_driver/share/ur_robot_driver/resources/rs485-1.0.urcap
[4.248s] -- Up-to-date: /workspaces/aprs/aprs_ws/install/ur_robot_driver/share/ur_robot_driver/resources/ros_control.urscript
[4.248s] -- Up-to-date: /workspaces/aprs/aprs_ws/install/ur_robot_driver/share/ur_robot_driver/resources/rtde_output_recipe.txt
[4.248s] -- Up-to-date: /workspaces/aprs/aprs_ws/install/ur_robot_driver/include
[4.248s] -- Up-to-date: /workspaces/aprs/aprs_ws/install/ur_robot_driver/include/ur_robot_driver
[4.248s] -- Up-to-date: /workspaces/aprs/aprs_ws/install/ur_robot_driver/include/ur_robot_driver/hardware_interface.hpp
[4.248s] -- Up-to-date: /workspaces/aprs/aprs_ws/install/ur_robot_driver/include/ur_robot_driver/controller_stopper.hpp
[4.248s] -- Up-to-date: /workspaces/aprs/aprs_ws/install/ur_robot_driver/include/ur_robot_driver/dashboard_client_ros.hpp
[4.248s] -- Up-to-date: /workspaces/aprs/aprs_ws/install/ur_robot_driver/include/ur_robot_driver/urcl_log_handler.hpp
[4.248s] -- Up-to-date: /workspaces/aprs/aprs_ws/install/ur_robot_driver/share/ur_robot_driver/environment/pythonpath.sh
[4.249s] -- Installing: /workspaces/aprs/aprs_ws/install/ur_robot_driver/share/ur_robot_driver/environment/pythonpath.dsv
[4.249s] -- Up-to-date: /workspaces/aprs/aprs_ws/install/ur_robot_driver/local/lib/python3.10/dist-packages/ur_robot_driver-2.2.8-py3.10.egg-info
[4.249s] -- Installing: /workspaces/aprs/aprs_ws/install/ur_robot_driver/local/lib/python3.10/dist-packages/ur_robot_driver-2.2.8-py3.10.egg-info/dependency_links.txt
[4.249s] -- Installing: /workspaces/aprs/aprs_ws/install/ur_robot_driver/local/lib/python3.10/dist-packages/ur_robot_driver-2.2.8-py3.10.egg-info/top_level.txt
[4.249s] -- Installing: /workspaces/aprs/aprs_ws/install/ur_robot_driver/local/lib/python3.10/dist-packages/ur_robot_driver-2.2.8-py3.10.egg-info/PKG-INFO
[4.249s] -- Installing: /workspaces/aprs/aprs_ws/install/ur_robot_driver/local/lib/python3.10/dist-packages/ur_robot_driver-2.2.8-py3.10.egg-info/SOURCES.txt
[4.249s] -- Up-to-date: /workspaces/aprs/aprs_ws/install/ur_robot_driver/local/lib/python3.10/dist-packages/ur_robot_driver
[4.249s] -- Up-to-date: /workspaces/aprs/aprs_ws/install/ur_robot_driver/local/lib/python3.10/dist-packages/ur_robot_driver/__init__.py
[4.274s] Listing '/workspaces/aprs/aprs_ws/install/ur_robot_driver/local/lib/python3.10/dist-packages/ur_robot_driver'...
[4.276s] -- Up-to-date: /workspaces/aprs/aprs_ws/install/ur_robot_driver/lib/ur_robot_driver/tool_communication.py
[4.276s] -- Up-to-date: /workspaces/aprs/aprs_ws/install/ur_robot_driver/bin/wait_dashboard_server.sh
[4.276s] -- Up-to-date: /workspaces/aprs/aprs_ws/install/ur_robot_driver/lib/ur_robot_driver/start_ursim.sh
[4.276s] -- Up-to-date: /workspaces/aprs/aprs_ws/install/ur_robot_driver/share/ur_robot_driver/config
[4.277s] -- Up-to-date: /workspaces/aprs/aprs_ws/install/ur_robot_driver/share/ur_robot_driver/config/ur5_update_rate.yaml
[4.277s] -- Up-to-date: /workspaces/aprs/aprs_ws/install/ur_robot_driver/share/ur_robot_driver/config/ur16e_update_rate.yaml
[4.277s] -- Up-to-date: /workspaces/aprs/aprs_ws/install/ur_robot_driver/share/ur_robot_driver/config/test_goal_publishers_config.yaml
[4.277s] -- Up-to-date: /workspaces/aprs/aprs_ws/install/ur_robot_driver/share/ur_robot_driver/config/ur5e_update_rate.yaml
[4.277s] -- Up-to-date: /workspaces/aprs/aprs_ws/install/ur_robot_driver/share/ur_robot_driver/config/ur10_update_rate.yaml
[4.277s] -- Up-to-date: /workspaces/aprs/aprs_ws/install/ur_robot_driver/share/ur_robot_driver/config/ur3e_update_rate.yaml
[4.277s] -- Up-to-date: /workspaces/aprs/aprs_ws/install/ur_robot_driver/share/ur_robot_driver/config/ur_controllers.yaml
[4.277s] -- Up-to-date: /workspaces/aprs/aprs_ws/install/ur_robot_driver/share/ur_robot_driver/config/ur3_update_rate.yaml
[4.277s] -- Up-to-date: /workspaces/aprs/aprs_ws/install/ur_robot_driver/share/ur_robot_driver/config/test_velocity_goal_publishers_config.yaml
[4.277s] -- Up-to-date: /workspaces/aprs/aprs_ws/install/ur_robot_driver/share/ur_robot_driver/config/ur10e_update_rate.yaml
[4.277s] -- Up-to-date: /workspaces/aprs/aprs_ws/install/ur_robot_driver/share/ur_robot_driver/launch
[4.277s] -- Up-to-date: /workspaces/aprs/aprs_ws/install/ur_robot_driver/share/ur_robot_driver/launch/ur5e.launch.py
[4.277s] -- Up-to-date: /workspaces/aprs/aprs_ws/install/ur_robot_driver/share/ur_robot_driver/launch/ur3e.launch.py
[4.278s] -- Up-to-date: /workspaces/aprs/aprs_ws/install/ur_robot_driver/share/ur_robot_driver/launch/test_scaled_joint_trajectory_controller.launch.py
[4.278s] -- Up-to-date: /workspaces/aprs/aprs_ws/install/ur_robot_driver/share/ur_robot_driver/launch/ur_dashboard_client.launch.py
[4.278s] -- Up-to-date: /workspaces/aprs/aprs_ws/install/ur_robot_driver/share/ur_robot_driver/launch/ur16e.launch.py
[4.278s] -- Up-to-date: /workspaces/aprs/aprs_ws/install/ur_robot_driver/share/ur_robot_driver/launch/ur10.launch.py
[4.278s] -- Up-to-date: /workspaces/aprs/aprs_ws/install/ur_robot_driver/share/ur_robot_driver/launch/test_forward_velocity_controller.launch.py
[4.278s] -- Up-to-date: /workspaces/aprs/aprs_ws/install/ur_robot_driver/share/ur_robot_driver/launch/ur_control.launch.py
[4.278s] -- Up-to-date: /workspaces/aprs/aprs_ws/install/ur_robot_driver/share/ur_robot_driver/launch/ur10e.launch.py
[4.278s] -- Up-to-date: /workspaces/aprs/aprs_ws/install/ur_robot_driver/share/ur_robot_driver/launch/test_joint_trajectory_controller.launch.py
[4.278s] -- Up-to-date: /workspaces/aprs/aprs_ws/install/ur_robot_driver/share/ur_robot_driver/launch/ur5.launch.py
[4.278s] -- Up-to-date: /workspaces/aprs/aprs_ws/install/ur_robot_driver/share/ur_robot_driver/launch/ur3.launch.py
[4.278s] -- Up-to-date: /workspaces/aprs/aprs_ws/install/ur_robot_driver/share/ament_index/resource_index/package_run_dependencies/ur_robot_driver
[4.278s] -- Up-to-date: /workspaces/aprs/aprs_ws/install/ur_robot_driver/share/ament_index/resource_index/parent_prefix_path/ur_robot_driver
[4.278s] -- Up-to-date: /workspaces/aprs/aprs_ws/install/ur_robot_driver/share/ur_robot_driver/environment/ament_prefix_path.sh
[4.278s] -- Installing: /workspaces/aprs/aprs_ws/install/ur_robot_driver/share/ur_robot_driver/environment/ament_prefix_path.dsv
[4.278s] -- Up-to-date: /workspaces/aprs/aprs_ws/install/ur_robot_driver/share/ur_robot_driver/environment/path.sh
[4.278s] -- Installing: /workspaces/aprs/aprs_ws/install/ur_robot_driver/share/ur_robot_driver/environment/path.dsv
[4.278s] -- Up-to-date: /workspaces/aprs/aprs_ws/install/ur_robot_driver/share/ur_robot_driver/local_setup.bash
[4.278s] -- Up-to-date: /workspaces/aprs/aprs_ws/install/ur_robot_driver/share/ur_robot_driver/local_setup.sh
[4.279s] -- Up-to-date: /workspaces/aprs/aprs_ws/install/ur_robot_driver/share/ur_robot_driver/local_setup.zsh
[4.279s] -- Installing: /workspaces/aprs/aprs_ws/install/ur_robot_driver/share/ur_robot_driver/local_setup.dsv
[4.279s] -- Installing: /workspaces/aprs/aprs_ws/install/ur_robot_driver/share/ur_robot_driver/package.dsv
[4.279s] -- Up-to-date: /workspaces/aprs/aprs_ws/install/ur_robot_driver/share/ament_index/resource_index/packages/ur_robot_driver
[4.279s] -- Up-to-date: /workspaces/aprs/aprs_ws/install/ur_robot_driver/share/ament_index/resource_index/hardware_interface__pluginlib__plugin/ur_robot_driver
[4.279s] -- Up-to-date: /workspaces/aprs/aprs_ws/install/ur_robot_driver/share/ur_robot_driver/cmake/ament_cmake_export_include_directories-extras.cmake
[4.279s] -- Up-to-date: /workspaces/aprs/aprs_ws/install/ur_robot_driver/share/ur_robot_driver/cmake/ament_cmake_export_libraries-extras.cmake
[4.279s] -- Up-to-date: /workspaces/aprs/aprs_ws/install/ur_robot_driver/share/ur_robot_driver/cmake/ament_cmake_export_dependencies-extras.cmake
[4.279s] -- Up-to-date: /workspaces/aprs/aprs_ws/install/ur_robot_driver/share/ur_robot_driver/cmake/ur_robot_driverConfig.cmake
[4.279s] -- Up-to-date: /workspaces/aprs/aprs_ws/install/ur_robot_driver/share/ur_robot_driver/cmake/ur_robot_driverConfig-version.cmake
[4.279s] -- Up-to-date: /workspaces/aprs/aprs_ws/install/ur_robot_driver/share/ur_robot_driver/package.xml
[4.281s] Invoked command in '/workspaces/aprs/aprs_ws/build/ur_robot_driver' returned '0': AMENT_PREFIX_PATH=/workspaces/aprs/aprs_ws/install/ur_controllers:/workspaces/aprs/aprs_ws/install/ur_msgs:/workspaces/aprs/aprs_ws/install/ur_description:/workspaces/aprs/aprs_ws/install/ur_dashboard_msgs:${AMENT_PREFIX_PATH} CMAKE_PREFIX_PATH=/workspaces/aprs/aprs_ws/install/ur_controllers:/workspaces/aprs/aprs_ws/install/ur_msgs:/workspaces/aprs/aprs_ws/install/ur_description:/workspaces/aprs/aprs_ws/install/ur_dashboard_msgs:/workspaces/aprs/aprs_ws/install/ur_client_library:/opt/ros/humble LD_LIBRARY_PATH=/workspaces/aprs/aprs_ws/install/ur_controllers/lib:/workspaces/aprs/aprs_ws/install/ur_msgs/lib:/workspaces/aprs/aprs_ws/install/ur_dashboard_msgs/lib:/workspaces/aprs/aprs_ws/install/ur_client_library/lib:${LD_LIBRARY_PATH} PKG_CONFIG_PATH=/workspaces/aprs/aprs_ws/install/ur_client_library/lib/x86_64-linux-gnu/pkgconfig:/workspaces/aprs/aprs_ws/install/ur_client_library/lib/pkgconfig PYTHONPATH=/workspaces/aprs/aprs_ws/install/ur_msgs/local/lib/python3.10/dist-packages:/workspaces/aprs/aprs_ws/install/ur_dashboard_msgs/local/lib/python3.10/dist-packages:${PYTHONPATH} /usr/bin/cmake --install /workspaces/aprs/aprs_ws/build/ur_robot_driver
