[1.200s] Invoking command in '/workspaces/aprs/aprs_ws/build/point_cloud': CMAKE_PREFIX_PATH=/workspaces/aprs/aprs_ws/install/realsense2_description:/workspaces/aprs/aprs_ws/install/worlds:/workspaces/aprs/aprs_ws/install/workbench_description:/workspaces/aprs/aprs_ws/install/vaccum_description:/workspaces/aprs/aprs_ws/install/ur_setup:/workspaces/aprs/aprs_ws/install/ur:/workspaces/aprs/aprs_ws/install/ur_calibration:/workspaces/aprs/aprs_ws/install/ur_robot_driver:/workspaces/aprs/aprs_ws/install/ur_bringup:/workspaces/aprs/aprs_ws/install/ur_controllers:/workspaces/aprs/aprs_ws/install/ur_msgs:/workspaces/aprs/aprs_ws/install/ur_moveit_config:/workspaces/aprs/aprs_ws/install/ur_gz:/workspaces/aprs/aprs_ws/install/ur_description__:/workspaces/aprs/aprs_ws/install/ur5e_moveit_config:/workspaces/aprs/aprs_ws/install/panda_moveit_config:/workspaces/aprs/aprs_ws/install/motoman_moveit_config:/workspaces/aprs/aprs_ws/install/fanuc_moveit_config:/workspaces/aprs/aprs_ws/install/aprs_moveit_config:/workspaces/aprs/aprs_ws/install/ur_description:/workspaces/aprs/aprs_ws/install/ur_dashboard_msgs:/workspaces/aprs/aprs_ws/install/ur_client_library:/workspaces/aprs/aprs_ws/install/table_description:/workspaces/aprs/aprs_ws/install/ros_gz_example_gazebo:/workspaces/aprs/aprs_ws/install/point_cloud:/workspaces/aprs/aprs_ws/install/panda_description:/workspaces/aprs/aprs_ws/install/motoman_gz:/workspaces/aprs/aprs_ws/install/motoman_description:/workspaces/aprs/aprs_ws/install/ign_ros2_control_demos:/workspaces/aprs/aprs_ws/install/gz_ros2_control_tests:/workspaces/aprs/aprs_ws/install/ign_ros2_control:/workspaces/aprs/aprs_ws/install/franka_setup:/workspaces/aprs/aprs_ws/install/franka_gz:/workspaces/aprs/aprs_ws/install/fanuc_gz:/workspaces/aprs/aprs_ws/install/fanuc_description:/workspaces/aprs/aprs_ws/install/camera_mount:/workspaces/aprs/aprs_ws/install/aprs_lab:/workspaces/aprs/aprs_ws/install/aprs_gazebo:/opt/ros/humble /usr/bin/cmake --build /workspaces/aprs/aprs_ws/build/point_cloud -- -j16 -l16
[1.418s] Built target ament_cmake_python_copy_point_cloud
[1.701s] running egg_info
[1.702s] writing point_cloud.egg-info/PKG-INFO
[1.702s] writing dependency_links to point_cloud.egg-info/dependency_links.txt
[1.702s] writing top-level names to point_cloud.egg-info/top_level.txt
[1.707s] reading manifest file 'point_cloud.egg-info/SOURCES.txt'
[1.710s] writing manifest file 'point_cloud.egg-info/SOURCES.txt'
[1.808s] Built target ament_cmake_python_build_point_cloud_egg
[2.168s] Invoked command in '/workspaces/aprs/aprs_ws/build/point_cloud' returned '0': CMAKE_PREFIX_PATH=/workspaces/aprs/aprs_ws/install/realsense2_description:/workspaces/aprs/aprs_ws/install/worlds:/workspaces/aprs/aprs_ws/install/workbench_description:/workspaces/aprs/aprs_ws/install/vaccum_description:/workspaces/aprs/aprs_ws/install/ur_setup:/workspaces/aprs/aprs_ws/install/ur:/workspaces/aprs/aprs_ws/install/ur_calibration:/workspaces/aprs/aprs_ws/install/ur_robot_driver:/workspaces/aprs/aprs_ws/install/ur_bringup:/workspaces/aprs/aprs_ws/install/ur_controllers:/workspaces/aprs/aprs_ws/install/ur_msgs:/workspaces/aprs/aprs_ws/install/ur_moveit_config:/workspaces/aprs/aprs_ws/install/ur_gz:/workspaces/aprs/aprs_ws/install/ur_description__:/workspaces/aprs/aprs_ws/install/ur5e_moveit_config:/workspaces/aprs/aprs_ws/install/panda_moveit_config:/workspaces/aprs/aprs_ws/install/motoman_moveit_config:/workspaces/aprs/aprs_ws/install/fanuc_moveit_config:/workspaces/aprs/aprs_ws/install/aprs_moveit_config:/workspaces/aprs/aprs_ws/install/ur_description:/workspaces/aprs/aprs_ws/install/ur_dashboard_msgs:/workspaces/aprs/aprs_ws/install/ur_client_library:/workspaces/aprs/aprs_ws/install/table_description:/workspaces/aprs/aprs_ws/install/ros_gz_example_gazebo:/workspaces/aprs/aprs_ws/install/point_cloud:/workspaces/aprs/aprs_ws/install/panda_description:/workspaces/aprs/aprs_ws/install/motoman_gz:/workspaces/aprs/aprs_ws/install/motoman_description:/workspaces/aprs/aprs_ws/install/ign_ros2_control_demos:/workspaces/aprs/aprs_ws/install/gz_ros2_control_tests:/workspaces/aprs/aprs_ws/install/ign_ros2_control:/workspaces/aprs/aprs_ws/install/franka_setup:/workspaces/aprs/aprs_ws/install/franka_gz:/workspaces/aprs/aprs_ws/install/fanuc_gz:/workspaces/aprs/aprs_ws/install/fanuc_description:/workspaces/aprs/aprs_ws/install/camera_mount:/workspaces/aprs/aprs_ws/install/aprs_lab:/workspaces/aprs/aprs_ws/install/aprs_gazebo:/opt/ros/humble /usr/bin/cmake --build /workspaces/aprs/aprs_ws/build/point_cloud -- -j16 -l16
[2.313s] Invoking command in '/workspaces/aprs/aprs_ws/build/point_cloud': CMAKE_PREFIX_PATH=/workspaces/aprs/aprs_ws/install/realsense2_description:/workspaces/aprs/aprs_ws/install/worlds:/workspaces/aprs/aprs_ws/install/workbench_description:/workspaces/aprs/aprs_ws/install/vaccum_description:/workspaces/aprs/aprs_ws/install/ur_setup:/workspaces/aprs/aprs_ws/install/ur:/workspaces/aprs/aprs_ws/install/ur_calibration:/workspaces/aprs/aprs_ws/install/ur_robot_driver:/workspaces/aprs/aprs_ws/install/ur_bringup:/workspaces/aprs/aprs_ws/install/ur_controllers:/workspaces/aprs/aprs_ws/install/ur_msgs:/workspaces/aprs/aprs_ws/install/ur_moveit_config:/workspaces/aprs/aprs_ws/install/ur_gz:/workspaces/aprs/aprs_ws/install/ur_description__:/workspaces/aprs/aprs_ws/install/ur5e_moveit_config:/workspaces/aprs/aprs_ws/install/panda_moveit_config:/workspaces/aprs/aprs_ws/install/motoman_moveit_config:/workspaces/aprs/aprs_ws/install/fanuc_moveit_config:/workspaces/aprs/aprs_ws/install/aprs_moveit_config:/workspaces/aprs/aprs_ws/install/ur_description:/workspaces/aprs/aprs_ws/install/ur_dashboard_msgs:/workspaces/aprs/aprs_ws/install/ur_client_library:/workspaces/aprs/aprs_ws/install/table_description:/workspaces/aprs/aprs_ws/install/ros_gz_example_gazebo:/workspaces/aprs/aprs_ws/install/point_cloud:/workspaces/aprs/aprs_ws/install/panda_description:/workspaces/aprs/aprs_ws/install/motoman_gz:/workspaces/aprs/aprs_ws/install/motoman_description:/workspaces/aprs/aprs_ws/install/ign_ros2_control_demos:/workspaces/aprs/aprs_ws/install/gz_ros2_control_tests:/workspaces/aprs/aprs_ws/install/ign_ros2_control:/workspaces/aprs/aprs_ws/install/franka_setup:/workspaces/aprs/aprs_ws/install/franka_gz:/workspaces/aprs/aprs_ws/install/fanuc_gz:/workspaces/aprs/aprs_ws/install/fanuc_description:/workspaces/aprs/aprs_ws/install/camera_mount:/workspaces/aprs/aprs_ws/install/aprs_lab:/workspaces/aprs/aprs_ws/install/aprs_gazebo:/opt/ros/humble /usr/bin/cmake --install /workspaces/aprs/aprs_ws/build/point_cloud
[2.318s] -- Install configuration: ""
[2.319s] -- Up-to-date: /workspaces/aprs/aprs_ws/install/point_cloud/share/point_cloud/environment/pythonpath.sh
[2.319s] -- Up-to-date: /workspaces/aprs/aprs_ws/install/point_cloud/share/point_cloud/environment/pythonpath.dsv
[2.319s] -- Up-to-date: /workspaces/aprs/aprs_ws/install/point_cloud/local/lib/python3.10/dist-packages/point_cloud-0.0.0-py3.10.egg-info
[2.319s] -- Installing: /workspaces/aprs/aprs_ws/install/point_cloud/local/lib/python3.10/dist-packages/point_cloud-0.0.0-py3.10.egg-info/dependency_links.txt
[2.319s] -- Installing: /workspaces/aprs/aprs_ws/install/point_cloud/local/lib/python3.10/dist-packages/point_cloud-0.0.0-py3.10.egg-info/top_level.txt
[2.320s] -- Installing: /workspaces/aprs/aprs_ws/install/point_cloud/local/lib/python3.10/dist-packages/point_cloud-0.0.0-py3.10.egg-info/PKG-INFO
[2.320s] -- Installing: /workspaces/aprs/aprs_ws/install/point_cloud/local/lib/python3.10/dist-packages/point_cloud-0.0.0-py3.10.egg-info/SOURCES.txt
[2.320s] -- Up-to-date: /workspaces/aprs/aprs_ws/install/point_cloud/local/lib/python3.10/dist-packages/point_cloud
[2.320s] -- Up-to-date: /workspaces/aprs/aprs_ws/install/point_cloud/local/lib/python3.10/dist-packages/point_cloud/__init__.py
[2.369s] Listing '/workspaces/aprs/aprs_ws/install/point_cloud/local/lib/python3.10/dist-packages/point_cloud'...
[2.376s] -- Up-to-date: /workspaces/aprs/aprs_ws/install/point_cloud/lib/point_cloud/point_cloud.py
[2.377s] -- Up-to-date: /workspaces/aprs/aprs_ws/install/point_cloud/share/point_cloud/environment/library_path.sh
[2.377s] -- Up-to-date: /workspaces/aprs/aprs_ws/install/point_cloud/share/point_cloud/environment/library_path.dsv
[2.377s] -- Up-to-date: /workspaces/aprs/aprs_ws/install/point_cloud/share/ament_index/resource_index/package_run_dependencies/point_cloud
[2.378s] -- Up-to-date: /workspaces/aprs/aprs_ws/install/point_cloud/share/ament_index/resource_index/parent_prefix_path/point_cloud
[2.378s] -- Up-to-date: /workspaces/aprs/aprs_ws/install/point_cloud/share/point_cloud/environment/ament_prefix_path.sh
[2.378s] -- Up-to-date: /workspaces/aprs/aprs_ws/install/point_cloud/share/point_cloud/environment/ament_prefix_path.dsv
[2.379s] -- Up-to-date: /workspaces/aprs/aprs_ws/install/point_cloud/share/point_cloud/environment/path.sh
[2.379s] -- Up-to-date: /workspaces/aprs/aprs_ws/install/point_cloud/share/point_cloud/environment/path.dsv
[2.379s] -- Up-to-date: /workspaces/aprs/aprs_ws/install/point_cloud/share/point_cloud/local_setup.bash
[2.379s] -- Up-to-date: /workspaces/aprs/aprs_ws/install/point_cloud/share/point_cloud/local_setup.sh
[2.379s] -- Up-to-date: /workspaces/aprs/aprs_ws/install/point_cloud/share/point_cloud/local_setup.zsh
[2.380s] -- Up-to-date: /workspaces/aprs/aprs_ws/install/point_cloud/share/point_cloud/local_setup.dsv
[2.380s] -- Installing: /workspaces/aprs/aprs_ws/install/point_cloud/share/point_cloud/package.dsv
[2.380s] -- Up-to-date: /workspaces/aprs/aprs_ws/install/point_cloud/share/ament_index/resource_index/packages/point_cloud
[2.380s] -- Up-to-date: /workspaces/aprs/aprs_ws/install/point_cloud/share/point_cloud/cmake/ament_cmake_export_libraries-extras.cmake
[2.381s] -- Up-to-date: /workspaces/aprs/aprs_ws/install/point_cloud/share/point_cloud/cmake/ament_cmake_export_dependencies-extras.cmake
[2.381s] -- Up-to-date: /workspaces/aprs/aprs_ws/install/point_cloud/share/point_cloud/cmake/point_cloudConfig.cmake
[2.381s] -- Up-to-date: /workspaces/aprs/aprs_ws/install/point_cloud/share/point_cloud/cmake/point_cloudConfig-version.cmake
[2.381s] -- Up-to-date: /workspaces/aprs/aprs_ws/install/point_cloud/share/point_cloud/package.xml
[2.427s] Invoked command in '/workspaces/aprs/aprs_ws/build/point_cloud' returned '0': CMAKE_PREFIX_PATH=/workspaces/aprs/aprs_ws/install/realsense2_description:/workspaces/aprs/aprs_ws/install/worlds:/workspaces/aprs/aprs_ws/install/workbench_description:/workspaces/aprs/aprs_ws/install/vaccum_description:/workspaces/aprs/aprs_ws/install/ur_setup:/workspaces/aprs/aprs_ws/install/ur:/workspaces/aprs/aprs_ws/install/ur_calibration:/workspaces/aprs/aprs_ws/install/ur_robot_driver:/workspaces/aprs/aprs_ws/install/ur_bringup:/workspaces/aprs/aprs_ws/install/ur_controllers:/workspaces/aprs/aprs_ws/install/ur_msgs:/workspaces/aprs/aprs_ws/install/ur_moveit_config:/workspaces/aprs/aprs_ws/install/ur_gz:/workspaces/aprs/aprs_ws/install/ur_description__:/workspaces/aprs/aprs_ws/install/ur5e_moveit_config:/workspaces/aprs/aprs_ws/install/panda_moveit_config:/workspaces/aprs/aprs_ws/install/motoman_moveit_config:/workspaces/aprs/aprs_ws/install/fanuc_moveit_config:/workspaces/aprs/aprs_ws/install/aprs_moveit_config:/workspaces/aprs/aprs_ws/install/ur_description:/workspaces/aprs/aprs_ws/install/ur_dashboard_msgs:/workspaces/aprs/aprs_ws/install/ur_client_library:/workspaces/aprs/aprs_ws/install/table_description:/workspaces/aprs/aprs_ws/install/ros_gz_example_gazebo:/workspaces/aprs/aprs_ws/install/point_cloud:/workspaces/aprs/aprs_ws/install/panda_description:/workspaces/aprs/aprs_ws/install/motoman_gz:/workspaces/aprs/aprs_ws/install/motoman_description:/workspaces/aprs/aprs_ws/install/ign_ros2_control_demos:/workspaces/aprs/aprs_ws/install/gz_ros2_control_tests:/workspaces/aprs/aprs_ws/install/ign_ros2_control:/workspaces/aprs/aprs_ws/install/franka_setup:/workspaces/aprs/aprs_ws/install/franka_gz:/workspaces/aprs/aprs_ws/install/fanuc_gz:/workspaces/aprs/aprs_ws/install/fanuc_description:/workspaces/aprs/aprs_ws/install/camera_mount:/workspaces/aprs/aprs_ws/install/aprs_lab:/workspaces/aprs/aprs_ws/install/aprs_gazebo:/opt/ros/humble /usr/bin/cmake --install /workspaces/aprs/aprs_ws/build/point_cloud
