[0.064s] Invoking command in '/home/aprs/aprs/aprs_ws/build/camera_mount': CMAKE_PREFIX_PATH=${CMAKE_PREFIX_PATH}:/home/aprs/aprs/aprs_ws/install/conveyor_controller:/opt/ros/humble /usr/bin/cmake --build /home/aprs/aprs/aprs_ws/build/camera_mount -- -j16 -l16
[0.335s] Invoked command in '/home/aprs/aprs/aprs_ws/build/camera_mount' returned '0': CMAKE_PREFIX_PATH=${CMAKE_PREFIX_PATH}:/home/aprs/aprs/aprs_ws/install/conveyor_controller:/opt/ros/humble /usr/bin/cmake --build /home/aprs/aprs/aprs_ws/build/camera_mount -- -j16 -l16
[0.362s] Invoking command in '/home/aprs/aprs/aprs_ws/build/camera_mount': CMAKE_PREFIX_PATH=${CMAKE_PREFIX_PATH}:/home/aprs/aprs/aprs_ws/install/conveyor_controller:/opt/ros/humble /usr/bin/cmake --install /home/aprs/aprs/aprs_ws/build/camera_mount
[0.425s] -- Install configuration: ""
[0.426s] -- Up-to-date: /home/aprs/aprs/aprs_ws/install/camera_mount/share/camera_mount/meshes
[0.426s] -- Up-to-date: /home/aprs/aprs/aprs_ws/install/camera_mount/share/camera_mount/meshes/image001.png
[0.426s] -- Up-to-date: /home/aprs/aprs/aprs_ws/install/camera_mount/share/camera_mount/meshes/camera_mount.STL
[0.426s] -- Up-to-date: /home/aprs/aprs/aprs_ws/install/camera_mount/share/camera_mount/meshes/camera.stl
[0.426s] -- Up-to-date: /home/aprs/aprs/aprs_ws/install/camera_mount/share/camera_mount/urdf
[0.427s] -- Up-to-date: /home/aprs/aprs/aprs_ws/install/camera_mount/share/camera_mount/urdf/camera_mount.urdf.xacro
[0.427s] -- Up-to-date: /home/aprs/aprs/aprs_ws/install/camera_mount/share/camera_mount/urdf
[0.427s] -- Up-to-date: /home/aprs/aprs/aprs_ws/install/camera_mount/share/camera_mount/urdf/camera_mount.urdf.xacro
[0.428s] -- Up-to-date: /home/aprs/aprs/aprs_ws/install/camera_mount/share/camera_mount/environment/camera_mount.dsv
[0.428s] -- Up-to-date: /home/aprs/aprs/aprs_ws/install/camera_mount/share/camera_mount/environment/camera_mount.sh
[0.428s] -- Up-to-date: /home/aprs/aprs/aprs_ws/install/camera_mount/share/ament_index/resource_index/package_run_dependencies/camera_mount
[0.430s] -- Up-to-date: /home/aprs/aprs/aprs_ws/install/camera_mount/share/ament_index/resource_index/parent_prefix_path/camera_mount
[0.430s] -- Up-to-date: /home/aprs/aprs/aprs_ws/install/camera_mount/share/camera_mount/environment/ament_prefix_path.sh
[0.430s] -- Up-to-date: /home/aprs/aprs/aprs_ws/install/camera_mount/share/camera_mount/environment/ament_prefix_path.dsv
[0.431s] -- Up-to-date: /home/aprs/aprs/aprs_ws/install/camera_mount/share/camera_mount/environment/path.sh
[0.431s] -- Up-to-date: /home/aprs/aprs/aprs_ws/install/camera_mount/share/camera_mount/environment/path.dsv
[0.431s] -- Up-to-date: /home/aprs/aprs/aprs_ws/install/camera_mount/share/camera_mount/local_setup.bash
[0.431s] -- Up-to-date: /home/aprs/aprs/aprs_ws/install/camera_mount/share/camera_mount/local_setup.sh
[0.431s] -- Up-to-date: /home/aprs/aprs/aprs_ws/install/camera_mount/share/camera_mount/local_setup.zsh
[0.431s] -- Up-to-date: /home/aprs/aprs/aprs_ws/install/camera_mount/share/camera_mount/local_setup.dsv
[0.431s] -- Installing: /home/aprs/aprs/aprs_ws/install/camera_mount/share/camera_mount/package.dsv
[0.431s] -- Up-to-date: /home/aprs/aprs/aprs_ws/install/camera_mount/share/ament_index/resource_index/packages/camera_mount
[0.431s] -- Up-to-date: /home/aprs/aprs/aprs_ws/install/camera_mount/share/camera_mount/cmake/camera_mountConfig.cmake
[0.431s] -- Up-to-date: /home/aprs/aprs/aprs_ws/install/camera_mount/share/camera_mount/cmake/camera_mountConfig-version.cmake
[0.431s] -- Up-to-date: /home/aprs/aprs/aprs_ws/install/camera_mount/share/camera_mount/package.xml
[0.446s] Invoked command in '/home/aprs/aprs/aprs_ws/build/camera_mount' returned '0': CMAKE_PREFIX_PATH=${CMAKE_PREFIX_PATH}:/home/aprs/aprs/aprs_ws/install/conveyor_controller:/opt/ros/humble /usr/bin/cmake --install /home/aprs/aprs/aprs_ws/build/camera_mount
