[1.296s] Invoking command in '/workspaces/aprs/aprs_ws/build/ur_gz': CMAKE_PREFIX_PATH=${CMAKE_PREFIX_PATH}:/opt/ros/humble /usr/bin/cmake --build /workspaces/aprs/aprs_ws/build/ur_gz -- -j16 -l16
[1.837s] Invoked command in '/workspaces/aprs/aprs_ws/build/ur_gz' returned '0': CMAKE_PREFIX_PATH=${CMAKE_PREFIX_PATH}:/opt/ros/humble /usr/bin/cmake --build /workspaces/aprs/aprs_ws/build/ur_gz -- -j16 -l16
[2.435s] Invoking command in '/workspaces/aprs/aprs_ws/build/ur_gz': CMAKE_PREFIX_PATH=${CMAKE_PREFIX_PATH}:/opt/ros/humble /usr/bin/cmake --install /workspaces/aprs/aprs_ws/build/ur_gz
[2.591s] -- Install configuration: ""
[2.593s] -- Up-to-date: /workspaces/aprs/aprs_ws/install/ur_gz/share/ur_gz//launch
[2.593s] -- Up-to-date: /workspaces/aprs/aprs_ws/install/ur_gz/share/ur_gz//launch/ur_real.launch.py
[2.593s] -- Up-to-date: /workspaces/aprs/aprs_ws/install/ur_gz/share/ur_gz//launch/urrobot.launch.py
[2.593s] -- Up-to-date: /workspaces/aprs/aprs_ws/install/ur_gz/share/ur_gz//launch/s2r.launch.py
[2.597s] -- Up-to-date: /workspaces/aprs/aprs_ws/install/ur_gz/share/ur_gz//config
[2.598s] -- Up-to-date: /workspaces/aprs/aprs_ws/install/ur_gz/share/ur_gz//config/ur_controller.yaml
[2.603s] -- Up-to-date: /workspaces/aprs/aprs_ws/install/ur_gz/share/ur_gz//urdf
[2.604s] -- Up-to-date: /workspaces/aprs/aprs_ws/install/ur_gz/share/ur_gz//urdf/ur_gz_macro.xacro
[2.604s] -- Up-to-date: /workspaces/aprs/aprs_ws/install/ur_gz/share/ur_gz//urdf/ur_gz.xacro
[2.604s] -- Up-to-date: /workspaces/aprs/aprs_ws/install/ur_gz/share/ur_gz/environment/ur_gz.dsv
[2.604s] -- Up-to-date: /workspaces/aprs/aprs_ws/install/ur_gz/share/ur_gz/environment/ur_gz.sh
[2.605s] -- Up-to-date: /workspaces/aprs/aprs_ws/install/ur_gz/share/ament_index/resource_index/package_run_dependencies/ur_gz
[2.605s] -- Up-to-date: /workspaces/aprs/aprs_ws/install/ur_gz/share/ament_index/resource_index/parent_prefix_path/ur_gz
[2.605s] -- Up-to-date: /workspaces/aprs/aprs_ws/install/ur_gz/share/ur_gz/environment/ament_prefix_path.sh
[2.605s] -- Up-to-date: /workspaces/aprs/aprs_ws/install/ur_gz/share/ur_gz/environment/ament_prefix_path.dsv
[2.605s] -- Up-to-date: /workspaces/aprs/aprs_ws/install/ur_gz/share/ur_gz/environment/path.sh
[2.606s] -- Up-to-date: /workspaces/aprs/aprs_ws/install/ur_gz/share/ur_gz/environment/path.dsv
[2.607s] -- Up-to-date: /workspaces/aprs/aprs_ws/install/ur_gz/share/ur_gz/local_setup.bash
[2.607s] -- Up-to-date: /workspaces/aprs/aprs_ws/install/ur_gz/share/ur_gz/local_setup.sh
[2.607s] -- Up-to-date: /workspaces/aprs/aprs_ws/install/ur_gz/share/ur_gz/local_setup.zsh
[2.607s] -- Up-to-date: /workspaces/aprs/aprs_ws/install/ur_gz/share/ur_gz/local_setup.dsv
[2.607s] -- Installing: /workspaces/aprs/aprs_ws/install/ur_gz/share/ur_gz/package.dsv
[2.607s] -- Up-to-date: /workspaces/aprs/aprs_ws/install/ur_gz/share/ament_index/resource_index/packages/ur_gz
[2.607s] -- Up-to-date: /workspaces/aprs/aprs_ws/install/ur_gz/share/ur_gz/cmake/ur_gzConfig.cmake
[2.607s] -- Up-to-date: /workspaces/aprs/aprs_ws/install/ur_gz/share/ur_gz/cmake/ur_gzConfig-version.cmake
[2.608s] -- Up-to-date: /workspaces/aprs/aprs_ws/install/ur_gz/share/ur_gz/package.xml
[3.303s] Invoked command in '/workspaces/aprs/aprs_ws/build/ur_gz' returned '0': CMAKE_PREFIX_PATH=${CMAKE_PREFIX_PATH}:/opt/ros/humble /usr/bin/cmake --install /workspaces/aprs/aprs_ws/build/ur_gz
