[0.008s] Invoking command in '/home/aprs/aprs/aprs_ws/build/gear_ur': CMAKE_PREFIX_PATH=${CMAKE_PREFIX_PATH}:/home/aprs/aprs/aprs_ws/install/conveyor_controller:/opt/ros/humble /usr/bin/cmake --build /home/aprs/aprs/aprs_ws/build/gear_ur -- -j16 -l16
[0.044s] [35m[1mConsolidate compiler generated dependencies of target gear_ur[0m
[0.063s] [ 25%] [32mBuilding CXX object CMakeFiles/gear_ur.dir/src/gear_pick.cpp.o[0m
[4.356s] [ 50%] [32m[1mLinking CXX shared library libgear_ur.so[0m
[4.486s] [ 50%] Built target gear_ur
[4.495s] [35m[1mConsolidate compiler generated dependencies of target gear[0m
[4.513s] [ 75%] [32m[1mLinking CXX executable gear[0m
[4.683s] [100%] Built target gear
[4.693s] Invoked command in '/home/aprs/aprs/aprs_ws/build/gear_ur' returned '0': CMAKE_PREFIX_PATH=${CMAKE_PREFIX_PATH}:/home/aprs/aprs/aprs_ws/install/conveyor_controller:/opt/ros/humble /usr/bin/cmake --build /home/aprs/aprs/aprs_ws/build/gear_ur -- -j16 -l16
[4.746s] Invoking command in '/home/aprs/aprs/aprs_ws/build/gear_ur': CMAKE_PREFIX_PATH=${CMAKE_PREFIX_PATH}:/home/aprs/aprs/aprs_ws/install/conveyor_controller:/opt/ros/humble /usr/bin/cmake --install /home/aprs/aprs/aprs_ws/build/gear_ur
[4.753s] -- Install configuration: ""
[4.753s] -- Installing: /home/aprs/aprs/aprs_ws/install/gear_ur/lib/gear_ur/gear
[4.754s] -- Set runtime path of "/home/aprs/aprs/aprs_ws/install/gear_ur/lib/gear_ur/gear" to ""
[4.754s] -- Installing: /home/aprs/aprs/aprs_ws/install/gear_ur/lib/libgear_ur.so
[4.755s] -- Set runtime path of "/home/aprs/aprs/aprs_ws/install/gear_ur/lib/libgear_ur.so" to ""
[4.755s] -- Up-to-date: /home/aprs/aprs/aprs_ws/install/gear_ur/include
[4.755s] -- Up-to-date: /home/aprs/aprs/aprs_ws/install/gear_ur/include/gear_pick.hpp
[4.755s] -- Up-to-date: /home/aprs/aprs/aprs_ws/install/gear_ur/share/gear_ur/launch
[4.755s] -- Up-to-date: /home/aprs/aprs/aprs_ws/install/gear_ur/share/gear_ur/launch/moveit_test.launch.py
[4.755s] -- Up-to-date: /home/aprs/aprs/aprs_ws/install/gear_ur/share/gear_ur/environment/library_path.sh
[4.755s] -- Up-to-date: /home/aprs/aprs/aprs_ws/install/gear_ur/share/gear_ur/environment/library_path.dsv
[4.755s] -- Up-to-date: /home/aprs/aprs/aprs_ws/install/gear_ur/share/ament_index/resource_index/package_run_dependencies/gear_ur
[4.755s] -- Up-to-date: /home/aprs/aprs/aprs_ws/install/gear_ur/share/ament_index/resource_index/parent_prefix_path/gear_ur
[4.755s] -- Up-to-date: /home/aprs/aprs/aprs_ws/install/gear_ur/share/gear_ur/environment/ament_prefix_path.sh
[4.755s] -- Up-to-date: /home/aprs/aprs/aprs_ws/install/gear_ur/share/gear_ur/environment/ament_prefix_path.dsv
[4.755s] -- Up-to-date: /home/aprs/aprs/aprs_ws/install/gear_ur/share/gear_ur/environment/path.sh
[4.755s] -- Up-to-date: /home/aprs/aprs/aprs_ws/install/gear_ur/share/gear_ur/environment/path.dsv
[4.756s] -- Up-to-date: /home/aprs/aprs/aprs_ws/install/gear_ur/share/gear_ur/local_setup.bash
[4.756s] -- Up-to-date: /home/aprs/aprs/aprs_ws/install/gear_ur/share/gear_ur/local_setup.sh
[4.756s] -- Up-to-date: /home/aprs/aprs/aprs_ws/install/gear_ur/share/gear_ur/local_setup.zsh
[4.756s] -- Up-to-date: /home/aprs/aprs/aprs_ws/install/gear_ur/share/gear_ur/local_setup.dsv
[4.756s] -- Installing: /home/aprs/aprs/aprs_ws/install/gear_ur/share/gear_ur/package.dsv
[4.756s] -- Up-to-date: /home/aprs/aprs/aprs_ws/install/gear_ur/share/ament_index/resource_index/packages/gear_ur
[4.756s] -- Up-to-date: /home/aprs/aprs/aprs_ws/install/gear_ur/share/gear_ur/cmake/ament_cmake_export_libraries-extras.cmake
[4.756s] -- Up-to-date: /home/aprs/aprs/aprs_ws/install/gear_ur/share/gear_ur/cmake/ament_cmake_export_include_directories-extras.cmake
[4.756s] -- Up-to-date: /home/aprs/aprs/aprs_ws/install/gear_ur/share/gear_ur/cmake/ament_cmake_export_dependencies-extras.cmake
[4.756s] -- Up-to-date: /home/aprs/aprs/aprs_ws/install/gear_ur/share/gear_ur/cmake/gear_urConfig.cmake
[4.756s] -- Up-to-date: /home/aprs/aprs/aprs_ws/install/gear_ur/share/gear_ur/cmake/gear_urConfig-version.cmake
[4.756s] -- Up-to-date: /home/aprs/aprs/aprs_ws/install/gear_ur/share/gear_ur/package.xml
[4.757s] Invoked command in '/home/aprs/aprs/aprs_ws/build/gear_ur' returned '0': CMAKE_PREFIX_PATH=${CMAKE_PREFIX_PATH}:/home/aprs/aprs/aprs_ws/install/conveyor_controller:/opt/ros/humble /usr/bin/cmake --install /home/aprs/aprs/aprs_ws/build/gear_ur
