[0.074s] Invoking command in '/workspaces/aprs_humble/aprs_ws/build/franka_setup': CMAKE_PREFIX_PATH=/opt/ros/humble /usr/bin/cmake /workspaces/aprs_humble/aprs_ws/src/franka_setup -DBUILD_TESTING=ON -DCMAKE_INSTALL_PREFIX=/workspaces/aprs_humble/aprs_ws/install/franka_setup
[1.559s] -- The C compiler identification is GNU 11.4.0
[1.560s] -- The CXX compiler identification is GNU 11.4.0
[1.560s] -- Detecting C compiler ABI info
[1.560s] -- Detecting C compiler ABI info - done
[1.560s] -- Check for working C compiler: /usr/bin/cc - skipped
[1.560s] -- Detecting C compile features
[1.560s] -- Detecting C compile features - done
[1.560s] -- Detecting CXX compiler ABI info
[1.560s] -- Detecting CXX compiler ABI info - done
[1.560s] -- Check for working CXX compiler: /usr/bin/c++ - skipped
[1.560s] -- Detecting CXX compile features
[1.560s] -- Detecting CXX compile features - done
[1.561s] -- Found ament_cmake: 1.3.5 (/opt/ros/humble/share/ament_cmake/cmake)
[1.561s] -- Found Python3: /usr/bin/python3.10 (found version "3.10.12") found components: Interpreter 
[1.561s] -- Found moveit_ros_planning_interface: 2.5.4 (/opt/ros/humble/share/moveit_ros_planning_interface/cmake)
[2.241s] -- Found Boost: /usr/lib/x86_64-linux-gnu/cmake/Boost-1.74.0/BoostConfig.cmake (found version "1.74.0") found components: date_time filesystem program_options system thread 
[2.540s] -- Found rosidl_generator_c: 3.1.5 (/opt/ros/humble/share/rosidl_generator_c/cmake)
[2.595s] -- Found rosidl_adapter: 3.1.5 (/opt/ros/humble/share/rosidl_adapter/cmake)
[2.653s] -- Found rosidl_generator_cpp: 3.1.5 (/opt/ros/humble/share/rosidl_generator_cpp/cmake)
[2.788s] -- Using all available rosidl_typesupport_c: rosidl_typesupport_fastrtps_c;rosidl_typesupport_introspection_c
[2.906s] -- Using all available rosidl_typesupport_cpp: rosidl_typesupport_fastrtps_cpp;rosidl_typesupport_introspection_cpp
[5.803s] -- Found Boost: /usr/lib/x86_64-linux-gnu/cmake/Boost-1.74.0/BoostConfig.cmake (found version "1.74.0") found components: chrono date_time filesystem iostreams program_options regex serialization system thread 
[5.895s] -- Found Boost: /usr/lib/x86_64-linux-gnu/cmake/Boost-1.74.0/BoostConfig.cmake (found version "1.74.0") found components: filesystem 
[6.232s] -- Found rmw_implementation_cmake: 6.1.1 (/opt/ros/humble/share/rmw_implementation_cmake/cmake)
[6.260s] -- Found rmw_fastrtps_cpp: 6.2.3 (/opt/ros/humble/share/rmw_fastrtps_cpp/cmake)
[6.834s] -- Found OpenSSL: /usr/lib/x86_64-linux-gnu/libcrypto.so (found version "3.0.2")  
[6.939s] -- Found FastRTPS: /opt/ros/humble/include  
[7.157s] -- Using RMW implementation 'rmw_fastrtps_cpp' as default
[7.189s] -- Found Threads: TRUE  
[8.259s] -- library: /usr/lib/x86_64-linux-gnu/libcurl.so
[8.695s] -- Found Eigen3: TRUE (found version "3.4.0") 
[8.695s] -- Ensuring Eigen3 include directory is part of orocos-kdl CMake target
[10.911s] -- Found Boost: /usr/lib/x86_64-linux-gnu/cmake/Boost-1.74.0/BoostConfig.cmake (found version "1.74.0") found components: system filesystem date_time program_options thread chrono 
[13.719s] -- Found Boost: /usr/lib/x86_64-linux-gnu/cmake/Boost-1.74.0/BoostConfig.cmake (found version "1.74.0") found components: thread system filesystem regex date_time program_options 
[15.075s] -- Found Boost: /usr/lib/x86_64-linux-gnu/cmake/Boost-1.74.0/BoostConfig.cmake (found version "1.74.0") found components: system filesystem date_time program_options thread 
[17.929s] -- Found ament_lint_auto: 0.12.7 (/opt/ros/humble/share/ament_lint_auto/cmake)
[18.420s] -- Added test 'cppcheck' to perform static code analysis on C / C++ code
[18.420s] -- Configured cppcheck include dirs: $<BUILD_INTERFACE:/workspaces/aprs_humble/aprs_ws/src/franka_setup/include>
[18.420s] -- Configured cppcheck exclude dirs and/or files: 
[18.421s] -- Added test 'flake8' to check Python code syntax and style conventions
[18.422s] -- Added test 'lint_cmake' to check CMake code style
[18.443s] -- Added test 'pep257' to check Python code against some of the docstring style conventions in PEP 257
[18.449s] -- Added test 'uncrustify' to check C / C++ code style
[18.449s] -- Configured uncrustify additional arguments: 
[18.450s] -- Added test 'xmllint' to check XML markup files
[18.464s] -- Configuring done
[18.696s] -- Generating done
[18.723s] -- Build files have been written to: /workspaces/aprs_humble/aprs_ws/build/franka_setup
[18.948s] Invoked command in '/workspaces/aprs_humble/aprs_ws/build/franka_setup' returned '0': CMAKE_PREFIX_PATH=/opt/ros/humble /usr/bin/cmake /workspaces/aprs_humble/aprs_ws/src/franka_setup -DBUILD_TESTING=ON -DCMAKE_INSTALL_PREFIX=/workspaces/aprs_humble/aprs_ws/install/franka_setup
[18.949s] Invoking command in '/workspaces/aprs_humble/aprs_ws/build/franka_setup': CMAKE_PREFIX_PATH=/opt/ros/humble /usr/bin/cmake --build /workspaces/aprs_humble/aprs_ws/build/franka_setup -- -j16 -l16
[19.552s] [ 50%] [32mBuilding CXX object CMakeFiles/franka_setup.dir/src/franka_setup.cpp.o[0m
[35.440s] [100%] [32m[1mLinking CXX executable franka_setup[0m
[35.965s] [100%] Built target franka_setup
[36.045s] Invoked command in '/workspaces/aprs_humble/aprs_ws/build/franka_setup' returned '0': CMAKE_PREFIX_PATH=/opt/ros/humble /usr/bin/cmake --build /workspaces/aprs_humble/aprs_ws/build/franka_setup -- -j16 -l16
[36.080s] Invoking command in '/workspaces/aprs_humble/aprs_ws/build/franka_setup': CMAKE_PREFIX_PATH=/opt/ros/humble /usr/bin/cmake --install /workspaces/aprs_humble/aprs_ws/build/franka_setup
[36.096s] -- Install configuration: ""
[36.096s] -- Installing: /workspaces/aprs_humble/aprs_ws/install/franka_setup/share/franka_setup//launch
[36.096s] -- Installing: /workspaces/aprs_humble/aprs_ws/install/franka_setup/share/franka_setup//launch/franka_setup.launch.py
[36.096s] -- Installing: /workspaces/aprs_humble/aprs_ws/install/franka_setup/lib/franka_setup/franka_setup
[36.096s] -- Set runtime path of "/workspaces/aprs_humble/aprs_ws/install/franka_setup/lib/franka_setup/franka_setup" to ""
[36.097s] -- Installing: /workspaces/aprs_humble/aprs_ws/install/franka_setup/share/ament_index/resource_index/package_run_dependencies/franka_setup
[36.097s] -- Installing: /workspaces/aprs_humble/aprs_ws/install/franka_setup/share/ament_index/resource_index/parent_prefix_path/franka_setup
[36.097s] -- Installing: /workspaces/aprs_humble/aprs_ws/install/franka_setup/share/franka_setup/environment/ament_prefix_path.sh
[36.097s] -- Installing: /workspaces/aprs_humble/aprs_ws/install/franka_setup/share/franka_setup/environment/ament_prefix_path.dsv
[36.097s] -- Installing: /workspaces/aprs_humble/aprs_ws/install/franka_setup/share/franka_setup/environment/path.sh
[36.097s] -- Installing: /workspaces/aprs_humble/aprs_ws/install/franka_setup/share/franka_setup/environment/path.dsv
[36.097s] -- Installing: /workspaces/aprs_humble/aprs_ws/install/franka_setup/share/franka_setup/local_setup.bash
[36.097s] -- Installing: /workspaces/aprs_humble/aprs_ws/install/franka_setup/share/franka_setup/local_setup.sh
[36.097s] -- Installing: /workspaces/aprs_humble/aprs_ws/install/franka_setup/share/franka_setup/local_setup.zsh
[36.097s] -- Installing: /workspaces/aprs_humble/aprs_ws/install/franka_setup/share/franka_setup/local_setup.dsv
[36.097s] -- Installing: /workspaces/aprs_humble/aprs_ws/install/franka_setup/share/franka_setup/package.dsv
[36.097s] -- Installing: /workspaces/aprs_humble/aprs_ws/install/franka_setup/share/ament_index/resource_index/packages/franka_setup
[36.097s] -- Installing: /workspaces/aprs_humble/aprs_ws/install/franka_setup/share/franka_setup/cmake/franka_setupConfig.cmake
[36.097s] -- Installing: /workspaces/aprs_humble/aprs_ws/install/franka_setup/share/franka_setup/cmake/franka_setupConfig-version.cmake
[36.098s] -- Installing: /workspaces/aprs_humble/aprs_ws/install/franka_setup/share/franka_setup/package.xml
[36.101s] Invoked command in '/workspaces/aprs_humble/aprs_ws/build/franka_setup' returned '0': CMAKE_PREFIX_PATH=/opt/ros/humble /usr/bin/cmake --install /workspaces/aprs_humble/aprs_ws/build/franka_setup
