[0.861s] Invoking command in '/workspaces/aprs/aprs_ws/build/ur_moveit_config': AMENT_PREFIX_PATH=/workspaces/aprs/aprs_ws/install/ur_description:${AMENT_PREFIX_PATH} CMAKE_PREFIX_PATH=/workspaces/aprs/aprs_ws/install/ur_description:/opt/ros/humble /usr/bin/cmake --build /workspaces/aprs/aprs_ws/build/ur_moveit_config -- -j16 -l16
[0.967s] Built target ament_cmake_python_copy_ur_moveit_config
[1.105s] running egg_info
[1.105s] writing ur_moveit_config.egg-info/PKG-INFO
[1.105s] writing dependency_links to ur_moveit_config.egg-info/dependency_links.txt
[1.105s] writing top-level names to ur_moveit_config.egg-info/top_level.txt
[1.106s] reading manifest file 'ur_moveit_config.egg-info/SOURCES.txt'
[1.106s] writing manifest file 'ur_moveit_config.egg-info/SOURCES.txt'
[1.148s] Built target ament_cmake_python_build_ur_moveit_config_egg
[1.487s] Invoked command in '/workspaces/aprs/aprs_ws/build/ur_moveit_config' returned '0': AMENT_PREFIX_PATH=/workspaces/aprs/aprs_ws/install/ur_description:${AMENT_PREFIX_PATH} CMAKE_PREFIX_PATH=/workspaces/aprs/aprs_ws/install/ur_description:/opt/ros/humble /usr/bin/cmake --build /workspaces/aprs/aprs_ws/build/ur_moveit_config -- -j16 -l16
[1.799s] Invoking command in '/workspaces/aprs/aprs_ws/build/ur_moveit_config': AMENT_PREFIX_PATH=/workspaces/aprs/aprs_ws/install/ur_description:${AMENT_PREFIX_PATH} CMAKE_PREFIX_PATH=/workspaces/aprs/aprs_ws/install/ur_description:/opt/ros/humble /usr/bin/cmake --install /workspaces/aprs/aprs_ws/build/ur_moveit_config
[1.862s] -- Install configuration: ""
[1.862s] -- Up-to-date: /workspaces/aprs/aprs_ws/install/ur_moveit_config/share/ur_moveit_config/config
[1.862s] -- Up-to-date: /workspaces/aprs/aprs_ws/install/ur_moveit_config/share/ur_moveit_config/config/ompl_planning.yaml
[1.862s] -- Up-to-date: /workspaces/aprs/aprs_ws/install/ur_moveit_config/share/ur_moveit_config/config/ur_servo.yaml
[1.862s] -- Up-to-date: /workspaces/aprs/aprs_ws/install/ur_moveit_config/share/ur_moveit_config/config/kinematics.yaml
[1.862s] -- Up-to-date: /workspaces/aprs/aprs_ws/install/ur_moveit_config/share/ur_moveit_config/config/controllers.yaml
[1.863s] -- Up-to-date: /workspaces/aprs/aprs_ws/install/ur_moveit_config/share/ur_moveit_config/launch
[1.863s] -- Up-to-date: /workspaces/aprs/aprs_ws/install/ur_moveit_config/share/ur_moveit_config/launch/ur_moveit.launch.py
[1.863s] -- Up-to-date: /workspaces/aprs/aprs_ws/install/ur_moveit_config/share/ur_moveit_config/rviz
[1.863s] -- Up-to-date: /workspaces/aprs/aprs_ws/install/ur_moveit_config/share/ur_moveit_config/rviz/view_robot.rviz
[1.864s] -- Up-to-date: /workspaces/aprs/aprs_ws/install/ur_moveit_config/share/ur_moveit_config/srdf
[1.864s] -- Up-to-date: /workspaces/aprs/aprs_ws/install/ur_moveit_config/share/ur_moveit_config/srdf/ur_macro.srdf.xacro
[1.864s] -- Up-to-date: /workspaces/aprs/aprs_ws/install/ur_moveit_config/share/ur_moveit_config/srdf/ur.srdf.xacro
[1.864s] -- Up-to-date: /workspaces/aprs/aprs_ws/install/ur_moveit_config/share/ur_moveit_config/environment/pythonpath.sh
[1.864s] -- Up-to-date: /workspaces/aprs/aprs_ws/install/ur_moveit_config/share/ur_moveit_config/environment/pythonpath.dsv
[1.865s] -- Up-to-date: /workspaces/aprs/aprs_ws/install/ur_moveit_config/local/lib/python3.10/dist-packages/ur_moveit_config-2.2.8-py3.10.egg-info
[1.865s] -- Installing: /workspaces/aprs/aprs_ws/install/ur_moveit_config/local/lib/python3.10/dist-packages/ur_moveit_config-2.2.8-py3.10.egg-info/dependency_links.txt
[1.866s] -- Installing: /workspaces/aprs/aprs_ws/install/ur_moveit_config/local/lib/python3.10/dist-packages/ur_moveit_config-2.2.8-py3.10.egg-info/top_level.txt
[1.866s] -- Installing: /workspaces/aprs/aprs_ws/install/ur_moveit_config/local/lib/python3.10/dist-packages/ur_moveit_config-2.2.8-py3.10.egg-info/PKG-INFO
[1.867s] -- Installing: /workspaces/aprs/aprs_ws/install/ur_moveit_config/local/lib/python3.10/dist-packages/ur_moveit_config-2.2.8-py3.10.egg-info/SOURCES.txt
[1.867s] -- Up-to-date: /workspaces/aprs/aprs_ws/install/ur_moveit_config/local/lib/python3.10/dist-packages/ur_moveit_config
[1.867s] -- Up-to-date: /workspaces/aprs/aprs_ws/install/ur_moveit_config/local/lib/python3.10/dist-packages/ur_moveit_config/launch_common.py
[1.868s] -- Up-to-date: /workspaces/aprs/aprs_ws/install/ur_moveit_config/local/lib/python3.10/dist-packages/ur_moveit_config/__init__.py
[1.959s] Listing '/workspaces/aprs/aprs_ws/install/ur_moveit_config/local/lib/python3.10/dist-packages/ur_moveit_config'...
[1.967s] -- Up-to-date: /workspaces/aprs/aprs_ws/install/ur_moveit_config/local/lib/python3.10/dist-packages/launch_common.py
[2.060s] -- Up-to-date: /workspaces/aprs/aprs_ws/install/ur_moveit_config/share/ament_index/resource_index/package_run_dependencies/ur_moveit_config
[2.060s] -- Up-to-date: /workspaces/aprs/aprs_ws/install/ur_moveit_config/share/ament_index/resource_index/parent_prefix_path/ur_moveit_config
[2.060s] -- Up-to-date: /workspaces/aprs/aprs_ws/install/ur_moveit_config/share/ur_moveit_config/environment/ament_prefix_path.sh
[2.060s] -- Up-to-date: /workspaces/aprs/aprs_ws/install/ur_moveit_config/share/ur_moveit_config/environment/ament_prefix_path.dsv
[2.061s] -- Up-to-date: /workspaces/aprs/aprs_ws/install/ur_moveit_config/share/ur_moveit_config/environment/path.sh
[2.061s] -- Up-to-date: /workspaces/aprs/aprs_ws/install/ur_moveit_config/share/ur_moveit_config/environment/path.dsv
[2.061s] -- Up-to-date: /workspaces/aprs/aprs_ws/install/ur_moveit_config/share/ur_moveit_config/local_setup.bash
[2.061s] -- Up-to-date: /workspaces/aprs/aprs_ws/install/ur_moveit_config/share/ur_moveit_config/local_setup.sh
[2.061s] -- Up-to-date: /workspaces/aprs/aprs_ws/install/ur_moveit_config/share/ur_moveit_config/local_setup.zsh
[2.062s] -- Up-to-date: /workspaces/aprs/aprs_ws/install/ur_moveit_config/share/ur_moveit_config/local_setup.dsv
[2.062s] -- Installing: /workspaces/aprs/aprs_ws/install/ur_moveit_config/share/ur_moveit_config/package.dsv
[2.062s] -- Up-to-date: /workspaces/aprs/aprs_ws/install/ur_moveit_config/share/ament_index/resource_index/packages/ur_moveit_config
[2.062s] -- Up-to-date: /workspaces/aprs/aprs_ws/install/ur_moveit_config/share/ur_moveit_config/cmake/ur_moveit_configConfig.cmake
[2.062s] -- Up-to-date: /workspaces/aprs/aprs_ws/install/ur_moveit_config/share/ur_moveit_config/cmake/ur_moveit_configConfig-version.cmake
[2.062s] -- Up-to-date: /workspaces/aprs/aprs_ws/install/ur_moveit_config/share/ur_moveit_config/package.xml
[2.554s] Invoked command in '/workspaces/aprs/aprs_ws/build/ur_moveit_config' returned '0': AMENT_PREFIX_PATH=/workspaces/aprs/aprs_ws/install/ur_description:${AMENT_PREFIX_PATH} CMAKE_PREFIX_PATH=/workspaces/aprs/aprs_ws/install/ur_description:/opt/ros/humble /usr/bin/cmake --install /workspaces/aprs/aprs_ws/build/ur_moveit_config
