[0.781s] Invoking command in '/workspaces/aprs/aprs_ws/build/ur_msgs': CMAKE_PREFIX_PATH=${CMAKE_PREFIX_PATH}:/opt/ros/humble /usr/bin/cmake --build /workspaces/aprs/aprs_ws/build/ur_msgs -- -j16 -l16
[0.870s] [  0%] Built target ur_msgs__cpp
[0.885s] [ 12%] Built target ur_msgs__rosidl_generator_c
[0.919s] [ 12%] Built target ament_cmake_python_copy_ur_msgs
[0.967s] [ 24%] Built target ur_msgs__rosidl_typesupport_cpp
[0.967s] [ 36%] Built target ur_msgs__rosidl_typesupport_fastrtps_c
[0.967s] [ 48%] Built target ur_msgs__rosidl_typesupport_introspection_c
[0.967s] [ 59%] Built target ur_msgs__rosidl_typesupport_fastrtps_cpp
[0.980s] [ 71%] Built target ur_msgs__rosidl_typesupport_introspection_cpp
[0.980s] [ 82%] Built target ur_msgs__rosidl_typesupport_c
[1.009s] [ 82%] Built target ur_msgs
[1.051s] [ 83%] Built target ur_msgs__py
[1.119s] [ 94%] Built target ur_msgs__rosidl_generator_py
[1.119s] [ 96%] Built target ur_msgs__rosidl_typesupport_fastrtps_c__pyext
[1.127s] [ 98%] Built target ur_msgs__rosidl_typesupport_introspection_c__pyext
[1.132s] [100%] Built target ur_msgs__rosidl_typesupport_c__pyext
[1.241s] running egg_info
[1.242s] writing ur_msgs.egg-info/PKG-INFO
[1.243s] writing dependency_links to ur_msgs.egg-info/dependency_links.txt
[1.243s] writing top-level names to ur_msgs.egg-info/top_level.txt
[1.247s] reading manifest file 'ur_msgs.egg-info/SOURCES.txt'
[1.248s] writing manifest file 'ur_msgs.egg-info/SOURCES.txt'
[1.308s] [100%] Built target ament_cmake_python_build_ur_msgs_egg
[1.752s] Invoked command in '/workspaces/aprs/aprs_ws/build/ur_msgs' returned '0': CMAKE_PREFIX_PATH=${CMAKE_PREFIX_PATH}:/opt/ros/humble /usr/bin/cmake --build /workspaces/aprs/aprs_ws/build/ur_msgs -- -j16 -l16
[2.817s] Invoking command in '/workspaces/aprs/aprs_ws/build/ur_msgs': CMAKE_PREFIX_PATH=${CMAKE_PREFIX_PATH}:/opt/ros/humble /usr/bin/cmake --install /workspaces/aprs/aprs_ws/build/ur_msgs
[2.959s] -- Install configuration: ""
[2.959s] -- Up-to-date: /workspaces/aprs/aprs_ws/install/ur_msgs/share/ament_index/resource_index/rosidl_interfaces/ur_msgs
[2.959s] -- Up-to-date: /workspaces/aprs/aprs_ws/install/ur_msgs/include/ur_msgs/ur_msgs
[2.959s] -- Up-to-date: /workspaces/aprs/aprs_ws/install/ur_msgs/include/ur_msgs/ur_msgs/srv
[2.959s] -- Up-to-date: /workspaces/aprs/aprs_ws/install/ur_msgs/include/ur_msgs/ur_msgs/srv/set_speed_slider_fraction.h
[2.959s] -- Up-to-date: /workspaces/aprs/aprs_ws/install/ur_msgs/include/ur_msgs/ur_msgs/srv/set_io.h
[2.959s] -- Up-to-date: /workspaces/aprs/aprs_ws/install/ur_msgs/include/ur_msgs/ur_msgs/srv/detail
[2.959s] -- Up-to-date: /workspaces/aprs/aprs_ws/install/ur_msgs/include/ur_msgs/ur_msgs/srv/detail/set_io__struct.h
[2.959s] -- Up-to-date: /workspaces/aprs/aprs_ws/install/ur_msgs/include/ur_msgs/ur_msgs/srv/detail/set_payload__functions.h
[2.960s] -- Up-to-date: /workspaces/aprs/aprs_ws/install/ur_msgs/include/ur_msgs/ur_msgs/srv/detail/set_io__functions.c
[2.960s] -- Up-to-date: /workspaces/aprs/aprs_ws/install/ur_msgs/include/ur_msgs/ur_msgs/srv/detail/set_speed_slider_fraction__type_support.h
[2.960s] -- Up-to-date: /workspaces/aprs/aprs_ws/install/ur_msgs/include/ur_msgs/ur_msgs/srv/detail/set_payload__functions.c
[2.960s] -- Up-to-date: /workspaces/aprs/aprs_ws/install/ur_msgs/include/ur_msgs/ur_msgs/srv/detail/set_payload__struct.h
[2.960s] -- Up-to-date: /workspaces/aprs/aprs_ws/install/ur_msgs/include/ur_msgs/ur_msgs/srv/detail/set_speed_slider_fraction__functions.c
[2.960s] -- Up-to-date: /workspaces/aprs/aprs_ws/install/ur_msgs/include/ur_msgs/ur_msgs/srv/detail/set_io__type_support.h
[2.960s] -- Up-to-date: /workspaces/aprs/aprs_ws/install/ur_msgs/include/ur_msgs/ur_msgs/srv/detail/set_speed_slider_fraction__struct.h
[2.960s] -- Up-to-date: /workspaces/aprs/aprs_ws/install/ur_msgs/include/ur_msgs/ur_msgs/srv/detail/set_payload__type_support.h
[2.960s] -- Up-to-date: /workspaces/aprs/aprs_ws/install/ur_msgs/include/ur_msgs/ur_msgs/srv/detail/set_io__functions.h
[2.960s] -- Up-to-date: /workspaces/aprs/aprs_ws/install/ur_msgs/include/ur_msgs/ur_msgs/srv/detail/set_speed_slider_fraction__functions.h
[2.960s] -- Up-to-date: /workspaces/aprs/aprs_ws/install/ur_msgs/include/ur_msgs/ur_msgs/srv/set_payload.h
[2.960s] -- Up-to-date: /workspaces/aprs/aprs_ws/install/ur_msgs/include/ur_msgs/ur_msgs/msg
[2.960s] -- Up-to-date: /workspaces/aprs/aprs_ws/install/ur_msgs/include/ur_msgs/ur_msgs/msg/detail
[2.960s] -- Up-to-date: /workspaces/aprs/aprs_ws/install/ur_msgs/include/ur_msgs/ur_msgs/msg/detail/masterboard_data_msg__functions.c
[2.960s] -- Up-to-date: /workspaces/aprs/aprs_ws/install/ur_msgs/include/ur_msgs/ur_msgs/msg/detail/tool_data_msg__functions.h
[2.961s] -- Up-to-date: /workspaces/aprs/aprs_ws/install/ur_msgs/include/ur_msgs/ur_msgs/msg/detail/robot_mode_data_msg__type_support.h
[2.961s] -- Up-to-date: /workspaces/aprs/aprs_ws/install/ur_msgs/include/ur_msgs/ur_msgs/msg/detail/analog__functions.h
[2.961s] -- Up-to-date: /workspaces/aprs/aprs_ws/install/ur_msgs/include/ur_msgs/ur_msgs/msg/detail/io_states__functions.h
[2.961s] -- Up-to-date: /workspaces/aprs/aprs_ws/install/ur_msgs/include/ur_msgs/ur_msgs/msg/detail/robot_state_rt_msg__type_support.h
[2.961s] -- Up-to-date: /workspaces/aprs/aprs_ws/install/ur_msgs/include/ur_msgs/ur_msgs/msg/detail/masterboard_data_msg__struct.h
[2.961s] -- Up-to-date: /workspaces/aprs/aprs_ws/install/ur_msgs/include/ur_msgs/ur_msgs/msg/detail/analog__functions.c
[2.961s] -- Up-to-date: /workspaces/aprs/aprs_ws/install/ur_msgs/include/ur_msgs/ur_msgs/msg/detail/robot_state_rt_msg__functions.h
[2.961s] -- Up-to-date: /workspaces/aprs/aprs_ws/install/ur_msgs/include/ur_msgs/ur_msgs/msg/detail/digital__struct.h
[2.962s] -- Up-to-date: /workspaces/aprs/aprs_ws/install/ur_msgs/include/ur_msgs/ur_msgs/msg/detail/masterboard_data_msg__functions.h
[2.962s] -- Up-to-date: /workspaces/aprs/aprs_ws/install/ur_msgs/include/ur_msgs/ur_msgs/msg/detail/io_states__functions.c
[2.962s] -- Up-to-date: /workspaces/aprs/aprs_ws/install/ur_msgs/include/ur_msgs/ur_msgs/msg/detail/analog__type_support.h
[2.962s] -- Up-to-date: /workspaces/aprs/aprs_ws/install/ur_msgs/include/ur_msgs/ur_msgs/msg/detail/tool_data_msg__struct.h
[2.962s] -- Up-to-date: /workspaces/aprs/aprs_ws/install/ur_msgs/include/ur_msgs/ur_msgs/msg/detail/analog__struct.h
[2.963s] -- Up-to-date: /workspaces/aprs/aprs_ws/install/ur_msgs/include/ur_msgs/ur_msgs/msg/detail/tool_data_msg__functions.c
[2.963s] -- Up-to-date: /workspaces/aprs/aprs_ws/install/ur_msgs/include/ur_msgs/ur_msgs/msg/detail/tool_data_msg__type_support.h
[2.963s] -- Up-to-date: /workspaces/aprs/aprs_ws/install/ur_msgs/include/ur_msgs/ur_msgs/msg/detail/digital__type_support.h
[2.963s] -- Up-to-date: /workspaces/aprs/aprs_ws/install/ur_msgs/include/ur_msgs/ur_msgs/msg/detail/digital__functions.c
[2.963s] -- Up-to-date: /workspaces/aprs/aprs_ws/install/ur_msgs/include/ur_msgs/ur_msgs/msg/detail/robot_mode_data_msg__functions.c
[2.963s] -- Up-to-date: /workspaces/aprs/aprs_ws/install/ur_msgs/include/ur_msgs/ur_msgs/msg/detail/digital__functions.h
[2.963s] -- Up-to-date: /workspaces/aprs/aprs_ws/install/ur_msgs/include/ur_msgs/ur_msgs/msg/detail/io_states__type_support.h
[2.963s] -- Up-to-date: /workspaces/aprs/aprs_ws/install/ur_msgs/include/ur_msgs/ur_msgs/msg/detail/robot_mode_data_msg__functions.h
[2.963s] -- Up-to-date: /workspaces/aprs/aprs_ws/install/ur_msgs/include/ur_msgs/ur_msgs/msg/detail/io_states__struct.h
[2.963s] -- Up-to-date: /workspaces/aprs/aprs_ws/install/ur_msgs/include/ur_msgs/ur_msgs/msg/detail/robot_state_rt_msg__functions.c
[2.963s] -- Up-to-date: /workspaces/aprs/aprs_ws/install/ur_msgs/include/ur_msgs/ur_msgs/msg/detail/robot_mode_data_msg__struct.h
[2.964s] -- Up-to-date: /workspaces/aprs/aprs_ws/install/ur_msgs/include/ur_msgs/ur_msgs/msg/detail/robot_state_rt_msg__struct.h
[2.964s] -- Up-to-date: /workspaces/aprs/aprs_ws/install/ur_msgs/include/ur_msgs/ur_msgs/msg/detail/masterboard_data_msg__type_support.h
[2.964s] -- Up-to-date: /workspaces/aprs/aprs_ws/install/ur_msgs/include/ur_msgs/ur_msgs/msg/tool_data_msg.h
[2.964s] -- Up-to-date: /workspaces/aprs/aprs_ws/install/ur_msgs/include/ur_msgs/ur_msgs/msg/digital.h
[2.964s] -- Up-to-date: /workspaces/aprs/aprs_ws/install/ur_msgs/include/ur_msgs/ur_msgs/msg/robot_mode_data_msg.h
[2.964s] -- Up-to-date: /workspaces/aprs/aprs_ws/install/ur_msgs/include/ur_msgs/ur_msgs/msg/rosidl_generator_c__visibility_control.h
[2.964s] -- Up-to-date: /workspaces/aprs/aprs_ws/install/ur_msgs/include/ur_msgs/ur_msgs/msg/analog.h
[2.964s] -- Up-to-date: /workspaces/aprs/aprs_ws/install/ur_msgs/include/ur_msgs/ur_msgs/msg/robot_state_rt_msg.h
[2.964s] -- Up-to-date: /workspaces/aprs/aprs_ws/install/ur_msgs/include/ur_msgs/ur_msgs/msg/io_states.h
[2.964s] -- Up-to-date: /workspaces/aprs/aprs_ws/install/ur_msgs/include/ur_msgs/ur_msgs/msg/masterboard_data_msg.h
[2.964s] -- Up-to-date: /workspaces/aprs/aprs_ws/install/ur_msgs/share/ur_msgs/environment/library_path.sh
[2.964s] -- Up-to-date: /workspaces/aprs/aprs_ws/install/ur_msgs/share/ur_msgs/environment/library_path.dsv
[2.964s] -- Up-to-date: /workspaces/aprs/aprs_ws/install/ur_msgs/lib/libur_msgs__rosidl_generator_c.so
[2.964s] -- Up-to-date: /workspaces/aprs/aprs_ws/install/ur_msgs/include/ur_msgs/ur_msgs
[2.965s] -- Up-to-date: /workspaces/aprs/aprs_ws/install/ur_msgs/include/ur_msgs/ur_msgs/srv
[2.965s] -- Up-to-date: /workspaces/aprs/aprs_ws/install/ur_msgs/include/ur_msgs/ur_msgs/srv/detail
[2.965s] -- Up-to-date: /workspaces/aprs/aprs_ws/install/ur_msgs/include/ur_msgs/ur_msgs/srv/detail/set_speed_slider_fraction__rosidl_typesupport_fastrtps_c.h
[2.965s] -- Up-to-date: /workspaces/aprs/aprs_ws/install/ur_msgs/include/ur_msgs/ur_msgs/srv/detail/set_payload__rosidl_typesupport_fastrtps_c.h
[2.965s] -- Up-to-date: /workspaces/aprs/aprs_ws/install/ur_msgs/include/ur_msgs/ur_msgs/srv/detail/set_io__rosidl_typesupport_fastrtps_c.h
[2.965s] -- Up-to-date: /workspaces/aprs/aprs_ws/install/ur_msgs/include/ur_msgs/ur_msgs/msg
[2.965s] -- Up-to-date: /workspaces/aprs/aprs_ws/install/ur_msgs/include/ur_msgs/ur_msgs/msg/detail
[2.965s] -- Up-to-date: /workspaces/aprs/aprs_ws/install/ur_msgs/include/ur_msgs/ur_msgs/msg/detail/io_states__rosidl_typesupport_fastrtps_c.h
[2.965s] -- Up-to-date: /workspaces/aprs/aprs_ws/install/ur_msgs/include/ur_msgs/ur_msgs/msg/detail/masterboard_data_msg__rosidl_typesupport_fastrtps_c.h
[2.965s] -- Up-to-date: /workspaces/aprs/aprs_ws/install/ur_msgs/include/ur_msgs/ur_msgs/msg/detail/robot_mode_data_msg__rosidl_typesupport_fastrtps_c.h
[2.965s] -- Up-to-date: /workspaces/aprs/aprs_ws/install/ur_msgs/include/ur_msgs/ur_msgs/msg/detail/analog__rosidl_typesupport_fastrtps_c.h
[2.965s] -- Up-to-date: /workspaces/aprs/aprs_ws/install/ur_msgs/include/ur_msgs/ur_msgs/msg/detail/tool_data_msg__rosidl_typesupport_fastrtps_c.h
[2.965s] -- Up-to-date: /workspaces/aprs/aprs_ws/install/ur_msgs/include/ur_msgs/ur_msgs/msg/detail/robot_state_rt_msg__rosidl_typesupport_fastrtps_c.h
[2.966s] -- Up-to-date: /workspaces/aprs/aprs_ws/install/ur_msgs/include/ur_msgs/ur_msgs/msg/detail/digital__rosidl_typesupport_fastrtps_c.h
[2.966s] -- Up-to-date: /workspaces/aprs/aprs_ws/install/ur_msgs/include/ur_msgs/ur_msgs/msg/rosidl_typesupport_fastrtps_c__visibility_control.h
[2.966s] -- Up-to-date: /workspaces/aprs/aprs_ws/install/ur_msgs/lib/libur_msgs__rosidl_typesupport_fastrtps_c.so
[2.966s] -- Up-to-date: /workspaces/aprs/aprs_ws/install/ur_msgs/include/ur_msgs/ur_msgs
[2.966s] -- Up-to-date: /workspaces/aprs/aprs_ws/install/ur_msgs/include/ur_msgs/ur_msgs/srv
[2.966s] -- Up-to-date: /workspaces/aprs/aprs_ws/install/ur_msgs/include/ur_msgs/ur_msgs/srv/detail
[2.966s] -- Up-to-date: /workspaces/aprs/aprs_ws/install/ur_msgs/include/ur_msgs/ur_msgs/srv/detail/set_io__traits.hpp
[2.966s] -- Up-to-date: /workspaces/aprs/aprs_ws/install/ur_msgs/include/ur_msgs/ur_msgs/srv/detail/set_speed_slider_fraction__builder.hpp
[2.966s] -- Up-to-date: /workspaces/aprs/aprs_ws/install/ur_msgs/include/ur_msgs/ur_msgs/srv/detail/set_io__struct.hpp
[2.966s] -- Up-to-date: /workspaces/aprs/aprs_ws/install/ur_msgs/include/ur_msgs/ur_msgs/srv/detail/set_io__builder.hpp
[2.966s] -- Up-to-date: /workspaces/aprs/aprs_ws/install/ur_msgs/include/ur_msgs/ur_msgs/srv/detail/set_payload__struct.hpp
[2.966s] -- Up-to-date: /workspaces/aprs/aprs_ws/install/ur_msgs/include/ur_msgs/ur_msgs/srv/detail/set_payload__builder.hpp
[2.967s] -- Up-to-date: /workspaces/aprs/aprs_ws/install/ur_msgs/include/ur_msgs/ur_msgs/srv/detail/set_speed_slider_fraction__struct.hpp
[2.967s] -- Up-to-date: /workspaces/aprs/aprs_ws/install/ur_msgs/include/ur_msgs/ur_msgs/srv/detail/set_speed_slider_fraction__traits.hpp
[2.967s] -- Up-to-date: /workspaces/aprs/aprs_ws/install/ur_msgs/include/ur_msgs/ur_msgs/srv/detail/set_payload__traits.hpp
[2.967s] -- Up-to-date: /workspaces/aprs/aprs_ws/install/ur_msgs/include/ur_msgs/ur_msgs/srv/set_payload.hpp
[2.967s] -- Up-to-date: /workspaces/aprs/aprs_ws/install/ur_msgs/include/ur_msgs/ur_msgs/srv/set_io.hpp
[2.967s] -- Up-to-date: /workspaces/aprs/aprs_ws/install/ur_msgs/include/ur_msgs/ur_msgs/srv/set_speed_slider_fraction.hpp
[2.967s] -- Up-to-date: /workspaces/aprs/aprs_ws/install/ur_msgs/include/ur_msgs/ur_msgs/msg
[2.967s] -- Up-to-date: /workspaces/aprs/aprs_ws/install/ur_msgs/include/ur_msgs/ur_msgs/msg/robot_state_rt_msg.hpp
[2.967s] -- Up-to-date: /workspaces/aprs/aprs_ws/install/ur_msgs/include/ur_msgs/ur_msgs/msg/detail
[2.967s] -- Up-to-date: /workspaces/aprs/aprs_ws/install/ur_msgs/include/ur_msgs/ur_msgs/msg/detail/robot_mode_data_msg__builder.hpp
[2.967s] -- Up-to-date: /workspaces/aprs/aprs_ws/install/ur_msgs/include/ur_msgs/ur_msgs/msg/detail/tool_data_msg__struct.hpp
[2.967s] -- Up-to-date: /workspaces/aprs/aprs_ws/install/ur_msgs/include/ur_msgs/ur_msgs/msg/detail/robot_state_rt_msg__struct.hpp
[2.968s] -- Up-to-date: /workspaces/aprs/aprs_ws/install/ur_msgs/include/ur_msgs/ur_msgs/msg/detail/masterboard_data_msg__struct.hpp
[2.968s] -- Up-to-date: /workspaces/aprs/aprs_ws/install/ur_msgs/include/ur_msgs/ur_msgs/msg/detail/analog__traits.hpp
[2.968s] -- Up-to-date: /workspaces/aprs/aprs_ws/install/ur_msgs/include/ur_msgs/ur_msgs/msg/detail/masterboard_data_msg__builder.hpp
[2.968s] -- Up-to-date: /workspaces/aprs/aprs_ws/install/ur_msgs/include/ur_msgs/ur_msgs/msg/detail/tool_data_msg__traits.hpp
[2.968s] -- Up-to-date: /workspaces/aprs/aprs_ws/install/ur_msgs/include/ur_msgs/ur_msgs/msg/detail/robot_mode_data_msg__struct.hpp
[2.968s] -- Up-to-date: /workspaces/aprs/aprs_ws/install/ur_msgs/include/ur_msgs/ur_msgs/msg/detail/io_states__traits.hpp
[2.968s] -- Up-to-date: /workspaces/aprs/aprs_ws/install/ur_msgs/include/ur_msgs/ur_msgs/msg/detail/robot_state_rt_msg__traits.hpp
[2.969s] -- Up-to-date: /workspaces/aprs/aprs_ws/install/ur_msgs/include/ur_msgs/ur_msgs/msg/detail/digital__struct.hpp
[2.969s] -- Up-to-date: /workspaces/aprs/aprs_ws/install/ur_msgs/include/ur_msgs/ur_msgs/msg/detail/analog__struct.hpp
[2.969s] -- Up-to-date: /workspaces/aprs/aprs_ws/install/ur_msgs/include/ur_msgs/ur_msgs/msg/detail/robot_mode_data_msg__traits.hpp
[2.969s] -- Up-to-date: /workspaces/aprs/aprs_ws/install/ur_msgs/include/ur_msgs/ur_msgs/msg/detail/digital__builder.hpp
[2.969s] -- Up-to-date: /workspaces/aprs/aprs_ws/install/ur_msgs/include/ur_msgs/ur_msgs/msg/detail/io_states__struct.hpp
[2.969s] -- Up-to-date: /workspaces/aprs/aprs_ws/install/ur_msgs/include/ur_msgs/ur_msgs/msg/detail/io_states__builder.hpp
[2.969s] -- Up-to-date: /workspaces/aprs/aprs_ws/install/ur_msgs/include/ur_msgs/ur_msgs/msg/detail/masterboard_data_msg__traits.hpp
[2.970s] -- Up-to-date: /workspaces/aprs/aprs_ws/install/ur_msgs/include/ur_msgs/ur_msgs/msg/detail/tool_data_msg__builder.hpp
[2.970s] -- Up-to-date: /workspaces/aprs/aprs_ws/install/ur_msgs/include/ur_msgs/ur_msgs/msg/detail/robot_state_rt_msg__builder.hpp
[2.970s] -- Up-to-date: /workspaces/aprs/aprs_ws/install/ur_msgs/include/ur_msgs/ur_msgs/msg/detail/digital__traits.hpp
[2.970s] -- Up-to-date: /workspaces/aprs/aprs_ws/install/ur_msgs/include/ur_msgs/ur_msgs/msg/detail/analog__builder.hpp
[2.970s] -- Up-to-date: /workspaces/aprs/aprs_ws/install/ur_msgs/include/ur_msgs/ur_msgs/msg/io_states.hpp
[2.970s] -- Up-to-date: /workspaces/aprs/aprs_ws/install/ur_msgs/include/ur_msgs/ur_msgs/msg/tool_data_msg.hpp
[2.970s] -- Up-to-date: /workspaces/aprs/aprs_ws/install/ur_msgs/include/ur_msgs/ur_msgs/msg/digital.hpp
[2.970s] -- Up-to-date: /workspaces/aprs/aprs_ws/install/ur_msgs/include/ur_msgs/ur_msgs/msg/masterboard_data_msg.hpp
[2.971s] -- Up-to-date: /workspaces/aprs/aprs_ws/install/ur_msgs/include/ur_msgs/ur_msgs/msg/robot_mode_data_msg.hpp
[2.971s] -- Up-to-date: /workspaces/aprs/aprs_ws/install/ur_msgs/include/ur_msgs/ur_msgs/msg/analog.hpp
[2.971s] -- Up-to-date: /workspaces/aprs/aprs_ws/install/ur_msgs/include/ur_msgs/ur_msgs
[2.971s] -- Up-to-date: /workspaces/aprs/aprs_ws/install/ur_msgs/include/ur_msgs/ur_msgs/srv
[2.971s] -- Up-to-date: /workspaces/aprs/aprs_ws/install/ur_msgs/include/ur_msgs/ur_msgs/srv/detail
[2.971s] -- Up-to-date: /workspaces/aprs/aprs_ws/install/ur_msgs/include/ur_msgs/ur_msgs/srv/detail/dds_fastrtps
[2.971s] -- Up-to-date: /workspaces/aprs/aprs_ws/install/ur_msgs/include/ur_msgs/ur_msgs/srv/detail/set_speed_slider_fraction__rosidl_typesupport_fastrtps_cpp.hpp
[2.971s] -- Up-to-date: /workspaces/aprs/aprs_ws/install/ur_msgs/include/ur_msgs/ur_msgs/srv/detail/set_payload__rosidl_typesupport_fastrtps_cpp.hpp
[2.971s] -- Up-to-date: /workspaces/aprs/aprs_ws/install/ur_msgs/include/ur_msgs/ur_msgs/srv/detail/set_io__rosidl_typesupport_fastrtps_cpp.hpp
[2.971s] -- Up-to-date: /workspaces/aprs/aprs_ws/install/ur_msgs/include/ur_msgs/ur_msgs/msg
[2.971s] -- Up-to-date: /workspaces/aprs/aprs_ws/install/ur_msgs/include/ur_msgs/ur_msgs/msg/detail
[2.972s] -- Up-to-date: /workspaces/aprs/aprs_ws/install/ur_msgs/include/ur_msgs/ur_msgs/msg/detail/dds_fastrtps
[2.972s] -- Up-to-date: /workspaces/aprs/aprs_ws/install/ur_msgs/include/ur_msgs/ur_msgs/msg/detail/robot_mode_data_msg__rosidl_typesupport_fastrtps_cpp.hpp
[2.972s] -- Up-to-date: /workspaces/aprs/aprs_ws/install/ur_msgs/include/ur_msgs/ur_msgs/msg/detail/io_states__rosidl_typesupport_fastrtps_cpp.hpp
[2.972s] -- Up-to-date: /workspaces/aprs/aprs_ws/install/ur_msgs/include/ur_msgs/ur_msgs/msg/detail/digital__rosidl_typesupport_fastrtps_cpp.hpp
[2.972s] -- Up-to-date: /workspaces/aprs/aprs_ws/install/ur_msgs/include/ur_msgs/ur_msgs/msg/detail/robot_state_rt_msg__rosidl_typesupport_fastrtps_cpp.hpp
[2.972s] -- Up-to-date: /workspaces/aprs/aprs_ws/install/ur_msgs/include/ur_msgs/ur_msgs/msg/detail/masterboard_data_msg__rosidl_typesupport_fastrtps_cpp.hpp
[2.972s] -- Up-to-date: /workspaces/aprs/aprs_ws/install/ur_msgs/include/ur_msgs/ur_msgs/msg/detail/tool_data_msg__rosidl_typesupport_fastrtps_cpp.hpp
[2.972s] -- Up-to-date: /workspaces/aprs/aprs_ws/install/ur_msgs/include/ur_msgs/ur_msgs/msg/detail/analog__rosidl_typesupport_fastrtps_cpp.hpp
[2.973s] -- Up-to-date: /workspaces/aprs/aprs_ws/install/ur_msgs/include/ur_msgs/ur_msgs/msg/rosidl_typesupport_fastrtps_cpp__visibility_control.h
[2.973s] -- Up-to-date: /workspaces/aprs/aprs_ws/install/ur_msgs/lib/libur_msgs__rosidl_typesupport_fastrtps_cpp.so
[2.973s] -- Up-to-date: /workspaces/aprs/aprs_ws/install/ur_msgs/include/ur_msgs/ur_msgs
[2.973s] -- Up-to-date: /workspaces/aprs/aprs_ws/install/ur_msgs/include/ur_msgs/ur_msgs/srv
[2.973s] -- Up-to-date: /workspaces/aprs/aprs_ws/install/ur_msgs/include/ur_msgs/ur_msgs/srv/detail
[2.973s] -- Up-to-date: /workspaces/aprs/aprs_ws/install/ur_msgs/include/ur_msgs/ur_msgs/srv/detail/set_io__type_support.c
[2.973s] -- Up-to-date: /workspaces/aprs/aprs_ws/install/ur_msgs/include/ur_msgs/ur_msgs/srv/detail/set_payload__type_support.c
[2.973s] -- Up-to-date: /workspaces/aprs/aprs_ws/install/ur_msgs/include/ur_msgs/ur_msgs/srv/detail/set_io__rosidl_typesupport_introspection_c.h
[2.973s] -- Up-to-date: /workspaces/aprs/aprs_ws/install/ur_msgs/include/ur_msgs/ur_msgs/srv/detail/set_speed_slider_fraction__type_support.c
[2.973s] -- Up-to-date: /workspaces/aprs/aprs_ws/install/ur_msgs/include/ur_msgs/ur_msgs/srv/detail/set_speed_slider_fraction__rosidl_typesupport_introspection_c.h
[2.973s] -- Up-to-date: /workspaces/aprs/aprs_ws/install/ur_msgs/include/ur_msgs/ur_msgs/srv/detail/set_payload__rosidl_typesupport_introspection_c.h
[2.973s] -- Up-to-date: /workspaces/aprs/aprs_ws/install/ur_msgs/include/ur_msgs/ur_msgs/msg
[2.974s] -- Up-to-date: /workspaces/aprs/aprs_ws/install/ur_msgs/include/ur_msgs/ur_msgs/msg/rosidl_typesupport_introspection_c__visibility_control.h
[2.974s] -- Up-to-date: /workspaces/aprs/aprs_ws/install/ur_msgs/include/ur_msgs/ur_msgs/msg/detail
[2.974s] -- Up-to-date: /workspaces/aprs/aprs_ws/install/ur_msgs/include/ur_msgs/ur_msgs/msg/detail/io_states__rosidl_typesupport_introspection_c.h
[2.974s] -- Up-to-date: /workspaces/aprs/aprs_ws/install/ur_msgs/include/ur_msgs/ur_msgs/msg/detail/analog__rosidl_typesupport_introspection_c.h
[2.974s] -- Up-to-date: /workspaces/aprs/aprs_ws/install/ur_msgs/include/ur_msgs/ur_msgs/msg/detail/tool_data_msg__type_support.c
[2.974s] -- Up-to-date: /workspaces/aprs/aprs_ws/install/ur_msgs/include/ur_msgs/ur_msgs/msg/detail/masterboard_data_msg__type_support.c
[2.974s] -- Up-to-date: /workspaces/aprs/aprs_ws/install/ur_msgs/include/ur_msgs/ur_msgs/msg/detail/digital__type_support.c
[2.974s] -- Up-to-date: /workspaces/aprs/aprs_ws/install/ur_msgs/include/ur_msgs/ur_msgs/msg/detail/digital__rosidl_typesupport_introspection_c.h
[2.974s] -- Up-to-date: /workspaces/aprs/aprs_ws/install/ur_msgs/include/ur_msgs/ur_msgs/msg/detail/analog__type_support.c
[2.974s] -- Up-to-date: /workspaces/aprs/aprs_ws/install/ur_msgs/include/ur_msgs/ur_msgs/msg/detail/robot_state_rt_msg__type_support.c
[2.974s] -- Up-to-date: /workspaces/aprs/aprs_ws/install/ur_msgs/include/ur_msgs/ur_msgs/msg/detail/tool_data_msg__rosidl_typesupport_introspection_c.h
[2.974s] -- Up-to-date: /workspaces/aprs/aprs_ws/install/ur_msgs/include/ur_msgs/ur_msgs/msg/detail/robot_mode_data_msg__rosidl_typesupport_introspection_c.h
[2.974s] -- Up-to-date: /workspaces/aprs/aprs_ws/install/ur_msgs/include/ur_msgs/ur_msgs/msg/detail/robot_state_rt_msg__rosidl_typesupport_introspection_c.h
[2.974s] -- Up-to-date: /workspaces/aprs/aprs_ws/install/ur_msgs/include/ur_msgs/ur_msgs/msg/detail/robot_mode_data_msg__type_support.c
[2.975s] -- Up-to-date: /workspaces/aprs/aprs_ws/install/ur_msgs/include/ur_msgs/ur_msgs/msg/detail/masterboard_data_msg__rosidl_typesupport_introspection_c.h
[2.975s] -- Up-to-date: /workspaces/aprs/aprs_ws/install/ur_msgs/include/ur_msgs/ur_msgs/msg/detail/io_states__type_support.c
[2.975s] -- Up-to-date: /workspaces/aprs/aprs_ws/install/ur_msgs/lib/libur_msgs__rosidl_typesupport_introspection_c.so
[2.975s] -- Up-to-date: /workspaces/aprs/aprs_ws/install/ur_msgs/lib/libur_msgs__rosidl_typesupport_c.so
[2.975s] -- Up-to-date: /workspaces/aprs/aprs_ws/install/ur_msgs/include/ur_msgs/ur_msgs
[2.975s] -- Up-to-date: /workspaces/aprs/aprs_ws/install/ur_msgs/include/ur_msgs/ur_msgs/srv
[2.975s] -- Up-to-date: /workspaces/aprs/aprs_ws/install/ur_msgs/include/ur_msgs/ur_msgs/srv/detail
[2.975s] -- Up-to-date: /workspaces/aprs/aprs_ws/install/ur_msgs/include/ur_msgs/ur_msgs/srv/detail/set_speed_slider_fraction__type_support.cpp
[2.975s] -- Up-to-date: /workspaces/aprs/aprs_ws/install/ur_msgs/include/ur_msgs/ur_msgs/srv/detail/set_speed_slider_fraction__rosidl_typesupport_introspection_cpp.hpp
[2.975s] -- Up-to-date: /workspaces/aprs/aprs_ws/install/ur_msgs/include/ur_msgs/ur_msgs/srv/detail/set_payload__rosidl_typesupport_introspection_cpp.hpp
[2.975s] -- Up-to-date: /workspaces/aprs/aprs_ws/install/ur_msgs/include/ur_msgs/ur_msgs/srv/detail/set_io__rosidl_typesupport_introspection_cpp.hpp
[2.975s] -- Up-to-date: /workspaces/aprs/aprs_ws/install/ur_msgs/include/ur_msgs/ur_msgs/srv/detail/set_io__type_support.cpp
[2.975s] -- Up-to-date: /workspaces/aprs/aprs_ws/install/ur_msgs/include/ur_msgs/ur_msgs/srv/detail/set_payload__type_support.cpp
[2.976s] -- Up-to-date: /workspaces/aprs/aprs_ws/install/ur_msgs/include/ur_msgs/ur_msgs/msg
[2.976s] -- Up-to-date: /workspaces/aprs/aprs_ws/install/ur_msgs/include/ur_msgs/ur_msgs/msg/detail
[2.976s] -- Up-to-date: /workspaces/aprs/aprs_ws/install/ur_msgs/include/ur_msgs/ur_msgs/msg/detail/digital__rosidl_typesupport_introspection_cpp.hpp
[2.976s] -- Up-to-date: /workspaces/aprs/aprs_ws/install/ur_msgs/include/ur_msgs/ur_msgs/msg/detail/masterboard_data_msg__rosidl_typesupport_introspection_cpp.hpp
[2.976s] -- Up-to-date: /workspaces/aprs/aprs_ws/install/ur_msgs/include/ur_msgs/ur_msgs/msg/detail/digital__type_support.cpp
[2.976s] -- Up-to-date: /workspaces/aprs/aprs_ws/install/ur_msgs/include/ur_msgs/ur_msgs/msg/detail/io_states__rosidl_typesupport_introspection_cpp.hpp
[2.976s] -- Up-to-date: /workspaces/aprs/aprs_ws/install/ur_msgs/include/ur_msgs/ur_msgs/msg/detail/masterboard_data_msg__type_support.cpp
[2.976s] -- Up-to-date: /workspaces/aprs/aprs_ws/install/ur_msgs/include/ur_msgs/ur_msgs/msg/detail/analog__type_support.cpp
[2.976s] -- Up-to-date: /workspaces/aprs/aprs_ws/install/ur_msgs/include/ur_msgs/ur_msgs/msg/detail/robot_state_rt_msg__type_support.cpp
[2.976s] -- Up-to-date: /workspaces/aprs/aprs_ws/install/ur_msgs/include/ur_msgs/ur_msgs/msg/detail/analog__rosidl_typesupport_introspection_cpp.hpp
[2.976s] -- Up-to-date: /workspaces/aprs/aprs_ws/install/ur_msgs/include/ur_msgs/ur_msgs/msg/detail/robot_mode_data_msg__rosidl_typesupport_introspection_cpp.hpp
[2.976s] -- Up-to-date: /workspaces/aprs/aprs_ws/install/ur_msgs/include/ur_msgs/ur_msgs/msg/detail/tool_data_msg__type_support.cpp
[2.976s] -- Up-to-date: /workspaces/aprs/aprs_ws/install/ur_msgs/include/ur_msgs/ur_msgs/msg/detail/tool_data_msg__rosidl_typesupport_introspection_cpp.hpp
[2.977s] -- Up-to-date: /workspaces/aprs/aprs_ws/install/ur_msgs/include/ur_msgs/ur_msgs/msg/detail/io_states__type_support.cpp
[2.977s] -- Up-to-date: /workspaces/aprs/aprs_ws/install/ur_msgs/include/ur_msgs/ur_msgs/msg/detail/robot_mode_data_msg__type_support.cpp
[2.977s] -- Up-to-date: /workspaces/aprs/aprs_ws/install/ur_msgs/include/ur_msgs/ur_msgs/msg/detail/robot_state_rt_msg__rosidl_typesupport_introspection_cpp.hpp
[2.977s] -- Up-to-date: /workspaces/aprs/aprs_ws/install/ur_msgs/lib/libur_msgs__rosidl_typesupport_introspection_cpp.so
[2.977s] -- Up-to-date: /workspaces/aprs/aprs_ws/install/ur_msgs/lib/libur_msgs__rosidl_typesupport_cpp.so
[2.977s] -- Up-to-date: /workspaces/aprs/aprs_ws/install/ur_msgs/share/ur_msgs/environment/pythonpath.sh
[2.977s] -- Up-to-date: /workspaces/aprs/aprs_ws/install/ur_msgs/share/ur_msgs/environment/pythonpath.dsv
[2.977s] -- Up-to-date: /workspaces/aprs/aprs_ws/install/ur_msgs/local/lib/python3.10/dist-packages/ur_msgs-2.0.0-py3.10.egg-info
[2.977s] -- Installing: /workspaces/aprs/aprs_ws/install/ur_msgs/local/lib/python3.10/dist-packages/ur_msgs-2.0.0-py3.10.egg-info/dependency_links.txt
[2.977s] -- Installing: /workspaces/aprs/aprs_ws/install/ur_msgs/local/lib/python3.10/dist-packages/ur_msgs-2.0.0-py3.10.egg-info/top_level.txt
[2.977s] -- Installing: /workspaces/aprs/aprs_ws/install/ur_msgs/local/lib/python3.10/dist-packages/ur_msgs-2.0.0-py3.10.egg-info/PKG-INFO
[2.978s] -- Installing: /workspaces/aprs/aprs_ws/install/ur_msgs/local/lib/python3.10/dist-packages/ur_msgs-2.0.0-py3.10.egg-info/SOURCES.txt
[2.978s] -- Up-to-date: /workspaces/aprs/aprs_ws/install/ur_msgs/local/lib/python3.10/dist-packages/ur_msgs
[2.978s] -- Up-to-date: /workspaces/aprs/aprs_ws/install/ur_msgs/local/lib/python3.10/dist-packages/ur_msgs/srv
[2.978s] -- Up-to-date: /workspaces/aprs/aprs_ws/install/ur_msgs/local/lib/python3.10/dist-packages/ur_msgs/srv/_set_io.py
[2.978s] -- Up-to-date: /workspaces/aprs/aprs_ws/install/ur_msgs/local/lib/python3.10/dist-packages/ur_msgs/srv/_set_speed_slider_fraction.py
[2.978s] -- Up-to-date: /workspaces/aprs/aprs_ws/install/ur_msgs/local/lib/python3.10/dist-packages/ur_msgs/srv/_set_payload_s.c
[2.978s] -- Up-to-date: /workspaces/aprs/aprs_ws/install/ur_msgs/local/lib/python3.10/dist-packages/ur_msgs/srv/_set_speed_slider_fraction_s.c
[2.978s] -- Up-to-date: /workspaces/aprs/aprs_ws/install/ur_msgs/local/lib/python3.10/dist-packages/ur_msgs/srv/_set_io_s.c
[2.978s] -- Up-to-date: /workspaces/aprs/aprs_ws/install/ur_msgs/local/lib/python3.10/dist-packages/ur_msgs/srv/__init__.py
[2.978s] -- Up-to-date: /workspaces/aprs/aprs_ws/install/ur_msgs/local/lib/python3.10/dist-packages/ur_msgs/srv/_set_payload.py
[2.978s] -- Up-to-date: /workspaces/aprs/aprs_ws/install/ur_msgs/local/lib/python3.10/dist-packages/ur_msgs/ur_msgs_s__rosidl_typesupport_fastrtps_c.cpython-310-x86_64-linux-gnu.so
[2.978s] -- Up-to-date: /workspaces/aprs/aprs_ws/install/ur_msgs/local/lib/python3.10/dist-packages/ur_msgs/_ur_msgs_s.ep.rosidl_typesupport_introspection_c.c
[2.978s] -- Up-to-date: /workspaces/aprs/aprs_ws/install/ur_msgs/local/lib/python3.10/dist-packages/ur_msgs/_ur_msgs_s.ep.rosidl_typesupport_fastrtps_c.c
[2.979s] -- Up-to-date: /workspaces/aprs/aprs_ws/install/ur_msgs/local/lib/python3.10/dist-packages/ur_msgs/_ur_msgs_s.ep.rosidl_typesupport_c.c
[2.979s] -- Up-to-date: /workspaces/aprs/aprs_ws/install/ur_msgs/local/lib/python3.10/dist-packages/ur_msgs/ur_msgs_s__rosidl_typesupport_introspection_c.cpython-310-x86_64-linux-gnu.so
[2.979s] -- Up-to-date: /workspaces/aprs/aprs_ws/install/ur_msgs/local/lib/python3.10/dist-packages/ur_msgs/ur_msgs_s__rosidl_typesupport_c.cpython-310-x86_64-linux-gnu.so
[2.979s] -- Up-to-date: /workspaces/aprs/aprs_ws/install/ur_msgs/local/lib/python3.10/dist-packages/ur_msgs/libur_msgs__rosidl_generator_py.so
[2.979s] -- Up-to-date: /workspaces/aprs/aprs_ws/install/ur_msgs/local/lib/python3.10/dist-packages/ur_msgs/__init__.py
[2.979s] -- Up-to-date: /workspaces/aprs/aprs_ws/install/ur_msgs/local/lib/python3.10/dist-packages/ur_msgs/msg
[2.979s] -- Up-to-date: /workspaces/aprs/aprs_ws/install/ur_msgs/local/lib/python3.10/dist-packages/ur_msgs/msg/_tool_data_msg_s.c
[2.979s] -- Up-to-date: /workspaces/aprs/aprs_ws/install/ur_msgs/local/lib/python3.10/dist-packages/ur_msgs/msg/_io_states.py
[2.979s] -- Up-to-date: /workspaces/aprs/aprs_ws/install/ur_msgs/local/lib/python3.10/dist-packages/ur_msgs/msg/_digital_s.c
[2.979s] -- Up-to-date: /workspaces/aprs/aprs_ws/install/ur_msgs/local/lib/python3.10/dist-packages/ur_msgs/msg/_robot_mode_data_msg_s.c
[2.979s] -- Up-to-date: /workspaces/aprs/aprs_ws/install/ur_msgs/local/lib/python3.10/dist-packages/ur_msgs/msg/_analog.py
[2.979s] -- Up-to-date: /workspaces/aprs/aprs_ws/install/ur_msgs/local/lib/python3.10/dist-packages/ur_msgs/msg/_masterboard_data_msg_s.c
[2.979s] -- Up-to-date: /workspaces/aprs/aprs_ws/install/ur_msgs/local/lib/python3.10/dist-packages/ur_msgs/msg/_io_states_s.c
[2.979s] -- Up-to-date: /workspaces/aprs/aprs_ws/install/ur_msgs/local/lib/python3.10/dist-packages/ur_msgs/msg/_masterboard_data_msg.py
[2.980s] -- Up-to-date: /workspaces/aprs/aprs_ws/install/ur_msgs/local/lib/python3.10/dist-packages/ur_msgs/msg/_tool_data_msg.py
[2.980s] -- Up-to-date: /workspaces/aprs/aprs_ws/install/ur_msgs/local/lib/python3.10/dist-packages/ur_msgs/msg/_robot_mode_data_msg.py
[2.980s] -- Up-to-date: /workspaces/aprs/aprs_ws/install/ur_msgs/local/lib/python3.10/dist-packages/ur_msgs/msg/_analog_s.c
[2.980s] -- Up-to-date: /workspaces/aprs/aprs_ws/install/ur_msgs/local/lib/python3.10/dist-packages/ur_msgs/msg/_digital.py
[2.980s] -- Up-to-date: /workspaces/aprs/aprs_ws/install/ur_msgs/local/lib/python3.10/dist-packages/ur_msgs/msg/_robot_state_rt_msg_s.c
[2.980s] -- Up-to-date: /workspaces/aprs/aprs_ws/install/ur_msgs/local/lib/python3.10/dist-packages/ur_msgs/msg/__init__.py
[2.980s] -- Up-to-date: /workspaces/aprs/aprs_ws/install/ur_msgs/local/lib/python3.10/dist-packages/ur_msgs/msg/_robot_state_rt_msg.py
[2.987s] Listing '/workspaces/aprs/aprs_ws/install/ur_msgs/local/lib/python3.10/dist-packages/ur_msgs'...
[2.988s] Listing '/workspaces/aprs/aprs_ws/install/ur_msgs/local/lib/python3.10/dist-packages/ur_msgs/msg'...
[2.988s] Listing '/workspaces/aprs/aprs_ws/install/ur_msgs/local/lib/python3.10/dist-packages/ur_msgs/srv'...
[2.990s] -- Up-to-date: /workspaces/aprs/aprs_ws/install/ur_msgs/local/lib/python3.10/dist-packages/ur_msgs/ur_msgs_s__rosidl_typesupport_fastrtps_c.cpython-310-x86_64-linux-gnu.so
[2.990s] -- Up-to-date: /workspaces/aprs/aprs_ws/install/ur_msgs/local/lib/python3.10/dist-packages/ur_msgs/ur_msgs_s__rosidl_typesupport_introspection_c.cpython-310-x86_64-linux-gnu.so
[2.991s] -- Up-to-date: /workspaces/aprs/aprs_ws/install/ur_msgs/local/lib/python3.10/dist-packages/ur_msgs/ur_msgs_s__rosidl_typesupport_c.cpython-310-x86_64-linux-gnu.so
[2.991s] -- Up-to-date: /workspaces/aprs/aprs_ws/install/ur_msgs/lib/libur_msgs__rosidl_generator_py.so
[2.991s] -- Up-to-date: /workspaces/aprs/aprs_ws/install/ur_msgs/share/ur_msgs/msg/Analog.idl
[2.992s] -- Up-to-date: /workspaces/aprs/aprs_ws/install/ur_msgs/share/ur_msgs/msg/Digital.idl
[2.992s] -- Up-to-date: /workspaces/aprs/aprs_ws/install/ur_msgs/share/ur_msgs/msg/IOStates.idl
[2.992s] -- Up-to-date: /workspaces/aprs/aprs_ws/install/ur_msgs/share/ur_msgs/msg/RobotStateRTMsg.idl
[2.992s] -- Up-to-date: /workspaces/aprs/aprs_ws/install/ur_msgs/share/ur_msgs/msg/MasterboardDataMsg.idl
[2.992s] -- Up-to-date: /workspaces/aprs/aprs_ws/install/ur_msgs/share/ur_msgs/msg/RobotModeDataMsg.idl
[2.992s] -- Up-to-date: /workspaces/aprs/aprs_ws/install/ur_msgs/share/ur_msgs/msg/ToolDataMsg.idl
[2.992s] -- Up-to-date: /workspaces/aprs/aprs_ws/install/ur_msgs/share/ur_msgs/srv/SetPayload.idl
[2.992s] -- Up-to-date: /workspaces/aprs/aprs_ws/install/ur_msgs/share/ur_msgs/srv/SetSpeedSliderFraction.idl
[2.992s] -- Up-to-date: /workspaces/aprs/aprs_ws/install/ur_msgs/share/ur_msgs/srv/SetIO.idl
[2.992s] -- Up-to-date: /workspaces/aprs/aprs_ws/install/ur_msgs/share/ur_msgs/msg/Analog.msg
[2.992s] -- Up-to-date: /workspaces/aprs/aprs_ws/install/ur_msgs/share/ur_msgs/msg/Digital.msg
[2.992s] -- Up-to-date: /workspaces/aprs/aprs_ws/install/ur_msgs/share/ur_msgs/msg/IOStates.msg
[2.993s] -- Up-to-date: /workspaces/aprs/aprs_ws/install/ur_msgs/share/ur_msgs/msg/RobotStateRTMsg.msg
[2.993s] -- Up-to-date: /workspaces/aprs/aprs_ws/install/ur_msgs/share/ur_msgs/msg/MasterboardDataMsg.msg
[2.993s] -- Up-to-date: /workspaces/aprs/aprs_ws/install/ur_msgs/share/ur_msgs/msg/RobotModeDataMsg.msg
[2.993s] -- Up-to-date: /workspaces/aprs/aprs_ws/install/ur_msgs/share/ur_msgs/msg/ToolDataMsg.msg
[2.993s] -- Up-to-date: /workspaces/aprs/aprs_ws/install/ur_msgs/share/ur_msgs/srv/SetPayload.srv
[2.993s] -- Up-to-date: /workspaces/aprs/aprs_ws/install/ur_msgs/share/ur_msgs/srv/SetPayload_Request.msg
[2.993s] -- Up-to-date: /workspaces/aprs/aprs_ws/install/ur_msgs/share/ur_msgs/srv/SetPayload_Response.msg
[2.993s] -- Up-to-date: /workspaces/aprs/aprs_ws/install/ur_msgs/share/ur_msgs/srv/SetSpeedSliderFraction.srv
[2.993s] -- Up-to-date: /workspaces/aprs/aprs_ws/install/ur_msgs/share/ur_msgs/srv/SetSpeedSliderFraction_Request.msg
[2.993s] -- Up-to-date: /workspaces/aprs/aprs_ws/install/ur_msgs/share/ur_msgs/srv/SetSpeedSliderFraction_Response.msg
[2.993s] -- Up-to-date: /workspaces/aprs/aprs_ws/install/ur_msgs/share/ur_msgs/srv/SetIO.srv
[2.993s] -- Up-to-date: /workspaces/aprs/aprs_ws/install/ur_msgs/share/ur_msgs/srv/SetIO_Request.msg
[2.993s] -- Up-to-date: /workspaces/aprs/aprs_ws/install/ur_msgs/share/ur_msgs/srv/SetIO_Response.msg
[2.993s] -- Up-to-date: /workspaces/aprs/aprs_ws/install/ur_msgs/share/ament_index/resource_index/package_run_dependencies/ur_msgs
[2.993s] -- Up-to-date: /workspaces/aprs/aprs_ws/install/ur_msgs/share/ament_index/resource_index/parent_prefix_path/ur_msgs
[2.994s] -- Up-to-date: /workspaces/aprs/aprs_ws/install/ur_msgs/share/ur_msgs/environment/ament_prefix_path.sh
[2.994s] -- Up-to-date: /workspaces/aprs/aprs_ws/install/ur_msgs/share/ur_msgs/environment/ament_prefix_path.dsv
[2.994s] -- Up-to-date: /workspaces/aprs/aprs_ws/install/ur_msgs/share/ur_msgs/environment/path.sh
[2.994s] -- Up-to-date: /workspaces/aprs/aprs_ws/install/ur_msgs/share/ur_msgs/environment/path.dsv
[2.994s] -- Up-to-date: /workspaces/aprs/aprs_ws/install/ur_msgs/share/ur_msgs/local_setup.bash
[2.994s] -- Up-to-date: /workspaces/aprs/aprs_ws/install/ur_msgs/share/ur_msgs/local_setup.sh
[2.994s] -- Up-to-date: /workspaces/aprs/aprs_ws/install/ur_msgs/share/ur_msgs/local_setup.zsh
[2.994s] -- Up-to-date: /workspaces/aprs/aprs_ws/install/ur_msgs/share/ur_msgs/local_setup.dsv
[2.994s] -- Installing: /workspaces/aprs/aprs_ws/install/ur_msgs/share/ur_msgs/package.dsv
[2.994s] -- Up-to-date: /workspaces/aprs/aprs_ws/install/ur_msgs/share/ament_index/resource_index/packages/ur_msgs
[2.994s] -- Up-to-date: /workspaces/aprs/aprs_ws/install/ur_msgs/share/ur_msgs/cmake/export_ur_msgs__rosidl_generator_cExport.cmake
[2.995s] -- Up-to-date: /workspaces/aprs/aprs_ws/install/ur_msgs/share/ur_msgs/cmake/export_ur_msgs__rosidl_generator_cExport-noconfig.cmake
[2.995s] -- Up-to-date: /workspaces/aprs/aprs_ws/install/ur_msgs/share/ur_msgs/cmake/export_ur_msgs__rosidl_typesupport_fastrtps_cExport.cmake
[2.995s] -- Up-to-date: /workspaces/aprs/aprs_ws/install/ur_msgs/share/ur_msgs/cmake/export_ur_msgs__rosidl_typesupport_fastrtps_cExport-noconfig.cmake
[2.995s] -- Up-to-date: /workspaces/aprs/aprs_ws/install/ur_msgs/share/ur_msgs/cmake/export_ur_msgs__rosidl_generator_cppExport.cmake
[2.995s] -- Up-to-date: /workspaces/aprs/aprs_ws/install/ur_msgs/share/ur_msgs/cmake/export_ur_msgs__rosidl_typesupport_fastrtps_cppExport.cmake
[2.995s] -- Up-to-date: /workspaces/aprs/aprs_ws/install/ur_msgs/share/ur_msgs/cmake/export_ur_msgs__rosidl_typesupport_fastrtps_cppExport-noconfig.cmake
[2.995s] -- Up-to-date: /workspaces/aprs/aprs_ws/install/ur_msgs/share/ur_msgs/cmake/ur_msgs__rosidl_typesupport_introspection_cExport.cmake
[2.995s] -- Up-to-date: /workspaces/aprs/aprs_ws/install/ur_msgs/share/ur_msgs/cmake/ur_msgs__rosidl_typesupport_introspection_cExport-noconfig.cmake
[2.995s] -- Up-to-date: /workspaces/aprs/aprs_ws/install/ur_msgs/share/ur_msgs/cmake/ur_msgs__rosidl_typesupport_cExport.cmake
[2.995s] -- Up-to-date: /workspaces/aprs/aprs_ws/install/ur_msgs/share/ur_msgs/cmake/ur_msgs__rosidl_typesupport_cExport-noconfig.cmake
[2.995s] -- Up-to-date: /workspaces/aprs/aprs_ws/install/ur_msgs/share/ur_msgs/cmake/ur_msgs__rosidl_typesupport_introspection_cppExport.cmake
[2.995s] -- Up-to-date: /workspaces/aprs/aprs_ws/install/ur_msgs/share/ur_msgs/cmake/ur_msgs__rosidl_typesupport_introspection_cppExport-noconfig.cmake
[2.995s] -- Up-to-date: /workspaces/aprs/aprs_ws/install/ur_msgs/share/ur_msgs/cmake/ur_msgs__rosidl_typesupport_cppExport.cmake
[2.995s] -- Up-to-date: /workspaces/aprs/aprs_ws/install/ur_msgs/share/ur_msgs/cmake/ur_msgs__rosidl_typesupport_cppExport-noconfig.cmake
[2.996s] -- Up-to-date: /workspaces/aprs/aprs_ws/install/ur_msgs/share/ur_msgs/cmake/export_ur_msgs__rosidl_generator_pyExport.cmake
[2.996s] -- Up-to-date: /workspaces/aprs/aprs_ws/install/ur_msgs/share/ur_msgs/cmake/export_ur_msgs__rosidl_generator_pyExport-noconfig.cmake
[2.996s] -- Up-to-date: /workspaces/aprs/aprs_ws/install/ur_msgs/share/ur_msgs/cmake/rosidl_cmake-extras.cmake
[2.996s] -- Up-to-date: /workspaces/aprs/aprs_ws/install/ur_msgs/share/ur_msgs/cmake/ament_cmake_export_dependencies-extras.cmake
[2.996s] -- Up-to-date: /workspaces/aprs/aprs_ws/install/ur_msgs/share/ur_msgs/cmake/ament_cmake_export_include_directories-extras.cmake
[2.996s] -- Up-to-date: /workspaces/aprs/aprs_ws/install/ur_msgs/share/ur_msgs/cmake/ament_cmake_export_libraries-extras.cmake
[2.996s] -- Up-to-date: /workspaces/aprs/aprs_ws/install/ur_msgs/share/ur_msgs/cmake/ament_cmake_export_targets-extras.cmake
[2.996s] -- Up-to-date: /workspaces/aprs/aprs_ws/install/ur_msgs/share/ur_msgs/cmake/rosidl_cmake_export_typesupport_targets-extras.cmake
[2.996s] -- Up-to-date: /workspaces/aprs/aprs_ws/install/ur_msgs/share/ur_msgs/cmake/rosidl_cmake_export_typesupport_libraries-extras.cmake
[2.996s] -- Up-to-date: /workspaces/aprs/aprs_ws/install/ur_msgs/share/ur_msgs/cmake/ur_msgsConfig.cmake
[2.996s] -- Up-to-date: /workspaces/aprs/aprs_ws/install/ur_msgs/share/ur_msgs/cmake/ur_msgsConfig-version.cmake
[2.996s] -- Up-to-date: /workspaces/aprs/aprs_ws/install/ur_msgs/share/ur_msgs/package.xml
[3.179s] Invoked command in '/workspaces/aprs/aprs_ws/build/ur_msgs' returned '0': CMAKE_PREFIX_PATH=${CMAKE_PREFIX_PATH}:/opt/ros/humble /usr/bin/cmake --install /workspaces/aprs/aprs_ws/build/ur_msgs
