[0.185s] Invoking command in '/workspaces/aprs/aprs_ws/build/franka_setup': CMAKE_PREFIX_PATH=/opt/ros/humble /usr/bin/cmake /workspaces/aprs/aprs_ws/src/franka_setup -DCMAKE_INSTALL_PREFIX=/workspaces/aprs/aprs_ws/install/franka_setup
[0.636s] -- Found ament_cmake: 1.3.5 (/opt/ros/humble/share/ament_cmake/cmake)
[0.636s] -- Found moveit_ros_planning_interface: 2.5.5 (/opt/ros/humble/share/moveit_ros_planning_interface/cmake)
[0.636s] -- Found Boost: /usr/lib/x86_64-linux-gnu/cmake/Boost-1.74.0/BoostConfig.cmake (found version "1.74.0") found components: date_time filesystem program_options system thread 
[0.652s] -- Found rosidl_generator_c: 3.1.5 (/opt/ros/humble/share/rosidl_generator_c/cmake)
[0.656s] -- Found rosidl_adapter: 3.1.5 (/opt/ros/humble/share/rosidl_adapter/cmake)
[0.677s] -- Found rosidl_generator_cpp: 3.1.5 (/opt/ros/humble/share/rosidl_generator_cpp/cmake)
[0.688s] -- Using all available rosidl_typesupport_c: rosidl_typesupport_fastrtps_c;rosidl_typesupport_introspection_c
[0.707s] -- Using all available rosidl_typesupport_cpp: rosidl_typesupport_fastrtps_cpp;rosidl_typesupport_introspection_cpp
[1.689s] -- Found Boost: /usr/lib/x86_64-linux-gnu/cmake/Boost-1.74.0/BoostConfig.cmake (found version "1.74.0") found components: chrono date_time filesystem iostreams program_options regex serialization system thread 
[1.697s] -- Found parameter_traits: 0.3.6 (/opt/ros/humble/share/parameter_traits/cmake)
[1.743s] -- Found rmw_implementation_cmake: 6.1.1 (/opt/ros/humble/share/rmw_implementation_cmake/cmake)
[1.744s] -- Found rmw_fastrtps_cpp: 6.2.4 (/opt/ros/humble/share/rmw_fastrtps_cpp/cmake)
[1.964s] -- Using RMW implementation 'rmw_fastrtps_cpp' as default
[2.102s] -- Found rclcpp_lifecycle: 16.0.6 (/opt/ros/humble/share/rclcpp_lifecycle/cmake)
[2.148s] -- Found Boost: /usr/lib/x86_64-linux-gnu/cmake/Boost-1.74.0/BoostConfig.cmake (found version "1.74.0") found components: filesystem 
[2.229s] -- library: /usr/lib/x86_64-linux-gnu/libcurl.so
[2.467s] -- Ensuring Eigen3 include directory is part of orocos-kdl CMake target
[3.062s] -- Found Boost: /usr/lib/x86_64-linux-gnu/cmake/Boost-1.74.0/BoostConfig.cmake (found version "1.74.0") found components: system filesystem date_time program_options thread chrono 
[3.637s] -- Found Boost: /usr/lib/x86_64-linux-gnu/cmake/Boost-1.74.0/BoostConfig.cmake (found version "1.74.0") found components: thread system filesystem regex date_time program_options 
[3.896s] -- Found Boost: /usr/lib/x86_64-linux-gnu/cmake/Boost-1.74.0/BoostConfig.cmake (found version "1.74.0") found components: system filesystem date_time program_options thread 
[4.497s] -- Found ament_lint_auto: 0.12.8 (/opt/ros/humble/share/ament_lint_auto/cmake)
[4.576s] -- Added test 'cppcheck' to perform static code analysis on C / C++ code
[4.576s] -- Configured cppcheck include dirs: $<BUILD_INTERFACE:/workspaces/aprs/aprs_ws/src/franka_setup/include>
[4.576s] -- Configured cppcheck exclude dirs and/or files: 
[4.576s] -- Added test 'flake8' to check Python code syntax and style conventions
[4.576s] -- Added test 'lint_cmake' to check CMake code style
[4.577s] -- Added test 'pep257' to check Python code against some of the docstring style conventions in PEP 257
[4.577s] -- Added test 'uncrustify' to check C / C++ code style
[4.577s] -- Configured uncrustify additional arguments: 
[4.577s] -- Added test 'xmllint' to check XML markup files
[4.577s] -- Configuring done
[4.577s] -- Generating done
[4.577s] -- Build files have been written to: /workspaces/aprs/aprs_ws/build/franka_setup
[4.773s] Invoked command in '/workspaces/aprs/aprs_ws/build/franka_setup' returned '0': CMAKE_PREFIX_PATH=/opt/ros/humble /usr/bin/cmake /workspaces/aprs/aprs_ws/src/franka_setup -DCMAKE_INSTALL_PREFIX=/workspaces/aprs/aprs_ws/install/franka_setup
[4.776s] Invoking command in '/workspaces/aprs/aprs_ws/build/franka_setup': CMAKE_PREFIX_PATH=/opt/ros/humble /usr/bin/cmake --build /workspaces/aprs/aprs_ws/build/franka_setup -- -j16 -l16
[4.823s] [35m[1mConsolidate compiler generated dependencies of target franka_setup[0m
[4.857s] [100%] Built target franka_setup
[5.216s] Invoked command in '/workspaces/aprs/aprs_ws/build/franka_setup' returned '0': CMAKE_PREFIX_PATH=/opt/ros/humble /usr/bin/cmake --build /workspaces/aprs/aprs_ws/build/franka_setup -- -j16 -l16
[5.351s] Invoking command in '/workspaces/aprs/aprs_ws/build/franka_setup': CMAKE_PREFIX_PATH=/opt/ros/humble /usr/bin/cmake --install /workspaces/aprs/aprs_ws/build/franka_setup
[5.414s] -- Install configuration: ""
[5.414s] -- Up-to-date: /workspaces/aprs/aprs_ws/install/franka_setup/share/franka_setup//launch
[5.415s] -- Up-to-date: /workspaces/aprs/aprs_ws/install/franka_setup/share/franka_setup//launch/franka_setup.launch.py
[5.415s] -- Up-to-date: /workspaces/aprs/aprs_ws/install/franka_setup/lib/franka_setup/franka_setup
[5.415s] -- Up-to-date: /workspaces/aprs/aprs_ws/install/franka_setup/share/ament_index/resource_index/package_run_dependencies/franka_setup
[5.415s] -- Up-to-date: /workspaces/aprs/aprs_ws/install/franka_setup/share/ament_index/resource_index/parent_prefix_path/franka_setup
[5.415s] -- Up-to-date: /workspaces/aprs/aprs_ws/install/franka_setup/share/franka_setup/environment/ament_prefix_path.sh
[5.415s] -- Installing: /workspaces/aprs/aprs_ws/install/franka_setup/share/franka_setup/environment/ament_prefix_path.dsv
[5.415s] -- Up-to-date: /workspaces/aprs/aprs_ws/install/franka_setup/share/franka_setup/environment/path.sh
[5.416s] -- Installing: /workspaces/aprs/aprs_ws/install/franka_setup/share/franka_setup/environment/path.dsv
[5.416s] -- Up-to-date: /workspaces/aprs/aprs_ws/install/franka_setup/share/franka_setup/local_setup.bash
[5.416s] -- Up-to-date: /workspaces/aprs/aprs_ws/install/franka_setup/share/franka_setup/local_setup.sh
[5.416s] -- Up-to-date: /workspaces/aprs/aprs_ws/install/franka_setup/share/franka_setup/local_setup.zsh
[5.416s] -- Installing: /workspaces/aprs/aprs_ws/install/franka_setup/share/franka_setup/local_setup.dsv
[5.416s] -- Installing: /workspaces/aprs/aprs_ws/install/franka_setup/share/franka_setup/package.dsv
[5.416s] -- Up-to-date: /workspaces/aprs/aprs_ws/install/franka_setup/share/ament_index/resource_index/packages/franka_setup
[5.416s] -- Up-to-date: /workspaces/aprs/aprs_ws/install/franka_setup/share/franka_setup/cmake/franka_setupConfig.cmake
[5.417s] -- Up-to-date: /workspaces/aprs/aprs_ws/install/franka_setup/share/franka_setup/cmake/franka_setupConfig-version.cmake
[5.417s] -- Up-to-date: /workspaces/aprs/aprs_ws/install/franka_setup/share/franka_setup/package.xml
[5.493s] Invoked command in '/workspaces/aprs/aprs_ws/build/franka_setup' returned '0': CMAKE_PREFIX_PATH=/opt/ros/humble /usr/bin/cmake --install /workspaces/aprs/aprs_ws/build/franka_setup
