[0.078s] Invoking command in '/home/aprs/aprs/aprs_ws/build/realsense2_camera_msgs': CMAKE_PREFIX_PATH=${CMAKE_PREFIX_PATH}:/home/aprs/aprs/aprs_ws/install/conveyor_controller:/opt/ros/humble /usr/bin/cmake --build /home/aprs/aprs/aprs_ws/build/realsense2_camera_msgs -- -j16 -l16
[0.318s] [  1%] Built target realsense2_camera_msgs__cpp
[0.318s] [ 12%] Built target realsense2_camera_msgs__rosidl_generator_c
[0.318s] [ 12%] Built target ament_cmake_python_copy_realsense2_camera_msgs
[0.318s] [ 23%] Built target realsense2_camera_msgs__rosidl_typesupport_fastrtps_cpp
[0.318s] [ 34%] Built target realsense2_camera_msgs__rosidl_typesupport_introspection_cpp
[0.318s] [ 46%] Built target realsense2_camera_msgs__rosidl_typesupport_introspection_c
[0.318s] [ 57%] Built target realsense2_camera_msgs__rosidl_typesupport_cpp
[0.318s] [ 68%] Built target realsense2_camera_msgs__rosidl_typesupport_c
[0.318s] [ 79%] Built target realsense2_camera_msgs__rosidl_typesupport_fastrtps_c
[0.319s] [ 79%] Built target realsense2_camera_msgs
[0.319s] [ 80%] Built target realsense2_camera_msgs__py
[0.319s] [ 90%] Built target realsense2_camera_msgs__rosidl_generator_py
[0.319s] [ 93%] Built target realsense2_camera_msgs__rosidl_typesupport_fastrtps_c__pyext
[0.319s] [ 96%] Built target realsense2_camera_msgs__rosidl_typesupport_introspection_c__pyext
[0.319s] [100%] Built target realsense2_camera_msgs__rosidl_typesupport_c__pyext
[0.355s] running egg_info
[0.355s] writing realsense2_camera_msgs.egg-info/PKG-INFO
[0.355s] writing dependency_links to realsense2_camera_msgs.egg-info/dependency_links.txt
[0.358s] writing top-level names to realsense2_camera_msgs.egg-info/top_level.txt
[0.361s] reading manifest file 'realsense2_camera_msgs.egg-info/SOURCES.txt'
[0.361s] writing manifest file 'realsense2_camera_msgs.egg-info/SOURCES.txt'
[0.410s] [100%] Built target ament_cmake_python_build_realsense2_camera_msgs_egg
[0.479s] Invoked command in '/home/aprs/aprs/aprs_ws/build/realsense2_camera_msgs' returned '0': CMAKE_PREFIX_PATH=${CMAKE_PREFIX_PATH}:/home/aprs/aprs/aprs_ws/install/conveyor_controller:/opt/ros/humble /usr/bin/cmake --build /home/aprs/aprs/aprs_ws/build/realsense2_camera_msgs -- -j16 -l16
[0.690s] Invoking command in '/home/aprs/aprs/aprs_ws/build/realsense2_camera_msgs': CMAKE_PREFIX_PATH=${CMAKE_PREFIX_PATH}:/home/aprs/aprs/aprs_ws/install/conveyor_controller:/opt/ros/humble /usr/bin/cmake --install /home/aprs/aprs/aprs_ws/build/realsense2_camera_msgs
[0.717s] -- Install configuration: ""
[0.718s] -- Up-to-date: /home/aprs/aprs/aprs_ws/install/realsense2_camera_msgs/share/ament_index/resource_index/rosidl_interfaces/realsense2_camera_msgs
[0.718s] -- Up-to-date: /home/aprs/aprs/aprs_ws/install/realsense2_camera_msgs/include/realsense2_camera_msgs/realsense2_camera_msgs
[0.719s] -- Up-to-date: /home/aprs/aprs/aprs_ws/install/realsense2_camera_msgs/include/realsense2_camera_msgs/realsense2_camera_msgs/msg
[0.720s] -- Up-to-date: /home/aprs/aprs/aprs_ws/install/realsense2_camera_msgs/include/realsense2_camera_msgs/realsense2_camera_msgs/msg/extrinsics.h
[0.720s] -- Up-to-date: /home/aprs/aprs/aprs_ws/install/realsense2_camera_msgs/include/realsense2_camera_msgs/realsense2_camera_msgs/msg/rgbd.h
[0.721s] -- Up-to-date: /home/aprs/aprs/aprs_ws/install/realsense2_camera_msgs/include/realsense2_camera_msgs/realsense2_camera_msgs/msg/metadata.h
[0.721s] -- Up-to-date: /home/aprs/aprs/aprs_ws/install/realsense2_camera_msgs/include/realsense2_camera_msgs/realsense2_camera_msgs/msg/detail
[0.721s] -- Up-to-date: /home/aprs/aprs/aprs_ws/install/realsense2_camera_msgs/include/realsense2_camera_msgs/realsense2_camera_msgs/msg/detail/metadata__functions.h
[0.721s] -- Up-to-date: /home/aprs/aprs/aprs_ws/install/realsense2_camera_msgs/include/realsense2_camera_msgs/realsense2_camera_msgs/msg/detail/imu_info__functions.h
[0.721s] -- Up-to-date: /home/aprs/aprs/aprs_ws/install/realsense2_camera_msgs/include/realsense2_camera_msgs/realsense2_camera_msgs/msg/detail/imu_info__functions.c
[0.721s] -- Up-to-date: /home/aprs/aprs/aprs_ws/install/realsense2_camera_msgs/include/realsense2_camera_msgs/realsense2_camera_msgs/msg/detail/rgbd__struct.h
[0.721s] -- Up-to-date: /home/aprs/aprs/aprs_ws/install/realsense2_camera_msgs/include/realsense2_camera_msgs/realsense2_camera_msgs/msg/detail/extrinsics__type_support.h
[0.721s] -- Up-to-date: /home/aprs/aprs/aprs_ws/install/realsense2_camera_msgs/include/realsense2_camera_msgs/realsense2_camera_msgs/msg/detail/imu_info__struct.h
[0.721s] -- Up-to-date: /home/aprs/aprs/aprs_ws/install/realsense2_camera_msgs/include/realsense2_camera_msgs/realsense2_camera_msgs/msg/detail/extrinsics__struct.h
[0.721s] -- Up-to-date: /home/aprs/aprs/aprs_ws/install/realsense2_camera_msgs/include/realsense2_camera_msgs/realsense2_camera_msgs/msg/detail/metadata__functions.c
[0.721s] -- Up-to-date: /home/aprs/aprs/aprs_ws/install/realsense2_camera_msgs/include/realsense2_camera_msgs/realsense2_camera_msgs/msg/detail/rgbd__functions.c
[0.721s] -- Up-to-date: /home/aprs/aprs/aprs_ws/install/realsense2_camera_msgs/include/realsense2_camera_msgs/realsense2_camera_msgs/msg/detail/imu_info__type_support.h
[0.721s] -- Up-to-date: /home/aprs/aprs/aprs_ws/install/realsense2_camera_msgs/include/realsense2_camera_msgs/realsense2_camera_msgs/msg/detail/metadata__struct.h
[0.721s] -- Up-to-date: /home/aprs/aprs/aprs_ws/install/realsense2_camera_msgs/include/realsense2_camera_msgs/realsense2_camera_msgs/msg/detail/rgbd__functions.h
[0.721s] -- Up-to-date: /home/aprs/aprs/aprs_ws/install/realsense2_camera_msgs/include/realsense2_camera_msgs/realsense2_camera_msgs/msg/detail/extrinsics__functions.c
[0.721s] -- Up-to-date: /home/aprs/aprs/aprs_ws/install/realsense2_camera_msgs/include/realsense2_camera_msgs/realsense2_camera_msgs/msg/detail/rgbd__type_support.h
[0.721s] -- Up-to-date: /home/aprs/aprs/aprs_ws/install/realsense2_camera_msgs/include/realsense2_camera_msgs/realsense2_camera_msgs/msg/detail/metadata__type_support.h
[0.721s] -- Up-to-date: /home/aprs/aprs/aprs_ws/install/realsense2_camera_msgs/include/realsense2_camera_msgs/realsense2_camera_msgs/msg/detail/extrinsics__functions.h
[0.721s] -- Up-to-date: /home/aprs/aprs/aprs_ws/install/realsense2_camera_msgs/include/realsense2_camera_msgs/realsense2_camera_msgs/msg/imu_info.h
[0.721s] -- Up-to-date: /home/aprs/aprs/aprs_ws/install/realsense2_camera_msgs/include/realsense2_camera_msgs/realsense2_camera_msgs/msg/rosidl_generator_c__visibility_control.h
[0.721s] -- Up-to-date: /home/aprs/aprs/aprs_ws/install/realsense2_camera_msgs/include/realsense2_camera_msgs/realsense2_camera_msgs/srv
[0.721s] -- Up-to-date: /home/aprs/aprs/aprs_ws/install/realsense2_camera_msgs/include/realsense2_camera_msgs/realsense2_camera_msgs/srv/detail
[0.721s] -- Up-to-date: /home/aprs/aprs/aprs_ws/install/realsense2_camera_msgs/include/realsense2_camera_msgs/realsense2_camera_msgs/srv/detail/device_info__functions.c
[0.721s] -- Up-to-date: /home/aprs/aprs/aprs_ws/install/realsense2_camera_msgs/include/realsense2_camera_msgs/realsense2_camera_msgs/srv/detail/device_info__type_support.h
[0.721s] -- Up-to-date: /home/aprs/aprs/aprs_ws/install/realsense2_camera_msgs/include/realsense2_camera_msgs/realsense2_camera_msgs/srv/detail/device_info__functions.h
[0.722s] -- Up-to-date: /home/aprs/aprs/aprs_ws/install/realsense2_camera_msgs/include/realsense2_camera_msgs/realsense2_camera_msgs/srv/detail/device_info__struct.h
[0.722s] -- Up-to-date: /home/aprs/aprs/aprs_ws/install/realsense2_camera_msgs/include/realsense2_camera_msgs/realsense2_camera_msgs/srv/device_info.h
[0.722s] -- Up-to-date: /home/aprs/aprs/aprs_ws/install/realsense2_camera_msgs/share/realsense2_camera_msgs/environment/library_path.sh
[0.722s] -- Up-to-date: /home/aprs/aprs/aprs_ws/install/realsense2_camera_msgs/share/realsense2_camera_msgs/environment/library_path.dsv
[0.722s] -- Up-to-date: /home/aprs/aprs/aprs_ws/install/realsense2_camera_msgs/lib/librealsense2_camera_msgs__rosidl_generator_c.so
[0.722s] -- Up-to-date: /home/aprs/aprs/aprs_ws/install/realsense2_camera_msgs/include/realsense2_camera_msgs/realsense2_camera_msgs
[0.722s] -- Up-to-date: /home/aprs/aprs/aprs_ws/install/realsense2_camera_msgs/include/realsense2_camera_msgs/realsense2_camera_msgs/msg
[0.722s] -- Up-to-date: /home/aprs/aprs/aprs_ws/install/realsense2_camera_msgs/include/realsense2_camera_msgs/realsense2_camera_msgs/msg/rosidl_typesupport_fastrtps_c__visibility_control.h
[0.722s] -- Up-to-date: /home/aprs/aprs/aprs_ws/install/realsense2_camera_msgs/include/realsense2_camera_msgs/realsense2_camera_msgs/msg/detail
[0.722s] -- Up-to-date: /home/aprs/aprs/aprs_ws/install/realsense2_camera_msgs/include/realsense2_camera_msgs/realsense2_camera_msgs/msg/detail/imu_info__rosidl_typesupport_fastrtps_c.h
[0.722s] -- Up-to-date: /home/aprs/aprs/aprs_ws/install/realsense2_camera_msgs/include/realsense2_camera_msgs/realsense2_camera_msgs/msg/detail/extrinsics__rosidl_typesupport_fastrtps_c.h
[0.722s] -- Up-to-date: /home/aprs/aprs/aprs_ws/install/realsense2_camera_msgs/include/realsense2_camera_msgs/realsense2_camera_msgs/msg/detail/metadata__rosidl_typesupport_fastrtps_c.h
[0.722s] -- Up-to-date: /home/aprs/aprs/aprs_ws/install/realsense2_camera_msgs/include/realsense2_camera_msgs/realsense2_camera_msgs/msg/detail/rgbd__rosidl_typesupport_fastrtps_c.h
[0.722s] -- Up-to-date: /home/aprs/aprs/aprs_ws/install/realsense2_camera_msgs/include/realsense2_camera_msgs/realsense2_camera_msgs/srv
[0.722s] -- Up-to-date: /home/aprs/aprs/aprs_ws/install/realsense2_camera_msgs/include/realsense2_camera_msgs/realsense2_camera_msgs/srv/detail
[0.722s] -- Up-to-date: /home/aprs/aprs/aprs_ws/install/realsense2_camera_msgs/include/realsense2_camera_msgs/realsense2_camera_msgs/srv/detail/device_info__rosidl_typesupport_fastrtps_c.h
[0.722s] -- Up-to-date: /home/aprs/aprs/aprs_ws/install/realsense2_camera_msgs/lib/librealsense2_camera_msgs__rosidl_typesupport_fastrtps_c.so
[0.722s] -- Up-to-date: /home/aprs/aprs/aprs_ws/install/realsense2_camera_msgs/include/realsense2_camera_msgs/realsense2_camera_msgs
[0.722s] -- Up-to-date: /home/aprs/aprs/aprs_ws/install/realsense2_camera_msgs/include/realsense2_camera_msgs/realsense2_camera_msgs/msg
[0.722s] -- Up-to-date: /home/aprs/aprs/aprs_ws/install/realsense2_camera_msgs/include/realsense2_camera_msgs/realsense2_camera_msgs/msg/detail
[0.722s] -- Up-to-date: /home/aprs/aprs/aprs_ws/install/realsense2_camera_msgs/include/realsense2_camera_msgs/realsense2_camera_msgs/msg/detail/rgbd__type_support.c
[0.722s] -- Up-to-date: /home/aprs/aprs/aprs_ws/install/realsense2_camera_msgs/include/realsense2_camera_msgs/realsense2_camera_msgs/msg/detail/imu_info__type_support.c
[0.723s] -- Up-to-date: /home/aprs/aprs/aprs_ws/install/realsense2_camera_msgs/include/realsense2_camera_msgs/realsense2_camera_msgs/msg/detail/extrinsics__rosidl_typesupport_introspection_c.h
[0.723s] -- Up-to-date: /home/aprs/aprs/aprs_ws/install/realsense2_camera_msgs/include/realsense2_camera_msgs/realsense2_camera_msgs/msg/detail/rgbd__rosidl_typesupport_introspection_c.h
[0.723s] -- Up-to-date: /home/aprs/aprs/aprs_ws/install/realsense2_camera_msgs/include/realsense2_camera_msgs/realsense2_camera_msgs/msg/detail/imu_info__rosidl_typesupport_introspection_c.h
[0.723s] -- Up-to-date: /home/aprs/aprs/aprs_ws/install/realsense2_camera_msgs/include/realsense2_camera_msgs/realsense2_camera_msgs/msg/detail/extrinsics__type_support.c
[0.723s] -- Up-to-date: /home/aprs/aprs/aprs_ws/install/realsense2_camera_msgs/include/realsense2_camera_msgs/realsense2_camera_msgs/msg/detail/metadata__type_support.c
[0.723s] -- Up-to-date: /home/aprs/aprs/aprs_ws/install/realsense2_camera_msgs/include/realsense2_camera_msgs/realsense2_camera_msgs/msg/detail/metadata__rosidl_typesupport_introspection_c.h
[0.723s] -- Up-to-date: /home/aprs/aprs/aprs_ws/install/realsense2_camera_msgs/include/realsense2_camera_msgs/realsense2_camera_msgs/msg/rosidl_typesupport_introspection_c__visibility_control.h
[0.723s] -- Up-to-date: /home/aprs/aprs/aprs_ws/install/realsense2_camera_msgs/include/realsense2_camera_msgs/realsense2_camera_msgs/srv
[0.723s] -- Up-to-date: /home/aprs/aprs/aprs_ws/install/realsense2_camera_msgs/include/realsense2_camera_msgs/realsense2_camera_msgs/srv/detail
[0.723s] -- Up-to-date: /home/aprs/aprs/aprs_ws/install/realsense2_camera_msgs/include/realsense2_camera_msgs/realsense2_camera_msgs/srv/detail/device_info__type_support.c
[0.723s] -- Up-to-date: /home/aprs/aprs/aprs_ws/install/realsense2_camera_msgs/include/realsense2_camera_msgs/realsense2_camera_msgs/srv/detail/device_info__rosidl_typesupport_introspection_c.h
[0.724s] -- Up-to-date: /home/aprs/aprs/aprs_ws/install/realsense2_camera_msgs/lib/librealsense2_camera_msgs__rosidl_typesupport_introspection_c.so
[0.724s] -- Up-to-date: /home/aprs/aprs/aprs_ws/install/realsense2_camera_msgs/lib/librealsense2_camera_msgs__rosidl_typesupport_c.so
[0.724s] -- Up-to-date: /home/aprs/aprs/aprs_ws/install/realsense2_camera_msgs/include/realsense2_camera_msgs/realsense2_camera_msgs
[0.724s] -- Up-to-date: /home/aprs/aprs/aprs_ws/install/realsense2_camera_msgs/include/realsense2_camera_msgs/realsense2_camera_msgs/msg
[0.724s] -- Up-to-date: /home/aprs/aprs/aprs_ws/install/realsense2_camera_msgs/include/realsense2_camera_msgs/realsense2_camera_msgs/msg/extrinsics.hpp
[0.724s] -- Up-to-date: /home/aprs/aprs/aprs_ws/install/realsense2_camera_msgs/include/realsense2_camera_msgs/realsense2_camera_msgs/msg/imu_info.hpp
[0.724s] -- Up-to-date: /home/aprs/aprs/aprs_ws/install/realsense2_camera_msgs/include/realsense2_camera_msgs/realsense2_camera_msgs/msg/detail
[0.724s] -- Up-to-date: /home/aprs/aprs/aprs_ws/install/realsense2_camera_msgs/include/realsense2_camera_msgs/realsense2_camera_msgs/msg/detail/metadata__struct.hpp
[0.724s] -- Up-to-date: /home/aprs/aprs/aprs_ws/install/realsense2_camera_msgs/include/realsense2_camera_msgs/realsense2_camera_msgs/msg/detail/extrinsics__traits.hpp
[0.725s] -- Up-to-date: /home/aprs/aprs/aprs_ws/install/realsense2_camera_msgs/include/realsense2_camera_msgs/realsense2_camera_msgs/msg/detail/rgbd__builder.hpp
[0.725s] -- Up-to-date: /home/aprs/aprs/aprs_ws/install/realsense2_camera_msgs/include/realsense2_camera_msgs/realsense2_camera_msgs/msg/detail/imu_info__struct.hpp
[0.725s] -- Up-to-date: /home/aprs/aprs/aprs_ws/install/realsense2_camera_msgs/include/realsense2_camera_msgs/realsense2_camera_msgs/msg/detail/rgbd__struct.hpp
[0.725s] -- Up-to-date: /home/aprs/aprs/aprs_ws/install/realsense2_camera_msgs/include/realsense2_camera_msgs/realsense2_camera_msgs/msg/detail/rgbd__traits.hpp
[0.725s] -- Up-to-date: /home/aprs/aprs/aprs_ws/install/realsense2_camera_msgs/include/realsense2_camera_msgs/realsense2_camera_msgs/msg/detail/imu_info__traits.hpp
[0.726s] -- Up-to-date: /home/aprs/aprs/aprs_ws/install/realsense2_camera_msgs/include/realsense2_camera_msgs/realsense2_camera_msgs/msg/detail/metadata__builder.hpp
[0.727s] -- Up-to-date: /home/aprs/aprs/aprs_ws/install/realsense2_camera_msgs/include/realsense2_camera_msgs/realsense2_camera_msgs/msg/detail/imu_info__builder.hpp
[0.727s] -- Up-to-date: /home/aprs/aprs/aprs_ws/install/realsense2_camera_msgs/include/realsense2_camera_msgs/realsense2_camera_msgs/msg/detail/extrinsics__struct.hpp
[0.727s] -- Up-to-date: /home/aprs/aprs/aprs_ws/install/realsense2_camera_msgs/include/realsense2_camera_msgs/realsense2_camera_msgs/msg/detail/extrinsics__builder.hpp
[0.727s] -- Up-to-date: /home/aprs/aprs/aprs_ws/install/realsense2_camera_msgs/include/realsense2_camera_msgs/realsense2_camera_msgs/msg/detail/metadata__traits.hpp
[0.727s] -- Up-to-date: /home/aprs/aprs/aprs_ws/install/realsense2_camera_msgs/include/realsense2_camera_msgs/realsense2_camera_msgs/msg/rgbd.hpp
[0.727s] -- Up-to-date: /home/aprs/aprs/aprs_ws/install/realsense2_camera_msgs/include/realsense2_camera_msgs/realsense2_camera_msgs/msg/metadata.hpp
[0.728s] -- Up-to-date: /home/aprs/aprs/aprs_ws/install/realsense2_camera_msgs/include/realsense2_camera_msgs/realsense2_camera_msgs/srv
[0.728s] -- Up-to-date: /home/aprs/aprs/aprs_ws/install/realsense2_camera_msgs/include/realsense2_camera_msgs/realsense2_camera_msgs/srv/detail
[0.728s] -- Up-to-date: /home/aprs/aprs/aprs_ws/install/realsense2_camera_msgs/include/realsense2_camera_msgs/realsense2_camera_msgs/srv/detail/device_info__traits.hpp
[0.728s] -- Up-to-date: /home/aprs/aprs/aprs_ws/install/realsense2_camera_msgs/include/realsense2_camera_msgs/realsense2_camera_msgs/srv/detail/device_info__builder.hpp
[0.730s] -- Up-to-date: /home/aprs/aprs/aprs_ws/install/realsense2_camera_msgs/include/realsense2_camera_msgs/realsense2_camera_msgs/srv/detail/device_info__struct.hpp
[0.730s] -- Up-to-date: /home/aprs/aprs/aprs_ws/install/realsense2_camera_msgs/include/realsense2_camera_msgs/realsense2_camera_msgs/srv/device_info.hpp
[0.730s] -- Up-to-date: /home/aprs/aprs/aprs_ws/install/realsense2_camera_msgs/include/realsense2_camera_msgs/realsense2_camera_msgs
[0.730s] -- Up-to-date: /home/aprs/aprs/aprs_ws/install/realsense2_camera_msgs/include/realsense2_camera_msgs/realsense2_camera_msgs/msg
[0.730s] -- Up-to-date: /home/aprs/aprs/aprs_ws/install/realsense2_camera_msgs/include/realsense2_camera_msgs/realsense2_camera_msgs/msg/detail
[0.730s] -- Up-to-date: /home/aprs/aprs/aprs_ws/install/realsense2_camera_msgs/include/realsense2_camera_msgs/realsense2_camera_msgs/msg/detail/imu_info__rosidl_typesupport_fastrtps_cpp.hpp
[0.730s] -- Up-to-date: /home/aprs/aprs/aprs_ws/install/realsense2_camera_msgs/include/realsense2_camera_msgs/realsense2_camera_msgs/msg/detail/dds_fastrtps
[0.730s] -- Up-to-date: /home/aprs/aprs/aprs_ws/install/realsense2_camera_msgs/include/realsense2_camera_msgs/realsense2_camera_msgs/msg/detail/metadata__rosidl_typesupport_fastrtps_cpp.hpp
[0.733s] -- Up-to-date: /home/aprs/aprs/aprs_ws/install/realsense2_camera_msgs/include/realsense2_camera_msgs/realsense2_camera_msgs/msg/detail/extrinsics__rosidl_typesupport_fastrtps_cpp.hpp
[0.733s] -- Up-to-date: /home/aprs/aprs/aprs_ws/install/realsense2_camera_msgs/include/realsense2_camera_msgs/realsense2_camera_msgs/msg/detail/rgbd__rosidl_typesupport_fastrtps_cpp.hpp
[0.733s] -- Up-to-date: /home/aprs/aprs/aprs_ws/install/realsense2_camera_msgs/include/realsense2_camera_msgs/realsense2_camera_msgs/msg/rosidl_typesupport_fastrtps_cpp__visibility_control.h
[0.733s] -- Up-to-date: /home/aprs/aprs/aprs_ws/install/realsense2_camera_msgs/include/realsense2_camera_msgs/realsense2_camera_msgs/srv
[0.733s] -- Up-to-date: /home/aprs/aprs/aprs_ws/install/realsense2_camera_msgs/include/realsense2_camera_msgs/realsense2_camera_msgs/srv/detail
[0.733s] -- Up-to-date: /home/aprs/aprs/aprs_ws/install/realsense2_camera_msgs/include/realsense2_camera_msgs/realsense2_camera_msgs/srv/detail/dds_fastrtps
[0.734s] -- Up-to-date: /home/aprs/aprs/aprs_ws/install/realsense2_camera_msgs/include/realsense2_camera_msgs/realsense2_camera_msgs/srv/detail/device_info__rosidl_typesupport_fastrtps_cpp.hpp
[0.734s] -- Up-to-date: /home/aprs/aprs/aprs_ws/install/realsense2_camera_msgs/lib/librealsense2_camera_msgs__rosidl_typesupport_fastrtps_cpp.so
[0.734s] -- Up-to-date: /home/aprs/aprs/aprs_ws/install/realsense2_camera_msgs/include/realsense2_camera_msgs/realsense2_camera_msgs
[0.734s] -- Up-to-date: /home/aprs/aprs/aprs_ws/install/realsense2_camera_msgs/include/realsense2_camera_msgs/realsense2_camera_msgs/msg
[0.734s] -- Up-to-date: /home/aprs/aprs/aprs_ws/install/realsense2_camera_msgs/include/realsense2_camera_msgs/realsense2_camera_msgs/msg/detail
[0.746s] -- Up-to-date: /home/aprs/aprs/aprs_ws/install/realsense2_camera_msgs/include/realsense2_camera_msgs/realsense2_camera_msgs/msg/detail/metadata__rosidl_typesupport_introspection_cpp.hpp
[0.746s] -- Up-to-date: /home/aprs/aprs/aprs_ws/install/realsense2_camera_msgs/include/realsense2_camera_msgs/realsense2_camera_msgs/msg/detail/extrinsics__type_support.cpp
[0.746s] -- Up-to-date: /home/aprs/aprs/aprs_ws/install/realsense2_camera_msgs/include/realsense2_camera_msgs/realsense2_camera_msgs/msg/detail/extrinsics__rosidl_typesupport_introspection_cpp.hpp
[0.746s] -- Up-to-date: /home/aprs/aprs/aprs_ws/install/realsense2_camera_msgs/include/realsense2_camera_msgs/realsense2_camera_msgs/msg/detail/metadata__type_support.cpp
[0.746s] -- Up-to-date: /home/aprs/aprs/aprs_ws/install/realsense2_camera_msgs/include/realsense2_camera_msgs/realsense2_camera_msgs/msg/detail/rgbd__type_support.cpp
[0.746s] -- Up-to-date: /home/aprs/aprs/aprs_ws/install/realsense2_camera_msgs/include/realsense2_camera_msgs/realsense2_camera_msgs/msg/detail/imu_info__rosidl_typesupport_introspection_cpp.hpp
[0.746s] -- Up-to-date: /home/aprs/aprs/aprs_ws/install/realsense2_camera_msgs/include/realsense2_camera_msgs/realsense2_camera_msgs/msg/detail/rgbd__rosidl_typesupport_introspection_cpp.hpp
[0.746s] -- Up-to-date: /home/aprs/aprs/aprs_ws/install/realsense2_camera_msgs/include/realsense2_camera_msgs/realsense2_camera_msgs/msg/detail/imu_info__type_support.cpp
[0.746s] -- Up-to-date: /home/aprs/aprs/aprs_ws/install/realsense2_camera_msgs/include/realsense2_camera_msgs/realsense2_camera_msgs/srv
[0.746s] -- Up-to-date: /home/aprs/aprs/aprs_ws/install/realsense2_camera_msgs/include/realsense2_camera_msgs/realsense2_camera_msgs/srv/detail
[0.746s] -- Up-to-date: /home/aprs/aprs/aprs_ws/install/realsense2_camera_msgs/include/realsense2_camera_msgs/realsense2_camera_msgs/srv/detail/device_info__rosidl_typesupport_introspection_cpp.hpp
[0.747s] -- Up-to-date: /home/aprs/aprs/aprs_ws/install/realsense2_camera_msgs/include/realsense2_camera_msgs/realsense2_camera_msgs/srv/detail/device_info__type_support.cpp
[0.747s] -- Up-to-date: /home/aprs/aprs/aprs_ws/install/realsense2_camera_msgs/lib/librealsense2_camera_msgs__rosidl_typesupport_introspection_cpp.so
[0.747s] -- Up-to-date: /home/aprs/aprs/aprs_ws/install/realsense2_camera_msgs/lib/librealsense2_camera_msgs__rosidl_typesupport_cpp.so
[0.747s] -- Up-to-date: /home/aprs/aprs/aprs_ws/install/realsense2_camera_msgs/share/realsense2_camera_msgs/environment/pythonpath.sh
[0.747s] -- Up-to-date: /home/aprs/aprs/aprs_ws/install/realsense2_camera_msgs/share/realsense2_camera_msgs/environment/pythonpath.dsv
[0.747s] -- Up-to-date: /home/aprs/aprs/aprs_ws/install/realsense2_camera_msgs/local/lib/python3.10/dist-packages/realsense2_camera_msgs-4.54.1-py3.10.egg-info
[0.747s] -- Installing: /home/aprs/aprs/aprs_ws/install/realsense2_camera_msgs/local/lib/python3.10/dist-packages/realsense2_camera_msgs-4.54.1-py3.10.egg-info/PKG-INFO
[0.747s] -- Installing: /home/aprs/aprs/aprs_ws/install/realsense2_camera_msgs/local/lib/python3.10/dist-packages/realsense2_camera_msgs-4.54.1-py3.10.egg-info/dependency_links.txt
[0.747s] -- Installing: /home/aprs/aprs/aprs_ws/install/realsense2_camera_msgs/local/lib/python3.10/dist-packages/realsense2_camera_msgs-4.54.1-py3.10.egg-info/SOURCES.txt
[0.747s] -- Installing: /home/aprs/aprs/aprs_ws/install/realsense2_camera_msgs/local/lib/python3.10/dist-packages/realsense2_camera_msgs-4.54.1-py3.10.egg-info/top_level.txt
[0.747s] -- Up-to-date: /home/aprs/aprs/aprs_ws/install/realsense2_camera_msgs/local/lib/python3.10/dist-packages/realsense2_camera_msgs
[0.749s] -- Up-to-date: /home/aprs/aprs/aprs_ws/install/realsense2_camera_msgs/local/lib/python3.10/dist-packages/realsense2_camera_msgs/__init__.py
[0.766s] -- Up-to-date: /home/aprs/aprs/aprs_ws/install/realsense2_camera_msgs/local/lib/python3.10/dist-packages/realsense2_camera_msgs/_realsense2_camera_msgs_s.ep.rosidl_typesupport_fastrtps_c.c
[0.766s] -- Up-to-date: /home/aprs/aprs/aprs_ws/install/realsense2_camera_msgs/local/lib/python3.10/dist-packages/realsense2_camera_msgs/realsense2_camera_msgs_s__rosidl_typesupport_c.cpython-310-x86_64-linux-gnu.so
[0.766s] -- Up-to-date: /home/aprs/aprs/aprs_ws/install/realsense2_camera_msgs/local/lib/python3.10/dist-packages/realsense2_camera_msgs/librealsense2_camera_msgs__rosidl_generator_py.so
[0.766s] -- Up-to-date: /home/aprs/aprs/aprs_ws/install/realsense2_camera_msgs/local/lib/python3.10/dist-packages/realsense2_camera_msgs/msg
[0.771s] -- Up-to-date: /home/aprs/aprs/aprs_ws/install/realsense2_camera_msgs/local/lib/python3.10/dist-packages/realsense2_camera_msgs/msg/__init__.py
[0.771s] -- Up-to-date: /home/aprs/aprs/aprs_ws/install/realsense2_camera_msgs/local/lib/python3.10/dist-packages/realsense2_camera_msgs/msg/_extrinsics.py
[0.771s] -- Up-to-date: /home/aprs/aprs/aprs_ws/install/realsense2_camera_msgs/local/lib/python3.10/dist-packages/realsense2_camera_msgs/msg/_imu_info_s.c
[0.772s] -- Up-to-date: /home/aprs/aprs/aprs_ws/install/realsense2_camera_msgs/local/lib/python3.10/dist-packages/realsense2_camera_msgs/msg/_metadata.py
[0.772s] -- Up-to-date: /home/aprs/aprs/aprs_ws/install/realsense2_camera_msgs/local/lib/python3.10/dist-packages/realsense2_camera_msgs/msg/_metadata_s.c
[0.773s] -- Up-to-date: /home/aprs/aprs/aprs_ws/install/realsense2_camera_msgs/local/lib/python3.10/dist-packages/realsense2_camera_msgs/msg/_rgbd.py
[0.773s] -- Up-to-date: /home/aprs/aprs/aprs_ws/install/realsense2_camera_msgs/local/lib/python3.10/dist-packages/realsense2_camera_msgs/msg/_imu_info.py
[0.773s] -- Up-to-date: /home/aprs/aprs/aprs_ws/install/realsense2_camera_msgs/local/lib/python3.10/dist-packages/realsense2_camera_msgs/msg/_extrinsics_s.c
[0.773s] -- Up-to-date: /home/aprs/aprs/aprs_ws/install/realsense2_camera_msgs/local/lib/python3.10/dist-packages/realsense2_camera_msgs/msg/_rgbd_s.c
[0.773s] -- Up-to-date: /home/aprs/aprs/aprs_ws/install/realsense2_camera_msgs/local/lib/python3.10/dist-packages/realsense2_camera_msgs/_realsense2_camera_msgs_s.ep.rosidl_typesupport_introspection_c.c
[0.773s] -- Up-to-date: /home/aprs/aprs/aprs_ws/install/realsense2_camera_msgs/local/lib/python3.10/dist-packages/realsense2_camera_msgs/realsense2_camera_msgs_s__rosidl_typesupport_introspection_c.cpython-310-x86_64-linux-gnu.so
[0.773s] -- Up-to-date: /home/aprs/aprs/aprs_ws/install/realsense2_camera_msgs/local/lib/python3.10/dist-packages/realsense2_camera_msgs/srv
[0.773s] -- Up-to-date: /home/aprs/aprs/aprs_ws/install/realsense2_camera_msgs/local/lib/python3.10/dist-packages/realsense2_camera_msgs/srv/__init__.py
[0.774s] -- Up-to-date: /home/aprs/aprs/aprs_ws/install/realsense2_camera_msgs/local/lib/python3.10/dist-packages/realsense2_camera_msgs/srv/_device_info.py
[0.774s] -- Up-to-date: /home/aprs/aprs/aprs_ws/install/realsense2_camera_msgs/local/lib/python3.10/dist-packages/realsense2_camera_msgs/srv/_device_info_s.c
[0.781s] -- Up-to-date: /home/aprs/aprs/aprs_ws/install/realsense2_camera_msgs/local/lib/python3.10/dist-packages/realsense2_camera_msgs/_realsense2_camera_msgs_s.ep.rosidl_typesupport_c.c
[0.781s] -- Up-to-date: /home/aprs/aprs/aprs_ws/install/realsense2_camera_msgs/local/lib/python3.10/dist-packages/realsense2_camera_msgs/realsense2_camera_msgs_s__rosidl_typesupport_fastrtps_c.cpython-310-x86_64-linux-gnu.so
[0.794s] Listing '/home/aprs/aprs/aprs_ws/install/realsense2_camera_msgs/local/lib/python3.10/dist-packages/realsense2_camera_msgs'...
[0.794s] Listing '/home/aprs/aprs/aprs_ws/install/realsense2_camera_msgs/local/lib/python3.10/dist-packages/realsense2_camera_msgs/msg'...
[0.794s] Listing '/home/aprs/aprs/aprs_ws/install/realsense2_camera_msgs/local/lib/python3.10/dist-packages/realsense2_camera_msgs/srv'...
[0.795s] -- Up-to-date: /home/aprs/aprs/aprs_ws/install/realsense2_camera_msgs/local/lib/python3.10/dist-packages/realsense2_camera_msgs/realsense2_camera_msgs_s__rosidl_typesupport_fastrtps_c.cpython-310-x86_64-linux-gnu.so
[0.796s] -- Up-to-date: /home/aprs/aprs/aprs_ws/install/realsense2_camera_msgs/local/lib/python3.10/dist-packages/realsense2_camera_msgs/realsense2_camera_msgs_s__rosidl_typesupport_introspection_c.cpython-310-x86_64-linux-gnu.so
[0.796s] -- Up-to-date: /home/aprs/aprs/aprs_ws/install/realsense2_camera_msgs/local/lib/python3.10/dist-packages/realsense2_camera_msgs/realsense2_camera_msgs_s__rosidl_typesupport_c.cpython-310-x86_64-linux-gnu.so
[0.797s] -- Up-to-date: /home/aprs/aprs/aprs_ws/install/realsense2_camera_msgs/lib/librealsense2_camera_msgs__rosidl_generator_py.so
[0.799s] -- Up-to-date: /home/aprs/aprs/aprs_ws/install/realsense2_camera_msgs/share/realsense2_camera_msgs/msg/IMUInfo.idl
[0.799s] -- Up-to-date: /home/aprs/aprs/aprs_ws/install/realsense2_camera_msgs/share/realsense2_camera_msgs/msg/Extrinsics.idl
[0.799s] -- Up-to-date: /home/aprs/aprs/aprs_ws/install/realsense2_camera_msgs/share/realsense2_camera_msgs/msg/Metadata.idl
[0.799s] -- Up-to-date: /home/aprs/aprs/aprs_ws/install/realsense2_camera_msgs/share/realsense2_camera_msgs/msg/RGBD.idl
[0.799s] -- Up-to-date: /home/aprs/aprs/aprs_ws/install/realsense2_camera_msgs/share/realsense2_camera_msgs/srv/DeviceInfo.idl
[0.800s] -- Up-to-date: /home/aprs/aprs/aprs_ws/install/realsense2_camera_msgs/share/realsense2_camera_msgs/msg/IMUInfo.msg
[0.800s] -- Up-to-date: /home/aprs/aprs/aprs_ws/install/realsense2_camera_msgs/share/realsense2_camera_msgs/msg/Extrinsics.msg
[0.800s] -- Up-to-date: /home/aprs/aprs/aprs_ws/install/realsense2_camera_msgs/share/realsense2_camera_msgs/msg/Metadata.msg
[0.800s] -- Up-to-date: /home/aprs/aprs/aprs_ws/install/realsense2_camera_msgs/share/realsense2_camera_msgs/msg/RGBD.msg
[0.800s] -- Up-to-date: /home/aprs/aprs/aprs_ws/install/realsense2_camera_msgs/share/realsense2_camera_msgs/srv/DeviceInfo.srv
[0.800s] -- Up-to-date: /home/aprs/aprs/aprs_ws/install/realsense2_camera_msgs/share/realsense2_camera_msgs/srv/DeviceInfo_Request.msg
[0.800s] -- Up-to-date: /home/aprs/aprs/aprs_ws/install/realsense2_camera_msgs/share/realsense2_camera_msgs/srv/DeviceInfo_Response.msg
[0.800s] -- Up-to-date: /home/aprs/aprs/aprs_ws/install/realsense2_camera_msgs/share/ament_index/resource_index/package_run_dependencies/realsense2_camera_msgs
[0.800s] -- Up-to-date: /home/aprs/aprs/aprs_ws/install/realsense2_camera_msgs/share/ament_index/resource_index/parent_prefix_path/realsense2_camera_msgs
[0.800s] -- Up-to-date: /home/aprs/aprs/aprs_ws/install/realsense2_camera_msgs/share/realsense2_camera_msgs/environment/ament_prefix_path.sh
[0.801s] -- Up-to-date: /home/aprs/aprs/aprs_ws/install/realsense2_camera_msgs/share/realsense2_camera_msgs/environment/ament_prefix_path.dsv
[0.801s] -- Up-to-date: /home/aprs/aprs/aprs_ws/install/realsense2_camera_msgs/share/realsense2_camera_msgs/environment/path.sh
[0.801s] -- Up-to-date: /home/aprs/aprs/aprs_ws/install/realsense2_camera_msgs/share/realsense2_camera_msgs/environment/path.dsv
[0.801s] -- Up-to-date: /home/aprs/aprs/aprs_ws/install/realsense2_camera_msgs/share/realsense2_camera_msgs/local_setup.bash
[0.801s] -- Up-to-date: /home/aprs/aprs/aprs_ws/install/realsense2_camera_msgs/share/realsense2_camera_msgs/local_setup.sh
[0.801s] -- Up-to-date: /home/aprs/aprs/aprs_ws/install/realsense2_camera_msgs/share/realsense2_camera_msgs/local_setup.zsh
[0.802s] -- Up-to-date: /home/aprs/aprs/aprs_ws/install/realsense2_camera_msgs/share/realsense2_camera_msgs/local_setup.dsv
[0.802s] -- Installing: /home/aprs/aprs/aprs_ws/install/realsense2_camera_msgs/share/realsense2_camera_msgs/package.dsv
[0.802s] -- Up-to-date: /home/aprs/aprs/aprs_ws/install/realsense2_camera_msgs/share/ament_index/resource_index/packages/realsense2_camera_msgs
[0.802s] -- Up-to-date: /home/aprs/aprs/aprs_ws/install/realsense2_camera_msgs/share/realsense2_camera_msgs/cmake/export_realsense2_camera_msgs__rosidl_generator_cExport.cmake
[0.802s] -- Up-to-date: /home/aprs/aprs/aprs_ws/install/realsense2_camera_msgs/share/realsense2_camera_msgs/cmake/export_realsense2_camera_msgs__rosidl_generator_cExport-noconfig.cmake
[0.802s] -- Up-to-date: /home/aprs/aprs/aprs_ws/install/realsense2_camera_msgs/share/realsense2_camera_msgs/cmake/export_realsense2_camera_msgs__rosidl_typesupport_fastrtps_cExport.cmake
[0.802s] -- Up-to-date: /home/aprs/aprs/aprs_ws/install/realsense2_camera_msgs/share/realsense2_camera_msgs/cmake/export_realsense2_camera_msgs__rosidl_typesupport_fastrtps_cExport-noconfig.cmake
[0.804s] -- Up-to-date: /home/aprs/aprs/aprs_ws/install/realsense2_camera_msgs/share/realsense2_camera_msgs/cmake/realsense2_camera_msgs__rosidl_typesupport_introspection_cExport.cmake
[0.806s] -- Up-to-date: /home/aprs/aprs/aprs_ws/install/realsense2_camera_msgs/share/realsense2_camera_msgs/cmake/realsense2_camera_msgs__rosidl_typesupport_introspection_cExport-noconfig.cmake
[0.807s] -- Up-to-date: /home/aprs/aprs/aprs_ws/install/realsense2_camera_msgs/share/realsense2_camera_msgs/cmake/realsense2_camera_msgs__rosidl_typesupport_cExport.cmake
[0.807s] -- Up-to-date: /home/aprs/aprs/aprs_ws/install/realsense2_camera_msgs/share/realsense2_camera_msgs/cmake/realsense2_camera_msgs__rosidl_typesupport_cExport-noconfig.cmake
[0.808s] -- Up-to-date: /home/aprs/aprs/aprs_ws/install/realsense2_camera_msgs/share/realsense2_camera_msgs/cmake/export_realsense2_camera_msgs__rosidl_generator_cppExport.cmake
[0.808s] -- Up-to-date: /home/aprs/aprs/aprs_ws/install/realsense2_camera_msgs/share/realsense2_camera_msgs/cmake/export_realsense2_camera_msgs__rosidl_typesupport_fastrtps_cppExport.cmake
[0.809s] -- Up-to-date: /home/aprs/aprs/aprs_ws/install/realsense2_camera_msgs/share/realsense2_camera_msgs/cmake/export_realsense2_camera_msgs__rosidl_typesupport_fastrtps_cppExport-noconfig.cmake
[0.809s] -- Up-to-date: /home/aprs/aprs/aprs_ws/install/realsense2_camera_msgs/share/realsense2_camera_msgs/cmake/realsense2_camera_msgs__rosidl_typesupport_introspection_cppExport.cmake
[0.809s] -- Up-to-date: /home/aprs/aprs/aprs_ws/install/realsense2_camera_msgs/share/realsense2_camera_msgs/cmake/realsense2_camera_msgs__rosidl_typesupport_introspection_cppExport-noconfig.cmake
[0.810s] -- Up-to-date: /home/aprs/aprs/aprs_ws/install/realsense2_camera_msgs/share/realsense2_camera_msgs/cmake/realsense2_camera_msgs__rosidl_typesupport_cppExport.cmake
[0.815s] -- Up-to-date: /home/aprs/aprs/aprs_ws/install/realsense2_camera_msgs/share/realsense2_camera_msgs/cmake/realsense2_camera_msgs__rosidl_typesupport_cppExport-noconfig.cmake
[0.815s] -- Up-to-date: /home/aprs/aprs/aprs_ws/install/realsense2_camera_msgs/share/realsense2_camera_msgs/cmake/export_realsense2_camera_msgs__rosidl_generator_pyExport.cmake
[0.815s] -- Up-to-date: /home/aprs/aprs/aprs_ws/install/realsense2_camera_msgs/share/realsense2_camera_msgs/cmake/export_realsense2_camera_msgs__rosidl_generator_pyExport-noconfig.cmake
[0.815s] -- Up-to-date: /home/aprs/aprs/aprs_ws/install/realsense2_camera_msgs/share/realsense2_camera_msgs/cmake/rosidl_cmake-extras.cmake
[0.816s] -- Up-to-date: /home/aprs/aprs/aprs_ws/install/realsense2_camera_msgs/share/realsense2_camera_msgs/cmake/ament_cmake_export_dependencies-extras.cmake
[0.816s] -- Up-to-date: /home/aprs/aprs/aprs_ws/install/realsense2_camera_msgs/share/realsense2_camera_msgs/cmake/ament_cmake_export_include_directories-extras.cmake
[0.816s] -- Up-to-date: /home/aprs/aprs/aprs_ws/install/realsense2_camera_msgs/share/realsense2_camera_msgs/cmake/ament_cmake_export_libraries-extras.cmake
[0.816s] -- Up-to-date: /home/aprs/aprs/aprs_ws/install/realsense2_camera_msgs/share/realsense2_camera_msgs/cmake/ament_cmake_export_targets-extras.cmake
[0.816s] -- Up-to-date: /home/aprs/aprs/aprs_ws/install/realsense2_camera_msgs/share/realsense2_camera_msgs/cmake/rosidl_cmake_export_typesupport_targets-extras.cmake
[0.816s] -- Up-to-date: /home/aprs/aprs/aprs_ws/install/realsense2_camera_msgs/share/realsense2_camera_msgs/cmake/rosidl_cmake_export_typesupport_libraries-extras.cmake
[0.817s] -- Up-to-date: /home/aprs/aprs/aprs_ws/install/realsense2_camera_msgs/share/realsense2_camera_msgs/cmake/realsense2_camera_msgsConfig.cmake
[0.817s] -- Up-to-date: /home/aprs/aprs/aprs_ws/install/realsense2_camera_msgs/share/realsense2_camera_msgs/cmake/realsense2_camera_msgsConfig-version.cmake
[0.817s] -- Up-to-date: /home/aprs/aprs/aprs_ws/install/realsense2_camera_msgs/share/realsense2_camera_msgs/package.xml
[0.932s] Invoked command in '/home/aprs/aprs/aprs_ws/build/realsense2_camera_msgs' returned '0': CMAKE_PREFIX_PATH=${CMAKE_PREFIX_PATH}:/home/aprs/aprs/aprs_ws/install/conveyor_controller:/opt/ros/humble /usr/bin/cmake --install /home/aprs/aprs/aprs_ws/build/realsense2_camera_msgs
