[0.239s] Invoking command in '/home/aprs/aprs/aprs_ws/build/conveyor_interfaces': CMAKE_PREFIX_PATH=${CMAKE_PREFIX_PATH}:/home/aprs/aprs/aprs_ws/install/conveyor_controller:/opt/ros/humble /usr/bin/cmake /home/aprs/aprs/aprs_ws/src/aprs-ros-conveyor/conveyor_interfaces -DCMAKE_INSTALL_PREFIX=/home/aprs/aprs/aprs_ws/install/conveyor_interfaces
[0.319s] -- The C compiler identification is GNU 11.4.0
[0.404s] -- The CXX compiler identification is GNU 11.4.0
[0.414s] -- Detecting C compiler ABI info
[0.560s] -- Detecting C compiler ABI info - done
[0.569s] -- Check for working C compiler: /usr/bin/cc - skipped
[0.570s] -- Detecting C compile features
[0.570s] -- Detecting C compile features - done
[0.574s] -- Detecting CXX compiler ABI info
[0.770s] -- Detecting CXX compiler ABI info - done
[0.783s] -- Check for working CXX compiler: /usr/bin/c++ - skipped
[0.783s] -- Detecting CXX compile features
[0.784s] -- Detecting CXX compile features - done
[0.787s] -- Found ament_cmake: 1.3.5 (/opt/ros/humble/share/ament_cmake/cmake)
[1.324s] -- Found Python3: /usr/bin/python3.10 (found version "3.10.12") found components: Interpreter 
[1.636s] -- Found rosidl_default_generators: 1.2.0 (/opt/ros/humble/share/rosidl_default_generators/cmake)
[1.648s] -- Using all available rosidl_typesupport_c: rosidl_typesupport_fastrtps_c;rosidl_typesupport_introspection_c
[1.656s] -- Found rosidl_adapter: 3.1.5 (/opt/ros/humble/share/rosidl_adapter/cmake)
[1.710s] -- Using all available rosidl_typesupport_cpp: rosidl_typesupport_fastrtps_cpp;rosidl_typesupport_introspection_cpp
[2.322s] -- Found ament_cmake_ros: 0.10.0 (/opt/ros/humble/share/ament_cmake_ros/cmake)
[2.868s] -- Using all available rosidl_typesupport_c: rosidl_typesupport_fastrtps_c;rosidl_typesupport_introspection_c
[3.345s] -- Using all available rosidl_typesupport_cpp: rosidl_typesupport_fastrtps_cpp;rosidl_typesupport_introspection_cpp
[3.396s] -- Found PythonInterp: /usr/bin/python3 (found suitable version "3.10.12", minimum required is "3.6") 
[3.397s] -- Found python_cmake_module: 0.10.0 (/opt/ros/humble/share/python_cmake_module/cmake)
[3.435s] -- Found PythonLibs: /usr/lib/x86_64-linux-gnu/libpython3.10.so (found suitable version "3.10.12", minimum required is "3.5") 
[3.435s] -- Using PYTHON_EXECUTABLE: /usr/bin/python3
[3.435s] -- Using PYTHON_INCLUDE_DIRS: /usr/include/python3.10
[3.435s] -- Using PYTHON_LIBRARIES: /usr/lib/x86_64-linux-gnu/libpython3.10.so
[3.483s] -- Found PythonExtra: .so  
[3.539s] -- Configuring done
[3.581s] -- Generating done
[3.585s] -- Build files have been written to: /home/aprs/aprs/aprs_ws/build/conveyor_interfaces
[3.593s] Invoked command in '/home/aprs/aprs/aprs_ws/build/conveyor_interfaces' returned '0': CMAKE_PREFIX_PATH=${CMAKE_PREFIX_PATH}:/home/aprs/aprs/aprs_ws/install/conveyor_controller:/opt/ros/humble /usr/bin/cmake /home/aprs/aprs/aprs_ws/src/aprs-ros-conveyor/conveyor_interfaces -DCMAKE_INSTALL_PREFIX=/home/aprs/aprs/aprs_ws/install/conveyor_interfaces
[3.615s] Invoking command in '/home/aprs/aprs/aprs_ws/build/conveyor_interfaces': CMAKE_PREFIX_PATH=${CMAKE_PREFIX_PATH}:/home/aprs/aprs/aprs_ws/install/conveyor_controller:/opt/ros/humble /usr/bin/cmake --build /home/aprs/aprs/aprs_ws/build/conveyor_interfaces -- -j16 -l16
[6.995s] [  2%] [34m[1mGenerating C code for ROS interfaces[0m
[6.995s] [  4%] [34m[1mGenerating C++ code for ROS interfaces[0m
[6.995s] [  4%] Built target ament_cmake_python_copy_conveyor_interfaces
[6.995s] running egg_info
[6.995s] creating conveyor_interfaces.egg-info
[6.995s] writing conveyor_interfaces.egg-info/PKG-INFO
[6.995s] writing dependency_links to conveyor_interfaces.egg-info/dependency_links.txt
[6.995s] writing top-level names to conveyor_interfaces.egg-info/top_level.txt
[6.995s] writing manifest file 'conveyor_interfaces.egg-info/SOURCES.txt'
[6.995s] reading manifest file 'conveyor_interfaces.egg-info/SOURCES.txt'
[6.995s] writing manifest file 'conveyor_interfaces.egg-info/SOURCES.txt'
[6.995s] [  6%] [32mBuilding C object CMakeFiles/conveyor_interfaces__rosidl_generator_c.dir/rosidl_generator_c/conveyor_interfaces/srv/detail/enable_conveyor__functions.c.o[0m
[6.995s] [  8%] [32mBuilding C object CMakeFiles/conveyor_interfaces__rosidl_generator_c.dir/rosidl_generator_c/conveyor_interfaces/msg/detail/conveyor_state__functions.c.o[0m
[6.995s] [  8%] Built target ament_cmake_python_build_conveyor_interfaces_egg
[6.995s] [  8%] Built target conveyor_interfaces__cpp
[6.995s] [ 10%] [32mBuilding C object CMakeFiles/conveyor_interfaces__rosidl_generator_c.dir/rosidl_generator_c/conveyor_interfaces/srv/detail/set_conveyor_state__functions.c.o[0m
[6.996s] [ 12%] [34m[1mGenerating C++ introspection for ROS interfaces[0m
[6.996s] [ 17%] [34m[1mGenerating C++ type support dispatch for ROS interfaces[0m
[6.996s] [ 17%] [34m[1mGenerating C++ type support for eProsima Fast-RTPS[0m
[6.996s] [ 19%] [32m[1mLinking C shared library libconveyor_interfaces__rosidl_generator_c.so[0m
[6.996s] [ 19%] Built target conveyor_interfaces__rosidl_generator_c
[6.996s] [ 21%] [34m[1mGenerating C type support dispatch for ROS interfaces[0m
[6.996s] [ 23%] [34m[1mGenerating C introspection for ROS interfaces[0m
[6.996s] [ 25%] [34m[1mGenerating C type support for eProsima Fast-RTPS[0m
[6.996s] [ 27%] [32mBuilding CXX object CMakeFiles/conveyor_interfaces__rosidl_typesupport_cpp.dir/rosidl_typesupport_cpp/conveyor_interfaces/msg/conveyor_state__type_support.cpp.o[0m
[6.996s] [ 29%] [32mBuilding CXX object CMakeFiles/conveyor_interfaces__rosidl_typesupport_cpp.dir/rosidl_typesupport_cpp/conveyor_interfaces/srv/enable_conveyor__type_support.cpp.o[0m
[6.996s] [ 31%] [32mBuilding CXX object CMakeFiles/conveyor_interfaces__rosidl_typesupport_introspection_cpp.dir/rosidl_typesupport_introspection_cpp/conveyor_interfaces/srv/detail/enable_conveyor__type_support.cpp.o[0m
[6.996s] [ 34%] [32mBuilding CXX object CMakeFiles/conveyor_interfaces__rosidl_typesupport_cpp.dir/rosidl_typesupport_cpp/conveyor_interfaces/srv/set_conveyor_state__type_support.cpp.o[0m
[6.996s] [ 36%] [32mBuilding CXX object CMakeFiles/conveyor_interfaces__rosidl_typesupport_introspection_cpp.dir/rosidl_typesupport_introspection_cpp/conveyor_interfaces/srv/detail/set_conveyor_state__type_support.cpp.o[0m
[6.996s] [ 40%] [32mBuilding CXX object CMakeFiles/conveyor_interfaces__rosidl_typesupport_fastrtps_cpp.dir/rosidl_typesupport_fastrtps_cpp/conveyor_interfaces/srv/detail/dds_fastrtps/set_conveyor_state__type_support.cpp.o[0m
[6.996s] [ 40%] [32mBuilding CXX object CMakeFiles/conveyor_interfaces__rosidl_typesupport_introspection_cpp.dir/rosidl_typesupport_introspection_cpp/conveyor_interfaces/msg/detail/conveyor_state__type_support.cpp.o[0m
[6.996s] [ 42%] [32mBuilding CXX object CMakeFiles/conveyor_interfaces__rosidl_typesupport_fastrtps_cpp.dir/rosidl_typesupport_fastrtps_cpp/conveyor_interfaces/srv/detail/dds_fastrtps/enable_conveyor__type_support.cpp.o[0m
[6.996s] [ 44%] [32mBuilding CXX object CMakeFiles/conveyor_interfaces__rosidl_typesupport_fastrtps_cpp.dir/rosidl_typesupport_fastrtps_cpp/conveyor_interfaces/msg/detail/dds_fastrtps/conveyor_state__type_support.cpp.o[0m
[6.996s] [ 46%] [32mBuilding CXX object CMakeFiles/conveyor_interfaces__rosidl_typesupport_c.dir/rosidl_typesupport_c/conveyor_interfaces/msg/conveyor_state__type_support.cpp.o[0m
[6.997s] [ 48%] [32mBuilding C object CMakeFiles/conveyor_interfaces__rosidl_typesupport_introspection_c.dir/rosidl_typesupport_introspection_c/conveyor_interfaces/srv/detail/set_conveyor_state__type_support.c.o[0m
[6.997s] [ 51%] [32mBuilding CXX object CMakeFiles/conveyor_interfaces__rosidl_typesupport_c.dir/rosidl_typesupport_c/conveyor_interfaces/srv/enable_conveyor__type_support.cpp.o[0m
[6.997s] [ 55%] [32mBuilding C object CMakeFiles/conveyor_interfaces__rosidl_typesupport_introspection_c.dir/rosidl_typesupport_introspection_c/conveyor_interfaces/msg/detail/conveyor_state__type_support.c.o[0m
[6.997s] [ 55%] [32mBuilding CXX object CMakeFiles/conveyor_interfaces__rosidl_typesupport_fastrtps_c.dir/rosidl_typesupport_fastrtps_c/conveyor_interfaces/srv/detail/set_conveyor_state__type_support_c.cpp.o[0m
[6.997s] [ 57%] [32m[1mLinking CXX shared library libconveyor_interfaces__rosidl_typesupport_cpp.so[0m
[6.997s] [ 59%] [32mBuilding CXX object CMakeFiles/conveyor_interfaces__rosidl_typesupport_c.dir/rosidl_typesupport_c/conveyor_interfaces/srv/set_conveyor_state__type_support.cpp.o[0m
[6.997s] [ 61%] [32mBuilding CXX object CMakeFiles/conveyor_interfaces__rosidl_typesupport_fastrtps_c.dir/rosidl_typesupport_fastrtps_c/conveyor_interfaces/msg/detail/conveyor_state__type_support_c.cpp.o[0m
[6.997s] [ 63%] [32mBuilding CXX object CMakeFiles/conveyor_interfaces__rosidl_typesupport_fastrtps_c.dir/rosidl_typesupport_fastrtps_c/conveyor_interfaces/srv/detail/enable_conveyor__type_support_c.cpp.o[0m
[6.997s] [ 65%] [32mBuilding C object CMakeFiles/conveyor_interfaces__rosidl_typesupport_introspection_c.dir/rosidl_typesupport_introspection_c/conveyor_interfaces/srv/detail/enable_conveyor__type_support.c.o[0m
[6.997s] [ 68%] [32m[1mLinking CXX shared library libconveyor_interfaces__rosidl_typesupport_c.so[0m
[6.997s] [ 70%] [32m[1mLinking C shared library libconveyor_interfaces__rosidl_typesupport_introspection_c.so[0m
[6.997s] [ 70%] Built target conveyor_interfaces__rosidl_typesupport_cpp
[6.997s] [ 70%] Built target conveyor_interfaces__rosidl_typesupport_introspection_c
[6.997s] [ 70%] Built target conveyor_interfaces__rosidl_typesupport_c
[7.325s] [ 72%] [32m[1mLinking CXX shared library libconveyor_interfaces__rosidl_typesupport_introspection_cpp.so[0m
[7.383s] [ 74%] [32m[1mLinking CXX shared library libconveyor_interfaces__rosidl_typesupport_fastrtps_cpp.so[0m
[7.589s] [ 74%] Built target conveyor_interfaces__rosidl_typesupport_introspection_cpp
[7.698s] [ 74%] Built target conveyor_interfaces__rosidl_typesupport_fastrtps_cpp
[7.867s] [ 76%] [32m[1mLinking CXX shared library libconveyor_interfaces__rosidl_typesupport_fastrtps_c.so[0m
[8.297s] [ 76%] Built target conveyor_interfaces__rosidl_typesupport_fastrtps_c
[8.488s] [ 76%] Built target conveyor_interfaces
[8.862s] [ 78%] [34m[1mGenerating Python code for ROS interfaces[0m
[10.071s] [ 78%] Built target conveyor_interfaces__py
[10.114s] [ 80%] [32mBuilding C object CMakeFiles/conveyor_interfaces__rosidl_generator_py.dir/rosidl_generator_py/conveyor_interfaces/msg/_conveyor_state_s.c.o[0m
[10.124s] [ 82%] [32mBuilding C object CMakeFiles/conveyor_interfaces__rosidl_generator_py.dir/rosidl_generator_py/conveyor_interfaces/srv/_enable_conveyor_s.c.o[0m
[10.145s] [ 85%] [32mBuilding C object CMakeFiles/conveyor_interfaces__rosidl_generator_py.dir/rosidl_generator_py/conveyor_interfaces/srv/_set_conveyor_state_s.c.o[0m
[10.650s] [ 87%] [32m[1mLinking C shared library rosidl_generator_py/conveyor_interfaces/libconveyor_interfaces__rosidl_generator_py.so[0m
[10.909s] [ 87%] Built target conveyor_interfaces__rosidl_generator_py
[11.059s] [ 89%] [32mBuilding C object CMakeFiles/conveyor_interfaces__rosidl_typesupport_fastrtps_c__pyext.dir/rosidl_generator_py/conveyor_interfaces/_conveyor_interfaces_s.ep.rosidl_typesupport_fastrtps_c.c.o[0m
[11.090s] [ 91%] [32mBuilding C object CMakeFiles/conveyor_interfaces__rosidl_typesupport_introspection_c__pyext.dir/rosidl_generator_py/conveyor_interfaces/_conveyor_interfaces_s.ep.rosidl_typesupport_introspection_c.c.o[0m
[11.091s] [ 93%] [32mBuilding C object CMakeFiles/conveyor_interfaces__rosidl_typesupport_c__pyext.dir/rosidl_generator_py/conveyor_interfaces/_conveyor_interfaces_s.ep.rosidl_typesupport_c.c.o[0m
[11.255s] [ 95%] [32m[1mLinking C shared library rosidl_generator_py/conveyor_interfaces/conveyor_interfaces_s__rosidl_typesupport_c.cpython-310-x86_64-linux-gnu.so[0m
[11.289s] [ 95%] Built target conveyor_interfaces__rosidl_typesupport_c__pyext
[11.322s] [ 97%] [32m[1mLinking C shared library rosidl_generator_py/conveyor_interfaces/conveyor_interfaces_s__rosidl_typesupport_fastrtps_c.cpython-310-x86_64-linux-gnu.so[0m
[11.399s] [ 97%] Built target conveyor_interfaces__rosidl_typesupport_fastrtps_c__pyext
[11.403s] [100%] [32m[1mLinking C shared library rosidl_generator_py/conveyor_interfaces/conveyor_interfaces_s__rosidl_typesupport_introspection_c.cpython-310-x86_64-linux-gnu.so[0m
[11.478s] [100%] Built target conveyor_interfaces__rosidl_typesupport_introspection_c__pyext
[11.597s] Invoked command in '/home/aprs/aprs/aprs_ws/build/conveyor_interfaces' returned '0': CMAKE_PREFIX_PATH=${CMAKE_PREFIX_PATH}:/home/aprs/aprs/aprs_ws/install/conveyor_controller:/opt/ros/humble /usr/bin/cmake --build /home/aprs/aprs/aprs_ws/build/conveyor_interfaces -- -j16 -l16
[12.065s] Invoking command in '/home/aprs/aprs/aprs_ws/build/conveyor_interfaces': CMAKE_PREFIX_PATH=${CMAKE_PREFIX_PATH}:/home/aprs/aprs/aprs_ws/install/conveyor_controller:/opt/ros/humble /usr/bin/cmake --install /home/aprs/aprs/aprs_ws/build/conveyor_interfaces
[12.073s] -- Install configuration: ""
[12.073s] -- Installing: /home/aprs/aprs/aprs_ws/install/conveyor_interfaces/share/ament_index/resource_index/rosidl_interfaces/conveyor_interfaces
[12.073s] -- Installing: /home/aprs/aprs/aprs_ws/install/conveyor_interfaces/include/conveyor_interfaces/conveyor_interfaces
[12.073s] -- Installing: /home/aprs/aprs/aprs_ws/install/conveyor_interfaces/include/conveyor_interfaces/conveyor_interfaces/msg
[12.073s] -- Installing: /home/aprs/aprs/aprs_ws/install/conveyor_interfaces/include/conveyor_interfaces/conveyor_interfaces/msg/detail
[12.073s] -- Installing: /home/aprs/aprs/aprs_ws/install/conveyor_interfaces/include/conveyor_interfaces/conveyor_interfaces/msg/detail/conveyor_state__functions.h
[12.074s] -- Installing: /home/aprs/aprs/aprs_ws/install/conveyor_interfaces/include/conveyor_interfaces/conveyor_interfaces/msg/detail/conveyor_state__struct.h
[12.074s] -- Installing: /home/aprs/aprs/aprs_ws/install/conveyor_interfaces/include/conveyor_interfaces/conveyor_interfaces/msg/detail/conveyor_state__functions.c
[12.074s] -- Installing: /home/aprs/aprs/aprs_ws/install/conveyor_interfaces/include/conveyor_interfaces/conveyor_interfaces/msg/detail/conveyor_state__type_support.h
[12.074s] -- Installing: /home/aprs/aprs/aprs_ws/install/conveyor_interfaces/include/conveyor_interfaces/conveyor_interfaces/msg/rosidl_generator_c__visibility_control.h
[12.074s] -- Installing: /home/aprs/aprs/aprs_ws/install/conveyor_interfaces/include/conveyor_interfaces/conveyor_interfaces/msg/conveyor_state.h
[12.074s] -- Installing: /home/aprs/aprs/aprs_ws/install/conveyor_interfaces/include/conveyor_interfaces/conveyor_interfaces/srv
[12.074s] -- Installing: /home/aprs/aprs/aprs_ws/install/conveyor_interfaces/include/conveyor_interfaces/conveyor_interfaces/srv/set_conveyor_state.h
[12.074s] -- Installing: /home/aprs/aprs/aprs_ws/install/conveyor_interfaces/include/conveyor_interfaces/conveyor_interfaces/srv/detail
[12.074s] -- Installing: /home/aprs/aprs/aprs_ws/install/conveyor_interfaces/include/conveyor_interfaces/conveyor_interfaces/srv/detail/enable_conveyor__functions.c
[12.074s] -- Installing: /home/aprs/aprs/aprs_ws/install/conveyor_interfaces/include/conveyor_interfaces/conveyor_interfaces/srv/detail/enable_conveyor__struct.h
[12.074s] -- Installing: /home/aprs/aprs/aprs_ws/install/conveyor_interfaces/include/conveyor_interfaces/conveyor_interfaces/srv/detail/set_conveyor_state__functions.c
[12.075s] -- Installing: /home/aprs/aprs/aprs_ws/install/conveyor_interfaces/include/conveyor_interfaces/conveyor_interfaces/srv/detail/enable_conveyor__functions.h
[12.075s] -- Installing: /home/aprs/aprs/aprs_ws/install/conveyor_interfaces/include/conveyor_interfaces/conveyor_interfaces/srv/detail/enable_conveyor__type_support.h
[12.075s] -- Installing: /home/aprs/aprs/aprs_ws/install/conveyor_interfaces/include/conveyor_interfaces/conveyor_interfaces/srv/detail/set_conveyor_state__functions.h
[12.075s] -- Installing: /home/aprs/aprs/aprs_ws/install/conveyor_interfaces/include/conveyor_interfaces/conveyor_interfaces/srv/detail/set_conveyor_state__struct.h
[12.075s] -- Installing: /home/aprs/aprs/aprs_ws/install/conveyor_interfaces/include/conveyor_interfaces/conveyor_interfaces/srv/detail/set_conveyor_state__type_support.h
[12.075s] -- Installing: /home/aprs/aprs/aprs_ws/install/conveyor_interfaces/include/conveyor_interfaces/conveyor_interfaces/srv/enable_conveyor.h
[12.075s] -- Installing: /home/aprs/aprs/aprs_ws/install/conveyor_interfaces/share/conveyor_interfaces/environment/library_path.sh
[12.076s] -- Installing: /home/aprs/aprs/aprs_ws/install/conveyor_interfaces/share/conveyor_interfaces/environment/library_path.dsv
[12.076s] -- Installing: /home/aprs/aprs/aprs_ws/install/conveyor_interfaces/lib/libconveyor_interfaces__rosidl_generator_c.so
[12.076s] -- Set runtime path of "/home/aprs/aprs/aprs_ws/install/conveyor_interfaces/lib/libconveyor_interfaces__rosidl_generator_c.so" to ""
[12.076s] -- Up-to-date: /home/aprs/aprs/aprs_ws/install/conveyor_interfaces/include/conveyor_interfaces/conveyor_interfaces
[12.076s] -- Up-to-date: /home/aprs/aprs/aprs_ws/install/conveyor_interfaces/include/conveyor_interfaces/conveyor_interfaces/msg
[12.076s] -- Installing: /home/aprs/aprs/aprs_ws/install/conveyor_interfaces/include/conveyor_interfaces/conveyor_interfaces/msg/rosidl_typesupport_fastrtps_c__visibility_control.h
[12.076s] -- Up-to-date: /home/aprs/aprs/aprs_ws/install/conveyor_interfaces/include/conveyor_interfaces/conveyor_interfaces/msg/detail
[12.077s] -- Installing: /home/aprs/aprs/aprs_ws/install/conveyor_interfaces/include/conveyor_interfaces/conveyor_interfaces/msg/detail/conveyor_state__rosidl_typesupport_fastrtps_c.h
[12.077s] -- Up-to-date: /home/aprs/aprs/aprs_ws/install/conveyor_interfaces/include/conveyor_interfaces/conveyor_interfaces/srv
[12.078s] -- Up-to-date: /home/aprs/aprs/aprs_ws/install/conveyor_interfaces/include/conveyor_interfaces/conveyor_interfaces/srv/detail
[12.078s] -- Installing: /home/aprs/aprs/aprs_ws/install/conveyor_interfaces/include/conveyor_interfaces/conveyor_interfaces/srv/detail/enable_conveyor__rosidl_typesupport_fastrtps_c.h
[12.078s] -- Installing: /home/aprs/aprs/aprs_ws/install/conveyor_interfaces/include/conveyor_interfaces/conveyor_interfaces/srv/detail/set_conveyor_state__rosidl_typesupport_fastrtps_c.h
[12.078s] -- Installing: /home/aprs/aprs/aprs_ws/install/conveyor_interfaces/lib/libconveyor_interfaces__rosidl_typesupport_fastrtps_c.so
[12.078s] -- Set runtime path of "/home/aprs/aprs/aprs_ws/install/conveyor_interfaces/lib/libconveyor_interfaces__rosidl_typesupport_fastrtps_c.so" to ""
[12.078s] -- Up-to-date: /home/aprs/aprs/aprs_ws/install/conveyor_interfaces/include/conveyor_interfaces/conveyor_interfaces
[12.078s] -- Up-to-date: /home/aprs/aprs/aprs_ws/install/conveyor_interfaces/include/conveyor_interfaces/conveyor_interfaces/msg
[12.078s] -- Up-to-date: /home/aprs/aprs/aprs_ws/install/conveyor_interfaces/include/conveyor_interfaces/conveyor_interfaces/msg/detail
[12.078s] -- Installing: /home/aprs/aprs/aprs_ws/install/conveyor_interfaces/include/conveyor_interfaces/conveyor_interfaces/msg/detail/conveyor_state__rosidl_typesupport_introspection_c.h
[12.078s] -- Installing: /home/aprs/aprs/aprs_ws/install/conveyor_interfaces/include/conveyor_interfaces/conveyor_interfaces/msg/detail/conveyor_state__type_support.c
[12.078s] -- Installing: /home/aprs/aprs/aprs_ws/install/conveyor_interfaces/include/conveyor_interfaces/conveyor_interfaces/msg/rosidl_typesupport_introspection_c__visibility_control.h
[12.079s] -- Up-to-date: /home/aprs/aprs/aprs_ws/install/conveyor_interfaces/include/conveyor_interfaces/conveyor_interfaces/srv
[12.079s] -- Up-to-date: /home/aprs/aprs/aprs_ws/install/conveyor_interfaces/include/conveyor_interfaces/conveyor_interfaces/srv/detail
[12.079s] -- Installing: /home/aprs/aprs/aprs_ws/install/conveyor_interfaces/include/conveyor_interfaces/conveyor_interfaces/srv/detail/set_conveyor_state__type_support.c
[12.079s] -- Installing: /home/aprs/aprs/aprs_ws/install/conveyor_interfaces/include/conveyor_interfaces/conveyor_interfaces/srv/detail/set_conveyor_state__rosidl_typesupport_introspection_c.h
[12.079s] -- Installing: /home/aprs/aprs/aprs_ws/install/conveyor_interfaces/include/conveyor_interfaces/conveyor_interfaces/srv/detail/enable_conveyor__type_support.c
[12.079s] -- Installing: /home/aprs/aprs/aprs_ws/install/conveyor_interfaces/include/conveyor_interfaces/conveyor_interfaces/srv/detail/enable_conveyor__rosidl_typesupport_introspection_c.h
[12.079s] -- Installing: /home/aprs/aprs/aprs_ws/install/conveyor_interfaces/lib/libconveyor_interfaces__rosidl_typesupport_introspection_c.so
[12.079s] -- Set runtime path of "/home/aprs/aprs/aprs_ws/install/conveyor_interfaces/lib/libconveyor_interfaces__rosidl_typesupport_introspection_c.so" to ""
[12.079s] -- Installing: /home/aprs/aprs/aprs_ws/install/conveyor_interfaces/lib/libconveyor_interfaces__rosidl_typesupport_c.so
[12.080s] -- Set runtime path of "/home/aprs/aprs/aprs_ws/install/conveyor_interfaces/lib/libconveyor_interfaces__rosidl_typesupport_c.so" to ""
[12.080s] -- Up-to-date: /home/aprs/aprs/aprs_ws/install/conveyor_interfaces/include/conveyor_interfaces/conveyor_interfaces
[12.080s] -- Up-to-date: /home/aprs/aprs/aprs_ws/install/conveyor_interfaces/include/conveyor_interfaces/conveyor_interfaces/msg
[12.080s] -- Up-to-date: /home/aprs/aprs/aprs_ws/install/conveyor_interfaces/include/conveyor_interfaces/conveyor_interfaces/msg/detail
[12.080s] -- Installing: /home/aprs/aprs/aprs_ws/install/conveyor_interfaces/include/conveyor_interfaces/conveyor_interfaces/msg/detail/conveyor_state__traits.hpp
[12.080s] -- Installing: /home/aprs/aprs/aprs_ws/install/conveyor_interfaces/include/conveyor_interfaces/conveyor_interfaces/msg/detail/conveyor_state__struct.hpp
[12.080s] -- Installing: /home/aprs/aprs/aprs_ws/install/conveyor_interfaces/include/conveyor_interfaces/conveyor_interfaces/msg/detail/conveyor_state__builder.hpp
[12.080s] -- Installing: /home/aprs/aprs/aprs_ws/install/conveyor_interfaces/include/conveyor_interfaces/conveyor_interfaces/msg/conveyor_state.hpp
[12.080s] -- Up-to-date: /home/aprs/aprs/aprs_ws/install/conveyor_interfaces/include/conveyor_interfaces/conveyor_interfaces/srv
[12.080s] -- Installing: /home/aprs/aprs/aprs_ws/install/conveyor_interfaces/include/conveyor_interfaces/conveyor_interfaces/srv/set_conveyor_state.hpp
[12.080s] -- Up-to-date: /home/aprs/aprs/aprs_ws/install/conveyor_interfaces/include/conveyor_interfaces/conveyor_interfaces/srv/detail
[12.080s] -- Installing: /home/aprs/aprs/aprs_ws/install/conveyor_interfaces/include/conveyor_interfaces/conveyor_interfaces/srv/detail/enable_conveyor__builder.hpp
[12.081s] -- Installing: /home/aprs/aprs/aprs_ws/install/conveyor_interfaces/include/conveyor_interfaces/conveyor_interfaces/srv/detail/set_conveyor_state__builder.hpp
[12.081s] -- Installing: /home/aprs/aprs/aprs_ws/install/conveyor_interfaces/include/conveyor_interfaces/conveyor_interfaces/srv/detail/enable_conveyor__traits.hpp
[12.081s] -- Installing: /home/aprs/aprs/aprs_ws/install/conveyor_interfaces/include/conveyor_interfaces/conveyor_interfaces/srv/detail/set_conveyor_state__traits.hpp
[12.081s] -- Installing: /home/aprs/aprs/aprs_ws/install/conveyor_interfaces/include/conveyor_interfaces/conveyor_interfaces/srv/detail/enable_conveyor__struct.hpp
[12.081s] -- Installing: /home/aprs/aprs/aprs_ws/install/conveyor_interfaces/include/conveyor_interfaces/conveyor_interfaces/srv/detail/set_conveyor_state__struct.hpp
[12.081s] -- Installing: /home/aprs/aprs/aprs_ws/install/conveyor_interfaces/include/conveyor_interfaces/conveyor_interfaces/srv/enable_conveyor.hpp
[12.081s] -- Up-to-date: /home/aprs/aprs/aprs_ws/install/conveyor_interfaces/include/conveyor_interfaces/conveyor_interfaces
[12.081s] -- Up-to-date: /home/aprs/aprs/aprs_ws/install/conveyor_interfaces/include/conveyor_interfaces/conveyor_interfaces/msg
[12.081s] -- Up-to-date: /home/aprs/aprs/aprs_ws/install/conveyor_interfaces/include/conveyor_interfaces/conveyor_interfaces/msg/detail
[12.081s] -- Installing: /home/aprs/aprs/aprs_ws/install/conveyor_interfaces/include/conveyor_interfaces/conveyor_interfaces/msg/detail/conveyor_state__rosidl_typesupport_fastrtps_cpp.hpp
[12.081s] -- Installing: /home/aprs/aprs/aprs_ws/install/conveyor_interfaces/include/conveyor_interfaces/conveyor_interfaces/msg/detail/dds_fastrtps
[12.081s] -- Installing: /home/aprs/aprs/aprs_ws/install/conveyor_interfaces/include/conveyor_interfaces/conveyor_interfaces/msg/rosidl_typesupport_fastrtps_cpp__visibility_control.h
[12.082s] -- Up-to-date: /home/aprs/aprs/aprs_ws/install/conveyor_interfaces/include/conveyor_interfaces/conveyor_interfaces/srv
[12.082s] -- Up-to-date: /home/aprs/aprs/aprs_ws/install/conveyor_interfaces/include/conveyor_interfaces/conveyor_interfaces/srv/detail
[12.082s] -- Installing: /home/aprs/aprs/aprs_ws/install/conveyor_interfaces/include/conveyor_interfaces/conveyor_interfaces/srv/detail/set_conveyor_state__rosidl_typesupport_fastrtps_cpp.hpp
[12.082s] -- Installing: /home/aprs/aprs/aprs_ws/install/conveyor_interfaces/include/conveyor_interfaces/conveyor_interfaces/srv/detail/dds_fastrtps
[12.082s] -- Installing: /home/aprs/aprs/aprs_ws/install/conveyor_interfaces/include/conveyor_interfaces/conveyor_interfaces/srv/detail/enable_conveyor__rosidl_typesupport_fastrtps_cpp.hpp
[12.082s] -- Installing: /home/aprs/aprs/aprs_ws/install/conveyor_interfaces/lib/libconveyor_interfaces__rosidl_typesupport_fastrtps_cpp.so
[12.082s] -- Set runtime path of "/home/aprs/aprs/aprs_ws/install/conveyor_interfaces/lib/libconveyor_interfaces__rosidl_typesupport_fastrtps_cpp.so" to ""
[12.082s] -- Up-to-date: /home/aprs/aprs/aprs_ws/install/conveyor_interfaces/include/conveyor_interfaces/conveyor_interfaces
[12.083s] -- Up-to-date: /home/aprs/aprs/aprs_ws/install/conveyor_interfaces/include/conveyor_interfaces/conveyor_interfaces/msg
[12.083s] -- Up-to-date: /home/aprs/aprs/aprs_ws/install/conveyor_interfaces/include/conveyor_interfaces/conveyor_interfaces/msg/detail
[12.083s] -- Installing: /home/aprs/aprs/aprs_ws/install/conveyor_interfaces/include/conveyor_interfaces/conveyor_interfaces/msg/detail/conveyor_state__rosidl_typesupport_introspection_cpp.hpp
[12.083s] -- Installing: /home/aprs/aprs/aprs_ws/install/conveyor_interfaces/include/conveyor_interfaces/conveyor_interfaces/msg/detail/conveyor_state__type_support.cpp
[12.083s] -- Up-to-date: /home/aprs/aprs/aprs_ws/install/conveyor_interfaces/include/conveyor_interfaces/conveyor_interfaces/srv
[12.083s] -- Up-to-date: /home/aprs/aprs/aprs_ws/install/conveyor_interfaces/include/conveyor_interfaces/conveyor_interfaces/srv/detail
[12.083s] -- Installing: /home/aprs/aprs/aprs_ws/install/conveyor_interfaces/include/conveyor_interfaces/conveyor_interfaces/srv/detail/set_conveyor_state__type_support.cpp
[12.083s] -- Installing: /home/aprs/aprs/aprs_ws/install/conveyor_interfaces/include/conveyor_interfaces/conveyor_interfaces/srv/detail/enable_conveyor__rosidl_typesupport_introspection_cpp.hpp
[12.083s] -- Installing: /home/aprs/aprs/aprs_ws/install/conveyor_interfaces/include/conveyor_interfaces/conveyor_interfaces/srv/detail/set_conveyor_state__rosidl_typesupport_introspection_cpp.hpp
[12.084s] -- Installing: /home/aprs/aprs/aprs_ws/install/conveyor_interfaces/include/conveyor_interfaces/conveyor_interfaces/srv/detail/enable_conveyor__type_support.cpp
[12.084s] -- Installing: /home/aprs/aprs/aprs_ws/install/conveyor_interfaces/lib/libconveyor_interfaces__rosidl_typesupport_introspection_cpp.so
[12.084s] -- Set runtime path of "/home/aprs/aprs/aprs_ws/install/conveyor_interfaces/lib/libconveyor_interfaces__rosidl_typesupport_introspection_cpp.so" to ""
[12.084s] -- Installing: /home/aprs/aprs/aprs_ws/install/conveyor_interfaces/lib/libconveyor_interfaces__rosidl_typesupport_cpp.so
[12.084s] -- Set runtime path of "/home/aprs/aprs/aprs_ws/install/conveyor_interfaces/lib/libconveyor_interfaces__rosidl_typesupport_cpp.so" to ""
[12.084s] -- Installing: /home/aprs/aprs/aprs_ws/install/conveyor_interfaces/share/conveyor_interfaces/environment/pythonpath.sh
[12.084s] -- Installing: /home/aprs/aprs/aprs_ws/install/conveyor_interfaces/share/conveyor_interfaces/environment/pythonpath.dsv
[12.085s] -- Installing: /home/aprs/aprs/aprs_ws/install/conveyor_interfaces/local/lib/python3.10/dist-packages/conveyor_interfaces-0.0.0-py3.10.egg-info
[12.085s] -- Installing: /home/aprs/aprs/aprs_ws/install/conveyor_interfaces/local/lib/python3.10/dist-packages/conveyor_interfaces-0.0.0-py3.10.egg-info/PKG-INFO
[12.085s] -- Installing: /home/aprs/aprs/aprs_ws/install/conveyor_interfaces/local/lib/python3.10/dist-packages/conveyor_interfaces-0.0.0-py3.10.egg-info/dependency_links.txt
[12.085s] -- Installing: /home/aprs/aprs/aprs_ws/install/conveyor_interfaces/local/lib/python3.10/dist-packages/conveyor_interfaces-0.0.0-py3.10.egg-info/SOURCES.txt
[12.085s] -- Installing: /home/aprs/aprs/aprs_ws/install/conveyor_interfaces/local/lib/python3.10/dist-packages/conveyor_interfaces-0.0.0-py3.10.egg-info/top_level.txt
[12.085s] -- Installing: /home/aprs/aprs/aprs_ws/install/conveyor_interfaces/local/lib/python3.10/dist-packages/conveyor_interfaces
[12.085s] -- Installing: /home/aprs/aprs/aprs_ws/install/conveyor_interfaces/local/lib/python3.10/dist-packages/conveyor_interfaces/__init__.py
[12.085s] -- Installing: /home/aprs/aprs/aprs_ws/install/conveyor_interfaces/local/lib/python3.10/dist-packages/conveyor_interfaces/_conveyor_interfaces_s.ep.rosidl_typesupport_c.c
[12.085s] -- Installing: /home/aprs/aprs/aprs_ws/install/conveyor_interfaces/local/lib/python3.10/dist-packages/conveyor_interfaces/_conveyor_interfaces_s.ep.rosidl_typesupport_introspection_c.c
[12.085s] -- Installing: /home/aprs/aprs/aprs_ws/install/conveyor_interfaces/local/lib/python3.10/dist-packages/conveyor_interfaces/_conveyor_interfaces_s.ep.rosidl_typesupport_fastrtps_c.c
[12.085s] -- Installing: /home/aprs/aprs/aprs_ws/install/conveyor_interfaces/local/lib/python3.10/dist-packages/conveyor_interfaces/libconveyor_interfaces__rosidl_generator_py.so
[12.086s] -- Installing: /home/aprs/aprs/aprs_ws/install/conveyor_interfaces/local/lib/python3.10/dist-packages/conveyor_interfaces/msg
[12.086s] -- Installing: /home/aprs/aprs/aprs_ws/install/conveyor_interfaces/local/lib/python3.10/dist-packages/conveyor_interfaces/msg/__init__.py
[12.086s] -- Installing: /home/aprs/aprs/aprs_ws/install/conveyor_interfaces/local/lib/python3.10/dist-packages/conveyor_interfaces/msg/_conveyor_state_s.c
[12.086s] -- Installing: /home/aprs/aprs/aprs_ws/install/conveyor_interfaces/local/lib/python3.10/dist-packages/conveyor_interfaces/msg/_conveyor_state.py
[12.086s] -- Installing: /home/aprs/aprs/aprs_ws/install/conveyor_interfaces/local/lib/python3.10/dist-packages/conveyor_interfaces/conveyor_interfaces_s__rosidl_typesupport_introspection_c.cpython-310-x86_64-linux-gnu.so
[12.086s] -- Installing: /home/aprs/aprs/aprs_ws/install/conveyor_interfaces/local/lib/python3.10/dist-packages/conveyor_interfaces/srv
[12.086s] -- Installing: /home/aprs/aprs/aprs_ws/install/conveyor_interfaces/local/lib/python3.10/dist-packages/conveyor_interfaces/srv/__init__.py
[12.086s] -- Installing: /home/aprs/aprs/aprs_ws/install/conveyor_interfaces/local/lib/python3.10/dist-packages/conveyor_interfaces/srv/_enable_conveyor_s.c
[12.086s] -- Installing: /home/aprs/aprs/aprs_ws/install/conveyor_interfaces/local/lib/python3.10/dist-packages/conveyor_interfaces/srv/_enable_conveyor.py
[12.086s] -- Installing: /home/aprs/aprs/aprs_ws/install/conveyor_interfaces/local/lib/python3.10/dist-packages/conveyor_interfaces/srv/_set_conveyor_state.py
[12.087s] -- Installing: /home/aprs/aprs/aprs_ws/install/conveyor_interfaces/local/lib/python3.10/dist-packages/conveyor_interfaces/srv/_set_conveyor_state_s.c
[12.087s] -- Installing: /home/aprs/aprs/aprs_ws/install/conveyor_interfaces/local/lib/python3.10/dist-packages/conveyor_interfaces/conveyor_interfaces_s__rosidl_typesupport_fastrtps_c.cpython-310-x86_64-linux-gnu.so
[12.087s] -- Installing: /home/aprs/aprs/aprs_ws/install/conveyor_interfaces/local/lib/python3.10/dist-packages/conveyor_interfaces/conveyor_interfaces_s__rosidl_typesupport_c.cpython-310-x86_64-linux-gnu.so
[12.138s] Listing '/home/aprs/aprs/aprs_ws/install/conveyor_interfaces/local/lib/python3.10/dist-packages/conveyor_interfaces'...
[12.138s] Compiling '/home/aprs/aprs/aprs_ws/install/conveyor_interfaces/local/lib/python3.10/dist-packages/conveyor_interfaces/__init__.py'...
[12.138s] Listing '/home/aprs/aprs/aprs_ws/install/conveyor_interfaces/local/lib/python3.10/dist-packages/conveyor_interfaces/msg'...
[12.138s] Compiling '/home/aprs/aprs/aprs_ws/install/conveyor_interfaces/local/lib/python3.10/dist-packages/conveyor_interfaces/msg/__init__.py'...
[12.139s] Compiling '/home/aprs/aprs/aprs_ws/install/conveyor_interfaces/local/lib/python3.10/dist-packages/conveyor_interfaces/msg/_conveyor_state.py'...
[12.139s] Listing '/home/aprs/aprs/aprs_ws/install/conveyor_interfaces/local/lib/python3.10/dist-packages/conveyor_interfaces/srv'...
[12.139s] Compiling '/home/aprs/aprs/aprs_ws/install/conveyor_interfaces/local/lib/python3.10/dist-packages/conveyor_interfaces/srv/__init__.py'...
[12.139s] Compiling '/home/aprs/aprs/aprs_ws/install/conveyor_interfaces/local/lib/python3.10/dist-packages/conveyor_interfaces/srv/_enable_conveyor.py'...
[12.140s] Compiling '/home/aprs/aprs/aprs_ws/install/conveyor_interfaces/local/lib/python3.10/dist-packages/conveyor_interfaces/srv/_set_conveyor_state.py'...
[12.144s] -- Installing: /home/aprs/aprs/aprs_ws/install/conveyor_interfaces/local/lib/python3.10/dist-packages/conveyor_interfaces/conveyor_interfaces_s__rosidl_typesupport_fastrtps_c.cpython-310-x86_64-linux-gnu.so
[12.145s] -- Set runtime path of "/home/aprs/aprs/aprs_ws/install/conveyor_interfaces/local/lib/python3.10/dist-packages/conveyor_interfaces/conveyor_interfaces_s__rosidl_typesupport_fastrtps_c.cpython-310-x86_64-linux-gnu.so" to ""
[12.145s] -- Installing: /home/aprs/aprs/aprs_ws/install/conveyor_interfaces/local/lib/python3.10/dist-packages/conveyor_interfaces/conveyor_interfaces_s__rosidl_typesupport_introspection_c.cpython-310-x86_64-linux-gnu.so
[12.145s] -- Set runtime path of "/home/aprs/aprs/aprs_ws/install/conveyor_interfaces/local/lib/python3.10/dist-packages/conveyor_interfaces/conveyor_interfaces_s__rosidl_typesupport_introspection_c.cpython-310-x86_64-linux-gnu.so" to ""
[12.145s] -- Installing: /home/aprs/aprs/aprs_ws/install/conveyor_interfaces/local/lib/python3.10/dist-packages/conveyor_interfaces/conveyor_interfaces_s__rosidl_typesupport_c.cpython-310-x86_64-linux-gnu.so
[12.146s] -- Set runtime path of "/home/aprs/aprs/aprs_ws/install/conveyor_interfaces/local/lib/python3.10/dist-packages/conveyor_interfaces/conveyor_interfaces_s__rosidl_typesupport_c.cpython-310-x86_64-linux-gnu.so" to ""
[12.148s] -- Installing: /home/aprs/aprs/aprs_ws/install/conveyor_interfaces/lib/libconveyor_interfaces__rosidl_generator_py.so
[12.148s] -- Set runtime path of "/home/aprs/aprs/aprs_ws/install/conveyor_interfaces/lib/libconveyor_interfaces__rosidl_generator_py.so" to ""
[12.148s] -- Installing: /home/aprs/aprs/aprs_ws/install/conveyor_interfaces/share/conveyor_interfaces/msg/ConveyorState.idl
[12.148s] -- Installing: /home/aprs/aprs/aprs_ws/install/conveyor_interfaces/share/conveyor_interfaces/srv/EnableConveyor.idl
[12.148s] -- Installing: /home/aprs/aprs/aprs_ws/install/conveyor_interfaces/share/conveyor_interfaces/srv/SetConveyorState.idl
[12.149s] -- Installing: /home/aprs/aprs/aprs_ws/install/conveyor_interfaces/share/conveyor_interfaces/msg/ConveyorState.msg
[12.149s] -- Installing: /home/aprs/aprs/aprs_ws/install/conveyor_interfaces/share/conveyor_interfaces/srv/EnableConveyor.srv
[12.149s] -- Installing: /home/aprs/aprs/aprs_ws/install/conveyor_interfaces/share/conveyor_interfaces/srv/EnableConveyor_Request.msg
[12.149s] -- Installing: /home/aprs/aprs/aprs_ws/install/conveyor_interfaces/share/conveyor_interfaces/srv/EnableConveyor_Response.msg
[12.149s] -- Installing: /home/aprs/aprs/aprs_ws/install/conveyor_interfaces/share/conveyor_interfaces/srv/SetConveyorState.srv
[12.149s] -- Installing: /home/aprs/aprs/aprs_ws/install/conveyor_interfaces/share/conveyor_interfaces/srv/SetConveyorState_Request.msg
[12.149s] -- Installing: /home/aprs/aprs/aprs_ws/install/conveyor_interfaces/share/conveyor_interfaces/srv/SetConveyorState_Response.msg
[12.149s] -- Installing: /home/aprs/aprs/aprs_ws/install/conveyor_interfaces/share/ament_index/resource_index/package_run_dependencies/conveyor_interfaces
[12.149s] -- Installing: /home/aprs/aprs/aprs_ws/install/conveyor_interfaces/share/ament_index/resource_index/parent_prefix_path/conveyor_interfaces
[12.149s] -- Installing: /home/aprs/aprs/aprs_ws/install/conveyor_interfaces/share/conveyor_interfaces/environment/ament_prefix_path.sh
[12.149s] -- Installing: /home/aprs/aprs/aprs_ws/install/conveyor_interfaces/share/conveyor_interfaces/environment/ament_prefix_path.dsv
[12.149s] -- Installing: /home/aprs/aprs/aprs_ws/install/conveyor_interfaces/share/conveyor_interfaces/environment/path.sh
[12.150s] -- Installing: /home/aprs/aprs/aprs_ws/install/conveyor_interfaces/share/conveyor_interfaces/environment/path.dsv
[12.150s] -- Installing: /home/aprs/aprs/aprs_ws/install/conveyor_interfaces/share/conveyor_interfaces/local_setup.bash
[12.150s] -- Installing: /home/aprs/aprs/aprs_ws/install/conveyor_interfaces/share/conveyor_interfaces/local_setup.sh
[12.150s] -- Installing: /home/aprs/aprs/aprs_ws/install/conveyor_interfaces/share/conveyor_interfaces/local_setup.zsh
[12.150s] -- Installing: /home/aprs/aprs/aprs_ws/install/conveyor_interfaces/share/conveyor_interfaces/local_setup.dsv
[12.150s] -- Installing: /home/aprs/aprs/aprs_ws/install/conveyor_interfaces/share/conveyor_interfaces/package.dsv
[12.150s] -- Installing: /home/aprs/aprs/aprs_ws/install/conveyor_interfaces/share/ament_index/resource_index/packages/conveyor_interfaces
[12.150s] -- Installing: /home/aprs/aprs/aprs_ws/install/conveyor_interfaces/share/conveyor_interfaces/cmake/export_conveyor_interfaces__rosidl_generator_cExport.cmake
[12.153s] -- Installing: /home/aprs/aprs/aprs_ws/install/conveyor_interfaces/share/conveyor_interfaces/cmake/export_conveyor_interfaces__rosidl_generator_cExport-noconfig.cmake
[12.153s] -- Installing: /home/aprs/aprs/aprs_ws/install/conveyor_interfaces/share/conveyor_interfaces/cmake/export_conveyor_interfaces__rosidl_typesupport_fastrtps_cExport.cmake
[12.155s] -- Installing: /home/aprs/aprs/aprs_ws/install/conveyor_interfaces/share/conveyor_interfaces/cmake/export_conveyor_interfaces__rosidl_typesupport_fastrtps_cExport-noconfig.cmake
[12.155s] -- Installing: /home/aprs/aprs/aprs_ws/install/conveyor_interfaces/share/conveyor_interfaces/cmake/conveyor_interfaces__rosidl_typesupport_introspection_cExport.cmake
[12.155s] -- Installing: /home/aprs/aprs/aprs_ws/install/conveyor_interfaces/share/conveyor_interfaces/cmake/conveyor_interfaces__rosidl_typesupport_introspection_cExport-noconfig.cmake
[12.155s] -- Installing: /home/aprs/aprs/aprs_ws/install/conveyor_interfaces/share/conveyor_interfaces/cmake/conveyor_interfaces__rosidl_typesupport_cExport.cmake
[12.155s] -- Installing: /home/aprs/aprs/aprs_ws/install/conveyor_interfaces/share/conveyor_interfaces/cmake/conveyor_interfaces__rosidl_typesupport_cExport-noconfig.cmake
[12.155s] -- Installing: /home/aprs/aprs/aprs_ws/install/conveyor_interfaces/share/conveyor_interfaces/cmake/export_conveyor_interfaces__rosidl_generator_cppExport.cmake
[12.155s] -- Installing: /home/aprs/aprs/aprs_ws/install/conveyor_interfaces/share/conveyor_interfaces/cmake/export_conveyor_interfaces__rosidl_typesupport_fastrtps_cppExport.cmake
[12.155s] -- Installing: /home/aprs/aprs/aprs_ws/install/conveyor_interfaces/share/conveyor_interfaces/cmake/export_conveyor_interfaces__rosidl_typesupport_fastrtps_cppExport-noconfig.cmake
[12.156s] -- Installing: /home/aprs/aprs/aprs_ws/install/conveyor_interfaces/share/conveyor_interfaces/cmake/conveyor_interfaces__rosidl_typesupport_introspection_cppExport.cmake
[12.156s] -- Installing: /home/aprs/aprs/aprs_ws/install/conveyor_interfaces/share/conveyor_interfaces/cmake/conveyor_interfaces__rosidl_typesupport_introspection_cppExport-noconfig.cmake
[12.156s] -- Installing: /home/aprs/aprs/aprs_ws/install/conveyor_interfaces/share/conveyor_interfaces/cmake/conveyor_interfaces__rosidl_typesupport_cppExport.cmake
[12.156s] -- Installing: /home/aprs/aprs/aprs_ws/install/conveyor_interfaces/share/conveyor_interfaces/cmake/conveyor_interfaces__rosidl_typesupport_cppExport-noconfig.cmake
[12.156s] -- Installing: /home/aprs/aprs/aprs_ws/install/conveyor_interfaces/share/conveyor_interfaces/cmake/export_conveyor_interfaces__rosidl_generator_pyExport.cmake
[12.156s] -- Installing: /home/aprs/aprs/aprs_ws/install/conveyor_interfaces/share/conveyor_interfaces/cmake/export_conveyor_interfaces__rosidl_generator_pyExport-noconfig.cmake
[12.156s] -- Installing: /home/aprs/aprs/aprs_ws/install/conveyor_interfaces/share/conveyor_interfaces/cmake/rosidl_cmake-extras.cmake
[12.156s] -- Installing: /home/aprs/aprs/aprs_ws/install/conveyor_interfaces/share/conveyor_interfaces/cmake/ament_cmake_export_include_directories-extras.cmake
[12.156s] -- Installing: /home/aprs/aprs/aprs_ws/install/conveyor_interfaces/share/conveyor_interfaces/cmake/ament_cmake_export_libraries-extras.cmake
[12.156s] -- Installing: /home/aprs/aprs/aprs_ws/install/conveyor_interfaces/share/conveyor_interfaces/cmake/ament_cmake_export_targets-extras.cmake
[12.156s] -- Installing: /home/aprs/aprs/aprs_ws/install/conveyor_interfaces/share/conveyor_interfaces/cmake/rosidl_cmake_export_typesupport_targets-extras.cmake
[12.157s] -- Installing: /home/aprs/aprs/aprs_ws/install/conveyor_interfaces/share/conveyor_interfaces/cmake/ament_cmake_export_dependencies-extras.cmake
[12.157s] -- Installing: /home/aprs/aprs/aprs_ws/install/conveyor_interfaces/share/conveyor_interfaces/cmake/rosidl_cmake_export_typesupport_libraries-extras.cmake
[12.157s] -- Installing: /home/aprs/aprs/aprs_ws/install/conveyor_interfaces/share/conveyor_interfaces/cmake/conveyor_interfacesConfig.cmake
[12.157s] -- Installing: /home/aprs/aprs/aprs_ws/install/conveyor_interfaces/share/conveyor_interfaces/cmake/conveyor_interfacesConfig-version.cmake
[12.157s] -- Installing: /home/aprs/aprs/aprs_ws/install/conveyor_interfaces/share/conveyor_interfaces/package.xml
[12.164s] Invoked command in '/home/aprs/aprs/aprs_ws/build/conveyor_interfaces' returned '0': CMAKE_PREFIX_PATH=${CMAKE_PREFIX_PATH}:/home/aprs/aprs/aprs_ws/install/conveyor_controller:/opt/ros/humble /usr/bin/cmake --install /home/aprs/aprs/aprs_ws/build/conveyor_interfaces
