[0.539s] Invoking command in '/workspaces/aprs/aprs_ws/build/ur5e_moveit_config': CMAKE_PREFIX_PATH=/workspaces/aprs/aprs_ws/install/ur_description:/workspaces/aprs/aprs_ws/install/worlds:/workspaces/aprs/aprs_ws/install/workbench_description:/workspaces/aprs/aprs_ws/install/vaccum_description:/workspaces/aprs/aprs_ws/install/ur_setup:/workspaces/aprs/aprs_ws/install/ur:/workspaces/aprs/aprs_ws/install/ur_calibration:/workspaces/aprs/aprs_ws/install/ur_robot_driver:/workspaces/aprs/aprs_ws/install/ur_bringup:/workspaces/aprs/aprs_ws/install/ur_controllers:/workspaces/aprs/aprs_ws/install/ur_msgs:/workspaces/aprs/aprs_ws/install/ur_moveit_config:/workspaces/aprs/aprs_ws/install/ur_gz:/workspaces/aprs/aprs_ws/install/ur_description__:/workspaces/aprs/aprs_ws/install/ur5e_moveit_config:/workspaces/aprs/aprs_ws/install/panda_moveit_config:/workspaces/aprs/aprs_ws/install/ur_dashboard_msgs:/workspaces/aprs/aprs_ws/install/ur_client_library:/workspaces/aprs/aprs_ws/install/table_description:/workspaces/aprs/aprs_ws/install/point_cloud:/workspaces/aprs/aprs_ws/install/realsense2_description:/workspaces/aprs/aprs_ws/install/realsense2_camera:/workspaces/aprs/aprs_ws/install/realsense2_camera_msgs:/workspaces/aprs/aprs_ws/install/panda_description:/workspaces/aprs/aprs_ws/install/ign_ros2_control_demos:/workspaces/aprs/aprs_ws/install/gz_ros2_control_tests:/workspaces/aprs/aprs_ws/install/ign_ros2_control:/workspaces/aprs/aprs_ws/install/franka_setup:/workspaces/aprs/aprs_ws/install/franka_gz:/workspaces/aprs/aprs_ws/install/fanuc_moveit_config:/workspaces/aprs/aprs_ws/install/fanuc_description:/workspaces/aprs/aprs_ws/install/camera_mount:/workspaces/aprs/aprs_ws/install/aprs_lab:/workspaces/aprs/aprs_ws/install/aprs_gazebo:/opt/ros/humble /usr/bin/cmake --build /workspaces/aprs/aprs_ws/build/ur5e_moveit_config -- -j16 -l16
[0.702s] Built target ament_cmake_python_copy_ur5e_moveit_config
[0.782s] running install_scripts
[0.785s] /usr/lib/python3/dist-packages/setuptools/command/install.py:34: SetuptoolsDeprecationWarning: setup.py install is deprecated. Use build and pip and other standards-based tools.
[0.785s]   warnings.warn(
[0.792s] running egg_info
[0.793s] writing ur5e_moveit_config.egg-info/PKG-INFO
[0.793s] writing dependency_links to ur5e_moveit_config.egg-info/dependency_links.txt
[0.794s] writing top-level names to ur5e_moveit_config.egg-info/top_level.txt
[0.796s] reading manifest file 'ur5e_moveit_config.egg-info/SOURCES.txt'
[0.797s] writing manifest file 'ur5e_moveit_config.egg-info/SOURCES.txt'
[0.805s] running egg_info
[0.807s] writing ur5e_moveit_config.egg-info/PKG-INFO
[0.807s] writing dependency_links to ur5e_moveit_config.egg-info/dependency_links.txt
[0.807s] writing top-level names to ur5e_moveit_config.egg-info/top_level.txt
[0.811s] reading manifest file 'ur5e_moveit_config.egg-info/SOURCES.txt'
[0.812s] writing manifest file 'ur5e_moveit_config.egg-info/SOURCES.txt'
[0.852s] Built target ament_cmake_python_build_ur5e_moveit_config_egg
[0.866s] Built target ament_cmake_python_build_ur5e_moveit_config_scripts
[0.928s] Invoked command in '/workspaces/aprs/aprs_ws/build/ur5e_moveit_config' returned '0': CMAKE_PREFIX_PATH=/workspaces/aprs/aprs_ws/install/ur_description:/workspaces/aprs/aprs_ws/install/worlds:/workspaces/aprs/aprs_ws/install/workbench_description:/workspaces/aprs/aprs_ws/install/vaccum_description:/workspaces/aprs/aprs_ws/install/ur_setup:/workspaces/aprs/aprs_ws/install/ur:/workspaces/aprs/aprs_ws/install/ur_calibration:/workspaces/aprs/aprs_ws/install/ur_robot_driver:/workspaces/aprs/aprs_ws/install/ur_bringup:/workspaces/aprs/aprs_ws/install/ur_controllers:/workspaces/aprs/aprs_ws/install/ur_msgs:/workspaces/aprs/aprs_ws/install/ur_moveit_config:/workspaces/aprs/aprs_ws/install/ur_gz:/workspaces/aprs/aprs_ws/install/ur_description__:/workspaces/aprs/aprs_ws/install/ur5e_moveit_config:/workspaces/aprs/aprs_ws/install/panda_moveit_config:/workspaces/aprs/aprs_ws/install/ur_dashboard_msgs:/workspaces/aprs/aprs_ws/install/ur_client_library:/workspaces/aprs/aprs_ws/install/table_description:/workspaces/aprs/aprs_ws/install/point_cloud:/workspaces/aprs/aprs_ws/install/realsense2_description:/workspaces/aprs/aprs_ws/install/realsense2_camera:/workspaces/aprs/aprs_ws/install/realsense2_camera_msgs:/workspaces/aprs/aprs_ws/install/panda_description:/workspaces/aprs/aprs_ws/install/ign_ros2_control_demos:/workspaces/aprs/aprs_ws/install/gz_ros2_control_tests:/workspaces/aprs/aprs_ws/install/ign_ros2_control:/workspaces/aprs/aprs_ws/install/franka_setup:/workspaces/aprs/aprs_ws/install/franka_gz:/workspaces/aprs/aprs_ws/install/fanuc_moveit_config:/workspaces/aprs/aprs_ws/install/fanuc_description:/workspaces/aprs/aprs_ws/install/camera_mount:/workspaces/aprs/aprs_ws/install/aprs_lab:/workspaces/aprs/aprs_ws/install/aprs_gazebo:/opt/ros/humble /usr/bin/cmake --build /workspaces/aprs/aprs_ws/build/ur5e_moveit_config -- -j16 -l16
[0.986s] Invoking command in '/workspaces/aprs/aprs_ws/build/ur5e_moveit_config': CMAKE_PREFIX_PATH=/workspaces/aprs/aprs_ws/install/ur_description:/workspaces/aprs/aprs_ws/install/worlds:/workspaces/aprs/aprs_ws/install/workbench_description:/workspaces/aprs/aprs_ws/install/vaccum_description:/workspaces/aprs/aprs_ws/install/ur_setup:/workspaces/aprs/aprs_ws/install/ur:/workspaces/aprs/aprs_ws/install/ur_calibration:/workspaces/aprs/aprs_ws/install/ur_robot_driver:/workspaces/aprs/aprs_ws/install/ur_bringup:/workspaces/aprs/aprs_ws/install/ur_controllers:/workspaces/aprs/aprs_ws/install/ur_msgs:/workspaces/aprs/aprs_ws/install/ur_moveit_config:/workspaces/aprs/aprs_ws/install/ur_gz:/workspaces/aprs/aprs_ws/install/ur_description__:/workspaces/aprs/aprs_ws/install/ur5e_moveit_config:/workspaces/aprs/aprs_ws/install/panda_moveit_config:/workspaces/aprs/aprs_ws/install/ur_dashboard_msgs:/workspaces/aprs/aprs_ws/install/ur_client_library:/workspaces/aprs/aprs_ws/install/table_description:/workspaces/aprs/aprs_ws/install/point_cloud:/workspaces/aprs/aprs_ws/install/realsense2_description:/workspaces/aprs/aprs_ws/install/realsense2_camera:/workspaces/aprs/aprs_ws/install/realsense2_camera_msgs:/workspaces/aprs/aprs_ws/install/panda_description:/workspaces/aprs/aprs_ws/install/ign_ros2_control_demos:/workspaces/aprs/aprs_ws/install/gz_ros2_control_tests:/workspaces/aprs/aprs_ws/install/ign_ros2_control:/workspaces/aprs/aprs_ws/install/franka_setup:/workspaces/aprs/aprs_ws/install/franka_gz:/workspaces/aprs/aprs_ws/install/fanuc_moveit_config:/workspaces/aprs/aprs_ws/install/fanuc_description:/workspaces/aprs/aprs_ws/install/camera_mount:/workspaces/aprs/aprs_ws/install/aprs_lab:/workspaces/aprs/aprs_ws/install/aprs_gazebo:/opt/ros/humble /usr/bin/cmake --install /workspaces/aprs/aprs_ws/build/ur5e_moveit_config
[1.046s] -- Install configuration: ""
[1.046s] -- Up-to-date: /workspaces/aprs/aprs_ws/install/ur5e_moveit_config/share/ur5e_moveit_config/config
[1.046s] -- Up-to-date: /workspaces/aprs/aprs_ws/install/ur5e_moveit_config/share/ur5e_moveit_config/config/ompl_planning.yaml
[1.046s] -- Up-to-date: /workspaces/aprs/aprs_ws/install/ur5e_moveit_config/share/ur5e_moveit_config/config/joint_limits.yaml
[1.046s] -- Up-to-date: /workspaces/aprs/aprs_ws/install/ur5e_moveit_config/share/ur5e_moveit_config/config/ur_servo.yaml
[1.047s] -- Up-to-date: /workspaces/aprs/aprs_ws/install/ur5e_moveit_config/share/ur5e_moveit_config/config/kinematics.yaml
[1.047s] -- Up-to-date: /workspaces/aprs/aprs_ws/install/ur5e_moveit_config/share/ur5e_moveit_config/config/controllers.yaml
[1.047s] -- Up-to-date: /workspaces/aprs/aprs_ws/install/ur5e_moveit_config/share/ur5e_moveit_config/launch
[1.047s] -- Up-to-date: /workspaces/aprs/aprs_ws/install/ur5e_moveit_config/share/ur5e_moveit_config/launch/ur_moveit.launch.py
[1.047s] -- Up-to-date: /workspaces/aprs/aprs_ws/install/ur5e_moveit_config/share/ur5e_moveit_config/srdf
[1.047s] -- Up-to-date: /workspaces/aprs/aprs_ws/install/ur5e_moveit_config/share/ur5e_moveit_config/srdf/ur.srdf
[1.048s] -- Up-to-date: /workspaces/aprs/aprs_ws/install/ur5e_moveit_config/share/ur5e_moveit_config/rviz
[1.048s] -- Up-to-date: /workspaces/aprs/aprs_ws/install/ur5e_moveit_config/share/ur5e_moveit_config/rviz/moveit.rviz
[1.048s] -- Up-to-date: /workspaces/aprs/aprs_ws/install/ur5e_moveit_config/share/ur5e_moveit_config/environment/pythonpath.sh
[1.048s] -- Up-to-date: /workspaces/aprs/aprs_ws/install/ur5e_moveit_config/share/ur5e_moveit_config/environment/pythonpath.dsv
[1.048s] -- Up-to-date: /workspaces/aprs/aprs_ws/install/ur5e_moveit_config/local/lib/python3.10/dist-packages/ur5e_moveit_config-0.0.0-py3.10.egg-info
[1.048s] -- Installing: /workspaces/aprs/aprs_ws/install/ur5e_moveit_config/local/lib/python3.10/dist-packages/ur5e_moveit_config-0.0.0-py3.10.egg-info/dependency_links.txt
[1.049s] -- Installing: /workspaces/aprs/aprs_ws/install/ur5e_moveit_config/local/lib/python3.10/dist-packages/ur5e_moveit_config-0.0.0-py3.10.egg-info/top_level.txt
[1.049s] -- Installing: /workspaces/aprs/aprs_ws/install/ur5e_moveit_config/local/lib/python3.10/dist-packages/ur5e_moveit_config-0.0.0-py3.10.egg-info/PKG-INFO
[1.049s] -- Installing: /workspaces/aprs/aprs_ws/install/ur5e_moveit_config/local/lib/python3.10/dist-packages/ur5e_moveit_config-0.0.0-py3.10.egg-info/SOURCES.txt
[1.049s] -- Up-to-date: /workspaces/aprs/aprs_ws/install/ur5e_moveit_config/lib/ur5e_moveit_config/
[1.049s] -- Up-to-date: /workspaces/aprs/aprs_ws/install/ur5e_moveit_config/local/lib/python3.10/dist-packages/ur5e_moveit_config
[1.049s] -- Up-to-date: /workspaces/aprs/aprs_ws/install/ur5e_moveit_config/local/lib/python3.10/dist-packages/ur5e_moveit_config/parameters.py
[1.049s] -- Up-to-date: /workspaces/aprs/aprs_ws/install/ur5e_moveit_config/local/lib/python3.10/dist-packages/ur5e_moveit_config/__init__.py
[1.158s] Listing '/workspaces/aprs/aprs_ws/install/ur5e_moveit_config/local/lib/python3.10/dist-packages/ur5e_moveit_config'...
[1.177s] -- Up-to-date: /workspaces/aprs/aprs_ws/install/ur5e_moveit_config/share/ament_index/resource_index/package_run_dependencies/ur5e_moveit_config
[1.177s] -- Up-to-date: /workspaces/aprs/aprs_ws/install/ur5e_moveit_config/share/ament_index/resource_index/parent_prefix_path/ur5e_moveit_config
[1.177s] -- Up-to-date: /workspaces/aprs/aprs_ws/install/ur5e_moveit_config/share/ur5e_moveit_config/environment/ament_prefix_path.sh
[1.178s] -- Up-to-date: /workspaces/aprs/aprs_ws/install/ur5e_moveit_config/share/ur5e_moveit_config/environment/ament_prefix_path.dsv
[1.178s] -- Up-to-date: /workspaces/aprs/aprs_ws/install/ur5e_moveit_config/share/ur5e_moveit_config/environment/path.sh
[1.178s] -- Up-to-date: /workspaces/aprs/aprs_ws/install/ur5e_moveit_config/share/ur5e_moveit_config/environment/path.dsv
[1.178s] -- Up-to-date: /workspaces/aprs/aprs_ws/install/ur5e_moveit_config/share/ur5e_moveit_config/local_setup.bash
[1.178s] -- Up-to-date: /workspaces/aprs/aprs_ws/install/ur5e_moveit_config/share/ur5e_moveit_config/local_setup.sh
[1.178s] -- Up-to-date: /workspaces/aprs/aprs_ws/install/ur5e_moveit_config/share/ur5e_moveit_config/local_setup.zsh
[1.178s] -- Up-to-date: /workspaces/aprs/aprs_ws/install/ur5e_moveit_config/share/ur5e_moveit_config/local_setup.dsv
[1.178s] -- Installing: /workspaces/aprs/aprs_ws/install/ur5e_moveit_config/share/ur5e_moveit_config/package.dsv
[1.178s] -- Up-to-date: /workspaces/aprs/aprs_ws/install/ur5e_moveit_config/share/ament_index/resource_index/packages/ur5e_moveit_config
[1.178s] -- Up-to-date: /workspaces/aprs/aprs_ws/install/ur5e_moveit_config/share/ur5e_moveit_config/cmake/ur5e_moveit_configConfig.cmake
[1.178s] -- Up-to-date: /workspaces/aprs/aprs_ws/install/ur5e_moveit_config/share/ur5e_moveit_config/cmake/ur5e_moveit_configConfig-version.cmake
[1.178s] -- Up-to-date: /workspaces/aprs/aprs_ws/install/ur5e_moveit_config/share/ur5e_moveit_config/package.xml
[1.556s] Invoked command in '/workspaces/aprs/aprs_ws/build/ur5e_moveit_config' returned '0': CMAKE_PREFIX_PATH=/workspaces/aprs/aprs_ws/install/ur_description:/workspaces/aprs/aprs_ws/install/worlds:/workspaces/aprs/aprs_ws/install/workbench_description:/workspaces/aprs/aprs_ws/install/vaccum_description:/workspaces/aprs/aprs_ws/install/ur_setup:/workspaces/aprs/aprs_ws/install/ur:/workspaces/aprs/aprs_ws/install/ur_calibration:/workspaces/aprs/aprs_ws/install/ur_robot_driver:/workspaces/aprs/aprs_ws/install/ur_bringup:/workspaces/aprs/aprs_ws/install/ur_controllers:/workspaces/aprs/aprs_ws/install/ur_msgs:/workspaces/aprs/aprs_ws/install/ur_moveit_config:/workspaces/aprs/aprs_ws/install/ur_gz:/workspaces/aprs/aprs_ws/install/ur_description__:/workspaces/aprs/aprs_ws/install/ur5e_moveit_config:/workspaces/aprs/aprs_ws/install/panda_moveit_config:/workspaces/aprs/aprs_ws/install/ur_dashboard_msgs:/workspaces/aprs/aprs_ws/install/ur_client_library:/workspaces/aprs/aprs_ws/install/table_description:/workspaces/aprs/aprs_ws/install/point_cloud:/workspaces/aprs/aprs_ws/install/realsense2_description:/workspaces/aprs/aprs_ws/install/realsense2_camera:/workspaces/aprs/aprs_ws/install/realsense2_camera_msgs:/workspaces/aprs/aprs_ws/install/panda_description:/workspaces/aprs/aprs_ws/install/ign_ros2_control_demos:/workspaces/aprs/aprs_ws/install/gz_ros2_control_tests:/workspaces/aprs/aprs_ws/install/ign_ros2_control:/workspaces/aprs/aprs_ws/install/franka_setup:/workspaces/aprs/aprs_ws/install/franka_gz:/workspaces/aprs/aprs_ws/install/fanuc_moveit_config:/workspaces/aprs/aprs_ws/install/fanuc_description:/workspaces/aprs/aprs_ws/install/camera_mount:/workspaces/aprs/aprs_ws/install/aprs_lab:/workspaces/aprs/aprs_ws/install/aprs_gazebo:/opt/ros/humble /usr/bin/cmake --install /workspaces/aprs/aprs_ws/build/ur5e_moveit_config
