[0.702s] Invoking command in '/workspaces/aprs/aprs_ws/build/ur_client_library': CMAKE_PREFIX_PATH=${CMAKE_PREFIX_PATH}:/opt/ros/humble /usr/bin/cmake --build /workspaces/aprs/aprs_ws/build/ur_client_library -- -j16 -l16
[0.788s] [ 63%] Built target urcl
[0.846s] [ 67%] Built target primary_pipeline_calibration_example
[0.846s] [ 71%] Built target driver_example
[0.876s] [ 79%] Built target primary_pipeline_example
[0.876s] [ 79%] Built target rtde_client_example
[0.876s] [ 87%] Built target dashboard_example
[0.876s] [ 87%] Built target tool_contact_example
[0.876s] [ 91%] Built target spline_example
[0.878s] [ 95%] Built target force_mode_example
[0.882s] [100%] Built target freedrive_example
[0.935s] Invoked command in '/workspaces/aprs/aprs_ws/build/ur_client_library' returned '0': CMAKE_PREFIX_PATH=${CMAKE_PREFIX_PATH}:/opt/ros/humble /usr/bin/cmake --build /workspaces/aprs/aprs_ws/build/ur_client_library -- -j16 -l16
[1.601s] Invoking command in '/workspaces/aprs/aprs_ws/build/ur_client_library': CMAKE_PREFIX_PATH=${CMAKE_PREFIX_PATH}:/opt/ros/humble /usr/bin/cmake --install /workspaces/aprs/aprs_ws/build/ur_client_library
[1.608s] -- Install configuration: "RelWithDebInfo"
[1.609s] -- Up-to-date: /workspaces/aprs/aprs_ws/install/ur_client_library/lib/liburcl.so
[1.609s] -- Up-to-date: /workspaces/aprs/aprs_ws/install/ur_client_library/include
[1.609s] -- Up-to-date: /workspaces/aprs/aprs_ws/install/ur_client_library/include/ur_client_library
[1.610s] -- Up-to-date: /workspaces/aprs/aprs_ws/install/ur_client_library/include/ur_client_library/rtde
[1.610s] -- Up-to-date: /workspaces/aprs/aprs_ws/install/ur_client_library/include/ur_client_library/rtde/control_package_start.h
[1.610s] -- Up-to-date: /workspaces/aprs/aprs_ws/install/ur_client_library/include/ur_client_library/rtde/text_message.h
[1.610s] -- Up-to-date: /workspaces/aprs/aprs_ws/install/ur_client_library/include/ur_client_library/rtde/request_protocol_version.h
[1.610s] -- Up-to-date: /workspaces/aprs/aprs_ws/install/ur_client_library/include/ur_client_library/rtde/data_package.h
[1.611s] -- Up-to-date: /workspaces/aprs/aprs_ws/install/ur_client_library/include/ur_client_library/rtde/control_package_setup_outputs.h
[1.611s] -- Up-to-date: /workspaces/aprs/aprs_ws/install/ur_client_library/include/ur_client_library/rtde/package_header.h
[1.611s] -- Up-to-date: /workspaces/aprs/aprs_ws/install/ur_client_library/include/ur_client_library/rtde/control_package_setup_inputs.h
[1.611s] -- Up-to-date: /workspaces/aprs/aprs_ws/install/ur_client_library/include/ur_client_library/rtde/rtde_parser.h
[1.612s] -- Up-to-date: /workspaces/aprs/aprs_ws/install/ur_client_library/include/ur_client_library/rtde/get_urcontrol_version.h
[1.612s] -- Up-to-date: /workspaces/aprs/aprs_ws/install/ur_client_library/include/ur_client_library/rtde/rtde_writer.h
[1.612s] -- Up-to-date: /workspaces/aprs/aprs_ws/install/ur_client_library/include/ur_client_library/rtde/rtde_client.h
[1.613s] -- Up-to-date: /workspaces/aprs/aprs_ws/install/ur_client_library/include/ur_client_library/rtde/rtde_package.h
[1.613s] -- Up-to-date: /workspaces/aprs/aprs_ws/install/ur_client_library/include/ur_client_library/rtde/control_package_pause.h
[1.613s] -- Up-to-date: /workspaces/aprs/aprs_ws/install/ur_client_library/include/ur_client_library/default_log_handler.h
[1.613s] -- Up-to-date: /workspaces/aprs/aprs_ws/install/ur_client_library/include/ur_client_library/queue
[1.613s] -- Up-to-date: /workspaces/aprs/aprs_ws/install/ur_client_library/include/ur_client_library/queue/LICENSE.md
[1.614s] -- Up-to-date: /workspaces/aprs/aprs_ws/install/ur_client_library/include/ur_client_library/queue/atomicops.h
[1.614s] -- Up-to-date: /workspaces/aprs/aprs_ws/install/ur_client_library/include/ur_client_library/queue/readerwriterqueue.h
[1.614s] -- Up-to-date: /workspaces/aprs/aprs_ws/install/ur_client_library/include/ur_client_library/control
[1.614s] -- Up-to-date: /workspaces/aprs/aprs_ws/install/ur_client_library/include/ur_client_library/control/script_sender.h
[1.614s] -- Up-to-date: /workspaces/aprs/aprs_ws/install/ur_client_library/include/ur_client_library/control/reverse_interface.h
[1.614s] -- Up-to-date: /workspaces/aprs/aprs_ws/install/ur_client_library/include/ur_client_library/control/trajectory_point_interface.h
[1.614s] -- Up-to-date: /workspaces/aprs/aprs_ws/install/ur_client_library/include/ur_client_library/control/script_command_interface.h
[1.615s] -- Up-to-date: /workspaces/aprs/aprs_ws/install/ur_client_library/include/ur_client_library/helpers.h
[1.615s] -- Up-to-date: /workspaces/aprs/aprs_ws/install/ur_client_library/include/ur_client_library/log.h
[1.615s] -- Up-to-date: /workspaces/aprs/aprs_ws/install/ur_client_library/include/ur_client_library/types.h
[1.615s] -- Up-to-date: /workspaces/aprs/aprs_ws/install/ur_client_library/include/ur_client_library/exceptions.h
[1.615s] -- Up-to-date: /workspaces/aprs/aprs_ws/install/ur_client_library/include/ur_client_library/comm
[1.615s] -- Up-to-date: /workspaces/aprs/aprs_ws/install/ur_client_library/include/ur_client_library/comm/package_serializer.h
[1.615s] -- Up-to-date: /workspaces/aprs/aprs_ws/install/ur_client_library/include/ur_client_library/comm/stream.h
[1.615s] -- Up-to-date: /workspaces/aprs/aprs_ws/install/ur_client_library/include/ur_client_library/comm/control_mode.h
[1.616s] -- Up-to-date: /workspaces/aprs/aprs_ws/install/ur_client_library/include/ur_client_library/comm/bin_parser.h
[1.616s] -- Up-to-date: /workspaces/aprs/aprs_ws/install/ur_client_library/include/ur_client_library/comm/producer.h
[1.616s] -- Up-to-date: /workspaces/aprs/aprs_ws/install/ur_client_library/include/ur_client_library/comm/tcp_server.h
[1.616s] -- Up-to-date: /workspaces/aprs/aprs_ws/install/ur_client_library/include/ur_client_library/comm/parser.h
[1.616s] -- Up-to-date: /workspaces/aprs/aprs_ws/install/ur_client_library/include/ur_client_library/comm/package.h
[1.616s] -- Up-to-date: /workspaces/aprs/aprs_ws/install/ur_client_library/include/ur_client_library/comm/shell_consumer.h
[1.617s] -- Up-to-date: /workspaces/aprs/aprs_ws/install/ur_client_library/include/ur_client_library/comm/pipeline.h
[1.617s] -- Up-to-date: /workspaces/aprs/aprs_ws/install/ur_client_library/include/ur_client_library/comm/tcp_socket.h
[1.617s] -- Up-to-date: /workspaces/aprs/aprs_ws/install/ur_client_library/include/ur_client_library/ur
[1.617s] -- Up-to-date: /workspaces/aprs/aprs_ws/install/ur_client_library/include/ur_client_library/ur/datatypes.h
[1.617s] -- Up-to-date: /workspaces/aprs/aprs_ws/install/ur_client_library/include/ur_client_library/ur/calibration_checker.h
[1.617s] -- Up-to-date: /workspaces/aprs/aprs_ws/install/ur_client_library/include/ur_client_library/ur/version_information.h
[1.617s] -- Up-to-date: /workspaces/aprs/aprs_ws/install/ur_client_library/include/ur_client_library/ur/tool_communication.h
[1.618s] -- Up-to-date: /workspaces/aprs/aprs_ws/install/ur_client_library/include/ur_client_library/ur/dashboard_client.h
[1.618s] -- Up-to-date: /workspaces/aprs/aprs_ws/install/ur_client_library/include/ur_client_library/ur/ur_driver.h
[1.618s] -- Up-to-date: /workspaces/aprs/aprs_ws/install/ur_client_library/include/ur_client_library/primary
[1.618s] -- Up-to-date: /workspaces/aprs/aprs_ws/install/ur_client_library/include/ur_client_library/primary/primary_package.h
[1.618s] -- Up-to-date: /workspaces/aprs/aprs_ws/install/ur_client_library/include/ur_client_library/primary/robot_message.h
[1.618s] -- Up-to-date: /workspaces/aprs/aprs_ws/install/ur_client_library/include/ur_client_library/primary/robot_state
[1.618s] -- Up-to-date: /workspaces/aprs/aprs_ws/install/ur_client_library/include/ur_client_library/primary/robot_state/kinematics_info.h
[1.619s] -- Up-to-date: /workspaces/aprs/aprs_ws/install/ur_client_library/include/ur_client_library/primary/primary_parser.h
[1.619s] -- Up-to-date: /workspaces/aprs/aprs_ws/install/ur_client_library/include/ur_client_library/primary/abstract_primary_consumer.h
[1.619s] -- Up-to-date: /workspaces/aprs/aprs_ws/install/ur_client_library/include/ur_client_library/primary/package_header.h
[1.619s] -- Up-to-date: /workspaces/aprs/aprs_ws/install/ur_client_library/include/ur_client_library/primary/robot_message
[1.619s] -- Up-to-date: /workspaces/aprs/aprs_ws/install/ur_client_library/include/ur_client_library/primary/robot_message/version_message.h
[1.619s] -- Up-to-date: /workspaces/aprs/aprs_ws/install/ur_client_library/include/ur_client_library/primary/robot_state.h
[1.619s] -- Up-to-date: /workspaces/aprs/aprs_ws/install/ur_client_library/lib/cmake/ur_client_library/urclTargets.cmake
[1.620s] -- Up-to-date: /workspaces/aprs/aprs_ws/install/ur_client_library/lib/cmake/ur_client_library/urclTargets-relwithdebinfo.cmake
[1.620s] -- Up-to-date: /workspaces/aprs/aprs_ws/install/ur_client_library/lib/ur_client_library/start_ursim.sh
[1.620s] -- Up-to-date: /workspaces/aprs/aprs_ws/install/ur_client_library/lib/cmake/ur_client_library/ur_client_libraryConfig.cmake
[1.620s] -- Up-to-date: /workspaces/aprs/aprs_ws/install/ur_client_library/share/ur_client_library/package.xml
[1.620s] -- Up-to-date: /workspaces/aprs/aprs_ws/install/ur_client_library/share/ament_index/resource_index/packages/ur_client_library
[1.620s] -- Up-to-date: /workspaces/aprs/aprs_ws/install/ur_client_library/share/ur_client_library/hook/ament_prefix_path.dsv
[1.620s] -- Up-to-date: /workspaces/aprs/aprs_ws/install/ur_client_library/share/ur_client_library/hook/ros_package_path.dsv
[1.621s] -- Up-to-date: /workspaces/aprs/aprs_ws/install/ur_client_library/share/ur_client_library/resources
[1.621s] -- Up-to-date: /workspaces/aprs/aprs_ws/install/ur_client_library/share/ur_client_library/resources/external_control.urscript
[2.702s] Invoked command in '/workspaces/aprs/aprs_ws/build/ur_client_library' returned '0': CMAKE_PREFIX_PATH=${CMAKE_PREFIX_PATH}:/opt/ros/humble /usr/bin/cmake --install /workspaces/aprs/aprs_ws/build/ur_client_library
