[0.044s] Invoking command in '/workspaces/aprs_humble/aprs_ws/build/franka_gz': AMENT_PREFIX_PATH=/workspaces/aprs_humble/aprs_ws/install/ros2controlcli:/workspaces/aprs_humble/aprs_ws/install/controller_manager:/workspaces/aprs_humble/aprs_ws/install/controller_interface:/workspaces/aprs_humble/aprs_ws/install/hardware_interface:/workspaces/aprs_humble/aprs_ws/install/ros2_control_test_assets:/workspaces/aprs_humble/aprs_ws/install/controller_manager_msgs:${AMENT_PREFIX_PATH} CMAKE_PREFIX_PATH=/workspaces/aprs_humble/aprs_ws/install/controller_manager:/workspaces/aprs_humble/aprs_ws/install/controller_interface:/workspaces/aprs_humble/aprs_ws/install/hardware_interface:/workspaces/aprs_humble/aprs_ws/install/ros2_control_test_assets:/workspaces/aprs_humble/aprs_ws/install/controller_manager_msgs:/opt/ros/humble LD_LIBRARY_PATH=/workspaces/aprs_humble/aprs_ws/install/controller_manager/lib:/workspaces/aprs_humble/aprs_ws/install/controller_interface/lib:/workspaces/aprs_humble/aprs_ws/install/hardware_interface/lib:/workspaces/aprs_humble/aprs_ws/install/controller_manager_msgs/lib:${LD_LIBRARY_PATH} PYTHONPATH=/workspaces/aprs_humble/aprs_ws/install/ros2controlcli/lib/python3.10/site-packages:/workspaces/aprs_humble/aprs_ws/install/controller_manager/local/lib/python3.10/dist-packages:/workspaces/aprs_humble/aprs_ws/install/controller_manager_msgs/local/lib/python3.10/dist-packages:${PYTHONPATH} /usr/bin/cmake /workspaces/aprs_humble/aprs_ws/src/franka_gz -DBUILD_TESTING=ON -DCMAKE_INSTALL_PREFIX=/workspaces/aprs_humble/aprs_ws/install/franka_gz
[0.098s] -- The C compiler identification is GNU 11.4.0
[0.170s] -- The CXX compiler identification is GNU 11.4.0
[0.177s] -- Detecting C compiler ABI info
[0.267s] -- Detecting C compiler ABI info - done
[0.279s] -- Check for working C compiler: /usr/bin/cc - skipped
[0.279s] -- Detecting C compile features
[0.279s] -- Detecting C compile features - done
[0.284s] -- Detecting CXX compiler ABI info
[0.373s] -- Detecting CXX compiler ABI info - done
[0.380s] -- Check for working CXX compiler: /usr/bin/c++ - skipped
[0.380s] -- Detecting CXX compile features
[0.381s] -- Detecting CXX compile features - done
[0.387s] -- Found ament_cmake: 1.3.5 (/opt/ros/humble/share/ament_cmake/cmake)
[0.597s] -- Found Python3: /usr/bin/python3.10 (found version "3.10.12") found components: Interpreter 
[0.745s] -- Found control_msgs: 4.4.0 (/opt/ros/humble/share/control_msgs/cmake)
[0.809s] -- Found rosidl_generator_c: 3.1.5 (/opt/ros/humble/share/rosidl_generator_c/cmake)
[0.819s] -- Found rosidl_adapter: 3.1.5 (/opt/ros/humble/share/rosidl_adapter/cmake)
[0.834s] -- Found rosidl_generator_cpp: 3.1.5 (/opt/ros/humble/share/rosidl_generator_cpp/cmake)
[0.853s] -- Using all available rosidl_typesupport_c: rosidl_typesupport_fastrtps_c;rosidl_typesupport_introspection_c
[0.878s] -- Using all available rosidl_typesupport_cpp: rosidl_typesupport_fastrtps_cpp;rosidl_typesupport_introspection_cpp
[1.697s] -- Found rclcpp: 16.0.5 (/opt/ros/humble/share/rclcpp/cmake)
[1.793s] -- Found rmw_implementation_cmake: 6.1.1 (/opt/ros/humble/share/rmw_implementation_cmake/cmake)
[1.801s] -- Found rmw_fastrtps_cpp: 6.2.3 (/opt/ros/humble/share/rmw_fastrtps_cpp/cmake)
[1.962s] -- Found OpenSSL: /usr/lib/x86_64-linux-gnu/libcrypto.so (found version "3.0.2")  
[2.019s] -- Found FastRTPS: /opt/ros/humble/include  
[2.094s] -- Using RMW implementation 'rmw_fastrtps_cpp' as default
[2.112s] -- Looking for pthread.h
[2.187s] -- Looking for pthread.h - found
[2.187s] -- Performing Test CMAKE_HAVE_LIBC_PTHREAD
[2.265s] -- Performing Test CMAKE_HAVE_LIBC_PTHREAD - Success
[2.267s] -- Found Threads: TRUE  
[2.453s] -- Found rclcpp_action: 16.0.5 (/opt/ros/humble/share/rclcpp_action/cmake)
[2.505s] -- Found ament_cmake_gtest: 1.3.5 (/opt/ros/humble/share/ament_cmake_gtest/cmake)
[2.509s] -- Found ament_lint_auto: 0.12.7 (/opt/ros/humble/share/ament_lint_auto/cmake)
[2.702s] -- Added test 'copyright' to check source files copyright and LICENSE
[2.705s] -- Added test 'flake8' to check Python code syntax and style conventions
[2.705s] -- Added test 'lint_cmake' to check CMake code style
[2.706s] -- Added test 'pep257' to check Python code against some of the docstring style conventions in PEP 257
[2.708s] -- Added test 'xmllint' to check XML markup files
[2.710s] -- Configuring done
[2.720s] -- Generating done
[2.722s] -- Build files have been written to: /workspaces/aprs_humble/aprs_ws/build/franka_gz
[2.751s] Invoked command in '/workspaces/aprs_humble/aprs_ws/build/franka_gz' returned '0': AMENT_PREFIX_PATH=/workspaces/aprs_humble/aprs_ws/install/ros2controlcli:/workspaces/aprs_humble/aprs_ws/install/controller_manager:/workspaces/aprs_humble/aprs_ws/install/controller_interface:/workspaces/aprs_humble/aprs_ws/install/hardware_interface:/workspaces/aprs_humble/aprs_ws/install/ros2_control_test_assets:/workspaces/aprs_humble/aprs_ws/install/controller_manager_msgs:${AMENT_PREFIX_PATH} CMAKE_PREFIX_PATH=/workspaces/aprs_humble/aprs_ws/install/controller_manager:/workspaces/aprs_humble/aprs_ws/install/controller_interface:/workspaces/aprs_humble/aprs_ws/install/hardware_interface:/workspaces/aprs_humble/aprs_ws/install/ros2_control_test_assets:/workspaces/aprs_humble/aprs_ws/install/controller_manager_msgs:/opt/ros/humble LD_LIBRARY_PATH=/workspaces/aprs_humble/aprs_ws/install/controller_manager/lib:/workspaces/aprs_humble/aprs_ws/install/controller_interface/lib:/workspaces/aprs_humble/aprs_ws/install/hardware_interface/lib:/workspaces/aprs_humble/aprs_ws/install/controller_manager_msgs/lib:${LD_LIBRARY_PATH} PYTHONPATH=/workspaces/aprs_humble/aprs_ws/install/ros2controlcli/lib/python3.10/site-packages:/workspaces/aprs_humble/aprs_ws/install/controller_manager/local/lib/python3.10/dist-packages:/workspaces/aprs_humble/aprs_ws/install/controller_manager_msgs/local/lib/python3.10/dist-packages:${PYTHONPATH} /usr/bin/cmake /workspaces/aprs_humble/aprs_ws/src/franka_gz -DBUILD_TESTING=ON -DCMAKE_INSTALL_PREFIX=/workspaces/aprs_humble/aprs_ws/install/franka_gz
[2.753s] Invoking command in '/workspaces/aprs_humble/aprs_ws/build/franka_gz': AMENT_PREFIX_PATH=/workspaces/aprs_humble/aprs_ws/install/ros2controlcli:/workspaces/aprs_humble/aprs_ws/install/controller_manager:/workspaces/aprs_humble/aprs_ws/install/controller_interface:/workspaces/aprs_humble/aprs_ws/install/hardware_interface:/workspaces/aprs_humble/aprs_ws/install/ros2_control_test_assets:/workspaces/aprs_humble/aprs_ws/install/controller_manager_msgs:${AMENT_PREFIX_PATH} CMAKE_PREFIX_PATH=/workspaces/aprs_humble/aprs_ws/install/controller_manager:/workspaces/aprs_humble/aprs_ws/install/controller_interface:/workspaces/aprs_humble/aprs_ws/install/hardware_interface:/workspaces/aprs_humble/aprs_ws/install/ros2_control_test_assets:/workspaces/aprs_humble/aprs_ws/install/controller_manager_msgs:/opt/ros/humble LD_LIBRARY_PATH=/workspaces/aprs_humble/aprs_ws/install/controller_manager/lib:/workspaces/aprs_humble/aprs_ws/install/controller_interface/lib:/workspaces/aprs_humble/aprs_ws/install/hardware_interface/lib:/workspaces/aprs_humble/aprs_ws/install/controller_manager_msgs/lib:${LD_LIBRARY_PATH} PYTHONPATH=/workspaces/aprs_humble/aprs_ws/install/ros2controlcli/lib/python3.10/site-packages:/workspaces/aprs_humble/aprs_ws/install/controller_manager/local/lib/python3.10/dist-packages:/workspaces/aprs_humble/aprs_ws/install/controller_manager_msgs/local/lib/python3.10/dist-packages:${PYTHONPATH} /usr/bin/cmake --build /workspaces/aprs_humble/aprs_ws/build/franka_gz -- -j16 -l16
[2.797s] Invoked command in '/workspaces/aprs_humble/aprs_ws/build/franka_gz' returned '0': AMENT_PREFIX_PATH=/workspaces/aprs_humble/aprs_ws/install/ros2controlcli:/workspaces/aprs_humble/aprs_ws/install/controller_manager:/workspaces/aprs_humble/aprs_ws/install/controller_interface:/workspaces/aprs_humble/aprs_ws/install/hardware_interface:/workspaces/aprs_humble/aprs_ws/install/ros2_control_test_assets:/workspaces/aprs_humble/aprs_ws/install/controller_manager_msgs:${AMENT_PREFIX_PATH} CMAKE_PREFIX_PATH=/workspaces/aprs_humble/aprs_ws/install/controller_manager:/workspaces/aprs_humble/aprs_ws/install/controller_interface:/workspaces/aprs_humble/aprs_ws/install/hardware_interface:/workspaces/aprs_humble/aprs_ws/install/ros2_control_test_assets:/workspaces/aprs_humble/aprs_ws/install/controller_manager_msgs:/opt/ros/humble LD_LIBRARY_PATH=/workspaces/aprs_humble/aprs_ws/install/controller_manager/lib:/workspaces/aprs_humble/aprs_ws/install/controller_interface/lib:/workspaces/aprs_humble/aprs_ws/install/hardware_interface/lib:/workspaces/aprs_humble/aprs_ws/install/controller_manager_msgs/lib:${LD_LIBRARY_PATH} PYTHONPATH=/workspaces/aprs_humble/aprs_ws/install/ros2controlcli/lib/python3.10/site-packages:/workspaces/aprs_humble/aprs_ws/install/controller_manager/local/lib/python3.10/dist-packages:/workspaces/aprs_humble/aprs_ws/install/controller_manager_msgs/local/lib/python3.10/dist-packages:${PYTHONPATH} /usr/bin/cmake --build /workspaces/aprs_humble/aprs_ws/build/franka_gz -- -j16 -l16
[2.821s] Invoking command in '/workspaces/aprs_humble/aprs_ws/build/franka_gz': AMENT_PREFIX_PATH=/workspaces/aprs_humble/aprs_ws/install/ros2controlcli:/workspaces/aprs_humble/aprs_ws/install/controller_manager:/workspaces/aprs_humble/aprs_ws/install/controller_interface:/workspaces/aprs_humble/aprs_ws/install/hardware_interface:/workspaces/aprs_humble/aprs_ws/install/ros2_control_test_assets:/workspaces/aprs_humble/aprs_ws/install/controller_manager_msgs:${AMENT_PREFIX_PATH} CMAKE_PREFIX_PATH=/workspaces/aprs_humble/aprs_ws/install/controller_manager:/workspaces/aprs_humble/aprs_ws/install/controller_interface:/workspaces/aprs_humble/aprs_ws/install/hardware_interface:/workspaces/aprs_humble/aprs_ws/install/ros2_control_test_assets:/workspaces/aprs_humble/aprs_ws/install/controller_manager_msgs:/opt/ros/humble LD_LIBRARY_PATH=/workspaces/aprs_humble/aprs_ws/install/controller_manager/lib:/workspaces/aprs_humble/aprs_ws/install/controller_interface/lib:/workspaces/aprs_humble/aprs_ws/install/hardware_interface/lib:/workspaces/aprs_humble/aprs_ws/install/controller_manager_msgs/lib:${LD_LIBRARY_PATH} PYTHONPATH=/workspaces/aprs_humble/aprs_ws/install/ros2controlcli/lib/python3.10/site-packages:/workspaces/aprs_humble/aprs_ws/install/controller_manager/local/lib/python3.10/dist-packages:/workspaces/aprs_humble/aprs_ws/install/controller_manager_msgs/local/lib/python3.10/dist-packages:${PYTHONPATH} /usr/bin/cmake --install /workspaces/aprs_humble/aprs_ws/build/franka_gz
[2.829s] -- Install configuration: ""
[2.829s] -- Installing: /workspaces/aprs_humble/aprs_ws/install/franka_gz/share/franka_gz//launch
[2.829s] -- Installing: /workspaces/aprs_humble/aprs_ws/install/franka_gz/share/franka_gz//launch/frankarobot.launch.py
[2.829s] -- Installing: /workspaces/aprs_humble/aprs_ws/install/franka_gz/share/franka_gz//config
[2.830s] -- Installing: /workspaces/aprs_humble/aprs_ws/install/franka_gz/share/franka_gz//config/franka_controller.yaml
[2.830s] -- Installing: /workspaces/aprs_humble/aprs_ws/install/franka_gz/share/ament_index/resource_index/package_run_dependencies/franka_gz
[2.830s] -- Installing: /workspaces/aprs_humble/aprs_ws/install/franka_gz/share/ament_index/resource_index/parent_prefix_path/franka_gz
[2.830s] -- Installing: /workspaces/aprs_humble/aprs_ws/install/franka_gz/share/franka_gz/environment/ament_prefix_path.sh
[2.831s] -- Installing: /workspaces/aprs_humble/aprs_ws/install/franka_gz/share/franka_gz/environment/ament_prefix_path.dsv
[2.831s] -- Installing: /workspaces/aprs_humble/aprs_ws/install/franka_gz/share/franka_gz/environment/path.sh
[2.831s] -- Installing: /workspaces/aprs_humble/aprs_ws/install/franka_gz/share/franka_gz/environment/path.dsv
[2.831s] -- Installing: /workspaces/aprs_humble/aprs_ws/install/franka_gz/share/franka_gz/local_setup.bash
[2.831s] -- Installing: /workspaces/aprs_humble/aprs_ws/install/franka_gz/share/franka_gz/local_setup.sh
[2.831s] -- Installing: /workspaces/aprs_humble/aprs_ws/install/franka_gz/share/franka_gz/local_setup.zsh
[2.831s] -- Installing: /workspaces/aprs_humble/aprs_ws/install/franka_gz/share/franka_gz/local_setup.dsv
[2.831s] -- Installing: /workspaces/aprs_humble/aprs_ws/install/franka_gz/share/franka_gz/package.dsv
[2.832s] -- Installing: /workspaces/aprs_humble/aprs_ws/install/franka_gz/share/ament_index/resource_index/packages/franka_gz
[2.832s] -- Installing: /workspaces/aprs_humble/aprs_ws/install/franka_gz/share/franka_gz/cmake/franka_gzConfig.cmake
[2.832s] -- Installing: /workspaces/aprs_humble/aprs_ws/install/franka_gz/share/franka_gz/cmake/franka_gzConfig-version.cmake
[2.832s] -- Installing: /workspaces/aprs_humble/aprs_ws/install/franka_gz/share/franka_gz/package.xml
[2.837s] Invoked command in '/workspaces/aprs_humble/aprs_ws/build/franka_gz' returned '0': AMENT_PREFIX_PATH=/workspaces/aprs_humble/aprs_ws/install/ros2controlcli:/workspaces/aprs_humble/aprs_ws/install/controller_manager:/workspaces/aprs_humble/aprs_ws/install/controller_interface:/workspaces/aprs_humble/aprs_ws/install/hardware_interface:/workspaces/aprs_humble/aprs_ws/install/ros2_control_test_assets:/workspaces/aprs_humble/aprs_ws/install/controller_manager_msgs:${AMENT_PREFIX_PATH} CMAKE_PREFIX_PATH=/workspaces/aprs_humble/aprs_ws/install/controller_manager:/workspaces/aprs_humble/aprs_ws/install/controller_interface:/workspaces/aprs_humble/aprs_ws/install/hardware_interface:/workspaces/aprs_humble/aprs_ws/install/ros2_control_test_assets:/workspaces/aprs_humble/aprs_ws/install/controller_manager_msgs:/opt/ros/humble LD_LIBRARY_PATH=/workspaces/aprs_humble/aprs_ws/install/controller_manager/lib:/workspaces/aprs_humble/aprs_ws/install/controller_interface/lib:/workspaces/aprs_humble/aprs_ws/install/hardware_interface/lib:/workspaces/aprs_humble/aprs_ws/install/controller_manager_msgs/lib:${LD_LIBRARY_PATH} PYTHONPATH=/workspaces/aprs_humble/aprs_ws/install/ros2controlcli/lib/python3.10/site-packages:/workspaces/aprs_humble/aprs_ws/install/controller_manager/local/lib/python3.10/dist-packages:/workspaces/aprs_humble/aprs_ws/install/controller_manager_msgs/local/lib/python3.10/dist-packages:${PYTHONPATH} /usr/bin/cmake --install /workspaces/aprs_humble/aprs_ws/build/franka_gz
