[1.269s] Invoking command in '/workspaces/aprs/aprs_ws/build/ur_msgs': CMAKE_PREFIX_PATH=${CMAKE_PREFIX_PATH}:/opt/ros/humble /usr/bin/cmake --build /workspaces/aprs/aprs_ws/build/ur_msgs -- -j16 -l16
[1.399s] [  0%] Built target ur_msgs__cpp
[1.476s] [  0%] Built target ament_cmake_python_copy_ur_msgs
[1.558s] [ 12%] Built target ur_msgs__rosidl_typesupport_introspection_cpp
[1.893s] running egg_info
[1.895s] writing ur_msgs.egg-info/PKG-INFO
[1.896s] writing dependency_links to ur_msgs.egg-info/dependency_links.txt
[1.896s] writing top-level names to ur_msgs.egg-info/top_level.txt
[1.906s] reading manifest file 'ur_msgs.egg-info/SOURCES.txt'
[1.906s] writing manifest file 'ur_msgs.egg-info/SOURCES.txt'
[1.981s] [ 12%] Built target ament_cmake_python_build_ur_msgs_egg
[2.030s] [ 23%] Built target ur_msgs__rosidl_typesupport_fastrtps_cpp
[2.075s] [ 35%] Built target ur_msgs__rosidl_typesupport_cpp
[2.125s] [ 47%] Built target ur_msgs__rosidl_generator_c
[2.189s] [ 59%] Built target ur_msgs__rosidl_typesupport_fastrtps_c
[2.230s] [ 70%] Built target ur_msgs__rosidl_typesupport_c
[2.279s] [ 82%] Built target ur_msgs__rosidl_typesupport_introspection_c
[2.332s] [ 82%] Built target ur_msgs
[2.373s] [ 83%] Built target ur_msgs__py
[2.415s] [ 94%] Built target ur_msgs__rosidl_generator_py
[2.455s] [ 96%] Built target ur_msgs__rosidl_typesupport_fastrtps_c__pyext
[2.505s] [ 98%] Built target ur_msgs__rosidl_typesupport_c__pyext
[2.545s] [100%] Built target ur_msgs__rosidl_typesupport_introspection_c__pyext
[3.906s] Invoked command in '/workspaces/aprs/aprs_ws/build/ur_msgs' returned '0': CMAKE_PREFIX_PATH=${CMAKE_PREFIX_PATH}:/opt/ros/humble /usr/bin/cmake --build /workspaces/aprs/aprs_ws/build/ur_msgs -- -j16 -l16
[5.327s] Invoking command in '/workspaces/aprs/aprs_ws/build/ur_msgs': CMAKE_PREFIX_PATH=${CMAKE_PREFIX_PATH}:/opt/ros/humble /usr/bin/cmake --install /workspaces/aprs/aprs_ws/build/ur_msgs
[5.343s] -- Install configuration: ""
[5.344s] -- Up-to-date: /workspaces/aprs/aprs_ws/install/ur_msgs/share/ament_index/resource_index/rosidl_interfaces/ur_msgs
[5.344s] -- Up-to-date: /workspaces/aprs/aprs_ws/install/ur_msgs/include/ur_msgs/ur_msgs
[5.345s] -- Up-to-date: /workspaces/aprs/aprs_ws/install/ur_msgs/include/ur_msgs/ur_msgs/srv
[5.345s] -- Up-to-date: /workspaces/aprs/aprs_ws/install/ur_msgs/include/ur_msgs/ur_msgs/srv/set_speed_slider_fraction.h
[5.346s] -- Up-to-date: /workspaces/aprs/aprs_ws/install/ur_msgs/include/ur_msgs/ur_msgs/srv/set_io.h
[5.346s] -- Up-to-date: /workspaces/aprs/aprs_ws/install/ur_msgs/include/ur_msgs/ur_msgs/srv/detail
[5.346s] -- Up-to-date: /workspaces/aprs/aprs_ws/install/ur_msgs/include/ur_msgs/ur_msgs/srv/detail/set_io__struct.h
[5.346s] -- Up-to-date: /workspaces/aprs/aprs_ws/install/ur_msgs/include/ur_msgs/ur_msgs/srv/detail/set_payload__functions.h
[5.347s] -- Up-to-date: /workspaces/aprs/aprs_ws/install/ur_msgs/include/ur_msgs/ur_msgs/srv/detail/set_io__functions.c
[5.348s] -- Up-to-date: /workspaces/aprs/aprs_ws/install/ur_msgs/include/ur_msgs/ur_msgs/srv/detail/set_speed_slider_fraction__type_support.h
[5.349s] -- Up-to-date: /workspaces/aprs/aprs_ws/install/ur_msgs/include/ur_msgs/ur_msgs/srv/detail/set_payload__functions.c
[5.350s] -- Up-to-date: /workspaces/aprs/aprs_ws/install/ur_msgs/include/ur_msgs/ur_msgs/srv/detail/set_payload__struct.h
[5.350s] -- Up-to-date: /workspaces/aprs/aprs_ws/install/ur_msgs/include/ur_msgs/ur_msgs/srv/detail/set_speed_slider_fraction__functions.c
[5.350s] -- Up-to-date: /workspaces/aprs/aprs_ws/install/ur_msgs/include/ur_msgs/ur_msgs/srv/detail/set_io__type_support.h
[5.350s] -- Up-to-date: /workspaces/aprs/aprs_ws/install/ur_msgs/include/ur_msgs/ur_msgs/srv/detail/set_speed_slider_fraction__struct.h
[5.351s] -- Up-to-date: /workspaces/aprs/aprs_ws/install/ur_msgs/include/ur_msgs/ur_msgs/srv/detail/set_payload__type_support.h
[5.351s] -- Up-to-date: /workspaces/aprs/aprs_ws/install/ur_msgs/include/ur_msgs/ur_msgs/srv/detail/set_io__functions.h
[5.351s] -- Up-to-date: /workspaces/aprs/aprs_ws/install/ur_msgs/include/ur_msgs/ur_msgs/srv/detail/set_speed_slider_fraction__functions.h
[5.351s] -- Up-to-date: /workspaces/aprs/aprs_ws/install/ur_msgs/include/ur_msgs/ur_msgs/srv/set_payload.h
[5.351s] -- Up-to-date: /workspaces/aprs/aprs_ws/install/ur_msgs/include/ur_msgs/ur_msgs/msg
[5.351s] -- Up-to-date: /workspaces/aprs/aprs_ws/install/ur_msgs/include/ur_msgs/ur_msgs/msg/detail
[5.351s] -- Up-to-date: /workspaces/aprs/aprs_ws/install/ur_msgs/include/ur_msgs/ur_msgs/msg/detail/masterboard_data_msg__functions.c
[5.351s] -- Up-to-date: /workspaces/aprs/aprs_ws/install/ur_msgs/include/ur_msgs/ur_msgs/msg/detail/tool_data_msg__functions.h
[5.351s] -- Up-to-date: /workspaces/aprs/aprs_ws/install/ur_msgs/include/ur_msgs/ur_msgs/msg/detail/robot_mode_data_msg__type_support.h
[5.351s] -- Up-to-date: /workspaces/aprs/aprs_ws/install/ur_msgs/include/ur_msgs/ur_msgs/msg/detail/analog__functions.h
[5.351s] -- Up-to-date: /workspaces/aprs/aprs_ws/install/ur_msgs/include/ur_msgs/ur_msgs/msg/detail/io_states__functions.h
[5.351s] -- Up-to-date: /workspaces/aprs/aprs_ws/install/ur_msgs/include/ur_msgs/ur_msgs/msg/detail/robot_state_rt_msg__type_support.h
[5.352s] -- Up-to-date: /workspaces/aprs/aprs_ws/install/ur_msgs/include/ur_msgs/ur_msgs/msg/detail/masterboard_data_msg__struct.h
[5.352s] -- Up-to-date: /workspaces/aprs/aprs_ws/install/ur_msgs/include/ur_msgs/ur_msgs/msg/detail/analog__functions.c
[5.352s] -- Up-to-date: /workspaces/aprs/aprs_ws/install/ur_msgs/include/ur_msgs/ur_msgs/msg/detail/robot_state_rt_msg__functions.h
[5.352s] -- Up-to-date: /workspaces/aprs/aprs_ws/install/ur_msgs/include/ur_msgs/ur_msgs/msg/detail/digital__struct.h
[5.352s] -- Up-to-date: /workspaces/aprs/aprs_ws/install/ur_msgs/include/ur_msgs/ur_msgs/msg/detail/masterboard_data_msg__functions.h
[5.352s] -- Up-to-date: /workspaces/aprs/aprs_ws/install/ur_msgs/include/ur_msgs/ur_msgs/msg/detail/io_states__functions.c
[5.352s] -- Up-to-date: /workspaces/aprs/aprs_ws/install/ur_msgs/include/ur_msgs/ur_msgs/msg/detail/analog__type_support.h
[5.352s] -- Up-to-date: /workspaces/aprs/aprs_ws/install/ur_msgs/include/ur_msgs/ur_msgs/msg/detail/tool_data_msg__struct.h
[5.353s] -- Up-to-date: /workspaces/aprs/aprs_ws/install/ur_msgs/include/ur_msgs/ur_msgs/msg/detail/analog__struct.h
[5.354s] -- Up-to-date: /workspaces/aprs/aprs_ws/install/ur_msgs/include/ur_msgs/ur_msgs/msg/detail/tool_data_msg__functions.c
[5.355s] -- Up-to-date: /workspaces/aprs/aprs_ws/install/ur_msgs/include/ur_msgs/ur_msgs/msg/detail/tool_data_msg__type_support.h
[5.357s] -- Up-to-date: /workspaces/aprs/aprs_ws/install/ur_msgs/include/ur_msgs/ur_msgs/msg/detail/digital__type_support.h
[5.357s] -- Up-to-date: /workspaces/aprs/aprs_ws/install/ur_msgs/include/ur_msgs/ur_msgs/msg/detail/digital__functions.c
[5.358s] -- Up-to-date: /workspaces/aprs/aprs_ws/install/ur_msgs/include/ur_msgs/ur_msgs/msg/detail/robot_mode_data_msg__functions.c
[5.359s] -- Up-to-date: /workspaces/aprs/aprs_ws/install/ur_msgs/include/ur_msgs/ur_msgs/msg/detail/digital__functions.h
[5.369s] -- Up-to-date: /workspaces/aprs/aprs_ws/install/ur_msgs/include/ur_msgs/ur_msgs/msg/detail/io_states__type_support.h
[5.369s] -- Up-to-date: /workspaces/aprs/aprs_ws/install/ur_msgs/include/ur_msgs/ur_msgs/msg/detail/robot_mode_data_msg__functions.h
[5.370s] -- Up-to-date: /workspaces/aprs/aprs_ws/install/ur_msgs/include/ur_msgs/ur_msgs/msg/detail/io_states__struct.h
[5.370s] -- Up-to-date: /workspaces/aprs/aprs_ws/install/ur_msgs/include/ur_msgs/ur_msgs/msg/detail/robot_state_rt_msg__functions.c
[5.371s] -- Up-to-date: /workspaces/aprs/aprs_ws/install/ur_msgs/include/ur_msgs/ur_msgs/msg/detail/robot_mode_data_msg__struct.h
[5.371s] -- Up-to-date: /workspaces/aprs/aprs_ws/install/ur_msgs/include/ur_msgs/ur_msgs/msg/detail/robot_state_rt_msg__struct.h
[5.371s] -- Up-to-date: /workspaces/aprs/aprs_ws/install/ur_msgs/include/ur_msgs/ur_msgs/msg/detail/masterboard_data_msg__type_support.h
[5.371s] -- Up-to-date: /workspaces/aprs/aprs_ws/install/ur_msgs/include/ur_msgs/ur_msgs/msg/tool_data_msg.h
[5.371s] -- Up-to-date: /workspaces/aprs/aprs_ws/install/ur_msgs/include/ur_msgs/ur_msgs/msg/digital.h
[5.371s] -- Up-to-date: /workspaces/aprs/aprs_ws/install/ur_msgs/include/ur_msgs/ur_msgs/msg/robot_mode_data_msg.h
[5.371s] -- Up-to-date: /workspaces/aprs/aprs_ws/install/ur_msgs/include/ur_msgs/ur_msgs/msg/rosidl_generator_c__visibility_control.h
[5.372s] -- Up-to-date: /workspaces/aprs/aprs_ws/install/ur_msgs/include/ur_msgs/ur_msgs/msg/analog.h
[5.372s] -- Up-to-date: /workspaces/aprs/aprs_ws/install/ur_msgs/include/ur_msgs/ur_msgs/msg/robot_state_rt_msg.h
[5.372s] -- Up-to-date: /workspaces/aprs/aprs_ws/install/ur_msgs/include/ur_msgs/ur_msgs/msg/io_states.h
[5.372s] -- Up-to-date: /workspaces/aprs/aprs_ws/install/ur_msgs/include/ur_msgs/ur_msgs/msg/masterboard_data_msg.h
[5.372s] -- Up-to-date: /workspaces/aprs/aprs_ws/install/ur_msgs/share/ur_msgs/environment/library_path.sh
[5.372s] -- Up-to-date: /workspaces/aprs/aprs_ws/install/ur_msgs/share/ur_msgs/environment/library_path.dsv
[5.372s] -- Up-to-date: /workspaces/aprs/aprs_ws/install/ur_msgs/lib/libur_msgs__rosidl_generator_c.so
[5.372s] -- Up-to-date: /workspaces/aprs/aprs_ws/install/ur_msgs/include/ur_msgs/ur_msgs
[5.372s] -- Up-to-date: /workspaces/aprs/aprs_ws/install/ur_msgs/include/ur_msgs/ur_msgs/srv
[5.373s] -- Up-to-date: /workspaces/aprs/aprs_ws/install/ur_msgs/include/ur_msgs/ur_msgs/srv/detail
[5.373s] -- Up-to-date: /workspaces/aprs/aprs_ws/install/ur_msgs/include/ur_msgs/ur_msgs/srv/detail/set_speed_slider_fraction__rosidl_typesupport_fastrtps_c.h
[5.373s] -- Up-to-date: /workspaces/aprs/aprs_ws/install/ur_msgs/include/ur_msgs/ur_msgs/srv/detail/set_payload__rosidl_typesupport_fastrtps_c.h
[5.373s] -- Up-to-date: /workspaces/aprs/aprs_ws/install/ur_msgs/include/ur_msgs/ur_msgs/srv/detail/set_io__rosidl_typesupport_fastrtps_c.h
[5.373s] -- Up-to-date: /workspaces/aprs/aprs_ws/install/ur_msgs/include/ur_msgs/ur_msgs/msg
[5.373s] -- Up-to-date: /workspaces/aprs/aprs_ws/install/ur_msgs/include/ur_msgs/ur_msgs/msg/detail
[5.373s] -- Up-to-date: /workspaces/aprs/aprs_ws/install/ur_msgs/include/ur_msgs/ur_msgs/msg/detail/io_states__rosidl_typesupport_fastrtps_c.h
[5.373s] -- Up-to-date: /workspaces/aprs/aprs_ws/install/ur_msgs/include/ur_msgs/ur_msgs/msg/detail/masterboard_data_msg__rosidl_typesupport_fastrtps_c.h
[5.374s] -- Up-to-date: /workspaces/aprs/aprs_ws/install/ur_msgs/include/ur_msgs/ur_msgs/msg/detail/robot_mode_data_msg__rosidl_typesupport_fastrtps_c.h
[5.374s] -- Up-to-date: /workspaces/aprs/aprs_ws/install/ur_msgs/include/ur_msgs/ur_msgs/msg/detail/analog__rosidl_typesupport_fastrtps_c.h
[5.374s] -- Up-to-date: /workspaces/aprs/aprs_ws/install/ur_msgs/include/ur_msgs/ur_msgs/msg/detail/tool_data_msg__rosidl_typesupport_fastrtps_c.h
[5.374s] -- Up-to-date: /workspaces/aprs/aprs_ws/install/ur_msgs/include/ur_msgs/ur_msgs/msg/detail/robot_state_rt_msg__rosidl_typesupport_fastrtps_c.h
[5.374s] -- Up-to-date: /workspaces/aprs/aprs_ws/install/ur_msgs/include/ur_msgs/ur_msgs/msg/detail/digital__rosidl_typesupport_fastrtps_c.h
[5.374s] -- Up-to-date: /workspaces/aprs/aprs_ws/install/ur_msgs/include/ur_msgs/ur_msgs/msg/rosidl_typesupport_fastrtps_c__visibility_control.h
[5.374s] -- Up-to-date: /workspaces/aprs/aprs_ws/install/ur_msgs/lib/libur_msgs__rosidl_typesupport_fastrtps_c.so
[5.374s] -- Up-to-date: /workspaces/aprs/aprs_ws/install/ur_msgs/include/ur_msgs/ur_msgs
[5.374s] -- Up-to-date: /workspaces/aprs/aprs_ws/install/ur_msgs/include/ur_msgs/ur_msgs/srv
[5.374s] -- Up-to-date: /workspaces/aprs/aprs_ws/install/ur_msgs/include/ur_msgs/ur_msgs/srv/detail
[5.374s] -- Up-to-date: /workspaces/aprs/aprs_ws/install/ur_msgs/include/ur_msgs/ur_msgs/srv/detail/set_io__traits.hpp
[5.375s] -- Up-to-date: /workspaces/aprs/aprs_ws/install/ur_msgs/include/ur_msgs/ur_msgs/srv/detail/set_speed_slider_fraction__builder.hpp
[5.375s] -- Up-to-date: /workspaces/aprs/aprs_ws/install/ur_msgs/include/ur_msgs/ur_msgs/srv/detail/set_io__struct.hpp
[5.375s] -- Up-to-date: /workspaces/aprs/aprs_ws/install/ur_msgs/include/ur_msgs/ur_msgs/srv/detail/set_io__builder.hpp
[5.375s] -- Up-to-date: /workspaces/aprs/aprs_ws/install/ur_msgs/include/ur_msgs/ur_msgs/srv/detail/set_payload__struct.hpp
[5.375s] -- Up-to-date: /workspaces/aprs/aprs_ws/install/ur_msgs/include/ur_msgs/ur_msgs/srv/detail/set_payload__builder.hpp
[5.375s] -- Up-to-date: /workspaces/aprs/aprs_ws/install/ur_msgs/include/ur_msgs/ur_msgs/srv/detail/set_speed_slider_fraction__struct.hpp
[5.375s] -- Up-to-date: /workspaces/aprs/aprs_ws/install/ur_msgs/include/ur_msgs/ur_msgs/srv/detail/set_speed_slider_fraction__traits.hpp
[5.375s] -- Up-to-date: /workspaces/aprs/aprs_ws/install/ur_msgs/include/ur_msgs/ur_msgs/srv/detail/set_payload__traits.hpp
[5.375s] -- Up-to-date: /workspaces/aprs/aprs_ws/install/ur_msgs/include/ur_msgs/ur_msgs/srv/set_payload.hpp
[5.375s] -- Up-to-date: /workspaces/aprs/aprs_ws/install/ur_msgs/include/ur_msgs/ur_msgs/srv/set_io.hpp
[5.375s] -- Up-to-date: /workspaces/aprs/aprs_ws/install/ur_msgs/include/ur_msgs/ur_msgs/srv/set_speed_slider_fraction.hpp
[5.375s] -- Up-to-date: /workspaces/aprs/aprs_ws/install/ur_msgs/include/ur_msgs/ur_msgs/msg
[5.375s] -- Up-to-date: /workspaces/aprs/aprs_ws/install/ur_msgs/include/ur_msgs/ur_msgs/msg/robot_state_rt_msg.hpp
[5.376s] -- Up-to-date: /workspaces/aprs/aprs_ws/install/ur_msgs/include/ur_msgs/ur_msgs/msg/detail
[5.376s] -- Up-to-date: /workspaces/aprs/aprs_ws/install/ur_msgs/include/ur_msgs/ur_msgs/msg/detail/robot_mode_data_msg__builder.hpp
[5.376s] -- Up-to-date: /workspaces/aprs/aprs_ws/install/ur_msgs/include/ur_msgs/ur_msgs/msg/detail/tool_data_msg__struct.hpp
[5.376s] -- Up-to-date: /workspaces/aprs/aprs_ws/install/ur_msgs/include/ur_msgs/ur_msgs/msg/detail/robot_state_rt_msg__struct.hpp
[5.376s] -- Up-to-date: /workspaces/aprs/aprs_ws/install/ur_msgs/include/ur_msgs/ur_msgs/msg/detail/masterboard_data_msg__struct.hpp
[5.376s] -- Up-to-date: /workspaces/aprs/aprs_ws/install/ur_msgs/include/ur_msgs/ur_msgs/msg/detail/analog__traits.hpp
[5.376s] -- Up-to-date: /workspaces/aprs/aprs_ws/install/ur_msgs/include/ur_msgs/ur_msgs/msg/detail/masterboard_data_msg__builder.hpp
[5.376s] -- Up-to-date: /workspaces/aprs/aprs_ws/install/ur_msgs/include/ur_msgs/ur_msgs/msg/detail/tool_data_msg__traits.hpp
[5.376s] -- Up-to-date: /workspaces/aprs/aprs_ws/install/ur_msgs/include/ur_msgs/ur_msgs/msg/detail/robot_mode_data_msg__struct.hpp
[5.376s] -- Up-to-date: /workspaces/aprs/aprs_ws/install/ur_msgs/include/ur_msgs/ur_msgs/msg/detail/io_states__traits.hpp
[5.376s] -- Up-to-date: /workspaces/aprs/aprs_ws/install/ur_msgs/include/ur_msgs/ur_msgs/msg/detail/robot_state_rt_msg__traits.hpp
[5.376s] -- Up-to-date: /workspaces/aprs/aprs_ws/install/ur_msgs/include/ur_msgs/ur_msgs/msg/detail/digital__struct.hpp
[5.376s] -- Up-to-date: /workspaces/aprs/aprs_ws/install/ur_msgs/include/ur_msgs/ur_msgs/msg/detail/analog__struct.hpp
[5.377s] -- Up-to-date: /workspaces/aprs/aprs_ws/install/ur_msgs/include/ur_msgs/ur_msgs/msg/detail/robot_mode_data_msg__traits.hpp
[5.377s] -- Up-to-date: /workspaces/aprs/aprs_ws/install/ur_msgs/include/ur_msgs/ur_msgs/msg/detail/digital__builder.hpp
[5.377s] -- Up-to-date: /workspaces/aprs/aprs_ws/install/ur_msgs/include/ur_msgs/ur_msgs/msg/detail/io_states__struct.hpp
[5.377s] -- Up-to-date: /workspaces/aprs/aprs_ws/install/ur_msgs/include/ur_msgs/ur_msgs/msg/detail/io_states__builder.hpp
[5.377s] -- Up-to-date: /workspaces/aprs/aprs_ws/install/ur_msgs/include/ur_msgs/ur_msgs/msg/detail/masterboard_data_msg__traits.hpp
[5.377s] -- Up-to-date: /workspaces/aprs/aprs_ws/install/ur_msgs/include/ur_msgs/ur_msgs/msg/detail/tool_data_msg__builder.hpp
[5.377s] -- Up-to-date: /workspaces/aprs/aprs_ws/install/ur_msgs/include/ur_msgs/ur_msgs/msg/detail/robot_state_rt_msg__builder.hpp
[5.377s] -- Up-to-date: /workspaces/aprs/aprs_ws/install/ur_msgs/include/ur_msgs/ur_msgs/msg/detail/digital__traits.hpp
[5.377s] -- Up-to-date: /workspaces/aprs/aprs_ws/install/ur_msgs/include/ur_msgs/ur_msgs/msg/detail/analog__builder.hpp
[5.377s] -- Up-to-date: /workspaces/aprs/aprs_ws/install/ur_msgs/include/ur_msgs/ur_msgs/msg/io_states.hpp
[5.377s] -- Up-to-date: /workspaces/aprs/aprs_ws/install/ur_msgs/include/ur_msgs/ur_msgs/msg/tool_data_msg.hpp
[5.377s] -- Up-to-date: /workspaces/aprs/aprs_ws/install/ur_msgs/include/ur_msgs/ur_msgs/msg/digital.hpp
[5.377s] -- Up-to-date: /workspaces/aprs/aprs_ws/install/ur_msgs/include/ur_msgs/ur_msgs/msg/masterboard_data_msg.hpp
[5.378s] -- Up-to-date: /workspaces/aprs/aprs_ws/install/ur_msgs/include/ur_msgs/ur_msgs/msg/robot_mode_data_msg.hpp
[5.378s] -- Up-to-date: /workspaces/aprs/aprs_ws/install/ur_msgs/include/ur_msgs/ur_msgs/msg/analog.hpp
[5.378s] -- Up-to-date: /workspaces/aprs/aprs_ws/install/ur_msgs/include/ur_msgs/ur_msgs
[5.378s] -- Up-to-date: /workspaces/aprs/aprs_ws/install/ur_msgs/include/ur_msgs/ur_msgs/srv
[5.378s] -- Up-to-date: /workspaces/aprs/aprs_ws/install/ur_msgs/include/ur_msgs/ur_msgs/srv/detail
[5.379s] -- Up-to-date: /workspaces/aprs/aprs_ws/install/ur_msgs/include/ur_msgs/ur_msgs/srv/detail/dds_fastrtps
[5.379s] -- Up-to-date: /workspaces/aprs/aprs_ws/install/ur_msgs/include/ur_msgs/ur_msgs/srv/detail/set_speed_slider_fraction__rosidl_typesupport_fastrtps_cpp.hpp
[5.379s] -- Up-to-date: /workspaces/aprs/aprs_ws/install/ur_msgs/include/ur_msgs/ur_msgs/srv/detail/set_payload__rosidl_typesupport_fastrtps_cpp.hpp
[5.379s] -- Up-to-date: /workspaces/aprs/aprs_ws/install/ur_msgs/include/ur_msgs/ur_msgs/srv/detail/set_io__rosidl_typesupport_fastrtps_cpp.hpp
[5.379s] -- Up-to-date: /workspaces/aprs/aprs_ws/install/ur_msgs/include/ur_msgs/ur_msgs/msg
[5.379s] -- Up-to-date: /workspaces/aprs/aprs_ws/install/ur_msgs/include/ur_msgs/ur_msgs/msg/detail
[5.379s] -- Up-to-date: /workspaces/aprs/aprs_ws/install/ur_msgs/include/ur_msgs/ur_msgs/msg/detail/dds_fastrtps
[5.379s] -- Up-to-date: /workspaces/aprs/aprs_ws/install/ur_msgs/include/ur_msgs/ur_msgs/msg/detail/robot_mode_data_msg__rosidl_typesupport_fastrtps_cpp.hpp
[5.379s] -- Up-to-date: /workspaces/aprs/aprs_ws/install/ur_msgs/include/ur_msgs/ur_msgs/msg/detail/io_states__rosidl_typesupport_fastrtps_cpp.hpp
[5.379s] -- Up-to-date: /workspaces/aprs/aprs_ws/install/ur_msgs/include/ur_msgs/ur_msgs/msg/detail/digital__rosidl_typesupport_fastrtps_cpp.hpp
[5.379s] -- Up-to-date: /workspaces/aprs/aprs_ws/install/ur_msgs/include/ur_msgs/ur_msgs/msg/detail/robot_state_rt_msg__rosidl_typesupport_fastrtps_cpp.hpp
[5.380s] -- Up-to-date: /workspaces/aprs/aprs_ws/install/ur_msgs/include/ur_msgs/ur_msgs/msg/detail/masterboard_data_msg__rosidl_typesupport_fastrtps_cpp.hpp
[5.380s] -- Up-to-date: /workspaces/aprs/aprs_ws/install/ur_msgs/include/ur_msgs/ur_msgs/msg/detail/tool_data_msg__rosidl_typesupport_fastrtps_cpp.hpp
[5.380s] -- Up-to-date: /workspaces/aprs/aprs_ws/install/ur_msgs/include/ur_msgs/ur_msgs/msg/detail/analog__rosidl_typesupport_fastrtps_cpp.hpp
[5.380s] -- Up-to-date: /workspaces/aprs/aprs_ws/install/ur_msgs/include/ur_msgs/ur_msgs/msg/rosidl_typesupport_fastrtps_cpp__visibility_control.h
[5.380s] -- Up-to-date: /workspaces/aprs/aprs_ws/install/ur_msgs/lib/libur_msgs__rosidl_typesupport_fastrtps_cpp.so
[5.380s] -- Up-to-date: /workspaces/aprs/aprs_ws/install/ur_msgs/include/ur_msgs/ur_msgs
[5.380s] -- Up-to-date: /workspaces/aprs/aprs_ws/install/ur_msgs/include/ur_msgs/ur_msgs/srv
[5.380s] -- Up-to-date: /workspaces/aprs/aprs_ws/install/ur_msgs/include/ur_msgs/ur_msgs/srv/detail
[5.380s] -- Up-to-date: /workspaces/aprs/aprs_ws/install/ur_msgs/include/ur_msgs/ur_msgs/srv/detail/set_io__type_support.c
[5.380s] -- Up-to-date: /workspaces/aprs/aprs_ws/install/ur_msgs/include/ur_msgs/ur_msgs/srv/detail/set_payload__type_support.c
[5.380s] -- Up-to-date: /workspaces/aprs/aprs_ws/install/ur_msgs/include/ur_msgs/ur_msgs/srv/detail/set_io__rosidl_typesupport_introspection_c.h
[5.381s] -- Up-to-date: /workspaces/aprs/aprs_ws/install/ur_msgs/include/ur_msgs/ur_msgs/srv/detail/set_speed_slider_fraction__type_support.c
[5.381s] -- Up-to-date: /workspaces/aprs/aprs_ws/install/ur_msgs/include/ur_msgs/ur_msgs/srv/detail/set_speed_slider_fraction__rosidl_typesupport_introspection_c.h
[5.381s] -- Up-to-date: /workspaces/aprs/aprs_ws/install/ur_msgs/include/ur_msgs/ur_msgs/srv/detail/set_payload__rosidl_typesupport_introspection_c.h
[5.381s] -- Up-to-date: /workspaces/aprs/aprs_ws/install/ur_msgs/include/ur_msgs/ur_msgs/msg
[5.381s] -- Up-to-date: /workspaces/aprs/aprs_ws/install/ur_msgs/include/ur_msgs/ur_msgs/msg/rosidl_typesupport_introspection_c__visibility_control.h
[5.381s] -- Up-to-date: /workspaces/aprs/aprs_ws/install/ur_msgs/include/ur_msgs/ur_msgs/msg/detail
[5.381s] -- Up-to-date: /workspaces/aprs/aprs_ws/install/ur_msgs/include/ur_msgs/ur_msgs/msg/detail/io_states__rosidl_typesupport_introspection_c.h
[5.381s] -- Up-to-date: /workspaces/aprs/aprs_ws/install/ur_msgs/include/ur_msgs/ur_msgs/msg/detail/analog__rosidl_typesupport_introspection_c.h
[5.381s] -- Up-to-date: /workspaces/aprs/aprs_ws/install/ur_msgs/include/ur_msgs/ur_msgs/msg/detail/tool_data_msg__type_support.c
[5.381s] -- Up-to-date: /workspaces/aprs/aprs_ws/install/ur_msgs/include/ur_msgs/ur_msgs/msg/detail/masterboard_data_msg__type_support.c
[5.381s] -- Up-to-date: /workspaces/aprs/aprs_ws/install/ur_msgs/include/ur_msgs/ur_msgs/msg/detail/digital__type_support.c
[5.382s] -- Up-to-date: /workspaces/aprs/aprs_ws/install/ur_msgs/include/ur_msgs/ur_msgs/msg/detail/digital__rosidl_typesupport_introspection_c.h
[5.382s] -- Up-to-date: /workspaces/aprs/aprs_ws/install/ur_msgs/include/ur_msgs/ur_msgs/msg/detail/analog__type_support.c
[5.382s] -- Up-to-date: /workspaces/aprs/aprs_ws/install/ur_msgs/include/ur_msgs/ur_msgs/msg/detail/robot_state_rt_msg__type_support.c
[5.382s] -- Up-to-date: /workspaces/aprs/aprs_ws/install/ur_msgs/include/ur_msgs/ur_msgs/msg/detail/tool_data_msg__rosidl_typesupport_introspection_c.h
[5.382s] -- Up-to-date: /workspaces/aprs/aprs_ws/install/ur_msgs/include/ur_msgs/ur_msgs/msg/detail/robot_mode_data_msg__rosidl_typesupport_introspection_c.h
[5.382s] -- Up-to-date: /workspaces/aprs/aprs_ws/install/ur_msgs/include/ur_msgs/ur_msgs/msg/detail/robot_state_rt_msg__rosidl_typesupport_introspection_c.h
[5.382s] -- Up-to-date: /workspaces/aprs/aprs_ws/install/ur_msgs/include/ur_msgs/ur_msgs/msg/detail/robot_mode_data_msg__type_support.c
[5.383s] -- Up-to-date: /workspaces/aprs/aprs_ws/install/ur_msgs/include/ur_msgs/ur_msgs/msg/detail/masterboard_data_msg__rosidl_typesupport_introspection_c.h
[5.383s] -- Up-to-date: /workspaces/aprs/aprs_ws/install/ur_msgs/include/ur_msgs/ur_msgs/msg/detail/io_states__type_support.c
[5.383s] -- Up-to-date: /workspaces/aprs/aprs_ws/install/ur_msgs/lib/libur_msgs__rosidl_typesupport_introspection_c.so
[5.384s] -- Up-to-date: /workspaces/aprs/aprs_ws/install/ur_msgs/lib/libur_msgs__rosidl_typesupport_c.so
[5.384s] -- Up-to-date: /workspaces/aprs/aprs_ws/install/ur_msgs/include/ur_msgs/ur_msgs
[5.392s] -- Up-to-date: /workspaces/aprs/aprs_ws/install/ur_msgs/include/ur_msgs/ur_msgs/srv
[5.393s] -- Up-to-date: /workspaces/aprs/aprs_ws/install/ur_msgs/include/ur_msgs/ur_msgs/srv/detail
[5.402s] -- Up-to-date: /workspaces/aprs/aprs_ws/install/ur_msgs/include/ur_msgs/ur_msgs/srv/detail/set_speed_slider_fraction__type_support.cpp
[5.403s] -- Up-to-date: /workspaces/aprs/aprs_ws/install/ur_msgs/include/ur_msgs/ur_msgs/srv/detail/set_speed_slider_fraction__rosidl_typesupport_introspection_cpp.hpp
[5.403s] -- Up-to-date: /workspaces/aprs/aprs_ws/install/ur_msgs/include/ur_msgs/ur_msgs/srv/detail/set_payload__rosidl_typesupport_introspection_cpp.hpp
[5.403s] -- Up-to-date: /workspaces/aprs/aprs_ws/install/ur_msgs/include/ur_msgs/ur_msgs/srv/detail/set_io__rosidl_typesupport_introspection_cpp.hpp
[5.403s] -- Up-to-date: /workspaces/aprs/aprs_ws/install/ur_msgs/include/ur_msgs/ur_msgs/srv/detail/set_io__type_support.cpp
[5.406s] -- Up-to-date: /workspaces/aprs/aprs_ws/install/ur_msgs/include/ur_msgs/ur_msgs/srv/detail/set_payload__type_support.cpp
[5.406s] -- Up-to-date: /workspaces/aprs/aprs_ws/install/ur_msgs/include/ur_msgs/ur_msgs/msg
[5.407s] -- Up-to-date: /workspaces/aprs/aprs_ws/install/ur_msgs/include/ur_msgs/ur_msgs/msg/detail
[5.408s] -- Up-to-date: /workspaces/aprs/aprs_ws/install/ur_msgs/include/ur_msgs/ur_msgs/msg/detail/digital__rosidl_typesupport_introspection_cpp.hpp
[5.408s] -- Up-to-date: /workspaces/aprs/aprs_ws/install/ur_msgs/include/ur_msgs/ur_msgs/msg/detail/masterboard_data_msg__rosidl_typesupport_introspection_cpp.hpp
[5.409s] -- Up-to-date: /workspaces/aprs/aprs_ws/install/ur_msgs/include/ur_msgs/ur_msgs/msg/detail/digital__type_support.cpp
[5.409s] -- Up-to-date: /workspaces/aprs/aprs_ws/install/ur_msgs/include/ur_msgs/ur_msgs/msg/detail/io_states__rosidl_typesupport_introspection_cpp.hpp
[5.409s] -- Up-to-date: /workspaces/aprs/aprs_ws/install/ur_msgs/include/ur_msgs/ur_msgs/msg/detail/masterboard_data_msg__type_support.cpp
[5.409s] -- Up-to-date: /workspaces/aprs/aprs_ws/install/ur_msgs/include/ur_msgs/ur_msgs/msg/detail/analog__type_support.cpp
[5.410s] -- Up-to-date: /workspaces/aprs/aprs_ws/install/ur_msgs/include/ur_msgs/ur_msgs/msg/detail/robot_state_rt_msg__type_support.cpp
[5.410s] -- Up-to-date: /workspaces/aprs/aprs_ws/install/ur_msgs/include/ur_msgs/ur_msgs/msg/detail/analog__rosidl_typesupport_introspection_cpp.hpp
[5.410s] -- Up-to-date: /workspaces/aprs/aprs_ws/install/ur_msgs/include/ur_msgs/ur_msgs/msg/detail/robot_mode_data_msg__rosidl_typesupport_introspection_cpp.hpp
[5.410s] -- Up-to-date: /workspaces/aprs/aprs_ws/install/ur_msgs/include/ur_msgs/ur_msgs/msg/detail/tool_data_msg__type_support.cpp
[5.410s] -- Up-to-date: /workspaces/aprs/aprs_ws/install/ur_msgs/include/ur_msgs/ur_msgs/msg/detail/tool_data_msg__rosidl_typesupport_introspection_cpp.hpp
[5.411s] -- Up-to-date: /workspaces/aprs/aprs_ws/install/ur_msgs/include/ur_msgs/ur_msgs/msg/detail/io_states__type_support.cpp
[5.411s] -- Up-to-date: /workspaces/aprs/aprs_ws/install/ur_msgs/include/ur_msgs/ur_msgs/msg/detail/robot_mode_data_msg__type_support.cpp
[5.411s] -- Up-to-date: /workspaces/aprs/aprs_ws/install/ur_msgs/include/ur_msgs/ur_msgs/msg/detail/robot_state_rt_msg__rosidl_typesupport_introspection_cpp.hpp
[5.411s] -- Up-to-date: /workspaces/aprs/aprs_ws/install/ur_msgs/lib/libur_msgs__rosidl_typesupport_introspection_cpp.so
[5.411s] -- Up-to-date: /workspaces/aprs/aprs_ws/install/ur_msgs/lib/libur_msgs__rosidl_typesupport_cpp.so
[5.411s] -- Up-to-date: /workspaces/aprs/aprs_ws/install/ur_msgs/share/ur_msgs/environment/pythonpath.sh
[5.411s] -- Up-to-date: /workspaces/aprs/aprs_ws/install/ur_msgs/share/ur_msgs/environment/pythonpath.dsv
[5.411s] -- Up-to-date: /workspaces/aprs/aprs_ws/install/ur_msgs/local/lib/python3.10/dist-packages/ur_msgs-2.0.0-py3.10.egg-info
[5.411s] -- Installing: /workspaces/aprs/aprs_ws/install/ur_msgs/local/lib/python3.10/dist-packages/ur_msgs-2.0.0-py3.10.egg-info/dependency_links.txt
[5.411s] -- Installing: /workspaces/aprs/aprs_ws/install/ur_msgs/local/lib/python3.10/dist-packages/ur_msgs-2.0.0-py3.10.egg-info/top_level.txt
[5.411s] -- Installing: /workspaces/aprs/aprs_ws/install/ur_msgs/local/lib/python3.10/dist-packages/ur_msgs-2.0.0-py3.10.egg-info/PKG-INFO
[5.411s] -- Installing: /workspaces/aprs/aprs_ws/install/ur_msgs/local/lib/python3.10/dist-packages/ur_msgs-2.0.0-py3.10.egg-info/SOURCES.txt
[5.412s] -- Up-to-date: /workspaces/aprs/aprs_ws/install/ur_msgs/local/lib/python3.10/dist-packages/ur_msgs
[5.412s] -- Up-to-date: /workspaces/aprs/aprs_ws/install/ur_msgs/local/lib/python3.10/dist-packages/ur_msgs/srv
[5.412s] -- Up-to-date: /workspaces/aprs/aprs_ws/install/ur_msgs/local/lib/python3.10/dist-packages/ur_msgs/srv/_set_io.py
[5.413s] -- Up-to-date: /workspaces/aprs/aprs_ws/install/ur_msgs/local/lib/python3.10/dist-packages/ur_msgs/srv/_set_speed_slider_fraction.py
[5.413s] -- Up-to-date: /workspaces/aprs/aprs_ws/install/ur_msgs/local/lib/python3.10/dist-packages/ur_msgs/srv/_set_payload_s.c
[5.413s] -- Up-to-date: /workspaces/aprs/aprs_ws/install/ur_msgs/local/lib/python3.10/dist-packages/ur_msgs/srv/_set_speed_slider_fraction_s.c
[5.414s] -- Up-to-date: /workspaces/aprs/aprs_ws/install/ur_msgs/local/lib/python3.10/dist-packages/ur_msgs/srv/_set_io_s.c
[5.414s] -- Up-to-date: /workspaces/aprs/aprs_ws/install/ur_msgs/local/lib/python3.10/dist-packages/ur_msgs/srv/__init__.py
[5.414s] -- Up-to-date: /workspaces/aprs/aprs_ws/install/ur_msgs/local/lib/python3.10/dist-packages/ur_msgs/srv/_set_payload.py
[5.414s] -- Up-to-date: /workspaces/aprs/aprs_ws/install/ur_msgs/local/lib/python3.10/dist-packages/ur_msgs/ur_msgs_s__rosidl_typesupport_fastrtps_c.cpython-310-x86_64-linux-gnu.so
[5.414s] -- Up-to-date: /workspaces/aprs/aprs_ws/install/ur_msgs/local/lib/python3.10/dist-packages/ur_msgs/_ur_msgs_s.ep.rosidl_typesupport_introspection_c.c
[5.415s] -- Up-to-date: /workspaces/aprs/aprs_ws/install/ur_msgs/local/lib/python3.10/dist-packages/ur_msgs/_ur_msgs_s.ep.rosidl_typesupport_fastrtps_c.c
[5.415s] -- Up-to-date: /workspaces/aprs/aprs_ws/install/ur_msgs/local/lib/python3.10/dist-packages/ur_msgs/_ur_msgs_s.ep.rosidl_typesupport_c.c
[5.415s] -- Up-to-date: /workspaces/aprs/aprs_ws/install/ur_msgs/local/lib/python3.10/dist-packages/ur_msgs/ur_msgs_s__rosidl_typesupport_introspection_c.cpython-310-x86_64-linux-gnu.so
[5.415s] -- Up-to-date: /workspaces/aprs/aprs_ws/install/ur_msgs/local/lib/python3.10/dist-packages/ur_msgs/ur_msgs_s__rosidl_typesupport_c.cpython-310-x86_64-linux-gnu.so
[5.415s] -- Up-to-date: /workspaces/aprs/aprs_ws/install/ur_msgs/local/lib/python3.10/dist-packages/ur_msgs/libur_msgs__rosidl_generator_py.so
[5.416s] -- Up-to-date: /workspaces/aprs/aprs_ws/install/ur_msgs/local/lib/python3.10/dist-packages/ur_msgs/__init__.py
[5.416s] -- Up-to-date: /workspaces/aprs/aprs_ws/install/ur_msgs/local/lib/python3.10/dist-packages/ur_msgs/msg
[5.416s] -- Up-to-date: /workspaces/aprs/aprs_ws/install/ur_msgs/local/lib/python3.10/dist-packages/ur_msgs/msg/_tool_data_msg_s.c
[5.416s] -- Up-to-date: /workspaces/aprs/aprs_ws/install/ur_msgs/local/lib/python3.10/dist-packages/ur_msgs/msg/_io_states.py
[5.417s] -- Up-to-date: /workspaces/aprs/aprs_ws/install/ur_msgs/local/lib/python3.10/dist-packages/ur_msgs/msg/_digital_s.c
[5.417s] -- Up-to-date: /workspaces/aprs/aprs_ws/install/ur_msgs/local/lib/python3.10/dist-packages/ur_msgs/msg/_robot_mode_data_msg_s.c
[5.417s] -- Up-to-date: /workspaces/aprs/aprs_ws/install/ur_msgs/local/lib/python3.10/dist-packages/ur_msgs/msg/_analog.py
[5.417s] -- Up-to-date: /workspaces/aprs/aprs_ws/install/ur_msgs/local/lib/python3.10/dist-packages/ur_msgs/msg/_masterboard_data_msg_s.c
[5.417s] -- Up-to-date: /workspaces/aprs/aprs_ws/install/ur_msgs/local/lib/python3.10/dist-packages/ur_msgs/msg/_io_states_s.c
[5.418s] -- Up-to-date: /workspaces/aprs/aprs_ws/install/ur_msgs/local/lib/python3.10/dist-packages/ur_msgs/msg/_masterboard_data_msg.py
[5.418s] -- Up-to-date: /workspaces/aprs/aprs_ws/install/ur_msgs/local/lib/python3.10/dist-packages/ur_msgs/msg/_tool_data_msg.py
[5.418s] -- Up-to-date: /workspaces/aprs/aprs_ws/install/ur_msgs/local/lib/python3.10/dist-packages/ur_msgs/msg/_robot_mode_data_msg.py
[5.418s] -- Up-to-date: /workspaces/aprs/aprs_ws/install/ur_msgs/local/lib/python3.10/dist-packages/ur_msgs/msg/_analog_s.c
[5.418s] -- Up-to-date: /workspaces/aprs/aprs_ws/install/ur_msgs/local/lib/python3.10/dist-packages/ur_msgs/msg/_digital.py
[5.418s] -- Up-to-date: /workspaces/aprs/aprs_ws/install/ur_msgs/local/lib/python3.10/dist-packages/ur_msgs/msg/_robot_state_rt_msg_s.c
[5.418s] -- Up-to-date: /workspaces/aprs/aprs_ws/install/ur_msgs/local/lib/python3.10/dist-packages/ur_msgs/msg/__init__.py
[5.419s] -- Up-to-date: /workspaces/aprs/aprs_ws/install/ur_msgs/local/lib/python3.10/dist-packages/ur_msgs/msg/_robot_state_rt_msg.py
[5.423s] Listing '/workspaces/aprs/aprs_ws/install/ur_msgs/local/lib/python3.10/dist-packages/ur_msgs'...
[5.424s] Listing '/workspaces/aprs/aprs_ws/install/ur_msgs/local/lib/python3.10/dist-packages/ur_msgs/msg'...
[5.424s] Listing '/workspaces/aprs/aprs_ws/install/ur_msgs/local/lib/python3.10/dist-packages/ur_msgs/srv'...
[5.424s] -- Up-to-date: /workspaces/aprs/aprs_ws/install/ur_msgs/local/lib/python3.10/dist-packages/ur_msgs/ur_msgs_s__rosidl_typesupport_fastrtps_c.cpython-310-x86_64-linux-gnu.so
[5.425s] -- Up-to-date: /workspaces/aprs/aprs_ws/install/ur_msgs/local/lib/python3.10/dist-packages/ur_msgs/ur_msgs_s__rosidl_typesupport_introspection_c.cpython-310-x86_64-linux-gnu.so
[5.425s] -- Up-to-date: /workspaces/aprs/aprs_ws/install/ur_msgs/local/lib/python3.10/dist-packages/ur_msgs/ur_msgs_s__rosidl_typesupport_c.cpython-310-x86_64-linux-gnu.so
[5.426s] -- Up-to-date: /workspaces/aprs/aprs_ws/install/ur_msgs/lib/libur_msgs__rosidl_generator_py.so
[5.426s] -- Up-to-date: /workspaces/aprs/aprs_ws/install/ur_msgs/share/ur_msgs/msg/Analog.idl
[5.426s] -- Up-to-date: /workspaces/aprs/aprs_ws/install/ur_msgs/share/ur_msgs/msg/Digital.idl
[5.427s] -- Up-to-date: /workspaces/aprs/aprs_ws/install/ur_msgs/share/ur_msgs/msg/IOStates.idl
[5.428s] -- Up-to-date: /workspaces/aprs/aprs_ws/install/ur_msgs/share/ur_msgs/msg/RobotStateRTMsg.idl
[5.428s] -- Up-to-date: /workspaces/aprs/aprs_ws/install/ur_msgs/share/ur_msgs/msg/MasterboardDataMsg.idl
[5.429s] -- Up-to-date: /workspaces/aprs/aprs_ws/install/ur_msgs/share/ur_msgs/msg/RobotModeDataMsg.idl
[5.429s] -- Up-to-date: /workspaces/aprs/aprs_ws/install/ur_msgs/share/ur_msgs/msg/ToolDataMsg.idl
[5.430s] -- Up-to-date: /workspaces/aprs/aprs_ws/install/ur_msgs/share/ur_msgs/srv/SetPayload.idl
[5.430s] -- Up-to-date: /workspaces/aprs/aprs_ws/install/ur_msgs/share/ur_msgs/srv/SetSpeedSliderFraction.idl
[5.430s] -- Up-to-date: /workspaces/aprs/aprs_ws/install/ur_msgs/share/ur_msgs/srv/SetIO.idl
[5.433s] -- Up-to-date: /workspaces/aprs/aprs_ws/install/ur_msgs/share/ur_msgs/msg/Analog.msg
[5.433s] -- Up-to-date: /workspaces/aprs/aprs_ws/install/ur_msgs/share/ur_msgs/msg/Digital.msg
[5.433s] -- Up-to-date: /workspaces/aprs/aprs_ws/install/ur_msgs/share/ur_msgs/msg/IOStates.msg
[5.433s] -- Up-to-date: /workspaces/aprs/aprs_ws/install/ur_msgs/share/ur_msgs/msg/RobotStateRTMsg.msg
[5.433s] -- Up-to-date: /workspaces/aprs/aprs_ws/install/ur_msgs/share/ur_msgs/msg/MasterboardDataMsg.msg
[5.433s] -- Up-to-date: /workspaces/aprs/aprs_ws/install/ur_msgs/share/ur_msgs/msg/RobotModeDataMsg.msg
[5.433s] -- Up-to-date: /workspaces/aprs/aprs_ws/install/ur_msgs/share/ur_msgs/msg/ToolDataMsg.msg
[5.434s] -- Up-to-date: /workspaces/aprs/aprs_ws/install/ur_msgs/share/ur_msgs/srv/SetPayload.srv
[5.434s] -- Up-to-date: /workspaces/aprs/aprs_ws/install/ur_msgs/share/ur_msgs/srv/SetPayload_Request.msg
[5.434s] -- Up-to-date: /workspaces/aprs/aprs_ws/install/ur_msgs/share/ur_msgs/srv/SetPayload_Response.msg
[5.434s] -- Up-to-date: /workspaces/aprs/aprs_ws/install/ur_msgs/share/ur_msgs/srv/SetSpeedSliderFraction.srv
[5.434s] -- Up-to-date: /workspaces/aprs/aprs_ws/install/ur_msgs/share/ur_msgs/srv/SetSpeedSliderFraction_Request.msg
[5.434s] -- Up-to-date: /workspaces/aprs/aprs_ws/install/ur_msgs/share/ur_msgs/srv/SetSpeedSliderFraction_Response.msg
[5.434s] -- Up-to-date: /workspaces/aprs/aprs_ws/install/ur_msgs/share/ur_msgs/srv/SetIO.srv
[5.434s] -- Up-to-date: /workspaces/aprs/aprs_ws/install/ur_msgs/share/ur_msgs/srv/SetIO_Request.msg
[5.434s] -- Up-to-date: /workspaces/aprs/aprs_ws/install/ur_msgs/share/ur_msgs/srv/SetIO_Response.msg
[5.434s] -- Up-to-date: /workspaces/aprs/aprs_ws/install/ur_msgs/share/ament_index/resource_index/package_run_dependencies/ur_msgs
[5.434s] -- Up-to-date: /workspaces/aprs/aprs_ws/install/ur_msgs/share/ament_index/resource_index/parent_prefix_path/ur_msgs
[5.434s] -- Up-to-date: /workspaces/aprs/aprs_ws/install/ur_msgs/share/ur_msgs/environment/ament_prefix_path.sh
[5.435s] -- Up-to-date: /workspaces/aprs/aprs_ws/install/ur_msgs/share/ur_msgs/environment/ament_prefix_path.dsv
[5.435s] -- Up-to-date: /workspaces/aprs/aprs_ws/install/ur_msgs/share/ur_msgs/environment/path.sh
[5.435s] -- Up-to-date: /workspaces/aprs/aprs_ws/install/ur_msgs/share/ur_msgs/environment/path.dsv
[5.435s] -- Up-to-date: /workspaces/aprs/aprs_ws/install/ur_msgs/share/ur_msgs/local_setup.bash
[5.435s] -- Up-to-date: /workspaces/aprs/aprs_ws/install/ur_msgs/share/ur_msgs/local_setup.sh
[5.435s] -- Up-to-date: /workspaces/aprs/aprs_ws/install/ur_msgs/share/ur_msgs/local_setup.zsh
[5.435s] -- Up-to-date: /workspaces/aprs/aprs_ws/install/ur_msgs/share/ur_msgs/local_setup.dsv
[5.435s] -- Installing: /workspaces/aprs/aprs_ws/install/ur_msgs/share/ur_msgs/package.dsv
[5.435s] -- Up-to-date: /workspaces/aprs/aprs_ws/install/ur_msgs/share/ament_index/resource_index/packages/ur_msgs
[5.435s] -- Up-to-date: /workspaces/aprs/aprs_ws/install/ur_msgs/share/ur_msgs/cmake/export_ur_msgs__rosidl_generator_cExport.cmake
[5.435s] -- Up-to-date: /workspaces/aprs/aprs_ws/install/ur_msgs/share/ur_msgs/cmake/export_ur_msgs__rosidl_generator_cExport-noconfig.cmake
[5.436s] -- Up-to-date: /workspaces/aprs/aprs_ws/install/ur_msgs/share/ur_msgs/cmake/export_ur_msgs__rosidl_typesupport_fastrtps_cExport.cmake
[5.436s] -- Up-to-date: /workspaces/aprs/aprs_ws/install/ur_msgs/share/ur_msgs/cmake/export_ur_msgs__rosidl_typesupport_fastrtps_cExport-noconfig.cmake
[5.436s] -- Up-to-date: /workspaces/aprs/aprs_ws/install/ur_msgs/share/ur_msgs/cmake/export_ur_msgs__rosidl_generator_cppExport.cmake
[5.436s] -- Up-to-date: /workspaces/aprs/aprs_ws/install/ur_msgs/share/ur_msgs/cmake/export_ur_msgs__rosidl_typesupport_fastrtps_cppExport.cmake
[5.436s] -- Up-to-date: /workspaces/aprs/aprs_ws/install/ur_msgs/share/ur_msgs/cmake/export_ur_msgs__rosidl_typesupport_fastrtps_cppExport-noconfig.cmake
[5.436s] -- Up-to-date: /workspaces/aprs/aprs_ws/install/ur_msgs/share/ur_msgs/cmake/ur_msgs__rosidl_typesupport_introspection_cExport.cmake
[5.436s] -- Up-to-date: /workspaces/aprs/aprs_ws/install/ur_msgs/share/ur_msgs/cmake/ur_msgs__rosidl_typesupport_introspection_cExport-noconfig.cmake
[5.436s] -- Up-to-date: /workspaces/aprs/aprs_ws/install/ur_msgs/share/ur_msgs/cmake/ur_msgs__rosidl_typesupport_cExport.cmake
[5.436s] -- Up-to-date: /workspaces/aprs/aprs_ws/install/ur_msgs/share/ur_msgs/cmake/ur_msgs__rosidl_typesupport_cExport-noconfig.cmake
[5.436s] -- Up-to-date: /workspaces/aprs/aprs_ws/install/ur_msgs/share/ur_msgs/cmake/ur_msgs__rosidl_typesupport_introspection_cppExport.cmake
[5.436s] -- Up-to-date: /workspaces/aprs/aprs_ws/install/ur_msgs/share/ur_msgs/cmake/ur_msgs__rosidl_typesupport_introspection_cppExport-noconfig.cmake
[5.436s] -- Up-to-date: /workspaces/aprs/aprs_ws/install/ur_msgs/share/ur_msgs/cmake/ur_msgs__rosidl_typesupport_cppExport.cmake
[5.436s] -- Up-to-date: /workspaces/aprs/aprs_ws/install/ur_msgs/share/ur_msgs/cmake/ur_msgs__rosidl_typesupport_cppExport-noconfig.cmake
[5.437s] -- Up-to-date: /workspaces/aprs/aprs_ws/install/ur_msgs/share/ur_msgs/cmake/export_ur_msgs__rosidl_generator_pyExport.cmake
[5.437s] -- Up-to-date: /workspaces/aprs/aprs_ws/install/ur_msgs/share/ur_msgs/cmake/export_ur_msgs__rosidl_generator_pyExport-noconfig.cmake
[5.437s] -- Up-to-date: /workspaces/aprs/aprs_ws/install/ur_msgs/share/ur_msgs/cmake/rosidl_cmake-extras.cmake
[5.437s] -- Up-to-date: /workspaces/aprs/aprs_ws/install/ur_msgs/share/ur_msgs/cmake/ament_cmake_export_dependencies-extras.cmake
[5.437s] -- Up-to-date: /workspaces/aprs/aprs_ws/install/ur_msgs/share/ur_msgs/cmake/ament_cmake_export_include_directories-extras.cmake
[5.437s] -- Up-to-date: /workspaces/aprs/aprs_ws/install/ur_msgs/share/ur_msgs/cmake/ament_cmake_export_libraries-extras.cmake
[5.437s] -- Up-to-date: /workspaces/aprs/aprs_ws/install/ur_msgs/share/ur_msgs/cmake/ament_cmake_export_targets-extras.cmake
[5.438s] -- Up-to-date: /workspaces/aprs/aprs_ws/install/ur_msgs/share/ur_msgs/cmake/rosidl_cmake_export_typesupport_targets-extras.cmake
[5.438s] -- Up-to-date: /workspaces/aprs/aprs_ws/install/ur_msgs/share/ur_msgs/cmake/rosidl_cmake_export_typesupport_libraries-extras.cmake
[5.438s] -- Up-to-date: /workspaces/aprs/aprs_ws/install/ur_msgs/share/ur_msgs/cmake/ur_msgsConfig.cmake
[5.438s] -- Up-to-date: /workspaces/aprs/aprs_ws/install/ur_msgs/share/ur_msgs/cmake/ur_msgsConfig-version.cmake
[5.439s] -- Up-to-date: /workspaces/aprs/aprs_ws/install/ur_msgs/share/ur_msgs/package.xml
[5.847s] Invoked command in '/workspaces/aprs/aprs_ws/build/ur_msgs' returned '0': CMAKE_PREFIX_PATH=${CMAKE_PREFIX_PATH}:/opt/ros/humble /usr/bin/cmake --install /workspaces/aprs/aprs_ws/build/ur_msgs
