[0.310s] Invoking command in '/workspaces/aprs/aprs_ws/build/motoman_moveit_config': CMAKE_PREFIX_PATH=/workspaces/aprs/aprs_ws/install/ur_description:/workspaces/aprs/aprs_ws/install/worlds:/workspaces/aprs/aprs_ws/install/workbench_description:/workspaces/aprs/aprs_ws/install/vaccum_description:/workspaces/aprs/aprs_ws/install/ur_setup:/workspaces/aprs/aprs_ws/install/ur:/workspaces/aprs/aprs_ws/install/ur_calibration:/workspaces/aprs/aprs_ws/install/ur_robot_driver:/workspaces/aprs/aprs_ws/install/ur_bringup:/workspaces/aprs/aprs_ws/install/ur_controllers:/workspaces/aprs/aprs_ws/install/ur_msgs:/workspaces/aprs/aprs_ws/install/ur_moveit_config:/workspaces/aprs/aprs_ws/install/ur_gz:/workspaces/aprs/aprs_ws/install/ur_description__:/workspaces/aprs/aprs_ws/install/ur5e_moveit_config:/workspaces/aprs/aprs_ws/install/panda_moveit_config:/workspaces/aprs/aprs_ws/install/motoman_moveit_config:/workspaces/aprs/aprs_ws/install/fanuc_moveit_config:/workspaces/aprs/aprs_ws/install/aprs_moveit_config:/workspaces/aprs/aprs_ws/install/ur_dashboard_msgs:/workspaces/aprs/aprs_ws/install/ur_client_library:/workspaces/aprs/aprs_ws/install/table_description:/workspaces/aprs/aprs_ws/install/ros_gz_example_gazebo:/workspaces/aprs/aprs_ws/install/point_cloud:/workspaces/aprs/aprs_ws/install/realsense2_description:/workspaces/aprs/aprs_ws/install/panda_description:/workspaces/aprs/aprs_ws/install/motoman_gz:/workspaces/aprs/aprs_ws/install/motoman_description:/workspaces/aprs/aprs_ws/install/ign_ros2_control_demos:/workspaces/aprs/aprs_ws/install/gz_ros2_control_tests:/workspaces/aprs/aprs_ws/install/ign_ros2_control:/workspaces/aprs/aprs_ws/install/franka_setup:/workspaces/aprs/aprs_ws/install/franka_gz:/workspaces/aprs/aprs_ws/install/fanuc_gz:/workspaces/aprs/aprs_ws/install/fanuc_description:/workspaces/aprs/aprs_ws/install/camera_mount:/workspaces/aprs/aprs_ws/install/aprs_lab:/workspaces/aprs/aprs_ws/install/aprs_gazebo:/opt/ros/humble /usr/bin/cmake --build /workspaces/aprs/aprs_ws/build/motoman_moveit_config -- -j16 -l16
[0.471s] Built target ament_cmake_python_copy_motoman_moveit_config
[0.840s] running install_scripts
[0.840s] /usr/lib/python3/dist-packages/setuptools/command/install.py:34: SetuptoolsDeprecationWarning: setup.py install is deprecated. Use build and pip and other standards-based tools.
[0.840s]   warnings.warn(
[0.840s] running egg_info
[0.840s] writing motoman_moveit_config.egg-info/PKG-INFO
[0.840s] writing dependency_links to motoman_moveit_config.egg-info/dependency_links.txt
[0.840s] writing top-level names to motoman_moveit_config.egg-info/top_level.txt
[0.841s] reading manifest file 'motoman_moveit_config.egg-info/SOURCES.txt'
[0.841s] writing manifest file 'motoman_moveit_config.egg-info/SOURCES.txt'
[0.841s] running egg_info
[0.841s] writing motoman_moveit_config.egg-info/PKG-INFO
[0.841s] writing dependency_links to motoman_moveit_config.egg-info/dependency_links.txt
[0.841s] writing top-level names to motoman_moveit_config.egg-info/top_level.txt
[0.841s] reading manifest file 'motoman_moveit_config.egg-info/SOURCES.txt'
[0.841s] writing manifest file 'motoman_moveit_config.egg-info/SOURCES.txt'
[0.842s] Built target ament_cmake_python_build_motoman_moveit_config_egg
[0.842s] Built target ament_cmake_python_build_motoman_moveit_config_scripts
[1.191s] Invoked command in '/workspaces/aprs/aprs_ws/build/motoman_moveit_config' returned '0': CMAKE_PREFIX_PATH=/workspaces/aprs/aprs_ws/install/ur_description:/workspaces/aprs/aprs_ws/install/worlds:/workspaces/aprs/aprs_ws/install/workbench_description:/workspaces/aprs/aprs_ws/install/vaccum_description:/workspaces/aprs/aprs_ws/install/ur_setup:/workspaces/aprs/aprs_ws/install/ur:/workspaces/aprs/aprs_ws/install/ur_calibration:/workspaces/aprs/aprs_ws/install/ur_robot_driver:/workspaces/aprs/aprs_ws/install/ur_bringup:/workspaces/aprs/aprs_ws/install/ur_controllers:/workspaces/aprs/aprs_ws/install/ur_msgs:/workspaces/aprs/aprs_ws/install/ur_moveit_config:/workspaces/aprs/aprs_ws/install/ur_gz:/workspaces/aprs/aprs_ws/install/ur_description__:/workspaces/aprs/aprs_ws/install/ur5e_moveit_config:/workspaces/aprs/aprs_ws/install/panda_moveit_config:/workspaces/aprs/aprs_ws/install/motoman_moveit_config:/workspaces/aprs/aprs_ws/install/fanuc_moveit_config:/workspaces/aprs/aprs_ws/install/aprs_moveit_config:/workspaces/aprs/aprs_ws/install/ur_dashboard_msgs:/workspaces/aprs/aprs_ws/install/ur_client_library:/workspaces/aprs/aprs_ws/install/table_description:/workspaces/aprs/aprs_ws/install/ros_gz_example_gazebo:/workspaces/aprs/aprs_ws/install/point_cloud:/workspaces/aprs/aprs_ws/install/realsense2_description:/workspaces/aprs/aprs_ws/install/panda_description:/workspaces/aprs/aprs_ws/install/motoman_gz:/workspaces/aprs/aprs_ws/install/motoman_description:/workspaces/aprs/aprs_ws/install/ign_ros2_control_demos:/workspaces/aprs/aprs_ws/install/gz_ros2_control_tests:/workspaces/aprs/aprs_ws/install/ign_ros2_control:/workspaces/aprs/aprs_ws/install/franka_setup:/workspaces/aprs/aprs_ws/install/franka_gz:/workspaces/aprs/aprs_ws/install/fanuc_gz:/workspaces/aprs/aprs_ws/install/fanuc_description:/workspaces/aprs/aprs_ws/install/camera_mount:/workspaces/aprs/aprs_ws/install/aprs_lab:/workspaces/aprs/aprs_ws/install/aprs_gazebo:/opt/ros/humble /usr/bin/cmake --build /workspaces/aprs/aprs_ws/build/motoman_moveit_config -- -j16 -l16
[2.009s] Invoking command in '/workspaces/aprs/aprs_ws/build/motoman_moveit_config': CMAKE_PREFIX_PATH=/workspaces/aprs/aprs_ws/install/ur_description:/workspaces/aprs/aprs_ws/install/worlds:/workspaces/aprs/aprs_ws/install/workbench_description:/workspaces/aprs/aprs_ws/install/vaccum_description:/workspaces/aprs/aprs_ws/install/ur_setup:/workspaces/aprs/aprs_ws/install/ur:/workspaces/aprs/aprs_ws/install/ur_calibration:/workspaces/aprs/aprs_ws/install/ur_robot_driver:/workspaces/aprs/aprs_ws/install/ur_bringup:/workspaces/aprs/aprs_ws/install/ur_controllers:/workspaces/aprs/aprs_ws/install/ur_msgs:/workspaces/aprs/aprs_ws/install/ur_moveit_config:/workspaces/aprs/aprs_ws/install/ur_gz:/workspaces/aprs/aprs_ws/install/ur_description__:/workspaces/aprs/aprs_ws/install/ur5e_moveit_config:/workspaces/aprs/aprs_ws/install/panda_moveit_config:/workspaces/aprs/aprs_ws/install/motoman_moveit_config:/workspaces/aprs/aprs_ws/install/fanuc_moveit_config:/workspaces/aprs/aprs_ws/install/aprs_moveit_config:/workspaces/aprs/aprs_ws/install/ur_dashboard_msgs:/workspaces/aprs/aprs_ws/install/ur_client_library:/workspaces/aprs/aprs_ws/install/table_description:/workspaces/aprs/aprs_ws/install/ros_gz_example_gazebo:/workspaces/aprs/aprs_ws/install/point_cloud:/workspaces/aprs/aprs_ws/install/realsense2_description:/workspaces/aprs/aprs_ws/install/panda_description:/workspaces/aprs/aprs_ws/install/motoman_gz:/workspaces/aprs/aprs_ws/install/motoman_description:/workspaces/aprs/aprs_ws/install/ign_ros2_control_demos:/workspaces/aprs/aprs_ws/install/gz_ros2_control_tests:/workspaces/aprs/aprs_ws/install/ign_ros2_control:/workspaces/aprs/aprs_ws/install/franka_setup:/workspaces/aprs/aprs_ws/install/franka_gz:/workspaces/aprs/aprs_ws/install/fanuc_gz:/workspaces/aprs/aprs_ws/install/fanuc_description:/workspaces/aprs/aprs_ws/install/camera_mount:/workspaces/aprs/aprs_ws/install/aprs_lab:/workspaces/aprs/aprs_ws/install/aprs_gazebo:/opt/ros/humble /usr/bin/cmake --install /workspaces/aprs/aprs_ws/build/motoman_moveit_config
[2.026s] -- Install configuration: ""
[2.026s] -- Up-to-date: /workspaces/aprs/aprs_ws/install/motoman_moveit_config/share/motoman_moveit_config/config
[2.026s] -- Up-to-date: /workspaces/aprs/aprs_ws/install/motoman_moveit_config/share/motoman_moveit_config/config/controller.yaml
[2.026s] -- Up-to-date: /workspaces/aprs/aprs_ws/install/motoman_moveit_config/share/motoman_moveit_config/config/ompl_planning.yaml
[2.027s] -- Up-to-date: /workspaces/aprs/aprs_ws/install/motoman_moveit_config/share/motoman_moveit_config/config/joint_limits.yaml
[2.027s] -- Up-to-date: /workspaces/aprs/aprs_ws/install/motoman_moveit_config/share/motoman_moveit_config/config/kinematics.yaml
[2.027s] -- Up-to-date: /workspaces/aprs/aprs_ws/install/motoman_moveit_config/share/motoman_moveit_config/launch
[2.027s] -- Up-to-date: /workspaces/aprs/aprs_ws/install/motoman_moveit_config/share/motoman_moveit_config/launch/motoman_moveit.launch.py
[2.027s] -- Up-to-date: /workspaces/aprs/aprs_ws/install/motoman_moveit_config/share/motoman_moveit_config/srdf
[2.028s] -- Up-to-date: /workspaces/aprs/aprs_ws/install/motoman_moveit_config/share/motoman_moveit_config/srdf/motoman.srdf
[2.028s] -- Up-to-date: /workspaces/aprs/aprs_ws/install/motoman_moveit_config/share/motoman_moveit_config/rviz
[2.028s] -- Up-to-date: /workspaces/aprs/aprs_ws/install/motoman_moveit_config/share/motoman_moveit_config/rviz/moveit.rviz
[2.028s] -- Up-to-date: /workspaces/aprs/aprs_ws/install/motoman_moveit_config/share/motoman_moveit_config/environment/pythonpath.sh
[2.028s] -- Up-to-date: /workspaces/aprs/aprs_ws/install/motoman_moveit_config/share/motoman_moveit_config/environment/pythonpath.dsv
[2.028s] -- Up-to-date: /workspaces/aprs/aprs_ws/install/motoman_moveit_config/local/lib/python3.10/dist-packages/motoman_moveit_config-0.0.0-py3.10.egg-info
[2.029s] -- Installing: /workspaces/aprs/aprs_ws/install/motoman_moveit_config/local/lib/python3.10/dist-packages/motoman_moveit_config-0.0.0-py3.10.egg-info/dependency_links.txt
[2.029s] -- Installing: /workspaces/aprs/aprs_ws/install/motoman_moveit_config/local/lib/python3.10/dist-packages/motoman_moveit_config-0.0.0-py3.10.egg-info/top_level.txt
[2.029s] -- Installing: /workspaces/aprs/aprs_ws/install/motoman_moveit_config/local/lib/python3.10/dist-packages/motoman_moveit_config-0.0.0-py3.10.egg-info/PKG-INFO
[2.029s] -- Installing: /workspaces/aprs/aprs_ws/install/motoman_moveit_config/local/lib/python3.10/dist-packages/motoman_moveit_config-0.0.0-py3.10.egg-info/SOURCES.txt
[2.029s] -- Up-to-date: /workspaces/aprs/aprs_ws/install/motoman_moveit_config/lib/motoman_moveit_config/
[2.030s] -- Up-to-date: /workspaces/aprs/aprs_ws/install/motoman_moveit_config/local/lib/python3.10/dist-packages/motoman_moveit_config
[2.030s] -- Up-to-date: /workspaces/aprs/aprs_ws/install/motoman_moveit_config/local/lib/python3.10/dist-packages/motoman_moveit_config/parameters.py
[2.030s] -- Up-to-date: /workspaces/aprs/aprs_ws/install/motoman_moveit_config/local/lib/python3.10/dist-packages/motoman_moveit_config/__init__.py
[2.062s] Listing '/workspaces/aprs/aprs_ws/install/motoman_moveit_config/local/lib/python3.10/dist-packages/motoman_moveit_config'...
[2.068s] -- Up-to-date: /workspaces/aprs/aprs_ws/install/motoman_moveit_config/share/ament_index/resource_index/package_run_dependencies/motoman_moveit_config
[2.068s] -- Up-to-date: /workspaces/aprs/aprs_ws/install/motoman_moveit_config/share/ament_index/resource_index/parent_prefix_path/motoman_moveit_config
[2.069s] -- Up-to-date: /workspaces/aprs/aprs_ws/install/motoman_moveit_config/share/motoman_moveit_config/environment/ament_prefix_path.sh
[2.069s] -- Up-to-date: /workspaces/aprs/aprs_ws/install/motoman_moveit_config/share/motoman_moveit_config/environment/ament_prefix_path.dsv
[2.069s] -- Up-to-date: /workspaces/aprs/aprs_ws/install/motoman_moveit_config/share/motoman_moveit_config/environment/path.sh
[2.069s] -- Up-to-date: /workspaces/aprs/aprs_ws/install/motoman_moveit_config/share/motoman_moveit_config/environment/path.dsv
[2.069s] -- Up-to-date: /workspaces/aprs/aprs_ws/install/motoman_moveit_config/share/motoman_moveit_config/local_setup.bash
[2.069s] -- Up-to-date: /workspaces/aprs/aprs_ws/install/motoman_moveit_config/share/motoman_moveit_config/local_setup.sh
[2.070s] -- Up-to-date: /workspaces/aprs/aprs_ws/install/motoman_moveit_config/share/motoman_moveit_config/local_setup.zsh
[2.070s] -- Up-to-date: /workspaces/aprs/aprs_ws/install/motoman_moveit_config/share/motoman_moveit_config/local_setup.dsv
[2.070s] -- Installing: /workspaces/aprs/aprs_ws/install/motoman_moveit_config/share/motoman_moveit_config/package.dsv
[2.070s] -- Up-to-date: /workspaces/aprs/aprs_ws/install/motoman_moveit_config/share/ament_index/resource_index/packages/motoman_moveit_config
[2.070s] -- Up-to-date: /workspaces/aprs/aprs_ws/install/motoman_moveit_config/share/motoman_moveit_config/cmake/motoman_moveit_configConfig.cmake
[2.070s] -- Up-to-date: /workspaces/aprs/aprs_ws/install/motoman_moveit_config/share/motoman_moveit_config/cmake/motoman_moveit_configConfig-version.cmake
[2.071s] -- Up-to-date: /workspaces/aprs/aprs_ws/install/motoman_moveit_config/share/motoman_moveit_config/package.xml
[2.263s] Invoked command in '/workspaces/aprs/aprs_ws/build/motoman_moveit_config' returned '0': CMAKE_PREFIX_PATH=/workspaces/aprs/aprs_ws/install/ur_description:/workspaces/aprs/aprs_ws/install/worlds:/workspaces/aprs/aprs_ws/install/workbench_description:/workspaces/aprs/aprs_ws/install/vaccum_description:/workspaces/aprs/aprs_ws/install/ur_setup:/workspaces/aprs/aprs_ws/install/ur:/workspaces/aprs/aprs_ws/install/ur_calibration:/workspaces/aprs/aprs_ws/install/ur_robot_driver:/workspaces/aprs/aprs_ws/install/ur_bringup:/workspaces/aprs/aprs_ws/install/ur_controllers:/workspaces/aprs/aprs_ws/install/ur_msgs:/workspaces/aprs/aprs_ws/install/ur_moveit_config:/workspaces/aprs/aprs_ws/install/ur_gz:/workspaces/aprs/aprs_ws/install/ur_description__:/workspaces/aprs/aprs_ws/install/ur5e_moveit_config:/workspaces/aprs/aprs_ws/install/panda_moveit_config:/workspaces/aprs/aprs_ws/install/motoman_moveit_config:/workspaces/aprs/aprs_ws/install/fanuc_moveit_config:/workspaces/aprs/aprs_ws/install/aprs_moveit_config:/workspaces/aprs/aprs_ws/install/ur_dashboard_msgs:/workspaces/aprs/aprs_ws/install/ur_client_library:/workspaces/aprs/aprs_ws/install/table_description:/workspaces/aprs/aprs_ws/install/ros_gz_example_gazebo:/workspaces/aprs/aprs_ws/install/point_cloud:/workspaces/aprs/aprs_ws/install/realsense2_description:/workspaces/aprs/aprs_ws/install/panda_description:/workspaces/aprs/aprs_ws/install/motoman_gz:/workspaces/aprs/aprs_ws/install/motoman_description:/workspaces/aprs/aprs_ws/install/ign_ros2_control_demos:/workspaces/aprs/aprs_ws/install/gz_ros2_control_tests:/workspaces/aprs/aprs_ws/install/ign_ros2_control:/workspaces/aprs/aprs_ws/install/franka_setup:/workspaces/aprs/aprs_ws/install/franka_gz:/workspaces/aprs/aprs_ws/install/fanuc_gz:/workspaces/aprs/aprs_ws/install/fanuc_description:/workspaces/aprs/aprs_ws/install/camera_mount:/workspaces/aprs/aprs_ws/install/aprs_lab:/workspaces/aprs/aprs_ws/install/aprs_gazebo:/opt/ros/humble /usr/bin/cmake --install /workspaces/aprs/aprs_ws/build/motoman_moveit_config
