[0.589s] Invoking command in '/workspaces/aprs/aprs_ws/build/ur_msgs': CMAKE_PREFIX_PATH=/opt/ros/humble /usr/bin/cmake /workspaces/aprs/aprs_ws/src/ur_msgs -DCMAKE_INSTALL_PREFIX=/workspaces/aprs/aprs_ws/install/ur_msgs
[0.693s] -- Found ament_cmake: 1.3.5 (/opt/ros/humble/share/ament_cmake/cmake)
[0.886s] -- Found builtin_interfaces: 1.2.1 (/opt/ros/humble/share/builtin_interfaces/cmake)
[0.935s] -- Found rosidl_generator_c: 3.1.5 (/opt/ros/humble/share/rosidl_generator_c/cmake)
[0.939s] -- Found rosidl_adapter: 3.1.5 (/opt/ros/humble/share/rosidl_adapter/cmake)
[0.948s] -- Found rosidl_generator_cpp: 3.1.5 (/opt/ros/humble/share/rosidl_generator_cpp/cmake)
[0.962s] -- Using all available rosidl_typesupport_c: rosidl_typesupport_fastrtps_c;rosidl_typesupport_introspection_c
[0.987s] -- Using all available rosidl_typesupport_cpp: rosidl_typesupport_fastrtps_cpp;rosidl_typesupport_introspection_cpp
[1.008s] -- Found rosidl_default_generators: 1.2.0 (/opt/ros/humble/share/rosidl_default_generators/cmake)
[1.018s] -- Found geometry_msgs: 4.2.3 (/opt/ros/humble/share/geometry_msgs/cmake)
[1.152s] -- Found ament_lint_auto: 0.12.8 (/opt/ros/humble/share/ament_lint_auto/cmake)
[1.612s] -- Found ament_cmake_ros: 0.10.0 (/opt/ros/humble/share/ament_cmake_ros/cmake)
[2.121s] -- Using all available rosidl_typesupport_c: rosidl_typesupport_fastrtps_c;rosidl_typesupport_introspection_c
[2.307s] -- Using all available rosidl_typesupport_cpp: rosidl_typesupport_fastrtps_cpp;rosidl_typesupport_introspection_cpp
[2.330s] -- Found python_cmake_module: 0.10.0 (/opt/ros/humble/share/python_cmake_module/cmake)
[2.357s] -- Using PYTHON_EXECUTABLE: /usr/bin/python3
[2.357s] -- Using PYTHON_INCLUDE_DIRS: /usr/include/python3.10
[2.357s] -- Using PYTHON_LIBRARIES: /usr/lib/x86_64-linux-gnu/libpython3.10.so
[2.399s] -- Added test 'copyright' to check source files copyright and LICENSE
[2.403s] -- Added test 'lint_cmake' to check CMake code style
[2.407s] -- Added test 'xmllint' to check XML markup files
[2.412s] -- Configuring done
[2.488s] -- Generating done
[2.493s] -- Build files have been written to: /workspaces/aprs/aprs_ws/build/ur_msgs
[2.676s] Invoked command in '/workspaces/aprs/aprs_ws/build/ur_msgs' returned '0': CMAKE_PREFIX_PATH=/opt/ros/humble /usr/bin/cmake /workspaces/aprs/aprs_ws/src/ur_msgs -DCMAKE_INSTALL_PREFIX=/workspaces/aprs/aprs_ws/install/ur_msgs
[2.679s] Invoking command in '/workspaces/aprs/aprs_ws/build/ur_msgs': CMAKE_PREFIX_PATH=/opt/ros/humble /usr/bin/cmake --build /workspaces/aprs/aprs_ws/build/ur_msgs -- -j16 -l16
[2.782s] [  0%] Built target ur_msgs__cpp
[2.785s] [35m[1mConsolidate compiler generated dependencies of target ur_msgs__rosidl_generator_c[0m
[2.901s] [  0%] Built target ament_cmake_python_copy_ur_msgs
[2.901s] [35m[1mConsolidate compiler generated dependencies of target ur_msgs__rosidl_typesupport_cpp[0m
[2.902s] [ 12%] Built target ur_msgs__rosidl_generator_c
[2.902s] [35m[1mConsolidate compiler generated dependencies of target ur_msgs__rosidl_typesupport_fastrtps_cpp[0m
[2.902s] [35m[1mConsolidate compiler generated dependencies of target ur_msgs__rosidl_typesupport_introspection_c[0m
[2.902s] [35m[1mConsolidate compiler generated dependencies of target ur_msgs__rosidl_typesupport_c[0m
[2.903s] [35m[1mConsolidate compiler generated dependencies of target ur_msgs__rosidl_typesupport_fastrtps_c[0m
[2.903s] [ 24%] Built target ur_msgs__rosidl_typesupport_cpp
[2.903s] [35m[1mConsolidate compiler generated dependencies of target ur_msgs__rosidl_typesupport_introspection_cpp[0m
[2.903s] [ 36%] Built target ur_msgs__rosidl_typesupport_introspection_c
[2.908s] [ 47%] Built target ur_msgs__rosidl_typesupport_fastrtps_cpp
[2.931s] [ 58%] Built target ur_msgs__rosidl_typesupport_c
[2.971s] [ 77%] Built target ur_msgs__rosidl_typesupport_introspection_cpp
[2.971s] [ 82%] Built target ur_msgs__rosidl_typesupport_fastrtps_c
[3.022s] [ 82%] Built target ur_msgs
[3.054s] [ 83%] Built target ur_msgs__py
[3.073s] [35m[1mConsolidate compiler generated dependencies of target ur_msgs__rosidl_generator_py[0m
[3.114s] [ 94%] Built target ur_msgs__rosidl_generator_py
[3.138s] [35m[1mConsolidate compiler generated dependencies of target ur_msgs__rosidl_typesupport_fastrtps_c__pyext[0m
[3.139s] [35m[1mConsolidate compiler generated dependencies of target ur_msgs__rosidl_typesupport_c__pyext[0m
[3.156s] [35m[1mConsolidate compiler generated dependencies of target ur_msgs__rosidl_typesupport_introspection_c__pyext[0m
[3.164s] [ 96%] Built target ur_msgs__rosidl_typesupport_fastrtps_c__pyext
[3.171s] [ 98%] Built target ur_msgs__rosidl_typesupport_c__pyext
[3.184s] [100%] Built target ur_msgs__rosidl_typesupport_introspection_c__pyext
[3.200s] running egg_info
[3.201s] writing ur_msgs.egg-info/PKG-INFO
[3.201s] writing dependency_links to ur_msgs.egg-info/dependency_links.txt
[3.201s] writing top-level names to ur_msgs.egg-info/top_level.txt
[3.205s] reading manifest file 'ur_msgs.egg-info/SOURCES.txt'
[3.205s] writing manifest file 'ur_msgs.egg-info/SOURCES.txt'
[3.237s] [100%] Built target ament_cmake_python_build_ur_msgs_egg
[3.592s] Invoked command in '/workspaces/aprs/aprs_ws/build/ur_msgs' returned '0': CMAKE_PREFIX_PATH=/opt/ros/humble /usr/bin/cmake --build /workspaces/aprs/aprs_ws/build/ur_msgs -- -j16 -l16
[4.083s] Invoking command in '/workspaces/aprs/aprs_ws/build/ur_msgs': CMAKE_PREFIX_PATH=/opt/ros/humble /usr/bin/cmake --install /workspaces/aprs/aprs_ws/build/ur_msgs
[4.153s] -- Install configuration: ""
[4.153s] -- Up-to-date: /workspaces/aprs/aprs_ws/install/ur_msgs/share/ament_index/resource_index/rosidl_interfaces/ur_msgs
[4.153s] -- Up-to-date: /workspaces/aprs/aprs_ws/install/ur_msgs/include/ur_msgs/ur_msgs
[4.153s] -- Up-to-date: /workspaces/aprs/aprs_ws/install/ur_msgs/include/ur_msgs/ur_msgs/srv
[4.154s] -- Up-to-date: /workspaces/aprs/aprs_ws/install/ur_msgs/include/ur_msgs/ur_msgs/srv/set_speed_slider_fraction.h
[4.154s] -- Up-to-date: /workspaces/aprs/aprs_ws/install/ur_msgs/include/ur_msgs/ur_msgs/srv/set_io.h
[4.154s] -- Up-to-date: /workspaces/aprs/aprs_ws/install/ur_msgs/include/ur_msgs/ur_msgs/srv/detail
[4.154s] -- Up-to-date: /workspaces/aprs/aprs_ws/install/ur_msgs/include/ur_msgs/ur_msgs/srv/detail/set_io__struct.h
[4.154s] -- Up-to-date: /workspaces/aprs/aprs_ws/install/ur_msgs/include/ur_msgs/ur_msgs/srv/detail/set_payload__functions.h
[4.154s] -- Up-to-date: /workspaces/aprs/aprs_ws/install/ur_msgs/include/ur_msgs/ur_msgs/srv/detail/set_io__functions.c
[4.154s] -- Up-to-date: /workspaces/aprs/aprs_ws/install/ur_msgs/include/ur_msgs/ur_msgs/srv/detail/set_speed_slider_fraction__type_support.h
[4.154s] -- Up-to-date: /workspaces/aprs/aprs_ws/install/ur_msgs/include/ur_msgs/ur_msgs/srv/detail/set_payload__functions.c
[4.154s] -- Up-to-date: /workspaces/aprs/aprs_ws/install/ur_msgs/include/ur_msgs/ur_msgs/srv/detail/set_payload__struct.h
[4.154s] -- Up-to-date: /workspaces/aprs/aprs_ws/install/ur_msgs/include/ur_msgs/ur_msgs/srv/detail/set_speed_slider_fraction__functions.c
[4.154s] -- Up-to-date: /workspaces/aprs/aprs_ws/install/ur_msgs/include/ur_msgs/ur_msgs/srv/detail/set_io__type_support.h
[4.154s] -- Up-to-date: /workspaces/aprs/aprs_ws/install/ur_msgs/include/ur_msgs/ur_msgs/srv/detail/set_speed_slider_fraction__struct.h
[4.154s] -- Up-to-date: /workspaces/aprs/aprs_ws/install/ur_msgs/include/ur_msgs/ur_msgs/srv/detail/set_payload__type_support.h
[4.155s] -- Up-to-date: /workspaces/aprs/aprs_ws/install/ur_msgs/include/ur_msgs/ur_msgs/srv/detail/set_io__functions.h
[4.155s] -- Up-to-date: /workspaces/aprs/aprs_ws/install/ur_msgs/include/ur_msgs/ur_msgs/srv/detail/set_speed_slider_fraction__functions.h
[4.155s] -- Up-to-date: /workspaces/aprs/aprs_ws/install/ur_msgs/include/ur_msgs/ur_msgs/srv/set_payload.h
[4.155s] -- Up-to-date: /workspaces/aprs/aprs_ws/install/ur_msgs/include/ur_msgs/ur_msgs/msg
[4.155s] -- Up-to-date: /workspaces/aprs/aprs_ws/install/ur_msgs/include/ur_msgs/ur_msgs/msg/detail
[4.155s] -- Up-to-date: /workspaces/aprs/aprs_ws/install/ur_msgs/include/ur_msgs/ur_msgs/msg/detail/masterboard_data_msg__functions.c
[4.155s] -- Up-to-date: /workspaces/aprs/aprs_ws/install/ur_msgs/include/ur_msgs/ur_msgs/msg/detail/tool_data_msg__functions.h
[4.155s] -- Up-to-date: /workspaces/aprs/aprs_ws/install/ur_msgs/include/ur_msgs/ur_msgs/msg/detail/robot_mode_data_msg__type_support.h
[4.155s] -- Up-to-date: /workspaces/aprs/aprs_ws/install/ur_msgs/include/ur_msgs/ur_msgs/msg/detail/analog__functions.h
[4.155s] -- Up-to-date: /workspaces/aprs/aprs_ws/install/ur_msgs/include/ur_msgs/ur_msgs/msg/detail/io_states__functions.h
[4.156s] -- Up-to-date: /workspaces/aprs/aprs_ws/install/ur_msgs/include/ur_msgs/ur_msgs/msg/detail/robot_state_rt_msg__type_support.h
[4.156s] -- Up-to-date: /workspaces/aprs/aprs_ws/install/ur_msgs/include/ur_msgs/ur_msgs/msg/detail/masterboard_data_msg__struct.h
[4.156s] -- Up-to-date: /workspaces/aprs/aprs_ws/install/ur_msgs/include/ur_msgs/ur_msgs/msg/detail/analog__functions.c
[4.156s] -- Up-to-date: /workspaces/aprs/aprs_ws/install/ur_msgs/include/ur_msgs/ur_msgs/msg/detail/robot_state_rt_msg__functions.h
[4.156s] -- Up-to-date: /workspaces/aprs/aprs_ws/install/ur_msgs/include/ur_msgs/ur_msgs/msg/detail/digital__struct.h
[4.156s] -- Up-to-date: /workspaces/aprs/aprs_ws/install/ur_msgs/include/ur_msgs/ur_msgs/msg/detail/masterboard_data_msg__functions.h
[4.158s] -- Up-to-date: /workspaces/aprs/aprs_ws/install/ur_msgs/include/ur_msgs/ur_msgs/msg/detail/io_states__functions.c
[4.158s] -- Up-to-date: /workspaces/aprs/aprs_ws/install/ur_msgs/include/ur_msgs/ur_msgs/msg/detail/analog__type_support.h
[4.158s] -- Up-to-date: /workspaces/aprs/aprs_ws/install/ur_msgs/include/ur_msgs/ur_msgs/msg/detail/tool_data_msg__struct.h
[4.158s] -- Up-to-date: /workspaces/aprs/aprs_ws/install/ur_msgs/include/ur_msgs/ur_msgs/msg/detail/analog__struct.h
[4.159s] -- Up-to-date: /workspaces/aprs/aprs_ws/install/ur_msgs/include/ur_msgs/ur_msgs/msg/detail/tool_data_msg__functions.c
[4.160s] -- Up-to-date: /workspaces/aprs/aprs_ws/install/ur_msgs/include/ur_msgs/ur_msgs/msg/detail/tool_data_msg__type_support.h
[4.160s] -- Up-to-date: /workspaces/aprs/aprs_ws/install/ur_msgs/include/ur_msgs/ur_msgs/msg/detail/digital__type_support.h
[4.160s] -- Up-to-date: /workspaces/aprs/aprs_ws/install/ur_msgs/include/ur_msgs/ur_msgs/msg/detail/digital__functions.c
[4.160s] -- Up-to-date: /workspaces/aprs/aprs_ws/install/ur_msgs/include/ur_msgs/ur_msgs/msg/detail/robot_mode_data_msg__functions.c
[4.160s] -- Up-to-date: /workspaces/aprs/aprs_ws/install/ur_msgs/include/ur_msgs/ur_msgs/msg/detail/digital__functions.h
[4.160s] -- Up-to-date: /workspaces/aprs/aprs_ws/install/ur_msgs/include/ur_msgs/ur_msgs/msg/detail/io_states__type_support.h
[4.160s] -- Up-to-date: /workspaces/aprs/aprs_ws/install/ur_msgs/include/ur_msgs/ur_msgs/msg/detail/robot_mode_data_msg__functions.h
[4.160s] -- Up-to-date: /workspaces/aprs/aprs_ws/install/ur_msgs/include/ur_msgs/ur_msgs/msg/detail/io_states__struct.h
[4.160s] -- Up-to-date: /workspaces/aprs/aprs_ws/install/ur_msgs/include/ur_msgs/ur_msgs/msg/detail/robot_state_rt_msg__functions.c
[4.160s] -- Up-to-date: /workspaces/aprs/aprs_ws/install/ur_msgs/include/ur_msgs/ur_msgs/msg/detail/robot_mode_data_msg__struct.h
[4.161s] -- Up-to-date: /workspaces/aprs/aprs_ws/install/ur_msgs/include/ur_msgs/ur_msgs/msg/detail/robot_state_rt_msg__struct.h
[4.161s] -- Up-to-date: /workspaces/aprs/aprs_ws/install/ur_msgs/include/ur_msgs/ur_msgs/msg/detail/masterboard_data_msg__type_support.h
[4.161s] -- Up-to-date: /workspaces/aprs/aprs_ws/install/ur_msgs/include/ur_msgs/ur_msgs/msg/tool_data_msg.h
[4.161s] -- Up-to-date: /workspaces/aprs/aprs_ws/install/ur_msgs/include/ur_msgs/ur_msgs/msg/digital.h
[4.163s] -- Up-to-date: /workspaces/aprs/aprs_ws/install/ur_msgs/include/ur_msgs/ur_msgs/msg/robot_mode_data_msg.h
[4.164s] -- Up-to-date: /workspaces/aprs/aprs_ws/install/ur_msgs/include/ur_msgs/ur_msgs/msg/rosidl_generator_c__visibility_control.h
[4.164s] -- Up-to-date: /workspaces/aprs/aprs_ws/install/ur_msgs/include/ur_msgs/ur_msgs/msg/analog.h
[4.164s] -- Up-to-date: /workspaces/aprs/aprs_ws/install/ur_msgs/include/ur_msgs/ur_msgs/msg/robot_state_rt_msg.h
[4.165s] -- Up-to-date: /workspaces/aprs/aprs_ws/install/ur_msgs/include/ur_msgs/ur_msgs/msg/io_states.h
[4.165s] -- Up-to-date: /workspaces/aprs/aprs_ws/install/ur_msgs/include/ur_msgs/ur_msgs/msg/masterboard_data_msg.h
[4.165s] -- Up-to-date: /workspaces/aprs/aprs_ws/install/ur_msgs/share/ur_msgs/environment/library_path.sh
[4.165s] -- Installing: /workspaces/aprs/aprs_ws/install/ur_msgs/share/ur_msgs/environment/library_path.dsv
[4.165s] -- Up-to-date: /workspaces/aprs/aprs_ws/install/ur_msgs/lib/libur_msgs__rosidl_generator_c.so
[4.166s] -- Up-to-date: /workspaces/aprs/aprs_ws/install/ur_msgs/include/ur_msgs/ur_msgs
[4.166s] -- Up-to-date: /workspaces/aprs/aprs_ws/install/ur_msgs/include/ur_msgs/ur_msgs/srv
[4.166s] -- Up-to-date: /workspaces/aprs/aprs_ws/install/ur_msgs/include/ur_msgs/ur_msgs/srv/detail
[4.166s] -- Up-to-date: /workspaces/aprs/aprs_ws/install/ur_msgs/include/ur_msgs/ur_msgs/srv/detail/set_speed_slider_fraction__rosidl_typesupport_fastrtps_c.h
[4.166s] -- Up-to-date: /workspaces/aprs/aprs_ws/install/ur_msgs/include/ur_msgs/ur_msgs/srv/detail/set_payload__rosidl_typesupport_fastrtps_c.h
[4.166s] -- Up-to-date: /workspaces/aprs/aprs_ws/install/ur_msgs/include/ur_msgs/ur_msgs/srv/detail/set_io__rosidl_typesupport_fastrtps_c.h
[4.166s] -- Up-to-date: /workspaces/aprs/aprs_ws/install/ur_msgs/include/ur_msgs/ur_msgs/msg
[4.166s] -- Up-to-date: /workspaces/aprs/aprs_ws/install/ur_msgs/include/ur_msgs/ur_msgs/msg/detail
[4.166s] -- Up-to-date: /workspaces/aprs/aprs_ws/install/ur_msgs/include/ur_msgs/ur_msgs/msg/detail/io_states__rosidl_typesupport_fastrtps_c.h
[4.166s] -- Up-to-date: /workspaces/aprs/aprs_ws/install/ur_msgs/include/ur_msgs/ur_msgs/msg/detail/masterboard_data_msg__rosidl_typesupport_fastrtps_c.h
[4.166s] -- Up-to-date: /workspaces/aprs/aprs_ws/install/ur_msgs/include/ur_msgs/ur_msgs/msg/detail/robot_mode_data_msg__rosidl_typesupport_fastrtps_c.h
[4.166s] -- Up-to-date: /workspaces/aprs/aprs_ws/install/ur_msgs/include/ur_msgs/ur_msgs/msg/detail/analog__rosidl_typesupport_fastrtps_c.h
[4.166s] -- Up-to-date: /workspaces/aprs/aprs_ws/install/ur_msgs/include/ur_msgs/ur_msgs/msg/detail/tool_data_msg__rosidl_typesupport_fastrtps_c.h
[4.166s] -- Up-to-date: /workspaces/aprs/aprs_ws/install/ur_msgs/include/ur_msgs/ur_msgs/msg/detail/robot_state_rt_msg__rosidl_typesupport_fastrtps_c.h
[4.167s] -- Up-to-date: /workspaces/aprs/aprs_ws/install/ur_msgs/include/ur_msgs/ur_msgs/msg/detail/digital__rosidl_typesupport_fastrtps_c.h
[4.167s] -- Up-to-date: /workspaces/aprs/aprs_ws/install/ur_msgs/include/ur_msgs/ur_msgs/msg/rosidl_typesupport_fastrtps_c__visibility_control.h
[4.167s] -- Up-to-date: /workspaces/aprs/aprs_ws/install/ur_msgs/lib/libur_msgs__rosidl_typesupport_fastrtps_c.so
[4.167s] -- Up-to-date: /workspaces/aprs/aprs_ws/install/ur_msgs/include/ur_msgs/ur_msgs
[4.167s] -- Up-to-date: /workspaces/aprs/aprs_ws/install/ur_msgs/include/ur_msgs/ur_msgs/srv
[4.167s] -- Up-to-date: /workspaces/aprs/aprs_ws/install/ur_msgs/include/ur_msgs/ur_msgs/srv/detail
[4.167s] -- Up-to-date: /workspaces/aprs/aprs_ws/install/ur_msgs/include/ur_msgs/ur_msgs/srv/detail/set_io__traits.hpp
[4.167s] -- Up-to-date: /workspaces/aprs/aprs_ws/install/ur_msgs/include/ur_msgs/ur_msgs/srv/detail/set_speed_slider_fraction__builder.hpp
[4.167s] -- Up-to-date: /workspaces/aprs/aprs_ws/install/ur_msgs/include/ur_msgs/ur_msgs/srv/detail/set_io__struct.hpp
[4.167s] -- Up-to-date: /workspaces/aprs/aprs_ws/install/ur_msgs/include/ur_msgs/ur_msgs/srv/detail/set_io__builder.hpp
[4.167s] -- Up-to-date: /workspaces/aprs/aprs_ws/install/ur_msgs/include/ur_msgs/ur_msgs/srv/detail/set_payload__struct.hpp
[4.167s] -- Up-to-date: /workspaces/aprs/aprs_ws/install/ur_msgs/include/ur_msgs/ur_msgs/srv/detail/set_payload__builder.hpp
[4.167s] -- Up-to-date: /workspaces/aprs/aprs_ws/install/ur_msgs/include/ur_msgs/ur_msgs/srv/detail/set_speed_slider_fraction__struct.hpp
[4.167s] -- Up-to-date: /workspaces/aprs/aprs_ws/install/ur_msgs/include/ur_msgs/ur_msgs/srv/detail/set_speed_slider_fraction__traits.hpp
[4.167s] -- Up-to-date: /workspaces/aprs/aprs_ws/install/ur_msgs/include/ur_msgs/ur_msgs/srv/detail/set_payload__traits.hpp
[4.168s] -- Up-to-date: /workspaces/aprs/aprs_ws/install/ur_msgs/include/ur_msgs/ur_msgs/srv/set_payload.hpp
[4.168s] -- Up-to-date: /workspaces/aprs/aprs_ws/install/ur_msgs/include/ur_msgs/ur_msgs/srv/set_io.hpp
[4.168s] -- Up-to-date: /workspaces/aprs/aprs_ws/install/ur_msgs/include/ur_msgs/ur_msgs/srv/set_speed_slider_fraction.hpp
[4.168s] -- Up-to-date: /workspaces/aprs/aprs_ws/install/ur_msgs/include/ur_msgs/ur_msgs/msg
[4.168s] -- Up-to-date: /workspaces/aprs/aprs_ws/install/ur_msgs/include/ur_msgs/ur_msgs/msg/robot_state_rt_msg.hpp
[4.168s] -- Up-to-date: /workspaces/aprs/aprs_ws/install/ur_msgs/include/ur_msgs/ur_msgs/msg/detail
[4.168s] -- Up-to-date: /workspaces/aprs/aprs_ws/install/ur_msgs/include/ur_msgs/ur_msgs/msg/detail/robot_mode_data_msg__builder.hpp
[4.168s] -- Up-to-date: /workspaces/aprs/aprs_ws/install/ur_msgs/include/ur_msgs/ur_msgs/msg/detail/tool_data_msg__struct.hpp
[4.168s] -- Up-to-date: /workspaces/aprs/aprs_ws/install/ur_msgs/include/ur_msgs/ur_msgs/msg/detail/robot_state_rt_msg__struct.hpp
[4.168s] -- Up-to-date: /workspaces/aprs/aprs_ws/install/ur_msgs/include/ur_msgs/ur_msgs/msg/detail/masterboard_data_msg__struct.hpp
[4.168s] -- Up-to-date: /workspaces/aprs/aprs_ws/install/ur_msgs/include/ur_msgs/ur_msgs/msg/detail/analog__traits.hpp
[4.168s] -- Up-to-date: /workspaces/aprs/aprs_ws/install/ur_msgs/include/ur_msgs/ur_msgs/msg/detail/masterboard_data_msg__builder.hpp
[4.168s] -- Up-to-date: /workspaces/aprs/aprs_ws/install/ur_msgs/include/ur_msgs/ur_msgs/msg/detail/tool_data_msg__traits.hpp
[4.168s] -- Up-to-date: /workspaces/aprs/aprs_ws/install/ur_msgs/include/ur_msgs/ur_msgs/msg/detail/robot_mode_data_msg__struct.hpp
[4.169s] -- Up-to-date: /workspaces/aprs/aprs_ws/install/ur_msgs/include/ur_msgs/ur_msgs/msg/detail/io_states__traits.hpp
[4.169s] -- Up-to-date: /workspaces/aprs/aprs_ws/install/ur_msgs/include/ur_msgs/ur_msgs/msg/detail/robot_state_rt_msg__traits.hpp
[4.169s] -- Up-to-date: /workspaces/aprs/aprs_ws/install/ur_msgs/include/ur_msgs/ur_msgs/msg/detail/digital__struct.hpp
[4.169s] -- Up-to-date: /workspaces/aprs/aprs_ws/install/ur_msgs/include/ur_msgs/ur_msgs/msg/detail/analog__struct.hpp
[4.169s] -- Up-to-date: /workspaces/aprs/aprs_ws/install/ur_msgs/include/ur_msgs/ur_msgs/msg/detail/robot_mode_data_msg__traits.hpp
[4.169s] -- Up-to-date: /workspaces/aprs/aprs_ws/install/ur_msgs/include/ur_msgs/ur_msgs/msg/detail/digital__builder.hpp
[4.169s] -- Up-to-date: /workspaces/aprs/aprs_ws/install/ur_msgs/include/ur_msgs/ur_msgs/msg/detail/io_states__struct.hpp
[4.169s] -- Up-to-date: /workspaces/aprs/aprs_ws/install/ur_msgs/include/ur_msgs/ur_msgs/msg/detail/io_states__builder.hpp
[4.169s] -- Up-to-date: /workspaces/aprs/aprs_ws/install/ur_msgs/include/ur_msgs/ur_msgs/msg/detail/masterboard_data_msg__traits.hpp
[4.169s] -- Up-to-date: /workspaces/aprs/aprs_ws/install/ur_msgs/include/ur_msgs/ur_msgs/msg/detail/tool_data_msg__builder.hpp
[4.169s] -- Up-to-date: /workspaces/aprs/aprs_ws/install/ur_msgs/include/ur_msgs/ur_msgs/msg/detail/robot_state_rt_msg__builder.hpp
[4.169s] -- Up-to-date: /workspaces/aprs/aprs_ws/install/ur_msgs/include/ur_msgs/ur_msgs/msg/detail/digital__traits.hpp
[4.169s] -- Up-to-date: /workspaces/aprs/aprs_ws/install/ur_msgs/include/ur_msgs/ur_msgs/msg/detail/analog__builder.hpp
[4.170s] -- Up-to-date: /workspaces/aprs/aprs_ws/install/ur_msgs/include/ur_msgs/ur_msgs/msg/io_states.hpp
[4.170s] -- Up-to-date: /workspaces/aprs/aprs_ws/install/ur_msgs/include/ur_msgs/ur_msgs/msg/tool_data_msg.hpp
[4.170s] -- Up-to-date: /workspaces/aprs/aprs_ws/install/ur_msgs/include/ur_msgs/ur_msgs/msg/digital.hpp
[4.170s] -- Up-to-date: /workspaces/aprs/aprs_ws/install/ur_msgs/include/ur_msgs/ur_msgs/msg/masterboard_data_msg.hpp
[4.170s] -- Up-to-date: /workspaces/aprs/aprs_ws/install/ur_msgs/include/ur_msgs/ur_msgs/msg/robot_mode_data_msg.hpp
[4.170s] -- Up-to-date: /workspaces/aprs/aprs_ws/install/ur_msgs/include/ur_msgs/ur_msgs/msg/analog.hpp
[4.170s] -- Up-to-date: /workspaces/aprs/aprs_ws/install/ur_msgs/include/ur_msgs/ur_msgs
[4.170s] -- Up-to-date: /workspaces/aprs/aprs_ws/install/ur_msgs/include/ur_msgs/ur_msgs/srv
[4.170s] -- Up-to-date: /workspaces/aprs/aprs_ws/install/ur_msgs/include/ur_msgs/ur_msgs/srv/detail
[4.170s] -- Up-to-date: /workspaces/aprs/aprs_ws/install/ur_msgs/include/ur_msgs/ur_msgs/srv/detail/dds_fastrtps
[4.170s] -- Up-to-date: /workspaces/aprs/aprs_ws/install/ur_msgs/include/ur_msgs/ur_msgs/srv/detail/set_speed_slider_fraction__rosidl_typesupport_fastrtps_cpp.hpp
[4.170s] -- Up-to-date: /workspaces/aprs/aprs_ws/install/ur_msgs/include/ur_msgs/ur_msgs/srv/detail/set_payload__rosidl_typesupport_fastrtps_cpp.hpp
[4.170s] -- Up-to-date: /workspaces/aprs/aprs_ws/install/ur_msgs/include/ur_msgs/ur_msgs/srv/detail/set_io__rosidl_typesupport_fastrtps_cpp.hpp
[4.171s] -- Up-to-date: /workspaces/aprs/aprs_ws/install/ur_msgs/include/ur_msgs/ur_msgs/msg
[4.171s] -- Up-to-date: /workspaces/aprs/aprs_ws/install/ur_msgs/include/ur_msgs/ur_msgs/msg/detail
[4.171s] -- Up-to-date: /workspaces/aprs/aprs_ws/install/ur_msgs/include/ur_msgs/ur_msgs/msg/detail/dds_fastrtps
[4.171s] -- Up-to-date: /workspaces/aprs/aprs_ws/install/ur_msgs/include/ur_msgs/ur_msgs/msg/detail/robot_mode_data_msg__rosidl_typesupport_fastrtps_cpp.hpp
[4.171s] -- Up-to-date: /workspaces/aprs/aprs_ws/install/ur_msgs/include/ur_msgs/ur_msgs/msg/detail/io_states__rosidl_typesupport_fastrtps_cpp.hpp
[4.171s] -- Up-to-date: /workspaces/aprs/aprs_ws/install/ur_msgs/include/ur_msgs/ur_msgs/msg/detail/digital__rosidl_typesupport_fastrtps_cpp.hpp
[4.171s] -- Up-to-date: /workspaces/aprs/aprs_ws/install/ur_msgs/include/ur_msgs/ur_msgs/msg/detail/robot_state_rt_msg__rosidl_typesupport_fastrtps_cpp.hpp
[4.171s] -- Up-to-date: /workspaces/aprs/aprs_ws/install/ur_msgs/include/ur_msgs/ur_msgs/msg/detail/masterboard_data_msg__rosidl_typesupport_fastrtps_cpp.hpp
[4.171s] -- Up-to-date: /workspaces/aprs/aprs_ws/install/ur_msgs/include/ur_msgs/ur_msgs/msg/detail/tool_data_msg__rosidl_typesupport_fastrtps_cpp.hpp
[4.171s] -- Up-to-date: /workspaces/aprs/aprs_ws/install/ur_msgs/include/ur_msgs/ur_msgs/msg/detail/analog__rosidl_typesupport_fastrtps_cpp.hpp
[4.171s] -- Up-to-date: /workspaces/aprs/aprs_ws/install/ur_msgs/include/ur_msgs/ur_msgs/msg/rosidl_typesupport_fastrtps_cpp__visibility_control.h
[4.172s] -- Up-to-date: /workspaces/aprs/aprs_ws/install/ur_msgs/lib/libur_msgs__rosidl_typesupport_fastrtps_cpp.so
[4.172s] -- Up-to-date: /workspaces/aprs/aprs_ws/install/ur_msgs/include/ur_msgs/ur_msgs
[4.172s] -- Up-to-date: /workspaces/aprs/aprs_ws/install/ur_msgs/include/ur_msgs/ur_msgs/srv
[4.172s] -- Up-to-date: /workspaces/aprs/aprs_ws/install/ur_msgs/include/ur_msgs/ur_msgs/srv/detail
[4.173s] -- Up-to-date: /workspaces/aprs/aprs_ws/install/ur_msgs/include/ur_msgs/ur_msgs/srv/detail/set_io__type_support.c
[4.173s] -- Up-to-date: /workspaces/aprs/aprs_ws/install/ur_msgs/include/ur_msgs/ur_msgs/srv/detail/set_payload__type_support.c
[4.173s] -- Up-to-date: /workspaces/aprs/aprs_ws/install/ur_msgs/include/ur_msgs/ur_msgs/srv/detail/set_io__rosidl_typesupport_introspection_c.h
[4.173s] -- Up-to-date: /workspaces/aprs/aprs_ws/install/ur_msgs/include/ur_msgs/ur_msgs/srv/detail/set_speed_slider_fraction__type_support.c
[4.173s] -- Up-to-date: /workspaces/aprs/aprs_ws/install/ur_msgs/include/ur_msgs/ur_msgs/srv/detail/set_speed_slider_fraction__rosidl_typesupport_introspection_c.h
[4.173s] -- Up-to-date: /workspaces/aprs/aprs_ws/install/ur_msgs/include/ur_msgs/ur_msgs/srv/detail/set_payload__rosidl_typesupport_introspection_c.h
[4.173s] -- Up-to-date: /workspaces/aprs/aprs_ws/install/ur_msgs/include/ur_msgs/ur_msgs/msg
[4.173s] -- Up-to-date: /workspaces/aprs/aprs_ws/install/ur_msgs/include/ur_msgs/ur_msgs/msg/rosidl_typesupport_introspection_c__visibility_control.h
[4.173s] -- Up-to-date: /workspaces/aprs/aprs_ws/install/ur_msgs/include/ur_msgs/ur_msgs/msg/detail
[4.173s] -- Up-to-date: /workspaces/aprs/aprs_ws/install/ur_msgs/include/ur_msgs/ur_msgs/msg/detail/io_states__rosidl_typesupport_introspection_c.h
[4.173s] -- Up-to-date: /workspaces/aprs/aprs_ws/install/ur_msgs/include/ur_msgs/ur_msgs/msg/detail/analog__rosidl_typesupport_introspection_c.h
[4.173s] -- Up-to-date: /workspaces/aprs/aprs_ws/install/ur_msgs/include/ur_msgs/ur_msgs/msg/detail/tool_data_msg__type_support.c
[4.173s] -- Up-to-date: /workspaces/aprs/aprs_ws/install/ur_msgs/include/ur_msgs/ur_msgs/msg/detail/masterboard_data_msg__type_support.c
[4.173s] -- Up-to-date: /workspaces/aprs/aprs_ws/install/ur_msgs/include/ur_msgs/ur_msgs/msg/detail/digital__type_support.c
[4.174s] -- Up-to-date: /workspaces/aprs/aprs_ws/install/ur_msgs/include/ur_msgs/ur_msgs/msg/detail/digital__rosidl_typesupport_introspection_c.h
[4.174s] -- Up-to-date: /workspaces/aprs/aprs_ws/install/ur_msgs/include/ur_msgs/ur_msgs/msg/detail/analog__type_support.c
[4.174s] -- Up-to-date: /workspaces/aprs/aprs_ws/install/ur_msgs/include/ur_msgs/ur_msgs/msg/detail/robot_state_rt_msg__type_support.c
[4.174s] -- Up-to-date: /workspaces/aprs/aprs_ws/install/ur_msgs/include/ur_msgs/ur_msgs/msg/detail/tool_data_msg__rosidl_typesupport_introspection_c.h
[4.174s] -- Up-to-date: /workspaces/aprs/aprs_ws/install/ur_msgs/include/ur_msgs/ur_msgs/msg/detail/robot_mode_data_msg__rosidl_typesupport_introspection_c.h
[4.174s] -- Up-to-date: /workspaces/aprs/aprs_ws/install/ur_msgs/include/ur_msgs/ur_msgs/msg/detail/robot_state_rt_msg__rosidl_typesupport_introspection_c.h
[4.174s] -- Up-to-date: /workspaces/aprs/aprs_ws/install/ur_msgs/include/ur_msgs/ur_msgs/msg/detail/robot_mode_data_msg__type_support.c
[4.174s] -- Up-to-date: /workspaces/aprs/aprs_ws/install/ur_msgs/include/ur_msgs/ur_msgs/msg/detail/masterboard_data_msg__rosidl_typesupport_introspection_c.h
[4.174s] -- Up-to-date: /workspaces/aprs/aprs_ws/install/ur_msgs/include/ur_msgs/ur_msgs/msg/detail/io_states__type_support.c
[4.174s] -- Up-to-date: /workspaces/aprs/aprs_ws/install/ur_msgs/lib/libur_msgs__rosidl_typesupport_introspection_c.so
[4.174s] -- Up-to-date: /workspaces/aprs/aprs_ws/install/ur_msgs/lib/libur_msgs__rosidl_typesupport_c.so
[4.176s] -- Up-to-date: /workspaces/aprs/aprs_ws/install/ur_msgs/include/ur_msgs/ur_msgs
[4.177s] -- Up-to-date: /workspaces/aprs/aprs_ws/install/ur_msgs/include/ur_msgs/ur_msgs/srv
[4.177s] -- Up-to-date: /workspaces/aprs/aprs_ws/install/ur_msgs/include/ur_msgs/ur_msgs/srv/detail
[4.177s] -- Up-to-date: /workspaces/aprs/aprs_ws/install/ur_msgs/include/ur_msgs/ur_msgs/srv/detail/set_speed_slider_fraction__type_support.cpp
[4.177s] -- Up-to-date: /workspaces/aprs/aprs_ws/install/ur_msgs/include/ur_msgs/ur_msgs/srv/detail/set_speed_slider_fraction__rosidl_typesupport_introspection_cpp.hpp
[4.177s] -- Up-to-date: /workspaces/aprs/aprs_ws/install/ur_msgs/include/ur_msgs/ur_msgs/srv/detail/set_payload__rosidl_typesupport_introspection_cpp.hpp
[4.177s] -- Up-to-date: /workspaces/aprs/aprs_ws/install/ur_msgs/include/ur_msgs/ur_msgs/srv/detail/set_io__rosidl_typesupport_introspection_cpp.hpp
[4.177s] -- Up-to-date: /workspaces/aprs/aprs_ws/install/ur_msgs/include/ur_msgs/ur_msgs/srv/detail/set_io__type_support.cpp
[4.178s] -- Up-to-date: /workspaces/aprs/aprs_ws/install/ur_msgs/include/ur_msgs/ur_msgs/srv/detail/set_payload__type_support.cpp
[4.178s] -- Up-to-date: /workspaces/aprs/aprs_ws/install/ur_msgs/include/ur_msgs/ur_msgs/msg
[4.178s] -- Up-to-date: /workspaces/aprs/aprs_ws/install/ur_msgs/include/ur_msgs/ur_msgs/msg/detail
[4.178s] -- Up-to-date: /workspaces/aprs/aprs_ws/install/ur_msgs/include/ur_msgs/ur_msgs/msg/detail/digital__rosidl_typesupport_introspection_cpp.hpp
[4.178s] -- Up-to-date: /workspaces/aprs/aprs_ws/install/ur_msgs/include/ur_msgs/ur_msgs/msg/detail/masterboard_data_msg__rosidl_typesupport_introspection_cpp.hpp
[4.178s] -- Up-to-date: /workspaces/aprs/aprs_ws/install/ur_msgs/include/ur_msgs/ur_msgs/msg/detail/digital__type_support.cpp
[4.178s] -- Up-to-date: /workspaces/aprs/aprs_ws/install/ur_msgs/include/ur_msgs/ur_msgs/msg/detail/io_states__rosidl_typesupport_introspection_cpp.hpp
[4.178s] -- Up-to-date: /workspaces/aprs/aprs_ws/install/ur_msgs/include/ur_msgs/ur_msgs/msg/detail/masterboard_data_msg__type_support.cpp
[4.178s] -- Up-to-date: /workspaces/aprs/aprs_ws/install/ur_msgs/include/ur_msgs/ur_msgs/msg/detail/analog__type_support.cpp
[4.178s] -- Up-to-date: /workspaces/aprs/aprs_ws/install/ur_msgs/include/ur_msgs/ur_msgs/msg/detail/robot_state_rt_msg__type_support.cpp
[4.178s] -- Up-to-date: /workspaces/aprs/aprs_ws/install/ur_msgs/include/ur_msgs/ur_msgs/msg/detail/analog__rosidl_typesupport_introspection_cpp.hpp
[4.178s] -- Up-to-date: /workspaces/aprs/aprs_ws/install/ur_msgs/include/ur_msgs/ur_msgs/msg/detail/robot_mode_data_msg__rosidl_typesupport_introspection_cpp.hpp
[4.178s] -- Up-to-date: /workspaces/aprs/aprs_ws/install/ur_msgs/include/ur_msgs/ur_msgs/msg/detail/tool_data_msg__type_support.cpp
[4.179s] -- Up-to-date: /workspaces/aprs/aprs_ws/install/ur_msgs/include/ur_msgs/ur_msgs/msg/detail/tool_data_msg__rosidl_typesupport_introspection_cpp.hpp
[4.179s] -- Up-to-date: /workspaces/aprs/aprs_ws/install/ur_msgs/include/ur_msgs/ur_msgs/msg/detail/io_states__type_support.cpp
[4.179s] -- Up-to-date: /workspaces/aprs/aprs_ws/install/ur_msgs/include/ur_msgs/ur_msgs/msg/detail/robot_mode_data_msg__type_support.cpp
[4.179s] -- Up-to-date: /workspaces/aprs/aprs_ws/install/ur_msgs/include/ur_msgs/ur_msgs/msg/detail/robot_state_rt_msg__rosidl_typesupport_introspection_cpp.hpp
[4.179s] -- Up-to-date: /workspaces/aprs/aprs_ws/install/ur_msgs/lib/libur_msgs__rosidl_typesupport_introspection_cpp.so
[4.179s] -- Up-to-date: /workspaces/aprs/aprs_ws/install/ur_msgs/lib/libur_msgs__rosidl_typesupport_cpp.so
[4.179s] -- Up-to-date: /workspaces/aprs/aprs_ws/install/ur_msgs/share/ur_msgs/environment/pythonpath.sh
[4.179s] -- Installing: /workspaces/aprs/aprs_ws/install/ur_msgs/share/ur_msgs/environment/pythonpath.dsv
[4.179s] -- Up-to-date: /workspaces/aprs/aprs_ws/install/ur_msgs/local/lib/python3.10/dist-packages/ur_msgs-2.0.0-py3.10.egg-info
[4.179s] -- Installing: /workspaces/aprs/aprs_ws/install/ur_msgs/local/lib/python3.10/dist-packages/ur_msgs-2.0.0-py3.10.egg-info/dependency_links.txt
[4.179s] -- Installing: /workspaces/aprs/aprs_ws/install/ur_msgs/local/lib/python3.10/dist-packages/ur_msgs-2.0.0-py3.10.egg-info/top_level.txt
[4.180s] -- Installing: /workspaces/aprs/aprs_ws/install/ur_msgs/local/lib/python3.10/dist-packages/ur_msgs-2.0.0-py3.10.egg-info/PKG-INFO
[4.180s] -- Installing: /workspaces/aprs/aprs_ws/install/ur_msgs/local/lib/python3.10/dist-packages/ur_msgs-2.0.0-py3.10.egg-info/SOURCES.txt
[4.180s] -- Up-to-date: /workspaces/aprs/aprs_ws/install/ur_msgs/local/lib/python3.10/dist-packages/ur_msgs
[4.180s] -- Up-to-date: /workspaces/aprs/aprs_ws/install/ur_msgs/local/lib/python3.10/dist-packages/ur_msgs/srv
[4.180s] -- Up-to-date: /workspaces/aprs/aprs_ws/install/ur_msgs/local/lib/python3.10/dist-packages/ur_msgs/srv/_set_io.py
[4.180s] -- Up-to-date: /workspaces/aprs/aprs_ws/install/ur_msgs/local/lib/python3.10/dist-packages/ur_msgs/srv/_set_speed_slider_fraction.py
[4.180s] -- Up-to-date: /workspaces/aprs/aprs_ws/install/ur_msgs/local/lib/python3.10/dist-packages/ur_msgs/srv/_set_payload_s.c
[4.180s] -- Up-to-date: /workspaces/aprs/aprs_ws/install/ur_msgs/local/lib/python3.10/dist-packages/ur_msgs/srv/_set_speed_slider_fraction_s.c
[4.181s] -- Up-to-date: /workspaces/aprs/aprs_ws/install/ur_msgs/local/lib/python3.10/dist-packages/ur_msgs/srv/_set_io_s.c
[4.181s] -- Up-to-date: /workspaces/aprs/aprs_ws/install/ur_msgs/local/lib/python3.10/dist-packages/ur_msgs/srv/__init__.py
[4.181s] -- Up-to-date: /workspaces/aprs/aprs_ws/install/ur_msgs/local/lib/python3.10/dist-packages/ur_msgs/srv/_set_payload.py
[4.181s] -- Up-to-date: /workspaces/aprs/aprs_ws/install/ur_msgs/local/lib/python3.10/dist-packages/ur_msgs/ur_msgs_s__rosidl_typesupport_fastrtps_c.cpython-310-x86_64-linux-gnu.so
[4.181s] -- Up-to-date: /workspaces/aprs/aprs_ws/install/ur_msgs/local/lib/python3.10/dist-packages/ur_msgs/_ur_msgs_s.ep.rosidl_typesupport_introspection_c.c
[4.181s] -- Up-to-date: /workspaces/aprs/aprs_ws/install/ur_msgs/local/lib/python3.10/dist-packages/ur_msgs/_ur_msgs_s.ep.rosidl_typesupport_fastrtps_c.c
[4.181s] -- Up-to-date: /workspaces/aprs/aprs_ws/install/ur_msgs/local/lib/python3.10/dist-packages/ur_msgs/_ur_msgs_s.ep.rosidl_typesupport_c.c
[4.181s] -- Up-to-date: /workspaces/aprs/aprs_ws/install/ur_msgs/local/lib/python3.10/dist-packages/ur_msgs/ur_msgs_s__rosidl_typesupport_introspection_c.cpython-310-x86_64-linux-gnu.so
[4.181s] -- Up-to-date: /workspaces/aprs/aprs_ws/install/ur_msgs/local/lib/python3.10/dist-packages/ur_msgs/ur_msgs_s__rosidl_typesupport_c.cpython-310-x86_64-linux-gnu.so
[4.182s] -- Up-to-date: /workspaces/aprs/aprs_ws/install/ur_msgs/local/lib/python3.10/dist-packages/ur_msgs/libur_msgs__rosidl_generator_py.so
[4.182s] -- Installing: /workspaces/aprs/aprs_ws/install/ur_msgs/local/lib/python3.10/dist-packages/ur_msgs/__init__.py
[4.182s] -- Up-to-date: /workspaces/aprs/aprs_ws/install/ur_msgs/local/lib/python3.10/dist-packages/ur_msgs/msg
[4.182s] -- Up-to-date: /workspaces/aprs/aprs_ws/install/ur_msgs/local/lib/python3.10/dist-packages/ur_msgs/msg/_tool_data_msg_s.c
[4.182s] -- Up-to-date: /workspaces/aprs/aprs_ws/install/ur_msgs/local/lib/python3.10/dist-packages/ur_msgs/msg/_io_states.py
[4.182s] -- Up-to-date: /workspaces/aprs/aprs_ws/install/ur_msgs/local/lib/python3.10/dist-packages/ur_msgs/msg/_digital_s.c
[4.183s] -- Up-to-date: /workspaces/aprs/aprs_ws/install/ur_msgs/local/lib/python3.10/dist-packages/ur_msgs/msg/_robot_mode_data_msg_s.c
[4.183s] -- Up-to-date: /workspaces/aprs/aprs_ws/install/ur_msgs/local/lib/python3.10/dist-packages/ur_msgs/msg/_analog.py
[4.183s] -- Up-to-date: /workspaces/aprs/aprs_ws/install/ur_msgs/local/lib/python3.10/dist-packages/ur_msgs/msg/_masterboard_data_msg_s.c
[4.183s] -- Up-to-date: /workspaces/aprs/aprs_ws/install/ur_msgs/local/lib/python3.10/dist-packages/ur_msgs/msg/_io_states_s.c
[4.183s] -- Up-to-date: /workspaces/aprs/aprs_ws/install/ur_msgs/local/lib/python3.10/dist-packages/ur_msgs/msg/_masterboard_data_msg.py
[4.183s] -- Up-to-date: /workspaces/aprs/aprs_ws/install/ur_msgs/local/lib/python3.10/dist-packages/ur_msgs/msg/_tool_data_msg.py
[4.183s] -- Up-to-date: /workspaces/aprs/aprs_ws/install/ur_msgs/local/lib/python3.10/dist-packages/ur_msgs/msg/_robot_mode_data_msg.py
[4.183s] -- Up-to-date: /workspaces/aprs/aprs_ws/install/ur_msgs/local/lib/python3.10/dist-packages/ur_msgs/msg/_analog_s.c
[4.183s] -- Up-to-date: /workspaces/aprs/aprs_ws/install/ur_msgs/local/lib/python3.10/dist-packages/ur_msgs/msg/_digital.py
[4.183s] -- Up-to-date: /workspaces/aprs/aprs_ws/install/ur_msgs/local/lib/python3.10/dist-packages/ur_msgs/msg/_robot_state_rt_msg_s.c
[4.183s] -- Up-to-date: /workspaces/aprs/aprs_ws/install/ur_msgs/local/lib/python3.10/dist-packages/ur_msgs/msg/__init__.py
[4.184s] -- Up-to-date: /workspaces/aprs/aprs_ws/install/ur_msgs/local/lib/python3.10/dist-packages/ur_msgs/msg/_robot_state_rt_msg.py
[4.203s] Listing '/workspaces/aprs/aprs_ws/install/ur_msgs/local/lib/python3.10/dist-packages/ur_msgs'...
[4.203s] Compiling '/workspaces/aprs/aprs_ws/install/ur_msgs/local/lib/python3.10/dist-packages/ur_msgs/__init__.py'...
[4.204s] Listing '/workspaces/aprs/aprs_ws/install/ur_msgs/local/lib/python3.10/dist-packages/ur_msgs/msg'...
[4.204s] Listing '/workspaces/aprs/aprs_ws/install/ur_msgs/local/lib/python3.10/dist-packages/ur_msgs/srv'...
[4.217s] -- Up-to-date: /workspaces/aprs/aprs_ws/install/ur_msgs/local/lib/python3.10/dist-packages/ur_msgs/ur_msgs_s__rosidl_typesupport_fastrtps_c.cpython-310-x86_64-linux-gnu.so
[4.217s] -- Up-to-date: /workspaces/aprs/aprs_ws/install/ur_msgs/local/lib/python3.10/dist-packages/ur_msgs/ur_msgs_s__rosidl_typesupport_introspection_c.cpython-310-x86_64-linux-gnu.so
[4.218s] -- Up-to-date: /workspaces/aprs/aprs_ws/install/ur_msgs/local/lib/python3.10/dist-packages/ur_msgs/ur_msgs_s__rosidl_typesupport_c.cpython-310-x86_64-linux-gnu.so
[4.218s] -- Up-to-date: /workspaces/aprs/aprs_ws/install/ur_msgs/lib/libur_msgs__rosidl_generator_py.so
[4.219s] -- Up-to-date: /workspaces/aprs/aprs_ws/install/ur_msgs/share/ur_msgs/msg/Analog.idl
[4.219s] -- Up-to-date: /workspaces/aprs/aprs_ws/install/ur_msgs/share/ur_msgs/msg/Digital.idl
[4.219s] -- Up-to-date: /workspaces/aprs/aprs_ws/install/ur_msgs/share/ur_msgs/msg/IOStates.idl
[4.219s] -- Up-to-date: /workspaces/aprs/aprs_ws/install/ur_msgs/share/ur_msgs/msg/RobotStateRTMsg.idl
[4.219s] -- Up-to-date: /workspaces/aprs/aprs_ws/install/ur_msgs/share/ur_msgs/msg/MasterboardDataMsg.idl
[4.219s] -- Up-to-date: /workspaces/aprs/aprs_ws/install/ur_msgs/share/ur_msgs/msg/RobotModeDataMsg.idl
[4.219s] -- Up-to-date: /workspaces/aprs/aprs_ws/install/ur_msgs/share/ur_msgs/msg/ToolDataMsg.idl
[4.219s] -- Up-to-date: /workspaces/aprs/aprs_ws/install/ur_msgs/share/ur_msgs/srv/SetPayload.idl
[4.219s] -- Up-to-date: /workspaces/aprs/aprs_ws/install/ur_msgs/share/ur_msgs/srv/SetSpeedSliderFraction.idl
[4.219s] -- Up-to-date: /workspaces/aprs/aprs_ws/install/ur_msgs/share/ur_msgs/srv/SetIO.idl
[4.219s] -- Up-to-date: /workspaces/aprs/aprs_ws/install/ur_msgs/share/ur_msgs/msg/Analog.msg
[4.220s] -- Up-to-date: /workspaces/aprs/aprs_ws/install/ur_msgs/share/ur_msgs/msg/Digital.msg
[4.220s] -- Up-to-date: /workspaces/aprs/aprs_ws/install/ur_msgs/share/ur_msgs/msg/IOStates.msg
[4.220s] -- Up-to-date: /workspaces/aprs/aprs_ws/install/ur_msgs/share/ur_msgs/msg/RobotStateRTMsg.msg
[4.220s] -- Up-to-date: /workspaces/aprs/aprs_ws/install/ur_msgs/share/ur_msgs/msg/MasterboardDataMsg.msg
[4.220s] -- Up-to-date: /workspaces/aprs/aprs_ws/install/ur_msgs/share/ur_msgs/msg/RobotModeDataMsg.msg
[4.220s] -- Up-to-date: /workspaces/aprs/aprs_ws/install/ur_msgs/share/ur_msgs/msg/ToolDataMsg.msg
[4.220s] -- Up-to-date: /workspaces/aprs/aprs_ws/install/ur_msgs/share/ur_msgs/srv/SetPayload.srv
[4.220s] -- Up-to-date: /workspaces/aprs/aprs_ws/install/ur_msgs/share/ur_msgs/srv/SetPayload_Request.msg
[4.220s] -- Up-to-date: /workspaces/aprs/aprs_ws/install/ur_msgs/share/ur_msgs/srv/SetPayload_Response.msg
[4.220s] -- Up-to-date: /workspaces/aprs/aprs_ws/install/ur_msgs/share/ur_msgs/srv/SetSpeedSliderFraction.srv
[4.220s] -- Up-to-date: /workspaces/aprs/aprs_ws/install/ur_msgs/share/ur_msgs/srv/SetSpeedSliderFraction_Request.msg
[4.220s] -- Up-to-date: /workspaces/aprs/aprs_ws/install/ur_msgs/share/ur_msgs/srv/SetSpeedSliderFraction_Response.msg
[4.220s] -- Up-to-date: /workspaces/aprs/aprs_ws/install/ur_msgs/share/ur_msgs/srv/SetIO.srv
[4.221s] -- Up-to-date: /workspaces/aprs/aprs_ws/install/ur_msgs/share/ur_msgs/srv/SetIO_Request.msg
[4.221s] -- Up-to-date: /workspaces/aprs/aprs_ws/install/ur_msgs/share/ur_msgs/srv/SetIO_Response.msg
[4.221s] -- Up-to-date: /workspaces/aprs/aprs_ws/install/ur_msgs/share/ament_index/resource_index/package_run_dependencies/ur_msgs
[4.221s] -- Up-to-date: /workspaces/aprs/aprs_ws/install/ur_msgs/share/ament_index/resource_index/parent_prefix_path/ur_msgs
[4.221s] -- Up-to-date: /workspaces/aprs/aprs_ws/install/ur_msgs/share/ur_msgs/environment/ament_prefix_path.sh
[4.221s] -- Installing: /workspaces/aprs/aprs_ws/install/ur_msgs/share/ur_msgs/environment/ament_prefix_path.dsv
[4.221s] -- Up-to-date: /workspaces/aprs/aprs_ws/install/ur_msgs/share/ur_msgs/environment/path.sh
[4.221s] -- Installing: /workspaces/aprs/aprs_ws/install/ur_msgs/share/ur_msgs/environment/path.dsv
[4.222s] -- Up-to-date: /workspaces/aprs/aprs_ws/install/ur_msgs/share/ur_msgs/local_setup.bash
[4.222s] -- Up-to-date: /workspaces/aprs/aprs_ws/install/ur_msgs/share/ur_msgs/local_setup.sh
[4.222s] -- Up-to-date: /workspaces/aprs/aprs_ws/install/ur_msgs/share/ur_msgs/local_setup.zsh
[4.222s] -- Installing: /workspaces/aprs/aprs_ws/install/ur_msgs/share/ur_msgs/local_setup.dsv
[4.223s] -- Installing: /workspaces/aprs/aprs_ws/install/ur_msgs/share/ur_msgs/package.dsv
[4.223s] -- Up-to-date: /workspaces/aprs/aprs_ws/install/ur_msgs/share/ament_index/resource_index/packages/ur_msgs
[4.223s] -- Up-to-date: /workspaces/aprs/aprs_ws/install/ur_msgs/share/ur_msgs/cmake/export_ur_msgs__rosidl_generator_cExport.cmake
[4.223s] -- Up-to-date: /workspaces/aprs/aprs_ws/install/ur_msgs/share/ur_msgs/cmake/export_ur_msgs__rosidl_generator_cExport-noconfig.cmake
[4.223s] -- Up-to-date: /workspaces/aprs/aprs_ws/install/ur_msgs/share/ur_msgs/cmake/export_ur_msgs__rosidl_typesupport_fastrtps_cExport.cmake
[4.223s] -- Up-to-date: /workspaces/aprs/aprs_ws/install/ur_msgs/share/ur_msgs/cmake/export_ur_msgs__rosidl_typesupport_fastrtps_cExport-noconfig.cmake
[4.223s] -- Up-to-date: /workspaces/aprs/aprs_ws/install/ur_msgs/share/ur_msgs/cmake/export_ur_msgs__rosidl_generator_cppExport.cmake
[4.223s] -- Up-to-date: /workspaces/aprs/aprs_ws/install/ur_msgs/share/ur_msgs/cmake/export_ur_msgs__rosidl_typesupport_fastrtps_cppExport.cmake
[4.223s] -- Up-to-date: /workspaces/aprs/aprs_ws/install/ur_msgs/share/ur_msgs/cmake/export_ur_msgs__rosidl_typesupport_fastrtps_cppExport-noconfig.cmake
[4.223s] -- Up-to-date: /workspaces/aprs/aprs_ws/install/ur_msgs/share/ur_msgs/cmake/ur_msgs__rosidl_typesupport_introspection_cExport.cmake
[4.223s] -- Up-to-date: /workspaces/aprs/aprs_ws/install/ur_msgs/share/ur_msgs/cmake/ur_msgs__rosidl_typesupport_introspection_cExport-noconfig.cmake
[4.224s] -- Up-to-date: /workspaces/aprs/aprs_ws/install/ur_msgs/share/ur_msgs/cmake/ur_msgs__rosidl_typesupport_cExport.cmake
[4.224s] -- Up-to-date: /workspaces/aprs/aprs_ws/install/ur_msgs/share/ur_msgs/cmake/ur_msgs__rosidl_typesupport_cExport-noconfig.cmake
[4.224s] -- Up-to-date: /workspaces/aprs/aprs_ws/install/ur_msgs/share/ur_msgs/cmake/ur_msgs__rosidl_typesupport_introspection_cppExport.cmake
[4.224s] -- Up-to-date: /workspaces/aprs/aprs_ws/install/ur_msgs/share/ur_msgs/cmake/ur_msgs__rosidl_typesupport_introspection_cppExport-noconfig.cmake
[4.224s] -- Up-to-date: /workspaces/aprs/aprs_ws/install/ur_msgs/share/ur_msgs/cmake/ur_msgs__rosidl_typesupport_cppExport.cmake
[4.224s] -- Up-to-date: /workspaces/aprs/aprs_ws/install/ur_msgs/share/ur_msgs/cmake/ur_msgs__rosidl_typesupport_cppExport-noconfig.cmake
[4.224s] -- Up-to-date: /workspaces/aprs/aprs_ws/install/ur_msgs/share/ur_msgs/cmake/export_ur_msgs__rosidl_generator_pyExport.cmake
[4.224s] -- Up-to-date: /workspaces/aprs/aprs_ws/install/ur_msgs/share/ur_msgs/cmake/export_ur_msgs__rosidl_generator_pyExport-noconfig.cmake
[4.224s] -- Up-to-date: /workspaces/aprs/aprs_ws/install/ur_msgs/share/ur_msgs/cmake/rosidl_cmake-extras.cmake
[4.224s] -- Up-to-date: /workspaces/aprs/aprs_ws/install/ur_msgs/share/ur_msgs/cmake/ament_cmake_export_dependencies-extras.cmake
[4.225s] -- Up-to-date: /workspaces/aprs/aprs_ws/install/ur_msgs/share/ur_msgs/cmake/ament_cmake_export_include_directories-extras.cmake
[4.225s] -- Up-to-date: /workspaces/aprs/aprs_ws/install/ur_msgs/share/ur_msgs/cmake/ament_cmake_export_libraries-extras.cmake
[4.225s] -- Up-to-date: /workspaces/aprs/aprs_ws/install/ur_msgs/share/ur_msgs/cmake/ament_cmake_export_targets-extras.cmake
[4.225s] -- Up-to-date: /workspaces/aprs/aprs_ws/install/ur_msgs/share/ur_msgs/cmake/rosidl_cmake_export_typesupport_targets-extras.cmake
[4.225s] -- Up-to-date: /workspaces/aprs/aprs_ws/install/ur_msgs/share/ur_msgs/cmake/rosidl_cmake_export_typesupport_libraries-extras.cmake
[4.225s] -- Up-to-date: /workspaces/aprs/aprs_ws/install/ur_msgs/share/ur_msgs/cmake/ur_msgsConfig.cmake
[4.225s] -- Up-to-date: /workspaces/aprs/aprs_ws/install/ur_msgs/share/ur_msgs/cmake/ur_msgsConfig-version.cmake
[4.225s] -- Up-to-date: /workspaces/aprs/aprs_ws/install/ur_msgs/share/ur_msgs/package.xml
[4.458s] Invoked command in '/workspaces/aprs/aprs_ws/build/ur_msgs' returned '0': CMAKE_PREFIX_PATH=/opt/ros/humble /usr/bin/cmake --install /workspaces/aprs/aprs_ws/build/ur_msgs
