[0.196s] Invoking command in '/home/aprs/aprs/aprs_ws/build/table_description': CMAKE_PREFIX_PATH=${CMAKE_PREFIX_PATH}:/home/aprs/aprs/aprs_ws/install/conveyor_controller:/opt/ros/humble /usr/bin/cmake /home/aprs/aprs/aprs_ws/src/assets/environment/table_description -DCMAKE_INSTALL_PREFIX=/home/aprs/aprs/aprs_ws/install/table_description
[0.976s] -- The C compiler identification is GNU 11.4.0
[0.976s] -- The CXX compiler identification is GNU 11.4.0
[0.976s] -- Detecting C compiler ABI info
[0.976s] -- Detecting C compiler ABI info - done
[0.976s] -- Check for working C compiler: /usr/bin/cc - skipped
[0.976s] -- Detecting C compile features
[0.976s] -- Detecting C compile features - done
[0.977s] -- Detecting CXX compiler ABI info
[0.977s] -- Detecting CXX compiler ABI info - done
[0.977s] -- Check for working CXX compiler: /usr/bin/c++ - skipped
[0.977s] -- Detecting CXX compile features
[0.977s] -- Detecting CXX compile features - done
[0.977s] -- Found ament_cmake: 1.3.5 (/opt/ros/humble/share/ament_cmake/cmake)
[0.977s] -- Found Python3: /usr/bin/python3.10 (found version "3.10.12") found components: Interpreter 
[0.977s] -- Found rosidl_default_runtime: 1.2.0 (/opt/ros/humble/share/rosidl_default_runtime/cmake)
[0.977s] -- Using all available rosidl_typesupport_c: rosidl_typesupport_fastrtps_c;rosidl_typesupport_introspection_c
[0.977s] -- Found rosidl_adapter: 3.1.5 (/opt/ros/humble/share/rosidl_adapter/cmake)
[0.977s] -- Using all available rosidl_typesupport_cpp: rosidl_typesupport_fastrtps_cpp;rosidl_typesupport_introspection_cpp
[1.079s] -- Configuring done
[1.107s] -- Generating done
[1.120s] -- Build files have been written to: /home/aprs/aprs/aprs_ws/build/table_description
[1.152s] Invoked command in '/home/aprs/aprs/aprs_ws/build/table_description' returned '0': CMAKE_PREFIX_PATH=${CMAKE_PREFIX_PATH}:/home/aprs/aprs/aprs_ws/install/conveyor_controller:/opt/ros/humble /usr/bin/cmake /home/aprs/aprs/aprs_ws/src/assets/environment/table_description -DCMAKE_INSTALL_PREFIX=/home/aprs/aprs/aprs_ws/install/table_description
[1.153s] Invoking command in '/home/aprs/aprs/aprs_ws/build/table_description': CMAKE_PREFIX_PATH=${CMAKE_PREFIX_PATH}:/home/aprs/aprs/aprs_ws/install/conveyor_controller:/opt/ros/humble /usr/bin/cmake --build /home/aprs/aprs/aprs_ws/build/table_description -- -j16 -l16
[2.160s] Invoked command in '/home/aprs/aprs/aprs_ws/build/table_description' returned '0': CMAKE_PREFIX_PATH=${CMAKE_PREFIX_PATH}:/home/aprs/aprs/aprs_ws/install/conveyor_controller:/opt/ros/humble /usr/bin/cmake --build /home/aprs/aprs/aprs_ws/build/table_description -- -j16 -l16
[2.245s] Invoking command in '/home/aprs/aprs/aprs_ws/build/table_description': CMAKE_PREFIX_PATH=${CMAKE_PREFIX_PATH}:/home/aprs/aprs/aprs_ws/install/conveyor_controller:/opt/ros/humble /usr/bin/cmake --install /home/aprs/aprs/aprs_ws/build/table_description
[2.341s] -- Install configuration: ""
[2.341s] -- Installing: /home/aprs/aprs/aprs_ws/install/table_description/share/table_description/meshes
[2.341s] -- Installing: /home/aprs/aprs/aprs_ws/install/table_description/share/table_description/meshes/collision
[2.341s] -- Installing: /home/aprs/aprs/aprs_ws/install/table_description/share/table_description/meshes/collision/table.stl
[2.341s] -- Installing: /home/aprs/aprs/aprs_ws/install/table_description/share/table_description/meshes/visual
[2.341s] -- Installing: /home/aprs/aprs/aprs_ws/install/table_description/share/table_description/meshes/visual/table.stl
[2.341s] -- Installing: /home/aprs/aprs/aprs_ws/install/table_description/share/table_description/urdf
[2.341s] -- Installing: /home/aprs/aprs/aprs_ws/install/table_description/share/table_description/urdf/table.urdf.xacro
[2.341s] -- Installing: /home/aprs/aprs/aprs_ws/install/table_description/share/ament_index/resource_index/package_run_dependencies/table_description
[2.342s] -- Installing: /home/aprs/aprs/aprs_ws/install/table_description/share/ament_index/resource_index/parent_prefix_path/table_description
[2.342s] -- Installing: /home/aprs/aprs/aprs_ws/install/table_description/share/table_description/environment/ament_prefix_path.sh
[2.342s] -- Installing: /home/aprs/aprs/aprs_ws/install/table_description/share/table_description/environment/ament_prefix_path.dsv
[2.342s] -- Installing: /home/aprs/aprs/aprs_ws/install/table_description/share/table_description/environment/path.sh
[2.342s] -- Installing: /home/aprs/aprs/aprs_ws/install/table_description/share/table_description/environment/path.dsv
[2.342s] -- Installing: /home/aprs/aprs/aprs_ws/install/table_description/share/table_description/local_setup.bash
[2.342s] -- Installing: /home/aprs/aprs/aprs_ws/install/table_description/share/table_description/local_setup.sh
[2.342s] -- Installing: /home/aprs/aprs/aprs_ws/install/table_description/share/table_description/local_setup.zsh
[2.342s] -- Installing: /home/aprs/aprs/aprs_ws/install/table_description/share/table_description/local_setup.dsv
[2.342s] -- Installing: /home/aprs/aprs/aprs_ws/install/table_description/share/table_description/package.dsv
[2.342s] -- Installing: /home/aprs/aprs/aprs_ws/install/table_description/share/ament_index/resource_index/packages/table_description
[2.342s] -- Installing: /home/aprs/aprs/aprs_ws/install/table_description/share/table_description/cmake/table_descriptionConfig.cmake
[2.342s] -- Installing: /home/aprs/aprs/aprs_ws/install/table_description/share/table_description/cmake/table_descriptionConfig-version.cmake
[2.342s] -- Installing: /home/aprs/aprs/aprs_ws/install/table_description/share/table_description/package.xml
[2.386s] Invoked command in '/home/aprs/aprs/aprs_ws/build/table_description' returned '0': CMAKE_PREFIX_PATH=${CMAKE_PREFIX_PATH}:/home/aprs/aprs/aprs_ws/install/conveyor_controller:/opt/ros/humble /usr/bin/cmake --install /home/aprs/aprs/aprs_ws/build/table_description
