[0.017s] Invoking command in '/workspaces/aprs/aprs_ws/build/ur_gz': AMENT_PREFIX_PATH=/workspaces/aprs/aprs_ws/install/gz_ros2_control:${AMENT_PREFIX_PATH} CMAKE_PREFIX_PATH=/workspaces/aprs/aprs_ws/install/gz_ros2_control:/opt/ros/rolling GZ_SIM_PLUGIn_PATH=/workspaces/aprs/aprs_ws/install/gz_ros2_control/lib/gz_ros2_control GZ_SIM_RESOURCE_PATH=/workspaces/aprs/aprs_ws/install/gz_ros2_control/share LD_LIBRARY_PATH=/workspaces/aprs/aprs_ws/install/gz_ros2_control/lib:${LD_LIBRARY_PATH} /usr/bin/cmake /workspaces/aprs/aprs_ws/src/ur_gz -DCMAKE_INSTALL_PREFIX=/workspaces/aprs/aprs_ws/install/ur_gz
[0.024s] -- Found ament_cmake: 2.2.1 (/opt/ros/rolling/share/ament_cmake/cmake)
[0.146s] -- Found control_msgs: 5.0.0 (/opt/ros/rolling/share/control_msgs/cmake)
[0.173s] -- Found rosidl_generator_c: 4.3.0 (/opt/ros/rolling/share/rosidl_generator_c/cmake)
[0.179s] -- Found rosidl_generator_cpp: 4.3.0 (/opt/ros/rolling/share/rosidl_generator_cpp/cmake)
[0.189s] -- Using all available rosidl_typesupport_c: rosidl_typesupport_fastrtps_c;rosidl_typesupport_introspection_c
[0.200s] -- Using all available rosidl_typesupport_cpp: rosidl_typesupport_fastrtps_cpp;rosidl_typesupport_introspection_cpp
[0.713s] -- Found rclcpp: 22.0.0 (/opt/ros/rolling/share/rclcpp/cmake)
[0.790s] -- Found rmw_implementation_cmake: 7.2.1 (/opt/ros/rolling/share/rmw_implementation_cmake/cmake)
[0.790s] -- Found rmw_fastrtps_cpp: 7.3.0 (/opt/ros/rolling/share/rmw_fastrtps_cpp/cmake)
[0.917s] -- Using RMW implementation 'rmw_fastrtps_cpp' as default
[1.099s] -- Found rclcpp_action: 22.0.0 (/opt/ros/rolling/share/rclcpp_action/cmake)
[1.129s] -- Found ament_cmake_gtest: 2.2.1 (/opt/ros/rolling/share/ament_cmake_gtest/cmake)
[1.130s] -- Found ament_lint_auto: 0.15.2 (/opt/ros/rolling/share/ament_lint_auto/cmake)
[1.194s] -- Added test 'copyright' to check source files copyright and LICENSE
[1.195s] -- Added test 'flake8' to check Python code syntax and style conventions
[1.195s] -- Configured 'flake8' exclude dirs and/or files: 
[1.195s] -- Added test 'lint_cmake' to check CMake code style
[1.196s] -- Added test 'pep257' to check Python code against some of the docstring style conventions in PEP 257
[1.196s] -- Added test 'xmllint' to check XML markup files
[1.197s] -- Configuring done
[1.203s] -- Generating done
[1.205s] -- Build files have been written to: /workspaces/aprs/aprs_ws/build/ur_gz
[1.212s] Invoked command in '/workspaces/aprs/aprs_ws/build/ur_gz' returned '0': AMENT_PREFIX_PATH=/workspaces/aprs/aprs_ws/install/gz_ros2_control:${AMENT_PREFIX_PATH} CMAKE_PREFIX_PATH=/workspaces/aprs/aprs_ws/install/gz_ros2_control:/opt/ros/rolling GZ_SIM_PLUGIn_PATH=/workspaces/aprs/aprs_ws/install/gz_ros2_control/lib/gz_ros2_control GZ_SIM_RESOURCE_PATH=/workspaces/aprs/aprs_ws/install/gz_ros2_control/share LD_LIBRARY_PATH=/workspaces/aprs/aprs_ws/install/gz_ros2_control/lib:${LD_LIBRARY_PATH} /usr/bin/cmake /workspaces/aprs/aprs_ws/src/ur_gz -DCMAKE_INSTALL_PREFIX=/workspaces/aprs/aprs_ws/install/ur_gz
[1.214s] Invoking command in '/workspaces/aprs/aprs_ws/build/ur_gz': AMENT_PREFIX_PATH=/workspaces/aprs/aprs_ws/install/gz_ros2_control:${AMENT_PREFIX_PATH} CMAKE_PREFIX_PATH=/workspaces/aprs/aprs_ws/install/gz_ros2_control:/opt/ros/rolling GZ_SIM_PLUGIn_PATH=/workspaces/aprs/aprs_ws/install/gz_ros2_control/lib/gz_ros2_control GZ_SIM_RESOURCE_PATH=/workspaces/aprs/aprs_ws/install/gz_ros2_control/share LD_LIBRARY_PATH=/workspaces/aprs/aprs_ws/install/gz_ros2_control/lib:${LD_LIBRARY_PATH} /usr/bin/cmake --build /workspaces/aprs/aprs_ws/build/ur_gz -- -j16 -l16
[1.248s] Invoked command in '/workspaces/aprs/aprs_ws/build/ur_gz' returned '0': AMENT_PREFIX_PATH=/workspaces/aprs/aprs_ws/install/gz_ros2_control:${AMENT_PREFIX_PATH} CMAKE_PREFIX_PATH=/workspaces/aprs/aprs_ws/install/gz_ros2_control:/opt/ros/rolling GZ_SIM_PLUGIn_PATH=/workspaces/aprs/aprs_ws/install/gz_ros2_control/lib/gz_ros2_control GZ_SIM_RESOURCE_PATH=/workspaces/aprs/aprs_ws/install/gz_ros2_control/share LD_LIBRARY_PATH=/workspaces/aprs/aprs_ws/install/gz_ros2_control/lib:${LD_LIBRARY_PATH} /usr/bin/cmake --build /workspaces/aprs/aprs_ws/build/ur_gz -- -j16 -l16
[1.264s] Invoking command in '/workspaces/aprs/aprs_ws/build/ur_gz': AMENT_PREFIX_PATH=/workspaces/aprs/aprs_ws/install/gz_ros2_control:${AMENT_PREFIX_PATH} CMAKE_PREFIX_PATH=/workspaces/aprs/aprs_ws/install/gz_ros2_control:/opt/ros/rolling GZ_SIM_PLUGIn_PATH=/workspaces/aprs/aprs_ws/install/gz_ros2_control/lib/gz_ros2_control GZ_SIM_RESOURCE_PATH=/workspaces/aprs/aprs_ws/install/gz_ros2_control/share LD_LIBRARY_PATH=/workspaces/aprs/aprs_ws/install/gz_ros2_control/lib:${LD_LIBRARY_PATH} /usr/bin/cmake --install /workspaces/aprs/aprs_ws/build/ur_gz
[1.269s] -- Install configuration: ""
[1.269s] -- Up-to-date: /workspaces/aprs/aprs_ws/install/ur_gz/share/ur_gz//launch
[1.269s] -- Up-to-date: /workspaces/aprs/aprs_ws/install/ur_gz/share/ur_gz//launch/urrobot.launch.py
[1.269s] -- Up-to-date: /workspaces/aprs/aprs_ws/install/ur_gz/share/ur_gz//launch/s2r.launch.py
[1.270s] -- Up-to-date: /workspaces/aprs/aprs_ws/install/ur_gz/share/ur_gz//config
[1.270s] -- Up-to-date: /workspaces/aprs/aprs_ws/install/ur_gz/share/ur_gz//config/ur_controller.yaml
[1.270s] -- Up-to-date: /workspaces/aprs/aprs_ws/install/ur_gz/share/ur_gz//meshes
[1.270s] -- Up-to-date: /workspaces/aprs/aprs_ws/install/ur_gz/share/ur_gz//urdf
[1.270s] -- Up-to-date: /workspaces/aprs/aprs_ws/install/ur_gz/share/ur_gz//urdf/ur_gz.xacro
[1.270s] -- Up-to-date: /workspaces/aprs/aprs_ws/install/ur_gz/share/ur_gz//urdf/ur_gz_macro.xacro
[1.270s] -- Up-to-date: /workspaces/aprs/aprs_ws/install/ur_gz/share/ur_gz/environment/ur_gz.dsv
[1.270s] -- Up-to-date: /workspaces/aprs/aprs_ws/install/ur_gz/share/ur_gz/environment/ur_gz.sh
[1.270s] -- Up-to-date: /workspaces/aprs/aprs_ws/install/ur_gz/share/ament_index/resource_index/package_run_dependencies/ur_gz
[1.270s] -- Up-to-date: /workspaces/aprs/aprs_ws/install/ur_gz/share/ament_index/resource_index/parent_prefix_path/ur_gz
[1.270s] -- Up-to-date: /workspaces/aprs/aprs_ws/install/ur_gz/share/ur_gz/environment/ament_prefix_path.sh
[1.270s] -- Up-to-date: /workspaces/aprs/aprs_ws/install/ur_gz/share/ur_gz/environment/ament_prefix_path.dsv
[1.271s] -- Up-to-date: /workspaces/aprs/aprs_ws/install/ur_gz/share/ur_gz/environment/path.sh
[1.273s] -- Up-to-date: /workspaces/aprs/aprs_ws/install/ur_gz/share/ur_gz/environment/path.dsv
[1.273s] -- Up-to-date: /workspaces/aprs/aprs_ws/install/ur_gz/share/ur_gz/local_setup.bash
[1.273s] -- Up-to-date: /workspaces/aprs/aprs_ws/install/ur_gz/share/ur_gz/local_setup.sh
[1.273s] -- Up-to-date: /workspaces/aprs/aprs_ws/install/ur_gz/share/ur_gz/local_setup.zsh
[1.273s] -- Up-to-date: /workspaces/aprs/aprs_ws/install/ur_gz/share/ur_gz/local_setup.dsv
[1.273s] -- Up-to-date: /workspaces/aprs/aprs_ws/install/ur_gz/share/ur_gz/package.dsv
[1.274s] -- Up-to-date: /workspaces/aprs/aprs_ws/install/ur_gz/share/ament_index/resource_index/packages/ur_gz
[1.274s] -- Up-to-date: /workspaces/aprs/aprs_ws/install/ur_gz/share/ur_gz/cmake/ur_gzConfig.cmake
[1.275s] -- Up-to-date: /workspaces/aprs/aprs_ws/install/ur_gz/share/ur_gz/cmake/ur_gzConfig-version.cmake
[1.275s] -- Up-to-date: /workspaces/aprs/aprs_ws/install/ur_gz/share/ur_gz/package.xml
[1.275s] Invoked command in '/workspaces/aprs/aprs_ws/build/ur_gz' returned '0': AMENT_PREFIX_PATH=/workspaces/aprs/aprs_ws/install/gz_ros2_control:${AMENT_PREFIX_PATH} CMAKE_PREFIX_PATH=/workspaces/aprs/aprs_ws/install/gz_ros2_control:/opt/ros/rolling GZ_SIM_PLUGIn_PATH=/workspaces/aprs/aprs_ws/install/gz_ros2_control/lib/gz_ros2_control GZ_SIM_RESOURCE_PATH=/workspaces/aprs/aprs_ws/install/gz_ros2_control/share LD_LIBRARY_PATH=/workspaces/aprs/aprs_ws/install/gz_ros2_control/lib:${LD_LIBRARY_PATH} /usr/bin/cmake --install /workspaces/aprs/aprs_ws/build/ur_gz
