[ 66%] Built target FullSystem
[ 66%] Built target BasicSystem
[100%] Built target TrackController
-- Install configuration: ""
-- Up-to-date: /workspaces/aprs/aprs_ws/install/ros_gz_example_gazebo/lib/ros_gz_example_gazebo/libTrackController.so
-- Up-to-date: /workspaces/aprs/aprs_ws/install/ros_gz_example_gazebo/lib/ros_gz_example_gazebo/libBasicSystem.so
-- Up-to-date: /workspaces/aprs/aprs_ws/install/ros_gz_example_gazebo/lib/ros_gz_example_gazebo/libFullSystem.so
-- Up-to-date: /workspaces/aprs/aprs_ws/install/ros_gz_example_gazebo/share/ros_gz_example_gazebo/worlds
-- Up-to-date: /workspaces/aprs/aprs_ws/install/ros_gz_example_gazebo/share/ros_gz_example_gazebo/worlds/diff_drive.sdf
-- Up-to-date: /workspaces/aprs/aprs_ws/install/ros_gz_example_gazebo/share/ros_gz_example_gazebo/environment/ros_gz_example_gazebo.dsv
-- Up-to-date: /workspaces/aprs/aprs_ws/install/ros_gz_example_gazebo/share/ros_gz_example_gazebo/environment/ros_gz_example_gazebo.sh
-- Up-to-date: /workspaces/aprs/aprs_ws/install/ros_gz_example_gazebo/share/ament_index/resource_index/package_run_dependencies/ros_gz_example_gazebo
-- Up-to-date: /workspaces/aprs/aprs_ws/install/ros_gz_example_gazebo/share/ament_index/resource_index/parent_prefix_path/ros_gz_example_gazebo
-- Up-to-date: /workspaces/aprs/aprs_ws/install/ros_gz_example_gazebo/share/ros_gz_example_gazebo/environment/ament_prefix_path.sh
-- Up-to-date: /workspaces/aprs/aprs_ws/install/ros_gz_example_gazebo/share/ros_gz_example_gazebo/environment/ament_prefix_path.dsv
-- Up-to-date: /workspaces/aprs/aprs_ws/install/ros_gz_example_gazebo/share/ros_gz_example_gazebo/environment/path.sh
-- Up-to-date: /workspaces/aprs/aprs_ws/install/ros_gz_example_gazebo/share/ros_gz_example_gazebo/environment/path.dsv
-- Up-to-date: /workspaces/aprs/aprs_ws/install/ros_gz_example_gazebo/share/ros_gz_example_gazebo/local_setup.bash
-- Up-to-date: /workspaces/aprs/aprs_ws/install/ros_gz_example_gazebo/share/ros_gz_example_gazebo/local_setup.sh
-- Up-to-date: /workspaces/aprs/aprs_ws/install/ros_gz_example_gazebo/share/ros_gz_example_gazebo/local_setup.zsh
-- Up-to-date: /workspaces/aprs/aprs_ws/install/ros_gz_example_gazebo/share/ros_gz_example_gazebo/local_setup.dsv
-- Installing: /workspaces/aprs/aprs_ws/install/ros_gz_example_gazebo/share/ros_gz_example_gazebo/package.dsv
-- Up-to-date: /workspaces/aprs/aprs_ws/install/ros_gz_example_gazebo/share/ament_index/resource_index/packages/ros_gz_example_gazebo
-- Up-to-date: /workspaces/aprs/aprs_ws/install/ros_gz_example_gazebo/share/ros_gz_example_gazebo/cmake/ros_gz_example_gazeboConfig.cmake
-- Up-to-date: /workspaces/aprs/aprs_ws/install/ros_gz_example_gazebo/share/ros_gz_example_gazebo/cmake/ros_gz_example_gazeboConfig-version.cmake
-- Up-to-date: /workspaces/aprs/aprs_ws/install/ros_gz_example_gazebo/share/ros_gz_example_gazebo/package.xml
