-- Found ament_cmake: 1.3.5 (/opt/ros/humble/share/ament_cmake/cmake)
-- Configuring done
-- Generating done
-- Build files have been written to: /workspaces/aprs_humble/aprs_ws/build/fanuc_description
-- Install configuration: ""
-- Up-to-date: /workspaces/aprs_humble/aprs_ws/install/fanuc_description/share/ament_index/resource_index/package_run_dependencies/fanuc_description
-- Installing: /workspaces/aprs_humble/aprs_ws/install/fanuc_description/share/ament_index/resource_index/parent_prefix_path/fanuc_description
-- Up-to-date: /workspaces/aprs_humble/aprs_ws/install/fanuc_description/share/fanuc_description/environment/ament_prefix_path.sh
-- Installing: /workspaces/aprs_humble/aprs_ws/install/fanuc_description/share/fanuc_description/environment/ament_prefix_path.dsv
-- Up-to-date: /workspaces/aprs_humble/aprs_ws/install/fanuc_description/share/fanuc_description/environment/path.sh
-- Installing: /workspaces/aprs_humble/aprs_ws/install/fanuc_description/share/fanuc_description/environment/path.dsv
-- Up-to-date: /workspaces/aprs_humble/aprs_ws/install/fanuc_description/share/fanuc_description/local_setup.bash
-- Up-to-date: /workspaces/aprs_humble/aprs_ws/install/fanuc_description/share/fanuc_description/local_setup.sh
-- Up-to-date: /workspaces/aprs_humble/aprs_ws/install/fanuc_description/share/fanuc_description/local_setup.zsh
-- Installing: /workspaces/aprs_humble/aprs_ws/install/fanuc_description/share/fanuc_description/local_setup.dsv
-- Installing: /workspaces/aprs_humble/aprs_ws/install/fanuc_description/share/fanuc_description/package.dsv
-- Up-to-date: /workspaces/aprs_humble/aprs_ws/install/fanuc_description/share/ament_index/resource_index/packages/fanuc_description
-- Up-to-date: /workspaces/aprs_humble/aprs_ws/install/fanuc_description/share/fanuc_description/cmake/fanuc_descriptionConfig.cmake
-- Up-to-date: /workspaces/aprs_humble/aprs_ws/install/fanuc_description/share/fanuc_description/cmake/fanuc_descriptionConfig-version.cmake
-- Up-to-date: /workspaces/aprs_humble/aprs_ws/install/fanuc_description/share/fanuc_description/package.xml
-- Up-to-date: /workspaces/aprs_humble/aprs_ws/install/fanuc_description/share/fanuc_description/meshes
-- Up-to-date: /workspaces/aprs_humble/aprs_ws/install/fanuc_description/share/fanuc_description/meshes/visual
-- Up-to-date: /workspaces/aprs_humble/aprs_ws/install/fanuc_description/share/fanuc_description/meshes/visual/link_3.stl
-- Up-to-date: /workspaces/aprs_humble/aprs_ws/install/fanuc_description/share/fanuc_description/meshes/visual/link_2.stl
-- Up-to-date: /workspaces/aprs_humble/aprs_ws/install/fanuc_description/share/fanuc_description/meshes/visual/link_4.stl
-- Up-to-date: /workspaces/aprs_humble/aprs_ws/install/fanuc_description/share/fanuc_description/meshes/visual/link_5.stl
-- Up-to-date: /workspaces/aprs_humble/aprs_ws/install/fanuc_description/share/fanuc_description/meshes/visual/link_1.stl
-- Up-to-date: /workspaces/aprs_humble/aprs_ws/install/fanuc_description/share/fanuc_description/meshes/visual/link_6.stl
-- Up-to-date: /workspaces/aprs_humble/aprs_ws/install/fanuc_description/share/fanuc_description/meshes/visual/base_link.stl
-- Up-to-date: /workspaces/aprs_humble/aprs_ws/install/fanuc_description/share/fanuc_description/meshes/collision
-- Up-to-date: /workspaces/aprs_humble/aprs_ws/install/fanuc_description/share/fanuc_description/meshes/collision/link_3.stl
-- Up-to-date: /workspaces/aprs_humble/aprs_ws/install/fanuc_description/share/fanuc_description/meshes/collision/link_2.stl
-- Up-to-date: /workspaces/aprs_humble/aprs_ws/install/fanuc_description/share/fanuc_description/meshes/collision/link_4.stl
-- Up-to-date: /workspaces/aprs_humble/aprs_ws/install/fanuc_description/share/fanuc_description/meshes/collision/link_5.stl
-- Up-to-date: /workspaces/aprs_humble/aprs_ws/install/fanuc_description/share/fanuc_description/meshes/collision/link_1.stl
-- Up-to-date: /workspaces/aprs_humble/aprs_ws/install/fanuc_description/share/fanuc_description/meshes/collision/link_6.stl
-- Up-to-date: /workspaces/aprs_humble/aprs_ws/install/fanuc_description/share/fanuc_description/meshes/collision/base_link.stl
-- Up-to-date: /workspaces/aprs_humble/aprs_ws/install/fanuc_description/share/fanuc_description/urdf
-- Up-to-date: /workspaces/aprs_humble/aprs_ws/install/fanuc_description/share/fanuc_description/urdf/fanuc.urdf
-- Up-to-date: /workspaces/aprs_humble/aprs_ws/install/fanuc_description/share/fanuc_description/urdf/fanuc.urdf.xacro
