[0.305s] Invoking command in '/workspaces/aprs_humble/aprs_ws/build/ur_robot_driver': CMAKE_PREFIX_PATH=/workspaces/aprs_humble/aprs_ws/install/ur_controllers:/workspaces/aprs_humble/aprs_ws/install/controller_manager:/workspaces/aprs_humble/aprs_ws/install/controller_interface:/workspaces/aprs_humble/aprs_ws/install/hardware_interface:/workspaces/aprs_humble/aprs_ws/install/ur_msgs:/workspaces/aprs_humble/aprs_ws/install/ur_description:/workspaces/aprs_humble/aprs_ws/install/ur_dashboard_msgs:/workspaces/aprs_humble/aprs_ws/install/ur_client_library:/workspaces/aprs_humble/aprs_ws/install/ros2_control_test_assets:/workspaces/aprs_humble/aprs_ws/install/controller_manager_msgs:/workspaces/aprs_humble/aprs_ws/install/worlds:/workspaces/aprs_humble/aprs_ws/install/workbench_description:/workspaces/aprs_humble/aprs_ws/install/vaccum_description:/workspaces/aprs_humble/aprs_ws/install/ur_setup:/workspaces/aprs_humble/aprs_ws/install/ur_calibration:/workspaces/aprs_humble/aprs_ws/install/ur_robot_driver:/workspaces/aprs_humble/aprs_ws/install/ur_bringup:/workspaces/aprs_humble/aprs_ws/install/ur_moveit_config:/workspaces/aprs_humble/aprs_ws/install/ur_gz:/workspaces/aprs_humble/aprs_ws/install/ur5e_moveit_config:/workspaces/aprs_humble/aprs_ws/install/panda_moveit_config:/workspaces/aprs_humble/aprs_ws/install/ros2_control:/workspaces/aprs_humble/aprs_ws/install/transmission_interface:/workspaces/aprs_humble/aprs_ws/install/table_description:/workspaces/aprs_humble/aprs_ws/install/ign_ros2_control_demos:/workspaces/aprs_humble/aprs_ws/install/gz_ros2_control_tests:/workspaces/aprs_humble/aprs_ws/install/franka_gz:/workspaces/aprs_humble/aprs_ws/install/ign_ros2_control:/workspaces/aprs_humble/aprs_ws/install/realsense2_description_:/workspaces/aprs_humble/aprs_ws/install/point_cloud:/workspaces/aprs_humble/aprs_ws/install/panda_description:/workspaces/aprs_humble/aprs_ws/install/joint_limits:/workspaces/aprs_humble/aprs_ws/install/franka_setup:/workspaces/aprs_humble/aprs_ws/install/fanuc_moveit_config:/workspaces/aprs_humble/aprs_ws/install/fanuc_description:/workspaces/aprs_humble/aprs_ws/install/camera_mount:/workspaces/aprs_humble/aprs_ws/install/rqt_controller_manager:/workspaces/aprs_humble/aprs_ws/install/ros2controlcli:/opt/ros/humble LD_LIBRARY_PATH=/workspaces/aprs_humble/aprs_ws/install/ur_controllers/lib:/workspaces/aprs_humble/aprs_ws/install/controller_manager/lib:/workspaces/aprs_humble/aprs_ws/install/controller_interface/lib:/workspaces/aprs_humble/aprs_ws/install/hardware_interface/lib:/workspaces/aprs_humble/aprs_ws/install/ur_msgs/lib:/workspaces/aprs_humble/aprs_ws/install/ur_dashboard_msgs/lib:/workspaces/aprs_humble/aprs_ws/install/ur_client_library/lib:/workspaces/aprs_humble/aprs_ws/install/controller_manager_msgs/lib:/workspaces/aprs_humble/aprs_ws/install/ur_robot_driver/lib:/workspaces/aprs_humble/aprs_ws/install/transmission_interface/lib:/workspaces/aprs_humble/aprs_ws/install/ign_ros2_control/lib:/workspaces/aprs_humble/aprs_ws/install/point_cloud/lib:/opt/ros/humble/opt/rviz_ogre_vendor/lib:/opt/ros/humble/lib/x86_64-linux-gnu:/opt/ros/humble/lib /usr/bin/cmake --build /workspaces/aprs_humble/aprs_ws/build/ur_robot_driver -- -j16 -l16
[0.353s] [35m[1mConsolidate compiler generated dependencies of target urscript_interface[0m
[0.354s] [35m[1mConsolidate compiler generated dependencies of target controller_stopper_node[0m
[0.356s] [35m[1mConsolidate compiler generated dependencies of target ur_robot_driver_plugin[0m
[0.356s] [35m[1mConsolidate compiler generated dependencies of target dashboard_client[0m
[0.374s] [ 13%] Built target ur_ros2_control_node
[0.375s] [ 13%] Built target ament_cmake_python_copy_ur_robot_driver
[0.375s] [ 26%] Built target urscript_interface
[0.379s] [ 46%] Built target controller_stopper_node
[0.383s] [ 73%] Built target dashboard_client
[0.384s] [100%] Built target ur_robot_driver_plugin
[0.595s] running egg_info
[0.596s] writing ur_robot_driver.egg-info/PKG-INFO
[0.596s] writing dependency_links to ur_robot_driver.egg-info/dependency_links.txt
[0.596s] writing top-level names to ur_robot_driver.egg-info/top_level.txt
[0.597s] reading manifest file 'ur_robot_driver.egg-info/SOURCES.txt'
[0.597s] writing manifest file 'ur_robot_driver.egg-info/SOURCES.txt'
[0.630s] [100%] Built target ament_cmake_python_build_ur_robot_driver_egg
[0.639s] Invoked command in '/workspaces/aprs_humble/aprs_ws/build/ur_robot_driver' returned '0': CMAKE_PREFIX_PATH=/workspaces/aprs_humble/aprs_ws/install/ur_controllers:/workspaces/aprs_humble/aprs_ws/install/controller_manager:/workspaces/aprs_humble/aprs_ws/install/controller_interface:/workspaces/aprs_humble/aprs_ws/install/hardware_interface:/workspaces/aprs_humble/aprs_ws/install/ur_msgs:/workspaces/aprs_humble/aprs_ws/install/ur_description:/workspaces/aprs_humble/aprs_ws/install/ur_dashboard_msgs:/workspaces/aprs_humble/aprs_ws/install/ur_client_library:/workspaces/aprs_humble/aprs_ws/install/ros2_control_test_assets:/workspaces/aprs_humble/aprs_ws/install/controller_manager_msgs:/workspaces/aprs_humble/aprs_ws/install/worlds:/workspaces/aprs_humble/aprs_ws/install/workbench_description:/workspaces/aprs_humble/aprs_ws/install/vaccum_description:/workspaces/aprs_humble/aprs_ws/install/ur_setup:/workspaces/aprs_humble/aprs_ws/install/ur_calibration:/workspaces/aprs_humble/aprs_ws/install/ur_robot_driver:/workspaces/aprs_humble/aprs_ws/install/ur_bringup:/workspaces/aprs_humble/aprs_ws/install/ur_moveit_config:/workspaces/aprs_humble/aprs_ws/install/ur_gz:/workspaces/aprs_humble/aprs_ws/install/ur5e_moveit_config:/workspaces/aprs_humble/aprs_ws/install/panda_moveit_config:/workspaces/aprs_humble/aprs_ws/install/ros2_control:/workspaces/aprs_humble/aprs_ws/install/transmission_interface:/workspaces/aprs_humble/aprs_ws/install/table_description:/workspaces/aprs_humble/aprs_ws/install/ign_ros2_control_demos:/workspaces/aprs_humble/aprs_ws/install/gz_ros2_control_tests:/workspaces/aprs_humble/aprs_ws/install/franka_gz:/workspaces/aprs_humble/aprs_ws/install/ign_ros2_control:/workspaces/aprs_humble/aprs_ws/install/realsense2_description_:/workspaces/aprs_humble/aprs_ws/install/point_cloud:/workspaces/aprs_humble/aprs_ws/install/panda_description:/workspaces/aprs_humble/aprs_ws/install/joint_limits:/workspaces/aprs_humble/aprs_ws/install/franka_setup:/workspaces/aprs_humble/aprs_ws/install/fanuc_moveit_config:/workspaces/aprs_humble/aprs_ws/install/fanuc_description:/workspaces/aprs_humble/aprs_ws/install/camera_mount:/workspaces/aprs_humble/aprs_ws/install/rqt_controller_manager:/workspaces/aprs_humble/aprs_ws/install/ros2controlcli:/opt/ros/humble LD_LIBRARY_PATH=/workspaces/aprs_humble/aprs_ws/install/ur_controllers/lib:/workspaces/aprs_humble/aprs_ws/install/controller_manager/lib:/workspaces/aprs_humble/aprs_ws/install/controller_interface/lib:/workspaces/aprs_humble/aprs_ws/install/hardware_interface/lib:/workspaces/aprs_humble/aprs_ws/install/ur_msgs/lib:/workspaces/aprs_humble/aprs_ws/install/ur_dashboard_msgs/lib:/workspaces/aprs_humble/aprs_ws/install/ur_client_library/lib:/workspaces/aprs_humble/aprs_ws/install/controller_manager_msgs/lib:/workspaces/aprs_humble/aprs_ws/install/ur_robot_driver/lib:/workspaces/aprs_humble/aprs_ws/install/transmission_interface/lib:/workspaces/aprs_humble/aprs_ws/install/ign_ros2_control/lib:/workspaces/aprs_humble/aprs_ws/install/point_cloud/lib:/opt/ros/humble/opt/rviz_ogre_vendor/lib:/opt/ros/humble/lib/x86_64-linux-gnu:/opt/ros/humble/lib /usr/bin/cmake --build /workspaces/aprs_humble/aprs_ws/build/ur_robot_driver -- -j16 -l16
[0.681s] Invoking command in '/workspaces/aprs_humble/aprs_ws/build/ur_robot_driver': CMAKE_PREFIX_PATH=/workspaces/aprs_humble/aprs_ws/install/ur_controllers:/workspaces/aprs_humble/aprs_ws/install/controller_manager:/workspaces/aprs_humble/aprs_ws/install/controller_interface:/workspaces/aprs_humble/aprs_ws/install/hardware_interface:/workspaces/aprs_humble/aprs_ws/install/ur_msgs:/workspaces/aprs_humble/aprs_ws/install/ur_description:/workspaces/aprs_humble/aprs_ws/install/ur_dashboard_msgs:/workspaces/aprs_humble/aprs_ws/install/ur_client_library:/workspaces/aprs_humble/aprs_ws/install/ros2_control_test_assets:/workspaces/aprs_humble/aprs_ws/install/controller_manager_msgs:/workspaces/aprs_humble/aprs_ws/install/worlds:/workspaces/aprs_humble/aprs_ws/install/workbench_description:/workspaces/aprs_humble/aprs_ws/install/vaccum_description:/workspaces/aprs_humble/aprs_ws/install/ur_setup:/workspaces/aprs_humble/aprs_ws/install/ur_calibration:/workspaces/aprs_humble/aprs_ws/install/ur_robot_driver:/workspaces/aprs_humble/aprs_ws/install/ur_bringup:/workspaces/aprs_humble/aprs_ws/install/ur_moveit_config:/workspaces/aprs_humble/aprs_ws/install/ur_gz:/workspaces/aprs_humble/aprs_ws/install/ur5e_moveit_config:/workspaces/aprs_humble/aprs_ws/install/panda_moveit_config:/workspaces/aprs_humble/aprs_ws/install/ros2_control:/workspaces/aprs_humble/aprs_ws/install/transmission_interface:/workspaces/aprs_humble/aprs_ws/install/table_description:/workspaces/aprs_humble/aprs_ws/install/ign_ros2_control_demos:/workspaces/aprs_humble/aprs_ws/install/gz_ros2_control_tests:/workspaces/aprs_humble/aprs_ws/install/franka_gz:/workspaces/aprs_humble/aprs_ws/install/ign_ros2_control:/workspaces/aprs_humble/aprs_ws/install/realsense2_description_:/workspaces/aprs_humble/aprs_ws/install/point_cloud:/workspaces/aprs_humble/aprs_ws/install/panda_description:/workspaces/aprs_humble/aprs_ws/install/joint_limits:/workspaces/aprs_humble/aprs_ws/install/franka_setup:/workspaces/aprs_humble/aprs_ws/install/fanuc_moveit_config:/workspaces/aprs_humble/aprs_ws/install/fanuc_description:/workspaces/aprs_humble/aprs_ws/install/camera_mount:/workspaces/aprs_humble/aprs_ws/install/rqt_controller_manager:/workspaces/aprs_humble/aprs_ws/install/ros2controlcli:/opt/ros/humble LD_LIBRARY_PATH=/workspaces/aprs_humble/aprs_ws/install/ur_controllers/lib:/workspaces/aprs_humble/aprs_ws/install/controller_manager/lib:/workspaces/aprs_humble/aprs_ws/install/controller_interface/lib:/workspaces/aprs_humble/aprs_ws/install/hardware_interface/lib:/workspaces/aprs_humble/aprs_ws/install/ur_msgs/lib:/workspaces/aprs_humble/aprs_ws/install/ur_dashboard_msgs/lib:/workspaces/aprs_humble/aprs_ws/install/ur_client_library/lib:/workspaces/aprs_humble/aprs_ws/install/controller_manager_msgs/lib:/workspaces/aprs_humble/aprs_ws/install/ur_robot_driver/lib:/workspaces/aprs_humble/aprs_ws/install/transmission_interface/lib:/workspaces/aprs_humble/aprs_ws/install/ign_ros2_control/lib:/workspaces/aprs_humble/aprs_ws/install/point_cloud/lib:/opt/ros/humble/opt/rviz_ogre_vendor/lib:/opt/ros/humble/lib/x86_64-linux-gnu:/opt/ros/humble/lib /usr/bin/cmake --install /workspaces/aprs_humble/aprs_ws/build/ur_robot_driver
[0.687s] -- Install configuration: "RelWithDebInfo"
[0.687s] -- Up-to-date: /workspaces/aprs_humble/aprs_ws/install/ur_robot_driver/share/ur_robot_driver/hardware_interface_plugin.xml
[0.687s] -- Up-to-date: /workspaces/aprs_humble/aprs_ws/install/ur_robot_driver/lib/ur_robot_driver/dashboard_client
[0.687s] -- Up-to-date: /workspaces/aprs_humble/aprs_ws/install/ur_robot_driver/lib/ur_robot_driver/ur_ros2_control_node
[0.687s] -- Up-to-date: /workspaces/aprs_humble/aprs_ws/install/ur_robot_driver/lib/ur_robot_driver/controller_stopper_node
[0.687s] -- Up-to-date: /workspaces/aprs_humble/aprs_ws/install/ur_robot_driver/lib/ur_robot_driver/urscript_interface
[0.687s] -- Up-to-date: /workspaces/aprs_humble/aprs_ws/install/ur_robot_driver/lib/libur_robot_driver_plugin.so
[0.687s] -- Up-to-date: /workspaces/aprs_humble/aprs_ws/install/ur_robot_driver/include
[0.688s] -- Up-to-date: /workspaces/aprs_humble/aprs_ws/install/ur_robot_driver/include/ur_robot_driver
[0.688s] -- Up-to-date: /workspaces/aprs_humble/aprs_ws/install/ur_robot_driver/include/ur_robot_driver/hardware_interface.hpp
[0.688s] -- Up-to-date: /workspaces/aprs_humble/aprs_ws/install/ur_robot_driver/include/ur_robot_driver/controller_stopper.hpp
[0.688s] -- Up-to-date: /workspaces/aprs_humble/aprs_ws/install/ur_robot_driver/include/ur_robot_driver/dashboard_client_ros.hpp
[0.688s] -- Up-to-date: /workspaces/aprs_humble/aprs_ws/install/ur_robot_driver/include/ur_robot_driver/urcl_log_handler.hpp
[0.688s] -- Up-to-date: /workspaces/aprs_humble/aprs_ws/install/ur_robot_driver/share/ur_robot_driver/environment/library_path.sh
[0.688s] -- Up-to-date: /workspaces/aprs_humble/aprs_ws/install/ur_robot_driver/share/ur_robot_driver/environment/library_path.dsv
[0.688s] -- Up-to-date: /workspaces/aprs_humble/aprs_ws/install/ur_robot_driver/share/ur_robot_driver/resources
[0.688s] -- Up-to-date: /workspaces/aprs_humble/aprs_ws/install/ur_robot_driver/share/ur_robot_driver/resources/rtde_input_recipe.txt
[0.688s] -- Up-to-date: /workspaces/aprs_humble/aprs_ws/install/ur_robot_driver/share/ur_robot_driver/resources/externalcontrol-1.0.5.urcap
[0.688s] -- Up-to-date: /workspaces/aprs_humble/aprs_ws/install/ur_robot_driver/share/ur_robot_driver/resources/rs485-1.0.urcap
[0.688s] -- Up-to-date: /workspaces/aprs_humble/aprs_ws/install/ur_robot_driver/share/ur_robot_driver/resources/ros_control.urscript
[0.688s] -- Up-to-date: /workspaces/aprs_humble/aprs_ws/install/ur_robot_driver/share/ur_robot_driver/resources/rtde_output_recipe.txt
[0.688s] -- Up-to-date: /workspaces/aprs_humble/aprs_ws/install/ur_robot_driver/include
[0.688s] -- Up-to-date: /workspaces/aprs_humble/aprs_ws/install/ur_robot_driver/include/ur_robot_driver
[0.688s] -- Up-to-date: /workspaces/aprs_humble/aprs_ws/install/ur_robot_driver/include/ur_robot_driver/hardware_interface.hpp
[0.689s] -- Up-to-date: /workspaces/aprs_humble/aprs_ws/install/ur_robot_driver/include/ur_robot_driver/controller_stopper.hpp
[0.689s] -- Up-to-date: /workspaces/aprs_humble/aprs_ws/install/ur_robot_driver/include/ur_robot_driver/dashboard_client_ros.hpp
[0.689s] -- Up-to-date: /workspaces/aprs_humble/aprs_ws/install/ur_robot_driver/include/ur_robot_driver/urcl_log_handler.hpp
[0.689s] -- Up-to-date: /workspaces/aprs_humble/aprs_ws/install/ur_robot_driver/share/ur_robot_driver/environment/pythonpath.sh
[0.689s] -- Up-to-date: /workspaces/aprs_humble/aprs_ws/install/ur_robot_driver/share/ur_robot_driver/environment/pythonpath.dsv
[0.689s] -- Up-to-date: /workspaces/aprs_humble/aprs_ws/install/ur_robot_driver/local/lib/python3.10/dist-packages/ur_robot_driver-2.2.8-py3.10.egg-info
[0.689s] -- Installing: /workspaces/aprs_humble/aprs_ws/install/ur_robot_driver/local/lib/python3.10/dist-packages/ur_robot_driver-2.2.8-py3.10.egg-info/dependency_links.txt
[0.689s] -- Installing: /workspaces/aprs_humble/aprs_ws/install/ur_robot_driver/local/lib/python3.10/dist-packages/ur_robot_driver-2.2.8-py3.10.egg-info/top_level.txt
[0.689s] -- Installing: /workspaces/aprs_humble/aprs_ws/install/ur_robot_driver/local/lib/python3.10/dist-packages/ur_robot_driver-2.2.8-py3.10.egg-info/PKG-INFO
[0.689s] -- Installing: /workspaces/aprs_humble/aprs_ws/install/ur_robot_driver/local/lib/python3.10/dist-packages/ur_robot_driver-2.2.8-py3.10.egg-info/SOURCES.txt
[0.689s] -- Up-to-date: /workspaces/aprs_humble/aprs_ws/install/ur_robot_driver/local/lib/python3.10/dist-packages/ur_robot_driver
[0.689s] -- Up-to-date: /workspaces/aprs_humble/aprs_ws/install/ur_robot_driver/local/lib/python3.10/dist-packages/ur_robot_driver/__init__.py
[0.714s] Listing '/workspaces/aprs_humble/aprs_ws/install/ur_robot_driver/local/lib/python3.10/dist-packages/ur_robot_driver'...
[0.717s] -- Up-to-date: /workspaces/aprs_humble/aprs_ws/install/ur_robot_driver/lib/ur_robot_driver/tool_communication.py
[0.717s] -- Up-to-date: /workspaces/aprs_humble/aprs_ws/install/ur_robot_driver/bin/wait_dashboard_server.sh
[0.717s] -- Up-to-date: /workspaces/aprs_humble/aprs_ws/install/ur_robot_driver/lib/ur_robot_driver/start_ursim.sh
[0.717s] -- Up-to-date: /workspaces/aprs_humble/aprs_ws/install/ur_robot_driver/share/ur_robot_driver/config
[0.718s] -- Up-to-date: /workspaces/aprs_humble/aprs_ws/install/ur_robot_driver/share/ur_robot_driver/config/ur5_update_rate.yaml
[0.718s] -- Up-to-date: /workspaces/aprs_humble/aprs_ws/install/ur_robot_driver/share/ur_robot_driver/config/ur16e_update_rate.yaml
[0.718s] -- Up-to-date: /workspaces/aprs_humble/aprs_ws/install/ur_robot_driver/share/ur_robot_driver/config/test_goal_publishers_config.yaml
[0.718s] -- Up-to-date: /workspaces/aprs_humble/aprs_ws/install/ur_robot_driver/share/ur_robot_driver/config/ur5e_update_rate.yaml
[0.718s] -- Up-to-date: /workspaces/aprs_humble/aprs_ws/install/ur_robot_driver/share/ur_robot_driver/config/ur10_update_rate.yaml
[0.718s] -- Up-to-date: /workspaces/aprs_humble/aprs_ws/install/ur_robot_driver/share/ur_robot_driver/config/ur3e_update_rate.yaml
[0.718s] -- Up-to-date: /workspaces/aprs_humble/aprs_ws/install/ur_robot_driver/share/ur_robot_driver/config/ur_controllers.yaml
[0.718s] -- Up-to-date: /workspaces/aprs_humble/aprs_ws/install/ur_robot_driver/share/ur_robot_driver/config/ur3_update_rate.yaml
[0.718s] -- Up-to-date: /workspaces/aprs_humble/aprs_ws/install/ur_robot_driver/share/ur_robot_driver/config/test_velocity_goal_publishers_config.yaml
[0.718s] -- Up-to-date: /workspaces/aprs_humble/aprs_ws/install/ur_robot_driver/share/ur_robot_driver/config/ur10e_update_rate.yaml
[0.718s] -- Up-to-date: /workspaces/aprs_humble/aprs_ws/install/ur_robot_driver/share/ur_robot_driver/launch
[0.718s] -- Up-to-date: /workspaces/aprs_humble/aprs_ws/install/ur_robot_driver/share/ur_robot_driver/launch/ur5e.launch.py
[0.718s] -- Up-to-date: /workspaces/aprs_humble/aprs_ws/install/ur_robot_driver/share/ur_robot_driver/launch/ur3e.launch.py
[0.718s] -- Up-to-date: /workspaces/aprs_humble/aprs_ws/install/ur_robot_driver/share/ur_robot_driver/launch/test_scaled_joint_trajectory_controller.launch.py
[0.718s] -- Up-to-date: /workspaces/aprs_humble/aprs_ws/install/ur_robot_driver/share/ur_robot_driver/launch/ur_dashboard_client.launch.py
[0.718s] -- Up-to-date: /workspaces/aprs_humble/aprs_ws/install/ur_robot_driver/share/ur_robot_driver/launch/ur16e.launch.py
[0.718s] -- Up-to-date: /workspaces/aprs_humble/aprs_ws/install/ur_robot_driver/share/ur_robot_driver/launch/ur10.launch.py
[0.718s] -- Up-to-date: /workspaces/aprs_humble/aprs_ws/install/ur_robot_driver/share/ur_robot_driver/launch/test_forward_velocity_controller.launch.py
[0.719s] -- Up-to-date: /workspaces/aprs_humble/aprs_ws/install/ur_robot_driver/share/ur_robot_driver/launch/ur_control.launch.py
[0.719s] -- Up-to-date: /workspaces/aprs_humble/aprs_ws/install/ur_robot_driver/share/ur_robot_driver/launch/ur10e.launch.py
[0.719s] -- Up-to-date: /workspaces/aprs_humble/aprs_ws/install/ur_robot_driver/share/ur_robot_driver/launch/test_joint_trajectory_controller.launch.py
[0.719s] -- Up-to-date: /workspaces/aprs_humble/aprs_ws/install/ur_robot_driver/share/ur_robot_driver/launch/ur5.launch.py
[0.719s] -- Up-to-date: /workspaces/aprs_humble/aprs_ws/install/ur_robot_driver/share/ur_robot_driver/launch/ur3.launch.py
[0.719s] -- Up-to-date: /workspaces/aprs_humble/aprs_ws/install/ur_robot_driver/share/ament_index/resource_index/package_run_dependencies/ur_robot_driver
[0.719s] -- Up-to-date: /workspaces/aprs_humble/aprs_ws/install/ur_robot_driver/share/ament_index/resource_index/parent_prefix_path/ur_robot_driver
[0.719s] -- Up-to-date: /workspaces/aprs_humble/aprs_ws/install/ur_robot_driver/share/ur_robot_driver/environment/ament_prefix_path.sh
[0.719s] -- Up-to-date: /workspaces/aprs_humble/aprs_ws/install/ur_robot_driver/share/ur_robot_driver/environment/ament_prefix_path.dsv
[0.719s] -- Up-to-date: /workspaces/aprs_humble/aprs_ws/install/ur_robot_driver/share/ur_robot_driver/environment/path.sh
[0.719s] -- Up-to-date: /workspaces/aprs_humble/aprs_ws/install/ur_robot_driver/share/ur_robot_driver/environment/path.dsv
[0.719s] -- Up-to-date: /workspaces/aprs_humble/aprs_ws/install/ur_robot_driver/share/ur_robot_driver/local_setup.bash
[0.719s] -- Up-to-date: /workspaces/aprs_humble/aprs_ws/install/ur_robot_driver/share/ur_robot_driver/local_setup.sh
[0.719s] -- Up-to-date: /workspaces/aprs_humble/aprs_ws/install/ur_robot_driver/share/ur_robot_driver/local_setup.zsh
[0.719s] -- Up-to-date: /workspaces/aprs_humble/aprs_ws/install/ur_robot_driver/share/ur_robot_driver/local_setup.dsv
[0.719s] -- Installing: /workspaces/aprs_humble/aprs_ws/install/ur_robot_driver/share/ur_robot_driver/package.dsv
[0.719s] -- Up-to-date: /workspaces/aprs_humble/aprs_ws/install/ur_robot_driver/share/ament_index/resource_index/packages/ur_robot_driver
[0.719s] -- Up-to-date: /workspaces/aprs_humble/aprs_ws/install/ur_robot_driver/share/ament_index/resource_index/hardware_interface__pluginlib__plugin/ur_robot_driver
[0.719s] -- Up-to-date: /workspaces/aprs_humble/aprs_ws/install/ur_robot_driver/share/ur_robot_driver/cmake/ament_cmake_export_include_directories-extras.cmake
[0.719s] -- Up-to-date: /workspaces/aprs_humble/aprs_ws/install/ur_robot_driver/share/ur_robot_driver/cmake/ament_cmake_export_libraries-extras.cmake
[0.719s] -- Up-to-date: /workspaces/aprs_humble/aprs_ws/install/ur_robot_driver/share/ur_robot_driver/cmake/ament_cmake_export_dependencies-extras.cmake
[0.719s] -- Up-to-date: /workspaces/aprs_humble/aprs_ws/install/ur_robot_driver/share/ur_robot_driver/cmake/ur_robot_driverConfig.cmake
[0.719s] -- Up-to-date: /workspaces/aprs_humble/aprs_ws/install/ur_robot_driver/share/ur_robot_driver/cmake/ur_robot_driverConfig-version.cmake
[0.719s] -- Up-to-date: /workspaces/aprs_humble/aprs_ws/install/ur_robot_driver/share/ur_robot_driver/package.xml
[0.722s] Invoked command in '/workspaces/aprs_humble/aprs_ws/build/ur_robot_driver' returned '0': CMAKE_PREFIX_PATH=/workspaces/aprs_humble/aprs_ws/install/ur_controllers:/workspaces/aprs_humble/aprs_ws/install/controller_manager:/workspaces/aprs_humble/aprs_ws/install/controller_interface:/workspaces/aprs_humble/aprs_ws/install/hardware_interface:/workspaces/aprs_humble/aprs_ws/install/ur_msgs:/workspaces/aprs_humble/aprs_ws/install/ur_description:/workspaces/aprs_humble/aprs_ws/install/ur_dashboard_msgs:/workspaces/aprs_humble/aprs_ws/install/ur_client_library:/workspaces/aprs_humble/aprs_ws/install/ros2_control_test_assets:/workspaces/aprs_humble/aprs_ws/install/controller_manager_msgs:/workspaces/aprs_humble/aprs_ws/install/worlds:/workspaces/aprs_humble/aprs_ws/install/workbench_description:/workspaces/aprs_humble/aprs_ws/install/vaccum_description:/workspaces/aprs_humble/aprs_ws/install/ur_setup:/workspaces/aprs_humble/aprs_ws/install/ur_calibration:/workspaces/aprs_humble/aprs_ws/install/ur_robot_driver:/workspaces/aprs_humble/aprs_ws/install/ur_bringup:/workspaces/aprs_humble/aprs_ws/install/ur_moveit_config:/workspaces/aprs_humble/aprs_ws/install/ur_gz:/workspaces/aprs_humble/aprs_ws/install/ur5e_moveit_config:/workspaces/aprs_humble/aprs_ws/install/panda_moveit_config:/workspaces/aprs_humble/aprs_ws/install/ros2_control:/workspaces/aprs_humble/aprs_ws/install/transmission_interface:/workspaces/aprs_humble/aprs_ws/install/table_description:/workspaces/aprs_humble/aprs_ws/install/ign_ros2_control_demos:/workspaces/aprs_humble/aprs_ws/install/gz_ros2_control_tests:/workspaces/aprs_humble/aprs_ws/install/franka_gz:/workspaces/aprs_humble/aprs_ws/install/ign_ros2_control:/workspaces/aprs_humble/aprs_ws/install/realsense2_description_:/workspaces/aprs_humble/aprs_ws/install/point_cloud:/workspaces/aprs_humble/aprs_ws/install/panda_description:/workspaces/aprs_humble/aprs_ws/install/joint_limits:/workspaces/aprs_humble/aprs_ws/install/franka_setup:/workspaces/aprs_humble/aprs_ws/install/fanuc_moveit_config:/workspaces/aprs_humble/aprs_ws/install/fanuc_description:/workspaces/aprs_humble/aprs_ws/install/camera_mount:/workspaces/aprs_humble/aprs_ws/install/rqt_controller_manager:/workspaces/aprs_humble/aprs_ws/install/ros2controlcli:/opt/ros/humble LD_LIBRARY_PATH=/workspaces/aprs_humble/aprs_ws/install/ur_controllers/lib:/workspaces/aprs_humble/aprs_ws/install/controller_manager/lib:/workspaces/aprs_humble/aprs_ws/install/controller_interface/lib:/workspaces/aprs_humble/aprs_ws/install/hardware_interface/lib:/workspaces/aprs_humble/aprs_ws/install/ur_msgs/lib:/workspaces/aprs_humble/aprs_ws/install/ur_dashboard_msgs/lib:/workspaces/aprs_humble/aprs_ws/install/ur_client_library/lib:/workspaces/aprs_humble/aprs_ws/install/controller_manager_msgs/lib:/workspaces/aprs_humble/aprs_ws/install/ur_robot_driver/lib:/workspaces/aprs_humble/aprs_ws/install/transmission_interface/lib:/workspaces/aprs_humble/aprs_ws/install/ign_ros2_control/lib:/workspaces/aprs_humble/aprs_ws/install/point_cloud/lib:/opt/ros/humble/opt/rviz_ogre_vendor/lib:/opt/ros/humble/lib/x86_64-linux-gnu:/opt/ros/humble/lib /usr/bin/cmake --install /workspaces/aprs_humble/aprs_ws/build/ur_robot_driver
