[0.077s] Invoking command in '/workspaces/aprs/aprs_ws/build/ur_calibration': CMAKE_PREFIX_PATH=/workspaces/aprs/aprs_ws/install/ur_robot_driver:/workspaces/aprs/aprs_ws/install/ur_controllers:/workspaces/aprs/aprs_ws/install/ur_msgs:/workspaces/aprs/aprs_ws/install/ur_description:/workspaces/aprs/aprs_ws/install/ur_dashboard_msgs:/workspaces/aprs/aprs_ws/install/ur_client_library:/workspaces/aprs/aprs_ws/install/worlds:/workspaces/aprs/aprs_ws/install/workbench_description:/workspaces/aprs/aprs_ws/install/vaccum_description:/workspaces/aprs/aprs_ws/install/ur_setup:/workspaces/aprs/aprs_ws/install/ur:/workspaces/aprs/aprs_ws/install/ur_calibration:/workspaces/aprs/aprs_ws/install/ur_bringup:/workspaces/aprs/aprs_ws/install/ur_moveit_config:/workspaces/aprs/aprs_ws/install/ur_gz:/workspaces/aprs/aprs_ws/install/ur_description__:/workspaces/aprs/aprs_ws/install/ur5e_moveit_config:/workspaces/aprs/aprs_ws/install/panda_moveit_config:/workspaces/aprs/aprs_ws/install/motoman_moveit_config:/workspaces/aprs/aprs_ws/install/fanuc_moveit_config:/workspaces/aprs/aprs_ws/install/aprs_moveit_config:/workspaces/aprs/aprs_ws/install/table_description:/workspaces/aprs/aprs_ws/install/ros_gz_example_gazebo:/workspaces/aprs/aprs_ws/install/point_cloud:/workspaces/aprs/aprs_ws/install/realsense2_description:/workspaces/aprs/aprs_ws/install/panda_description:/workspaces/aprs/aprs_ws/install/motoman_gz:/workspaces/aprs/aprs_ws/install/motoman_description:/workspaces/aprs/aprs_ws/install/ign_ros2_control_demos:/workspaces/aprs/aprs_ws/install/gz_ros2_control_tests:/workspaces/aprs/aprs_ws/install/ign_ros2_control:/workspaces/aprs/aprs_ws/install/franka_setup:/workspaces/aprs/aprs_ws/install/franka_gz:/workspaces/aprs/aprs_ws/install/fanuc_gz:/workspaces/aprs/aprs_ws/install/fanuc_description:/workspaces/aprs/aprs_ws/install/camera_mount:/workspaces/aprs/aprs_ws/install/aprs_lab:/workspaces/aprs/aprs_ws/install/aprs_gazebo:/opt/ros/humble /usr/bin/cmake --build /workspaces/aprs/aprs_ws/build/ur_calibration -- -j16 -l16
[0.128s] [35m[1mConsolidate compiler generated dependencies of target gmock_main[0m
[0.128s] [35m[1mConsolidate compiler generated dependencies of target gmock[0m
[0.129s] [35m[1mConsolidate compiler generated dependencies of target calibration[0m
[0.147s] [ 16%] Built target gmock_main
[0.149s] [ 41%] Built target gmock
[0.161s] [ 66%] Built target calibration
[0.174s] [35m[1mConsolidate compiler generated dependencies of target calibration_test[0m
[0.174s] [35m[1mConsolidate compiler generated dependencies of target calibration_correction[0m
[0.202s] [100%] Built target calibration_correction
[0.202s] [100%] Built target calibration_test
[0.216s] Invoked command in '/workspaces/aprs/aprs_ws/build/ur_calibration' returned '0': CMAKE_PREFIX_PATH=/workspaces/aprs/aprs_ws/install/ur_robot_driver:/workspaces/aprs/aprs_ws/install/ur_controllers:/workspaces/aprs/aprs_ws/install/ur_msgs:/workspaces/aprs/aprs_ws/install/ur_description:/workspaces/aprs/aprs_ws/install/ur_dashboard_msgs:/workspaces/aprs/aprs_ws/install/ur_client_library:/workspaces/aprs/aprs_ws/install/worlds:/workspaces/aprs/aprs_ws/install/workbench_description:/workspaces/aprs/aprs_ws/install/vaccum_description:/workspaces/aprs/aprs_ws/install/ur_setup:/workspaces/aprs/aprs_ws/install/ur:/workspaces/aprs/aprs_ws/install/ur_calibration:/workspaces/aprs/aprs_ws/install/ur_bringup:/workspaces/aprs/aprs_ws/install/ur_moveit_config:/workspaces/aprs/aprs_ws/install/ur_gz:/workspaces/aprs/aprs_ws/install/ur_description__:/workspaces/aprs/aprs_ws/install/ur5e_moveit_config:/workspaces/aprs/aprs_ws/install/panda_moveit_config:/workspaces/aprs/aprs_ws/install/motoman_moveit_config:/workspaces/aprs/aprs_ws/install/fanuc_moveit_config:/workspaces/aprs/aprs_ws/install/aprs_moveit_config:/workspaces/aprs/aprs_ws/install/table_description:/workspaces/aprs/aprs_ws/install/ros_gz_example_gazebo:/workspaces/aprs/aprs_ws/install/point_cloud:/workspaces/aprs/aprs_ws/install/realsense2_description:/workspaces/aprs/aprs_ws/install/panda_description:/workspaces/aprs/aprs_ws/install/motoman_gz:/workspaces/aprs/aprs_ws/install/motoman_description:/workspaces/aprs/aprs_ws/install/ign_ros2_control_demos:/workspaces/aprs/aprs_ws/install/gz_ros2_control_tests:/workspaces/aprs/aprs_ws/install/ign_ros2_control:/workspaces/aprs/aprs_ws/install/franka_setup:/workspaces/aprs/aprs_ws/install/franka_gz:/workspaces/aprs/aprs_ws/install/fanuc_gz:/workspaces/aprs/aprs_ws/install/fanuc_description:/workspaces/aprs/aprs_ws/install/camera_mount:/workspaces/aprs/aprs_ws/install/aprs_lab:/workspaces/aprs/aprs_ws/install/aprs_gazebo:/opt/ros/humble /usr/bin/cmake --build /workspaces/aprs/aprs_ws/build/ur_calibration -- -j16 -l16
[0.266s] Invoking command in '/workspaces/aprs/aprs_ws/build/ur_calibration': CMAKE_PREFIX_PATH=/workspaces/aprs/aprs_ws/install/ur_robot_driver:/workspaces/aprs/aprs_ws/install/ur_controllers:/workspaces/aprs/aprs_ws/install/ur_msgs:/workspaces/aprs/aprs_ws/install/ur_description:/workspaces/aprs/aprs_ws/install/ur_dashboard_msgs:/workspaces/aprs/aprs_ws/install/ur_client_library:/workspaces/aprs/aprs_ws/install/worlds:/workspaces/aprs/aprs_ws/install/workbench_description:/workspaces/aprs/aprs_ws/install/vaccum_description:/workspaces/aprs/aprs_ws/install/ur_setup:/workspaces/aprs/aprs_ws/install/ur:/workspaces/aprs/aprs_ws/install/ur_calibration:/workspaces/aprs/aprs_ws/install/ur_bringup:/workspaces/aprs/aprs_ws/install/ur_moveit_config:/workspaces/aprs/aprs_ws/install/ur_gz:/workspaces/aprs/aprs_ws/install/ur_description__:/workspaces/aprs/aprs_ws/install/ur5e_moveit_config:/workspaces/aprs/aprs_ws/install/panda_moveit_config:/workspaces/aprs/aprs_ws/install/motoman_moveit_config:/workspaces/aprs/aprs_ws/install/fanuc_moveit_config:/workspaces/aprs/aprs_ws/install/aprs_moveit_config:/workspaces/aprs/aprs_ws/install/table_description:/workspaces/aprs/aprs_ws/install/ros_gz_example_gazebo:/workspaces/aprs/aprs_ws/install/point_cloud:/workspaces/aprs/aprs_ws/install/realsense2_description:/workspaces/aprs/aprs_ws/install/panda_description:/workspaces/aprs/aprs_ws/install/motoman_gz:/workspaces/aprs/aprs_ws/install/motoman_description:/workspaces/aprs/aprs_ws/install/ign_ros2_control_demos:/workspaces/aprs/aprs_ws/install/gz_ros2_control_tests:/workspaces/aprs/aprs_ws/install/ign_ros2_control:/workspaces/aprs/aprs_ws/install/franka_setup:/workspaces/aprs/aprs_ws/install/franka_gz:/workspaces/aprs/aprs_ws/install/fanuc_gz:/workspaces/aprs/aprs_ws/install/fanuc_description:/workspaces/aprs/aprs_ws/install/camera_mount:/workspaces/aprs/aprs_ws/install/aprs_lab:/workspaces/aprs/aprs_ws/install/aprs_gazebo:/opt/ros/humble /usr/bin/cmake --install /workspaces/aprs/aprs_ws/build/ur_calibration
[0.273s] -- Install configuration: "RelWithDebInfo"
[0.273s] -- Up-to-date: /workspaces/aprs/aprs_ws/install/ur_calibration/lib/ur_calibration/calibration_correction
[0.273s] -- Up-to-date: /workspaces/aprs/aprs_ws/install/ur_calibration/include
[0.274s] -- Up-to-date: /workspaces/aprs/aprs_ws/install/ur_calibration/include/ur_calibration
[0.274s] -- Up-to-date: /workspaces/aprs/aprs_ws/install/ur_calibration/include/ur_calibration/calibration_consumer.hpp
[0.274s] -- Up-to-date: /workspaces/aprs/aprs_ws/install/ur_calibration/include/ur_calibration/calibration.hpp
[0.274s] -- Up-to-date: /workspaces/aprs/aprs_ws/install/ur_calibration/share/ur_calibration/launch
[0.274s] -- Up-to-date: /workspaces/aprs/aprs_ws/install/ur_calibration/share/ur_calibration/launch/calibration_correction.launch.py
[0.274s] -- Up-to-date: /workspaces/aprs/aprs_ws/install/ur_calibration/share/ament_index/resource_index/package_run_dependencies/ur_calibration
[0.274s] -- Up-to-date: /workspaces/aprs/aprs_ws/install/ur_calibration/share/ament_index/resource_index/parent_prefix_path/ur_calibration
[0.274s] -- Up-to-date: /workspaces/aprs/aprs_ws/install/ur_calibration/share/ur_calibration/environment/ament_prefix_path.sh
[0.274s] -- Up-to-date: /workspaces/aprs/aprs_ws/install/ur_calibration/share/ur_calibration/environment/ament_prefix_path.dsv
[0.274s] -- Up-to-date: /workspaces/aprs/aprs_ws/install/ur_calibration/share/ur_calibration/environment/path.sh
[0.274s] -- Up-to-date: /workspaces/aprs/aprs_ws/install/ur_calibration/share/ur_calibration/environment/path.dsv
[0.274s] -- Up-to-date: /workspaces/aprs/aprs_ws/install/ur_calibration/share/ur_calibration/local_setup.bash
[0.275s] -- Up-to-date: /workspaces/aprs/aprs_ws/install/ur_calibration/share/ur_calibration/local_setup.sh
[0.275s] -- Up-to-date: /workspaces/aprs/aprs_ws/install/ur_calibration/share/ur_calibration/local_setup.zsh
[0.275s] -- Up-to-date: /workspaces/aprs/aprs_ws/install/ur_calibration/share/ur_calibration/local_setup.dsv
[0.275s] -- Installing: /workspaces/aprs/aprs_ws/install/ur_calibration/share/ur_calibration/package.dsv
[0.275s] -- Up-to-date: /workspaces/aprs/aprs_ws/install/ur_calibration/share/ament_index/resource_index/packages/ur_calibration
[0.275s] -- Up-to-date: /workspaces/aprs/aprs_ws/install/ur_calibration/share/ur_calibration/cmake/ament_cmake_export_include_directories-extras.cmake
[0.275s] -- Up-to-date: /workspaces/aprs/aprs_ws/install/ur_calibration/share/ur_calibration/cmake/ament_cmake_export_dependencies-extras.cmake
[0.275s] -- Up-to-date: /workspaces/aprs/aprs_ws/install/ur_calibration/share/ur_calibration/cmake/ur_calibrationConfig.cmake
[0.275s] -- Up-to-date: /workspaces/aprs/aprs_ws/install/ur_calibration/share/ur_calibration/cmake/ur_calibrationConfig-version.cmake
[0.275s] -- Up-to-date: /workspaces/aprs/aprs_ws/install/ur_calibration/share/ur_calibration/package.xml
[0.276s] Invoked command in '/workspaces/aprs/aprs_ws/build/ur_calibration' returned '0': CMAKE_PREFIX_PATH=/workspaces/aprs/aprs_ws/install/ur_robot_driver:/workspaces/aprs/aprs_ws/install/ur_controllers:/workspaces/aprs/aprs_ws/install/ur_msgs:/workspaces/aprs/aprs_ws/install/ur_description:/workspaces/aprs/aprs_ws/install/ur_dashboard_msgs:/workspaces/aprs/aprs_ws/install/ur_client_library:/workspaces/aprs/aprs_ws/install/worlds:/workspaces/aprs/aprs_ws/install/workbench_description:/workspaces/aprs/aprs_ws/install/vaccum_description:/workspaces/aprs/aprs_ws/install/ur_setup:/workspaces/aprs/aprs_ws/install/ur:/workspaces/aprs/aprs_ws/install/ur_calibration:/workspaces/aprs/aprs_ws/install/ur_bringup:/workspaces/aprs/aprs_ws/install/ur_moveit_config:/workspaces/aprs/aprs_ws/install/ur_gz:/workspaces/aprs/aprs_ws/install/ur_description__:/workspaces/aprs/aprs_ws/install/ur5e_moveit_config:/workspaces/aprs/aprs_ws/install/panda_moveit_config:/workspaces/aprs/aprs_ws/install/motoman_moveit_config:/workspaces/aprs/aprs_ws/install/fanuc_moveit_config:/workspaces/aprs/aprs_ws/install/aprs_moveit_config:/workspaces/aprs/aprs_ws/install/table_description:/workspaces/aprs/aprs_ws/install/ros_gz_example_gazebo:/workspaces/aprs/aprs_ws/install/point_cloud:/workspaces/aprs/aprs_ws/install/realsense2_description:/workspaces/aprs/aprs_ws/install/panda_description:/workspaces/aprs/aprs_ws/install/motoman_gz:/workspaces/aprs/aprs_ws/install/motoman_description:/workspaces/aprs/aprs_ws/install/ign_ros2_control_demos:/workspaces/aprs/aprs_ws/install/gz_ros2_control_tests:/workspaces/aprs/aprs_ws/install/ign_ros2_control:/workspaces/aprs/aprs_ws/install/franka_setup:/workspaces/aprs/aprs_ws/install/franka_gz:/workspaces/aprs/aprs_ws/install/fanuc_gz:/workspaces/aprs/aprs_ws/install/fanuc_description:/workspaces/aprs/aprs_ws/install/camera_mount:/workspaces/aprs/aprs_ws/install/aprs_lab:/workspaces/aprs/aprs_ws/install/aprs_gazebo:/opt/ros/humble /usr/bin/cmake --install /workspaces/aprs/aprs_ws/build/ur_calibration
