[0.093s] Invoking command in '/workspaces/aprs_humble/aprs_ws/build/fanuc_description': CMAKE_PREFIX_PATH=${CMAKE_PREFIX_PATH}:/workspaces/aprs_humble/aprs_ws/install/rqt_controller_manager:/workspaces/aprs_humble/aprs_ws/install/ros2controlcli:/opt/ros/humble /usr/bin/cmake --build /workspaces/aprs_humble/aprs_ws/build/fanuc_description -- -j16 -l16
[0.260s] Invoked command in '/workspaces/aprs_humble/aprs_ws/build/fanuc_description' returned '0': CMAKE_PREFIX_PATH=${CMAKE_PREFIX_PATH}:/workspaces/aprs_humble/aprs_ws/install/rqt_controller_manager:/workspaces/aprs_humble/aprs_ws/install/ros2controlcli:/opt/ros/humble /usr/bin/cmake --build /workspaces/aprs_humble/aprs_ws/build/fanuc_description -- -j16 -l16
[0.358s] Invoking command in '/workspaces/aprs_humble/aprs_ws/build/fanuc_description': CMAKE_PREFIX_PATH=${CMAKE_PREFIX_PATH}:/workspaces/aprs_humble/aprs_ws/install/rqt_controller_manager:/workspaces/aprs_humble/aprs_ws/install/ros2controlcli:/opt/ros/humble /usr/bin/cmake --install /workspaces/aprs_humble/aprs_ws/build/fanuc_description
[0.409s] -- Install configuration: ""
[0.412s] -- Up-to-date: /workspaces/aprs_humble/aprs_ws/install/fanuc_description/share/ament_index/resource_index/package_run_dependencies/fanuc_description
[0.412s] -- Up-to-date: /workspaces/aprs_humble/aprs_ws/install/fanuc_description/share/ament_index/resource_index/parent_prefix_path/fanuc_description
[0.412s] -- Up-to-date: /workspaces/aprs_humble/aprs_ws/install/fanuc_description/share/fanuc_description/environment/ament_prefix_path.sh
[0.412s] -- Up-to-date: /workspaces/aprs_humble/aprs_ws/install/fanuc_description/share/fanuc_description/environment/ament_prefix_path.dsv
[0.412s] -- Up-to-date: /workspaces/aprs_humble/aprs_ws/install/fanuc_description/share/fanuc_description/environment/path.sh
[0.412s] -- Up-to-date: /workspaces/aprs_humble/aprs_ws/install/fanuc_description/share/fanuc_description/environment/path.dsv
[0.412s] -- Up-to-date: /workspaces/aprs_humble/aprs_ws/install/fanuc_description/share/fanuc_description/local_setup.bash
[0.412s] -- Up-to-date: /workspaces/aprs_humble/aprs_ws/install/fanuc_description/share/fanuc_description/local_setup.sh
[0.413s] -- Up-to-date: /workspaces/aprs_humble/aprs_ws/install/fanuc_description/share/fanuc_description/local_setup.zsh
[0.413s] -- Up-to-date: /workspaces/aprs_humble/aprs_ws/install/fanuc_description/share/fanuc_description/local_setup.dsv
[0.413s] -- Up-to-date: /workspaces/aprs_humble/aprs_ws/install/fanuc_description/share/fanuc_description/package.dsv
[0.413s] -- Up-to-date: /workspaces/aprs_humble/aprs_ws/install/fanuc_description/share/ament_index/resource_index/packages/fanuc_description
[0.413s] -- Up-to-date: /workspaces/aprs_humble/aprs_ws/install/fanuc_description/share/fanuc_description/cmake/fanuc_descriptionConfig.cmake
[0.413s] -- Up-to-date: /workspaces/aprs_humble/aprs_ws/install/fanuc_description/share/fanuc_description/cmake/fanuc_descriptionConfig-version.cmake
[0.413s] -- Up-to-date: /workspaces/aprs_humble/aprs_ws/install/fanuc_description/share/fanuc_description/package.xml
[0.413s] -- Up-to-date: /workspaces/aprs_humble/aprs_ws/install/fanuc_description/share/fanuc_description/meshes
[0.413s] -- Up-to-date: /workspaces/aprs_humble/aprs_ws/install/fanuc_description/share/fanuc_description/meshes/visual
[0.413s] -- Up-to-date: /workspaces/aprs_humble/aprs_ws/install/fanuc_description/share/fanuc_description/meshes/visual/link_3.stl
[0.413s] -- Up-to-date: /workspaces/aprs_humble/aprs_ws/install/fanuc_description/share/fanuc_description/meshes/visual/link_2.stl
[0.414s] -- Up-to-date: /workspaces/aprs_humble/aprs_ws/install/fanuc_description/share/fanuc_description/meshes/visual/link_4.stl
[0.414s] -- Up-to-date: /workspaces/aprs_humble/aprs_ws/install/fanuc_description/share/fanuc_description/meshes/visual/link_5.stl
[0.414s] -- Up-to-date: /workspaces/aprs_humble/aprs_ws/install/fanuc_description/share/fanuc_description/meshes/visual/link_1.stl
[0.414s] -- Up-to-date: /workspaces/aprs_humble/aprs_ws/install/fanuc_description/share/fanuc_description/meshes/visual/link_6.stl
[0.414s] -- Up-to-date: /workspaces/aprs_humble/aprs_ws/install/fanuc_description/share/fanuc_description/meshes/visual/base_link.stl
[0.414s] -- Up-to-date: /workspaces/aprs_humble/aprs_ws/install/fanuc_description/share/fanuc_description/meshes/collision
[0.414s] -- Up-to-date: /workspaces/aprs_humble/aprs_ws/install/fanuc_description/share/fanuc_description/meshes/collision/link_3.stl
[0.414s] -- Up-to-date: /workspaces/aprs_humble/aprs_ws/install/fanuc_description/share/fanuc_description/meshes/collision/link_2.stl
[0.414s] -- Up-to-date: /workspaces/aprs_humble/aprs_ws/install/fanuc_description/share/fanuc_description/meshes/collision/link_4.stl
[0.414s] -- Up-to-date: /workspaces/aprs_humble/aprs_ws/install/fanuc_description/share/fanuc_description/meshes/collision/link_5.stl
[0.414s] -- Up-to-date: /workspaces/aprs_humble/aprs_ws/install/fanuc_description/share/fanuc_description/meshes/collision/link_1.stl
[0.415s] -- Up-to-date: /workspaces/aprs_humble/aprs_ws/install/fanuc_description/share/fanuc_description/meshes/collision/link_6.stl
[0.415s] -- Up-to-date: /workspaces/aprs_humble/aprs_ws/install/fanuc_description/share/fanuc_description/meshes/collision/base_link.stl
[0.415s] -- Up-to-date: /workspaces/aprs_humble/aprs_ws/install/fanuc_description/share/fanuc_description/urdf
[0.415s] -- Up-to-date: /workspaces/aprs_humble/aprs_ws/install/fanuc_description/share/fanuc_description/urdf/fanuc.urdf
[0.415s] -- Up-to-date: /workspaces/aprs_humble/aprs_ws/install/fanuc_description/share/fanuc_description/urdf/fanuc.urdf.xacro
[0.508s] Invoked command in '/workspaces/aprs_humble/aprs_ws/build/fanuc_description' returned '0': CMAKE_PREFIX_PATH=${CMAKE_PREFIX_PATH}:/workspaces/aprs_humble/aprs_ws/install/rqt_controller_manager:/workspaces/aprs_humble/aprs_ws/install/ros2controlcli:/opt/ros/humble /usr/bin/cmake --install /workspaces/aprs_humble/aprs_ws/build/fanuc_description
