[0.031s] Invoking command in '/workspaces/aprs_humble/aprs_ws/build/controller_manager': CMAKE_PREFIX_PATH=/workspaces/aprs_humble/aprs_ws/install/controller_interface:/workspaces/aprs_humble/aprs_ws/install/hardware_interface:/workspaces/aprs_humble/aprs_ws/install/ros2_control_test_assets:/workspaces/aprs_humble/aprs_ws/install/controller_manager_msgs:/workspaces/aprs_humble/aprs_ws/install/worlds:/workspaces/aprs_humble/aprs_ws/install/workbench_description:/workspaces/aprs_humble/aprs_ws/install/vaccum_description:/workspaces/aprs_humble/aprs_ws/install/ur_setup:/workspaces/aprs_humble/aprs_ws/install/ur_calibration:/workspaces/aprs_humble/aprs_ws/install/ur_robot_driver:/workspaces/aprs_humble/aprs_ws/install/ur_bringup:/workspaces/aprs_humble/aprs_ws/install/ur_controllers:/workspaces/aprs_humble/aprs_ws/install/ur_msgs:/workspaces/aprs_humble/aprs_ws/install/ur_moveit_config:/workspaces/aprs_humble/aprs_ws/install/ur_gz:/workspaces/aprs_humble/aprs_ws/install/ur5e_moveit_config:/workspaces/aprs_humble/aprs_ws/install/panda_moveit_config:/workspaces/aprs_humble/aprs_ws/install/ur_description:/workspaces/aprs_humble/aprs_ws/install/ur_dashboard_msgs:/workspaces/aprs_humble/aprs_ws/install/ur_client_library:/workspaces/aprs_humble/aprs_ws/install/ros2_control:/workspaces/aprs_humble/aprs_ws/install/transmission_interface:/workspaces/aprs_humble/aprs_ws/install/table_description:/workspaces/aprs_humble/aprs_ws/install/ign_ros2_control_demos:/workspaces/aprs_humble/aprs_ws/install/gz_ros2_control_tests:/workspaces/aprs_humble/aprs_ws/install/franka_gz:/workspaces/aprs_humble/aprs_ws/install/ign_ros2_control:/workspaces/aprs_humble/aprs_ws/install/controller_manager:/workspaces/aprs_humble/aprs_ws/install/realsense2_description_:/workspaces/aprs_humble/aprs_ws/install/point_cloud:/workspaces/aprs_humble/aprs_ws/install/panda_description:/workspaces/aprs_humble/aprs_ws/install/joint_limits:/workspaces/aprs_humble/aprs_ws/install/franka_setup:/workspaces/aprs_humble/aprs_ws/install/fanuc_moveit_config:/workspaces/aprs_humble/aprs_ws/install/fanuc_description:/workspaces/aprs_humble/aprs_ws/install/camera_mount:/workspaces/aprs_humble/aprs_ws/install/rqt_controller_manager:/workspaces/aprs_humble/aprs_ws/install/ros2controlcli:/opt/ros/humble LD_LIBRARY_PATH=/workspaces/aprs_humble/aprs_ws/install/controller_interface/lib:/workspaces/aprs_humble/aprs_ws/install/hardware_interface/lib:/workspaces/aprs_humble/aprs_ws/install/controller_manager_msgs/lib:/workspaces/aprs_humble/aprs_ws/install/ur_robot_driver/lib:/workspaces/aprs_humble/aprs_ws/install/ur_controllers/lib:/workspaces/aprs_humble/aprs_ws/install/ur_msgs/lib:/workspaces/aprs_humble/aprs_ws/install/ur_dashboard_msgs/lib:/workspaces/aprs_humble/aprs_ws/install/ur_client_library/lib:/workspaces/aprs_humble/aprs_ws/install/transmission_interface/lib:/workspaces/aprs_humble/aprs_ws/install/ign_ros2_control/lib:/workspaces/aprs_humble/aprs_ws/install/controller_manager/lib:/workspaces/aprs_humble/aprs_ws/install/point_cloud/lib:/opt/ros/humble/opt/rviz_ogre_vendor/lib:/opt/ros/humble/lib/x86_64-linux-gnu:/opt/ros/humble/lib /usr/bin/cmake /workspaces/aprs_humble/aprs_ws/src/ros2_control/controller_manager -DCMAKE_INSTALL_PREFIX=/workspaces/aprs_humble/aprs_ws/install/controller_manager
[0.047s] -- Found ament_cmake: 1.3.5 (/opt/ros/humble/share/ament_cmake/cmake)
[0.230s] -- Found backward_ros: 1.0.2 (/opt/ros/humble/share/backward_ros/cmake)
[0.246s] -- Could NOT find libbfd (missing: LIBBFD_LIBRARY LIBBFD_INCLUDE_DIR) 
[0.246s] -- BACKWARD_HAS_UNWIND=1
[0.246s] -- BACKWARD_HAS_BACKTRACE=0
[0.247s] -- BACKWARD_HAS_BACKTRACE_SYMBOL=0
[0.247s] -- BACKWARD_HAS_DW=1
[0.247s] -- BACKWARD_HAS_BFD=0
[0.247s] -- Found Backward: /opt/ros/humble/share/backward_ros/cmake  
[0.247s] -- Found ament_index_cpp: 1.4.0 (/opt/ros/humble/share/ament_index_cpp/cmake)
[0.248s] -- Found controller_interface: 2.31.0 (/workspaces/aprs_humble/aprs_ws/install/controller_interface/share/controller_interface/cmake)
[0.267s] -- Found rosidl_generator_c: 3.1.5 (/opt/ros/humble/share/rosidl_generator_c/cmake)
[0.269s] -- Found rosidl_adapter: 3.1.5 (/opt/ros/humble/share/rosidl_adapter/cmake)
[0.274s] -- Found rosidl_generator_cpp: 3.1.5 (/opt/ros/humble/share/rosidl_generator_cpp/cmake)
[0.286s] -- Using all available rosidl_typesupport_c: rosidl_typesupport_fastrtps_c;rosidl_typesupport_introspection_c
[0.301s] -- Using all available rosidl_typesupport_cpp: rosidl_typesupport_fastrtps_cpp;rosidl_typesupport_introspection_cpp
[0.831s] -- Found rmw_implementation_cmake: 6.1.1 (/opt/ros/humble/share/rmw_implementation_cmake/cmake)
[0.833s] -- Found rmw_fastrtps_cpp: 6.2.3 (/opt/ros/humble/share/rmw_fastrtps_cpp/cmake)
[0.974s] -- Using RMW implementation 'rmw_fastrtps_cpp' as default
[1.215s] -- Found controller_manager_msgs: 2.31.0 (/workspaces/aprs_humble/aprs_ws/install/controller_manager_msgs/share/controller_manager_msgs/cmake)
[1.252s] -- Found realtime_tools: 2.5.0 (/opt/ros/humble/share/realtime_tools/cmake)
[1.673s] -- Found ament_cmake_gmock: 1.3.5 (/opt/ros/humble/share/ament_cmake_gmock/cmake)
[1.673s] -- Found ros2_control_test_assets: 2.31.0 (/workspaces/aprs_humble/aprs_ws/install/ros2_control_test_assets/share/ros2_control_test_assets/cmake)
[1.676s] -- Found gmock sources under '/opt/ros/humble/src/gmock_vendor': C++ tests using 'Google Mock' will be built
[1.677s] -- Found ament_cmake_gtest: 1.3.5 (/opt/ros/humble/share/ament_cmake_gtest/cmake)
[1.677s] -- Found gtest sources under '/opt/ros/humble/src/gtest_vendor': C++ tests using 'Google Test' will be built
[1.822s] -- Configuring done
[2.052s] -- Generating done
[2.055s] -- Build files have been written to: /workspaces/aprs_humble/aprs_ws/build/controller_manager
[2.067s] Invoked command in '/workspaces/aprs_humble/aprs_ws/build/controller_manager' returned '0': CMAKE_PREFIX_PATH=/workspaces/aprs_humble/aprs_ws/install/controller_interface:/workspaces/aprs_humble/aprs_ws/install/hardware_interface:/workspaces/aprs_humble/aprs_ws/install/ros2_control_test_assets:/workspaces/aprs_humble/aprs_ws/install/controller_manager_msgs:/workspaces/aprs_humble/aprs_ws/install/worlds:/workspaces/aprs_humble/aprs_ws/install/workbench_description:/workspaces/aprs_humble/aprs_ws/install/vaccum_description:/workspaces/aprs_humble/aprs_ws/install/ur_setup:/workspaces/aprs_humble/aprs_ws/install/ur_calibration:/workspaces/aprs_humble/aprs_ws/install/ur_robot_driver:/workspaces/aprs_humble/aprs_ws/install/ur_bringup:/workspaces/aprs_humble/aprs_ws/install/ur_controllers:/workspaces/aprs_humble/aprs_ws/install/ur_msgs:/workspaces/aprs_humble/aprs_ws/install/ur_moveit_config:/workspaces/aprs_humble/aprs_ws/install/ur_gz:/workspaces/aprs_humble/aprs_ws/install/ur5e_moveit_config:/workspaces/aprs_humble/aprs_ws/install/panda_moveit_config:/workspaces/aprs_humble/aprs_ws/install/ur_description:/workspaces/aprs_humble/aprs_ws/install/ur_dashboard_msgs:/workspaces/aprs_humble/aprs_ws/install/ur_client_library:/workspaces/aprs_humble/aprs_ws/install/ros2_control:/workspaces/aprs_humble/aprs_ws/install/transmission_interface:/workspaces/aprs_humble/aprs_ws/install/table_description:/workspaces/aprs_humble/aprs_ws/install/ign_ros2_control_demos:/workspaces/aprs_humble/aprs_ws/install/gz_ros2_control_tests:/workspaces/aprs_humble/aprs_ws/install/franka_gz:/workspaces/aprs_humble/aprs_ws/install/ign_ros2_control:/workspaces/aprs_humble/aprs_ws/install/controller_manager:/workspaces/aprs_humble/aprs_ws/install/realsense2_description_:/workspaces/aprs_humble/aprs_ws/install/point_cloud:/workspaces/aprs_humble/aprs_ws/install/panda_description:/workspaces/aprs_humble/aprs_ws/install/joint_limits:/workspaces/aprs_humble/aprs_ws/install/franka_setup:/workspaces/aprs_humble/aprs_ws/install/fanuc_moveit_config:/workspaces/aprs_humble/aprs_ws/install/fanuc_description:/workspaces/aprs_humble/aprs_ws/install/camera_mount:/workspaces/aprs_humble/aprs_ws/install/rqt_controller_manager:/workspaces/aprs_humble/aprs_ws/install/ros2controlcli:/opt/ros/humble LD_LIBRARY_PATH=/workspaces/aprs_humble/aprs_ws/install/controller_interface/lib:/workspaces/aprs_humble/aprs_ws/install/hardware_interface/lib:/workspaces/aprs_humble/aprs_ws/install/controller_manager_msgs/lib:/workspaces/aprs_humble/aprs_ws/install/ur_robot_driver/lib:/workspaces/aprs_humble/aprs_ws/install/ur_controllers/lib:/workspaces/aprs_humble/aprs_ws/install/ur_msgs/lib:/workspaces/aprs_humble/aprs_ws/install/ur_dashboard_msgs/lib:/workspaces/aprs_humble/aprs_ws/install/ur_client_library/lib:/workspaces/aprs_humble/aprs_ws/install/transmission_interface/lib:/workspaces/aprs_humble/aprs_ws/install/ign_ros2_control/lib:/workspaces/aprs_humble/aprs_ws/install/controller_manager/lib:/workspaces/aprs_humble/aprs_ws/install/point_cloud/lib:/opt/ros/humble/opt/rviz_ogre_vendor/lib:/opt/ros/humble/lib/x86_64-linux-gnu:/opt/ros/humble/lib /usr/bin/cmake /workspaces/aprs_humble/aprs_ws/src/ros2_control/controller_manager -DCMAKE_INSTALL_PREFIX=/workspaces/aprs_humble/aprs_ws/install/controller_manager
[2.069s] Invoking command in '/workspaces/aprs_humble/aprs_ws/build/controller_manager': CMAKE_PREFIX_PATH=/workspaces/aprs_humble/aprs_ws/install/controller_interface:/workspaces/aprs_humble/aprs_ws/install/hardware_interface:/workspaces/aprs_humble/aprs_ws/install/ros2_control_test_assets:/workspaces/aprs_humble/aprs_ws/install/controller_manager_msgs:/workspaces/aprs_humble/aprs_ws/install/worlds:/workspaces/aprs_humble/aprs_ws/install/workbench_description:/workspaces/aprs_humble/aprs_ws/install/vaccum_description:/workspaces/aprs_humble/aprs_ws/install/ur_setup:/workspaces/aprs_humble/aprs_ws/install/ur_calibration:/workspaces/aprs_humble/aprs_ws/install/ur_robot_driver:/workspaces/aprs_humble/aprs_ws/install/ur_bringup:/workspaces/aprs_humble/aprs_ws/install/ur_controllers:/workspaces/aprs_humble/aprs_ws/install/ur_msgs:/workspaces/aprs_humble/aprs_ws/install/ur_moveit_config:/workspaces/aprs_humble/aprs_ws/install/ur_gz:/workspaces/aprs_humble/aprs_ws/install/ur5e_moveit_config:/workspaces/aprs_humble/aprs_ws/install/panda_moveit_config:/workspaces/aprs_humble/aprs_ws/install/ur_description:/workspaces/aprs_humble/aprs_ws/install/ur_dashboard_msgs:/workspaces/aprs_humble/aprs_ws/install/ur_client_library:/workspaces/aprs_humble/aprs_ws/install/ros2_control:/workspaces/aprs_humble/aprs_ws/install/transmission_interface:/workspaces/aprs_humble/aprs_ws/install/table_description:/workspaces/aprs_humble/aprs_ws/install/ign_ros2_control_demos:/workspaces/aprs_humble/aprs_ws/install/gz_ros2_control_tests:/workspaces/aprs_humble/aprs_ws/install/franka_gz:/workspaces/aprs_humble/aprs_ws/install/ign_ros2_control:/workspaces/aprs_humble/aprs_ws/install/controller_manager:/workspaces/aprs_humble/aprs_ws/install/realsense2_description_:/workspaces/aprs_humble/aprs_ws/install/point_cloud:/workspaces/aprs_humble/aprs_ws/install/panda_description:/workspaces/aprs_humble/aprs_ws/install/joint_limits:/workspaces/aprs_humble/aprs_ws/install/franka_setup:/workspaces/aprs_humble/aprs_ws/install/fanuc_moveit_config:/workspaces/aprs_humble/aprs_ws/install/fanuc_description:/workspaces/aprs_humble/aprs_ws/install/camera_mount:/workspaces/aprs_humble/aprs_ws/install/rqt_controller_manager:/workspaces/aprs_humble/aprs_ws/install/ros2controlcli:/opt/ros/humble LD_LIBRARY_PATH=/workspaces/aprs_humble/aprs_ws/install/controller_interface/lib:/workspaces/aprs_humble/aprs_ws/install/hardware_interface/lib:/workspaces/aprs_humble/aprs_ws/install/controller_manager_msgs/lib:/workspaces/aprs_humble/aprs_ws/install/ur_robot_driver/lib:/workspaces/aprs_humble/aprs_ws/install/ur_controllers/lib:/workspaces/aprs_humble/aprs_ws/install/ur_msgs/lib:/workspaces/aprs_humble/aprs_ws/install/ur_dashboard_msgs/lib:/workspaces/aprs_humble/aprs_ws/install/ur_client_library/lib:/workspaces/aprs_humble/aprs_ws/install/transmission_interface/lib:/workspaces/aprs_humble/aprs_ws/install/ign_ros2_control/lib:/workspaces/aprs_humble/aprs_ws/install/controller_manager/lib:/workspaces/aprs_humble/aprs_ws/install/point_cloud/lib:/opt/ros/humble/opt/rviz_ogre_vendor/lib:/opt/ros/humble/lib/x86_64-linux-gnu:/opt/ros/humble/lib /usr/bin/cmake --build /workspaces/aprs_humble/aprs_ws/build/controller_manager -- -j16 -l16
[2.109s] [35m[1mConsolidate compiler generated dependencies of target gmock_main[0m
[2.109s] [35m[1mConsolidate compiler generated dependencies of target controller_manager[0m
[2.109s] [35m[1mConsolidate compiler generated dependencies of target gmock[0m
[2.123s] [  6%] Built target gmock_main
[2.127s] [ 15%] Built target gmock
[2.129s] [ 15%] Built target ament_cmake_python_copy_controller_manager_setup
[2.129s] [ 21%] Built target controller_manager
[2.129s] [ 21%] Built target ament_cmake_python_copy_controller_manager
[2.143s] [35m[1mConsolidate compiler generated dependencies of target test_chainable_controller[0m
[2.143s] [35m[1mConsolidate compiler generated dependencies of target test_controller_failed_init[0m
[2.144s] [35m[1mConsolidate compiler generated dependencies of target test_controller[0m
[2.144s] [35m[1mConsolidate compiler generated dependencies of target ros2_control_node[0m
[2.144s] [35m[1mConsolidate compiler generated dependencies of target test_controller_with_interfaces[0m
[2.162s] [ 27%] Built target test_chainable_controller
[2.167s] [ 36%] Built target ros2_control_node
[2.167s] [ 42%] Built target test_controller
[2.167s] [ 45%] Built target test_controller_failed_init
[2.167s] [ 51%] Built target test_controller_with_interfaces
[2.183s] [35m[1mConsolidate compiler generated dependencies of target test_release_interfaces[0m
[2.183s] [35m[1mConsolidate compiler generated dependencies of target test_load_controller[0m
[2.183s] [35m[1mConsolidate compiler generated dependencies of target test_controller_manager_srvs[0m
[2.183s] [35m[1mConsolidate compiler generated dependencies of target test_controller_manager_with_namespace.cpp[0m
[2.183s] [35m[1mConsolidate compiler generated dependencies of target test_controller_manager[0m
[2.183s] [35m[1mConsolidate compiler generated dependencies of target test_hardware_management_srvs[0m
[2.184s] [35m[1mConsolidate compiler generated dependencies of target test_controllers_chaining_with_controller_manager[0m
[2.198s] [35m[1mConsolidate compiler generated dependencies of target test_spawner_unspawner[0m
[2.216s] [ 57%] Built target test_controller_manager_with_namespace.cpp
[2.223s] [ 75%] Built target test_controller_manager
[2.223s] [ 75%] Built target test_release_interfaces
[2.223s] [ 75%] Built target test_load_controller
[2.227s] [ 87%] Built target test_spawner_unspawner
[2.227s] [ 87%] Built target test_controllers_chaining_with_controller_manager
[2.228s] [ 93%] Built target test_controller_manager_srvs
[2.232s] [100%] Built target test_hardware_management_srvs
[2.372s] running install_scripts
[2.374s] /usr/lib/python3/dist-packages/setuptools/command/install.py:34: SetuptoolsDeprecationWarning: setup.py install is deprecated. Use build and pip and other standards-based tools.
[2.374s]   warnings.warn(
[2.391s] running egg_info
[2.392s] writing controller_manager.egg-info/PKG-INFO
[2.392s] writing dependency_links to controller_manager.egg-info/dependency_links.txt
[2.392s] writing entry points to controller_manager.egg-info/entry_points.txt
[2.392s] writing top-level names to controller_manager.egg-info/top_level.txt
[2.394s] reading manifest file 'controller_manager.egg-info/SOURCES.txt'
[2.395s] running egg_info
[2.396s] writing controller_manager.egg-info/PKG-INFO
[2.399s] writing dependency_links to controller_manager.egg-info/dependency_links.txt
[2.399s] writing entry points to controller_manager.egg-info/entry_points.txt
[2.399s] writing top-level names to controller_manager.egg-info/top_level.txt
[2.400s] writing manifest file 'controller_manager.egg-info/SOURCES.txt'
[2.402s] reading manifest file 'controller_manager.egg-info/SOURCES.txt'
[2.402s] writing manifest file 'controller_manager.egg-info/SOURCES.txt'
[2.404s] Installing spawner script to scripts
[2.404s] Installing unspawner script to scripts
[2.429s] [100%] Built target ament_cmake_python_build_controller_manager_egg
[2.433s] [100%] Built target ament_cmake_python_build_controller_manager_scripts
[2.440s] Invoked command in '/workspaces/aprs_humble/aprs_ws/build/controller_manager' returned '0': CMAKE_PREFIX_PATH=/workspaces/aprs_humble/aprs_ws/install/controller_interface:/workspaces/aprs_humble/aprs_ws/install/hardware_interface:/workspaces/aprs_humble/aprs_ws/install/ros2_control_test_assets:/workspaces/aprs_humble/aprs_ws/install/controller_manager_msgs:/workspaces/aprs_humble/aprs_ws/install/worlds:/workspaces/aprs_humble/aprs_ws/install/workbench_description:/workspaces/aprs_humble/aprs_ws/install/vaccum_description:/workspaces/aprs_humble/aprs_ws/install/ur_setup:/workspaces/aprs_humble/aprs_ws/install/ur_calibration:/workspaces/aprs_humble/aprs_ws/install/ur_robot_driver:/workspaces/aprs_humble/aprs_ws/install/ur_bringup:/workspaces/aprs_humble/aprs_ws/install/ur_controllers:/workspaces/aprs_humble/aprs_ws/install/ur_msgs:/workspaces/aprs_humble/aprs_ws/install/ur_moveit_config:/workspaces/aprs_humble/aprs_ws/install/ur_gz:/workspaces/aprs_humble/aprs_ws/install/ur5e_moveit_config:/workspaces/aprs_humble/aprs_ws/install/panda_moveit_config:/workspaces/aprs_humble/aprs_ws/install/ur_description:/workspaces/aprs_humble/aprs_ws/install/ur_dashboard_msgs:/workspaces/aprs_humble/aprs_ws/install/ur_client_library:/workspaces/aprs_humble/aprs_ws/install/ros2_control:/workspaces/aprs_humble/aprs_ws/install/transmission_interface:/workspaces/aprs_humble/aprs_ws/install/table_description:/workspaces/aprs_humble/aprs_ws/install/ign_ros2_control_demos:/workspaces/aprs_humble/aprs_ws/install/gz_ros2_control_tests:/workspaces/aprs_humble/aprs_ws/install/franka_gz:/workspaces/aprs_humble/aprs_ws/install/ign_ros2_control:/workspaces/aprs_humble/aprs_ws/install/controller_manager:/workspaces/aprs_humble/aprs_ws/install/realsense2_description_:/workspaces/aprs_humble/aprs_ws/install/point_cloud:/workspaces/aprs_humble/aprs_ws/install/panda_description:/workspaces/aprs_humble/aprs_ws/install/joint_limits:/workspaces/aprs_humble/aprs_ws/install/franka_setup:/workspaces/aprs_humble/aprs_ws/install/fanuc_moveit_config:/workspaces/aprs_humble/aprs_ws/install/fanuc_description:/workspaces/aprs_humble/aprs_ws/install/camera_mount:/workspaces/aprs_humble/aprs_ws/install/rqt_controller_manager:/workspaces/aprs_humble/aprs_ws/install/ros2controlcli:/opt/ros/humble LD_LIBRARY_PATH=/workspaces/aprs_humble/aprs_ws/install/controller_interface/lib:/workspaces/aprs_humble/aprs_ws/install/hardware_interface/lib:/workspaces/aprs_humble/aprs_ws/install/controller_manager_msgs/lib:/workspaces/aprs_humble/aprs_ws/install/ur_robot_driver/lib:/workspaces/aprs_humble/aprs_ws/install/ur_controllers/lib:/workspaces/aprs_humble/aprs_ws/install/ur_msgs/lib:/workspaces/aprs_humble/aprs_ws/install/ur_dashboard_msgs/lib:/workspaces/aprs_humble/aprs_ws/install/ur_client_library/lib:/workspaces/aprs_humble/aprs_ws/install/transmission_interface/lib:/workspaces/aprs_humble/aprs_ws/install/ign_ros2_control/lib:/workspaces/aprs_humble/aprs_ws/install/controller_manager/lib:/workspaces/aprs_humble/aprs_ws/install/point_cloud/lib:/opt/ros/humble/opt/rviz_ogre_vendor/lib:/opt/ros/humble/lib/x86_64-linux-gnu:/opt/ros/humble/lib /usr/bin/cmake --build /workspaces/aprs_humble/aprs_ws/build/controller_manager -- -j16 -l16
[2.496s] Invoking command in '/workspaces/aprs_humble/aprs_ws/build/controller_manager': CMAKE_PREFIX_PATH=/workspaces/aprs_humble/aprs_ws/install/controller_interface:/workspaces/aprs_humble/aprs_ws/install/hardware_interface:/workspaces/aprs_humble/aprs_ws/install/ros2_control_test_assets:/workspaces/aprs_humble/aprs_ws/install/controller_manager_msgs:/workspaces/aprs_humble/aprs_ws/install/worlds:/workspaces/aprs_humble/aprs_ws/install/workbench_description:/workspaces/aprs_humble/aprs_ws/install/vaccum_description:/workspaces/aprs_humble/aprs_ws/install/ur_setup:/workspaces/aprs_humble/aprs_ws/install/ur_calibration:/workspaces/aprs_humble/aprs_ws/install/ur_robot_driver:/workspaces/aprs_humble/aprs_ws/install/ur_bringup:/workspaces/aprs_humble/aprs_ws/install/ur_controllers:/workspaces/aprs_humble/aprs_ws/install/ur_msgs:/workspaces/aprs_humble/aprs_ws/install/ur_moveit_config:/workspaces/aprs_humble/aprs_ws/install/ur_gz:/workspaces/aprs_humble/aprs_ws/install/ur5e_moveit_config:/workspaces/aprs_humble/aprs_ws/install/panda_moveit_config:/workspaces/aprs_humble/aprs_ws/install/ur_description:/workspaces/aprs_humble/aprs_ws/install/ur_dashboard_msgs:/workspaces/aprs_humble/aprs_ws/install/ur_client_library:/workspaces/aprs_humble/aprs_ws/install/ros2_control:/workspaces/aprs_humble/aprs_ws/install/transmission_interface:/workspaces/aprs_humble/aprs_ws/install/table_description:/workspaces/aprs_humble/aprs_ws/install/ign_ros2_control_demos:/workspaces/aprs_humble/aprs_ws/install/gz_ros2_control_tests:/workspaces/aprs_humble/aprs_ws/install/franka_gz:/workspaces/aprs_humble/aprs_ws/install/ign_ros2_control:/workspaces/aprs_humble/aprs_ws/install/controller_manager:/workspaces/aprs_humble/aprs_ws/install/realsense2_description_:/workspaces/aprs_humble/aprs_ws/install/point_cloud:/workspaces/aprs_humble/aprs_ws/install/panda_description:/workspaces/aprs_humble/aprs_ws/install/joint_limits:/workspaces/aprs_humble/aprs_ws/install/franka_setup:/workspaces/aprs_humble/aprs_ws/install/fanuc_moveit_config:/workspaces/aprs_humble/aprs_ws/install/fanuc_description:/workspaces/aprs_humble/aprs_ws/install/camera_mount:/workspaces/aprs_humble/aprs_ws/install/rqt_controller_manager:/workspaces/aprs_humble/aprs_ws/install/ros2controlcli:/opt/ros/humble LD_LIBRARY_PATH=/workspaces/aprs_humble/aprs_ws/install/controller_interface/lib:/workspaces/aprs_humble/aprs_ws/install/hardware_interface/lib:/workspaces/aprs_humble/aprs_ws/install/controller_manager_msgs/lib:/workspaces/aprs_humble/aprs_ws/install/ur_robot_driver/lib:/workspaces/aprs_humble/aprs_ws/install/ur_controllers/lib:/workspaces/aprs_humble/aprs_ws/install/ur_msgs/lib:/workspaces/aprs_humble/aprs_ws/install/ur_dashboard_msgs/lib:/workspaces/aprs_humble/aprs_ws/install/ur_client_library/lib:/workspaces/aprs_humble/aprs_ws/install/transmission_interface/lib:/workspaces/aprs_humble/aprs_ws/install/ign_ros2_control/lib:/workspaces/aprs_humble/aprs_ws/install/controller_manager/lib:/workspaces/aprs_humble/aprs_ws/install/point_cloud/lib:/opt/ros/humble/opt/rviz_ogre_vendor/lib:/opt/ros/humble/lib/x86_64-linux-gnu:/opt/ros/humble/lib /usr/bin/cmake --install /workspaces/aprs_humble/aprs_ws/build/controller_manager
[2.503s] -- Install configuration: ""
[2.503s] -- Up-to-date: /workspaces/aprs_humble/aprs_ws/install/controller_manager/lib/libcontroller_manager.so
[2.504s] -- Up-to-date: /workspaces/aprs_humble/aprs_ws/install/controller_manager/lib/controller_manager/ros2_control_node
[2.504s] -- Up-to-date: /workspaces/aprs_humble/aprs_ws/install/controller_manager/include
[2.504s] -- Up-to-date: /workspaces/aprs_humble/aprs_ws/install/controller_manager/include/controller_manager
[2.504s] -- Up-to-date: /workspaces/aprs_humble/aprs_ws/install/controller_manager/include/controller_manager/visibility_control.h
[2.504s] -- Up-to-date: /workspaces/aprs_humble/aprs_ws/install/controller_manager/include/controller_manager/controller_manager.hpp
[2.504s] -- Up-to-date: /workspaces/aprs_humble/aprs_ws/install/controller_manager/include/controller_manager/controller_spec.hpp
[2.504s] -- Up-to-date: /workspaces/aprs_humble/aprs_ws/install/controller_manager/share/controller_manager/test/test_controller/test_controller.xml
[2.504s] -- Up-to-date: /workspaces/aprs_humble/aprs_ws/install/controller_manager/lib/libtest_controller.so
[2.505s] -- Up-to-date: /workspaces/aprs_humble/aprs_ws/install/controller_manager/share/controller_manager/test/test_controller_failed_init/test_controller_failed_init.xml
[2.505s] -- Up-to-date: /workspaces/aprs_humble/aprs_ws/install/controller_manager/lib/libtest_controller_failed_init.so
[2.505s] -- Up-to-date: /workspaces/aprs_humble/aprs_ws/install/controller_manager/share/controller_manager/test/test_chainable_controller/test_chainable_controller.xml
[2.505s] -- Up-to-date: /workspaces/aprs_humble/aprs_ws/install/controller_manager/lib/libtest_chainable_controller.so
[2.505s] -- Up-to-date: /workspaces/aprs_humble/aprs_ws/install/controller_manager/share/controller_manager/test/test_controller_with_interfaces/test_controller_with_interfaces.xml
[2.505s] -- Up-to-date: /workspaces/aprs_humble/aprs_ws/install/controller_manager/lib/libtest_controller_with_interfaces.so
[2.505s] -- Up-to-date: /workspaces/aprs_humble/aprs_ws/install/controller_manager/share/controller_manager/environment/pythonpath.sh
[2.505s] -- Installing: /workspaces/aprs_humble/aprs_ws/install/controller_manager/share/controller_manager/environment/pythonpath.dsv
[2.505s] -- Up-to-date: /workspaces/aprs_humble/aprs_ws/install/controller_manager/local/lib/python3.10/dist-packages/controller_manager-2.31.0-py3.10.egg-info
[2.505s] -- Installing: /workspaces/aprs_humble/aprs_ws/install/controller_manager/local/lib/python3.10/dist-packages/controller_manager-2.31.0-py3.10.egg-info/dependency_links.txt
[2.505s] -- Installing: /workspaces/aprs_humble/aprs_ws/install/controller_manager/local/lib/python3.10/dist-packages/controller_manager-2.31.0-py3.10.egg-info/entry_points.txt
[2.505s] -- Installing: /workspaces/aprs_humble/aprs_ws/install/controller_manager/local/lib/python3.10/dist-packages/controller_manager-2.31.0-py3.10.egg-info/top_level.txt
[2.505s] -- Installing: /workspaces/aprs_humble/aprs_ws/install/controller_manager/local/lib/python3.10/dist-packages/controller_manager-2.31.0-py3.10.egg-info/PKG-INFO
[2.505s] -- Installing: /workspaces/aprs_humble/aprs_ws/install/controller_manager/local/lib/python3.10/dist-packages/controller_manager-2.31.0-py3.10.egg-info/SOURCES.txt
[2.506s] -- Up-to-date: /workspaces/aprs_humble/aprs_ws/install/controller_manager/lib/controller_manager/
[2.506s] -- Installing: /workspaces/aprs_humble/aprs_ws/install/controller_manager/lib/controller_manager//unspawner
[2.506s] -- Installing: /workspaces/aprs_humble/aprs_ws/install/controller_manager/lib/controller_manager//spawner
[2.506s] -- Up-to-date: /workspaces/aprs_humble/aprs_ws/install/controller_manager/local/lib/python3.10/dist-packages/controller_manager
[2.506s] -- Up-to-date: /workspaces/aprs_humble/aprs_ws/install/controller_manager/local/lib/python3.10/dist-packages/controller_manager/controller_manager_services.py
[2.506s] -- Up-to-date: /workspaces/aprs_humble/aprs_ws/install/controller_manager/local/lib/python3.10/dist-packages/controller_manager/launch_utils.py
[2.506s] -- Up-to-date: /workspaces/aprs_humble/aprs_ws/install/controller_manager/local/lib/python3.10/dist-packages/controller_manager/spawner.py
[2.506s] -- Up-to-date: /workspaces/aprs_humble/aprs_ws/install/controller_manager/local/lib/python3.10/dist-packages/controller_manager/__init__.py
[2.506s] -- Up-to-date: /workspaces/aprs_humble/aprs_ws/install/controller_manager/local/lib/python3.10/dist-packages/controller_manager/unspawner.py
[2.529s] Listing '/workspaces/aprs_humble/aprs_ws/install/controller_manager/local/lib/python3.10/dist-packages/controller_manager'...
[2.532s] -- Up-to-date: /workspaces/aprs_humble/aprs_ws/install/controller_manager/share/controller_manager/environment/library_path.sh
[2.532s] -- Installing: /workspaces/aprs_humble/aprs_ws/install/controller_manager/share/controller_manager/environment/library_path.dsv
[2.532s] -- Up-to-date: /workspaces/aprs_humble/aprs_ws/install/controller_manager/share/ament_index/resource_index/package_run_dependencies/controller_manager
[2.532s] -- Installing: /workspaces/aprs_humble/aprs_ws/install/controller_manager/share/ament_index/resource_index/parent_prefix_path/controller_manager
[2.532s] -- Up-to-date: /workspaces/aprs_humble/aprs_ws/install/controller_manager/share/controller_manager/environment/ament_prefix_path.sh
[2.532s] -- Installing: /workspaces/aprs_humble/aprs_ws/install/controller_manager/share/controller_manager/environment/ament_prefix_path.dsv
[2.532s] -- Up-to-date: /workspaces/aprs_humble/aprs_ws/install/controller_manager/share/controller_manager/environment/path.sh
[2.532s] -- Installing: /workspaces/aprs_humble/aprs_ws/install/controller_manager/share/controller_manager/environment/path.dsv
[2.532s] -- Up-to-date: /workspaces/aprs_humble/aprs_ws/install/controller_manager/share/controller_manager/local_setup.bash
[2.533s] -- Up-to-date: /workspaces/aprs_humble/aprs_ws/install/controller_manager/share/controller_manager/local_setup.sh
[2.533s] -- Up-to-date: /workspaces/aprs_humble/aprs_ws/install/controller_manager/share/controller_manager/local_setup.zsh
[2.533s] -- Installing: /workspaces/aprs_humble/aprs_ws/install/controller_manager/share/controller_manager/local_setup.dsv
[2.533s] -- Installing: /workspaces/aprs_humble/aprs_ws/install/controller_manager/share/controller_manager/package.dsv
[2.533s] -- Up-to-date: /workspaces/aprs_humble/aprs_ws/install/controller_manager/share/ament_index/resource_index/packages/controller_manager
[2.533s] -- Up-to-date: /workspaces/aprs_humble/aprs_ws/install/controller_manager/share/ament_index/resource_index/controller_interface__pluginlib__plugin/controller_manager
[2.533s] -- Up-to-date: /workspaces/aprs_humble/aprs_ws/install/controller_manager/share/controller_manager/cmake/ament_cmake_export_libraries-extras.cmake
[2.533s] -- Up-to-date: /workspaces/aprs_humble/aprs_ws/install/controller_manager/share/controller_manager/cmake/ament_cmake_export_include_directories-extras.cmake
[2.533s] -- Up-to-date: /workspaces/aprs_humble/aprs_ws/install/controller_manager/share/controller_manager/cmake/ament_cmake_export_dependencies-extras.cmake
[2.533s] -- Up-to-date: /workspaces/aprs_humble/aprs_ws/install/controller_manager/share/controller_manager/cmake/controller_managerConfig.cmake
[2.533s] -- Up-to-date: /workspaces/aprs_humble/aprs_ws/install/controller_manager/share/controller_manager/cmake/controller_managerConfig-version.cmake
[2.533s] -- Up-to-date: /workspaces/aprs_humble/aprs_ws/install/controller_manager/share/controller_manager/package.xml
[2.536s] Invoked command in '/workspaces/aprs_humble/aprs_ws/build/controller_manager' returned '0': CMAKE_PREFIX_PATH=/workspaces/aprs_humble/aprs_ws/install/controller_interface:/workspaces/aprs_humble/aprs_ws/install/hardware_interface:/workspaces/aprs_humble/aprs_ws/install/ros2_control_test_assets:/workspaces/aprs_humble/aprs_ws/install/controller_manager_msgs:/workspaces/aprs_humble/aprs_ws/install/worlds:/workspaces/aprs_humble/aprs_ws/install/workbench_description:/workspaces/aprs_humble/aprs_ws/install/vaccum_description:/workspaces/aprs_humble/aprs_ws/install/ur_setup:/workspaces/aprs_humble/aprs_ws/install/ur_calibration:/workspaces/aprs_humble/aprs_ws/install/ur_robot_driver:/workspaces/aprs_humble/aprs_ws/install/ur_bringup:/workspaces/aprs_humble/aprs_ws/install/ur_controllers:/workspaces/aprs_humble/aprs_ws/install/ur_msgs:/workspaces/aprs_humble/aprs_ws/install/ur_moveit_config:/workspaces/aprs_humble/aprs_ws/install/ur_gz:/workspaces/aprs_humble/aprs_ws/install/ur5e_moveit_config:/workspaces/aprs_humble/aprs_ws/install/panda_moveit_config:/workspaces/aprs_humble/aprs_ws/install/ur_description:/workspaces/aprs_humble/aprs_ws/install/ur_dashboard_msgs:/workspaces/aprs_humble/aprs_ws/install/ur_client_library:/workspaces/aprs_humble/aprs_ws/install/ros2_control:/workspaces/aprs_humble/aprs_ws/install/transmission_interface:/workspaces/aprs_humble/aprs_ws/install/table_description:/workspaces/aprs_humble/aprs_ws/install/ign_ros2_control_demos:/workspaces/aprs_humble/aprs_ws/install/gz_ros2_control_tests:/workspaces/aprs_humble/aprs_ws/install/franka_gz:/workspaces/aprs_humble/aprs_ws/install/ign_ros2_control:/workspaces/aprs_humble/aprs_ws/install/controller_manager:/workspaces/aprs_humble/aprs_ws/install/realsense2_description_:/workspaces/aprs_humble/aprs_ws/install/point_cloud:/workspaces/aprs_humble/aprs_ws/install/panda_description:/workspaces/aprs_humble/aprs_ws/install/joint_limits:/workspaces/aprs_humble/aprs_ws/install/franka_setup:/workspaces/aprs_humble/aprs_ws/install/fanuc_moveit_config:/workspaces/aprs_humble/aprs_ws/install/fanuc_description:/workspaces/aprs_humble/aprs_ws/install/camera_mount:/workspaces/aprs_humble/aprs_ws/install/rqt_controller_manager:/workspaces/aprs_humble/aprs_ws/install/ros2controlcli:/opt/ros/humble LD_LIBRARY_PATH=/workspaces/aprs_humble/aprs_ws/install/controller_interface/lib:/workspaces/aprs_humble/aprs_ws/install/hardware_interface/lib:/workspaces/aprs_humble/aprs_ws/install/controller_manager_msgs/lib:/workspaces/aprs_humble/aprs_ws/install/ur_robot_driver/lib:/workspaces/aprs_humble/aprs_ws/install/ur_controllers/lib:/workspaces/aprs_humble/aprs_ws/install/ur_msgs/lib:/workspaces/aprs_humble/aprs_ws/install/ur_dashboard_msgs/lib:/workspaces/aprs_humble/aprs_ws/install/ur_client_library/lib:/workspaces/aprs_humble/aprs_ws/install/transmission_interface/lib:/workspaces/aprs_humble/aprs_ws/install/ign_ros2_control/lib:/workspaces/aprs_humble/aprs_ws/install/controller_manager/lib:/workspaces/aprs_humble/aprs_ws/install/point_cloud/lib:/opt/ros/humble/opt/rviz_ogre_vendor/lib:/opt/ros/humble/lib/x86_64-linux-gnu:/opt/ros/humble/lib /usr/bin/cmake --install /workspaces/aprs_humble/aprs_ws/build/controller_manager
