[0.248s] Invoking command in '/workspaces/aprs_humble/aprs_ws/build/ur_bringup': AMENT_PREFIX_PATH=/workspaces/aprs_humble/aprs_ws/install/ur_controllers:/workspaces/aprs_humble/aprs_ws/install/controller_manager:/workspaces/aprs_humble/aprs_ws/install/controller_interface:/workspaces/aprs_humble/aprs_ws/install/hardware_interface:/workspaces/aprs_humble/aprs_ws/install/ur_msgs:/workspaces/aprs_humble/aprs_ws/install/ur_description:/workspaces/aprs_humble/aprs_ws/install/ur_dashboard_msgs:/workspaces/aprs_humble/aprs_ws/install/ros2_control_test_assets:/workspaces/aprs_humble/aprs_ws/install/controller_manager_msgs:${AMENT_PREFIX_PATH} CMAKE_PREFIX_PATH=/workspaces/aprs_humble/aprs_ws/install/ur_controllers:/workspaces/aprs_humble/aprs_ws/install/controller_manager:/workspaces/aprs_humble/aprs_ws/install/controller_interface:/workspaces/aprs_humble/aprs_ws/install/hardware_interface:/workspaces/aprs_humble/aprs_ws/install/ur_msgs:/workspaces/aprs_humble/aprs_ws/install/ur_description:/workspaces/aprs_humble/aprs_ws/install/ur_dashboard_msgs:/workspaces/aprs_humble/aprs_ws/install/ros2_control_test_assets:/workspaces/aprs_humble/aprs_ws/install/controller_manager_msgs:/opt/ros/humble LD_LIBRARY_PATH=/workspaces/aprs_humble/aprs_ws/install/ur_controllers/lib:/workspaces/aprs_humble/aprs_ws/install/controller_manager/lib:/workspaces/aprs_humble/aprs_ws/install/controller_interface/lib:/workspaces/aprs_humble/aprs_ws/install/hardware_interface/lib:/workspaces/aprs_humble/aprs_ws/install/ur_msgs/lib:/workspaces/aprs_humble/aprs_ws/install/ur_dashboard_msgs/lib:/workspaces/aprs_humble/aprs_ws/install/controller_manager_msgs/lib:${LD_LIBRARY_PATH} PYTHONPATH=/workspaces/aprs_humble/aprs_ws/install/controller_manager/local/lib/python3.10/dist-packages:/workspaces/aprs_humble/aprs_ws/install/ur_msgs/local/lib/python3.10/dist-packages:/workspaces/aprs_humble/aprs_ws/install/ur_dashboard_msgs/local/lib/python3.10/dist-packages:/workspaces/aprs_humble/aprs_ws/install/controller_manager_msgs/local/lib/python3.10/dist-packages:${PYTHONPATH} /usr/bin/cmake /workspaces/aprs_humble/aprs_ws/src/Universal_Robots_ROS2_Driver/ur_bringup -DBUILD_TESTING=ON -DCMAKE_INSTALL_PREFIX=/workspaces/aprs_humble/aprs_ws/install/ur_bringup
[0.294s] -- The C compiler identification is GNU 11.4.0
[0.349s] -- The CXX compiler identification is GNU 11.4.0
[0.357s] -- Detecting C compiler ABI info
[0.426s] -- Detecting C compiler ABI info - done
[0.437s] -- Check for working C compiler: /usr/bin/cc - skipped
[0.437s] -- Detecting C compile features
[0.437s] -- Detecting C compile features - done
[0.442s] -- Detecting CXX compiler ABI info
[0.529s] -- Detecting CXX compiler ABI info - done
[0.536s] -- Check for working CXX compiler: /usr/bin/c++ - skipped
[0.536s] -- Detecting CXX compile features
[0.537s] -- Detecting CXX compile features - done
[0.543s] -- Found ament_cmake: 1.3.5 (/opt/ros/humble/share/ament_cmake/cmake)
[0.759s] -- Found Python3: /usr/bin/python3.10 (found version "3.10.12") found components: Interpreter 
[0.982s] -- Configuring done
[0.987s] -- Generating done
[0.987s] -- Build files have been written to: /workspaces/aprs_humble/aprs_ws/build/ur_bringup
[0.991s] Invoked command in '/workspaces/aprs_humble/aprs_ws/build/ur_bringup' returned '0': AMENT_PREFIX_PATH=/workspaces/aprs_humble/aprs_ws/install/ur_controllers:/workspaces/aprs_humble/aprs_ws/install/controller_manager:/workspaces/aprs_humble/aprs_ws/install/controller_interface:/workspaces/aprs_humble/aprs_ws/install/hardware_interface:/workspaces/aprs_humble/aprs_ws/install/ur_msgs:/workspaces/aprs_humble/aprs_ws/install/ur_description:/workspaces/aprs_humble/aprs_ws/install/ur_dashboard_msgs:/workspaces/aprs_humble/aprs_ws/install/ros2_control_test_assets:/workspaces/aprs_humble/aprs_ws/install/controller_manager_msgs:${AMENT_PREFIX_PATH} CMAKE_PREFIX_PATH=/workspaces/aprs_humble/aprs_ws/install/ur_controllers:/workspaces/aprs_humble/aprs_ws/install/controller_manager:/workspaces/aprs_humble/aprs_ws/install/controller_interface:/workspaces/aprs_humble/aprs_ws/install/hardware_interface:/workspaces/aprs_humble/aprs_ws/install/ur_msgs:/workspaces/aprs_humble/aprs_ws/install/ur_description:/workspaces/aprs_humble/aprs_ws/install/ur_dashboard_msgs:/workspaces/aprs_humble/aprs_ws/install/ros2_control_test_assets:/workspaces/aprs_humble/aprs_ws/install/controller_manager_msgs:/opt/ros/humble LD_LIBRARY_PATH=/workspaces/aprs_humble/aprs_ws/install/ur_controllers/lib:/workspaces/aprs_humble/aprs_ws/install/controller_manager/lib:/workspaces/aprs_humble/aprs_ws/install/controller_interface/lib:/workspaces/aprs_humble/aprs_ws/install/hardware_interface/lib:/workspaces/aprs_humble/aprs_ws/install/ur_msgs/lib:/workspaces/aprs_humble/aprs_ws/install/ur_dashboard_msgs/lib:/workspaces/aprs_humble/aprs_ws/install/controller_manager_msgs/lib:${LD_LIBRARY_PATH} PYTHONPATH=/workspaces/aprs_humble/aprs_ws/install/controller_manager/local/lib/python3.10/dist-packages:/workspaces/aprs_humble/aprs_ws/install/ur_msgs/local/lib/python3.10/dist-packages:/workspaces/aprs_humble/aprs_ws/install/ur_dashboard_msgs/local/lib/python3.10/dist-packages:/workspaces/aprs_humble/aprs_ws/install/controller_manager_msgs/local/lib/python3.10/dist-packages:${PYTHONPATH} /usr/bin/cmake /workspaces/aprs_humble/aprs_ws/src/Universal_Robots_ROS2_Driver/ur_bringup -DBUILD_TESTING=ON -DCMAKE_INSTALL_PREFIX=/workspaces/aprs_humble/aprs_ws/install/ur_bringup
[0.993s] Invoking command in '/workspaces/aprs_humble/aprs_ws/build/ur_bringup': AMENT_PREFIX_PATH=/workspaces/aprs_humble/aprs_ws/install/ur_controllers:/workspaces/aprs_humble/aprs_ws/install/controller_manager:/workspaces/aprs_humble/aprs_ws/install/controller_interface:/workspaces/aprs_humble/aprs_ws/install/hardware_interface:/workspaces/aprs_humble/aprs_ws/install/ur_msgs:/workspaces/aprs_humble/aprs_ws/install/ur_description:/workspaces/aprs_humble/aprs_ws/install/ur_dashboard_msgs:/workspaces/aprs_humble/aprs_ws/install/ros2_control_test_assets:/workspaces/aprs_humble/aprs_ws/install/controller_manager_msgs:${AMENT_PREFIX_PATH} CMAKE_PREFIX_PATH=/workspaces/aprs_humble/aprs_ws/install/ur_controllers:/workspaces/aprs_humble/aprs_ws/install/controller_manager:/workspaces/aprs_humble/aprs_ws/install/controller_interface:/workspaces/aprs_humble/aprs_ws/install/hardware_interface:/workspaces/aprs_humble/aprs_ws/install/ur_msgs:/workspaces/aprs_humble/aprs_ws/install/ur_description:/workspaces/aprs_humble/aprs_ws/install/ur_dashboard_msgs:/workspaces/aprs_humble/aprs_ws/install/ros2_control_test_assets:/workspaces/aprs_humble/aprs_ws/install/controller_manager_msgs:/opt/ros/humble LD_LIBRARY_PATH=/workspaces/aprs_humble/aprs_ws/install/ur_controllers/lib:/workspaces/aprs_humble/aprs_ws/install/controller_manager/lib:/workspaces/aprs_humble/aprs_ws/install/controller_interface/lib:/workspaces/aprs_humble/aprs_ws/install/hardware_interface/lib:/workspaces/aprs_humble/aprs_ws/install/ur_msgs/lib:/workspaces/aprs_humble/aprs_ws/install/ur_dashboard_msgs/lib:/workspaces/aprs_humble/aprs_ws/install/controller_manager_msgs/lib:${LD_LIBRARY_PATH} PYTHONPATH=/workspaces/aprs_humble/aprs_ws/install/controller_manager/local/lib/python3.10/dist-packages:/workspaces/aprs_humble/aprs_ws/install/ur_msgs/local/lib/python3.10/dist-packages:/workspaces/aprs_humble/aprs_ws/install/ur_dashboard_msgs/local/lib/python3.10/dist-packages:/workspaces/aprs_humble/aprs_ws/install/controller_manager_msgs/local/lib/python3.10/dist-packages:${PYTHONPATH} /usr/bin/cmake --build /workspaces/aprs_humble/aprs_ws/build/ur_bringup -- -j16 -l16
[1.033s] Invoked command in '/workspaces/aprs_humble/aprs_ws/build/ur_bringup' returned '0': AMENT_PREFIX_PATH=/workspaces/aprs_humble/aprs_ws/install/ur_controllers:/workspaces/aprs_humble/aprs_ws/install/controller_manager:/workspaces/aprs_humble/aprs_ws/install/controller_interface:/workspaces/aprs_humble/aprs_ws/install/hardware_interface:/workspaces/aprs_humble/aprs_ws/install/ur_msgs:/workspaces/aprs_humble/aprs_ws/install/ur_description:/workspaces/aprs_humble/aprs_ws/install/ur_dashboard_msgs:/workspaces/aprs_humble/aprs_ws/install/ros2_control_test_assets:/workspaces/aprs_humble/aprs_ws/install/controller_manager_msgs:${AMENT_PREFIX_PATH} CMAKE_PREFIX_PATH=/workspaces/aprs_humble/aprs_ws/install/ur_controllers:/workspaces/aprs_humble/aprs_ws/install/controller_manager:/workspaces/aprs_humble/aprs_ws/install/controller_interface:/workspaces/aprs_humble/aprs_ws/install/hardware_interface:/workspaces/aprs_humble/aprs_ws/install/ur_msgs:/workspaces/aprs_humble/aprs_ws/install/ur_description:/workspaces/aprs_humble/aprs_ws/install/ur_dashboard_msgs:/workspaces/aprs_humble/aprs_ws/install/ros2_control_test_assets:/workspaces/aprs_humble/aprs_ws/install/controller_manager_msgs:/opt/ros/humble LD_LIBRARY_PATH=/workspaces/aprs_humble/aprs_ws/install/ur_controllers/lib:/workspaces/aprs_humble/aprs_ws/install/controller_manager/lib:/workspaces/aprs_humble/aprs_ws/install/controller_interface/lib:/workspaces/aprs_humble/aprs_ws/install/hardware_interface/lib:/workspaces/aprs_humble/aprs_ws/install/ur_msgs/lib:/workspaces/aprs_humble/aprs_ws/install/ur_dashboard_msgs/lib:/workspaces/aprs_humble/aprs_ws/install/controller_manager_msgs/lib:${LD_LIBRARY_PATH} PYTHONPATH=/workspaces/aprs_humble/aprs_ws/install/controller_manager/local/lib/python3.10/dist-packages:/workspaces/aprs_humble/aprs_ws/install/ur_msgs/local/lib/python3.10/dist-packages:/workspaces/aprs_humble/aprs_ws/install/ur_dashboard_msgs/local/lib/python3.10/dist-packages:/workspaces/aprs_humble/aprs_ws/install/controller_manager_msgs/local/lib/python3.10/dist-packages:${PYTHONPATH} /usr/bin/cmake --build /workspaces/aprs_humble/aprs_ws/build/ur_bringup -- -j16 -l16
[1.054s] Invoking command in '/workspaces/aprs_humble/aprs_ws/build/ur_bringup': AMENT_PREFIX_PATH=/workspaces/aprs_humble/aprs_ws/install/ur_controllers:/workspaces/aprs_humble/aprs_ws/install/controller_manager:/workspaces/aprs_humble/aprs_ws/install/controller_interface:/workspaces/aprs_humble/aprs_ws/install/hardware_interface:/workspaces/aprs_humble/aprs_ws/install/ur_msgs:/workspaces/aprs_humble/aprs_ws/install/ur_description:/workspaces/aprs_humble/aprs_ws/install/ur_dashboard_msgs:/workspaces/aprs_humble/aprs_ws/install/ros2_control_test_assets:/workspaces/aprs_humble/aprs_ws/install/controller_manager_msgs:${AMENT_PREFIX_PATH} CMAKE_PREFIX_PATH=/workspaces/aprs_humble/aprs_ws/install/ur_controllers:/workspaces/aprs_humble/aprs_ws/install/controller_manager:/workspaces/aprs_humble/aprs_ws/install/controller_interface:/workspaces/aprs_humble/aprs_ws/install/hardware_interface:/workspaces/aprs_humble/aprs_ws/install/ur_msgs:/workspaces/aprs_humble/aprs_ws/install/ur_description:/workspaces/aprs_humble/aprs_ws/install/ur_dashboard_msgs:/workspaces/aprs_humble/aprs_ws/install/ros2_control_test_assets:/workspaces/aprs_humble/aprs_ws/install/controller_manager_msgs:/opt/ros/humble LD_LIBRARY_PATH=/workspaces/aprs_humble/aprs_ws/install/ur_controllers/lib:/workspaces/aprs_humble/aprs_ws/install/controller_manager/lib:/workspaces/aprs_humble/aprs_ws/install/controller_interface/lib:/workspaces/aprs_humble/aprs_ws/install/hardware_interface/lib:/workspaces/aprs_humble/aprs_ws/install/ur_msgs/lib:/workspaces/aprs_humble/aprs_ws/install/ur_dashboard_msgs/lib:/workspaces/aprs_humble/aprs_ws/install/controller_manager_msgs/lib:${LD_LIBRARY_PATH} PYTHONPATH=/workspaces/aprs_humble/aprs_ws/install/controller_manager/local/lib/python3.10/dist-packages:/workspaces/aprs_humble/aprs_ws/install/ur_msgs/local/lib/python3.10/dist-packages:/workspaces/aprs_humble/aprs_ws/install/ur_dashboard_msgs/local/lib/python3.10/dist-packages:/workspaces/aprs_humble/aprs_ws/install/controller_manager_msgs/local/lib/python3.10/dist-packages:${PYTHONPATH} /usr/bin/cmake --install /workspaces/aprs_humble/aprs_ws/build/ur_bringup
[1.060s] -- Install configuration: ""
[1.061s] -- Installing: /workspaces/aprs_humble/aprs_ws/install/ur_bringup/share/ur_bringup/config
[1.061s] -- Installing: /workspaces/aprs_humble/aprs_ws/install/ur_bringup/share/ur_bringup/config/ur5_update_rate.yaml
[1.061s] -- Installing: /workspaces/aprs_humble/aprs_ws/install/ur_bringup/share/ur_bringup/config/ur16e_update_rate.yaml
[1.061s] -- Installing: /workspaces/aprs_humble/aprs_ws/install/ur_bringup/share/ur_bringup/config/test_goal_publishers_config.yaml
[1.061s] -- Installing: /workspaces/aprs_humble/aprs_ws/install/ur_bringup/share/ur_bringup/config/ur5e_update_rate.yaml
[1.061s] -- Installing: /workspaces/aprs_humble/aprs_ws/install/ur_bringup/share/ur_bringup/config/ur10_update_rate.yaml
[1.062s] -- Installing: /workspaces/aprs_humble/aprs_ws/install/ur_bringup/share/ur_bringup/config/ur3e_update_rate.yaml
[1.062s] -- Installing: /workspaces/aprs_humble/aprs_ws/install/ur_bringup/share/ur_bringup/config/ur_controllers.yaml
[1.062s] -- Installing: /workspaces/aprs_humble/aprs_ws/install/ur_bringup/share/ur_bringup/config/ur3_update_rate.yaml
[1.062s] -- Installing: /workspaces/aprs_humble/aprs_ws/install/ur_bringup/share/ur_bringup/config/test_velocity_goal_publishers_config.yaml
[1.062s] -- Installing: /workspaces/aprs_humble/aprs_ws/install/ur_bringup/share/ur_bringup/config/ur10e_update_rate.yaml
[1.062s] -- Installing: /workspaces/aprs_humble/aprs_ws/install/ur_bringup/share/ur_bringup/launch
[1.062s] -- Installing: /workspaces/aprs_humble/aprs_ws/install/ur_bringup/share/ur_bringup/launch/ur5e.launch.py
[1.063s] -- Installing: /workspaces/aprs_humble/aprs_ws/install/ur_bringup/share/ur_bringup/launch/ur3e.launch.py
[1.063s] -- Installing: /workspaces/aprs_humble/aprs_ws/install/ur_bringup/share/ur_bringup/launch/test_scaled_joint_trajectory_controller.launch.py
[1.066s] -- Installing: /workspaces/aprs_humble/aprs_ws/install/ur_bringup/share/ur_bringup/launch/ur_dashboard_client.launch.py
[1.066s] -- Installing: /workspaces/aprs_humble/aprs_ws/install/ur_bringup/share/ur_bringup/launch/ur16e.launch.py
[1.066s] -- Installing: /workspaces/aprs_humble/aprs_ws/install/ur_bringup/share/ur_bringup/launch/ur10.launch.py
[1.066s] -- Installing: /workspaces/aprs_humble/aprs_ws/install/ur_bringup/share/ur_bringup/launch/test_forward_velocity_controller.launch.py
[1.066s] -- Installing: /workspaces/aprs_humble/aprs_ws/install/ur_bringup/share/ur_bringup/launch/ur_control.launch.py
[1.066s] -- Installing: /workspaces/aprs_humble/aprs_ws/install/ur_bringup/share/ur_bringup/launch/ur10e.launch.py
[1.067s] -- Installing: /workspaces/aprs_humble/aprs_ws/install/ur_bringup/share/ur_bringup/launch/test_joint_trajectory_controller.launch.py
[1.067s] -- Installing: /workspaces/aprs_humble/aprs_ws/install/ur_bringup/share/ur_bringup/launch/ur5.launch.py
[1.067s] -- Installing: /workspaces/aprs_humble/aprs_ws/install/ur_bringup/share/ur_bringup/launch/ur3.launch.py
[1.067s] -- Installing: /workspaces/aprs_humble/aprs_ws/install/ur_bringup/lib/ur_bringup/start_ursim.sh
[1.067s] -- Installing: /workspaces/aprs_humble/aprs_ws/install/ur_bringup/share/ament_index/resource_index/package_run_dependencies/ur_bringup
[1.067s] -- Installing: /workspaces/aprs_humble/aprs_ws/install/ur_bringup/share/ament_index/resource_index/parent_prefix_path/ur_bringup
[1.067s] -- Installing: /workspaces/aprs_humble/aprs_ws/install/ur_bringup/share/ur_bringup/environment/ament_prefix_path.sh
[1.067s] -- Installing: /workspaces/aprs_humble/aprs_ws/install/ur_bringup/share/ur_bringup/environment/ament_prefix_path.dsv
[1.067s] -- Installing: /workspaces/aprs_humble/aprs_ws/install/ur_bringup/share/ur_bringup/environment/path.sh
[1.068s] -- Installing: /workspaces/aprs_humble/aprs_ws/install/ur_bringup/share/ur_bringup/environment/path.dsv
[1.068s] -- Installing: /workspaces/aprs_humble/aprs_ws/install/ur_bringup/share/ur_bringup/local_setup.bash
[1.068s] -- Installing: /workspaces/aprs_humble/aprs_ws/install/ur_bringup/share/ur_bringup/local_setup.sh
[1.068s] -- Installing: /workspaces/aprs_humble/aprs_ws/install/ur_bringup/share/ur_bringup/local_setup.zsh
[1.068s] -- Installing: /workspaces/aprs_humble/aprs_ws/install/ur_bringup/share/ur_bringup/local_setup.dsv
[1.068s] -- Installing: /workspaces/aprs_humble/aprs_ws/install/ur_bringup/share/ur_bringup/package.dsv
[1.068s] -- Installing: /workspaces/aprs_humble/aprs_ws/install/ur_bringup/share/ament_index/resource_index/packages/ur_bringup
[1.068s] -- Installing: /workspaces/aprs_humble/aprs_ws/install/ur_bringup/share/ur_bringup/cmake/ur_bringupConfig.cmake
[1.068s] -- Installing: /workspaces/aprs_humble/aprs_ws/install/ur_bringup/share/ur_bringup/cmake/ur_bringupConfig-version.cmake
[1.068s] -- Installing: /workspaces/aprs_humble/aprs_ws/install/ur_bringup/share/ur_bringup/package.xml
[1.112s] Invoked command in '/workspaces/aprs_humble/aprs_ws/build/ur_bringup' returned '0': AMENT_PREFIX_PATH=/workspaces/aprs_humble/aprs_ws/install/ur_controllers:/workspaces/aprs_humble/aprs_ws/install/controller_manager:/workspaces/aprs_humble/aprs_ws/install/controller_interface:/workspaces/aprs_humble/aprs_ws/install/hardware_interface:/workspaces/aprs_humble/aprs_ws/install/ur_msgs:/workspaces/aprs_humble/aprs_ws/install/ur_description:/workspaces/aprs_humble/aprs_ws/install/ur_dashboard_msgs:/workspaces/aprs_humble/aprs_ws/install/ros2_control_test_assets:/workspaces/aprs_humble/aprs_ws/install/controller_manager_msgs:${AMENT_PREFIX_PATH} CMAKE_PREFIX_PATH=/workspaces/aprs_humble/aprs_ws/install/ur_controllers:/workspaces/aprs_humble/aprs_ws/install/controller_manager:/workspaces/aprs_humble/aprs_ws/install/controller_interface:/workspaces/aprs_humble/aprs_ws/install/hardware_interface:/workspaces/aprs_humble/aprs_ws/install/ur_msgs:/workspaces/aprs_humble/aprs_ws/install/ur_description:/workspaces/aprs_humble/aprs_ws/install/ur_dashboard_msgs:/workspaces/aprs_humble/aprs_ws/install/ros2_control_test_assets:/workspaces/aprs_humble/aprs_ws/install/controller_manager_msgs:/opt/ros/humble LD_LIBRARY_PATH=/workspaces/aprs_humble/aprs_ws/install/ur_controllers/lib:/workspaces/aprs_humble/aprs_ws/install/controller_manager/lib:/workspaces/aprs_humble/aprs_ws/install/controller_interface/lib:/workspaces/aprs_humble/aprs_ws/install/hardware_interface/lib:/workspaces/aprs_humble/aprs_ws/install/ur_msgs/lib:/workspaces/aprs_humble/aprs_ws/install/ur_dashboard_msgs/lib:/workspaces/aprs_humble/aprs_ws/install/controller_manager_msgs/lib:${LD_LIBRARY_PATH} PYTHONPATH=/workspaces/aprs_humble/aprs_ws/install/controller_manager/local/lib/python3.10/dist-packages:/workspaces/aprs_humble/aprs_ws/install/ur_msgs/local/lib/python3.10/dist-packages:/workspaces/aprs_humble/aprs_ws/install/ur_dashboard_msgs/local/lib/python3.10/dist-packages:/workspaces/aprs_humble/aprs_ws/install/controller_manager_msgs/local/lib/python3.10/dist-packages:${PYTHONPATH} /usr/bin/cmake --install /workspaces/aprs_humble/aprs_ws/build/ur_bringup
