[0.781s] Invoking command in '/workspaces/aprs/aprs_ws/build/fanuc_moveit_config': CMAKE_PREFIX_PATH=/workspaces/aprs/aprs_ws/install/ur_description:/workspaces/aprs/aprs_ws/install/worlds:/workspaces/aprs/aprs_ws/install/workbench_description:/workspaces/aprs/aprs_ws/install/vaccum_description:/workspaces/aprs/aprs_ws/install/ur_setup:/workspaces/aprs/aprs_ws/install/ur:/workspaces/aprs/aprs_ws/install/ur_calibration:/workspaces/aprs/aprs_ws/install/ur_robot_driver:/workspaces/aprs/aprs_ws/install/ur_bringup:/workspaces/aprs/aprs_ws/install/ur_controllers:/workspaces/aprs/aprs_ws/install/ur_msgs:/workspaces/aprs/aprs_ws/install/ur_moveit_config:/workspaces/aprs/aprs_ws/install/ur_gz:/workspaces/aprs/aprs_ws/install/ur_description__:/workspaces/aprs/aprs_ws/install/ur5e_moveit_config:/workspaces/aprs/aprs_ws/install/panda_moveit_config:/workspaces/aprs/aprs_ws/install/motoman_moveit_config:/workspaces/aprs/aprs_ws/install/fanuc_moveit_config:/workspaces/aprs/aprs_ws/install/aprs_moveit_config:/workspaces/aprs/aprs_ws/install/ur_dashboard_msgs:/workspaces/aprs/aprs_ws/install/ur_client_library:/workspaces/aprs/aprs_ws/install/table_description:/workspaces/aprs/aprs_ws/install/ros_gz_example_gazebo:/workspaces/aprs/aprs_ws/install/point_cloud:/workspaces/aprs/aprs_ws/install/realsense2_description:/workspaces/aprs/aprs_ws/install/panda_description:/workspaces/aprs/aprs_ws/install/motoman_gz:/workspaces/aprs/aprs_ws/install/motoman_description:/workspaces/aprs/aprs_ws/install/ign_ros2_control_demos:/workspaces/aprs/aprs_ws/install/gz_ros2_control_tests:/workspaces/aprs/aprs_ws/install/ign_ros2_control:/workspaces/aprs/aprs_ws/install/franka_setup:/workspaces/aprs/aprs_ws/install/franka_gz:/workspaces/aprs/aprs_ws/install/fanuc_gz:/workspaces/aprs/aprs_ws/install/fanuc_description:/workspaces/aprs/aprs_ws/install/camera_mount:/workspaces/aprs/aprs_ws/install/aprs_lab:/workspaces/aprs/aprs_ws/install/aprs_gazebo:/opt/ros/humble /usr/bin/cmake /workspaces/aprs/aprs_ws/src/assets/robots/fanuc_lrmate200id/fanuc_moveit_config -DCMAKE_INSTALL_PREFIX=/workspaces/aprs/aprs_ws/install/fanuc_moveit_config
[5.365s] -- The C compiler identification is GNU 11.4.0
[5.365s] -- The CXX compiler identification is GNU 11.4.0
[5.365s] -- Detecting C compiler ABI info
[5.365s] -- Detecting C compiler ABI info - done
[5.365s] -- Check for working C compiler: /usr/bin/cc - skipped
[5.365s] -- Detecting C compile features
[5.365s] -- Detecting C compile features - done
[5.365s] -- Detecting CXX compiler ABI info
[5.366s] -- Detecting CXX compiler ABI info - done
[5.366s] -- Check for working CXX compiler: /usr/bin/c++ - skipped
[5.366s] -- Detecting CXX compile features
[5.366s] -- Detecting CXX compile features - done
[5.366s] -- Found ament_cmake: 1.3.6 (/opt/ros/humble/share/ament_cmake/cmake)
[5.366s] -- Found Python3: /usr/bin/python3.10 (found version "3.10.12") found components: Interpreter 
[5.549s] -- Configuring done
[5.570s] -- Generating done
[5.582s] -- Build files have been written to: /workspaces/aprs/aprs_ws/build/fanuc_moveit_config
[5.701s] Invoked command in '/workspaces/aprs/aprs_ws/build/fanuc_moveit_config' returned '0': CMAKE_PREFIX_PATH=/workspaces/aprs/aprs_ws/install/ur_description:/workspaces/aprs/aprs_ws/install/worlds:/workspaces/aprs/aprs_ws/install/workbench_description:/workspaces/aprs/aprs_ws/install/vaccum_description:/workspaces/aprs/aprs_ws/install/ur_setup:/workspaces/aprs/aprs_ws/install/ur:/workspaces/aprs/aprs_ws/install/ur_calibration:/workspaces/aprs/aprs_ws/install/ur_robot_driver:/workspaces/aprs/aprs_ws/install/ur_bringup:/workspaces/aprs/aprs_ws/install/ur_controllers:/workspaces/aprs/aprs_ws/install/ur_msgs:/workspaces/aprs/aprs_ws/install/ur_moveit_config:/workspaces/aprs/aprs_ws/install/ur_gz:/workspaces/aprs/aprs_ws/install/ur_description__:/workspaces/aprs/aprs_ws/install/ur5e_moveit_config:/workspaces/aprs/aprs_ws/install/panda_moveit_config:/workspaces/aprs/aprs_ws/install/motoman_moveit_config:/workspaces/aprs/aprs_ws/install/fanuc_moveit_config:/workspaces/aprs/aprs_ws/install/aprs_moveit_config:/workspaces/aprs/aprs_ws/install/ur_dashboard_msgs:/workspaces/aprs/aprs_ws/install/ur_client_library:/workspaces/aprs/aprs_ws/install/table_description:/workspaces/aprs/aprs_ws/install/ros_gz_example_gazebo:/workspaces/aprs/aprs_ws/install/point_cloud:/workspaces/aprs/aprs_ws/install/realsense2_description:/workspaces/aprs/aprs_ws/install/panda_description:/workspaces/aprs/aprs_ws/install/motoman_gz:/workspaces/aprs/aprs_ws/install/motoman_description:/workspaces/aprs/aprs_ws/install/ign_ros2_control_demos:/workspaces/aprs/aprs_ws/install/gz_ros2_control_tests:/workspaces/aprs/aprs_ws/install/ign_ros2_control:/workspaces/aprs/aprs_ws/install/franka_setup:/workspaces/aprs/aprs_ws/install/franka_gz:/workspaces/aprs/aprs_ws/install/fanuc_gz:/workspaces/aprs/aprs_ws/install/fanuc_description:/workspaces/aprs/aprs_ws/install/camera_mount:/workspaces/aprs/aprs_ws/install/aprs_lab:/workspaces/aprs/aprs_ws/install/aprs_gazebo:/opt/ros/humble /usr/bin/cmake /workspaces/aprs/aprs_ws/src/assets/robots/fanuc_lrmate200id/fanuc_moveit_config -DCMAKE_INSTALL_PREFIX=/workspaces/aprs/aprs_ws/install/fanuc_moveit_config
[5.702s] Invoking command in '/workspaces/aprs/aprs_ws/build/fanuc_moveit_config': CMAKE_PREFIX_PATH=/workspaces/aprs/aprs_ws/install/ur_description:/workspaces/aprs/aprs_ws/install/worlds:/workspaces/aprs/aprs_ws/install/workbench_description:/workspaces/aprs/aprs_ws/install/vaccum_description:/workspaces/aprs/aprs_ws/install/ur_setup:/workspaces/aprs/aprs_ws/install/ur:/workspaces/aprs/aprs_ws/install/ur_calibration:/workspaces/aprs/aprs_ws/install/ur_robot_driver:/workspaces/aprs/aprs_ws/install/ur_bringup:/workspaces/aprs/aprs_ws/install/ur_controllers:/workspaces/aprs/aprs_ws/install/ur_msgs:/workspaces/aprs/aprs_ws/install/ur_moveit_config:/workspaces/aprs/aprs_ws/install/ur_gz:/workspaces/aprs/aprs_ws/install/ur_description__:/workspaces/aprs/aprs_ws/install/ur5e_moveit_config:/workspaces/aprs/aprs_ws/install/panda_moveit_config:/workspaces/aprs/aprs_ws/install/motoman_moveit_config:/workspaces/aprs/aprs_ws/install/fanuc_moveit_config:/workspaces/aprs/aprs_ws/install/aprs_moveit_config:/workspaces/aprs/aprs_ws/install/ur_dashboard_msgs:/workspaces/aprs/aprs_ws/install/ur_client_library:/workspaces/aprs/aprs_ws/install/table_description:/workspaces/aprs/aprs_ws/install/ros_gz_example_gazebo:/workspaces/aprs/aprs_ws/install/point_cloud:/workspaces/aprs/aprs_ws/install/realsense2_description:/workspaces/aprs/aprs_ws/install/panda_description:/workspaces/aprs/aprs_ws/install/motoman_gz:/workspaces/aprs/aprs_ws/install/motoman_description:/workspaces/aprs/aprs_ws/install/ign_ros2_control_demos:/workspaces/aprs/aprs_ws/install/gz_ros2_control_tests:/workspaces/aprs/aprs_ws/install/ign_ros2_control:/workspaces/aprs/aprs_ws/install/franka_setup:/workspaces/aprs/aprs_ws/install/franka_gz:/workspaces/aprs/aprs_ws/install/fanuc_gz:/workspaces/aprs/aprs_ws/install/fanuc_description:/workspaces/aprs/aprs_ws/install/camera_mount:/workspaces/aprs/aprs_ws/install/aprs_lab:/workspaces/aprs/aprs_ws/install/aprs_gazebo:/opt/ros/humble /usr/bin/cmake --build /workspaces/aprs/aprs_ws/build/fanuc_moveit_config -- -j16 -l16
[6.045s] Built target ament_cmake_python_copy_fanuc_moveit_config
[6.790s] running install_scripts
[6.794s] /usr/lib/python3/dist-packages/setuptools/command/install.py:34: SetuptoolsDeprecationWarning: setup.py install is deprecated. Use build and pip and other standards-based tools.
[6.794s]   warnings.warn(
[6.935s] running egg_info
[6.936s] creating fanuc_moveit_config.egg-info
[6.936s] writing fanuc_moveit_config.egg-info/PKG-INFO
[6.936s] writing dependency_links to fanuc_moveit_config.egg-info/dependency_links.txt
[6.937s] writing top-level names to fanuc_moveit_config.egg-info/top_level.txt
[6.938s] writing manifest file 'fanuc_moveit_config.egg-info/SOURCES.txt'
[6.940s] reading manifest file 'fanuc_moveit_config.egg-info/SOURCES.txt'
[6.941s] writing manifest file 'fanuc_moveit_config.egg-info/SOURCES.txt'
[7.243s] Built target ament_cmake_python_build_fanuc_moveit_config_scripts
[7.518s] running egg_info
[7.518s] writing fanuc_moveit_config.egg-info/PKG-INFO
[7.518s] writing dependency_links to fanuc_moveit_config.egg-info/dependency_links.txt
[7.519s] writing top-level names to fanuc_moveit_config.egg-info/top_level.txt
[7.527s] reading manifest file 'fanuc_moveit_config.egg-info/SOURCES.txt'
[7.528s] writing manifest file 'fanuc_moveit_config.egg-info/SOURCES.txt'
[7.685s] Built target ament_cmake_python_build_fanuc_moveit_config_egg
[8.000s] Invoked command in '/workspaces/aprs/aprs_ws/build/fanuc_moveit_config' returned '0': CMAKE_PREFIX_PATH=/workspaces/aprs/aprs_ws/install/ur_description:/workspaces/aprs/aprs_ws/install/worlds:/workspaces/aprs/aprs_ws/install/workbench_description:/workspaces/aprs/aprs_ws/install/vaccum_description:/workspaces/aprs/aprs_ws/install/ur_setup:/workspaces/aprs/aprs_ws/install/ur:/workspaces/aprs/aprs_ws/install/ur_calibration:/workspaces/aprs/aprs_ws/install/ur_robot_driver:/workspaces/aprs/aprs_ws/install/ur_bringup:/workspaces/aprs/aprs_ws/install/ur_controllers:/workspaces/aprs/aprs_ws/install/ur_msgs:/workspaces/aprs/aprs_ws/install/ur_moveit_config:/workspaces/aprs/aprs_ws/install/ur_gz:/workspaces/aprs/aprs_ws/install/ur_description__:/workspaces/aprs/aprs_ws/install/ur5e_moveit_config:/workspaces/aprs/aprs_ws/install/panda_moveit_config:/workspaces/aprs/aprs_ws/install/motoman_moveit_config:/workspaces/aprs/aprs_ws/install/fanuc_moveit_config:/workspaces/aprs/aprs_ws/install/aprs_moveit_config:/workspaces/aprs/aprs_ws/install/ur_dashboard_msgs:/workspaces/aprs/aprs_ws/install/ur_client_library:/workspaces/aprs/aprs_ws/install/table_description:/workspaces/aprs/aprs_ws/install/ros_gz_example_gazebo:/workspaces/aprs/aprs_ws/install/point_cloud:/workspaces/aprs/aprs_ws/install/realsense2_description:/workspaces/aprs/aprs_ws/install/panda_description:/workspaces/aprs/aprs_ws/install/motoman_gz:/workspaces/aprs/aprs_ws/install/motoman_description:/workspaces/aprs/aprs_ws/install/ign_ros2_control_demos:/workspaces/aprs/aprs_ws/install/gz_ros2_control_tests:/workspaces/aprs/aprs_ws/install/ign_ros2_control:/workspaces/aprs/aprs_ws/install/franka_setup:/workspaces/aprs/aprs_ws/install/franka_gz:/workspaces/aprs/aprs_ws/install/fanuc_gz:/workspaces/aprs/aprs_ws/install/fanuc_description:/workspaces/aprs/aprs_ws/install/camera_mount:/workspaces/aprs/aprs_ws/install/aprs_lab:/workspaces/aprs/aprs_ws/install/aprs_gazebo:/opt/ros/humble /usr/bin/cmake --build /workspaces/aprs/aprs_ws/build/fanuc_moveit_config -- -j16 -l16
[8.495s] Invoking command in '/workspaces/aprs/aprs_ws/build/fanuc_moveit_config': CMAKE_PREFIX_PATH=/workspaces/aprs/aprs_ws/install/ur_description:/workspaces/aprs/aprs_ws/install/worlds:/workspaces/aprs/aprs_ws/install/workbench_description:/workspaces/aprs/aprs_ws/install/vaccum_description:/workspaces/aprs/aprs_ws/install/ur_setup:/workspaces/aprs/aprs_ws/install/ur:/workspaces/aprs/aprs_ws/install/ur_calibration:/workspaces/aprs/aprs_ws/install/ur_robot_driver:/workspaces/aprs/aprs_ws/install/ur_bringup:/workspaces/aprs/aprs_ws/install/ur_controllers:/workspaces/aprs/aprs_ws/install/ur_msgs:/workspaces/aprs/aprs_ws/install/ur_moveit_config:/workspaces/aprs/aprs_ws/install/ur_gz:/workspaces/aprs/aprs_ws/install/ur_description__:/workspaces/aprs/aprs_ws/install/ur5e_moveit_config:/workspaces/aprs/aprs_ws/install/panda_moveit_config:/workspaces/aprs/aprs_ws/install/motoman_moveit_config:/workspaces/aprs/aprs_ws/install/fanuc_moveit_config:/workspaces/aprs/aprs_ws/install/aprs_moveit_config:/workspaces/aprs/aprs_ws/install/ur_dashboard_msgs:/workspaces/aprs/aprs_ws/install/ur_client_library:/workspaces/aprs/aprs_ws/install/table_description:/workspaces/aprs/aprs_ws/install/ros_gz_example_gazebo:/workspaces/aprs/aprs_ws/install/point_cloud:/workspaces/aprs/aprs_ws/install/realsense2_description:/workspaces/aprs/aprs_ws/install/panda_description:/workspaces/aprs/aprs_ws/install/motoman_gz:/workspaces/aprs/aprs_ws/install/motoman_description:/workspaces/aprs/aprs_ws/install/ign_ros2_control_demos:/workspaces/aprs/aprs_ws/install/gz_ros2_control_tests:/workspaces/aprs/aprs_ws/install/ign_ros2_control:/workspaces/aprs/aprs_ws/install/franka_setup:/workspaces/aprs/aprs_ws/install/franka_gz:/workspaces/aprs/aprs_ws/install/fanuc_gz:/workspaces/aprs/aprs_ws/install/fanuc_description:/workspaces/aprs/aprs_ws/install/camera_mount:/workspaces/aprs/aprs_ws/install/aprs_lab:/workspaces/aprs/aprs_ws/install/aprs_gazebo:/opt/ros/humble /usr/bin/cmake --install /workspaces/aprs/aprs_ws/build/fanuc_moveit_config
[10.493s] -- Install configuration: ""
[10.493s] -- Installing: /workspaces/aprs/aprs_ws/install/fanuc_moveit_config/share/fanuc_moveit_config/config
[10.494s] -- Installing: /workspaces/aprs/aprs_ws/install/fanuc_moveit_config/share/fanuc_moveit_config/config/controller.yaml
[10.494s] -- Installing: /workspaces/aprs/aprs_ws/install/fanuc_moveit_config/share/fanuc_moveit_config/config/ompl_planning.yaml
[10.494s] -- Installing: /workspaces/aprs/aprs_ws/install/fanuc_moveit_config/share/fanuc_moveit_config/config/joint_limits.yaml
[10.494s] -- Installing: /workspaces/aprs/aprs_ws/install/fanuc_moveit_config/share/fanuc_moveit_config/config/kinematics.yaml
[10.494s] -- Installing: /workspaces/aprs/aprs_ws/install/fanuc_moveit_config/share/fanuc_moveit_config/launch
[10.494s] -- Installing: /workspaces/aprs/aprs_ws/install/fanuc_moveit_config/share/fanuc_moveit_config/launch/fanuc_moveit.launch.py
[10.494s] -- Installing: /workspaces/aprs/aprs_ws/install/fanuc_moveit_config/share/fanuc_moveit_config/srdf
[10.494s] -- Installing: /workspaces/aprs/aprs_ws/install/fanuc_moveit_config/share/fanuc_moveit_config/srdf/fanuc.srdf
[10.494s] -- Installing: /workspaces/aprs/aprs_ws/install/fanuc_moveit_config/share/fanuc_moveit_config/rviz
[10.494s] -- Installing: /workspaces/aprs/aprs_ws/install/fanuc_moveit_config/share/fanuc_moveit_config/rviz/moveit.rviz
[10.494s] -- Installing: /workspaces/aprs/aprs_ws/install/fanuc_moveit_config/share/fanuc_moveit_config/environment/pythonpath.sh
[10.494s] -- Installing: /workspaces/aprs/aprs_ws/install/fanuc_moveit_config/share/fanuc_moveit_config/environment/pythonpath.dsv
[10.494s] -- Installing: /workspaces/aprs/aprs_ws/install/fanuc_moveit_config/local/lib/python3.10/dist-packages/fanuc_moveit_config-0.0.0-py3.10.egg-info
[10.495s] -- Installing: /workspaces/aprs/aprs_ws/install/fanuc_moveit_config/local/lib/python3.10/dist-packages/fanuc_moveit_config-0.0.0-py3.10.egg-info/dependency_links.txt
[10.495s] -- Installing: /workspaces/aprs/aprs_ws/install/fanuc_moveit_config/local/lib/python3.10/dist-packages/fanuc_moveit_config-0.0.0-py3.10.egg-info/top_level.txt
[10.495s] -- Installing: /workspaces/aprs/aprs_ws/install/fanuc_moveit_config/local/lib/python3.10/dist-packages/fanuc_moveit_config-0.0.0-py3.10.egg-info/PKG-INFO
[10.497s] -- Installing: /workspaces/aprs/aprs_ws/install/fanuc_moveit_config/local/lib/python3.10/dist-packages/fanuc_moveit_config-0.0.0-py3.10.egg-info/SOURCES.txt
[10.498s] -- Installing: /workspaces/aprs/aprs_ws/install/fanuc_moveit_config/lib/fanuc_moveit_config/
[10.498s] -- Installing: /workspaces/aprs/aprs_ws/install/fanuc_moveit_config/local/lib/python3.10/dist-packages/fanuc_moveit_config
[10.498s] -- Installing: /workspaces/aprs/aprs_ws/install/fanuc_moveit_config/local/lib/python3.10/dist-packages/fanuc_moveit_config/parameters.py
[10.498s] -- Installing: /workspaces/aprs/aprs_ws/install/fanuc_moveit_config/local/lib/python3.10/dist-packages/fanuc_moveit_config/__init__.py
[10.498s] Listing '/workspaces/aprs/aprs_ws/install/fanuc_moveit_config/local/lib/python3.10/dist-packages/fanuc_moveit_config'...
[10.498s] Compiling '/workspaces/aprs/aprs_ws/install/fanuc_moveit_config/local/lib/python3.10/dist-packages/fanuc_moveit_config/__init__.py'...
[10.498s] Compiling '/workspaces/aprs/aprs_ws/install/fanuc_moveit_config/local/lib/python3.10/dist-packages/fanuc_moveit_config/parameters.py'...
[10.498s] -- Installing: /workspaces/aprs/aprs_ws/install/fanuc_moveit_config/share/ament_index/resource_index/package_run_dependencies/fanuc_moveit_config
[10.499s] -- Installing: /workspaces/aprs/aprs_ws/install/fanuc_moveit_config/share/ament_index/resource_index/parent_prefix_path/fanuc_moveit_config
[10.499s] -- Installing: /workspaces/aprs/aprs_ws/install/fanuc_moveit_config/share/fanuc_moveit_config/environment/ament_prefix_path.sh
[10.499s] -- Installing: /workspaces/aprs/aprs_ws/install/fanuc_moveit_config/share/fanuc_moveit_config/environment/ament_prefix_path.dsv
[10.499s] -- Installing: /workspaces/aprs/aprs_ws/install/fanuc_moveit_config/share/fanuc_moveit_config/environment/path.sh
[10.499s] -- Installing: /workspaces/aprs/aprs_ws/install/fanuc_moveit_config/share/fanuc_moveit_config/environment/path.dsv
[10.499s] -- Installing: /workspaces/aprs/aprs_ws/install/fanuc_moveit_config/share/fanuc_moveit_config/local_setup.bash
[10.499s] -- Installing: /workspaces/aprs/aprs_ws/install/fanuc_moveit_config/share/fanuc_moveit_config/local_setup.sh
[10.499s] -- Installing: /workspaces/aprs/aprs_ws/install/fanuc_moveit_config/share/fanuc_moveit_config/local_setup.zsh
[10.500s] -- Installing: /workspaces/aprs/aprs_ws/install/fanuc_moveit_config/share/fanuc_moveit_config/local_setup.dsv
[10.500s] -- Installing: /workspaces/aprs/aprs_ws/install/fanuc_moveit_config/share/fanuc_moveit_config/package.dsv
[10.500s] -- Installing: /workspaces/aprs/aprs_ws/install/fanuc_moveit_config/share/ament_index/resource_index/packages/fanuc_moveit_config
[10.500s] -- Installing: /workspaces/aprs/aprs_ws/install/fanuc_moveit_config/share/fanuc_moveit_config/cmake/fanuc_moveit_configConfig.cmake
[10.500s] -- Installing: /workspaces/aprs/aprs_ws/install/fanuc_moveit_config/share/fanuc_moveit_config/cmake/fanuc_moveit_configConfig-version.cmake
[10.500s] -- Installing: /workspaces/aprs/aprs_ws/install/fanuc_moveit_config/share/fanuc_moveit_config/package.xml
[10.602s] Invoked command in '/workspaces/aprs/aprs_ws/build/fanuc_moveit_config' returned '0': CMAKE_PREFIX_PATH=/workspaces/aprs/aprs_ws/install/ur_description:/workspaces/aprs/aprs_ws/install/worlds:/workspaces/aprs/aprs_ws/install/workbench_description:/workspaces/aprs/aprs_ws/install/vaccum_description:/workspaces/aprs/aprs_ws/install/ur_setup:/workspaces/aprs/aprs_ws/install/ur:/workspaces/aprs/aprs_ws/install/ur_calibration:/workspaces/aprs/aprs_ws/install/ur_robot_driver:/workspaces/aprs/aprs_ws/install/ur_bringup:/workspaces/aprs/aprs_ws/install/ur_controllers:/workspaces/aprs/aprs_ws/install/ur_msgs:/workspaces/aprs/aprs_ws/install/ur_moveit_config:/workspaces/aprs/aprs_ws/install/ur_gz:/workspaces/aprs/aprs_ws/install/ur_description__:/workspaces/aprs/aprs_ws/install/ur5e_moveit_config:/workspaces/aprs/aprs_ws/install/panda_moveit_config:/workspaces/aprs/aprs_ws/install/motoman_moveit_config:/workspaces/aprs/aprs_ws/install/fanuc_moveit_config:/workspaces/aprs/aprs_ws/install/aprs_moveit_config:/workspaces/aprs/aprs_ws/install/ur_dashboard_msgs:/workspaces/aprs/aprs_ws/install/ur_client_library:/workspaces/aprs/aprs_ws/install/table_description:/workspaces/aprs/aprs_ws/install/ros_gz_example_gazebo:/workspaces/aprs/aprs_ws/install/point_cloud:/workspaces/aprs/aprs_ws/install/realsense2_description:/workspaces/aprs/aprs_ws/install/panda_description:/workspaces/aprs/aprs_ws/install/motoman_gz:/workspaces/aprs/aprs_ws/install/motoman_description:/workspaces/aprs/aprs_ws/install/ign_ros2_control_demos:/workspaces/aprs/aprs_ws/install/gz_ros2_control_tests:/workspaces/aprs/aprs_ws/install/ign_ros2_control:/workspaces/aprs/aprs_ws/install/franka_setup:/workspaces/aprs/aprs_ws/install/franka_gz:/workspaces/aprs/aprs_ws/install/fanuc_gz:/workspaces/aprs/aprs_ws/install/fanuc_description:/workspaces/aprs/aprs_ws/install/camera_mount:/workspaces/aprs/aprs_ws/install/aprs_lab:/workspaces/aprs/aprs_ws/install/aprs_gazebo:/opt/ros/humble /usr/bin/cmake --install /workspaces/aprs/aprs_ws/build/fanuc_moveit_config
