[1.123s] Invoking command in '/workspaces/aprs/aprs_ws/build/ign_ros2_control': CMAKE_PREFIX_PATH=${CMAKE_PREFIX_PATH}:/opt/ros/humble /usr/bin/cmake --build /workspaces/aprs/aprs_ws/build/ign_ros2_control -- -j16 -l16
[1.274s] [ 50%] Built target ign_ros2_control-system
[1.331s] [100%] Built target ign_hardware_plugins
[1.377s] Invoked command in '/workspaces/aprs/aprs_ws/build/ign_ros2_control' returned '0': CMAKE_PREFIX_PATH=${CMAKE_PREFIX_PATH}:/opt/ros/humble /usr/bin/cmake --build /workspaces/aprs/aprs_ws/build/ign_ros2_control -- -j16 -l16
[2.426s] Invoking command in '/workspaces/aprs/aprs_ws/build/ign_ros2_control': CMAKE_PREFIX_PATH=${CMAKE_PREFIX_PATH}:/opt/ros/humble /usr/bin/cmake --install /workspaces/aprs/aprs_ws/build/ign_ros2_control
[2.787s] -- Install configuration: ""
[2.788s] -- Up-to-date: /workspaces/aprs/aprs_ws/install/ign_ros2_control/lib/libign_hardware_plugins.so
[2.789s] -- Up-to-date: /workspaces/aprs/aprs_ws/install/ign_ros2_control/include
[2.789s] -- Up-to-date: /workspaces/aprs/aprs_ws/install/ign_ros2_control/include/ign_ros2_control
[2.790s] -- Up-to-date: /workspaces/aprs/aprs_ws/install/ign_ros2_control/include/ign_ros2_control/ign_system.hpp
[2.790s] -- Up-to-date: /workspaces/aprs/aprs_ws/install/ign_ros2_control/include/ign_ros2_control/ign_system_interface.hpp
[2.790s] -- Up-to-date: /workspaces/aprs/aprs_ws/install/ign_ros2_control/include/ign_ros2_control/ign_ros2_control_plugin.hpp
[2.790s] -- Up-to-date: /workspaces/aprs/aprs_ws/install/ign_ros2_control/share/ign_ros2_control/environment/library_path.sh
[2.791s] -- Up-to-date: /workspaces/aprs/aprs_ws/install/ign_ros2_control/share/ign_ros2_control/environment/library_path.dsv
[2.791s] -- Up-to-date: /workspaces/aprs/aprs_ws/install/ign_ros2_control/lib/libign_ros2_control-system.so
[2.791s] -- Up-to-date: /workspaces/aprs/aprs_ws/install/ign_ros2_control/share/ign_ros2_control/ign_hardware_plugins.xml
[2.791s] -- Up-to-date: /workspaces/aprs/aprs_ws/install/ign_ros2_control/share/ign_ros2_control/environment/ign_ros2_control.dsv
[2.792s] -- Up-to-date: /workspaces/aprs/aprs_ws/install/ign_ros2_control/share/ign_ros2_control/environment/ign_ros2_control.sh
[2.792s] -- Up-to-date: /workspaces/aprs/aprs_ws/install/ign_ros2_control/share/ament_index/resource_index/package_run_dependencies/ign_ros2_control
[2.792s] -- Up-to-date: /workspaces/aprs/aprs_ws/install/ign_ros2_control/share/ament_index/resource_index/parent_prefix_path/ign_ros2_control
[2.792s] -- Up-to-date: /workspaces/aprs/aprs_ws/install/ign_ros2_control/share/ign_ros2_control/environment/ament_prefix_path.sh
[2.792s] -- Up-to-date: /workspaces/aprs/aprs_ws/install/ign_ros2_control/share/ign_ros2_control/environment/ament_prefix_path.dsv
[2.793s] -- Up-to-date: /workspaces/aprs/aprs_ws/install/ign_ros2_control/share/ign_ros2_control/environment/path.sh
[2.793s] -- Up-to-date: /workspaces/aprs/aprs_ws/install/ign_ros2_control/share/ign_ros2_control/environment/path.dsv
[2.793s] -- Up-to-date: /workspaces/aprs/aprs_ws/install/ign_ros2_control/share/ign_ros2_control/local_setup.bash
[2.793s] -- Up-to-date: /workspaces/aprs/aprs_ws/install/ign_ros2_control/share/ign_ros2_control/local_setup.sh
[2.793s] -- Up-to-date: /workspaces/aprs/aprs_ws/install/ign_ros2_control/share/ign_ros2_control/local_setup.zsh
[2.794s] -- Up-to-date: /workspaces/aprs/aprs_ws/install/ign_ros2_control/share/ign_ros2_control/local_setup.dsv
[2.794s] -- Installing: /workspaces/aprs/aprs_ws/install/ign_ros2_control/share/ign_ros2_control/package.dsv
[2.794s] -- Up-to-date: /workspaces/aprs/aprs_ws/install/ign_ros2_control/share/ament_index/resource_index/packages/ign_ros2_control
[2.794s] -- Up-to-date: /workspaces/aprs/aprs_ws/install/ign_ros2_control/share/ament_index/resource_index/ign_ros2_control__pluginlib__plugin/ign_ros2_control
[2.794s] -- Up-to-date: /workspaces/aprs/aprs_ws/install/ign_ros2_control/share/ign_ros2_control/cmake/ament_cmake_export_include_directories-extras.cmake
[2.794s] -- Up-to-date: /workspaces/aprs/aprs_ws/install/ign_ros2_control/share/ign_ros2_control/cmake/ament_cmake_export_libraries-extras.cmake
[2.795s] -- Up-to-date: /workspaces/aprs/aprs_ws/install/ign_ros2_control/share/ign_ros2_control/cmake/ign_ros2_controlConfig.cmake
[2.795s] -- Up-to-date: /workspaces/aprs/aprs_ws/install/ign_ros2_control/share/ign_ros2_control/cmake/ign_ros2_controlConfig-version.cmake
[2.795s] -- Up-to-date: /workspaces/aprs/aprs_ws/install/ign_ros2_control/share/ign_ros2_control/package.xml
[3.506s] Invoked command in '/workspaces/aprs/aprs_ws/build/ign_ros2_control' returned '0': CMAKE_PREFIX_PATH=${CMAKE_PREFIX_PATH}:/opt/ros/humble /usr/bin/cmake --install /workspaces/aprs/aprs_ws/build/ign_ros2_control
