[1.939s] Invoking command in '/workspaces/aprs/aprs_ws/build/ur_description__': CMAKE_PREFIX_PATH=${CMAKE_PREFIX_PATH}:/opt/ros/humble /usr/bin/cmake --build /workspaces/aprs/aprs_ws/build/ur_description__ -- -j16 -l16
[2.458s] Invoked command in '/workspaces/aprs/aprs_ws/build/ur_description__' returned '0': CMAKE_PREFIX_PATH=${CMAKE_PREFIX_PATH}:/opt/ros/humble /usr/bin/cmake --build /workspaces/aprs/aprs_ws/build/ur_description__ -- -j16 -l16
[3.266s] Invoking command in '/workspaces/aprs/aprs_ws/build/ur_description__': CMAKE_PREFIX_PATH=${CMAKE_PREFIX_PATH}:/opt/ros/humble /usr/bin/cmake --install /workspaces/aprs/aprs_ws/build/ur_description__
[3.383s] -- Install configuration: ""
[3.384s] -- Up-to-date: /workspaces/aprs/aprs_ws/install/ur_description__/share/ur_description__/config
[3.385s] -- Up-to-date: /workspaces/aprs/aprs_ws/install/ur_description__/share/ur_description__/config/ur3e
[3.386s] -- Up-to-date: /workspaces/aprs/aprs_ws/install/ur_description__/share/ur_description__/config/ur3e/physical_parameters.yaml
[3.386s] -- Up-to-date: /workspaces/aprs/aprs_ws/install/ur_description__/share/ur_description__/config/ur3e/joint_limits.yaml
[3.386s] -- Up-to-date: /workspaces/aprs/aprs_ws/install/ur_description__/share/ur_description__/config/ur3e/default_kinematics.yaml
[3.386s] -- Up-to-date: /workspaces/aprs/aprs_ws/install/ur_description__/share/ur_description__/config/ur3e/visual_parameters.yaml
[3.386s] -- Up-to-date: /workspaces/aprs/aprs_ws/install/ur_description__/share/ur_description__/config/ur3
[3.387s] -- Up-to-date: /workspaces/aprs/aprs_ws/install/ur_description__/share/ur_description__/config/ur3/physical_parameters.yaml
[3.387s] -- Up-to-date: /workspaces/aprs/aprs_ws/install/ur_description__/share/ur_description__/config/ur3/joint_limits.yaml
[3.387s] -- Up-to-date: /workspaces/aprs/aprs_ws/install/ur_description__/share/ur_description__/config/ur3/default_kinematics.yaml
[3.387s] -- Up-to-date: /workspaces/aprs/aprs_ws/install/ur_description__/share/ur_description__/config/ur3/visual_parameters.yaml
[3.388s] -- Up-to-date: /workspaces/aprs/aprs_ws/install/ur_description__/share/ur_description__/config/initial_positions.yaml
[3.388s] -- Up-to-date: /workspaces/aprs/aprs_ws/install/ur_description__/share/ur_description__/config/ur10e
[3.388s] -- Up-to-date: /workspaces/aprs/aprs_ws/install/ur_description__/share/ur_description__/config/ur10e/physical_parameters.yaml
[3.388s] -- Up-to-date: /workspaces/aprs/aprs_ws/install/ur_description__/share/ur_description__/config/ur10e/joint_limits.yaml
[3.388s] -- Up-to-date: /workspaces/aprs/aprs_ws/install/ur_description__/share/ur_description__/config/ur10e/default_kinematics.yaml
[3.388s] -- Up-to-date: /workspaces/aprs/aprs_ws/install/ur_description__/share/ur_description__/config/ur10e/visual_parameters.yaml
[3.388s] -- Up-to-date: /workspaces/aprs/aprs_ws/install/ur_description__/share/ur_description__/config/ur5e
[3.389s] -- Up-to-date: /workspaces/aprs/aprs_ws/install/ur_description__/share/ur_description__/config/ur5e/physical_parameters.yaml
[3.389s] -- Up-to-date: /workspaces/aprs/aprs_ws/install/ur_description__/share/ur_description__/config/ur5e/joint_limits.yaml
[3.389s] -- Up-to-date: /workspaces/aprs/aprs_ws/install/ur_description__/share/ur_description__/config/ur5e/default_kinematics.yaml
[3.389s] -- Up-to-date: /workspaces/aprs/aprs_ws/install/ur_description__/share/ur_description__/config/ur5e/visual_parameters.yaml
[3.390s] -- Up-to-date: /workspaces/aprs/aprs_ws/install/ur_description__/share/ur_description__/config/ur10
[3.390s] -- Up-to-date: /workspaces/aprs/aprs_ws/install/ur_description__/share/ur_description__/config/ur10/physical_parameters.yaml
[3.390s] -- Up-to-date: /workspaces/aprs/aprs_ws/install/ur_description__/share/ur_description__/config/ur10/joint_limits.yaml
[3.390s] -- Up-to-date: /workspaces/aprs/aprs_ws/install/ur_description__/share/ur_description__/config/ur10/default_kinematics.yaml
[3.390s] -- Up-to-date: /workspaces/aprs/aprs_ws/install/ur_description__/share/ur_description__/config/ur10/visual_parameters.yaml
[3.391s] -- Up-to-date: /workspaces/aprs/aprs_ws/install/ur_description__/share/ur_description__/config/ur5
[3.391s] -- Up-to-date: /workspaces/aprs/aprs_ws/install/ur_description__/share/ur_description__/config/ur5/physical_parameters.yaml
[3.391s] -- Up-to-date: /workspaces/aprs/aprs_ws/install/ur_description__/share/ur_description__/config/ur5/joint_limits.yaml
[3.391s] -- Up-to-date: /workspaces/aprs/aprs_ws/install/ur_description__/share/ur_description__/config/ur5/default_kinematics.yaml
[3.392s] -- Up-to-date: /workspaces/aprs/aprs_ws/install/ur_description__/share/ur_description__/config/ur5/visual_parameters.yaml
[3.392s] -- Up-to-date: /workspaces/aprs/aprs_ws/install/ur_description__/share/ur_description__/config/ur16e
[3.392s] -- Up-to-date: /workspaces/aprs/aprs_ws/install/ur_description__/share/ur_description__/config/ur16e/physical_parameters.yaml
[3.396s] -- Up-to-date: /workspaces/aprs/aprs_ws/install/ur_description__/share/ur_description__/config/ur16e/joint_limits.yaml
[3.396s] -- Up-to-date: /workspaces/aprs/aprs_ws/install/ur_description__/share/ur_description__/config/ur16e/default_kinematics.yaml
[3.397s] -- Up-to-date: /workspaces/aprs/aprs_ws/install/ur_description__/share/ur_description__/config/ur16e/visual_parameters.yaml
[3.397s] -- Up-to-date: /workspaces/aprs/aprs_ws/install/ur_description__/share/ur_description__/launch
[3.397s] -- Up-to-date: /workspaces/aprs/aprs_ws/install/ur_description__/share/ur_description__/launch/view_ur.launch.py
[3.397s] -- Up-to-date: /workspaces/aprs/aprs_ws/install/ur_description__/share/ur_description__/meshes
[3.397s] -- Up-to-date: /workspaces/aprs/aprs_ws/install/ur_description__/share/ur_description__/meshes/ur3e
[3.397s] -- Up-to-date: /workspaces/aprs/aprs_ws/install/ur_description__/share/ur_description__/meshes/ur3e/visual
[3.397s] -- Up-to-date: /workspaces/aprs/aprs_ws/install/ur_description__/share/ur_description__/meshes/ur3e/visual/upperarm.dae
[3.397s] -- Up-to-date: /workspaces/aprs/aprs_ws/install/ur_description__/share/ur_description__/meshes/ur3e/visual/forearm.dae
[3.397s] -- Up-to-date: /workspaces/aprs/aprs_ws/install/ur_description__/share/ur_description__/meshes/ur3e/visual/wrist2.dae
[3.397s] -- Up-to-date: /workspaces/aprs/aprs_ws/install/ur_description__/share/ur_description__/meshes/ur3e/visual/shoulder.dae
[3.397s] -- Up-to-date: /workspaces/aprs/aprs_ws/install/ur_description__/share/ur_description__/meshes/ur3e/visual/wrist3.dae
[3.397s] -- Up-to-date: /workspaces/aprs/aprs_ws/install/ur_description__/share/ur_description__/meshes/ur3e/visual/wrist1.dae
[3.398s] -- Up-to-date: /workspaces/aprs/aprs_ws/install/ur_description__/share/ur_description__/meshes/ur3e/visual/base.dae
[3.398s] -- Up-to-date: /workspaces/aprs/aprs_ws/install/ur_description__/share/ur_description__/meshes/ur3e/collision
[3.398s] -- Up-to-date: /workspaces/aprs/aprs_ws/install/ur_description__/share/ur_description__/meshes/ur3e/collision/wrist3.stl
[3.398s] -- Up-to-date: /workspaces/aprs/aprs_ws/install/ur_description__/share/ur_description__/meshes/ur3e/collision/base.stl
[3.398s] -- Up-to-date: /workspaces/aprs/aprs_ws/install/ur_description__/share/ur_description__/meshes/ur3e/collision/shoulder.stl
[3.398s] -- Up-to-date: /workspaces/aprs/aprs_ws/install/ur_description__/share/ur_description__/meshes/ur3e/collision/wrist1.stl
[3.398s] -- Up-to-date: /workspaces/aprs/aprs_ws/install/ur_description__/share/ur_description__/meshes/ur3e/collision/wrist2.stl
[3.398s] -- Up-to-date: /workspaces/aprs/aprs_ws/install/ur_description__/share/ur_description__/meshes/ur3e/collision/upperarm.stl
[3.398s] -- Up-to-date: /workspaces/aprs/aprs_ws/install/ur_description__/share/ur_description__/meshes/ur3e/collision/forearm.stl
[3.398s] -- Up-to-date: /workspaces/aprs/aprs_ws/install/ur_description__/share/ur_description__/meshes/ur3
[3.398s] -- Up-to-date: /workspaces/aprs/aprs_ws/install/ur_description__/share/ur_description__/meshes/ur3/visual
[3.399s] -- Up-to-date: /workspaces/aprs/aprs_ws/install/ur_description__/share/ur_description__/meshes/ur3/visual/upperarm.dae
[3.399s] -- Up-to-date: /workspaces/aprs/aprs_ws/install/ur_description__/share/ur_description__/meshes/ur3/visual/forearm.dae
[3.399s] -- Up-to-date: /workspaces/aprs/aprs_ws/install/ur_description__/share/ur_description__/meshes/ur3/visual/wrist2.dae
[3.399s] -- Up-to-date: /workspaces/aprs/aprs_ws/install/ur_description__/share/ur_description__/meshes/ur3/visual/shoulder.dae
[3.399s] -- Up-to-date: /workspaces/aprs/aprs_ws/install/ur_description__/share/ur_description__/meshes/ur3/visual/wrist3.dae
[3.400s] -- Up-to-date: /workspaces/aprs/aprs_ws/install/ur_description__/share/ur_description__/meshes/ur3/visual/wrist1.dae
[3.401s] -- Up-to-date: /workspaces/aprs/aprs_ws/install/ur_description__/share/ur_description__/meshes/ur3/visual/base.dae
[3.401s] -- Up-to-date: /workspaces/aprs/aprs_ws/install/ur_description__/share/ur_description__/meshes/ur3/collision
[3.401s] -- Up-to-date: /workspaces/aprs/aprs_ws/install/ur_description__/share/ur_description__/meshes/ur3/collision/wrist3.stl
[3.401s] -- Up-to-date: /workspaces/aprs/aprs_ws/install/ur_description__/share/ur_description__/meshes/ur3/collision/base.stl
[3.401s] -- Up-to-date: /workspaces/aprs/aprs_ws/install/ur_description__/share/ur_description__/meshes/ur3/collision/shoulder.stl
[3.401s] -- Up-to-date: /workspaces/aprs/aprs_ws/install/ur_description__/share/ur_description__/meshes/ur3/collision/wrist1.stl
[3.402s] -- Up-to-date: /workspaces/aprs/aprs_ws/install/ur_description__/share/ur_description__/meshes/ur3/collision/wrist2.stl
[3.402s] -- Up-to-date: /workspaces/aprs/aprs_ws/install/ur_description__/share/ur_description__/meshes/ur3/collision/upperarm.stl
[3.402s] -- Up-to-date: /workspaces/aprs/aprs_ws/install/ur_description__/share/ur_description__/meshes/ur3/collision/forearm.stl
[3.402s] -- Up-to-date: /workspaces/aprs/aprs_ws/install/ur_description__/share/ur_description__/meshes/ur10e
[3.402s] -- Up-to-date: /workspaces/aprs/aprs_ws/install/ur_description__/share/ur_description__/meshes/ur10e/visual
[3.402s] -- Up-to-date: /workspaces/aprs/aprs_ws/install/ur_description__/share/ur_description__/meshes/ur10e/visual/upperarm.dae
[3.402s] -- Up-to-date: /workspaces/aprs/aprs_ws/install/ur_description__/share/ur_description__/meshes/ur10e/visual/forearm.dae
[3.402s] -- Up-to-date: /workspaces/aprs/aprs_ws/install/ur_description__/share/ur_description__/meshes/ur10e/visual/wrist2.dae
[3.402s] -- Up-to-date: /workspaces/aprs/aprs_ws/install/ur_description__/share/ur_description__/meshes/ur10e/visual/shoulder.dae
[3.402s] -- Up-to-date: /workspaces/aprs/aprs_ws/install/ur_description__/share/ur_description__/meshes/ur10e/visual/wrist3.dae
[3.402s] -- Up-to-date: /workspaces/aprs/aprs_ws/install/ur_description__/share/ur_description__/meshes/ur10e/visual/wrist1.dae
[3.402s] -- Up-to-date: /workspaces/aprs/aprs_ws/install/ur_description__/share/ur_description__/meshes/ur10e/visual/base.dae
[3.402s] -- Up-to-date: /workspaces/aprs/aprs_ws/install/ur_description__/share/ur_description__/meshes/ur10e/collision
[3.403s] -- Up-to-date: /workspaces/aprs/aprs_ws/install/ur_description__/share/ur_description__/meshes/ur10e/collision/wrist3.stl
[3.403s] -- Up-to-date: /workspaces/aprs/aprs_ws/install/ur_description__/share/ur_description__/meshes/ur10e/collision/base.stl
[3.403s] -- Up-to-date: /workspaces/aprs/aprs_ws/install/ur_description__/share/ur_description__/meshes/ur10e/collision/shoulder.stl
[3.403s] -- Up-to-date: /workspaces/aprs/aprs_ws/install/ur_description__/share/ur_description__/meshes/ur10e/collision/wrist1.stl
[3.403s] -- Up-to-date: /workspaces/aprs/aprs_ws/install/ur_description__/share/ur_description__/meshes/ur10e/collision/wrist2.stl
[3.403s] -- Up-to-date: /workspaces/aprs/aprs_ws/install/ur_description__/share/ur_description__/meshes/ur10e/collision/upperarm.stl
[3.409s] -- Up-to-date: /workspaces/aprs/aprs_ws/install/ur_description__/share/ur_description__/meshes/ur10e/collision/forearm.stl
[3.409s] -- Up-to-date: /workspaces/aprs/aprs_ws/install/ur_description__/share/ur_description__/meshes/ur5e
[3.410s] -- Up-to-date: /workspaces/aprs/aprs_ws/install/ur_description__/share/ur_description__/meshes/ur5e/visual
[3.410s] -- Up-to-date: /workspaces/aprs/aprs_ws/install/ur_description__/share/ur_description__/meshes/ur5e/visual/upperarm.dae
[3.410s] -- Up-to-date: /workspaces/aprs/aprs_ws/install/ur_description__/share/ur_description__/meshes/ur5e/visual/forearm.dae
[3.410s] -- Up-to-date: /workspaces/aprs/aprs_ws/install/ur_description__/share/ur_description__/meshes/ur5e/visual/wrist2.dae
[3.410s] -- Up-to-date: /workspaces/aprs/aprs_ws/install/ur_description__/share/ur_description__/meshes/ur5e/visual/shoulder.dae
[3.410s] -- Up-to-date: /workspaces/aprs/aprs_ws/install/ur_description__/share/ur_description__/meshes/ur5e/visual/wrist3.dae
[3.411s] -- Up-to-date: /workspaces/aprs/aprs_ws/install/ur_description__/share/ur_description__/meshes/ur5e/visual/wrist1.dae
[3.411s] -- Up-to-date: /workspaces/aprs/aprs_ws/install/ur_description__/share/ur_description__/meshes/ur5e/visual/base.dae
[3.411s] -- Up-to-date: /workspaces/aprs/aprs_ws/install/ur_description__/share/ur_description__/meshes/ur5e/collision
[3.411s] -- Up-to-date: /workspaces/aprs/aprs_ws/install/ur_description__/share/ur_description__/meshes/ur5e/collision/wrist3.stl
[3.411s] -- Up-to-date: /workspaces/aprs/aprs_ws/install/ur_description__/share/ur_description__/meshes/ur5e/collision/base.stl
[3.411s] -- Up-to-date: /workspaces/aprs/aprs_ws/install/ur_description__/share/ur_description__/meshes/ur5e/collision/shoulder.stl
[3.411s] -- Up-to-date: /workspaces/aprs/aprs_ws/install/ur_description__/share/ur_description__/meshes/ur5e/collision/wrist1.stl
[3.411s] -- Up-to-date: /workspaces/aprs/aprs_ws/install/ur_description__/share/ur_description__/meshes/ur5e/collision/wrist2.stl
[3.411s] -- Up-to-date: /workspaces/aprs/aprs_ws/install/ur_description__/share/ur_description__/meshes/ur5e/collision/upperarm.stl
[3.411s] -- Up-to-date: /workspaces/aprs/aprs_ws/install/ur_description__/share/ur_description__/meshes/ur5e/collision/forearm.stl
[3.412s] -- Up-to-date: /workspaces/aprs/aprs_ws/install/ur_description__/share/ur_description__/meshes/ur10
[3.412s] -- Up-to-date: /workspaces/aprs/aprs_ws/install/ur_description__/share/ur_description__/meshes/ur10/visual
[3.412s] -- Up-to-date: /workspaces/aprs/aprs_ws/install/ur_description__/share/ur_description__/meshes/ur10/visual/upperarm.dae
[3.412s] -- Up-to-date: /workspaces/aprs/aprs_ws/install/ur_description__/share/ur_description__/meshes/ur10/visual/forearm.dae
[3.412s] -- Up-to-date: /workspaces/aprs/aprs_ws/install/ur_description__/share/ur_description__/meshes/ur10/visual/wrist2.dae
[3.412s] -- Up-to-date: /workspaces/aprs/aprs_ws/install/ur_description__/share/ur_description__/meshes/ur10/visual/shoulder.dae
[3.412s] -- Up-to-date: /workspaces/aprs/aprs_ws/install/ur_description__/share/ur_description__/meshes/ur10/visual/wrist3.dae
[3.412s] -- Up-to-date: /workspaces/aprs/aprs_ws/install/ur_description__/share/ur_description__/meshes/ur10/visual/wrist1.dae
[3.412s] -- Up-to-date: /workspaces/aprs/aprs_ws/install/ur_description__/share/ur_description__/meshes/ur10/visual/base.dae
[3.412s] -- Up-to-date: /workspaces/aprs/aprs_ws/install/ur_description__/share/ur_description__/meshes/ur10/collision
[3.412s] -- Up-to-date: /workspaces/aprs/aprs_ws/install/ur_description__/share/ur_description__/meshes/ur10/collision/wrist3.stl
[3.412s] -- Up-to-date: /workspaces/aprs/aprs_ws/install/ur_description__/share/ur_description__/meshes/ur10/collision/base.stl
[3.413s] -- Up-to-date: /workspaces/aprs/aprs_ws/install/ur_description__/share/ur_description__/meshes/ur10/collision/shoulder.stl
[3.413s] -- Up-to-date: /workspaces/aprs/aprs_ws/install/ur_description__/share/ur_description__/meshes/ur10/collision/wrist1.stl
[3.413s] -- Up-to-date: /workspaces/aprs/aprs_ws/install/ur_description__/share/ur_description__/meshes/ur10/collision/wrist2.stl
[3.413s] -- Up-to-date: /workspaces/aprs/aprs_ws/install/ur_description__/share/ur_description__/meshes/ur10/collision/upperarm.stl
[3.413s] -- Up-to-date: /workspaces/aprs/aprs_ws/install/ur_description__/share/ur_description__/meshes/ur10/collision/forearm.stl
[3.413s] -- Up-to-date: /workspaces/aprs/aprs_ws/install/ur_description__/share/ur_description__/meshes/ur5
[3.413s] -- Up-to-date: /workspaces/aprs/aprs_ws/install/ur_description__/share/ur_description__/meshes/ur5/visual
[3.413s] -- Up-to-date: /workspaces/aprs/aprs_ws/install/ur_description__/share/ur_description__/meshes/ur5/visual/upperarm.dae
[3.413s] -- Up-to-date: /workspaces/aprs/aprs_ws/install/ur_description__/share/ur_description__/meshes/ur5/visual/forearm.dae
[3.413s] -- Up-to-date: /workspaces/aprs/aprs_ws/install/ur_description__/share/ur_description__/meshes/ur5/visual/wrist2.dae
[3.413s] -- Up-to-date: /workspaces/aprs/aprs_ws/install/ur_description__/share/ur_description__/meshes/ur5/visual/shoulder.dae
[3.413s] -- Up-to-date: /workspaces/aprs/aprs_ws/install/ur_description__/share/ur_description__/meshes/ur5/visual/wrist3.dae
[3.413s] -- Up-to-date: /workspaces/aprs/aprs_ws/install/ur_description__/share/ur_description__/meshes/ur5/visual/wrist1.dae
[3.413s] -- Up-to-date: /workspaces/aprs/aprs_ws/install/ur_description__/share/ur_description__/meshes/ur5/visual/base.dae
[3.414s] -- Up-to-date: /workspaces/aprs/aprs_ws/install/ur_description__/share/ur_description__/meshes/ur5/collision
[3.414s] -- Up-to-date: /workspaces/aprs/aprs_ws/install/ur_description__/share/ur_description__/meshes/ur5/collision/wrist3.stl
[3.414s] -- Up-to-date: /workspaces/aprs/aprs_ws/install/ur_description__/share/ur_description__/meshes/ur5/collision/base.stl
[3.414s] -- Up-to-date: /workspaces/aprs/aprs_ws/install/ur_description__/share/ur_description__/meshes/ur5/collision/shoulder.stl
[3.414s] -- Up-to-date: /workspaces/aprs/aprs_ws/install/ur_description__/share/ur_description__/meshes/ur5/collision/wrist1.stl
[3.414s] -- Up-to-date: /workspaces/aprs/aprs_ws/install/ur_description__/share/ur_description__/meshes/ur5/collision/wrist2.stl
[3.414s] -- Up-to-date: /workspaces/aprs/aprs_ws/install/ur_description__/share/ur_description__/meshes/ur5/collision/upperarm.stl
[3.414s] -- Up-to-date: /workspaces/aprs/aprs_ws/install/ur_description__/share/ur_description__/meshes/ur5/collision/forearm.stl
[3.414s] -- Up-to-date: /workspaces/aprs/aprs_ws/install/ur_description__/share/ur_description__/meshes/ur16e
[3.414s] -- Up-to-date: /workspaces/aprs/aprs_ws/install/ur_description__/share/ur_description__/meshes/ur16e/visual
[3.414s] -- Up-to-date: /workspaces/aprs/aprs_ws/install/ur_description__/share/ur_description__/meshes/ur16e/visual/upperarm.dae
[3.414s] -- Up-to-date: /workspaces/aprs/aprs_ws/install/ur_description__/share/ur_description__/meshes/ur16e/visual/forearm.dae
[3.414s] -- Up-to-date: /workspaces/aprs/aprs_ws/install/ur_description__/share/ur_description__/meshes/ur16e/collision
[3.415s] -- Up-to-date: /workspaces/aprs/aprs_ws/install/ur_description__/share/ur_description__/meshes/ur16e/collision/upperarm.stl
[3.415s] -- Up-to-date: /workspaces/aprs/aprs_ws/install/ur_description__/share/ur_description__/meshes/ur16e/collision/forearm.stl
[3.415s] -- Up-to-date: /workspaces/aprs/aprs_ws/install/ur_description__/share/ur_description__/rviz
[3.415s] -- Up-to-date: /workspaces/aprs/aprs_ws/install/ur_description__/share/ur_description__/rviz/view_robot.rviz
[3.415s] -- Up-to-date: /workspaces/aprs/aprs_ws/install/ur_description__/share/ur_description__/urdf
[3.415s] -- Up-to-date: /workspaces/aprs/aprs_ws/install/ur_description__/share/ur_description__/urdf/ur.urdf
[3.415s] -- Up-to-date: /workspaces/aprs/aprs_ws/install/ur_description__/share/ur_description__/urdf/ur_macro.xacro
[3.415s] -- Up-to-date: /workspaces/aprs/aprs_ws/install/ur_description__/share/ur_description__/urdf/inc
[3.415s] -- Up-to-date: /workspaces/aprs/aprs_ws/install/ur_description__/share/ur_description__/urdf/inc/ur_common.xacro
[3.415s] -- Up-to-date: /workspaces/aprs/aprs_ws/install/ur_description__/share/ur_description__/urdf/inc/ur_transmissions.xacro
[3.416s] -- Up-to-date: /workspaces/aprs/aprs_ws/install/ur_description__/share/ur_description__/urdf/ur.urdf.xacro
[3.416s] -- Up-to-date: /workspaces/aprs/aprs_ws/install/ur_description__/share/ur_description__/urdf/ur.ros2_control.xacro
[3.416s] -- Up-to-date: /workspaces/aprs/aprs_ws/install/ur_description__/share/ur_description__/test
[3.416s] -- Up-to-date: /workspaces/aprs/aprs_ws/install/ur_description__/share/ur_description__/test/test_ur_urdf_xacro.py
[3.416s] -- Up-to-date: /workspaces/aprs/aprs_ws/install/ur_description__/share/ur_description__/test/test_view_ur_launch.py
[3.416s] -- Up-to-date: /workspaces/aprs/aprs_ws/install/ur_description__/share/ur_description__/environment/ur_description__.dsv
[3.416s] -- Up-to-date: /workspaces/aprs/aprs_ws/install/ur_description__/share/ur_description__/environment/ur_description__.sh
[3.416s] -- Up-to-date: /workspaces/aprs/aprs_ws/install/ur_description__/share/ament_index/resource_index/package_run_dependencies/ur_description__
[3.416s] -- Up-to-date: /workspaces/aprs/aprs_ws/install/ur_description__/share/ament_index/resource_index/parent_prefix_path/ur_description__
[3.416s] -- Up-to-date: /workspaces/aprs/aprs_ws/install/ur_description__/share/ur_description__/environment/ament_prefix_path.sh
[3.416s] -- Up-to-date: /workspaces/aprs/aprs_ws/install/ur_description__/share/ur_description__/environment/ament_prefix_path.dsv
[3.417s] -- Up-to-date: /workspaces/aprs/aprs_ws/install/ur_description__/share/ur_description__/environment/path.sh
[3.417s] -- Up-to-date: /workspaces/aprs/aprs_ws/install/ur_description__/share/ur_description__/environment/path.dsv
[3.417s] -- Up-to-date: /workspaces/aprs/aprs_ws/install/ur_description__/share/ur_description__/local_setup.bash
[3.417s] -- Up-to-date: /workspaces/aprs/aprs_ws/install/ur_description__/share/ur_description__/local_setup.sh
[3.417s] -- Up-to-date: /workspaces/aprs/aprs_ws/install/ur_description__/share/ur_description__/local_setup.zsh
[3.417s] -- Up-to-date: /workspaces/aprs/aprs_ws/install/ur_description__/share/ur_description__/local_setup.dsv
[3.417s] -- Installing: /workspaces/aprs/aprs_ws/install/ur_description__/share/ur_description__/package.dsv
[3.418s] -- Up-to-date: /workspaces/aprs/aprs_ws/install/ur_description__/share/ament_index/resource_index/packages/ur_description__
[3.418s] -- Up-to-date: /workspaces/aprs/aprs_ws/install/ur_description__/share/ur_description__/cmake/ur_description__Config.cmake
[3.418s] -- Up-to-date: /workspaces/aprs/aprs_ws/install/ur_description__/share/ur_description__/cmake/ur_description__Config-version.cmake
[3.418s] -- Up-to-date: /workspaces/aprs/aprs_ws/install/ur_description__/share/ur_description__/package.xml
[4.159s] Invoked command in '/workspaces/aprs/aprs_ws/build/ur_description__' returned '0': CMAKE_PREFIX_PATH=${CMAKE_PREFIX_PATH}:/opt/ros/humble /usr/bin/cmake --install /workspaces/aprs/aprs_ws/build/ur_description__
