[0.511s] Invoking command in '/workspaces/aprs/aprs_ws/build/ign_ros2_control': CMAKE_PREFIX_PATH=/opt/ros/humble /usr/bin/cmake --build /workspaces/aprs/aprs_ws/build/ign_ros2_control -- -j16 -l16
[0.597s] -- Found ament_cmake: 1.3.6 (/opt/ros/humble/share/ament_cmake/cmake)
[0.806s] -- Found ament_index_cpp: 1.4.0 (/opt/ros/humble/share/ament_index_cpp/cmake)
[0.812s] -- Found controller_manager: 2.36.0 (/opt/ros/humble/share/controller_manager/cmake)
[0.845s] -- Found rosidl_generator_c: 3.1.5 (/opt/ros/humble/share/rosidl_generator_c/cmake)
[0.845s] -- Found rosidl_adapter: 3.1.5 (/opt/ros/humble/share/rosidl_adapter/cmake)
[0.845s] -- Found rosidl_generator_cpp: 3.1.5 (/opt/ros/humble/share/rosidl_generator_cpp/cmake)
[0.846s] -- Using all available rosidl_typesupport_c: rosidl_typesupport_fastrtps_c;rosidl_typesupport_introspection_c
[0.852s] -- Using all available rosidl_typesupport_cpp: rosidl_typesupport_fastrtps_cpp;rosidl_typesupport_introspection_cpp
[1.384s] -- Found rmw_implementation_cmake: 6.1.1 (/opt/ros/humble/share/rmw_implementation_cmake/cmake)
[1.385s] -- Found rmw_fastrtps_cpp: 6.2.5 (/opt/ros/humble/share/rmw_fastrtps_cpp/cmake)
[1.417s] -- Found TinyXML2 via Config file: TinyXML2_DIR-NOTFOUND
[1.428s] -- Found TinyXML2 via Config file: TinyXML2_DIR-NOTFOUND
[1.459s] -- Found TinyXML2 via Config file: TinyXML2_DIR-NOTFOUND
[1.459s] -- Found TinyXML2 via Config file: TinyXML2_DIR-NOTFOUND
[1.472s] -- Using RMW implementation 'rmw_fastrtps_cpp' as default
[2.028s] -- Found yaml_cpp_vendor: 8.0.2 (/opt/ros/humble/share/yaml_cpp_vendor/cmake)
[2.035s] -- Looking for ignition-gazebo6 -- found version 6.16.0
[2.040s] -- Searching for dependencies of ignition-gazebo6
[2.040s] -- Looking for sdformat12 -- found version 12.7.2
[2.040s] -- Searching for dependencies of sdformat12
[2.047s] -- Looking for ignition-math6 -- found version 6.15.1
[2.047s] -- Searching for dependencies of ignition-math6
[2.048s] -- Looking for ignition-utils1 -- found version 1.5.1
[2.049s] -- Searching for dependencies of ignition-utils1
[2.050s] -- Looking for ignition-plugin1 -- found version 1.4.0
[2.051s] -- Searching for dependencies of ignition-plugin1
[2.051s] -- Searching for <ignition-plugin1> component [loader]
[2.052s] -- Looking for ignition-plugin1-loader -- found version 1.4.0
[2.052s] -- Searching for dependencies of ignition-plugin1-loader
[2.053s] -- Searching for <ignition-plugin1> component [register]
[2.054s] -- Looking for ignition-plugin1-register -- found version 1.4.0
[2.054s] -- Searching for dependencies of ignition-plugin1-register
[2.055s] -- Looking for ignition-transport11 -- found version 11.4.1
[2.055s] -- Searching for dependencies of ignition-transport11
[2.129s] -- Config-file not installed for ZeroMQ -- checking for pkg-config
[2.135s] -- Checking for module 'libzmq >= 4'
[2.149s] --   Found libzmq , version 4.3.4
[2.202s] -- Checking for module 'uuid'
[2.218s] --   Found uuid, version 2.37.2
[2.257s] -- Looking for ignition-utils1 -- found version 1.5.1
[2.257s] -- Searching for dependencies of ignition-utils1
[2.257s] -- Searching for <ignition-utils1> component [cli]
[2.258s] -- Looking for ignition-utils1-cli -- found version 1.5.1
[2.258s] -- Searching for dependencies of ignition-utils1-cli
[2.259s] -- Looking for ignition-msgs8 -- found version 8.7.0
[2.260s] -- Searching for dependencies of ignition-msgs8
[2.295s] -- Found Protobuf: /usr/lib/x86_64-linux-gnu/libprotobuf.so (found suitable version "3.12.4", minimum required is "3") 
[2.295s] -- Looking for ignition-math6 -- found version 6.15.1
[2.304s] -- Searching for <ignition-transport11> component [log]
[2.305s] -- Looking for ignition-transport11-log -- found version 11.4.1
[2.305s] -- Searching for dependencies of ignition-transport11-log
[2.306s] -- Searching for <ignition-transport11> component [parameters]
[2.307s] -- Looking for ignition-transport11-parameters -- found version 11.4.1
[2.307s] -- Searching for dependencies of ignition-transport11-parameters
[2.308s] -- Looking for ignition-msgs8 -- found version 8.7.0
[2.309s] -- Looking for ignition-common4 -- found version 4.7.0
[2.310s] -- Searching for dependencies of ignition-common4
[2.310s] -- Looking for dlfcn.h - found
[2.310s] -- Looking for libdl - found
[2.323s] -- Searching for <ignition-common4> component [profiler]
[2.323s] -- Looking for ignition-common4-profiler -- found version 4.7.0
[2.324s] -- Searching for dependencies of ignition-common4-profiler
[2.324s] -- Searching for <ignition-common4> component [events]
[2.325s] -- Looking for ignition-common4-events -- found version 4.7.0
[2.325s] -- Searching for dependencies of ignition-common4-events
[2.326s] -- Looking for ignition-math6 -- found version 6.15.1
[2.326s] -- Searching for <ignition-common4> component [av]
[2.327s] -- Looking for ignition-common4-av -- found version 4.7.0
[2.328s] -- Searching for dependencies of ignition-common4-av
[2.334s] -- Checking for module 'libswscale'
[2.351s] --   Found libswscale, version 5.9.100
[2.401s] -- Checking for module 'libavdevice >= 56.4.100'
[2.416s] --   Found libavdevice , version 58.13.100
[2.471s] -- Checking for module 'libavformat'
[2.493s] --   Found libavformat, version 58.76.100
[2.546s] -- Checking for module 'libavcodec'
[2.563s] --   Found libavcodec, version 58.134.100
[2.736s] -- Checking for module 'libavutil'
[2.737s] --   Found libavutil, version 56.70.100
[2.737s] -- Looking for ignition-fuel_tools7 -- found version 7.3.0
[2.737s] -- Searching for dependencies of ignition-fuel_tools7
[2.801s] -- Checking for module 'jsoncpp'
[2.832s] --   Found jsoncpp, version 1.9.5
[2.892s] -- Checking for module 'libzip'
[2.907s] --   Found libzip, version 1.7.3
[2.960s] -- Looking for ignition-common4 -- found version 4.7.0
[2.960s] -- Looking for ignition-math6 -- found version 6.15.1
[2.960s] -- Looking for ignition-msgs8 -- found version 8.7.0
[2.961s] -- Looking for ignition-gui6 -- found version 6.8.0
[2.962s] -- Searching for dependencies of ignition-gui6
[3.018s] -- Looking for ignition-math6 -- found version 6.15.1
[3.018s] -- Looking for ignition-common4 -- found version 4.7.0
[3.018s] -- Looking for ignition-plugin1 -- found version 1.4.0
[3.019s] -- Looking for ignition-transport11 -- found version 11.4.1
[3.019s] -- Looking for ignition-rendering6 -- found version 6.6.3
[3.020s] -- Searching for dependencies of ignition-rendering6
[3.020s] -- Looking for ignition-math6 -- found version 6.15.1
[3.021s] -- Searching for dependencies of ignition-math6
[3.021s] -- Searching for <ignition-math6> component [eigen3]
[3.024s] -- Looking for ignition-math6-eigen3 -- found version 6.15.1
[3.025s] -- Searching for dependencies of ignition-math6-eigen3
[3.025s] -- Looking for ignition-common4 -- found version 4.7.0
[3.025s] -- Searching for dependencies of ignition-common4
[3.026s] -- Looking for dlfcn.h - found
[3.026s] -- Looking for libdl - found
[3.036s] -- Searching for <ignition-common4> component [graphics]
[3.036s] -- Looking for ignition-common4-graphics -- found version 4.7.0
[3.036s] -- Searching for dependencies of ignition-common4-graphics
[3.037s] -- Looking for ignition-math6 -- found version 6.15.1
[3.037s] -- Looking for ignition-utils1 -- found version 1.5.1
[3.037s] -- Searching for <ignition-common4> component [events]
[3.038s] -- Looking for ignition-plugin1 -- found version 1.4.0
[3.039s] -- Searching for dependencies of ignition-plugin1
[3.039s] -- Searching for <ignition-plugin1> component [all]
[3.040s] -- Looking for all libraries of ignition-plugin1 -- found version 1.4.0
[3.040s] -- Looking for ignition-plugin1 -- found version 1.4.0
[3.042s] -- Looking for ignition-msgs8 -- found version 8.7.0
[3.058s] -- Looking for ignition-physics5 -- found version 5.3.2
[3.058s] -- Searching for dependencies of ignition-physics5
[3.059s] -- Looking for ignition-math6 -- found version 6.15.1
[3.059s] -- Looking for ignition-plugin1 -- found version 1.4.0
[3.059s] -- Looking for ignition-utils1 -- found version 1.5.1
[3.061s] -- Searching for <ignition-physics5> component [heightmap]
[3.061s] -- Looking for ignition-physics5-heightmap -- found version 5.3.2
[3.062s] -- Searching for dependencies of ignition-physics5-heightmap
[3.062s] -- Looking for ignition-common4 -- found version 4.7.0
[3.063s] -- Searching for <ignition-physics5> component [mesh]
[3.063s] -- Looking for ignition-physics5-mesh -- found version 5.3.2
[3.064s] -- Searching for dependencies of ignition-physics5-mesh
[3.064s] -- Looking for ignition-common4 -- found version 4.7.0
[3.065s] -- Searching for <ignition-physics5> component [sdf]
[3.065s] -- Looking for ignition-physics5-sdf -- found version 5.3.2
[3.066s] -- Searching for dependencies of ignition-physics5-sdf
[3.069s] -- Looking for sdformat12 -- found version 12.7.2
[3.069s] -- Looking for ignition-sensors6 -- found version 6.8.0
[3.069s] -- Searching for dependencies of ignition-sensors6
[3.120s] -- Found Protobuf: /usr/lib/x86_64-linux-gnu/libprotobuf.so (found version "3.12.4") 
[3.121s] -- Looking for ignition-math6 -- found version 6.15.1
[3.122s] -- Looking for ignition-common4 -- found version 4.7.0
[3.122s] -- Looking for ignition-transport11 -- found version 11.4.1
[3.123s] -- Looking for ignition-rendering6 -- found version 6.6.3
[3.123s] -- Looking for ignition-msgs8 -- found version 8.7.0
[3.124s] -- Looking for sdformat12 -- found version 12.7.2
[3.124s] -- Searching for <ignition-sensors6> component [air_pressure]
[3.125s] -- Looking for ignition-sensors6-air_pressure -- found version 6.8.0
[3.126s] -- Searching for dependencies of ignition-sensors6-air_pressure
[3.126s] -- Searching for <ignition-sensors6> component [altimeter]
[3.127s] -- Looking for ignition-sensors6-altimeter -- found version 6.8.0
[3.128s] -- Searching for dependencies of ignition-sensors6-altimeter
[3.128s] -- Searching for <ignition-sensors6> component [imu]
[3.128s] -- Looking for ignition-sensors6-imu -- found version 6.8.0
[3.129s] -- Searching for dependencies of ignition-sensors6-imu
[3.130s] -- Searching for <ignition-sensors6> component [force_torque]
[3.130s] -- Looking for ignition-sensors6-force_torque -- found version 6.8.0
[3.133s] -- Searching for dependencies of ignition-sensors6-force_torque
[3.133s] -- Searching for <ignition-sensors6> component [logical_camera]
[3.134s] -- Looking for ignition-sensors6-logical_camera -- found version 6.8.0
[3.135s] -- Searching for dependencies of ignition-sensors6-logical_camera
[3.136s] -- Searching for <ignition-sensors6> component [magnetometer]
[3.137s] -- Looking for ignition-sensors6-magnetometer -- found version 6.8.0
[3.139s] -- Searching for dependencies of ignition-sensors6-magnetometer
[3.140s] -- Searching for <ignition-sensors6> component [navsat]
[3.140s] -- Looking for ignition-sensors6-navsat -- found version 6.8.0
[3.140s] -- Searching for dependencies of ignition-sensors6-navsat
[3.141s] -- Searching for <ignition-sensors6> component [rendering]
[3.143s] -- Looking for ignition-sensors6-rendering -- found version 6.8.0
[3.143s] -- Searching for dependencies of ignition-sensors6-rendering
[3.144s] -- Searching for <ignition-sensors6> component [lidar]
[3.145s] -- Looking for ignition-sensors6-lidar -- found version 6.8.0
[3.145s] -- Searching for dependencies of ignition-sensors6-lidar
[3.146s] -- Looking for ignition-sensors6 -- found version 6.8.0
[3.146s] -- Searching for <ignition-sensors6> component [gpu_lidar]
[3.147s] -- Looking for ignition-sensors6-gpu_lidar -- found version 6.8.0
[3.148s] -- Searching for dependencies of ignition-sensors6-gpu_lidar
[3.148s] -- Looking for ignition-sensors6 -- found version 6.8.0
[3.149s] -- Searching for <ignition-sensors6> component [camera]
[3.150s] -- Looking for ignition-sensors6-camera -- found version 6.8.0
[3.150s] -- Searching for dependencies of ignition-sensors6-camera
[3.151s] -- Looking for ignition-sensors6 -- found version 6.8.0
[3.152s] -- Searching for <ignition-sensors6> component [boundingbox_camera]
[3.152s] -- Looking for ignition-sensors6-boundingbox_camera -- found version 6.8.0
[3.153s] -- Searching for dependencies of ignition-sensors6-boundingbox_camera
[3.154s] -- Searching for <ignition-sensors6> component [segmentation_camera]
[3.154s] -- Looking for ignition-sensors6-segmentation_camera -- found version 6.8.0
[3.155s] -- Searching for dependencies of ignition-sensors6-segmentation_camera
[3.156s] -- Searching for <ignition-sensors6> component [depth_camera]
[3.156s] -- Looking for ignition-sensors6-depth_camera -- found version 6.8.0
[3.159s] -- Searching for dependencies of ignition-sensors6-depth_camera
[3.159s] -- Looking for ignition-sensors6 -- found version 6.8.0
[3.160s] -- Searching for <ignition-sensors6> component [rgbd_camera]
[3.160s] -- Looking for ignition-sensors6-rgbd_camera -- found version 6.8.0
[3.161s] -- Searching for dependencies of ignition-sensors6-rgbd_camera
[3.162s] -- Looking for ignition-sensors6 -- found version 6.8.0
[3.162s] -- Searching for <ignition-sensors6> component [thermal_camera]
[3.163s] -- Looking for ignition-sensors6-thermal_camera -- found version 6.8.0
[3.164s] -- Searching for dependencies of ignition-sensors6-thermal_camera
[3.164s] -- Looking for ignition-sensors6 -- found version 6.8.0
[3.166s] -- Looking for ignition-rendering6 -- found version 6.6.3
[3.166s] -- Looking for ignition-math6 -- found version 6.15.1
[3.168s] -- Looking for ignition-utils1 -- found version 1.5.1
[3.226s] -- Compiling against Ignition Fortress
[3.227s] -- Looking for ignition-plugin1 -- found version 1.4.0
[3.907s] -- Found ament_lint_auto: 0.12.9 (/opt/ros/humble/share/ament_lint_auto/cmake)
[3.907s] -- Added test 'copyright' to check source files copyright and LICENSE
[3.907s] -- Added test 'cppcheck' to perform static code analysis on C / C++ code
[3.907s] -- Configured cppcheck include dirs: /workspaces/aprs/aprs_ws/src/gz_ros2_control/ign_ros2_control/include
[3.908s] -- Configured cppcheck exclude dirs and/or files: 
[3.908s] -- Added test 'cpplint' to check C / C++ code against the Google style
[3.908s] -- Configured cpplint exclude dirs and/or files: 
[3.908s] -- Added test 'lint_cmake' to check CMake code style
[3.908s] -- Added test 'uncrustify' to check C / C++ code style
[3.908s] -- Configured uncrustify additional arguments: 
[3.908s] -- Added test 'xmllint' to check XML markup files
[3.908s] -- Configuring done
[4.020s] -- Generating done
[4.022s] -- Build files have been written to: /workspaces/aprs/aprs_ws/build/ign_ros2_control
[4.054s] [35m[1mConsolidate compiler generated dependencies of target ign_hardware_plugins[0m
[4.054s] [35m[1mConsolidate compiler generated dependencies of target ign_ros2_control-system[0m
[4.089s] [ 25%] [32m[1mLinking CXX shared library libign_hardware_plugins.so[0m
[4.090s] [ 50%] [32m[1mLinking CXX shared library libign_ros2_control-system.so[0m
[4.875s] [ 75%] Built target ign_hardware_plugins
[5.007s] [100%] Built target ign_ros2_control-system
[5.098s] Invoked command in '/workspaces/aprs/aprs_ws/build/ign_ros2_control' returned '0': CMAKE_PREFIX_PATH=/opt/ros/humble /usr/bin/cmake --build /workspaces/aprs/aprs_ws/build/ign_ros2_control -- -j16 -l16
[5.279s] Invoking command in '/workspaces/aprs/aprs_ws/build/ign_ros2_control': CMAKE_PREFIX_PATH=/opt/ros/humble /usr/bin/cmake --install /workspaces/aprs/aprs_ws/build/ign_ros2_control
[5.445s] -- Install configuration: ""
[5.445s] -- Installing: /workspaces/aprs/aprs_ws/install/ign_ros2_control/lib/libign_hardware_plugins.so
[5.445s] -- Set runtime path of "/workspaces/aprs/aprs_ws/install/ign_ros2_control/lib/libign_hardware_plugins.so" to ""
[5.445s] -- Up-to-date: /workspaces/aprs/aprs_ws/install/ign_ros2_control/include
[5.446s] -- Up-to-date: /workspaces/aprs/aprs_ws/install/ign_ros2_control/include/ign_ros2_control
[5.446s] -- Up-to-date: /workspaces/aprs/aprs_ws/install/ign_ros2_control/include/ign_ros2_control/ign_system.hpp
[5.446s] -- Up-to-date: /workspaces/aprs/aprs_ws/install/ign_ros2_control/include/ign_ros2_control/ign_system_interface.hpp
[5.446s] -- Installing: /workspaces/aprs/aprs_ws/install/ign_ros2_control/include/ign_ros2_control/ign_ros2_control_plugin.hpp
[5.446s] -- Up-to-date: /workspaces/aprs/aprs_ws/install/ign_ros2_control/share/ign_ros2_control/environment/library_path.sh
[5.446s] -- Installing: /workspaces/aprs/aprs_ws/install/ign_ros2_control/share/ign_ros2_control/environment/library_path.dsv
[5.446s] -- Installing: /workspaces/aprs/aprs_ws/install/ign_ros2_control/lib/libign_ros2_control-system.so
[5.446s] -- Set runtime path of "/workspaces/aprs/aprs_ws/install/ign_ros2_control/lib/libign_ros2_control-system.so" to ""
[5.446s] -- Up-to-date: /workspaces/aprs/aprs_ws/install/ign_ros2_control/share/ign_ros2_control/ign_hardware_plugins.xml
[5.447s] -- Up-to-date: /workspaces/aprs/aprs_ws/install/ign_ros2_control/share/ign_ros2_control/environment/ign_ros2_control.dsv
[5.447s] -- Up-to-date: /workspaces/aprs/aprs_ws/install/ign_ros2_control/share/ign_ros2_control/environment/ign_ros2_control.sh
[5.447s] -- Up-to-date: /workspaces/aprs/aprs_ws/install/ign_ros2_control/share/ament_index/resource_index/package_run_dependencies/ign_ros2_control
[5.447s] -- Installing: /workspaces/aprs/aprs_ws/install/ign_ros2_control/share/ament_index/resource_index/parent_prefix_path/ign_ros2_control
[5.447s] -- Up-to-date: /workspaces/aprs/aprs_ws/install/ign_ros2_control/share/ign_ros2_control/environment/ament_prefix_path.sh
[5.447s] -- Installing: /workspaces/aprs/aprs_ws/install/ign_ros2_control/share/ign_ros2_control/environment/ament_prefix_path.dsv
[5.447s] -- Up-to-date: /workspaces/aprs/aprs_ws/install/ign_ros2_control/share/ign_ros2_control/environment/path.sh
[5.447s] -- Installing: /workspaces/aprs/aprs_ws/install/ign_ros2_control/share/ign_ros2_control/environment/path.dsv
[5.447s] -- Up-to-date: /workspaces/aprs/aprs_ws/install/ign_ros2_control/share/ign_ros2_control/local_setup.bash
[5.447s] -- Up-to-date: /workspaces/aprs/aprs_ws/install/ign_ros2_control/share/ign_ros2_control/local_setup.sh
[5.448s] -- Up-to-date: /workspaces/aprs/aprs_ws/install/ign_ros2_control/share/ign_ros2_control/local_setup.zsh
[5.448s] -- Installing: /workspaces/aprs/aprs_ws/install/ign_ros2_control/share/ign_ros2_control/local_setup.dsv
[5.448s] -- Installing: /workspaces/aprs/aprs_ws/install/ign_ros2_control/share/ign_ros2_control/package.dsv
[5.448s] -- Up-to-date: /workspaces/aprs/aprs_ws/install/ign_ros2_control/share/ament_index/resource_index/packages/ign_ros2_control
[5.448s] -- Up-to-date: /workspaces/aprs/aprs_ws/install/ign_ros2_control/share/ament_index/resource_index/ign_ros2_control__pluginlib__plugin/ign_ros2_control
[5.448s] -- Up-to-date: /workspaces/aprs/aprs_ws/install/ign_ros2_control/share/ign_ros2_control/cmake/ament_cmake_export_include_directories-extras.cmake
[5.448s] -- Up-to-date: /workspaces/aprs/aprs_ws/install/ign_ros2_control/share/ign_ros2_control/cmake/ament_cmake_export_libraries-extras.cmake
[5.448s] -- Up-to-date: /workspaces/aprs/aprs_ws/install/ign_ros2_control/share/ign_ros2_control/cmake/ign_ros2_controlConfig.cmake
[5.448s] -- Up-to-date: /workspaces/aprs/aprs_ws/install/ign_ros2_control/share/ign_ros2_control/cmake/ign_ros2_controlConfig-version.cmake
[5.448s] -- Up-to-date: /workspaces/aprs/aprs_ws/install/ign_ros2_control/share/ign_ros2_control/package.xml
[5.502s] Invoked command in '/workspaces/aprs/aprs_ws/build/ign_ros2_control' returned '0': CMAKE_PREFIX_PATH=/opt/ros/humble /usr/bin/cmake --install /workspaces/aprs/aprs_ws/build/ign_ros2_control
