[0.747s] Invoking command in '/workspaces/aprs/aprs_ws/build/ros_gz_example_gazebo': CMAKE_PREFIX_PATH=/opt/ros/humble /usr/bin/cmake --build /workspaces/aprs/aprs_ws/build/ros_gz_example_gazebo -- -j16 -l16
[0.770s] -- Found ament_cmake: 1.3.6 (/opt/ros/humble/share/ament_cmake/cmake)
[0.893s] -- Looking for gz-plugin2 -- found version 2.0.2
[0.893s] -- Searching for dependencies of gz-plugin2
[0.894s] -- Looking for gz-utils2 -- found version 2.2.0
[0.895s] -- Searching for dependencies of gz-utils2
[0.896s] -- Searching for <gz-utils2> component [cli]
[0.898s] -- Looking for gz-utils2-cli -- found version 2.2.0
[0.898s] -- Searching for dependencies of gz-utils2-cli
[0.899s] -- Searching for <gz-plugin2> component [register]
[0.899s] -- Looking for gz-plugin2-register -- found version 2.0.2
[0.900s] -- Searching for dependencies of gz-plugin2-register
[0.902s] -- Looking for gz-common5 -- found version 5.4.2
[0.902s] -- Searching for dependencies of gz-common5
[0.903s] -- Looking for gz-utils2 -- found version 2.2.0
[0.903s] -- Looking for dlfcn.h - found
[0.904s] -- Looking for libdl - found
[0.914s] -- Checking for module 'uuid'
[0.936s] --   Found uuid, version 2.37.2
[0.975s] -- Searching for <gz-common5> component [profiler]
[0.976s] -- Looking for gz-common5-profiler -- found version 5.4.2
[0.976s] -- Searching for dependencies of gz-common5-profiler
[0.978s] -- Looking for gz-sim7 -- found version 7.7.0
[0.979s] -- Searching for dependencies of gz-sim7
[0.979s] -- Looking for sdformat13 -- found version 13.6.0
[0.980s] -- Searching for dependencies of sdformat13
[0.985s] -- Checking for module 'tinyxml2'
[1.004s] --   Found tinyxml2, version 9.0.0
[1.048s] -- Looking for gz-math7 -- found version 7.3.0
[1.048s] -- Searching for dependencies of gz-math7
[1.048s] -- Looking for gz-utils2 -- found version 2.2.0
[1.049s] -- Looking for gz-utils2 -- found version 2.2.0
[1.052s] -- Looking for gz-plugin2 -- found version 2.0.2
[1.052s] -- Searching for dependencies of gz-plugin2
[1.052s] -- Looking for gz-utils2 -- found version 2.2.0
[1.054s] -- Searching for <gz-plugin2> component [loader]
[1.054s] -- Looking for gz-plugin2-loader -- found version 2.0.2
[1.054s] -- Searching for dependencies of gz-plugin2-loader
[1.055s] -- Searching for <gz-plugin2> component [register]
[1.055s] -- Looking for gz-transport12 -- found version 12.2.1
[1.055s] -- Searching for dependencies of gz-transport12
[1.130s] -- Config-file not installed for ZeroMQ -- checking for pkg-config
[1.136s] -- Checking for module 'libzmq >= 4'
[1.163s] --   Found libzmq , version 4.3.4
[1.216s] -- Looking for gz-utils2 -- found version 2.2.0
[1.216s] -- Looking for gz-msgs9 -- found version 9.5.0
[1.217s] -- Searching for dependencies of gz-msgs9
[1.256s] -- Looking for gz-math7 -- found version 7.3.0
[1.264s] -- Searching for <gz-transport12> component [log]
[1.264s] -- Looking for gz-transport12-log -- found version 12.2.1
[1.265s] -- Searching for dependencies of gz-transport12-log
[1.266s] -- Searching for <gz-transport12> component [parameters]
[1.267s] -- Looking for gz-transport12-parameters -- found version 12.2.1
[1.267s] -- Searching for dependencies of gz-transport12-parameters
[1.268s] -- Looking for gz-msgs9 -- found version 9.5.0
[1.269s] -- Looking for gz-common5 -- found version 5.4.2
[1.269s] -- Searching for dependencies of gz-common5
[1.271s] -- Looking for gz-utils2 -- found version 2.2.0
[1.271s] -- Looking for dlfcn.h - found
[1.271s] -- Looking for libdl - found
[1.277s] -- Searching for <gz-common5> component [profiler]
[1.278s] -- Searching for <gz-common5> component [events]
[1.278s] -- Looking for gz-common5-events -- found version 5.4.2
[1.279s] -- Searching for dependencies of gz-common5-events
[1.279s] -- Looking for gz-math7 -- found version 7.3.0
[1.280s] -- Searching for <gz-common5> component [av]
[1.281s] -- Looking for gz-common5-av -- found version 5.4.2
[1.281s] -- Searching for dependencies of gz-common5-av
[1.287s] -- Checking for module 'libswscale'
[1.305s] --   Found libswscale, version 5.9.100
[1.358s] -- Checking for module 'libavdevice >= 56.4.100'
[1.378s] --   Found libavdevice , version 58.13.100
[1.434s] -- Checking for module 'libavformat'
[1.455s] --   Found libavformat, version 58.76.100
[1.518s] -- Checking for module 'libavcodec'
[1.539s] --   Found libavcodec, version 58.134.100
[1.593s] -- Checking for module 'libavutil'
[1.609s] --   Found libavutil, version 56.70.100
[1.647s] -- Searching for <gz-common5> component [io]
[1.647s] -- Looking for gz-common5-io -- found version 5.4.2
[1.648s] -- Searching for dependencies of gz-common5-io
[1.650s] -- Looking for gz-fuel_tools8 -- found version 8.1.0
[1.650s] -- Searching for dependencies of gz-fuel_tools8
[1.709s] -- Checking for module 'jsoncpp'
[1.724s] --   Found jsoncpp, version 1.9.5
[1.762s] -- Checking for module 'libzip'
[1.774s] --   Found libzip, version 1.7.3
[1.806s] -- Looking for gz-utils2 -- found version 2.2.0
[1.807s] -- Looking for gz-common5 -- found version 5.4.2
[1.807s] -- Searching for dependencies of gz-common5
[1.807s] -- Looking for gz-utils2 -- found version 2.2.0
[1.807s] -- Looking for dlfcn.h - found
[1.807s] -- Looking for libdl - found
[1.815s] -- Searching for <gz-common5> component [testing]
[1.815s] -- Looking for gz-common5-testing -- found version 5.4.2
[1.815s] -- Searching for dependencies of gz-common5-testing
[1.817s] -- Looking for gz-math7 -- found version 7.3.0
[1.817s] -- Looking for gz-msgs9 -- found version 9.5.0
[1.819s] -- Looking for gz-gui7 -- found version 7.2.1
[1.819s] -- Searching for dependencies of gz-gui7
[1.853s] -- Looking for gz-utils2 -- found version 2.2.0
[1.853s] -- Looking for gz-math7 -- found version 7.3.0
[1.854s] -- Looking for gz-common5 -- found version 5.4.2
[1.854s] -- Looking for gz-plugin2 -- found version 2.0.2
[1.854s] -- Looking for gz-transport12 -- found version 12.2.1
[1.855s] -- Looking for gz-rendering7 -- found version 7.4.2
[1.855s] -- Searching for dependencies of gz-rendering7
[1.856s] -- Looking for gz-math7 -- found version 7.3.0
[1.856s] -- Searching for dependencies of gz-math7
[1.856s] -- Looking for gz-utils2 -- found version 2.2.0
[1.856s] -- Searching for <gz-math7> component [eigen3]
[1.857s] -- Looking for gz-math7-eigen3 -- found version 7.3.0
[1.857s] -- Searching for dependencies of gz-math7-eigen3
[1.859s] -- Looking for gz-common5 -- found version 5.4.2
[1.859s] -- Searching for dependencies of gz-common5
[1.859s] -- Looking for gz-utils2 -- found version 2.2.0
[1.860s] -- Looking for dlfcn.h - found
[1.860s] -- Looking for libdl - found
[1.866s] -- Searching for <gz-common5> component [graphics]
[1.867s] -- Looking for gz-common5-graphics -- found version 5.4.2
[1.867s] -- Searching for dependencies of gz-common5-graphics
[1.867s] -- Looking for gz-math7 -- found version 7.3.0
[1.871s] -- Searching for <gz-common5> component [events]
[1.871s] -- Searching for <gz-common5> component [geospatial]
[1.871s] -- Looking for gz-common5-geospatial -- found version 5.4.2
[1.872s] -- Searching for dependencies of gz-common5-geospatial
[1.872s] -- Looking for gz-math7 -- found version 7.3.0
[1.872s] -- Looking for gz-common5 -- found version 5.4.2
[1.873s] -- Looking for gz-plugin2 -- found version 2.0.2
[1.874s] -- Searching for dependencies of gz-plugin2
[1.874s] -- Looking for gz-utils2 -- found version 2.2.0
[1.874s] -- Searching for <gz-plugin2> component [all]
[1.875s] -- Looking for all libraries of gz-plugin2 -- found version 2.0.2
[1.875s] -- Looking for gz-plugin2 -- found version 2.0.2
[1.876s] -- Looking for gz-utils2 -- found version 2.2.0
[1.880s] -- Looking for gz-msgs9 -- found version 9.5.0
[1.900s] -- Looking for gz-physics6 -- found version 6.5.1
[1.901s] -- Searching for dependencies of gz-physics6
[1.901s] -- Looking for gz-math7 -- found version 7.3.0
[1.901s] -- Looking for gz-plugin2 -- found version 2.0.2
[1.902s] -- Looking for gz-utils2 -- found version 2.2.0
[1.903s] -- Searching for <gz-physics6> component [heightmap]
[1.903s] -- Looking for gz-physics6-heightmap -- found version 6.5.1
[1.903s] -- Searching for dependencies of gz-physics6-heightmap
[1.904s] -- Looking for gz-common5 -- found version 5.4.2
[1.904s] -- Searching for <gz-physics6> component [mesh]
[1.905s] -- Looking for gz-physics6-mesh -- found version 6.5.1
[1.905s] -- Searching for dependencies of gz-physics6-mesh
[1.905s] -- Looking for gz-common5 -- found version 5.4.2
[1.906s] -- Searching for <gz-physics6> component [sdf]
[1.907s] -- Looking for gz-physics6-sdf -- found version 6.5.1
[1.907s] -- Searching for dependencies of gz-physics6-sdf
[1.907s] -- Looking for sdformat13 -- found version 13.6.0
[1.908s] -- Looking for gz-sensors7 -- found version 7.3.0
[1.909s] -- Searching for dependencies of gz-sensors7
[1.940s] -- Looking for gz-math7 -- found version 7.3.0
[1.940s] -- Looking for gz-common5 -- found version 5.4.2
[1.941s] -- Looking for gz-transport12 -- found version 12.2.1
[1.941s] -- Looking for gz-rendering7 -- found version 7.4.2
[1.942s] -- Looking for gz-msgs9 -- found version 9.5.0
[1.942s] -- Looking for sdformat13 -- found version 13.6.0
[1.943s] -- Searching for <gz-sensors7> component [air_pressure]
[1.943s] -- Looking for gz-sensors7-air_pressure -- found version 7.3.0
[1.944s] -- Searching for dependencies of gz-sensors7-air_pressure
[1.944s] -- Searching for <gz-sensors7> component [air_speed]
[1.945s] -- Looking for gz-sensors7-air_speed -- found version 7.3.0
[1.945s] -- Searching for dependencies of gz-sensors7-air_speed
[1.946s] -- Searching for <gz-sensors7> component [altimeter]
[1.946s] -- Looking for gz-sensors7-altimeter -- found version 7.3.0
[1.946s] -- Searching for dependencies of gz-sensors7-altimeter
[1.947s] -- Searching for <gz-sensors7> component [imu]
[1.947s] -- Looking for gz-sensors7-imu -- found version 7.3.0
[1.948s] -- Searching for dependencies of gz-sensors7-imu
[1.948s] -- Searching for <gz-sensors7> component [force_torque]
[1.949s] -- Looking for gz-sensors7-force_torque -- found version 7.3.0
[1.949s] -- Searching for dependencies of gz-sensors7-force_torque
[1.950s] -- Searching for <gz-sensors7> component [logical_camera]
[1.950s] -- Looking for gz-sensors7-logical_camera -- found version 7.3.0
[1.951s] -- Searching for dependencies of gz-sensors7-logical_camera
[1.951s] -- Searching for <gz-sensors7> component [magnetometer]
[1.952s] -- Looking for gz-sensors7-magnetometer -- found version 7.3.0
[1.952s] -- Searching for dependencies of gz-sensors7-magnetometer
[1.953s] -- Searching for <gz-sensors7> component [navsat]
[1.953s] -- Looking for gz-sensors7-navsat -- found version 7.3.0
[1.954s] -- Searching for dependencies of gz-sensors7-navsat
[1.954s] -- Searching for <gz-sensors7> component [rendering]
[1.955s] -- Looking for gz-sensors7-rendering -- found version 7.3.0
[1.955s] -- Searching for dependencies of gz-sensors7-rendering
[1.956s] -- Searching for <gz-sensors7> component [lidar]
[1.956s] -- Looking for gz-sensors7-lidar -- found version 7.3.0
[1.956s] -- Searching for dependencies of gz-sensors7-lidar
[1.957s] -- Looking for gz-sensors7 -- found version 7.3.0
[1.957s] -- Searching for <gz-sensors7> component [gpu_lidar]
[1.958s] -- Looking for gz-sensors7-gpu_lidar -- found version 7.3.0
[1.958s] -- Searching for dependencies of gz-sensors7-gpu_lidar
[1.958s] -- Looking for gz-sensors7 -- found version 7.3.0
[1.959s] -- Searching for <gz-sensors7> component [camera]
[1.960s] -- Looking for gz-sensors7-camera -- found version 7.3.0
[1.960s] -- Searching for dependencies of gz-sensors7-camera
[1.960s] -- Looking for gz-sensors7 -- found version 7.3.0
[1.961s] -- Searching for <gz-sensors7> component [boundingbox_camera]
[1.961s] -- Looking for gz-sensors7-boundingbox_camera -- found version 7.3.0
[1.962s] -- Searching for dependencies of gz-sensors7-boundingbox_camera
[1.962s] -- Searching for <gz-sensors7> component [segmentation_camera]
[1.963s] -- Looking for gz-sensors7-segmentation_camera -- found version 7.3.0
[1.963s] -- Searching for dependencies of gz-sensors7-segmentation_camera
[1.964s] -- Searching for <gz-sensors7> component [depth_camera]
[1.964s] -- Looking for gz-sensors7-depth_camera -- found version 7.3.0
[1.964s] -- Searching for dependencies of gz-sensors7-depth_camera
[1.965s] -- Looking for gz-sensors7 -- found version 7.3.0
[1.965s] -- Searching for <gz-sensors7> component [rgbd_camera]
[1.966s] -- Looking for gz-sensors7-rgbd_camera -- found version 7.3.0
[1.966s] -- Searching for dependencies of gz-sensors7-rgbd_camera
[1.967s] -- Looking for gz-sensors7 -- found version 7.3.0
[1.967s] -- Searching for <gz-sensors7> component [thermal_camera]
[1.968s] -- Looking for gz-sensors7-thermal_camera -- found version 7.3.0
[1.968s] -- Searching for dependencies of gz-sensors7-thermal_camera
[1.968s] -- Looking for gz-sensors7 -- found version 7.3.0
[1.969s] -- Searching for <gz-sensors7> component [wide_angle_camera]
[1.970s] -- Looking for gz-sensors7-wide_angle_camera -- found version 7.3.0
[1.970s] -- Searching for dependencies of gz-sensors7-wide_angle_camera
[1.971s] -- Looking for gz-rendering7 -- found version 7.4.2
[1.971s] -- Looking for gz-math7 -- found version 7.3.0
[1.972s] -- Looking for gz-utils2 -- found version 2.2.0
[2.001s] -- Found ament_lint_auto: 0.12.9 (/opt/ros/humble/share/ament_lint_auto/cmake)
[2.059s] -- Configuring done
[2.082s] -- Generating done
[2.084s] -- Build files have been written to: /workspaces/aprs/aprs_ws/build/ros_gz_example_gazebo
[2.109s] [35m[1mConsolidate compiler generated dependencies of target BasicSystem[0m
[2.109s] [35m[1mConsolidate compiler generated dependencies of target FullSystem[0m
[2.109s] [35m[1mConsolidate compiler generated dependencies of target TrackController[0m
[2.128s] [ 16%] [32mBuilding CXX object CMakeFiles/BasicSystem.dir/src/BasicSystem.cc.o[0m
[2.130s] [ 33%] [32mBuilding CXX object CMakeFiles/FullSystem.dir/src/FullSystem.cc.o[0m
[2.140s] [ 50%] [32mBuilding CXX object CMakeFiles/TrackController.dir/src/TrackController.cc.o[0m
[3.828s] [ 66%] [32m[1mLinking CXX shared library libBasicSystem.so[0m
[3.927s] [ 83%] [32m[1mLinking CXX shared library libFullSystem.so[0m
[3.982s] [ 83%] Built target BasicSystem
[4.070s] [ 83%] Built target FullSystem
[10.640s] [100%] [32m[1mLinking CXX shared library libTrackController.so[0m
[10.965s] [100%] Built target TrackController
