[1.321s] Invoking command in '/workspaces/aprs/aprs_ws/build/ros_gz_example_gazebo': CMAKE_PREFIX_PATH=${CMAKE_PREFIX_PATH}:/opt/ros/humble /usr/bin/cmake /workspaces/aprs/aprs_ws/src/ros_gz_example_gazebo -DCMAKE_INSTALL_PREFIX=/workspaces/aprs/aprs_ws/install/ros_gz_example_gazebo
[1.486s] -- The C compiler identification is GNU 11.4.0
[1.581s] -- The CXX compiler identification is GNU 11.4.0
[1.605s] -- Detecting C compiler ABI info
[1.931s] -- Detecting C compiler ABI info - done
[1.943s] -- Check for working C compiler: /usr/bin/cc - skipped
[1.944s] -- Detecting C compile features
[1.945s] -- Detecting C compile features - done
[1.950s] -- Detecting CXX compiler ABI info
[2.292s] -- Detecting CXX compiler ABI info - done
[2.298s] -- Check for working CXX compiler: /usr/bin/c++ - skipped
[2.298s] -- Detecting CXX compile features
[2.299s] -- Detecting CXX compile features - done
[2.337s] -- Found ament_cmake: 1.3.6 (/opt/ros/humble/share/ament_cmake/cmake)
[2.697s] -- Found Python3: /usr/bin/python3.10 (found version "3.10.12") found components: Interpreter 
[2.993s] -- Looking for gz-plugin2 -- found version 2.0.2
[2.994s] -- Searching for dependencies of gz-plugin2
[3.006s] -- Looking for gz-utils2 -- found version 2.2.0
[3.007s] -- Searching for dependencies of gz-utils2
[3.020s] -- Searching for <gz-utils2> component [cli]
[3.038s] -- Looking for gz-utils2-cli -- found version 2.2.0
[3.039s] -- Searching for dependencies of gz-utils2-cli
[3.052s] -- Searching for <gz-plugin2> component [register]
[3.070s] -- Looking for gz-plugin2-register -- found version 2.0.2
[3.070s] -- Searching for dependencies of gz-plugin2-register
[3.098s] -- Looking for gz-common5 -- found version 5.4.2
[3.099s] -- Searching for dependencies of gz-common5
[3.100s] -- Looking for gz-utils2 -- found version 2.2.0
[3.101s] -- Looking for dlfcn.h - found
[3.118s] -- Looking for libdl - found
[3.120s] -- Found DL: TRUE  
[3.146s] -- Checking for module 'uuid'
[3.200s] --   Found uuid, version 2.37.2
[3.271s] -- Found UUID: TRUE  
[3.272s] -- Searching for <gz-common5> component [profiler]
[3.286s] -- Looking for gz-common5-profiler -- found version 5.4.2
[3.286s] -- Searching for dependencies of gz-common5-profiler
[3.311s] -- Looking for gz-sim7 -- found version 7.6.0
[3.312s] -- Searching for dependencies of gz-sim7
[3.321s] -- Looking for sdformat13 -- found version 13.6.0
[3.322s] -- Searching for dependencies of sdformat13
[3.337s] -- Checking for module 'tinyxml2'
[3.376s] --   Found tinyxml2, version 9.0.0
[3.466s] -- Looking for gz-math7 -- found version 7.3.0
[3.467s] -- Searching for dependencies of gz-math7
[3.468s] -- Looking for gz-utils2 -- found version 2.2.0
[3.470s] -- Looking for gz-utils2 -- found version 2.2.0
[3.473s] -- Looking for gz-plugin2 -- found version 2.0.2
[3.473s] -- Searching for dependencies of gz-plugin2
[3.474s] -- Looking for gz-utils2 -- found version 2.2.0
[3.474s] -- Searching for <gz-plugin2> component [loader]
[3.488s] -- Looking for gz-plugin2-loader -- found version 2.0.2
[3.489s] -- Searching for dependencies of gz-plugin2-loader
[3.491s] -- Searching for <gz-plugin2> component [register]
[3.505s] -- Looking for gz-transport12 -- found version 12.2.1
[3.510s] -- Searching for dependencies of gz-transport12
[4.111s] -- Found Protobuf: /usr/lib/x86_64-linux-gnu/libprotobuf.so (found version "3.12.4") 
[4.161s] -- Config-file not installed for ZeroMQ -- checking for pkg-config
[4.200s] -- Checking for module 'libzmq >= 4'
[4.256s] --   Found libzmq , version 4.3.4
[4.504s] -- Found ZeroMQ: TRUE (Required is at least version "4") 
[4.513s] -- Looking for gz-utils2 -- found version 2.2.0
[4.532s] -- Looking for gz-msgs9 -- found version 9.5.0
[4.533s] -- Searching for dependencies of gz-msgs9
[4.646s] -- Looking for gz-math7 -- found version 7.3.0
[4.682s] -- Searching for <gz-transport12> component [log]
[4.708s] -- Looking for gz-transport12-log -- found version 12.2.1
[4.709s] -- Searching for dependencies of gz-transport12-log
[4.710s] -- Searching for <gz-transport12> component [parameters]
[4.733s] -- Looking for gz-transport12-parameters -- found version 12.2.1
[4.733s] -- Searching for dependencies of gz-transport12-parameters
[4.734s] -- Looking for gz-msgs9 -- found version 9.5.0
[4.735s] -- Looking for gz-common5 -- found version 5.4.2
[4.735s] -- Searching for dependencies of gz-common5
[4.736s] -- Looking for gz-utils2 -- found version 2.2.0
[4.736s] -- Looking for dlfcn.h - found
[4.736s] -- Looking for libdl - found
[4.767s] -- Searching for <gz-common5> component [profiler]
[4.768s] -- Searching for <gz-common5> component [events]
[4.796s] -- Looking for gz-common5-events -- found version 5.4.2
[4.797s] -- Searching for dependencies of gz-common5-events
[4.797s] -- Looking for gz-math7 -- found version 7.3.0
[4.802s] -- Searching for <gz-common5> component [av]
[4.821s] -- Looking for gz-common5-av -- found version 5.4.2
[4.822s] -- Searching for dependencies of gz-common5-av
[4.854s] -- Checking for module 'libswscale'
[4.964s] --   Found libswscale, version 5.9.100
[5.221s] -- Found SWSCALE: TRUE  
[5.248s] -- Checking for module 'libavdevice >= 56.4.100'
[5.317s] --   Found libavdevice , version 58.13.100
[5.643s] -- Found AVDEVICE: TRUE (Required is at least version "56.4.100") 
[5.643s] -- Checking for module 'libavformat'
[5.695s] --   Found libavformat, version 58.76.100
[6.086s] -- Found AVFORMAT: TRUE  
[6.111s] -- Checking for module 'libavcodec'
[6.234s] --   Found libavcodec, version 58.134.100
[6.573s] -- Found AVCODEC: TRUE  
[6.610s] -- Checking for module 'libavutil'
[6.823s] --   Found libavutil, version 56.70.100
[7.091s] -- Found AVUTIL: TRUE  
[7.103s] -- Searching for <gz-common5> component [io]
[7.129s] -- Looking for gz-common5-io -- found version 5.4.2
[7.130s] -- Searching for dependencies of gz-common5-io
[7.185s] -- Looking for gz-fuel_tools8 -- found version 8.1.0
[7.185s] -- Searching for dependencies of gz-fuel_tools8
[7.981s] -- Found CURL: /usr/lib/x86_64-linux-gnu/libcurl.so (found version "7.81.0")  
[8.060s] -- Checking for module 'jsoncpp'
[8.225s] --   Found jsoncpp, version 1.9.5
[8.628s] -- Found JSONCPP: TRUE  
[8.682s] -- Checking for module 'libzip'
[8.789s] --   Found libzip, version 1.7.3
[9.316s] -- Found ZIP: TRUE  
[9.317s] -- Looking for gz-utils2 -- found version 2.2.0
[9.319s] -- Looking for gz-common5 -- found version 5.4.2
[9.320s] -- Searching for dependencies of gz-common5
[9.321s] -- Looking for gz-utils2 -- found version 2.2.0
[9.322s] -- Looking for dlfcn.h - found
[9.322s] -- Looking for libdl - found
[9.348s] -- Searching for <gz-common5> component [testing]
[9.445s] -- Looking for gz-common5-testing -- found version 5.4.2
[9.446s] -- Searching for dependencies of gz-common5-testing
[9.472s] -- Looking for gz-math7 -- found version 7.3.0
[9.473s] -- Looking for gz-msgs9 -- found version 9.5.0
[9.545s] -- Looking for gz-gui7 -- found version 7.2.1
[9.547s] -- Searching for dependencies of gz-gui7
[9.829s] -- Looking for gz-utils2 -- found version 2.2.0
[9.830s] -- Looking for gz-math7 -- found version 7.3.0
[9.831s] -- Looking for gz-common5 -- found version 5.4.2
[9.832s] -- Looking for gz-plugin2 -- found version 2.0.2
[9.833s] -- Looking for gz-transport12 -- found version 12.2.1
[9.850s] -- Looking for gz-rendering7 -- found version 7.4.2
[9.851s] -- Searching for dependencies of gz-rendering7
[9.851s] -- Looking for gz-math7 -- found version 7.3.0
[9.852s] -- Searching for dependencies of gz-math7
[9.852s] -- Looking for gz-utils2 -- found version 2.2.0
[9.852s] -- Searching for <gz-math7> component [eigen3]
[9.904s] -- Looking for gz-math7-eigen3 -- found version 7.3.0
[9.904s] -- Searching for dependencies of gz-math7-eigen3
[9.971s] -- Looking for gz-common5 -- found version 5.4.2
[9.971s] -- Searching for dependencies of gz-common5
[9.972s] -- Looking for gz-utils2 -- found version 2.2.0
[9.972s] -- Looking for dlfcn.h - found
[9.972s] -- Looking for libdl - found
[10.023s] -- Searching for <gz-common5> component [graphics]
[10.047s] -- Looking for gz-common5-graphics -- found version 5.4.2
[10.049s] -- Searching for dependencies of gz-common5-graphics
[10.050s] -- Looking for gz-math7 -- found version 7.3.0
[10.154s] -- Found GzAssimp: TRUE (found version "5.2.0") 
[10.155s] -- Searching for <gz-common5> component [events]
[10.156s] -- Searching for <gz-common5> component [geospatial]
[10.226s] -- Looking for gz-common5-geospatial -- found version 5.4.2
[10.227s] -- Searching for dependencies of gz-common5-geospatial
[10.227s] -- Looking for gz-math7 -- found version 7.3.0
[10.228s] -- Looking for gz-common5 -- found version 5.4.2
[10.230s] -- Looking for gz-plugin2 -- found version 2.0.2
[10.231s] -- Searching for dependencies of gz-plugin2
[10.233s] -- Looking for gz-utils2 -- found version 2.2.0
[10.233s] -- Searching for <gz-plugin2> component [all]
[10.275s] -- Looking for all libraries of gz-plugin2 -- found version 2.0.2
[10.275s] -- Looking for gz-plugin2 -- found version 2.0.2
[10.281s] -- Looking for gz-utils2 -- found version 2.2.0
[10.347s] -- Found OpenGL: /usr/lib/x86_64-linux-gnu/libOpenGL.so  found components: OpenGL 
[10.369s] -- Looking for gz-msgs9 -- found version 9.5.0
[10.576s] -- Looking for gz-physics6 -- found version 6.5.1
[10.577s] -- Searching for dependencies of gz-physics6
[10.577s] -- Looking for gz-math7 -- found version 7.3.0
[10.578s] -- Looking for gz-plugin2 -- found version 2.0.2
[10.578s] -- Looking for gz-utils2 -- found version 2.2.0
[10.592s] -- Searching for <gz-physics6> component [heightmap]
[10.628s] -- Looking for gz-physics6-heightmap -- found version 6.5.1
[10.629s] -- Searching for dependencies of gz-physics6-heightmap
[10.631s] -- Looking for gz-common5 -- found version 5.4.2
[10.635s] -- Searching for <gz-physics6> component [mesh]
[10.695s] -- Looking for gz-physics6-mesh -- found version 6.5.1
[10.695s] -- Searching for dependencies of gz-physics6-mesh
[10.696s] -- Looking for gz-common5 -- found version 5.4.2
[10.697s] -- Searching for <gz-physics6> component [sdf]
[10.737s] -- Looking for gz-physics6-sdf -- found version 6.5.1
[10.738s] -- Searching for dependencies of gz-physics6-sdf
[10.739s] -- Looking for sdformat13 -- found version 13.6.0
[10.779s] -- Looking for gz-sensors7 -- found version 7.3.0
[10.780s] -- Searching for dependencies of gz-sensors7
[11.049s] -- Looking for gz-math7 -- found version 7.3.0
[11.049s] -- Looking for gz-common5 -- found version 5.4.2
[11.050s] -- Looking for gz-transport12 -- found version 12.2.1
[11.050s] -- Looking for gz-rendering7 -- found version 7.4.2
[11.051s] -- Looking for gz-msgs9 -- found version 9.5.0
[11.052s] -- Looking for sdformat13 -- found version 13.6.0
[11.052s] -- Searching for <gz-sensors7> component [air_pressure]
[11.077s] -- Looking for gz-sensors7-air_pressure -- found version 7.3.0
[11.077s] -- Searching for dependencies of gz-sensors7-air_pressure
[11.090s] -- Searching for <gz-sensors7> component [air_speed]
[11.128s] -- Looking for gz-sensors7-air_speed -- found version 7.3.0
[11.129s] -- Searching for dependencies of gz-sensors7-air_speed
[11.145s] -- Searching for <gz-sensors7> component [altimeter]
[11.272s] -- Looking for gz-sensors7-altimeter -- found version 7.3.0
[11.272s] -- Searching for dependencies of gz-sensors7-altimeter
[11.275s] -- Searching for <gz-sensors7> component [imu]
[11.278s] -- Looking for gz-sensors7-imu -- found version 7.3.0
[11.278s] -- Searching for dependencies of gz-sensors7-imu
[11.278s] -- Searching for <gz-sensors7> component [force_torque]
[11.279s] -- Looking for gz-sensors7-force_torque -- found version 7.3.0
[11.279s] -- Searching for dependencies of gz-sensors7-force_torque
[11.279s] -- Searching for <gz-sensors7> component [logical_camera]
[11.292s] -- Looking for gz-sensors7-logical_camera -- found version 7.3.0
[11.293s] -- Searching for dependencies of gz-sensors7-logical_camera
[11.294s] -- Searching for <gz-sensors7> component [magnetometer]
[11.331s] -- Looking for gz-sensors7-magnetometer -- found version 7.3.0
[11.331s] -- Searching for dependencies of gz-sensors7-magnetometer
[11.332s] -- Searching for <gz-sensors7> component [navsat]
[11.369s] -- Looking for gz-sensors7-navsat -- found version 7.3.0
[11.369s] -- Searching for dependencies of gz-sensors7-navsat
[11.372s] -- Searching for <gz-sensors7> component [rendering]
[11.402s] -- Looking for gz-sensors7-rendering -- found version 7.3.0
[11.402s] -- Searching for dependencies of gz-sensors7-rendering
[11.403s] -- Searching for <gz-sensors7> component [lidar]
[11.460s] -- Looking for gz-sensors7-lidar -- found version 7.3.0
[11.461s] -- Searching for dependencies of gz-sensors7-lidar
[11.462s] -- Looking for gz-sensors7 -- found version 7.3.0
[11.469s] -- Searching for <gz-sensors7> component [gpu_lidar]
[11.516s] -- Looking for gz-sensors7-gpu_lidar -- found version 7.3.0
[11.516s] -- Searching for dependencies of gz-sensors7-gpu_lidar
[11.516s] -- Looking for gz-sensors7 -- found version 7.3.0
[11.516s] -- Searching for <gz-sensors7> component [camera]
[11.572s] -- Looking for gz-sensors7-camera -- found version 7.3.0
[11.574s] -- Searching for dependencies of gz-sensors7-camera
[11.574s] -- Looking for gz-sensors7 -- found version 7.3.0
[11.574s] -- Searching for <gz-sensors7> component [boundingbox_camera]
[11.597s] -- Looking for gz-sensors7-boundingbox_camera -- found version 7.3.0
[11.598s] -- Searching for dependencies of gz-sensors7-boundingbox_camera
[11.610s] -- Searching for <gz-sensors7> component [segmentation_camera]
[11.667s] -- Looking for gz-sensors7-segmentation_camera -- found version 7.3.0
[11.667s] -- Searching for dependencies of gz-sensors7-segmentation_camera
[11.667s] -- Searching for <gz-sensors7> component [depth_camera]
[11.704s] -- Looking for gz-sensors7-depth_camera -- found version 7.3.0
[11.704s] -- Searching for dependencies of gz-sensors7-depth_camera
[11.704s] -- Looking for gz-sensors7 -- found version 7.3.0
[11.710s] -- Searching for <gz-sensors7> component [rgbd_camera]
[11.752s] -- Looking for gz-sensors7-rgbd_camera -- found version 7.3.0
[11.753s] -- Searching for dependencies of gz-sensors7-rgbd_camera
[11.753s] -- Looking for gz-sensors7 -- found version 7.3.0
[11.761s] -- Searching for <gz-sensors7> component [thermal_camera]
[11.804s] -- Looking for gz-sensors7-thermal_camera -- found version 7.3.0
[11.804s] -- Searching for dependencies of gz-sensors7-thermal_camera
[11.804s] -- Looking for gz-sensors7 -- found version 7.3.0
[11.808s] -- Searching for <gz-sensors7> component [wide_angle_camera]
[11.860s] -- Looking for gz-sensors7-wide_angle_camera -- found version 7.3.0
[11.861s] -- Searching for dependencies of gz-sensors7-wide_angle_camera
[11.861s] -- Looking for gz-rendering7 -- found version 7.4.2
[11.861s] -- Looking for gz-math7 -- found version 7.3.0
[11.861s] -- Looking for gz-utils2 -- found version 2.2.0
[12.105s] -- Found ament_lint_auto: 0.12.9 (/opt/ros/humble/share/ament_lint_auto/cmake)
[12.440s] -- Configuring done
[12.557s] -- Generating done
[12.559s] -- Build files have been written to: /workspaces/aprs/aprs_ws/build/ros_gz_example_gazebo
[13.220s] Invoked command in '/workspaces/aprs/aprs_ws/build/ros_gz_example_gazebo' returned '0': CMAKE_PREFIX_PATH=${CMAKE_PREFIX_PATH}:/opt/ros/humble /usr/bin/cmake /workspaces/aprs/aprs_ws/src/ros_gz_example_gazebo -DCMAKE_INSTALL_PREFIX=/workspaces/aprs/aprs_ws/install/ros_gz_example_gazebo
[13.231s] Invoking command in '/workspaces/aprs/aprs_ws/build/ros_gz_example_gazebo': CMAKE_PREFIX_PATH=${CMAKE_PREFIX_PATH}:/opt/ros/humble /usr/bin/cmake --build /workspaces/aprs/aprs_ws/build/ros_gz_example_gazebo -- -j16 -l16
[13.514s] [ 16%] [32mBuilding CXX object CMakeFiles/BasicSystem.dir/src/BasicSystem.cc.o[0m
[13.526s] [ 33%] [32mBuilding CXX object CMakeFiles/TrackController.dir/src/TrackController.cc.o[0m
[13.529s] [ 50%] [32mBuilding CXX object CMakeFiles/FullSystem.dir/src/FullSystem.cc.o[0m
[17.544s] [ 66%] [32m[1mLinking CXX shared library libBasicSystem.so[0m
[17.918s] [ 66%] Built target BasicSystem
[18.117s] [ 83%] [32m[1mLinking CXX shared library libFullSystem.so[0m
[18.457s] [ 83%] Built target FullSystem
[27.098s] [100%] [32m[1mLinking CXX shared library libTrackController.so[0m
[27.621s] [100%] Built target TrackController
[27.640s] Invoked command in '/workspaces/aprs/aprs_ws/build/ros_gz_example_gazebo' returned '0': CMAKE_PREFIX_PATH=${CMAKE_PREFIX_PATH}:/opt/ros/humble /usr/bin/cmake --build /workspaces/aprs/aprs_ws/build/ros_gz_example_gazebo -- -j16 -l16
[27.685s] Invoking command in '/workspaces/aprs/aprs_ws/build/ros_gz_example_gazebo': CMAKE_PREFIX_PATH=${CMAKE_PREFIX_PATH}:/opt/ros/humble /usr/bin/cmake --install /workspaces/aprs/aprs_ws/build/ros_gz_example_gazebo
[27.695s] -- Install configuration: ""
[27.695s] -- Installing: /workspaces/aprs/aprs_ws/install/ros_gz_example_gazebo/lib/ros_gz_example_gazebo/libTrackController.so
[27.701s] -- Installing: /workspaces/aprs/aprs_ws/install/ros_gz_example_gazebo/lib/ros_gz_example_gazebo/libBasicSystem.so
[27.702s] -- Installing: /workspaces/aprs/aprs_ws/install/ros_gz_example_gazebo/lib/ros_gz_example_gazebo/libFullSystem.so
[27.704s] -- Installing: /workspaces/aprs/aprs_ws/install/ros_gz_example_gazebo/share/ros_gz_example_gazebo/worlds
[27.704s] -- Installing: /workspaces/aprs/aprs_ws/install/ros_gz_example_gazebo/share/ros_gz_example_gazebo/worlds/diff_drive.sdf
[27.704s] -- Installing: /workspaces/aprs/aprs_ws/install/ros_gz_example_gazebo/share/ros_gz_example_gazebo/environment/ros_gz_example_gazebo.dsv
[27.704s] -- Installing: /workspaces/aprs/aprs_ws/install/ros_gz_example_gazebo/share/ros_gz_example_gazebo/environment/ros_gz_example_gazebo.sh
[27.705s] -- Installing: /workspaces/aprs/aprs_ws/install/ros_gz_example_gazebo/share/ament_index/resource_index/package_run_dependencies/ros_gz_example_gazebo
[27.705s] -- Installing: /workspaces/aprs/aprs_ws/install/ros_gz_example_gazebo/share/ament_index/resource_index/parent_prefix_path/ros_gz_example_gazebo
[27.706s] -- Installing: /workspaces/aprs/aprs_ws/install/ros_gz_example_gazebo/share/ros_gz_example_gazebo/environment/ament_prefix_path.sh
[27.706s] -- Installing: /workspaces/aprs/aprs_ws/install/ros_gz_example_gazebo/share/ros_gz_example_gazebo/environment/ament_prefix_path.dsv
[27.706s] -- Installing: /workspaces/aprs/aprs_ws/install/ros_gz_example_gazebo/share/ros_gz_example_gazebo/environment/path.sh
[27.706s] -- Installing: /workspaces/aprs/aprs_ws/install/ros_gz_example_gazebo/share/ros_gz_example_gazebo/environment/path.dsv
[27.707s] -- Installing: /workspaces/aprs/aprs_ws/install/ros_gz_example_gazebo/share/ros_gz_example_gazebo/local_setup.bash
[27.707s] -- Installing: /workspaces/aprs/aprs_ws/install/ros_gz_example_gazebo/share/ros_gz_example_gazebo/local_setup.sh
[27.707s] -- Installing: /workspaces/aprs/aprs_ws/install/ros_gz_example_gazebo/share/ros_gz_example_gazebo/local_setup.zsh
[27.708s] -- Installing: /workspaces/aprs/aprs_ws/install/ros_gz_example_gazebo/share/ros_gz_example_gazebo/local_setup.dsv
[27.708s] -- Installing: /workspaces/aprs/aprs_ws/install/ros_gz_example_gazebo/share/ros_gz_example_gazebo/package.dsv
[27.708s] -- Installing: /workspaces/aprs/aprs_ws/install/ros_gz_example_gazebo/share/ament_index/resource_index/packages/ros_gz_example_gazebo
[27.708s] -- Installing: /workspaces/aprs/aprs_ws/install/ros_gz_example_gazebo/share/ros_gz_example_gazebo/cmake/ros_gz_example_gazeboConfig.cmake
[27.708s] -- Installing: /workspaces/aprs/aprs_ws/install/ros_gz_example_gazebo/share/ros_gz_example_gazebo/cmake/ros_gz_example_gazeboConfig-version.cmake
[27.708s] -- Installing: /workspaces/aprs/aprs_ws/install/ros_gz_example_gazebo/share/ros_gz_example_gazebo/package.xml
[27.711s] Invoked command in '/workspaces/aprs/aprs_ws/build/ros_gz_example_gazebo' returned '0': CMAKE_PREFIX_PATH=${CMAKE_PREFIX_PATH}:/opt/ros/humble /usr/bin/cmake --install /workspaces/aprs/aprs_ws/build/ros_gz_example_gazebo
