[0.045s] Invoking command in '/workspaces/aprs/aprs_ws/build/franka_gz': CMAKE_PREFIX_PATH=/workspaces/aprs/aprs_ws/install/gz_ros2_control:/workspaces/aprs/aprs_ws/install/ur_setup:/workspaces/aprs/aprs_ws/install/ur_moveit_config:/workspaces/aprs/aprs_ws/install/ur_gz:/workspaces/aprs/aprs_ws/install/ur_description:/workspaces/aprs/aprs_ws/install/ur:/workspaces/aprs/aprs_ws/install/moveit_resources_panda_moveit_config:/workspaces/aprs/aprs_ws/install/moveit_resources_panda_description:/workspaces/aprs/aprs_ws/install/moveit_resources_fanuc_moveit_config:/workspaces/aprs/aprs_ws/install/moveit_resources_fanuc_description:/workspaces/aprs/aprs_ws/install/gz_ros2_control_tests:/workspaces/aprs/aprs_ws/install/gz_ros2_control_demos:/workspaces/aprs/aprs_ws/install/franka_gz:/workspaces/aprs/aprs_ws/install/franka_description:/opt/ros/rolling GZ_SIM_PLUGIn_PATH=/workspaces/aprs/aprs_ws/install/gz_ros2_control/lib/gz_ros2_control /usr/bin/cmake --build /workspaces/aprs/aprs_ws/build/franka_gz -- -j16 -l16
[0.086s] Invoked command in '/workspaces/aprs/aprs_ws/build/franka_gz' returned '0': CMAKE_PREFIX_PATH=/workspaces/aprs/aprs_ws/install/gz_ros2_control:/workspaces/aprs/aprs_ws/install/ur_setup:/workspaces/aprs/aprs_ws/install/ur_moveit_config:/workspaces/aprs/aprs_ws/install/ur_gz:/workspaces/aprs/aprs_ws/install/ur_description:/workspaces/aprs/aprs_ws/install/ur:/workspaces/aprs/aprs_ws/install/moveit_resources_panda_moveit_config:/workspaces/aprs/aprs_ws/install/moveit_resources_panda_description:/workspaces/aprs/aprs_ws/install/moveit_resources_fanuc_moveit_config:/workspaces/aprs/aprs_ws/install/moveit_resources_fanuc_description:/workspaces/aprs/aprs_ws/install/gz_ros2_control_tests:/workspaces/aprs/aprs_ws/install/gz_ros2_control_demos:/workspaces/aprs/aprs_ws/install/franka_gz:/workspaces/aprs/aprs_ws/install/franka_description:/opt/ros/rolling GZ_SIM_PLUGIn_PATH=/workspaces/aprs/aprs_ws/install/gz_ros2_control/lib/gz_ros2_control /usr/bin/cmake --build /workspaces/aprs/aprs_ws/build/franka_gz -- -j16 -l16
[0.111s] Invoking command in '/workspaces/aprs/aprs_ws/build/franka_gz': CMAKE_PREFIX_PATH=/workspaces/aprs/aprs_ws/install/gz_ros2_control:/workspaces/aprs/aprs_ws/install/ur_setup:/workspaces/aprs/aprs_ws/install/ur_moveit_config:/workspaces/aprs/aprs_ws/install/ur_gz:/workspaces/aprs/aprs_ws/install/ur_description:/workspaces/aprs/aprs_ws/install/ur:/workspaces/aprs/aprs_ws/install/moveit_resources_panda_moveit_config:/workspaces/aprs/aprs_ws/install/moveit_resources_panda_description:/workspaces/aprs/aprs_ws/install/moveit_resources_fanuc_moveit_config:/workspaces/aprs/aprs_ws/install/moveit_resources_fanuc_description:/workspaces/aprs/aprs_ws/install/gz_ros2_control_tests:/workspaces/aprs/aprs_ws/install/gz_ros2_control_demos:/workspaces/aprs/aprs_ws/install/franka_gz:/workspaces/aprs/aprs_ws/install/franka_description:/opt/ros/rolling GZ_SIM_PLUGIn_PATH=/workspaces/aprs/aprs_ws/install/gz_ros2_control/lib/gz_ros2_control /usr/bin/cmake --install /workspaces/aprs/aprs_ws/build/franka_gz
[0.118s] -- Install configuration: ""
[0.118s] -- Up-to-date: /workspaces/aprs/aprs_ws/install/franka_gz/share/franka_gz//launch
[0.118s] -- Up-to-date: /workspaces/aprs/aprs_ws/install/franka_gz/share/franka_gz//launch/frankarobot.launch.py
[0.118s] -- Up-to-date: /workspaces/aprs/aprs_ws/install/franka_gz/share/franka_gz//config
[0.119s] -- Up-to-date: /workspaces/aprs/aprs_ws/install/franka_gz/share/franka_gz//config/franka_controller.yaml
[0.119s] -- Up-to-date: /workspaces/aprs/aprs_ws/install/franka_gz/share/ament_index/resource_index/package_run_dependencies/franka_gz
[0.119s] -- Up-to-date: /workspaces/aprs/aprs_ws/install/franka_gz/share/ament_index/resource_index/parent_prefix_path/franka_gz
[0.119s] -- Up-to-date: /workspaces/aprs/aprs_ws/install/franka_gz/share/franka_gz/environment/ament_prefix_path.sh
[0.119s] -- Up-to-date: /workspaces/aprs/aprs_ws/install/franka_gz/share/franka_gz/environment/ament_prefix_path.dsv
[0.119s] -- Up-to-date: /workspaces/aprs/aprs_ws/install/franka_gz/share/franka_gz/environment/path.sh
[0.119s] -- Up-to-date: /workspaces/aprs/aprs_ws/install/franka_gz/share/franka_gz/environment/path.dsv
[0.119s] -- Up-to-date: /workspaces/aprs/aprs_ws/install/franka_gz/share/franka_gz/local_setup.bash
[0.119s] -- Up-to-date: /workspaces/aprs/aprs_ws/install/franka_gz/share/franka_gz/local_setup.sh
[0.120s] -- Up-to-date: /workspaces/aprs/aprs_ws/install/franka_gz/share/franka_gz/local_setup.zsh
[0.120s] -- Up-to-date: /workspaces/aprs/aprs_ws/install/franka_gz/share/franka_gz/local_setup.dsv
[0.120s] -- Installing: /workspaces/aprs/aprs_ws/install/franka_gz/share/franka_gz/package.dsv
[0.121s] -- Up-to-date: /workspaces/aprs/aprs_ws/install/franka_gz/share/ament_index/resource_index/packages/franka_gz
[0.122s] -- Up-to-date: /workspaces/aprs/aprs_ws/install/franka_gz/share/franka_gz/cmake/franka_gzConfig.cmake
[0.123s] -- Up-to-date: /workspaces/aprs/aprs_ws/install/franka_gz/share/franka_gz/cmake/franka_gzConfig-version.cmake
[0.123s] -- Up-to-date: /workspaces/aprs/aprs_ws/install/franka_gz/share/franka_gz/package.xml
[0.124s] Invoked command in '/workspaces/aprs/aprs_ws/build/franka_gz' returned '0': CMAKE_PREFIX_PATH=/workspaces/aprs/aprs_ws/install/gz_ros2_control:/workspaces/aprs/aprs_ws/install/ur_setup:/workspaces/aprs/aprs_ws/install/ur_moveit_config:/workspaces/aprs/aprs_ws/install/ur_gz:/workspaces/aprs/aprs_ws/install/ur_description:/workspaces/aprs/aprs_ws/install/ur:/workspaces/aprs/aprs_ws/install/moveit_resources_panda_moveit_config:/workspaces/aprs/aprs_ws/install/moveit_resources_panda_description:/workspaces/aprs/aprs_ws/install/moveit_resources_fanuc_moveit_config:/workspaces/aprs/aprs_ws/install/moveit_resources_fanuc_description:/workspaces/aprs/aprs_ws/install/gz_ros2_control_tests:/workspaces/aprs/aprs_ws/install/gz_ros2_control_demos:/workspaces/aprs/aprs_ws/install/franka_gz:/workspaces/aprs/aprs_ws/install/franka_description:/opt/ros/rolling GZ_SIM_PLUGIn_PATH=/workspaces/aprs/aprs_ws/install/gz_ros2_control/lib/gz_ros2_control /usr/bin/cmake --install /workspaces/aprs/aprs_ws/build/franka_gz
