[0.381s] Invoking command in '/workspaces/aprs/aprs_ws/build/fanuc_description': CMAKE_PREFIX_PATH=${CMAKE_PREFIX_PATH}:/opt/ros/humble /usr/bin/cmake --build /workspaces/aprs/aprs_ws/build/fanuc_description -- -j16 -l16
[0.482s] Invoked command in '/workspaces/aprs/aprs_ws/build/fanuc_description' returned '0': CMAKE_PREFIX_PATH=${CMAKE_PREFIX_PATH}:/opt/ros/humble /usr/bin/cmake --build /workspaces/aprs/aprs_ws/build/fanuc_description -- -j16 -l16
[0.779s] Invoking command in '/workspaces/aprs/aprs_ws/build/fanuc_description': CMAKE_PREFIX_PATH=${CMAKE_PREFIX_PATH}:/opt/ros/humble /usr/bin/cmake --install /workspaces/aprs/aprs_ws/build/fanuc_description
[0.836s] -- Install configuration: ""
[0.836s] -- Up-to-date: /workspaces/aprs/aprs_ws/install/fanuc_description/share/fanuc_description/meshes
[0.836s] -- Up-to-date: /workspaces/aprs/aprs_ws/install/fanuc_description/share/fanuc_description/meshes/lrmate200id
[0.837s] -- Up-to-date: /workspaces/aprs/aprs_ws/install/fanuc_description/share/fanuc_description/meshes/lrmate200id/visual
[0.837s] -- Up-to-date: /workspaces/aprs/aprs_ws/install/fanuc_description/share/fanuc_description/meshes/lrmate200id/visual/link_3.stl
[0.837s] -- Up-to-date: /workspaces/aprs/aprs_ws/install/fanuc_description/share/fanuc_description/meshes/lrmate200id/visual/link_2.stl
[0.837s] -- Up-to-date: /workspaces/aprs/aprs_ws/install/fanuc_description/share/fanuc_description/meshes/lrmate200id/visual/link_4.stl
[0.837s] -- Up-to-date: /workspaces/aprs/aprs_ws/install/fanuc_description/share/fanuc_description/meshes/lrmate200id/visual/link_5.stl
[0.837s] -- Up-to-date: /workspaces/aprs/aprs_ws/install/fanuc_description/share/fanuc_description/meshes/lrmate200id/visual/fanuc_finger1.STL
[0.837s] -- Up-to-date: /workspaces/aprs/aprs_ws/install/fanuc_description/share/fanuc_description/meshes/lrmate200id/visual/fanuc_finger_1.STL
[0.837s] -- Up-to-date: /workspaces/aprs/aprs_ws/install/fanuc_description/share/fanuc_description/meshes/lrmate200id/visual/fanuc_finger2.STL
[0.838s] -- Up-to-date: /workspaces/aprs/aprs_ws/install/fanuc_description/share/fanuc_description/meshes/lrmate200id/visual/link_1.stl
[0.838s] -- Up-to-date: /workspaces/aprs/aprs_ws/install/fanuc_description/share/fanuc_description/meshes/lrmate200id/visual/fanuc_finger_2.STL
[0.838s] -- Up-to-date: /workspaces/aprs/aprs_ws/install/fanuc_description/share/fanuc_description/meshes/lrmate200id/visual/2_FingersXrotMeter.stl
[0.838s] -- Up-to-date: /workspaces/aprs/aprs_ws/install/fanuc_description/share/fanuc_description/meshes/lrmate200id/visual/link_6.stl
[0.838s] -- Up-to-date: /workspaces/aprs/aprs_ws/install/fanuc_description/share/fanuc_description/meshes/lrmate200id/visual/base_link.stl
[0.838s] -- Up-to-date: /workspaces/aprs/aprs_ws/install/fanuc_description/share/fanuc_description/meshes/lrmate200id/visual/2_FingersFixedMeter.stl
[0.838s] -- Up-to-date: /workspaces/aprs/aprs_ws/install/fanuc_description/share/fanuc_description/meshes/lrmate200id/collision
[0.838s] -- Up-to-date: /workspaces/aprs/aprs_ws/install/fanuc_description/share/fanuc_description/meshes/lrmate200id/collision/link_3.stl
[0.838s] -- Up-to-date: /workspaces/aprs/aprs_ws/install/fanuc_description/share/fanuc_description/meshes/lrmate200id/collision/link_2.stl
[0.838s] -- Up-to-date: /workspaces/aprs/aprs_ws/install/fanuc_description/share/fanuc_description/meshes/lrmate200id/collision/link_4.stl
[0.838s] -- Up-to-date: /workspaces/aprs/aprs_ws/install/fanuc_description/share/fanuc_description/meshes/lrmate200id/collision/link_5.stl
[0.839s] -- Up-to-date: /workspaces/aprs/aprs_ws/install/fanuc_description/share/fanuc_description/meshes/lrmate200id/collision/fanuc_finger1.STL
[0.839s] -- Up-to-date: /workspaces/aprs/aprs_ws/install/fanuc_description/share/fanuc_description/meshes/lrmate200id/collision/fanuc_finger_1.STL
[0.839s] -- Up-to-date: /workspaces/aprs/aprs_ws/install/fanuc_description/share/fanuc_description/meshes/lrmate200id/collision/fanuc_finger2.STL
[0.839s] -- Up-to-date: /workspaces/aprs/aprs_ws/install/fanuc_description/share/fanuc_description/meshes/lrmate200id/collision/link_1.stl
[0.839s] -- Up-to-date: /workspaces/aprs/aprs_ws/install/fanuc_description/share/fanuc_description/meshes/lrmate200id/collision/fanuc_finger_2.STL
[0.839s] -- Up-to-date: /workspaces/aprs/aprs_ws/install/fanuc_description/share/fanuc_description/meshes/lrmate200id/collision/2_FingersXrotMeter.stl
[0.839s] -- Up-to-date: /workspaces/aprs/aprs_ws/install/fanuc_description/share/fanuc_description/meshes/lrmate200id/collision/link_6.stl
[0.839s] -- Up-to-date: /workspaces/aprs/aprs_ws/install/fanuc_description/share/fanuc_description/meshes/lrmate200id/collision/base_link.stl
[0.839s] -- Up-to-date: /workspaces/aprs/aprs_ws/install/fanuc_description/share/fanuc_description/meshes/lrmate200id/collision/2_FingersFixedMeter.stl
[0.839s] -- Up-to-date: /workspaces/aprs/aprs_ws/install/fanuc_description/share/fanuc_description/urdf
[0.840s] -- Up-to-date: /workspaces/aprs/aprs_ws/install/fanuc_description/share/fanuc_description/urdf/fanuc.ros2_control
[0.840s] -- Up-to-date: /workspaces/aprs/aprs_ws/install/fanuc_description/share/fanuc_description/urdf/jointlimits.xacro
[0.840s] -- Up-to-date: /workspaces/aprs/aprs_ws/install/fanuc_description/share/fanuc_description/urdf/fanuc.urdf
[0.840s] -- Up-to-date: /workspaces/aprs/aprs_ws/install/fanuc_description/share/fanuc_description/urdf/lrmate200id_macro.xacro
[0.840s] -- Up-to-date: /workspaces/aprs/aprs_ws/install/fanuc_description/share/fanuc_description/urdf/fanuc.urdf.xacro
[0.840s] -- Up-to-date: /workspaces/aprs/aprs_ws/install/fanuc_description/share/fanuc_description/urdf/fanuc_transmission.xacro
[0.840s] -- Up-to-date: /workspaces/aprs/aprs_ws/install/fanuc_description/share/fanuc_description/hooks
[0.840s] -- Up-to-date: /workspaces/aprs/aprs_ws/install/fanuc_description/share/fanuc_description/hooks/fanuc_description.sh.in
[0.840s] -- Up-to-date: /workspaces/aprs/aprs_ws/install/fanuc_description/share/fanuc_description/hooks/fanuc_description.dsv.in
[0.840s] -- Up-to-date: /workspaces/aprs/aprs_ws/install/fanuc_description/share/fanuc_description/environment/fanuc_description.dsv
[0.840s] -- Up-to-date: /workspaces/aprs/aprs_ws/install/fanuc_description/share/fanuc_description/environment/fanuc_description.sh
[0.840s] -- Up-to-date: /workspaces/aprs/aprs_ws/install/fanuc_description/share/ament_index/resource_index/package_run_dependencies/fanuc_description
[0.841s] -- Up-to-date: /workspaces/aprs/aprs_ws/install/fanuc_description/share/ament_index/resource_index/parent_prefix_path/fanuc_description
[0.841s] -- Up-to-date: /workspaces/aprs/aprs_ws/install/fanuc_description/share/fanuc_description/environment/ament_prefix_path.sh
[0.841s] -- Up-to-date: /workspaces/aprs/aprs_ws/install/fanuc_description/share/fanuc_description/environment/ament_prefix_path.dsv
[0.841s] -- Up-to-date: /workspaces/aprs/aprs_ws/install/fanuc_description/share/fanuc_description/environment/path.sh
[0.841s] -- Up-to-date: /workspaces/aprs/aprs_ws/install/fanuc_description/share/fanuc_description/environment/path.dsv
[0.841s] -- Up-to-date: /workspaces/aprs/aprs_ws/install/fanuc_description/share/fanuc_description/local_setup.bash
[0.841s] -- Up-to-date: /workspaces/aprs/aprs_ws/install/fanuc_description/share/fanuc_description/local_setup.sh
[0.841s] -- Up-to-date: /workspaces/aprs/aprs_ws/install/fanuc_description/share/fanuc_description/local_setup.zsh
[0.841s] -- Up-to-date: /workspaces/aprs/aprs_ws/install/fanuc_description/share/fanuc_description/local_setup.dsv
[0.841s] -- Installing: /workspaces/aprs/aprs_ws/install/fanuc_description/share/fanuc_description/package.dsv
[0.842s] -- Up-to-date: /workspaces/aprs/aprs_ws/install/fanuc_description/share/ament_index/resource_index/packages/fanuc_description
[0.842s] -- Up-to-date: /workspaces/aprs/aprs_ws/install/fanuc_description/share/fanuc_description/cmake/fanuc_descriptionConfig.cmake
[0.842s] -- Up-to-date: /workspaces/aprs/aprs_ws/install/fanuc_description/share/fanuc_description/cmake/fanuc_descriptionConfig-version.cmake
[0.842s] -- Up-to-date: /workspaces/aprs/aprs_ws/install/fanuc_description/share/fanuc_description/package.xml
[1.094s] Invoked command in '/workspaces/aprs/aprs_ws/build/fanuc_description' returned '0': CMAKE_PREFIX_PATH=${CMAKE_PREFIX_PATH}:/opt/ros/humble /usr/bin/cmake --install /workspaces/aprs/aprs_ws/build/fanuc_description
