[0.123s] Invoking command in '/home/aprs/aprs/aprs_ws/build/ur_gz': CMAKE_PREFIX_PATH=${CMAKE_PREFIX_PATH}:/home/aprs/aprs/aprs_ws/install/conveyor_controller:/opt/ros/humble /usr/bin/cmake --build /home/aprs/aprs/aprs_ws/build/ur_gz -- -j16 -l16
[0.212s] Invoked command in '/home/aprs/aprs/aprs_ws/build/ur_gz' returned '0': CMAKE_PREFIX_PATH=${CMAKE_PREFIX_PATH}:/home/aprs/aprs/aprs_ws/install/conveyor_controller:/opt/ros/humble /usr/bin/cmake --build /home/aprs/aprs/aprs_ws/build/ur_gz -- -j16 -l16
[0.260s] Invoking command in '/home/aprs/aprs/aprs_ws/build/ur_gz': CMAKE_PREFIX_PATH=${CMAKE_PREFIX_PATH}:/home/aprs/aprs/aprs_ws/install/conveyor_controller:/opt/ros/humble /usr/bin/cmake --install /home/aprs/aprs/aprs_ws/build/ur_gz
[0.290s] -- Install configuration: ""
[0.291s] -- Up-to-date: /home/aprs/aprs/aprs_ws/install/ur_gz/share/ur_gz//launch
[0.291s] -- Up-to-date: /home/aprs/aprs/aprs_ws/install/ur_gz/share/ur_gz//launch/s2r.launch.py
[0.291s] -- Up-to-date: /home/aprs/aprs/aprs_ws/install/ur_gz/share/ur_gz//launch/ur_real.launch.py
[0.291s] -- Up-to-date: /home/aprs/aprs/aprs_ws/install/ur_gz/share/ur_gz//launch/urrobot.launch.py
[0.291s] -- Up-to-date: /home/aprs/aprs/aprs_ws/install/ur_gz/share/ur_gz//config
[0.291s] -- Up-to-date: /home/aprs/aprs/aprs_ws/install/ur_gz/share/ur_gz//config/ur_controller.yaml
[0.291s] -- Up-to-date: /home/aprs/aprs/aprs_ws/install/ur_gz/share/ur_gz//urdf
[0.291s] -- Up-to-date: /home/aprs/aprs/aprs_ws/install/ur_gz/share/ur_gz//urdf/ur_gz_macro.xacro
[0.291s] -- Up-to-date: /home/aprs/aprs/aprs_ws/install/ur_gz/share/ur_gz//urdf/ur_gz.xacro
[0.291s] -- Up-to-date: /home/aprs/aprs/aprs_ws/install/ur_gz/share/ur_gz/environment/ur_gz.dsv
[0.291s] -- Up-to-date: /home/aprs/aprs/aprs_ws/install/ur_gz/share/ur_gz/environment/ur_gz.sh
[0.291s] -- Up-to-date: /home/aprs/aprs/aprs_ws/install/ur_gz/share/ament_index/resource_index/package_run_dependencies/ur_gz
[0.291s] -- Up-to-date: /home/aprs/aprs/aprs_ws/install/ur_gz/share/ament_index/resource_index/parent_prefix_path/ur_gz
[0.292s] -- Up-to-date: /home/aprs/aprs/aprs_ws/install/ur_gz/share/ur_gz/environment/ament_prefix_path.sh
[0.292s] -- Up-to-date: /home/aprs/aprs/aprs_ws/install/ur_gz/share/ur_gz/environment/ament_prefix_path.dsv
[0.292s] -- Up-to-date: /home/aprs/aprs/aprs_ws/install/ur_gz/share/ur_gz/environment/path.sh
[0.292s] -- Up-to-date: /home/aprs/aprs/aprs_ws/install/ur_gz/share/ur_gz/environment/path.dsv
[0.292s] -- Up-to-date: /home/aprs/aprs/aprs_ws/install/ur_gz/share/ur_gz/local_setup.bash
[0.292s] -- Up-to-date: /home/aprs/aprs/aprs_ws/install/ur_gz/share/ur_gz/local_setup.sh
[0.292s] -- Up-to-date: /home/aprs/aprs/aprs_ws/install/ur_gz/share/ur_gz/local_setup.zsh
[0.293s] -- Up-to-date: /home/aprs/aprs/aprs_ws/install/ur_gz/share/ur_gz/local_setup.dsv
[0.293s] -- Installing: /home/aprs/aprs/aprs_ws/install/ur_gz/share/ur_gz/package.dsv
[0.293s] -- Up-to-date: /home/aprs/aprs/aprs_ws/install/ur_gz/share/ament_index/resource_index/packages/ur_gz
[0.293s] -- Up-to-date: /home/aprs/aprs/aprs_ws/install/ur_gz/share/ur_gz/cmake/ur_gzConfig.cmake
[0.293s] -- Up-to-date: /home/aprs/aprs/aprs_ws/install/ur_gz/share/ur_gz/cmake/ur_gzConfig-version.cmake
[0.293s] -- Up-to-date: /home/aprs/aprs/aprs_ws/install/ur_gz/share/ur_gz/package.xml
[0.361s] Invoked command in '/home/aprs/aprs/aprs_ws/build/ur_gz' returned '0': CMAKE_PREFIX_PATH=${CMAKE_PREFIX_PATH}:/home/aprs/aprs/aprs_ws/install/conveyor_controller:/opt/ros/humble /usr/bin/cmake --install /home/aprs/aprs/aprs_ws/build/ur_gz
