[0.198s] Invoking command in '/home/aprs/aprs/aprs_ws/build/franka_gz': CMAKE_PREFIX_PATH=${CMAKE_PREFIX_PATH}:/home/aprs/aprs/aprs_ws/install/conveyor_controller:/opt/ros/humble /usr/bin/cmake /home/aprs/aprs/aprs_ws/src/franka_gz -DCMAKE_INSTALL_PREFIX=/home/aprs/aprs/aprs_ws/install/franka_gz
[0.816s] -- The C compiler identification is GNU 11.4.0
[0.816s] -- The CXX compiler identification is GNU 11.4.0
[0.816s] -- Detecting C compiler ABI info
[0.816s] -- Detecting C compiler ABI info - done
[0.816s] -- Check for working C compiler: /usr/bin/cc - skipped
[0.816s] -- Detecting C compile features
[0.816s] -- Detecting C compile features - done
[0.816s] -- Detecting CXX compiler ABI info
[0.817s] -- Detecting CXX compiler ABI info - done
[0.817s] -- Check for working CXX compiler: /usr/bin/c++ - skipped
[0.817s] -- Detecting CXX compile features
[0.817s] -- Detecting CXX compile features - done
[0.817s] -- Found ament_cmake: 1.3.5 (/opt/ros/humble/share/ament_cmake/cmake)
[0.869s] -- Found Python3: /usr/bin/python3.10 (found version "3.10.12") found components: Interpreter 
[1.023s] -- Found control_msgs: 4.4.0 (/opt/ros/humble/share/control_msgs/cmake)
[1.051s] -- Found rosidl_generator_c: 3.1.5 (/opt/ros/humble/share/rosidl_generator_c/cmake)
[1.056s] -- Found rosidl_adapter: 3.1.5 (/opt/ros/humble/share/rosidl_adapter/cmake)
[1.066s] -- Found rosidl_generator_cpp: 3.1.5 (/opt/ros/humble/share/rosidl_generator_cpp/cmake)
[1.083s] -- Using all available rosidl_typesupport_c: rosidl_typesupport_fastrtps_c;rosidl_typesupport_introspection_c
[1.109s] -- Using all available rosidl_typesupport_cpp: rosidl_typesupport_fastrtps_cpp;rosidl_typesupport_introspection_cpp
[1.680s] -- Found rclcpp: 16.0.5 (/opt/ros/humble/share/rclcpp/cmake)
[1.821s] -- Found rmw_implementation_cmake: 6.1.1 (/opt/ros/humble/share/rmw_implementation_cmake/cmake)
[1.826s] -- Found rmw_fastrtps_cpp: 6.2.3 (/opt/ros/humble/share/rmw_fastrtps_cpp/cmake)
[2.225s] -- Found OpenSSL: /usr/lib/x86_64-linux-gnu/libcrypto.so (found version "3.0.2")  
[2.275s] -- Found FastRTPS: /opt/ros/humble/include  
[2.342s] -- Using RMW implementation 'rmw_fastrtps_cpp' as default
[2.392s] -- Looking for pthread.h
[2.570s] -- Looking for pthread.h - found
[2.571s] -- Performing Test CMAKE_HAVE_LIBC_PTHREAD
[2.752s] -- Performing Test CMAKE_HAVE_LIBC_PTHREAD - Success
[2.752s] -- Found Threads: TRUE  
[3.037s] -- Found rclcpp_action: 16.0.5 (/opt/ros/humble/share/rclcpp_action/cmake)
[3.074s] -- Found ament_cmake_gtest: 1.3.5 (/opt/ros/humble/share/ament_cmake_gtest/cmake)
[3.078s] -- Found ament_lint_auto: 0.12.7 (/opt/ros/humble/share/ament_lint_auto/cmake)
[3.314s] -- Added test 'copyright' to check source files copyright and LICENSE
[3.316s] -- Added test 'flake8' to check Python code syntax and style conventions
[3.317s] -- Added test 'lint_cmake' to check CMake code style
[3.321s] -- Added test 'pep257' to check Python code against some of the docstring style conventions in PEP 257
[3.321s] -- Added test 'xmllint' to check XML markup files
[3.325s] -- Configuring done
[3.333s] -- Generating done
[3.339s] -- Build files have been written to: /home/aprs/aprs/aprs_ws/build/franka_gz
[3.380s] Invoked command in '/home/aprs/aprs/aprs_ws/build/franka_gz' returned '0': CMAKE_PREFIX_PATH=${CMAKE_PREFIX_PATH}:/home/aprs/aprs/aprs_ws/install/conveyor_controller:/opt/ros/humble /usr/bin/cmake /home/aprs/aprs/aprs_ws/src/franka_gz -DCMAKE_INSTALL_PREFIX=/home/aprs/aprs/aprs_ws/install/franka_gz
[3.380s] Invoking command in '/home/aprs/aprs/aprs_ws/build/franka_gz': CMAKE_PREFIX_PATH=${CMAKE_PREFIX_PATH}:/home/aprs/aprs/aprs_ws/install/conveyor_controller:/opt/ros/humble /usr/bin/cmake --build /home/aprs/aprs/aprs_ws/build/franka_gz -- -j16 -l16
[5.151s] Invoked command in '/home/aprs/aprs/aprs_ws/build/franka_gz' returned '0': CMAKE_PREFIX_PATH=${CMAKE_PREFIX_PATH}:/home/aprs/aprs/aprs_ws/install/conveyor_controller:/opt/ros/humble /usr/bin/cmake --build /home/aprs/aprs/aprs_ws/build/franka_gz -- -j16 -l16
[5.429s] Invoking command in '/home/aprs/aprs/aprs_ws/build/franka_gz': CMAKE_PREFIX_PATH=${CMAKE_PREFIX_PATH}:/home/aprs/aprs/aprs_ws/install/conveyor_controller:/opt/ros/humble /usr/bin/cmake --install /home/aprs/aprs/aprs_ws/build/franka_gz
[7.320s] -- Install configuration: ""
[7.320s] -- Installing: /home/aprs/aprs/aprs_ws/install/franka_gz/share/franka_gz//launch
[7.320s] -- Installing: /home/aprs/aprs/aprs_ws/install/franka_gz/share/franka_gz//launch/frankarobot.launch.py
[7.320s] -- Installing: /home/aprs/aprs/aprs_ws/install/franka_gz/share/franka_gz//config
[7.320s] -- Installing: /home/aprs/aprs/aprs_ws/install/franka_gz/share/franka_gz//config/franka_controller.yaml
[7.320s] -- Installing: /home/aprs/aprs/aprs_ws/install/franka_gz/share/ament_index/resource_index/package_run_dependencies/franka_gz
[7.320s] -- Installing: /home/aprs/aprs/aprs_ws/install/franka_gz/share/ament_index/resource_index/parent_prefix_path/franka_gz
[7.320s] -- Installing: /home/aprs/aprs/aprs_ws/install/franka_gz/share/franka_gz/environment/ament_prefix_path.sh
[7.320s] -- Installing: /home/aprs/aprs/aprs_ws/install/franka_gz/share/franka_gz/environment/ament_prefix_path.dsv
[7.321s] -- Installing: /home/aprs/aprs/aprs_ws/install/franka_gz/share/franka_gz/environment/path.sh
[7.321s] -- Installing: /home/aprs/aprs/aprs_ws/install/franka_gz/share/franka_gz/environment/path.dsv
[7.321s] -- Installing: /home/aprs/aprs/aprs_ws/install/franka_gz/share/franka_gz/local_setup.bash
[7.321s] -- Installing: /home/aprs/aprs/aprs_ws/install/franka_gz/share/franka_gz/local_setup.sh
[7.321s] -- Installing: /home/aprs/aprs/aprs_ws/install/franka_gz/share/franka_gz/local_setup.zsh
[7.321s] -- Installing: /home/aprs/aprs/aprs_ws/install/franka_gz/share/franka_gz/local_setup.dsv
[7.321s] -- Installing: /home/aprs/aprs/aprs_ws/install/franka_gz/share/franka_gz/package.dsv
[7.321s] -- Installing: /home/aprs/aprs/aprs_ws/install/franka_gz/share/ament_index/resource_index/packages/franka_gz
[7.321s] -- Installing: /home/aprs/aprs/aprs_ws/install/franka_gz/share/franka_gz/cmake/franka_gzConfig.cmake
[7.321s] -- Installing: /home/aprs/aprs/aprs_ws/install/franka_gz/share/franka_gz/cmake/franka_gzConfig-version.cmake
[7.321s] -- Installing: /home/aprs/aprs/aprs_ws/install/franka_gz/share/franka_gz/package.xml
[7.354s] Invoked command in '/home/aprs/aprs/aprs_ws/build/franka_gz' returned '0': CMAKE_PREFIX_PATH=${CMAKE_PREFIX_PATH}:/home/aprs/aprs/aprs_ws/install/conveyor_controller:/opt/ros/humble /usr/bin/cmake --install /home/aprs/aprs/aprs_ws/build/franka_gz
