[0.746s] Invoking command in '/workspaces/aprs/aprs_ws/build/ur_client_library': CMAKE_PREFIX_PATH=${CMAKE_PREFIX_PATH}:/opt/ros/humble /usr/bin/cmake --build /workspaces/aprs/aprs_ws/build/ur_client_library -- -j16 -l16
[0.821s] [35m[1mConsolidate compiler generated dependencies of target urcl[0m
[0.901s] [ 63%] Built target urcl
[0.937s] [35m[1mConsolidate compiler generated dependencies of target primary_pipeline_calibration_example[0m
[0.949s] [35m[1mConsolidate compiler generated dependencies of target primary_pipeline_example[0m
[0.950s] [35m[1mConsolidate compiler generated dependencies of target driver_example[0m
[0.961s] [35m[1mConsolidate compiler generated dependencies of target spline_example[0m
[0.961s] [35m[1mConsolidate compiler generated dependencies of target tool_contact_example[0m
[0.962s] [35m[1mConsolidate compiler generated dependencies of target dashboard_example[0m
[0.964s] [35m[1mConsolidate compiler generated dependencies of target rtde_client_example[0m
[0.965s] [35m[1mConsolidate compiler generated dependencies of target freedrive_example[0m
[0.983s] [35m[1mConsolidate compiler generated dependencies of target force_mode_example[0m
[0.999s] [ 69%] Built target driver_example
[0.999s] [ 71%] Built target primary_pipeline_calibration_example
[1.003s] [ 75%] Built target dashboard_example
[1.003s] [ 79%] Built target primary_pipeline_example
[1.037s] [ 83%] Built target spline_example
[1.037s] [ 87%] Built target rtde_client_example
[1.037s] [ 91%] Built target tool_contact_example
[1.038s] [ 95%] Built target freedrive_example
[1.051s] [100%] Built target force_mode_example
[1.381s] Invoked command in '/workspaces/aprs/aprs_ws/build/ur_client_library' returned '0': CMAKE_PREFIX_PATH=${CMAKE_PREFIX_PATH}:/opt/ros/humble /usr/bin/cmake --build /workspaces/aprs/aprs_ws/build/ur_client_library -- -j16 -l16
[2.218s] Invoking command in '/workspaces/aprs/aprs_ws/build/ur_client_library': CMAKE_PREFIX_PATH=${CMAKE_PREFIX_PATH}:/opt/ros/humble /usr/bin/cmake --install /workspaces/aprs/aprs_ws/build/ur_client_library
[2.629s] -- Install configuration: "RelWithDebInfo"
[2.629s] -- Up-to-date: /workspaces/aprs/aprs_ws/install/ur_client_library/lib/liburcl.so
[2.630s] -- Up-to-date: /workspaces/aprs/aprs_ws/install/ur_client_library/include
[2.630s] -- Up-to-date: /workspaces/aprs/aprs_ws/install/ur_client_library/include/ur_client_library
[2.630s] -- Up-to-date: /workspaces/aprs/aprs_ws/install/ur_client_library/include/ur_client_library/rtde
[2.630s] -- Up-to-date: /workspaces/aprs/aprs_ws/install/ur_client_library/include/ur_client_library/rtde/control_package_start.h
[2.630s] -- Up-to-date: /workspaces/aprs/aprs_ws/install/ur_client_library/include/ur_client_library/rtde/text_message.h
[2.630s] -- Up-to-date: /workspaces/aprs/aprs_ws/install/ur_client_library/include/ur_client_library/rtde/request_protocol_version.h
[2.630s] -- Up-to-date: /workspaces/aprs/aprs_ws/install/ur_client_library/include/ur_client_library/rtde/data_package.h
[2.630s] -- Up-to-date: /workspaces/aprs/aprs_ws/install/ur_client_library/include/ur_client_library/rtde/control_package_setup_outputs.h
[2.630s] -- Up-to-date: /workspaces/aprs/aprs_ws/install/ur_client_library/include/ur_client_library/rtde/package_header.h
[2.630s] -- Up-to-date: /workspaces/aprs/aprs_ws/install/ur_client_library/include/ur_client_library/rtde/control_package_setup_inputs.h
[2.630s] -- Up-to-date: /workspaces/aprs/aprs_ws/install/ur_client_library/include/ur_client_library/rtde/rtde_parser.h
[2.631s] -- Up-to-date: /workspaces/aprs/aprs_ws/install/ur_client_library/include/ur_client_library/rtde/get_urcontrol_version.h
[2.632s] -- Up-to-date: /workspaces/aprs/aprs_ws/install/ur_client_library/include/ur_client_library/rtde/rtde_writer.h
[2.632s] -- Up-to-date: /workspaces/aprs/aprs_ws/install/ur_client_library/include/ur_client_library/rtde/rtde_client.h
[2.632s] -- Up-to-date: /workspaces/aprs/aprs_ws/install/ur_client_library/include/ur_client_library/rtde/rtde_package.h
[2.632s] -- Up-to-date: /workspaces/aprs/aprs_ws/install/ur_client_library/include/ur_client_library/rtde/control_package_pause.h
[2.632s] -- Up-to-date: /workspaces/aprs/aprs_ws/install/ur_client_library/include/ur_client_library/default_log_handler.h
[2.632s] -- Up-to-date: /workspaces/aprs/aprs_ws/install/ur_client_library/include/ur_client_library/queue
[2.632s] -- Up-to-date: /workspaces/aprs/aprs_ws/install/ur_client_library/include/ur_client_library/queue/LICENSE.md
[2.632s] -- Up-to-date: /workspaces/aprs/aprs_ws/install/ur_client_library/include/ur_client_library/queue/atomicops.h
[2.632s] -- Up-to-date: /workspaces/aprs/aprs_ws/install/ur_client_library/include/ur_client_library/queue/readerwriterqueue.h
[2.632s] -- Up-to-date: /workspaces/aprs/aprs_ws/install/ur_client_library/include/ur_client_library/control
[2.632s] -- Up-to-date: /workspaces/aprs/aprs_ws/install/ur_client_library/include/ur_client_library/control/script_sender.h
[2.633s] -- Up-to-date: /workspaces/aprs/aprs_ws/install/ur_client_library/include/ur_client_library/control/reverse_interface.h
[2.633s] -- Up-to-date: /workspaces/aprs/aprs_ws/install/ur_client_library/include/ur_client_library/control/trajectory_point_interface.h
[2.633s] -- Up-to-date: /workspaces/aprs/aprs_ws/install/ur_client_library/include/ur_client_library/control/script_command_interface.h
[2.633s] -- Up-to-date: /workspaces/aprs/aprs_ws/install/ur_client_library/include/ur_client_library/helpers.h
[2.633s] -- Up-to-date: /workspaces/aprs/aprs_ws/install/ur_client_library/include/ur_client_library/log.h
[2.633s] -- Up-to-date: /workspaces/aprs/aprs_ws/install/ur_client_library/include/ur_client_library/types.h
[2.633s] -- Up-to-date: /workspaces/aprs/aprs_ws/install/ur_client_library/include/ur_client_library/exceptions.h
[2.633s] -- Up-to-date: /workspaces/aprs/aprs_ws/install/ur_client_library/include/ur_client_library/comm
[2.633s] -- Up-to-date: /workspaces/aprs/aprs_ws/install/ur_client_library/include/ur_client_library/comm/package_serializer.h
[2.633s] -- Up-to-date: /workspaces/aprs/aprs_ws/install/ur_client_library/include/ur_client_library/comm/stream.h
[2.633s] -- Up-to-date: /workspaces/aprs/aprs_ws/install/ur_client_library/include/ur_client_library/comm/control_mode.h
[2.633s] -- Up-to-date: /workspaces/aprs/aprs_ws/install/ur_client_library/include/ur_client_library/comm/bin_parser.h
[2.634s] -- Up-to-date: /workspaces/aprs/aprs_ws/install/ur_client_library/include/ur_client_library/comm/producer.h
[2.634s] -- Up-to-date: /workspaces/aprs/aprs_ws/install/ur_client_library/include/ur_client_library/comm/tcp_server.h
[2.634s] -- Up-to-date: /workspaces/aprs/aprs_ws/install/ur_client_library/include/ur_client_library/comm/parser.h
[2.634s] -- Up-to-date: /workspaces/aprs/aprs_ws/install/ur_client_library/include/ur_client_library/comm/package.h
[2.634s] -- Up-to-date: /workspaces/aprs/aprs_ws/install/ur_client_library/include/ur_client_library/comm/shell_consumer.h
[2.634s] -- Up-to-date: /workspaces/aprs/aprs_ws/install/ur_client_library/include/ur_client_library/comm/pipeline.h
[2.634s] -- Up-to-date: /workspaces/aprs/aprs_ws/install/ur_client_library/include/ur_client_library/comm/tcp_socket.h
[2.634s] -- Up-to-date: /workspaces/aprs/aprs_ws/install/ur_client_library/include/ur_client_library/ur
[2.634s] -- Up-to-date: /workspaces/aprs/aprs_ws/install/ur_client_library/include/ur_client_library/ur/datatypes.h
[2.635s] -- Up-to-date: /workspaces/aprs/aprs_ws/install/ur_client_library/include/ur_client_library/ur/calibration_checker.h
[2.635s] -- Up-to-date: /workspaces/aprs/aprs_ws/install/ur_client_library/include/ur_client_library/ur/version_information.h
[2.635s] -- Up-to-date: /workspaces/aprs/aprs_ws/install/ur_client_library/include/ur_client_library/ur/tool_communication.h
[2.635s] -- Up-to-date: /workspaces/aprs/aprs_ws/install/ur_client_library/include/ur_client_library/ur/dashboard_client.h
[2.635s] -- Up-to-date: /workspaces/aprs/aprs_ws/install/ur_client_library/include/ur_client_library/ur/ur_driver.h
[2.635s] -- Up-to-date: /workspaces/aprs/aprs_ws/install/ur_client_library/include/ur_client_library/primary
[2.635s] -- Up-to-date: /workspaces/aprs/aprs_ws/install/ur_client_library/include/ur_client_library/primary/primary_package.h
[2.635s] -- Up-to-date: /workspaces/aprs/aprs_ws/install/ur_client_library/include/ur_client_library/primary/robot_message.h
[2.635s] -- Up-to-date: /workspaces/aprs/aprs_ws/install/ur_client_library/include/ur_client_library/primary/robot_state
[2.635s] -- Up-to-date: /workspaces/aprs/aprs_ws/install/ur_client_library/include/ur_client_library/primary/robot_state/kinematics_info.h
[2.635s] -- Up-to-date: /workspaces/aprs/aprs_ws/install/ur_client_library/include/ur_client_library/primary/primary_parser.h
[2.636s] -- Up-to-date: /workspaces/aprs/aprs_ws/install/ur_client_library/include/ur_client_library/primary/abstract_primary_consumer.h
[2.636s] -- Up-to-date: /workspaces/aprs/aprs_ws/install/ur_client_library/include/ur_client_library/primary/package_header.h
[2.636s] -- Up-to-date: /workspaces/aprs/aprs_ws/install/ur_client_library/include/ur_client_library/primary/robot_message
[2.636s] -- Up-to-date: /workspaces/aprs/aprs_ws/install/ur_client_library/include/ur_client_library/primary/robot_message/version_message.h
[2.636s] -- Up-to-date: /workspaces/aprs/aprs_ws/install/ur_client_library/include/ur_client_library/primary/robot_state.h
[2.636s] -- Up-to-date: /workspaces/aprs/aprs_ws/install/ur_client_library/lib/cmake/ur_client_library/urclTargets.cmake
[2.636s] -- Up-to-date: /workspaces/aprs/aprs_ws/install/ur_client_library/lib/cmake/ur_client_library/urclTargets-relwithdebinfo.cmake
[2.636s] -- Up-to-date: /workspaces/aprs/aprs_ws/install/ur_client_library/lib/ur_client_library/start_ursim.sh
[2.636s] -- Up-to-date: /workspaces/aprs/aprs_ws/install/ur_client_library/lib/cmake/ur_client_library/ur_client_libraryConfig.cmake
[2.636s] -- Up-to-date: /workspaces/aprs/aprs_ws/install/ur_client_library/share/ur_client_library/package.xml
[2.636s] -- Up-to-date: /workspaces/aprs/aprs_ws/install/ur_client_library/share/ament_index/resource_index/packages/ur_client_library
[2.636s] -- Up-to-date: /workspaces/aprs/aprs_ws/install/ur_client_library/share/ur_client_library/hook/ament_prefix_path.dsv
[2.637s] -- Up-to-date: /workspaces/aprs/aprs_ws/install/ur_client_library/share/ur_client_library/hook/ros_package_path.dsv
[2.637s] -- Up-to-date: /workspaces/aprs/aprs_ws/install/ur_client_library/share/ur_client_library/resources
[2.637s] -- Up-to-date: /workspaces/aprs/aprs_ws/install/ur_client_library/share/ur_client_library/resources/external_control.urscript
[2.875s] Invoked command in '/workspaces/aprs/aprs_ws/build/ur_client_library' returned '0': CMAKE_PREFIX_PATH=${CMAKE_PREFIX_PATH}:/opt/ros/humble /usr/bin/cmake --install /workspaces/aprs/aprs_ws/build/ur_client_library
