[0.117s] Invoking command in '/workspaces/aprs/aprs_ws/build/gz_ros2_control_demos': AMENT_PREFIX_PATH=/workspaces/aprs/aprs_ws/install/gz_ros2_control:${AMENT_PREFIX_PATH} CMAKE_PREFIX_PATH=/workspaces/aprs/aprs_ws/install/gz_ros2_control:/opt/ros/rolling GZ_SIM_PLUGIn_PATH=/workspaces/aprs/aprs_ws/install/gz_ros2_control/lib/gz_ros2_control GZ_SIM_RESOURCE_PATH=/workspaces/aprs/aprs_ws/install/gz_ros2_control/share LD_LIBRARY_PATH=/workspaces/aprs/aprs_ws/install/gz_ros2_control/lib:${LD_LIBRARY_PATH} /usr/bin/cmake /workspaces/aprs/aprs_ws/src/gz_ros2_control_demos -DBUILD_TESTING=ON -DCMAKE_INSTALL_PREFIX=/workspaces/aprs/aprs_ws/install/gz_ros2_control_demos
[0.411s] -- The C compiler identification is GNU 11.4.0
[0.675s] -- The CXX compiler identification is GNU 11.4.0
[0.690s] -- Detecting C compiler ABI info
[0.884s] -- Detecting C compiler ABI info - done
[0.898s] -- Check for working C compiler: /usr/bin/cc - skipped
[0.898s] -- Detecting C compile features
[0.912s] -- Detecting C compile features - done
[0.934s] -- Detecting CXX compiler ABI info
[1.280s] -- Detecting CXX compiler ABI info - done
[1.291s] -- Check for working CXX compiler: /usr/bin/c++ - skipped
[1.296s] -- Detecting CXX compile features
[1.297s] -- Detecting CXX compile features - done
[1.310s] -- Found ament_cmake: 2.2.1 (/opt/ros/rolling/share/ament_cmake/cmake)
[1.944s] -- Found Python3: /usr/bin/python3.10 (found version "3.10.12") found components: Interpreter 
[2.315s] -- Found control_msgs: 5.0.0 (/opt/ros/rolling/share/control_msgs/cmake)
[2.445s] -- Found rosidl_generator_c: 4.3.0 (/opt/ros/rolling/share/rosidl_generator_c/cmake)
[2.480s] -- Found rosidl_generator_cpp: 4.3.0 (/opt/ros/rolling/share/rosidl_generator_cpp/cmake)
[2.525s] -- Using all available rosidl_typesupport_c: rosidl_typesupport_fastrtps_c;rosidl_typesupport_introspection_c
[2.576s] -- Using all available rosidl_typesupport_cpp: rosidl_typesupport_fastrtps_cpp;rosidl_typesupport_introspection_cpp
[4.049s] -- Found rclcpp: 22.0.0 (/opt/ros/rolling/share/rclcpp/cmake)
[4.262s] -- Found rmw_implementation_cmake: 7.2.1 (/opt/ros/rolling/share/rmw_implementation_cmake/cmake)
[4.268s] -- Found rmw_fastrtps_cpp: 7.3.0 (/opt/ros/rolling/share/rmw_fastrtps_cpp/cmake)
[4.512s] -- Found OpenSSL: /usr/lib/x86_64-linux-gnu/libcrypto.so (found version "3.0.2")  
[4.584s] -- Found FastRTPS: /opt/ros/rolling/include  
[4.704s] -- Using RMW implementation 'rmw_fastrtps_cpp' as default
[5.078s] -- Found rclcpp_action: 22.0.0 (/opt/ros/rolling/share/rclcpp_action/cmake)
[5.166s] -- Found ament_cmake_gtest: 2.2.1 (/opt/ros/rolling/share/ament_cmake_gtest/cmake)
[5.172s] -- Found ament_lint_auto: 0.15.2 (/opt/ros/rolling/share/ament_lint_auto/cmake)
[5.386s] -- Added test 'copyright' to check source files copyright and LICENSE
[5.396s] -- Added test 'cppcheck' to perform static code analysis on C / C++ code
[5.396s] -- Configured cppcheck include dirs: 
[5.396s] -- Configured cppcheck exclude dirs and/or files: 
[5.399s] -- Added test 'cpplint' to check C / C++ code against the Google style
[5.400s] -- Configured cpplint exclude dirs and/or files: 
[5.401s] -- Added test 'flake8' to check Python code syntax and style conventions
[5.401s] -- Configured 'flake8' exclude dirs and/or files: 
[5.402s] -- Added test 'lint_cmake' to check CMake code style
[5.403s] -- Added test 'pep257' to check Python code against some of the docstring style conventions in PEP 257
[5.403s] -- Added test 'uncrustify' to check C / C++ code style
[5.404s] -- Configured uncrustify additional arguments: 
[5.404s] -- Added test 'xmllint' to check XML markup files
[5.406s] -- Configuring done
[5.460s] -- Generating done
[5.464s] -- Build files have been written to: /workspaces/aprs/aprs_ws/build/gz_ros2_control_demos
[5.506s] Invoked command in '/workspaces/aprs/aprs_ws/build/gz_ros2_control_demos' returned '0': AMENT_PREFIX_PATH=/workspaces/aprs/aprs_ws/install/gz_ros2_control:${AMENT_PREFIX_PATH} CMAKE_PREFIX_PATH=/workspaces/aprs/aprs_ws/install/gz_ros2_control:/opt/ros/rolling GZ_SIM_PLUGIn_PATH=/workspaces/aprs/aprs_ws/install/gz_ros2_control/lib/gz_ros2_control GZ_SIM_RESOURCE_PATH=/workspaces/aprs/aprs_ws/install/gz_ros2_control/share LD_LIBRARY_PATH=/workspaces/aprs/aprs_ws/install/gz_ros2_control/lib:${LD_LIBRARY_PATH} /usr/bin/cmake /workspaces/aprs/aprs_ws/src/gz_ros2_control_demos -DBUILD_TESTING=ON -DCMAKE_INSTALL_PREFIX=/workspaces/aprs/aprs_ws/install/gz_ros2_control_demos
[5.511s] Invoking command in '/workspaces/aprs/aprs_ws/build/gz_ros2_control_demos': AMENT_PREFIX_PATH=/workspaces/aprs/aprs_ws/install/gz_ros2_control:${AMENT_PREFIX_PATH} CMAKE_PREFIX_PATH=/workspaces/aprs/aprs_ws/install/gz_ros2_control:/opt/ros/rolling GZ_SIM_PLUGIn_PATH=/workspaces/aprs/aprs_ws/install/gz_ros2_control/lib/gz_ros2_control GZ_SIM_RESOURCE_PATH=/workspaces/aprs/aprs_ws/install/gz_ros2_control/share LD_LIBRARY_PATH=/workspaces/aprs/aprs_ws/install/gz_ros2_control/lib:${LD_LIBRARY_PATH} /usr/bin/cmake --build /workspaces/aprs/aprs_ws/build/gz_ros2_control_demos -- -j16 -l16
[5.609s] [  8%] [32mBuilding CXX object CMakeFiles/example_position.dir/examples/example_position.cpp.o[0m
[12.733s] [ 16%] [32m[1mLinking CXX executable example_position[0m
[12.971s] [ 16%] Built target example_position
[12.990s] [ 25%] [32mBuilding CXX object CMakeFiles/example_gripper.dir/examples/example_gripper.cpp.o[0m
[18.009s] [ 33%] [32m[1mLinking CXX executable example_gripper[0m
[18.183s] [ 33%] Built target example_gripper
[18.202s] [ 41%] [32mBuilding CXX object CMakeFiles/example_tricycle_drive.dir/examples/example_tricycle_drive.cpp.o[0m
[22.438s] [ 50%] [32m[1mLinking CXX executable example_tricycle_drive[0m
[22.580s] [ 50%] Built target example_tricycle_drive
[22.596s] [ 75%] [32mBuilding CXX object CMakeFiles/example_diff_drive.dir/examples/example_diff_drive.cpp.o[0m
[22.596s] [ 75%] [32mBuilding CXX object CMakeFiles/example_velocity.dir/examples/example_velocity.cpp.o[0m
[22.596s] [ 75%] [32mBuilding CXX object CMakeFiles/example_effort.dir/examples/example_effort.cpp.o[0m
[27.131s] [ 83%] [32m[1mLinking CXX executable example_diff_drive[0m
[27.239s] [ 91%] [32m[1mLinking CXX executable example_velocity[0m
[27.279s] [100%] [32m[1mLinking CXX executable example_effort[0m
[27.362s] [100%] Built target example_diff_drive
[27.446s] [100%] Built target example_velocity
[27.465s] [100%] Built target example_effort
[27.474s] Invoked command in '/workspaces/aprs/aprs_ws/build/gz_ros2_control_demos' returned '0': AMENT_PREFIX_PATH=/workspaces/aprs/aprs_ws/install/gz_ros2_control:${AMENT_PREFIX_PATH} CMAKE_PREFIX_PATH=/workspaces/aprs/aprs_ws/install/gz_ros2_control:/opt/ros/rolling GZ_SIM_PLUGIn_PATH=/workspaces/aprs/aprs_ws/install/gz_ros2_control/lib/gz_ros2_control GZ_SIM_RESOURCE_PATH=/workspaces/aprs/aprs_ws/install/gz_ros2_control/share LD_LIBRARY_PATH=/workspaces/aprs/aprs_ws/install/gz_ros2_control/lib:${LD_LIBRARY_PATH} /usr/bin/cmake --build /workspaces/aprs/aprs_ws/build/gz_ros2_control_demos -- -j16 -l16
[27.502s] Invoking command in '/workspaces/aprs/aprs_ws/build/gz_ros2_control_demos': AMENT_PREFIX_PATH=/workspaces/aprs/aprs_ws/install/gz_ros2_control:${AMENT_PREFIX_PATH} CMAKE_PREFIX_PATH=/workspaces/aprs/aprs_ws/install/gz_ros2_control:/opt/ros/rolling GZ_SIM_PLUGIn_PATH=/workspaces/aprs/aprs_ws/install/gz_ros2_control/lib/gz_ros2_control GZ_SIM_RESOURCE_PATH=/workspaces/aprs/aprs_ws/install/gz_ros2_control/share LD_LIBRARY_PATH=/workspaces/aprs/aprs_ws/install/gz_ros2_control/lib:${LD_LIBRARY_PATH} /usr/bin/cmake --install /workspaces/aprs/aprs_ws/build/gz_ros2_control_demos
[27.508s] -- Install configuration: ""
[27.508s] -- Installing: /workspaces/aprs/aprs_ws/install/gz_ros2_control_demos/share/gz_ros2_control_demos//launch
[27.508s] -- Installing: /workspaces/aprs/aprs_ws/install/gz_ros2_control_demos/share/gz_ros2_control_demos//launch/tricycle_drive_example.launch.py
[27.508s] -- Installing: /workspaces/aprs/aprs_ws/install/gz_ros2_control_demos/share/gz_ros2_control_demos//launch/cart_example_position.launch.py
[27.508s] -- Installing: /workspaces/aprs/aprs_ws/install/gz_ros2_control_demos/share/gz_ros2_control_demos//launch/cart_example_effort.launch.py
[27.508s] -- Installing: /workspaces/aprs/aprs_ws/install/gz_ros2_control_demos/share/gz_ros2_control_demos//launch/diff_drive_example.launch.py
[27.508s] -- Installing: /workspaces/aprs/aprs_ws/install/gz_ros2_control_demos/share/gz_ros2_control_demos//launch/gripper_mimic_joint_example.launch.py
[27.508s] -- Installing: /workspaces/aprs/aprs_ws/install/gz_ros2_control_demos/share/gz_ros2_control_demos//launch/cart_example_velocity.launch.py
[27.508s] -- Installing: /workspaces/aprs/aprs_ws/install/gz_ros2_control_demos/share/gz_ros2_control_demos//launch/urrobot.launch.py
[27.509s] -- Installing: /workspaces/aprs/aprs_ws/install/gz_ros2_control_demos/share/gz_ros2_control_demos//config
[27.509s] -- Installing: /workspaces/aprs/aprs_ws/install/gz_ros2_control_demos/share/gz_ros2_control_demos//config/cartpole_controller_velocity.yaml
[27.509s] -- Installing: /workspaces/aprs/aprs_ws/install/gz_ros2_control_demos/share/gz_ros2_control_demos//config/cartpole_controller_position.yaml
[27.509s] -- Installing: /workspaces/aprs/aprs_ws/install/gz_ros2_control_demos/share/gz_ros2_control_demos//config/gripper_controller.yaml
[27.509s] -- Installing: /workspaces/aprs/aprs_ws/install/gz_ros2_control_demos/share/gz_ros2_control_demos//config/cartpole_controller_effort.yaml
[27.509s] -- Installing: /workspaces/aprs/aprs_ws/install/gz_ros2_control_demos/share/gz_ros2_control_demos//config/diff_drive_controller_velocity.yaml
[27.509s] -- Installing: /workspaces/aprs/aprs_ws/install/gz_ros2_control_demos/share/gz_ros2_control_demos//config/tricycle_drive_controller.yaml
[27.509s] -- Installing: /workspaces/aprs/aprs_ws/install/gz_ros2_control_demos/share/gz_ros2_control_demos//config/ur_controller.yaml
[27.509s] -- Installing: /workspaces/aprs/aprs_ws/install/gz_ros2_control_demos/share/gz_ros2_control_demos//urdf
[27.510s] -- Installing: /workspaces/aprs/aprs_ws/install/gz_ros2_control_demos/share/gz_ros2_control_demos//urdf/test_cart_position.xacro.urdf
[27.510s] -- Installing: /workspaces/aprs/aprs_ws/install/gz_ros2_control_demos/share/gz_ros2_control_demos//urdf/test_cart_effort.xacro.urdf
[27.510s] -- Installing: /workspaces/aprs/aprs_ws/install/gz_ros2_control_demos/share/gz_ros2_control_demos//urdf/test_diff_drive.xacro.urdf
[27.510s] -- Installing: /workspaces/aprs/aprs_ws/install/gz_ros2_control_demos/share/gz_ros2_control_demos//urdf/test_tricycle_drive.xacro.urdf
[27.510s] -- Installing: /workspaces/aprs/aprs_ws/install/gz_ros2_control_demos/share/gz_ros2_control_demos//urdf/test_cart_velocity.xacro.urdf
[27.510s] -- Installing: /workspaces/aprs/aprs_ws/install/gz_ros2_control_demos/share/gz_ros2_control_demos//urdf/test_gripper_mimic_joint.xacro.urdf
[27.511s] -- Installing: /workspaces/aprs/aprs_ws/install/gz_ros2_control_demos/lib/gz_ros2_control_demos/example_position
[27.512s] -- Set runtime path of "/workspaces/aprs/aprs_ws/install/gz_ros2_control_demos/lib/gz_ros2_control_demos/example_position" to ""
[27.512s] -- Installing: /workspaces/aprs/aprs_ws/install/gz_ros2_control_demos/lib/gz_ros2_control_demos/example_velocity
[27.513s] -- Set runtime path of "/workspaces/aprs/aprs_ws/install/gz_ros2_control_demos/lib/gz_ros2_control_demos/example_velocity" to ""
[27.513s] -- Installing: /workspaces/aprs/aprs_ws/install/gz_ros2_control_demos/lib/gz_ros2_control_demos/example_effort
[27.514s] -- Set runtime path of "/workspaces/aprs/aprs_ws/install/gz_ros2_control_demos/lib/gz_ros2_control_demos/example_effort" to ""
[27.514s] -- Installing: /workspaces/aprs/aprs_ws/install/gz_ros2_control_demos/lib/gz_ros2_control_demos/example_diff_drive
[27.515s] -- Set runtime path of "/workspaces/aprs/aprs_ws/install/gz_ros2_control_demos/lib/gz_ros2_control_demos/example_diff_drive" to ""
[27.515s] -- Installing: /workspaces/aprs/aprs_ws/install/gz_ros2_control_demos/lib/gz_ros2_control_demos/example_tricycle_drive
[27.516s] -- Set runtime path of "/workspaces/aprs/aprs_ws/install/gz_ros2_control_demos/lib/gz_ros2_control_demos/example_tricycle_drive" to ""
[27.516s] -- Installing: /workspaces/aprs/aprs_ws/install/gz_ros2_control_demos/lib/gz_ros2_control_demos/example_gripper
[27.517s] -- Set runtime path of "/workspaces/aprs/aprs_ws/install/gz_ros2_control_demos/lib/gz_ros2_control_demos/example_gripper" to ""
[27.517s] -- Installing: /workspaces/aprs/aprs_ws/install/gz_ros2_control_demos/share/gz_ros2_control_demos/environment/gz_ros2_control_demos.dsv
[27.517s] -- Installing: /workspaces/aprs/aprs_ws/install/gz_ros2_control_demos/share/gz_ros2_control_demos/environment/gz_ros2_control_demos.sh
[27.517s] -- Installing: /workspaces/aprs/aprs_ws/install/gz_ros2_control_demos/share/ament_index/resource_index/package_run_dependencies/gz_ros2_control_demos
[27.517s] -- Installing: /workspaces/aprs/aprs_ws/install/gz_ros2_control_demos/share/ament_index/resource_index/parent_prefix_path/gz_ros2_control_demos
[27.517s] -- Installing: /workspaces/aprs/aprs_ws/install/gz_ros2_control_demos/share/gz_ros2_control_demos/environment/ament_prefix_path.sh
[27.517s] -- Installing: /workspaces/aprs/aprs_ws/install/gz_ros2_control_demos/share/gz_ros2_control_demos/environment/ament_prefix_path.dsv
[27.518s] -- Installing: /workspaces/aprs/aprs_ws/install/gz_ros2_control_demos/share/gz_ros2_control_demos/environment/path.sh
[27.518s] -- Installing: /workspaces/aprs/aprs_ws/install/gz_ros2_control_demos/share/gz_ros2_control_demos/environment/path.dsv
[27.518s] -- Installing: /workspaces/aprs/aprs_ws/install/gz_ros2_control_demos/share/gz_ros2_control_demos/local_setup.bash
[27.518s] -- Installing: /workspaces/aprs/aprs_ws/install/gz_ros2_control_demos/share/gz_ros2_control_demos/local_setup.sh
[27.518s] -- Installing: /workspaces/aprs/aprs_ws/install/gz_ros2_control_demos/share/gz_ros2_control_demos/local_setup.zsh
[27.518s] -- Installing: /workspaces/aprs/aprs_ws/install/gz_ros2_control_demos/share/gz_ros2_control_demos/local_setup.dsv
[27.518s] -- Installing: /workspaces/aprs/aprs_ws/install/gz_ros2_control_demos/share/gz_ros2_control_demos/package.dsv
[27.518s] -- Installing: /workspaces/aprs/aprs_ws/install/gz_ros2_control_demos/share/ament_index/resource_index/packages/gz_ros2_control_demos
[27.518s] -- Installing: /workspaces/aprs/aprs_ws/install/gz_ros2_control_demos/share/gz_ros2_control_demos/cmake/gz_ros2_control_demosConfig.cmake
[27.518s] -- Installing: /workspaces/aprs/aprs_ws/install/gz_ros2_control_demos/share/gz_ros2_control_demos/cmake/gz_ros2_control_demosConfig-version.cmake
[27.518s] -- Installing: /workspaces/aprs/aprs_ws/install/gz_ros2_control_demos/share/gz_ros2_control_demos/package.xml
[27.520s] Invoked command in '/workspaces/aprs/aprs_ws/build/gz_ros2_control_demos' returned '0': AMENT_PREFIX_PATH=/workspaces/aprs/aprs_ws/install/gz_ros2_control:${AMENT_PREFIX_PATH} CMAKE_PREFIX_PATH=/workspaces/aprs/aprs_ws/install/gz_ros2_control:/opt/ros/rolling GZ_SIM_PLUGIn_PATH=/workspaces/aprs/aprs_ws/install/gz_ros2_control/lib/gz_ros2_control GZ_SIM_RESOURCE_PATH=/workspaces/aprs/aprs_ws/install/gz_ros2_control/share LD_LIBRARY_PATH=/workspaces/aprs/aprs_ws/install/gz_ros2_control/lib:${LD_LIBRARY_PATH} /usr/bin/cmake --install /workspaces/aprs/aprs_ws/build/gz_ros2_control_demos
