[0.082s] Invoking command in '/workspaces/aprs_humble/aprs_ws/build/realsense2_description_': CMAKE_PREFIX_PATH=${CMAKE_PREFIX_PATH}:/workspaces/aprs_humble/aprs_ws/install/rqt_controller_manager:/workspaces/aprs_humble/aprs_ws/install/ros2controlcli:/opt/ros/humble /usr/bin/cmake --build /workspaces/aprs_humble/aprs_ws/build/realsense2_description_ -- -j16 -l16
[0.276s] Invoked command in '/workspaces/aprs_humble/aprs_ws/build/realsense2_description_' returned '0': CMAKE_PREFIX_PATH=${CMAKE_PREFIX_PATH}:/workspaces/aprs_humble/aprs_ws/install/rqt_controller_manager:/workspaces/aprs_humble/aprs_ws/install/ros2controlcli:/opt/ros/humble /usr/bin/cmake --build /workspaces/aprs_humble/aprs_ws/build/realsense2_description_ -- -j16 -l16
[0.415s] Invoking command in '/workspaces/aprs_humble/aprs_ws/build/realsense2_description_': CMAKE_PREFIX_PATH=${CMAKE_PREFIX_PATH}:/workspaces/aprs_humble/aprs_ws/install/rqt_controller_manager:/workspaces/aprs_humble/aprs_ws/install/ros2controlcli:/opt/ros/humble /usr/bin/cmake --install /workspaces/aprs_humble/aprs_ws/build/realsense2_description_
[0.440s] -- Install configuration: ""
[0.440s] -- Up-to-date: /workspaces/aprs_humble/aprs_ws/install/realsense2_description_/share/realsense2_description_/launch
[0.440s] -- Up-to-date: /workspaces/aprs_humble/aprs_ws/install/realsense2_description_/share/realsense2_description_/launch/view_model.launch.py
[0.440s] -- Up-to-date: /workspaces/aprs_humble/aprs_ws/install/realsense2_description_/share/realsense2_description_/launch/launch_utils.py
[0.441s] -- Up-to-date: /workspaces/aprs_humble/aprs_ws/install/realsense2_description_/share/realsense2_description_/meshes
[0.441s] -- Up-to-date: /workspaces/aprs_humble/aprs_ws/install/realsense2_description_/share/realsense2_description_/meshes/plug.stl
[0.441s] -- Up-to-date: /workspaces/aprs_humble/aprs_ws/install/realsense2_description_/share/realsense2_description_/meshes/d435.dae
[0.441s] -- Up-to-date: /workspaces/aprs_humble/aprs_ws/install/realsense2_description_/share/realsense2_description_/meshes/d455.stl
[0.441s] -- Up-to-date: /workspaces/aprs_humble/aprs_ws/install/realsense2_description_/share/realsense2_description_/meshes/plug_collision.stl
[0.441s] -- Up-to-date: /workspaces/aprs_humble/aprs_ws/install/realsense2_description_/share/realsense2_description_/meshes/d415.stl
[0.441s] -- Up-to-date: /workspaces/aprs_humble/aprs_ws/install/realsense2_description_/share/realsense2_description_/meshes/l515.dae
[0.441s] -- Up-to-date: /workspaces/aprs_humble/aprs_ws/install/realsense2_description_/share/realsense2_description_/rviz
[0.441s] -- Up-to-date: /workspaces/aprs_humble/aprs_ws/install/realsense2_description_/share/realsense2_description_/rviz/urdf.rviz
[0.442s] -- Up-to-date: /workspaces/aprs_humble/aprs_ws/install/realsense2_description_/share/realsense2_description_/urdf
[0.442s] -- Up-to-date: /workspaces/aprs_humble/aprs_ws/install/realsense2_description_/share/realsense2_description_/urdf/test_d415_camera.urdf.xacro
[0.442s] -- Up-to-date: /workspaces/aprs_humble/aprs_ws/install/realsense2_description_/share/realsense2_description_/urdf/_materials.urdf.xacro
[0.442s] -- Up-to-date: /workspaces/aprs_humble/aprs_ws/install/realsense2_description_/share/realsense2_description_/urdf/_d435.urdf.xacro
[0.442s] -- Up-to-date: /workspaces/aprs_humble/aprs_ws/install/realsense2_description_/share/realsense2_description_/urdf/test_d435i_camera.urdf.xacro
[0.442s] -- Up-to-date: /workspaces/aprs_humble/aprs_ws/install/realsense2_description_/share/realsense2_description_/urdf/test_d435_multiple_cameras.urdf.xacro
[0.442s] -- Up-to-date: /workspaces/aprs_humble/aprs_ws/install/realsense2_description_/share/realsense2_description_/urdf/_usb_plug.urdf.xacro
[0.442s] -- Up-to-date: /workspaces/aprs_humble/aprs_ws/install/realsense2_description_/share/realsense2_description_/urdf/test_r430_camera.urdf.xacro
[0.442s] -- Up-to-date: /workspaces/aprs_humble/aprs_ws/install/realsense2_description_/share/realsense2_description_/urdf/_d435i_imu_modules.urdf.xacro
[0.445s] -- Up-to-date: /workspaces/aprs_humble/aprs_ws/install/realsense2_description_/share/realsense2_description_/urdf/_r410.urdf.xacro
[0.445s] -- Up-to-date: /workspaces/aprs_humble/aprs_ws/install/realsense2_description_/share/realsense2_description_/urdf/_d415.urdf.xacro
[0.445s] -- Up-to-date: /workspaces/aprs_humble/aprs_ws/install/realsense2_description_/share/realsense2_description_/urdf/test_d435_camera.urdf.xacro
[0.446s] -- Up-to-date: /workspaces/aprs_humble/aprs_ws/install/realsense2_description_/share/realsense2_description_/urdf/test_l515_camera.urdf.xacro
[0.446s] -- Up-to-date: /workspaces/aprs_humble/aprs_ws/install/realsense2_description_/share/realsense2_description_/urdf/_d455.urdf.xacro
[0.446s] -- Up-to-date: /workspaces/aprs_humble/aprs_ws/install/realsense2_description_/share/realsense2_description_/urdf/_r430.urdf.xacro
[0.446s] -- Up-to-date: /workspaces/aprs_humble/aprs_ws/install/realsense2_description_/share/realsense2_description_/urdf/test_r410_camera.urdf.xacro
[0.446s] -- Up-to-date: /workspaces/aprs_humble/aprs_ws/install/realsense2_description_/share/realsense2_description_/urdf/test_d455_camera.urdf.xacro
[0.449s] -- Up-to-date: /workspaces/aprs_humble/aprs_ws/install/realsense2_description_/share/realsense2_description_/urdf/_d435i.urdf.xacro
[0.449s] -- Up-to-date: /workspaces/aprs_humble/aprs_ws/install/realsense2_description_/share/realsense2_description_/urdf/_l515.urdf.xacro
[0.450s] -- Up-to-date: /workspaces/aprs_humble/aprs_ws/install/realsense2_description_/share/ament_index/resource_index/package_run_dependencies/realsense2_description_
[0.450s] -- Up-to-date: /workspaces/aprs_humble/aprs_ws/install/realsense2_description_/share/ament_index/resource_index/parent_prefix_path/realsense2_description_
[0.450s] -- Up-to-date: /workspaces/aprs_humble/aprs_ws/install/realsense2_description_/share/realsense2_description_/environment/ament_prefix_path.sh
[0.450s] -- Up-to-date: /workspaces/aprs_humble/aprs_ws/install/realsense2_description_/share/realsense2_description_/environment/ament_prefix_path.dsv
[0.450s] -- Up-to-date: /workspaces/aprs_humble/aprs_ws/install/realsense2_description_/share/realsense2_description_/environment/path.sh
[0.450s] -- Up-to-date: /workspaces/aprs_humble/aprs_ws/install/realsense2_description_/share/realsense2_description_/environment/path.dsv
[0.450s] -- Up-to-date: /workspaces/aprs_humble/aprs_ws/install/realsense2_description_/share/realsense2_description_/local_setup.bash
[0.451s] -- Up-to-date: /workspaces/aprs_humble/aprs_ws/install/realsense2_description_/share/realsense2_description_/local_setup.sh
[0.451s] -- Up-to-date: /workspaces/aprs_humble/aprs_ws/install/realsense2_description_/share/realsense2_description_/local_setup.zsh
[0.451s] -- Up-to-date: /workspaces/aprs_humble/aprs_ws/install/realsense2_description_/share/realsense2_description_/local_setup.dsv
[0.451s] -- Up-to-date: /workspaces/aprs_humble/aprs_ws/install/realsense2_description_/share/realsense2_description_/package.dsv
[0.452s] -- Up-to-date: /workspaces/aprs_humble/aprs_ws/install/realsense2_description_/share/ament_index/resource_index/packages/realsense2_description_
[0.452s] -- Up-to-date: /workspaces/aprs_humble/aprs_ws/install/realsense2_description_/share/realsense2_description_/cmake/realsense2_description_Config.cmake
[0.452s] -- Up-to-date: /workspaces/aprs_humble/aprs_ws/install/realsense2_description_/share/realsense2_description_/cmake/realsense2_description_Config-version.cmake
[0.452s] -- Up-to-date: /workspaces/aprs_humble/aprs_ws/install/realsense2_description_/share/realsense2_description_/package.xml
[0.489s] Invoked command in '/workspaces/aprs_humble/aprs_ws/build/realsense2_description_' returned '0': CMAKE_PREFIX_PATH=${CMAKE_PREFIX_PATH}:/workspaces/aprs_humble/aprs_ws/install/rqt_controller_manager:/workspaces/aprs_humble/aprs_ws/install/ros2controlcli:/opt/ros/humble /usr/bin/cmake --install /workspaces/aprs_humble/aprs_ws/build/realsense2_description_
