[0.710s] Invoking command in '/workspaces/aprs/aprs_ws/build/realsense2_camera_msgs': CMAKE_PREFIX_PATH=${CMAKE_PREFIX_PATH}:/opt/ros/humble /usr/bin/cmake --build /workspaces/aprs/aprs_ws/build/realsense2_camera_msgs -- -j16 -l16
[0.801s] [ 11%] Built target realsense2_camera_msgs__rosidl_generator_c
[0.801s] [ 12%] Built target realsense2_camera_msgs__cpp
[0.808s] [ 12%] Built target ament_cmake_python_copy_realsense2_camera_msgs
[0.859s] [ 23%] Built target realsense2_camera_msgs__rosidl_typesupport_fastrtps_c
[0.863s] [ 34%] Built target realsense2_camera_msgs__rosidl_typesupport_c
[0.870s] [ 46%] Built target realsense2_camera_msgs__rosidl_typesupport_fastrtps_cpp
[0.881s] [ 57%] Built target realsense2_camera_msgs__rosidl_typesupport_cpp
[0.882s] [ 68%] Built target realsense2_camera_msgs__rosidl_typesupport_introspection_c
[0.899s] [ 79%] Built target realsense2_camera_msgs__rosidl_typesupport_introspection_cpp
[0.925s] [ 79%] Built target realsense2_camera_msgs
[0.960s] [ 80%] Built target realsense2_camera_msgs__py
[1.061s] [ 90%] Built target realsense2_camera_msgs__rosidl_generator_py
[1.061s] [ 93%] Built target realsense2_camera_msgs__rosidl_typesupport_introspection_c__pyext
[1.061s] [ 96%] Built target realsense2_camera_msgs__rosidl_typesupport_fastrtps_c__pyext
[1.061s] [100%] Built target realsense2_camera_msgs__rosidl_typesupport_c__pyext
[1.155s] running egg_info
[1.156s] writing realsense2_camera_msgs.egg-info/PKG-INFO
[1.156s] writing dependency_links to realsense2_camera_msgs.egg-info/dependency_links.txt
[1.156s] writing top-level names to realsense2_camera_msgs.egg-info/top_level.txt
[1.157s] reading manifest file 'realsense2_camera_msgs.egg-info/SOURCES.txt'
[1.158s] writing manifest file 'realsense2_camera_msgs.egg-info/SOURCES.txt'
[1.210s] [100%] Built target ament_cmake_python_build_realsense2_camera_msgs_egg
[1.672s] Invoked command in '/workspaces/aprs/aprs_ws/build/realsense2_camera_msgs' returned '0': CMAKE_PREFIX_PATH=${CMAKE_PREFIX_PATH}:/opt/ros/humble /usr/bin/cmake --build /workspaces/aprs/aprs_ws/build/realsense2_camera_msgs -- -j16 -l16
[2.771s] Invoking command in '/workspaces/aprs/aprs_ws/build/realsense2_camera_msgs': CMAKE_PREFIX_PATH=${CMAKE_PREFIX_PATH}:/opt/ros/humble /usr/bin/cmake --install /workspaces/aprs/aprs_ws/build/realsense2_camera_msgs
[2.915s] -- Install configuration: ""
[2.915s] -- Up-to-date: /workspaces/aprs/aprs_ws/install/realsense2_camera_msgs/share/ament_index/resource_index/rosidl_interfaces/realsense2_camera_msgs
[2.915s] -- Up-to-date: /workspaces/aprs/aprs_ws/install/realsense2_camera_msgs/include/realsense2_camera_msgs/realsense2_camera_msgs
[2.915s] -- Up-to-date: /workspaces/aprs/aprs_ws/install/realsense2_camera_msgs/include/realsense2_camera_msgs/realsense2_camera_msgs/srv
[2.916s] -- Up-to-date: /workspaces/aprs/aprs_ws/install/realsense2_camera_msgs/include/realsense2_camera_msgs/realsense2_camera_msgs/srv/detail
[2.916s] -- Up-to-date: /workspaces/aprs/aprs_ws/install/realsense2_camera_msgs/include/realsense2_camera_msgs/realsense2_camera_msgs/srv/detail/device_info__struct.h
[2.916s] -- Up-to-date: /workspaces/aprs/aprs_ws/install/realsense2_camera_msgs/include/realsense2_camera_msgs/realsense2_camera_msgs/srv/detail/device_info__type_support.h
[2.916s] -- Up-to-date: /workspaces/aprs/aprs_ws/install/realsense2_camera_msgs/include/realsense2_camera_msgs/realsense2_camera_msgs/srv/detail/device_info__functions.h
[2.917s] -- Up-to-date: /workspaces/aprs/aprs_ws/install/realsense2_camera_msgs/include/realsense2_camera_msgs/realsense2_camera_msgs/srv/detail/device_info__functions.c
[2.917s] -- Up-to-date: /workspaces/aprs/aprs_ws/install/realsense2_camera_msgs/include/realsense2_camera_msgs/realsense2_camera_msgs/srv/device_info.h
[2.917s] -- Up-to-date: /workspaces/aprs/aprs_ws/install/realsense2_camera_msgs/include/realsense2_camera_msgs/realsense2_camera_msgs/msg
[2.917s] -- Up-to-date: /workspaces/aprs/aprs_ws/install/realsense2_camera_msgs/include/realsense2_camera_msgs/realsense2_camera_msgs/msg/extrinsics.h
[2.917s] -- Up-to-date: /workspaces/aprs/aprs_ws/install/realsense2_camera_msgs/include/realsense2_camera_msgs/realsense2_camera_msgs/msg/detail
[2.918s] -- Up-to-date: /workspaces/aprs/aprs_ws/install/realsense2_camera_msgs/include/realsense2_camera_msgs/realsense2_camera_msgs/msg/detail/metadata__functions.c
[2.918s] -- Up-to-date: /workspaces/aprs/aprs_ws/install/realsense2_camera_msgs/include/realsense2_camera_msgs/realsense2_camera_msgs/msg/detail/extrinsics__struct.h
[2.918s] -- Up-to-date: /workspaces/aprs/aprs_ws/install/realsense2_camera_msgs/include/realsense2_camera_msgs/realsense2_camera_msgs/msg/detail/extrinsics__functions.c
[2.918s] -- Up-to-date: /workspaces/aprs/aprs_ws/install/realsense2_camera_msgs/include/realsense2_camera_msgs/realsense2_camera_msgs/msg/detail/extrinsics__functions.h
[2.918s] -- Up-to-date: /workspaces/aprs/aprs_ws/install/realsense2_camera_msgs/include/realsense2_camera_msgs/realsense2_camera_msgs/msg/detail/metadata__functions.h
[2.918s] -- Up-to-date: /workspaces/aprs/aprs_ws/install/realsense2_camera_msgs/include/realsense2_camera_msgs/realsense2_camera_msgs/msg/detail/imu_info__struct.h
[2.919s] -- Up-to-date: /workspaces/aprs/aprs_ws/install/realsense2_camera_msgs/include/realsense2_camera_msgs/realsense2_camera_msgs/msg/detail/rgbd__functions.h
[2.919s] -- Up-to-date: /workspaces/aprs/aprs_ws/install/realsense2_camera_msgs/include/realsense2_camera_msgs/realsense2_camera_msgs/msg/detail/extrinsics__type_support.h
[2.919s] -- Up-to-date: /workspaces/aprs/aprs_ws/install/realsense2_camera_msgs/include/realsense2_camera_msgs/realsense2_camera_msgs/msg/detail/rgbd__struct.h
[2.919s] -- Up-to-date: /workspaces/aprs/aprs_ws/install/realsense2_camera_msgs/include/realsense2_camera_msgs/realsense2_camera_msgs/msg/detail/imu_info__type_support.h
[2.919s] -- Up-to-date: /workspaces/aprs/aprs_ws/install/realsense2_camera_msgs/include/realsense2_camera_msgs/realsense2_camera_msgs/msg/detail/imu_info__functions.c
[2.919s] -- Up-to-date: /workspaces/aprs/aprs_ws/install/realsense2_camera_msgs/include/realsense2_camera_msgs/realsense2_camera_msgs/msg/detail/imu_info__functions.h
[2.919s] -- Up-to-date: /workspaces/aprs/aprs_ws/install/realsense2_camera_msgs/include/realsense2_camera_msgs/realsense2_camera_msgs/msg/detail/rgbd__functions.c
[2.919s] -- Up-to-date: /workspaces/aprs/aprs_ws/install/realsense2_camera_msgs/include/realsense2_camera_msgs/realsense2_camera_msgs/msg/detail/metadata__struct.h
[2.919s] -- Up-to-date: /workspaces/aprs/aprs_ws/install/realsense2_camera_msgs/include/realsense2_camera_msgs/realsense2_camera_msgs/msg/detail/metadata__type_support.h
[2.919s] -- Up-to-date: /workspaces/aprs/aprs_ws/install/realsense2_camera_msgs/include/realsense2_camera_msgs/realsense2_camera_msgs/msg/detail/rgbd__type_support.h
[2.919s] -- Up-to-date: /workspaces/aprs/aprs_ws/install/realsense2_camera_msgs/include/realsense2_camera_msgs/realsense2_camera_msgs/msg/metadata.h
[2.920s] -- Up-to-date: /workspaces/aprs/aprs_ws/install/realsense2_camera_msgs/include/realsense2_camera_msgs/realsense2_camera_msgs/msg/imu_info.h
[2.920s] -- Up-to-date: /workspaces/aprs/aprs_ws/install/realsense2_camera_msgs/include/realsense2_camera_msgs/realsense2_camera_msgs/msg/rosidl_generator_c__visibility_control.h
[2.920s] -- Up-to-date: /workspaces/aprs/aprs_ws/install/realsense2_camera_msgs/include/realsense2_camera_msgs/realsense2_camera_msgs/msg/rgbd.h
[2.920s] -- Up-to-date: /workspaces/aprs/aprs_ws/install/realsense2_camera_msgs/share/realsense2_camera_msgs/environment/library_path.sh
[2.920s] -- Up-to-date: /workspaces/aprs/aprs_ws/install/realsense2_camera_msgs/share/realsense2_camera_msgs/environment/library_path.dsv
[2.920s] -- Up-to-date: /workspaces/aprs/aprs_ws/install/realsense2_camera_msgs/lib/librealsense2_camera_msgs__rosidl_generator_c.so
[2.920s] -- Up-to-date: /workspaces/aprs/aprs_ws/install/realsense2_camera_msgs/include/realsense2_camera_msgs/realsense2_camera_msgs
[2.920s] -- Up-to-date: /workspaces/aprs/aprs_ws/install/realsense2_camera_msgs/include/realsense2_camera_msgs/realsense2_camera_msgs/srv
[2.920s] -- Up-to-date: /workspaces/aprs/aprs_ws/install/realsense2_camera_msgs/include/realsense2_camera_msgs/realsense2_camera_msgs/srv/detail
[2.920s] -- Up-to-date: /workspaces/aprs/aprs_ws/install/realsense2_camera_msgs/include/realsense2_camera_msgs/realsense2_camera_msgs/srv/detail/device_info__rosidl_typesupport_fastrtps_c.h
[2.920s] -- Up-to-date: /workspaces/aprs/aprs_ws/install/realsense2_camera_msgs/include/realsense2_camera_msgs/realsense2_camera_msgs/msg
[2.921s] -- Up-to-date: /workspaces/aprs/aprs_ws/install/realsense2_camera_msgs/include/realsense2_camera_msgs/realsense2_camera_msgs/msg/detail
[2.921s] -- Up-to-date: /workspaces/aprs/aprs_ws/install/realsense2_camera_msgs/include/realsense2_camera_msgs/realsense2_camera_msgs/msg/detail/extrinsics__rosidl_typesupport_fastrtps_c.h
[2.921s] -- Up-to-date: /workspaces/aprs/aprs_ws/install/realsense2_camera_msgs/include/realsense2_camera_msgs/realsense2_camera_msgs/msg/detail/metadata__rosidl_typesupport_fastrtps_c.h
[2.921s] -- Up-to-date: /workspaces/aprs/aprs_ws/install/realsense2_camera_msgs/include/realsense2_camera_msgs/realsense2_camera_msgs/msg/detail/rgbd__rosidl_typesupport_fastrtps_c.h
[2.921s] -- Up-to-date: /workspaces/aprs/aprs_ws/install/realsense2_camera_msgs/include/realsense2_camera_msgs/realsense2_camera_msgs/msg/detail/imu_info__rosidl_typesupport_fastrtps_c.h
[2.921s] -- Up-to-date: /workspaces/aprs/aprs_ws/install/realsense2_camera_msgs/include/realsense2_camera_msgs/realsense2_camera_msgs/msg/rosidl_typesupport_fastrtps_c__visibility_control.h
[2.921s] -- Up-to-date: /workspaces/aprs/aprs_ws/install/realsense2_camera_msgs/lib/librealsense2_camera_msgs__rosidl_typesupport_fastrtps_c.so
[2.921s] -- Up-to-date: /workspaces/aprs/aprs_ws/install/realsense2_camera_msgs/include/realsense2_camera_msgs/realsense2_camera_msgs
[2.921s] -- Up-to-date: /workspaces/aprs/aprs_ws/install/realsense2_camera_msgs/include/realsense2_camera_msgs/realsense2_camera_msgs/srv
[2.921s] -- Up-to-date: /workspaces/aprs/aprs_ws/install/realsense2_camera_msgs/include/realsense2_camera_msgs/realsense2_camera_msgs/srv/detail
[2.922s] -- Up-to-date: /workspaces/aprs/aprs_ws/install/realsense2_camera_msgs/include/realsense2_camera_msgs/realsense2_camera_msgs/srv/detail/device_info__type_support.c
[2.922s] -- Up-to-date: /workspaces/aprs/aprs_ws/install/realsense2_camera_msgs/include/realsense2_camera_msgs/realsense2_camera_msgs/srv/detail/device_info__rosidl_typesupport_introspection_c.h
[2.922s] -- Up-to-date: /workspaces/aprs/aprs_ws/install/realsense2_camera_msgs/include/realsense2_camera_msgs/realsense2_camera_msgs/msg
[2.922s] -- Up-to-date: /workspaces/aprs/aprs_ws/install/realsense2_camera_msgs/include/realsense2_camera_msgs/realsense2_camera_msgs/msg/rosidl_typesupport_introspection_c__visibility_control.h
[2.922s] -- Up-to-date: /workspaces/aprs/aprs_ws/install/realsense2_camera_msgs/include/realsense2_camera_msgs/realsense2_camera_msgs/msg/detail
[2.922s] -- Up-to-date: /workspaces/aprs/aprs_ws/install/realsense2_camera_msgs/include/realsense2_camera_msgs/realsense2_camera_msgs/msg/detail/extrinsics__rosidl_typesupport_introspection_c.h
[2.922s] -- Up-to-date: /workspaces/aprs/aprs_ws/install/realsense2_camera_msgs/include/realsense2_camera_msgs/realsense2_camera_msgs/msg/detail/rgbd__rosidl_typesupport_introspection_c.h
[2.922s] -- Up-to-date: /workspaces/aprs/aprs_ws/install/realsense2_camera_msgs/include/realsense2_camera_msgs/realsense2_camera_msgs/msg/detail/metadata__type_support.c
[2.922s] -- Up-to-date: /workspaces/aprs/aprs_ws/install/realsense2_camera_msgs/include/realsense2_camera_msgs/realsense2_camera_msgs/msg/detail/rgbd__type_support.c
[2.922s] -- Up-to-date: /workspaces/aprs/aprs_ws/install/realsense2_camera_msgs/include/realsense2_camera_msgs/realsense2_camera_msgs/msg/detail/imu_info__rosidl_typesupport_introspection_c.h
[2.924s] -- Up-to-date: /workspaces/aprs/aprs_ws/install/realsense2_camera_msgs/include/realsense2_camera_msgs/realsense2_camera_msgs/msg/detail/imu_info__type_support.c
[2.924s] -- Up-to-date: /workspaces/aprs/aprs_ws/install/realsense2_camera_msgs/include/realsense2_camera_msgs/realsense2_camera_msgs/msg/detail/extrinsics__type_support.c
[2.924s] -- Up-to-date: /workspaces/aprs/aprs_ws/install/realsense2_camera_msgs/include/realsense2_camera_msgs/realsense2_camera_msgs/msg/detail/metadata__rosidl_typesupport_introspection_c.h
[2.925s] -- Up-to-date: /workspaces/aprs/aprs_ws/install/realsense2_camera_msgs/lib/librealsense2_camera_msgs__rosidl_typesupport_introspection_c.so
[2.925s] -- Up-to-date: /workspaces/aprs/aprs_ws/install/realsense2_camera_msgs/lib/librealsense2_camera_msgs__rosidl_typesupport_c.so
[2.925s] -- Up-to-date: /workspaces/aprs/aprs_ws/install/realsense2_camera_msgs/include/realsense2_camera_msgs/realsense2_camera_msgs
[2.925s] -- Up-to-date: /workspaces/aprs/aprs_ws/install/realsense2_camera_msgs/include/realsense2_camera_msgs/realsense2_camera_msgs/srv
[2.925s] -- Up-to-date: /workspaces/aprs/aprs_ws/install/realsense2_camera_msgs/include/realsense2_camera_msgs/realsense2_camera_msgs/srv/detail
[2.925s] -- Up-to-date: /workspaces/aprs/aprs_ws/install/realsense2_camera_msgs/include/realsense2_camera_msgs/realsense2_camera_msgs/srv/detail/device_info__builder.hpp
[2.925s] -- Up-to-date: /workspaces/aprs/aprs_ws/install/realsense2_camera_msgs/include/realsense2_camera_msgs/realsense2_camera_msgs/srv/detail/device_info__traits.hpp
[2.925s] -- Up-to-date: /workspaces/aprs/aprs_ws/install/realsense2_camera_msgs/include/realsense2_camera_msgs/realsense2_camera_msgs/srv/detail/device_info__struct.hpp
[2.926s] -- Up-to-date: /workspaces/aprs/aprs_ws/install/realsense2_camera_msgs/include/realsense2_camera_msgs/realsense2_camera_msgs/srv/device_info.hpp
[2.926s] -- Up-to-date: /workspaces/aprs/aprs_ws/install/realsense2_camera_msgs/include/realsense2_camera_msgs/realsense2_camera_msgs/msg
[2.926s] -- Up-to-date: /workspaces/aprs/aprs_ws/install/realsense2_camera_msgs/include/realsense2_camera_msgs/realsense2_camera_msgs/msg/imu_info.hpp
[2.926s] -- Up-to-date: /workspaces/aprs/aprs_ws/install/realsense2_camera_msgs/include/realsense2_camera_msgs/realsense2_camera_msgs/msg/detail
[2.926s] -- Up-to-date: /workspaces/aprs/aprs_ws/install/realsense2_camera_msgs/include/realsense2_camera_msgs/realsense2_camera_msgs/msg/detail/imu_info__struct.hpp
[2.926s] -- Up-to-date: /workspaces/aprs/aprs_ws/install/realsense2_camera_msgs/include/realsense2_camera_msgs/realsense2_camera_msgs/msg/detail/imu_info__builder.hpp
[2.926s] -- Up-to-date: /workspaces/aprs/aprs_ws/install/realsense2_camera_msgs/include/realsense2_camera_msgs/realsense2_camera_msgs/msg/detail/extrinsics__traits.hpp
[2.926s] -- Up-to-date: /workspaces/aprs/aprs_ws/install/realsense2_camera_msgs/include/realsense2_camera_msgs/realsense2_camera_msgs/msg/detail/extrinsics__struct.hpp
[2.926s] -- Up-to-date: /workspaces/aprs/aprs_ws/install/realsense2_camera_msgs/include/realsense2_camera_msgs/realsense2_camera_msgs/msg/detail/extrinsics__builder.hpp
[2.926s] -- Up-to-date: /workspaces/aprs/aprs_ws/install/realsense2_camera_msgs/include/realsense2_camera_msgs/realsense2_camera_msgs/msg/detail/rgbd__struct.hpp
[2.926s] -- Up-to-date: /workspaces/aprs/aprs_ws/install/realsense2_camera_msgs/include/realsense2_camera_msgs/realsense2_camera_msgs/msg/detail/metadata__struct.hpp
[2.927s] -- Up-to-date: /workspaces/aprs/aprs_ws/install/realsense2_camera_msgs/include/realsense2_camera_msgs/realsense2_camera_msgs/msg/detail/metadata__traits.hpp
[2.927s] -- Up-to-date: /workspaces/aprs/aprs_ws/install/realsense2_camera_msgs/include/realsense2_camera_msgs/realsense2_camera_msgs/msg/detail/rgbd__builder.hpp
[2.927s] -- Up-to-date: /workspaces/aprs/aprs_ws/install/realsense2_camera_msgs/include/realsense2_camera_msgs/realsense2_camera_msgs/msg/detail/imu_info__traits.hpp
[2.927s] -- Up-to-date: /workspaces/aprs/aprs_ws/install/realsense2_camera_msgs/include/realsense2_camera_msgs/realsense2_camera_msgs/msg/detail/rgbd__traits.hpp
[2.927s] -- Up-to-date: /workspaces/aprs/aprs_ws/install/realsense2_camera_msgs/include/realsense2_camera_msgs/realsense2_camera_msgs/msg/detail/metadata__builder.hpp
[2.928s] -- Up-to-date: /workspaces/aprs/aprs_ws/install/realsense2_camera_msgs/include/realsense2_camera_msgs/realsense2_camera_msgs/msg/rgbd.hpp
[2.928s] -- Up-to-date: /workspaces/aprs/aprs_ws/install/realsense2_camera_msgs/include/realsense2_camera_msgs/realsense2_camera_msgs/msg/metadata.hpp
[2.928s] -- Up-to-date: /workspaces/aprs/aprs_ws/install/realsense2_camera_msgs/include/realsense2_camera_msgs/realsense2_camera_msgs/msg/extrinsics.hpp
[2.928s] -- Up-to-date: /workspaces/aprs/aprs_ws/install/realsense2_camera_msgs/include/realsense2_camera_msgs/realsense2_camera_msgs
[2.928s] -- Up-to-date: /workspaces/aprs/aprs_ws/install/realsense2_camera_msgs/include/realsense2_camera_msgs/realsense2_camera_msgs/srv
[2.928s] -- Up-to-date: /workspaces/aprs/aprs_ws/install/realsense2_camera_msgs/include/realsense2_camera_msgs/realsense2_camera_msgs/srv/detail
[2.928s] -- Up-to-date: /workspaces/aprs/aprs_ws/install/realsense2_camera_msgs/include/realsense2_camera_msgs/realsense2_camera_msgs/srv/detail/dds_fastrtps
[2.929s] -- Up-to-date: /workspaces/aprs/aprs_ws/install/realsense2_camera_msgs/include/realsense2_camera_msgs/realsense2_camera_msgs/srv/detail/device_info__rosidl_typesupport_fastrtps_cpp.hpp
[2.929s] -- Up-to-date: /workspaces/aprs/aprs_ws/install/realsense2_camera_msgs/include/realsense2_camera_msgs/realsense2_camera_msgs/msg
[2.929s] -- Up-to-date: /workspaces/aprs/aprs_ws/install/realsense2_camera_msgs/include/realsense2_camera_msgs/realsense2_camera_msgs/msg/detail
[2.929s] -- Up-to-date: /workspaces/aprs/aprs_ws/install/realsense2_camera_msgs/include/realsense2_camera_msgs/realsense2_camera_msgs/msg/detail/dds_fastrtps
[2.929s] -- Up-to-date: /workspaces/aprs/aprs_ws/install/realsense2_camera_msgs/include/realsense2_camera_msgs/realsense2_camera_msgs/msg/detail/extrinsics__rosidl_typesupport_fastrtps_cpp.hpp
[2.929s] -- Up-to-date: /workspaces/aprs/aprs_ws/install/realsense2_camera_msgs/include/realsense2_camera_msgs/realsense2_camera_msgs/msg/detail/imu_info__rosidl_typesupport_fastrtps_cpp.hpp
[2.929s] -- Up-to-date: /workspaces/aprs/aprs_ws/install/realsense2_camera_msgs/include/realsense2_camera_msgs/realsense2_camera_msgs/msg/detail/metadata__rosidl_typesupport_fastrtps_cpp.hpp
[2.929s] -- Up-to-date: /workspaces/aprs/aprs_ws/install/realsense2_camera_msgs/include/realsense2_camera_msgs/realsense2_camera_msgs/msg/detail/rgbd__rosidl_typesupport_fastrtps_cpp.hpp
[2.930s] -- Up-to-date: /workspaces/aprs/aprs_ws/install/realsense2_camera_msgs/include/realsense2_camera_msgs/realsense2_camera_msgs/msg/rosidl_typesupport_fastrtps_cpp__visibility_control.h
[2.930s] -- Up-to-date: /workspaces/aprs/aprs_ws/install/realsense2_camera_msgs/lib/librealsense2_camera_msgs__rosidl_typesupport_fastrtps_cpp.so
[2.930s] -- Up-to-date: /workspaces/aprs/aprs_ws/install/realsense2_camera_msgs/include/realsense2_camera_msgs/realsense2_camera_msgs
[2.930s] -- Up-to-date: /workspaces/aprs/aprs_ws/install/realsense2_camera_msgs/include/realsense2_camera_msgs/realsense2_camera_msgs/srv
[2.930s] -- Up-to-date: /workspaces/aprs/aprs_ws/install/realsense2_camera_msgs/include/realsense2_camera_msgs/realsense2_camera_msgs/srv/detail
[2.930s] -- Up-to-date: /workspaces/aprs/aprs_ws/install/realsense2_camera_msgs/include/realsense2_camera_msgs/realsense2_camera_msgs/srv/detail/device_info__type_support.cpp
[2.930s] -- Up-to-date: /workspaces/aprs/aprs_ws/install/realsense2_camera_msgs/include/realsense2_camera_msgs/realsense2_camera_msgs/srv/detail/device_info__rosidl_typesupport_introspection_cpp.hpp
[2.930s] -- Up-to-date: /workspaces/aprs/aprs_ws/install/realsense2_camera_msgs/include/realsense2_camera_msgs/realsense2_camera_msgs/msg
[2.930s] -- Up-to-date: /workspaces/aprs/aprs_ws/install/realsense2_camera_msgs/include/realsense2_camera_msgs/realsense2_camera_msgs/msg/detail
[2.930s] -- Up-to-date: /workspaces/aprs/aprs_ws/install/realsense2_camera_msgs/include/realsense2_camera_msgs/realsense2_camera_msgs/msg/detail/imu_info__type_support.cpp
[2.932s] -- Up-to-date: /workspaces/aprs/aprs_ws/install/realsense2_camera_msgs/include/realsense2_camera_msgs/realsense2_camera_msgs/msg/detail/rgbd__type_support.cpp
[2.932s] -- Up-to-date: /workspaces/aprs/aprs_ws/install/realsense2_camera_msgs/include/realsense2_camera_msgs/realsense2_camera_msgs/msg/detail/imu_info__rosidl_typesupport_introspection_cpp.hpp
[2.932s] -- Up-to-date: /workspaces/aprs/aprs_ws/install/realsense2_camera_msgs/include/realsense2_camera_msgs/realsense2_camera_msgs/msg/detail/extrinsics__rosidl_typesupport_introspection_cpp.hpp
[2.932s] -- Up-to-date: /workspaces/aprs/aprs_ws/install/realsense2_camera_msgs/include/realsense2_camera_msgs/realsense2_camera_msgs/msg/detail/metadata__rosidl_typesupport_introspection_cpp.hpp
[2.933s] -- Up-to-date: /workspaces/aprs/aprs_ws/install/realsense2_camera_msgs/include/realsense2_camera_msgs/realsense2_camera_msgs/msg/detail/rgbd__rosidl_typesupport_introspection_cpp.hpp
[2.933s] -- Up-to-date: /workspaces/aprs/aprs_ws/install/realsense2_camera_msgs/include/realsense2_camera_msgs/realsense2_camera_msgs/msg/detail/metadata__type_support.cpp
[2.933s] -- Up-to-date: /workspaces/aprs/aprs_ws/install/realsense2_camera_msgs/include/realsense2_camera_msgs/realsense2_camera_msgs/msg/detail/extrinsics__type_support.cpp
[2.933s] -- Up-to-date: /workspaces/aprs/aprs_ws/install/realsense2_camera_msgs/lib/librealsense2_camera_msgs__rosidl_typesupport_introspection_cpp.so
[2.933s] -- Up-to-date: /workspaces/aprs/aprs_ws/install/realsense2_camera_msgs/lib/librealsense2_camera_msgs__rosidl_typesupport_cpp.so
[2.933s] -- Up-to-date: /workspaces/aprs/aprs_ws/install/realsense2_camera_msgs/share/realsense2_camera_msgs/environment/pythonpath.sh
[2.946s] -- Up-to-date: /workspaces/aprs/aprs_ws/install/realsense2_camera_msgs/share/realsense2_camera_msgs/environment/pythonpath.dsv
[2.946s] -- Up-to-date: /workspaces/aprs/aprs_ws/install/realsense2_camera_msgs/local/lib/python3.10/dist-packages/realsense2_camera_msgs-4.54.1-py3.10.egg-info
[2.946s] -- Installing: /workspaces/aprs/aprs_ws/install/realsense2_camera_msgs/local/lib/python3.10/dist-packages/realsense2_camera_msgs-4.54.1-py3.10.egg-info/dependency_links.txt
[2.946s] -- Installing: /workspaces/aprs/aprs_ws/install/realsense2_camera_msgs/local/lib/python3.10/dist-packages/realsense2_camera_msgs-4.54.1-py3.10.egg-info/top_level.txt
[2.947s] -- Installing: /workspaces/aprs/aprs_ws/install/realsense2_camera_msgs/local/lib/python3.10/dist-packages/realsense2_camera_msgs-4.54.1-py3.10.egg-info/PKG-INFO
[2.950s] -- Installing: /workspaces/aprs/aprs_ws/install/realsense2_camera_msgs/local/lib/python3.10/dist-packages/realsense2_camera_msgs-4.54.1-py3.10.egg-info/SOURCES.txt
[2.950s] -- Up-to-date: /workspaces/aprs/aprs_ws/install/realsense2_camera_msgs/local/lib/python3.10/dist-packages/realsense2_camera_msgs
[2.951s] -- Up-to-date: /workspaces/aprs/aprs_ws/install/realsense2_camera_msgs/local/lib/python3.10/dist-packages/realsense2_camera_msgs/srv
[2.951s] -- Up-to-date: /workspaces/aprs/aprs_ws/install/realsense2_camera_msgs/local/lib/python3.10/dist-packages/realsense2_camera_msgs/srv/_device_info_s.c
[2.951s] -- Up-to-date: /workspaces/aprs/aprs_ws/install/realsense2_camera_msgs/local/lib/python3.10/dist-packages/realsense2_camera_msgs/srv/_device_info.py
[2.953s] -- Up-to-date: /workspaces/aprs/aprs_ws/install/realsense2_camera_msgs/local/lib/python3.10/dist-packages/realsense2_camera_msgs/srv/__init__.py
[2.953s] -- Up-to-date: /workspaces/aprs/aprs_ws/install/realsense2_camera_msgs/local/lib/python3.10/dist-packages/realsense2_camera_msgs/_realsense2_camera_msgs_s.ep.rosidl_typesupport_c.c
[2.953s] -- Up-to-date: /workspaces/aprs/aprs_ws/install/realsense2_camera_msgs/local/lib/python3.10/dist-packages/realsense2_camera_msgs/_realsense2_camera_msgs_s.ep.rosidl_typesupport_fastrtps_c.c
[2.953s] -- Up-to-date: /workspaces/aprs/aprs_ws/install/realsense2_camera_msgs/local/lib/python3.10/dist-packages/realsense2_camera_msgs/realsense2_camera_msgs_s__rosidl_typesupport_c.cpython-310-x86_64-linux-gnu.so
[2.953s] -- Up-to-date: /workspaces/aprs/aprs_ws/install/realsense2_camera_msgs/local/lib/python3.10/dist-packages/realsense2_camera_msgs/realsense2_camera_msgs_s__rosidl_typesupport_introspection_c.cpython-310-x86_64-linux-gnu.so
[2.953s] -- Up-to-date: /workspaces/aprs/aprs_ws/install/realsense2_camera_msgs/local/lib/python3.10/dist-packages/realsense2_camera_msgs/realsense2_camera_msgs_s__rosidl_typesupport_fastrtps_c.cpython-310-x86_64-linux-gnu.so
[2.953s] -- Up-to-date: /workspaces/aprs/aprs_ws/install/realsense2_camera_msgs/local/lib/python3.10/dist-packages/realsense2_camera_msgs/librealsense2_camera_msgs__rosidl_generator_py.so
[2.953s] -- Up-to-date: /workspaces/aprs/aprs_ws/install/realsense2_camera_msgs/local/lib/python3.10/dist-packages/realsense2_camera_msgs/__init__.py
[2.953s] -- Up-to-date: /workspaces/aprs/aprs_ws/install/realsense2_camera_msgs/local/lib/python3.10/dist-packages/realsense2_camera_msgs/_realsense2_camera_msgs_s.ep.rosidl_typesupport_introspection_c.c
[2.953s] -- Up-to-date: /workspaces/aprs/aprs_ws/install/realsense2_camera_msgs/local/lib/python3.10/dist-packages/realsense2_camera_msgs/msg
[2.954s] -- Up-to-date: /workspaces/aprs/aprs_ws/install/realsense2_camera_msgs/local/lib/python3.10/dist-packages/realsense2_camera_msgs/msg/_extrinsics.py
[2.954s] -- Up-to-date: /workspaces/aprs/aprs_ws/install/realsense2_camera_msgs/local/lib/python3.10/dist-packages/realsense2_camera_msgs/msg/_extrinsics_s.c
[2.954s] -- Up-to-date: /workspaces/aprs/aprs_ws/install/realsense2_camera_msgs/local/lib/python3.10/dist-packages/realsense2_camera_msgs/msg/_rgbd.py
[2.954s] -- Up-to-date: /workspaces/aprs/aprs_ws/install/realsense2_camera_msgs/local/lib/python3.10/dist-packages/realsense2_camera_msgs/msg/_metadata.py
[2.954s] -- Up-to-date: /workspaces/aprs/aprs_ws/install/realsense2_camera_msgs/local/lib/python3.10/dist-packages/realsense2_camera_msgs/msg/_rgbd_s.c
[2.955s] -- Up-to-date: /workspaces/aprs/aprs_ws/install/realsense2_camera_msgs/local/lib/python3.10/dist-packages/realsense2_camera_msgs/msg/_metadata_s.c
[2.955s] -- Up-to-date: /workspaces/aprs/aprs_ws/install/realsense2_camera_msgs/local/lib/python3.10/dist-packages/realsense2_camera_msgs/msg/_imu_info.py
[2.955s] -- Up-to-date: /workspaces/aprs/aprs_ws/install/realsense2_camera_msgs/local/lib/python3.10/dist-packages/realsense2_camera_msgs/msg/__init__.py
[2.955s] -- Up-to-date: /workspaces/aprs/aprs_ws/install/realsense2_camera_msgs/local/lib/python3.10/dist-packages/realsense2_camera_msgs/msg/_imu_info_s.c
[2.976s] Listing '/workspaces/aprs/aprs_ws/install/realsense2_camera_msgs/local/lib/python3.10/dist-packages/realsense2_camera_msgs'...
[2.977s] Listing '/workspaces/aprs/aprs_ws/install/realsense2_camera_msgs/local/lib/python3.10/dist-packages/realsense2_camera_msgs/msg'...
[2.977s] Listing '/workspaces/aprs/aprs_ws/install/realsense2_camera_msgs/local/lib/python3.10/dist-packages/realsense2_camera_msgs/srv'...
[2.977s] -- Up-to-date: /workspaces/aprs/aprs_ws/install/realsense2_camera_msgs/local/lib/python3.10/dist-packages/realsense2_camera_msgs/realsense2_camera_msgs_s__rosidl_typesupport_fastrtps_c.cpython-310-x86_64-linux-gnu.so
[2.977s] -- Up-to-date: /workspaces/aprs/aprs_ws/install/realsense2_camera_msgs/local/lib/python3.10/dist-packages/realsense2_camera_msgs/realsense2_camera_msgs_s__rosidl_typesupport_introspection_c.cpython-310-x86_64-linux-gnu.so
[2.977s] -- Up-to-date: /workspaces/aprs/aprs_ws/install/realsense2_camera_msgs/local/lib/python3.10/dist-packages/realsense2_camera_msgs/realsense2_camera_msgs_s__rosidl_typesupport_c.cpython-310-x86_64-linux-gnu.so
[2.977s] -- Up-to-date: /workspaces/aprs/aprs_ws/install/realsense2_camera_msgs/lib/librealsense2_camera_msgs__rosidl_generator_py.so
[2.978s] -- Up-to-date: /workspaces/aprs/aprs_ws/install/realsense2_camera_msgs/share/realsense2_camera_msgs/msg/IMUInfo.idl
[2.978s] -- Up-to-date: /workspaces/aprs/aprs_ws/install/realsense2_camera_msgs/share/realsense2_camera_msgs/msg/Extrinsics.idl
[2.978s] -- Up-to-date: /workspaces/aprs/aprs_ws/install/realsense2_camera_msgs/share/realsense2_camera_msgs/msg/Metadata.idl
[2.978s] -- Up-to-date: /workspaces/aprs/aprs_ws/install/realsense2_camera_msgs/share/realsense2_camera_msgs/msg/RGBD.idl
[2.978s] -- Up-to-date: /workspaces/aprs/aprs_ws/install/realsense2_camera_msgs/share/realsense2_camera_msgs/srv/DeviceInfo.idl
[2.978s] -- Up-to-date: /workspaces/aprs/aprs_ws/install/realsense2_camera_msgs/share/realsense2_camera_msgs/msg/IMUInfo.msg
[2.978s] -- Up-to-date: /workspaces/aprs/aprs_ws/install/realsense2_camera_msgs/share/realsense2_camera_msgs/msg/Extrinsics.msg
[2.978s] -- Up-to-date: /workspaces/aprs/aprs_ws/install/realsense2_camera_msgs/share/realsense2_camera_msgs/msg/Metadata.msg
[2.978s] -- Up-to-date: /workspaces/aprs/aprs_ws/install/realsense2_camera_msgs/share/realsense2_camera_msgs/msg/RGBD.msg
[2.978s] -- Up-to-date: /workspaces/aprs/aprs_ws/install/realsense2_camera_msgs/share/realsense2_camera_msgs/srv/DeviceInfo.srv
[2.979s] -- Up-to-date: /workspaces/aprs/aprs_ws/install/realsense2_camera_msgs/share/realsense2_camera_msgs/srv/DeviceInfo_Request.msg
[2.979s] -- Up-to-date: /workspaces/aprs/aprs_ws/install/realsense2_camera_msgs/share/realsense2_camera_msgs/srv/DeviceInfo_Response.msg
[2.979s] -- Up-to-date: /workspaces/aprs/aprs_ws/install/realsense2_camera_msgs/share/ament_index/resource_index/package_run_dependencies/realsense2_camera_msgs
[2.979s] -- Up-to-date: /workspaces/aprs/aprs_ws/install/realsense2_camera_msgs/share/ament_index/resource_index/parent_prefix_path/realsense2_camera_msgs
[2.979s] -- Up-to-date: /workspaces/aprs/aprs_ws/install/realsense2_camera_msgs/share/realsense2_camera_msgs/environment/ament_prefix_path.sh
[2.979s] -- Up-to-date: /workspaces/aprs/aprs_ws/install/realsense2_camera_msgs/share/realsense2_camera_msgs/environment/ament_prefix_path.dsv
[2.979s] -- Up-to-date: /workspaces/aprs/aprs_ws/install/realsense2_camera_msgs/share/realsense2_camera_msgs/environment/path.sh
[2.980s] -- Up-to-date: /workspaces/aprs/aprs_ws/install/realsense2_camera_msgs/share/realsense2_camera_msgs/environment/path.dsv
[2.980s] -- Up-to-date: /workspaces/aprs/aprs_ws/install/realsense2_camera_msgs/share/realsense2_camera_msgs/local_setup.bash
[2.980s] -- Up-to-date: /workspaces/aprs/aprs_ws/install/realsense2_camera_msgs/share/realsense2_camera_msgs/local_setup.sh
[2.980s] -- Up-to-date: /workspaces/aprs/aprs_ws/install/realsense2_camera_msgs/share/realsense2_camera_msgs/local_setup.zsh
[2.980s] -- Up-to-date: /workspaces/aprs/aprs_ws/install/realsense2_camera_msgs/share/realsense2_camera_msgs/local_setup.dsv
[2.980s] -- Installing: /workspaces/aprs/aprs_ws/install/realsense2_camera_msgs/share/realsense2_camera_msgs/package.dsv
[2.986s] -- Up-to-date: /workspaces/aprs/aprs_ws/install/realsense2_camera_msgs/share/ament_index/resource_index/packages/realsense2_camera_msgs
[2.986s] -- Up-to-date: /workspaces/aprs/aprs_ws/install/realsense2_camera_msgs/share/realsense2_camera_msgs/cmake/export_realsense2_camera_msgs__rosidl_generator_cExport.cmake
[2.986s] -- Up-to-date: /workspaces/aprs/aprs_ws/install/realsense2_camera_msgs/share/realsense2_camera_msgs/cmake/export_realsense2_camera_msgs__rosidl_generator_cExport-noconfig.cmake
[2.987s] -- Up-to-date: /workspaces/aprs/aprs_ws/install/realsense2_camera_msgs/share/realsense2_camera_msgs/cmake/export_realsense2_camera_msgs__rosidl_typesupport_fastrtps_cExport.cmake
[2.987s] -- Up-to-date: /workspaces/aprs/aprs_ws/install/realsense2_camera_msgs/share/realsense2_camera_msgs/cmake/export_realsense2_camera_msgs__rosidl_typesupport_fastrtps_cExport-noconfig.cmake
[2.987s] -- Up-to-date: /workspaces/aprs/aprs_ws/install/realsense2_camera_msgs/share/realsense2_camera_msgs/cmake/realsense2_camera_msgs__rosidl_typesupport_introspection_cExport.cmake
[2.987s] -- Up-to-date: /workspaces/aprs/aprs_ws/install/realsense2_camera_msgs/share/realsense2_camera_msgs/cmake/realsense2_camera_msgs__rosidl_typesupport_introspection_cExport-noconfig.cmake
[2.987s] -- Up-to-date: /workspaces/aprs/aprs_ws/install/realsense2_camera_msgs/share/realsense2_camera_msgs/cmake/realsense2_camera_msgs__rosidl_typesupport_cExport.cmake
[2.987s] -- Up-to-date: /workspaces/aprs/aprs_ws/install/realsense2_camera_msgs/share/realsense2_camera_msgs/cmake/realsense2_camera_msgs__rosidl_typesupport_cExport-noconfig.cmake
[2.987s] -- Up-to-date: /workspaces/aprs/aprs_ws/install/realsense2_camera_msgs/share/realsense2_camera_msgs/cmake/export_realsense2_camera_msgs__rosidl_generator_cppExport.cmake
[2.987s] -- Up-to-date: /workspaces/aprs/aprs_ws/install/realsense2_camera_msgs/share/realsense2_camera_msgs/cmake/export_realsense2_camera_msgs__rosidl_typesupport_fastrtps_cppExport.cmake
[2.987s] -- Up-to-date: /workspaces/aprs/aprs_ws/install/realsense2_camera_msgs/share/realsense2_camera_msgs/cmake/export_realsense2_camera_msgs__rosidl_typesupport_fastrtps_cppExport-noconfig.cmake
[2.987s] -- Up-to-date: /workspaces/aprs/aprs_ws/install/realsense2_camera_msgs/share/realsense2_camera_msgs/cmake/realsense2_camera_msgs__rosidl_typesupport_introspection_cppExport.cmake
[2.987s] -- Up-to-date: /workspaces/aprs/aprs_ws/install/realsense2_camera_msgs/share/realsense2_camera_msgs/cmake/realsense2_camera_msgs__rosidl_typesupport_introspection_cppExport-noconfig.cmake
[2.987s] -- Up-to-date: /workspaces/aprs/aprs_ws/install/realsense2_camera_msgs/share/realsense2_camera_msgs/cmake/realsense2_camera_msgs__rosidl_typesupport_cppExport.cmake
[2.988s] -- Up-to-date: /workspaces/aprs/aprs_ws/install/realsense2_camera_msgs/share/realsense2_camera_msgs/cmake/realsense2_camera_msgs__rosidl_typesupport_cppExport-noconfig.cmake
[2.988s] -- Up-to-date: /workspaces/aprs/aprs_ws/install/realsense2_camera_msgs/share/realsense2_camera_msgs/cmake/export_realsense2_camera_msgs__rosidl_generator_pyExport.cmake
[2.988s] -- Up-to-date: /workspaces/aprs/aprs_ws/install/realsense2_camera_msgs/share/realsense2_camera_msgs/cmake/export_realsense2_camera_msgs__rosidl_generator_pyExport-noconfig.cmake
[2.988s] -- Up-to-date: /workspaces/aprs/aprs_ws/install/realsense2_camera_msgs/share/realsense2_camera_msgs/cmake/rosidl_cmake-extras.cmake
[2.988s] -- Up-to-date: /workspaces/aprs/aprs_ws/install/realsense2_camera_msgs/share/realsense2_camera_msgs/cmake/ament_cmake_export_dependencies-extras.cmake
[2.988s] -- Up-to-date: /workspaces/aprs/aprs_ws/install/realsense2_camera_msgs/share/realsense2_camera_msgs/cmake/ament_cmake_export_include_directories-extras.cmake
[2.988s] -- Up-to-date: /workspaces/aprs/aprs_ws/install/realsense2_camera_msgs/share/realsense2_camera_msgs/cmake/ament_cmake_export_libraries-extras.cmake
[2.988s] -- Up-to-date: /workspaces/aprs/aprs_ws/install/realsense2_camera_msgs/share/realsense2_camera_msgs/cmake/ament_cmake_export_targets-extras.cmake
[2.988s] -- Up-to-date: /workspaces/aprs/aprs_ws/install/realsense2_camera_msgs/share/realsense2_camera_msgs/cmake/rosidl_cmake_export_typesupport_targets-extras.cmake
[2.988s] -- Up-to-date: /workspaces/aprs/aprs_ws/install/realsense2_camera_msgs/share/realsense2_camera_msgs/cmake/rosidl_cmake_export_typesupport_libraries-extras.cmake
[2.988s] -- Up-to-date: /workspaces/aprs/aprs_ws/install/realsense2_camera_msgs/share/realsense2_camera_msgs/cmake/realsense2_camera_msgsConfig.cmake
[2.988s] -- Up-to-date: /workspaces/aprs/aprs_ws/install/realsense2_camera_msgs/share/realsense2_camera_msgs/cmake/realsense2_camera_msgsConfig-version.cmake
[2.988s] -- Up-to-date: /workspaces/aprs/aprs_ws/install/realsense2_camera_msgs/share/realsense2_camera_msgs/package.xml
[3.164s] Invoked command in '/workspaces/aprs/aprs_ws/build/realsense2_camera_msgs' returned '0': CMAKE_PREFIX_PATH=${CMAKE_PREFIX_PATH}:/opt/ros/humble /usr/bin/cmake --install /workspaces/aprs/aprs_ws/build/realsense2_camera_msgs
