[0.443s] Invoking command in '/workspaces/aprs/aprs_ws/build/point_cloud': AMENT_PREFIX_PATH=/workspaces/aprs/aprs_ws/install/realsense2_description:${AMENT_PREFIX_PATH} CMAKE_PREFIX_PATH=/workspaces/aprs/aprs_ws/install/realsense2_description:/opt/ros/humble /usr/bin/cmake --build /workspaces/aprs/aprs_ws/build/point_cloud -- -j16 -l16
[0.516s] Built target ament_cmake_python_copy_point_cloud
[0.761s] running egg_info
[0.762s] writing point_cloud.egg-info/PKG-INFO
[0.762s] writing dependency_links to point_cloud.egg-info/dependency_links.txt
[0.762s] writing top-level names to point_cloud.egg-info/top_level.txt
[0.765s] reading manifest file 'point_cloud.egg-info/SOURCES.txt'
[0.766s] writing manifest file 'point_cloud.egg-info/SOURCES.txt'
[0.846s] Built target ament_cmake_python_build_point_cloud_egg
[0.963s] Invoked command in '/workspaces/aprs/aprs_ws/build/point_cloud' returned '0': AMENT_PREFIX_PATH=/workspaces/aprs/aprs_ws/install/realsense2_description:${AMENT_PREFIX_PATH} CMAKE_PREFIX_PATH=/workspaces/aprs/aprs_ws/install/realsense2_description:/opt/ros/humble /usr/bin/cmake --build /workspaces/aprs/aprs_ws/build/point_cloud -- -j16 -l16
[1.054s] Invoking command in '/workspaces/aprs/aprs_ws/build/point_cloud': AMENT_PREFIX_PATH=/workspaces/aprs/aprs_ws/install/realsense2_description:${AMENT_PREFIX_PATH} CMAKE_PREFIX_PATH=/workspaces/aprs/aprs_ws/install/realsense2_description:/opt/ros/humble /usr/bin/cmake --install /workspaces/aprs/aprs_ws/build/point_cloud
[1.061s] -- Install configuration: ""
[1.061s] -- Up-to-date: /workspaces/aprs/aprs_ws/install/point_cloud/share/point_cloud/environment/pythonpath.sh
[1.062s] -- Up-to-date: /workspaces/aprs/aprs_ws/install/point_cloud/share/point_cloud/environment/pythonpath.dsv
[1.062s] -- Up-to-date: /workspaces/aprs/aprs_ws/install/point_cloud/local/lib/python3.10/dist-packages/point_cloud-0.0.0-py3.10.egg-info
[1.062s] -- Installing: /workspaces/aprs/aprs_ws/install/point_cloud/local/lib/python3.10/dist-packages/point_cloud-0.0.0-py3.10.egg-info/dependency_links.txt
[1.062s] -- Installing: /workspaces/aprs/aprs_ws/install/point_cloud/local/lib/python3.10/dist-packages/point_cloud-0.0.0-py3.10.egg-info/top_level.txt
[1.063s] -- Installing: /workspaces/aprs/aprs_ws/install/point_cloud/local/lib/python3.10/dist-packages/point_cloud-0.0.0-py3.10.egg-info/PKG-INFO
[1.063s] -- Installing: /workspaces/aprs/aprs_ws/install/point_cloud/local/lib/python3.10/dist-packages/point_cloud-0.0.0-py3.10.egg-info/SOURCES.txt
[1.063s] -- Up-to-date: /workspaces/aprs/aprs_ws/install/point_cloud/local/lib/python3.10/dist-packages/point_cloud
[1.063s] -- Up-to-date: /workspaces/aprs/aprs_ws/install/point_cloud/local/lib/python3.10/dist-packages/point_cloud/__init__.py
[1.088s] Listing '/workspaces/aprs/aprs_ws/install/point_cloud/local/lib/python3.10/dist-packages/point_cloud'...
[1.091s] -- Up-to-date: /workspaces/aprs/aprs_ws/install/point_cloud/lib/point_cloud/point_cloud.py
[1.091s] -- Up-to-date: /workspaces/aprs/aprs_ws/install/point_cloud/share/point_cloud/environment/library_path.sh
[1.091s] -- Up-to-date: /workspaces/aprs/aprs_ws/install/point_cloud/share/point_cloud/environment/library_path.dsv
[1.092s] -- Up-to-date: /workspaces/aprs/aprs_ws/install/point_cloud/share/ament_index/resource_index/package_run_dependencies/point_cloud
[1.092s] -- Up-to-date: /workspaces/aprs/aprs_ws/install/point_cloud/share/ament_index/resource_index/parent_prefix_path/point_cloud
[1.092s] -- Up-to-date: /workspaces/aprs/aprs_ws/install/point_cloud/share/point_cloud/environment/ament_prefix_path.sh
[1.093s] -- Up-to-date: /workspaces/aprs/aprs_ws/install/point_cloud/share/point_cloud/environment/ament_prefix_path.dsv
[1.093s] -- Up-to-date: /workspaces/aprs/aprs_ws/install/point_cloud/share/point_cloud/environment/path.sh
[1.093s] -- Up-to-date: /workspaces/aprs/aprs_ws/install/point_cloud/share/point_cloud/environment/path.dsv
[1.093s] -- Up-to-date: /workspaces/aprs/aprs_ws/install/point_cloud/share/point_cloud/local_setup.bash
[1.093s] -- Up-to-date: /workspaces/aprs/aprs_ws/install/point_cloud/share/point_cloud/local_setup.sh
[1.094s] -- Up-to-date: /workspaces/aprs/aprs_ws/install/point_cloud/share/point_cloud/local_setup.zsh
[1.094s] -- Up-to-date: /workspaces/aprs/aprs_ws/install/point_cloud/share/point_cloud/local_setup.dsv
[1.094s] -- Installing: /workspaces/aprs/aprs_ws/install/point_cloud/share/point_cloud/package.dsv
[1.094s] -- Up-to-date: /workspaces/aprs/aprs_ws/install/point_cloud/share/ament_index/resource_index/packages/point_cloud
[1.094s] -- Up-to-date: /workspaces/aprs/aprs_ws/install/point_cloud/share/point_cloud/cmake/ament_cmake_export_libraries-extras.cmake
[1.095s] -- Up-to-date: /workspaces/aprs/aprs_ws/install/point_cloud/share/point_cloud/cmake/ament_cmake_export_dependencies-extras.cmake
[1.095s] -- Up-to-date: /workspaces/aprs/aprs_ws/install/point_cloud/share/point_cloud/cmake/point_cloudConfig.cmake
[1.095s] -- Up-to-date: /workspaces/aprs/aprs_ws/install/point_cloud/share/point_cloud/cmake/point_cloudConfig-version.cmake
[1.095s] -- Up-to-date: /workspaces/aprs/aprs_ws/install/point_cloud/share/point_cloud/package.xml
[1.273s] Invoked command in '/workspaces/aprs/aprs_ws/build/point_cloud' returned '0': AMENT_PREFIX_PATH=/workspaces/aprs/aprs_ws/install/realsense2_description:${AMENT_PREFIX_PATH} CMAKE_PREFIX_PATH=/workspaces/aprs/aprs_ws/install/realsense2_description:/opt/ros/humble /usr/bin/cmake --install /workspaces/aprs/aprs_ws/build/point_cloud
