[0.287s] Invoking command in '/workspaces/aprs/aprs_ws/build/panda_moveit_config': AMENT_PREFIX_PATH=/workspaces/aprs/aprs_ws/install/ur_description:/workspaces/aprs/aprs_ws/install/panda_description:${AMENT_PREFIX_PATH} CMAKE_PREFIX_PATH=/workspaces/aprs/aprs_ws/install/ur_description:/workspaces/aprs/aprs_ws/install/panda_description:/opt/ros/humble GZ_MODEL_PATH=/workspaces/aprs/aprs_ws/install/panda_description/share/panda_description/meshes GZ_SIM_PLUGIn_PATH=/workspaces/aprs/aprs_ws/install/panda_description/lib/panda_description GZ_SIM_RESOURCE_PATH=/workspaces/aprs/aprs_ws/install/panda_description/share /usr/bin/cmake /workspaces/aprs/aprs_ws/src/assets/robots/panda_robot/panda_moveit_config -DCMAKE_INSTALL_PREFIX=/workspaces/aprs/aprs_ws/install/panda_moveit_config
[0.395s] -- Found ament_cmake: 1.3.5 (/opt/ros/humble/share/ament_cmake/cmake)
[0.518s] -- Found panda_description: 0.7.0 (/workspaces/aprs/aprs_ws/install/panda_description/share/panda_description/cmake)
[0.684s] -- Configuring done
[0.690s] -- Generating done
[0.693s] -- Build files have been written to: /workspaces/aprs/aprs_ws/build/panda_moveit_config
[0.787s] Invoked command in '/workspaces/aprs/aprs_ws/build/panda_moveit_config' returned '0': AMENT_PREFIX_PATH=/workspaces/aprs/aprs_ws/install/ur_description:/workspaces/aprs/aprs_ws/install/panda_description:${AMENT_PREFIX_PATH} CMAKE_PREFIX_PATH=/workspaces/aprs/aprs_ws/install/ur_description:/workspaces/aprs/aprs_ws/install/panda_description:/opt/ros/humble GZ_MODEL_PATH=/workspaces/aprs/aprs_ws/install/panda_description/share/panda_description/meshes GZ_SIM_PLUGIn_PATH=/workspaces/aprs/aprs_ws/install/panda_description/lib/panda_description GZ_SIM_RESOURCE_PATH=/workspaces/aprs/aprs_ws/install/panda_description/share /usr/bin/cmake /workspaces/aprs/aprs_ws/src/assets/robots/panda_robot/panda_moveit_config -DCMAKE_INSTALL_PREFIX=/workspaces/aprs/aprs_ws/install/panda_moveit_config
[0.788s] Invoking command in '/workspaces/aprs/aprs_ws/build/panda_moveit_config': AMENT_PREFIX_PATH=/workspaces/aprs/aprs_ws/install/ur_description:/workspaces/aprs/aprs_ws/install/panda_description:${AMENT_PREFIX_PATH} CMAKE_PREFIX_PATH=/workspaces/aprs/aprs_ws/install/ur_description:/workspaces/aprs/aprs_ws/install/panda_description:/opt/ros/humble GZ_MODEL_PATH=/workspaces/aprs/aprs_ws/install/panda_description/share/panda_description/meshes GZ_SIM_PLUGIn_PATH=/workspaces/aprs/aprs_ws/install/panda_description/lib/panda_description GZ_SIM_RESOURCE_PATH=/workspaces/aprs/aprs_ws/install/panda_description/share /usr/bin/cmake --build /workspaces/aprs/aprs_ws/build/panda_moveit_config -- -j16 -l16
[0.903s] Built target ament_cmake_python_copy_panda_moveit_config
[1.103s] running install_scripts
[1.107s] /usr/lib/python3/dist-packages/setuptools/command/install.py:34: SetuptoolsDeprecationWarning: setup.py install is deprecated. Use build and pip and other standards-based tools.
[1.107s]   warnings.warn(
[1.137s] running egg_info
[1.138s] writing panda_moveit_config.egg-info/PKG-INFO
[1.138s] writing dependency_links to panda_moveit_config.egg-info/dependency_links.txt
[1.139s] writing top-level names to panda_moveit_config.egg-info/top_level.txt
[1.141s] reading manifest file 'panda_moveit_config.egg-info/SOURCES.txt'
[1.142s] writing manifest file 'panda_moveit_config.egg-info/SOURCES.txt'
[1.165s] running egg_info
[1.166s] writing panda_moveit_config.egg-info/PKG-INFO
[1.167s] writing dependency_links to panda_moveit_config.egg-info/dependency_links.txt
[1.167s] writing top-level names to panda_moveit_config.egg-info/top_level.txt
[1.171s] reading manifest file 'panda_moveit_config.egg-info/SOURCES.txt'
[1.171s] writing manifest file 'panda_moveit_config.egg-info/SOURCES.txt'
[1.222s] Built target ament_cmake_python_build_panda_moveit_config_scripts
[1.249s] Built target ament_cmake_python_build_panda_moveit_config_egg
[1.381s] Invoked command in '/workspaces/aprs/aprs_ws/build/panda_moveit_config' returned '0': AMENT_PREFIX_PATH=/workspaces/aprs/aprs_ws/install/ur_description:/workspaces/aprs/aprs_ws/install/panda_description:${AMENT_PREFIX_PATH} CMAKE_PREFIX_PATH=/workspaces/aprs/aprs_ws/install/ur_description:/workspaces/aprs/aprs_ws/install/panda_description:/opt/ros/humble GZ_MODEL_PATH=/workspaces/aprs/aprs_ws/install/panda_description/share/panda_description/meshes GZ_SIM_PLUGIn_PATH=/workspaces/aprs/aprs_ws/install/panda_description/lib/panda_description GZ_SIM_RESOURCE_PATH=/workspaces/aprs/aprs_ws/install/panda_description/share /usr/bin/cmake --build /workspaces/aprs/aprs_ws/build/panda_moveit_config -- -j16 -l16
[1.726s] Invoking command in '/workspaces/aprs/aprs_ws/build/panda_moveit_config': AMENT_PREFIX_PATH=/workspaces/aprs/aprs_ws/install/ur_description:/workspaces/aprs/aprs_ws/install/panda_description:${AMENT_PREFIX_PATH} CMAKE_PREFIX_PATH=/workspaces/aprs/aprs_ws/install/ur_description:/workspaces/aprs/aprs_ws/install/panda_description:/opt/ros/humble GZ_MODEL_PATH=/workspaces/aprs/aprs_ws/install/panda_description/share/panda_description/meshes GZ_SIM_PLUGIn_PATH=/workspaces/aprs/aprs_ws/install/panda_description/lib/panda_description GZ_SIM_RESOURCE_PATH=/workspaces/aprs/aprs_ws/install/panda_description/share /usr/bin/cmake --install /workspaces/aprs/aprs_ws/build/panda_moveit_config
[1.838s] -- Install configuration: ""
[1.838s] -- Up-to-date: /workspaces/aprs/aprs_ws/install/panda_moveit_config/share/panda_moveit_config/config
[1.838s] -- Up-to-date: /workspaces/aprs/aprs_ws/install/panda_moveit_config/share/panda_moveit_config/config/ompl_planning.yaml
[1.838s] -- Up-to-date: /workspaces/aprs/aprs_ws/install/panda_moveit_config/share/panda_moveit_config/config/moveit_controller_manager.yaml
[1.838s] -- Up-to-date: /workspaces/aprs/aprs_ws/install/panda_moveit_config/share/panda_moveit_config/config/joint_limits.yaml
[1.838s] -- Up-to-date: /workspaces/aprs/aprs_ws/install/panda_moveit_config/share/panda_moveit_config/config/servo.yaml
[1.838s] -- Up-to-date: /workspaces/aprs/aprs_ws/install/panda_moveit_config/share/panda_moveit_config/config/kinematics.yaml
[1.838s] -- Up-to-date: /workspaces/aprs/aprs_ws/install/panda_moveit_config/share/panda_moveit_config/config/controllers_velocity.yaml
[1.838s] -- Up-to-date: /workspaces/aprs/aprs_ws/install/panda_moveit_config/share/panda_moveit_config/config/sensors_pointcloud.yaml
[1.838s] -- Up-to-date: /workspaces/aprs/aprs_ws/install/panda_moveit_config/share/panda_moveit_config/config/controllers_position,velocity.yaml
[1.839s] -- Up-to-date: /workspaces/aprs/aprs_ws/install/panda_moveit_config/share/panda_moveit_config/config/controllers.yaml
[1.839s] -- Up-to-date: /workspaces/aprs/aprs_ws/install/panda_moveit_config/share/panda_moveit_config/config/controllers_effort.yaml
[1.839s] -- Up-to-date: /workspaces/aprs/aprs_ws/install/panda_moveit_config/share/panda_moveit_config/config/controllers_position.yaml
[1.839s] -- Up-to-date: /workspaces/aprs/aprs_ws/install/panda_moveit_config/share/panda_moveit_config/launch
[1.839s] -- Up-to-date: /workspaces/aprs/aprs_ws/install/panda_moveit_config/share/panda_moveit_config/launch/franka_moveit.launch.py
[1.839s] -- Up-to-date: /workspaces/aprs/aprs_ws/install/panda_moveit_config/share/panda_moveit_config/rviz
[1.839s] -- Up-to-date: /workspaces/aprs/aprs_ws/install/panda_moveit_config/share/panda_moveit_config/rviz/moveit.rviz
[1.839s] -- Up-to-date: /workspaces/aprs/aprs_ws/install/panda_moveit_config/share/panda_moveit_config/srdf
[1.839s] -- Up-to-date: /workspaces/aprs/aprs_ws/install/panda_moveit_config/share/panda_moveit_config/srdf/panda_arm.xacro
[1.839s] -- Up-to-date: /workspaces/aprs/aprs_ws/install/panda_moveit_config/share/panda_moveit_config/srdf/panda_gripper.xacro
[1.839s] -- Up-to-date: /workspaces/aprs/aprs_ws/install/panda_moveit_config/share/panda_moveit_config/srdf/panda.srdf
[1.839s] -- Up-to-date: /workspaces/aprs/aprs_ws/install/panda_moveit_config/share/panda_moveit_config/srdf/panda.srdf.xacro
[1.839s] -- Up-to-date: /workspaces/aprs/aprs_ws/install/panda_moveit_config/share/panda_moveit_config/environment/pythonpath.sh
[1.839s] -- Installing: /workspaces/aprs/aprs_ws/install/panda_moveit_config/share/panda_moveit_config/environment/pythonpath.dsv
[1.840s] -- Up-to-date: /workspaces/aprs/aprs_ws/install/panda_moveit_config/local/lib/python3.10/dist-packages/panda_moveit_config-3.0.0-py3.10.egg-info
[1.840s] -- Installing: /workspaces/aprs/aprs_ws/install/panda_moveit_config/local/lib/python3.10/dist-packages/panda_moveit_config-3.0.0-py3.10.egg-info/dependency_links.txt
[1.840s] -- Installing: /workspaces/aprs/aprs_ws/install/panda_moveit_config/local/lib/python3.10/dist-packages/panda_moveit_config-3.0.0-py3.10.egg-info/top_level.txt
[1.840s] -- Installing: /workspaces/aprs/aprs_ws/install/panda_moveit_config/local/lib/python3.10/dist-packages/panda_moveit_config-3.0.0-py3.10.egg-info/PKG-INFO
[1.840s] -- Installing: /workspaces/aprs/aprs_ws/install/panda_moveit_config/local/lib/python3.10/dist-packages/panda_moveit_config-3.0.0-py3.10.egg-info/SOURCES.txt
[1.840s] -- Up-to-date: /workspaces/aprs/aprs_ws/install/panda_moveit_config/lib/panda_moveit_config/
[1.840s] -- Up-to-date: /workspaces/aprs/aprs_ws/install/panda_moveit_config/local/lib/python3.10/dist-packages/panda_moveit_config
[1.840s] -- Up-to-date: /workspaces/aprs/aprs_ws/install/panda_moveit_config/local/lib/python3.10/dist-packages/panda_moveit_config/parameters.py
[1.840s] -- Up-to-date: /workspaces/aprs/aprs_ws/install/panda_moveit_config/local/lib/python3.10/dist-packages/panda_moveit_config/__init__.py
[1.840s] Listing '/workspaces/aprs/aprs_ws/install/panda_moveit_config/local/lib/python3.10/dist-packages/panda_moveit_config'...
[1.841s] -- Up-to-date: /workspaces/aprs/aprs_ws/install/panda_moveit_config/share/ament_index/resource_index/package_run_dependencies/panda_moveit_config
[1.841s] -- Up-to-date: /workspaces/aprs/aprs_ws/install/panda_moveit_config/share/ament_index/resource_index/parent_prefix_path/panda_moveit_config
[1.841s] -- Up-to-date: /workspaces/aprs/aprs_ws/install/panda_moveit_config/share/panda_moveit_config/environment/ament_prefix_path.sh
[1.841s] -- Installing: /workspaces/aprs/aprs_ws/install/panda_moveit_config/share/panda_moveit_config/environment/ament_prefix_path.dsv
[1.841s] -- Up-to-date: /workspaces/aprs/aprs_ws/install/panda_moveit_config/share/panda_moveit_config/environment/path.sh
[1.841s] -- Installing: /workspaces/aprs/aprs_ws/install/panda_moveit_config/share/panda_moveit_config/environment/path.dsv
[1.841s] -- Up-to-date: /workspaces/aprs/aprs_ws/install/panda_moveit_config/share/panda_moveit_config/local_setup.bash
[1.841s] -- Up-to-date: /workspaces/aprs/aprs_ws/install/panda_moveit_config/share/panda_moveit_config/local_setup.sh
[1.841s] -- Up-to-date: /workspaces/aprs/aprs_ws/install/panda_moveit_config/share/panda_moveit_config/local_setup.zsh
[1.841s] -- Installing: /workspaces/aprs/aprs_ws/install/panda_moveit_config/share/panda_moveit_config/local_setup.dsv
[1.841s] -- Installing: /workspaces/aprs/aprs_ws/install/panda_moveit_config/share/panda_moveit_config/package.dsv
[1.841s] -- Up-to-date: /workspaces/aprs/aprs_ws/install/panda_moveit_config/share/ament_index/resource_index/packages/panda_moveit_config
[1.842s] -- Up-to-date: /workspaces/aprs/aprs_ws/install/panda_moveit_config/share/panda_moveit_config/cmake/panda_moveit_configConfig.cmake
[1.842s] -- Up-to-date: /workspaces/aprs/aprs_ws/install/panda_moveit_config/share/panda_moveit_config/cmake/panda_moveit_configConfig-version.cmake
[1.842s] -- Up-to-date: /workspaces/aprs/aprs_ws/install/panda_moveit_config/share/panda_moveit_config/package.xml
[2.162s] Invoked command in '/workspaces/aprs/aprs_ws/build/panda_moveit_config' returned '0': AMENT_PREFIX_PATH=/workspaces/aprs/aprs_ws/install/ur_description:/workspaces/aprs/aprs_ws/install/panda_description:${AMENT_PREFIX_PATH} CMAKE_PREFIX_PATH=/workspaces/aprs/aprs_ws/install/ur_description:/workspaces/aprs/aprs_ws/install/panda_description:/opt/ros/humble GZ_MODEL_PATH=/workspaces/aprs/aprs_ws/install/panda_description/share/panda_description/meshes GZ_SIM_PLUGIn_PATH=/workspaces/aprs/aprs_ws/install/panda_description/lib/panda_description GZ_SIM_RESOURCE_PATH=/workspaces/aprs/aprs_ws/install/panda_description/share /usr/bin/cmake --install /workspaces/aprs/aprs_ws/build/panda_moveit_config
