[0.380s] Invoking command in '/workspaces/aprs/aprs_ws/build/aprs_gazebo': CMAKE_PREFIX_PATH=/opt/ros/humble /usr/bin/cmake --build /workspaces/aprs/aprs_ws/build/aprs_gazebo -- -j16 -l16
[0.474s] Built target ament_cmake_python_copy_aprs_gazebo
[0.760s] running egg_info
[0.760s] writing aprs_gazebo.egg-info/PKG-INFO
[0.761s] writing dependency_links to aprs_gazebo.egg-info/dependency_links.txt
[0.761s] writing top-level names to aprs_gazebo.egg-info/top_level.txt
[0.765s] reading manifest file 'aprs_gazebo.egg-info/SOURCES.txt'
[0.765s] writing manifest file 'aprs_gazebo.egg-info/SOURCES.txt'
[0.787s] running install_scripts
[0.790s] /usr/lib/python3/dist-packages/setuptools/command/install.py:34: SetuptoolsDeprecationWarning: setup.py install is deprecated. Use build and pip and other standards-based tools.
[0.790s]   warnings.warn(
[0.797s] Built target ament_cmake_python_build_aprs_gazebo_egg
[0.814s] running egg_info
[0.815s] writing aprs_gazebo.egg-info/PKG-INFO
[0.815s] writing dependency_links to aprs_gazebo.egg-info/dependency_links.txt
[0.816s] writing top-level names to aprs_gazebo.egg-info/top_level.txt
[0.817s] reading manifest file 'aprs_gazebo.egg-info/SOURCES.txt'
[0.817s] writing manifest file 'aprs_gazebo.egg-info/SOURCES.txt'
[0.872s] Built target ament_cmake_python_build_aprs_gazebo_scripts
[1.243s] Invoked command in '/workspaces/aprs/aprs_ws/build/aprs_gazebo' returned '0': CMAKE_PREFIX_PATH=/opt/ros/humble /usr/bin/cmake --build /workspaces/aprs/aprs_ws/build/aprs_gazebo -- -j16 -l16
[2.327s] Invoking command in '/workspaces/aprs/aprs_ws/build/aprs_gazebo': CMAKE_PREFIX_PATH=/opt/ros/humble /usr/bin/cmake --install /workspaces/aprs/aprs_ws/build/aprs_gazebo
[2.428s] -- Install configuration: ""
[2.429s] -- Up-to-date: /workspaces/aprs/aprs_ws/install/aprs_gazebo/share/aprs_gazebo/launch
[2.430s] -- Up-to-date: /workspaces/aprs/aprs_ws/install/aprs_gazebo/share/aprs_gazebo/launch/aprs.launch.py
[2.430s] -- Up-to-date: /workspaces/aprs/aprs_ws/install/aprs_gazebo/share/aprs_gazebo/environment/pythonpath.sh
[2.431s] -- Up-to-date: /workspaces/aprs/aprs_ws/install/aprs_gazebo/share/aprs_gazebo/environment/pythonpath.dsv
[2.431s] -- Up-to-date: /workspaces/aprs/aprs_ws/install/aprs_gazebo/local/lib/python3.10/dist-packages/aprs_gazebo-0.0.0-py3.10.egg-info
[2.433s] -- Installing: /workspaces/aprs/aprs_ws/install/aprs_gazebo/local/lib/python3.10/dist-packages/aprs_gazebo-0.0.0-py3.10.egg-info/dependency_links.txt
[2.433s] -- Installing: /workspaces/aprs/aprs_ws/install/aprs_gazebo/local/lib/python3.10/dist-packages/aprs_gazebo-0.0.0-py3.10.egg-info/top_level.txt
[2.434s] -- Installing: /workspaces/aprs/aprs_ws/install/aprs_gazebo/local/lib/python3.10/dist-packages/aprs_gazebo-0.0.0-py3.10.egg-info/PKG-INFO
[2.434s] -- Installing: /workspaces/aprs/aprs_ws/install/aprs_gazebo/local/lib/python3.10/dist-packages/aprs_gazebo-0.0.0-py3.10.egg-info/SOURCES.txt
[2.434s] -- Up-to-date: /workspaces/aprs/aprs_ws/install/aprs_gazebo/lib/aprs_gazebo/
[2.435s] -- Up-to-date: /workspaces/aprs/aprs_ws/install/aprs_gazebo/local/lib/python3.10/dist-packages/aprs_gazebo
[2.435s] -- Up-to-date: /workspaces/aprs/aprs_ws/install/aprs_gazebo/local/lib/python3.10/dist-packages/aprs_gazebo/__init__.py
[2.435s] Listing '/workspaces/aprs/aprs_ws/install/aprs_gazebo/local/lib/python3.10/dist-packages/aprs_gazebo'...
[2.436s] -- Up-to-date: /workspaces/aprs/aprs_ws/install/aprs_gazebo/lib/aprs_gazebo/controller_switcher.py
[2.437s] -- Up-to-date: /workspaces/aprs/aprs_ws/install/aprs_gazebo/share/ament_index/resource_index/package_run_dependencies/aprs_gazebo
[2.438s] -- Up-to-date: /workspaces/aprs/aprs_ws/install/aprs_gazebo/share/ament_index/resource_index/parent_prefix_path/aprs_gazebo
[2.439s] -- Up-to-date: /workspaces/aprs/aprs_ws/install/aprs_gazebo/share/aprs_gazebo/environment/ament_prefix_path.sh
[2.439s] -- Up-to-date: /workspaces/aprs/aprs_ws/install/aprs_gazebo/share/aprs_gazebo/environment/ament_prefix_path.dsv
[2.439s] -- Up-to-date: /workspaces/aprs/aprs_ws/install/aprs_gazebo/share/aprs_gazebo/environment/path.sh
[2.439s] -- Up-to-date: /workspaces/aprs/aprs_ws/install/aprs_gazebo/share/aprs_gazebo/environment/path.dsv
[2.439s] -- Up-to-date: /workspaces/aprs/aprs_ws/install/aprs_gazebo/share/aprs_gazebo/local_setup.bash
[2.440s] -- Up-to-date: /workspaces/aprs/aprs_ws/install/aprs_gazebo/share/aprs_gazebo/local_setup.sh
[2.440s] -- Up-to-date: /workspaces/aprs/aprs_ws/install/aprs_gazebo/share/aprs_gazebo/local_setup.zsh
[2.440s] -- Up-to-date: /workspaces/aprs/aprs_ws/install/aprs_gazebo/share/aprs_gazebo/local_setup.dsv
[2.440s] -- Installing: /workspaces/aprs/aprs_ws/install/aprs_gazebo/share/aprs_gazebo/package.dsv
[2.440s] -- Up-to-date: /workspaces/aprs/aprs_ws/install/aprs_gazebo/share/ament_index/resource_index/packages/aprs_gazebo
[2.442s] -- Up-to-date: /workspaces/aprs/aprs_ws/install/aprs_gazebo/share/aprs_gazebo/cmake/aprs_gazeboConfig.cmake
[2.442s] -- Up-to-date: /workspaces/aprs/aprs_ws/install/aprs_gazebo/share/aprs_gazebo/cmake/aprs_gazeboConfig-version.cmake
[2.442s] -- Up-to-date: /workspaces/aprs/aprs_ws/install/aprs_gazebo/share/aprs_gazebo/package.xml
[2.763s] Invoked command in '/workspaces/aprs/aprs_ws/build/aprs_gazebo' returned '0': CMAKE_PREFIX_PATH=/opt/ros/humble /usr/bin/cmake --install /workspaces/aprs/aprs_ws/build/aprs_gazebo
