[0.328s] Invoking command in '/workspaces/aprs/aprs_ws/build/ign_ros2_control_demos': AMENT_PREFIX_PATH=/workspaces/aprs/aprs_ws/install/ign_ros2_control:${AMENT_PREFIX_PATH} CMAKE_PREFIX_PATH=/workspaces/aprs/aprs_ws/install/ign_ros2_control:/opt/ros/humble GZ_MODEL_PATH=/workspaces/aprs/aprs_ws/install/ign_ros2_control/share/ign_ros2_control/meshes GZ_SIM_PLUGIn_PATH=/workspaces/aprs/aprs_ws/install/ign_ros2_control/lib/ign_ros2_control GZ_SIM_RESOURCE_PATH=/workspaces/aprs/aprs_ws/install/ign_ros2_control/share LD_LIBRARY_PATH=/workspaces/aprs/aprs_ws/install/ign_ros2_control/lib:${LD_LIBRARY_PATH} /usr/bin/cmake --build /workspaces/aprs/aprs_ws/build/ign_ros2_control_demos -- -j16 -l16
[0.433s] [ 16%] Built target example_velocity
[0.446s] [ 33%] Built target example_position
[0.447s] [ 66%] Built target example_effort
[0.447s] [ 66%] Built target example_tricycle_drive
[0.456s] [ 83%] Built target example_gripper
[0.477s] [100%] Built target example_diff_drive
[1.374s] Invoked command in '/workspaces/aprs/aprs_ws/build/ign_ros2_control_demos' returned '0': AMENT_PREFIX_PATH=/workspaces/aprs/aprs_ws/install/ign_ros2_control:${AMENT_PREFIX_PATH} CMAKE_PREFIX_PATH=/workspaces/aprs/aprs_ws/install/ign_ros2_control:/opt/ros/humble GZ_MODEL_PATH=/workspaces/aprs/aprs_ws/install/ign_ros2_control/share/ign_ros2_control/meshes GZ_SIM_PLUGIn_PATH=/workspaces/aprs/aprs_ws/install/ign_ros2_control/lib/ign_ros2_control GZ_SIM_RESOURCE_PATH=/workspaces/aprs/aprs_ws/install/ign_ros2_control/share LD_LIBRARY_PATH=/workspaces/aprs/aprs_ws/install/ign_ros2_control/lib:${LD_LIBRARY_PATH} /usr/bin/cmake --build /workspaces/aprs/aprs_ws/build/ign_ros2_control_demos -- -j16 -l16
[2.140s] Invoking command in '/workspaces/aprs/aprs_ws/build/ign_ros2_control_demos': AMENT_PREFIX_PATH=/workspaces/aprs/aprs_ws/install/ign_ros2_control:${AMENT_PREFIX_PATH} CMAKE_PREFIX_PATH=/workspaces/aprs/aprs_ws/install/ign_ros2_control:/opt/ros/humble GZ_MODEL_PATH=/workspaces/aprs/aprs_ws/install/ign_ros2_control/share/ign_ros2_control/meshes GZ_SIM_PLUGIn_PATH=/workspaces/aprs/aprs_ws/install/ign_ros2_control/lib/ign_ros2_control GZ_SIM_RESOURCE_PATH=/workspaces/aprs/aprs_ws/install/ign_ros2_control/share LD_LIBRARY_PATH=/workspaces/aprs/aprs_ws/install/ign_ros2_control/lib:${LD_LIBRARY_PATH} /usr/bin/cmake --install /workspaces/aprs/aprs_ws/build/ign_ros2_control_demos
[2.212s] -- Install configuration: ""
[2.212s] -- Up-to-date: /workspaces/aprs/aprs_ws/install/ign_ros2_control_demos/share/ign_ros2_control_demos//launch
[2.212s] -- Up-to-date: /workspaces/aprs/aprs_ws/install/ign_ros2_control_demos/share/ign_ros2_control_demos//launch/cart_example_position.launch.py
[2.212s] -- Up-to-date: /workspaces/aprs/aprs_ws/install/ign_ros2_control_demos/share/ign_ros2_control_demos//launch/tricycle_drive_example.launch.py
[2.213s] -- Up-to-date: /workspaces/aprs/aprs_ws/install/ign_ros2_control_demos/share/ign_ros2_control_demos//launch/gripper_mimic_joint_example.launch.py
[2.213s] -- Up-to-date: /workspaces/aprs/aprs_ws/install/ign_ros2_control_demos/share/ign_ros2_control_demos//launch/cart_example_effort.launch.py
[2.213s] -- Up-to-date: /workspaces/aprs/aprs_ws/install/ign_ros2_control_demos/share/ign_ros2_control_demos//launch/cart_example_velocity.launch.py
[2.213s] -- Up-to-date: /workspaces/aprs/aprs_ws/install/ign_ros2_control_demos/share/ign_ros2_control_demos//launch/diff_drive_example.launch.py
[2.214s] -- Up-to-date: /workspaces/aprs/aprs_ws/install/ign_ros2_control_demos/share/ign_ros2_control_demos//config
[2.214s] -- Up-to-date: /workspaces/aprs/aprs_ws/install/ign_ros2_control_demos/share/ign_ros2_control_demos//config/cartpole_controller_effort.yaml
[2.214s] -- Up-to-date: /workspaces/aprs/aprs_ws/install/ign_ros2_control_demos/share/ign_ros2_control_demos//config/cartpole_controller_velocity.yaml
[2.214s] -- Up-to-date: /workspaces/aprs/aprs_ws/install/ign_ros2_control_demos/share/ign_ros2_control_demos//config/tricycle_drive_controller.yaml
[2.214s] -- Up-to-date: /workspaces/aprs/aprs_ws/install/ign_ros2_control_demos/share/ign_ros2_control_demos//config/cartpole_controller_position.yaml
[2.215s] -- Up-to-date: /workspaces/aprs/aprs_ws/install/ign_ros2_control_demos/share/ign_ros2_control_demos//config/diff_drive_controller_velocity.yaml
[2.215s] -- Up-to-date: /workspaces/aprs/aprs_ws/install/ign_ros2_control_demos/share/ign_ros2_control_demos//config/gripper_controller.yaml
[2.215s] -- Up-to-date: /workspaces/aprs/aprs_ws/install/ign_ros2_control_demos/share/ign_ros2_control_demos//urdf
[2.215s] -- Up-to-date: /workspaces/aprs/aprs_ws/install/ign_ros2_control_demos/share/ign_ros2_control_demos//urdf/test_cart_effort.xacro.urdf
[2.216s] -- Up-to-date: /workspaces/aprs/aprs_ws/install/ign_ros2_control_demos/share/ign_ros2_control_demos//urdf/test_cart_velocity.xacro.urdf
[2.216s] -- Up-to-date: /workspaces/aprs/aprs_ws/install/ign_ros2_control_demos/share/ign_ros2_control_demos//urdf/test_gripper_mimic_joint.xacro.urdf
[2.216s] -- Up-to-date: /workspaces/aprs/aprs_ws/install/ign_ros2_control_demos/share/ign_ros2_control_demos//urdf/test_cart_position.xacro.urdf
[2.216s] -- Up-to-date: /workspaces/aprs/aprs_ws/install/ign_ros2_control_demos/share/ign_ros2_control_demos//urdf/test_tricycle_drive.xacro.urdf
[2.217s] -- Up-to-date: /workspaces/aprs/aprs_ws/install/ign_ros2_control_demos/share/ign_ros2_control_demos//urdf/test_diff_drive.xacro.urdf
[2.217s] -- Up-to-date: /workspaces/aprs/aprs_ws/install/ign_ros2_control_demos/lib/ign_ros2_control_demos/example_position
[2.217s] -- Up-to-date: /workspaces/aprs/aprs_ws/install/ign_ros2_control_demos/lib/ign_ros2_control_demos/example_velocity
[2.217s] -- Up-to-date: /workspaces/aprs/aprs_ws/install/ign_ros2_control_demos/lib/ign_ros2_control_demos/example_effort
[2.217s] -- Up-to-date: /workspaces/aprs/aprs_ws/install/ign_ros2_control_demos/lib/ign_ros2_control_demos/example_diff_drive
[2.218s] -- Up-to-date: /workspaces/aprs/aprs_ws/install/ign_ros2_control_demos/lib/ign_ros2_control_demos/example_tricycle_drive
[2.218s] -- Up-to-date: /workspaces/aprs/aprs_ws/install/ign_ros2_control_demos/lib/ign_ros2_control_demos/example_gripper
[2.218s] -- Up-to-date: /workspaces/aprs/aprs_ws/install/ign_ros2_control_demos/share/ament_index/resource_index/package_run_dependencies/ign_ros2_control_demos
[2.218s] -- Up-to-date: /workspaces/aprs/aprs_ws/install/ign_ros2_control_demos/share/ament_index/resource_index/parent_prefix_path/ign_ros2_control_demos
[2.218s] -- Up-to-date: /workspaces/aprs/aprs_ws/install/ign_ros2_control_demos/share/ign_ros2_control_demos/environment/ament_prefix_path.sh
[2.219s] -- Up-to-date: /workspaces/aprs/aprs_ws/install/ign_ros2_control_demos/share/ign_ros2_control_demos/environment/ament_prefix_path.dsv
[2.219s] -- Up-to-date: /workspaces/aprs/aprs_ws/install/ign_ros2_control_demos/share/ign_ros2_control_demos/environment/path.sh
[2.219s] -- Up-to-date: /workspaces/aprs/aprs_ws/install/ign_ros2_control_demos/share/ign_ros2_control_demos/environment/path.dsv
[2.219s] -- Up-to-date: /workspaces/aprs/aprs_ws/install/ign_ros2_control_demos/share/ign_ros2_control_demos/local_setup.bash
[2.219s] -- Up-to-date: /workspaces/aprs/aprs_ws/install/ign_ros2_control_demos/share/ign_ros2_control_demos/local_setup.sh
[2.219s] -- Up-to-date: /workspaces/aprs/aprs_ws/install/ign_ros2_control_demos/share/ign_ros2_control_demos/local_setup.zsh
[2.219s] -- Up-to-date: /workspaces/aprs/aprs_ws/install/ign_ros2_control_demos/share/ign_ros2_control_demos/local_setup.dsv
[2.220s] -- Installing: /workspaces/aprs/aprs_ws/install/ign_ros2_control_demos/share/ign_ros2_control_demos/package.dsv
[2.220s] -- Up-to-date: /workspaces/aprs/aprs_ws/install/ign_ros2_control_demos/share/ament_index/resource_index/packages/ign_ros2_control_demos
[2.220s] -- Up-to-date: /workspaces/aprs/aprs_ws/install/ign_ros2_control_demos/share/ign_ros2_control_demos/cmake/ign_ros2_control_demosConfig.cmake
[2.220s] -- Up-to-date: /workspaces/aprs/aprs_ws/install/ign_ros2_control_demos/share/ign_ros2_control_demos/cmake/ign_ros2_control_demosConfig-version.cmake
[2.220s] -- Up-to-date: /workspaces/aprs/aprs_ws/install/ign_ros2_control_demos/share/ign_ros2_control_demos/package.xml
[2.421s] Invoked command in '/workspaces/aprs/aprs_ws/build/ign_ros2_control_demos' returned '0': AMENT_PREFIX_PATH=/workspaces/aprs/aprs_ws/install/ign_ros2_control:${AMENT_PREFIX_PATH} CMAKE_PREFIX_PATH=/workspaces/aprs/aprs_ws/install/ign_ros2_control:/opt/ros/humble GZ_MODEL_PATH=/workspaces/aprs/aprs_ws/install/ign_ros2_control/share/ign_ros2_control/meshes GZ_SIM_PLUGIn_PATH=/workspaces/aprs/aprs_ws/install/ign_ros2_control/lib/ign_ros2_control GZ_SIM_RESOURCE_PATH=/workspaces/aprs/aprs_ws/install/ign_ros2_control/share LD_LIBRARY_PATH=/workspaces/aprs/aprs_ws/install/ign_ros2_control/lib:${LD_LIBRARY_PATH} /usr/bin/cmake --install /workspaces/aprs/aprs_ws/build/ign_ros2_control_demos
