[0.009s] Invoking command in '/home/aprs/aprs/aprs_ws/build/gear_place': CMAKE_PREFIX_PATH=/home/aprs/aprs/aprs_ws/install/realsense2_description:/home/aprs/aprs/aprs_ws/install/realsense2_camera:/home/aprs/aprs/aprs_ws/install/realsense2_camera_msgs:/home/aprs/aprs/aprs_ws/install/worlds:/home/aprs/aprs/aprs_ws/install/workbench_description:/home/aprs/aprs/aprs_ws/install/vaccum_description:/home/aprs/aprs/aprs_ws/install/ur_setup:/home/aprs/aprs/aprs_ws/install/ur:/home/aprs/aprs/aprs_ws/install/ur_calibration:/home/aprs/aprs/aprs_ws/install/ur_robot_driver:/home/aprs/aprs/aprs_ws/install/ur_bringup:/home/aprs/aprs/aprs_ws/install/ur_controllers:/home/aprs/aprs/aprs_ws/install/ur_msgs:/home/aprs/aprs/aprs_ws/install/ur_moveit_config:/home/aprs/aprs/aprs_ws/install/ur_gz:/home/aprs/aprs/aprs_ws/install/ur_description_gz:/home/aprs/aprs/aprs_ws/install/ur5e_moveit_config:/home/aprs/aprs/aprs_ws/install/panda_moveit_config:/home/aprs/aprs/aprs_ws/install/ur_description:/home/aprs/aprs/aprs_ws/install/ur_dashboard_msgs:/home/aprs/aprs/aprs_ws/install/ur_client_library:/home/aprs/aprs/aprs_ws/install/table_description:/home/aprs/aprs/aprs_ws/install/point_cloud:/home/aprs/aprs/aprs_ws/install/gear_place:/home/aprs/aprs/aprs_ws/install/panda_description:/home/aprs/aprs/aprs_ws/install/ign_ros2_control_demos:/home/aprs/aprs/aprs_ws/install/gz_ros2_control_tests:/home/aprs/aprs/aprs_ws/install/ign_ros2_control:/home/aprs/aprs/aprs_ws/install/franka_setup:/home/aprs/aprs/aprs_ws/install/franka_gz:/home/aprs/aprs/aprs_ws/install/fanuc_moveit_config:/home/aprs/aprs/aprs_ws/install/fanuc_description:/home/aprs/aprs/aprs_ws/install/conveyor_interfaces:/home/aprs/aprs/aprs_ws/install/camera_mount:/home/aprs/aprs/aprs_ws/install/conveyor_controller:/opt/ros/humble LD_LIBRARY_PATH=/home/aprs/aprs/aprs_ws/install/realsense2_camera/lib:/home/aprs/aprs/aprs_ws/install/realsense2_camera_msgs/lib:/home/aprs/aprs/aprs_ws/install/ur_robot_driver/lib:/home/aprs/aprs/aprs_ws/install/ur_controllers/lib:/home/aprs/aprs/aprs_ws/install/ur_msgs/lib:/home/aprs/aprs/aprs_ws/install/ur_dashboard_msgs/lib:/home/aprs/aprs/aprs_ws/install/ur_client_library/lib:/home/aprs/aprs/aprs_ws/install/point_cloud/lib:/home/aprs/aprs/aprs_ws/install/ign_ros2_control/lib:/home/aprs/aprs/aprs_ws/install/conveyor_interfaces/lib:/opt/ros/humble/opt/rviz_ogre_vendor/lib:/opt/ros/humble/lib/x86_64-linux-gnu:/opt/ros/humble/lib /usr/bin/cmake /home/aprs/aprs/aprs_ws/src/gear_place -DCMAKE_INSTALL_PREFIX=/home/aprs/aprs/aprs_ws/install/gear_place
[0.045s] -- The C compiler identification is GNU 11.4.0
[0.081s] -- The CXX compiler identification is GNU 11.4.0
[0.087s] -- Detecting C compiler ABI info
[0.131s] -- Detecting C compiler ABI info - done
[0.134s] -- Check for working C compiler: /usr/bin/cc - skipped
[0.135s] -- Detecting C compile features
[0.135s] -- Detecting C compile features - done
[0.137s] -- Detecting CXX compiler ABI info
[0.184s] -- Detecting CXX compiler ABI info - done
[0.189s] -- Check for working CXX compiler: /usr/bin/c++ - skipped
[0.189s] -- Detecting CXX compile features
[0.189s] -- Detecting CXX compile features - done
[0.193s] -- Found ament_cmake: 1.3.5 (/opt/ros/humble/share/ament_cmake/cmake)
[0.311s] -- Found Python3: /usr/bin/python3.10 (found version "3.10.12") found components: Interpreter 
[0.390s] -- Found urdf: 2.6.0 (/opt/ros/humble/share/urdf/cmake)
[0.444s] -- Found rclcpp: 16.0.5 (/opt/ros/humble/share/rclcpp/cmake)
[0.475s] -- Found rosidl_generator_c: 3.1.5 (/opt/ros/humble/share/rosidl_generator_c/cmake)
[0.481s] -- Found rosidl_adapter: 3.1.5 (/opt/ros/humble/share/rosidl_adapter/cmake)
[0.489s] -- Found rosidl_generator_cpp: 3.1.5 (/opt/ros/humble/share/rosidl_generator_cpp/cmake)
[0.500s] -- Using all available rosidl_typesupport_c: rosidl_typesupport_fastrtps_c;rosidl_typesupport_introspection_c
[0.513s] -- Using all available rosidl_typesupport_cpp: rosidl_typesupport_fastrtps_cpp;rosidl_typesupport_introspection_cpp
[0.571s] -- Found rmw_implementation_cmake: 6.1.1 (/opt/ros/humble/share/rmw_implementation_cmake/cmake)
[0.575s] -- Found rmw_fastrtps_cpp: 6.2.3 (/opt/ros/humble/share/rmw_fastrtps_cpp/cmake)
[0.652s] -- Found OpenSSL: /usr/lib/x86_64-linux-gnu/libcrypto.so (found version "3.0.2")  
[0.674s] -- Found FastRTPS: /opt/ros/humble/include  
[0.710s] -- Using RMW implementation 'rmw_fastrtps_cpp' as default
[0.721s] -- Looking for pthread.h
[0.766s] -- Looking for pthread.h - found
[0.766s] -- Performing Test CMAKE_HAVE_LIBC_PTHREAD
[0.812s] -- Performing Test CMAKE_HAVE_LIBC_PTHREAD - Success
[0.812s] -- Found Threads: TRUE  
[0.921s] -- Found tf2_kdl: 0.25.3 (/opt/ros/humble/share/tf2_kdl/cmake)
[0.968s] -- Found eigen3_cmake_module: 0.1.1 (/opt/ros/humble/share/eigen3_cmake_module/cmake)
[0.969s] -- Found Eigen3: TRUE (found version "3.4.0") 
[0.969s] -- Ensuring Eigen3 include directory is part of orocos-kdl CMake target
[1.227s] -- Found shape_msgs: 4.2.3 (/opt/ros/humble/share/shape_msgs/cmake)
[1.279s] -- Found OpenCV: /usr (found version "4.5.4") 
[1.283s] -- Found cv_bridge: 3.2.1 (/opt/ros/humble/share/cv_bridge/cmake)
[1.379s] -- Found kdl_parser: 2.6.4 (/opt/ros/humble/share/kdl_parser/cmake)
[1.442s] -- Found ament_lint_auto: 0.12.7 (/opt/ros/humble/share/ament_lint_auto/cmake)
[1.484s] -- Configuring done
[1.488s] -- Generating done
[1.490s] -- Build files have been written to: /home/aprs/aprs/aprs_ws/build/gear_place
[1.499s] Invoked command in '/home/aprs/aprs/aprs_ws/build/gear_place' returned '0': CMAKE_PREFIX_PATH=/home/aprs/aprs/aprs_ws/install/realsense2_description:/home/aprs/aprs/aprs_ws/install/realsense2_camera:/home/aprs/aprs/aprs_ws/install/realsense2_camera_msgs:/home/aprs/aprs/aprs_ws/install/worlds:/home/aprs/aprs/aprs_ws/install/workbench_description:/home/aprs/aprs/aprs_ws/install/vaccum_description:/home/aprs/aprs/aprs_ws/install/ur_setup:/home/aprs/aprs/aprs_ws/install/ur:/home/aprs/aprs/aprs_ws/install/ur_calibration:/home/aprs/aprs/aprs_ws/install/ur_robot_driver:/home/aprs/aprs/aprs_ws/install/ur_bringup:/home/aprs/aprs/aprs_ws/install/ur_controllers:/home/aprs/aprs/aprs_ws/install/ur_msgs:/home/aprs/aprs/aprs_ws/install/ur_moveit_config:/home/aprs/aprs/aprs_ws/install/ur_gz:/home/aprs/aprs/aprs_ws/install/ur_description_gz:/home/aprs/aprs/aprs_ws/install/ur5e_moveit_config:/home/aprs/aprs/aprs_ws/install/panda_moveit_config:/home/aprs/aprs/aprs_ws/install/ur_description:/home/aprs/aprs/aprs_ws/install/ur_dashboard_msgs:/home/aprs/aprs/aprs_ws/install/ur_client_library:/home/aprs/aprs/aprs_ws/install/table_description:/home/aprs/aprs/aprs_ws/install/point_cloud:/home/aprs/aprs/aprs_ws/install/gear_place:/home/aprs/aprs/aprs_ws/install/panda_description:/home/aprs/aprs/aprs_ws/install/ign_ros2_control_demos:/home/aprs/aprs/aprs_ws/install/gz_ros2_control_tests:/home/aprs/aprs/aprs_ws/install/ign_ros2_control:/home/aprs/aprs/aprs_ws/install/franka_setup:/home/aprs/aprs/aprs_ws/install/franka_gz:/home/aprs/aprs/aprs_ws/install/fanuc_moveit_config:/home/aprs/aprs/aprs_ws/install/fanuc_description:/home/aprs/aprs/aprs_ws/install/conveyor_interfaces:/home/aprs/aprs/aprs_ws/install/camera_mount:/home/aprs/aprs/aprs_ws/install/conveyor_controller:/opt/ros/humble LD_LIBRARY_PATH=/home/aprs/aprs/aprs_ws/install/realsense2_camera/lib:/home/aprs/aprs/aprs_ws/install/realsense2_camera_msgs/lib:/home/aprs/aprs/aprs_ws/install/ur_robot_driver/lib:/home/aprs/aprs/aprs_ws/install/ur_controllers/lib:/home/aprs/aprs/aprs_ws/install/ur_msgs/lib:/home/aprs/aprs/aprs_ws/install/ur_dashboard_msgs/lib:/home/aprs/aprs/aprs_ws/install/ur_client_library/lib:/home/aprs/aprs/aprs_ws/install/point_cloud/lib:/home/aprs/aprs/aprs_ws/install/ign_ros2_control/lib:/home/aprs/aprs/aprs_ws/install/conveyor_interfaces/lib:/opt/ros/humble/opt/rviz_ogre_vendor/lib:/opt/ros/humble/lib/x86_64-linux-gnu:/opt/ros/humble/lib /usr/bin/cmake /home/aprs/aprs/aprs_ws/src/gear_place -DCMAKE_INSTALL_PREFIX=/home/aprs/aprs/aprs_ws/install/gear_place
[1.499s] Invoking command in '/home/aprs/aprs/aprs_ws/build/gear_place': CMAKE_PREFIX_PATH=/home/aprs/aprs/aprs_ws/install/realsense2_description:/home/aprs/aprs/aprs_ws/install/realsense2_camera:/home/aprs/aprs/aprs_ws/install/realsense2_camera_msgs:/home/aprs/aprs/aprs_ws/install/worlds:/home/aprs/aprs/aprs_ws/install/workbench_description:/home/aprs/aprs/aprs_ws/install/vaccum_description:/home/aprs/aprs/aprs_ws/install/ur_setup:/home/aprs/aprs/aprs_ws/install/ur:/home/aprs/aprs/aprs_ws/install/ur_calibration:/home/aprs/aprs/aprs_ws/install/ur_robot_driver:/home/aprs/aprs/aprs_ws/install/ur_bringup:/home/aprs/aprs/aprs_ws/install/ur_controllers:/home/aprs/aprs/aprs_ws/install/ur_msgs:/home/aprs/aprs/aprs_ws/install/ur_moveit_config:/home/aprs/aprs/aprs_ws/install/ur_gz:/home/aprs/aprs/aprs_ws/install/ur_description_gz:/home/aprs/aprs/aprs_ws/install/ur5e_moveit_config:/home/aprs/aprs/aprs_ws/install/panda_moveit_config:/home/aprs/aprs/aprs_ws/install/ur_description:/home/aprs/aprs/aprs_ws/install/ur_dashboard_msgs:/home/aprs/aprs/aprs_ws/install/ur_client_library:/home/aprs/aprs/aprs_ws/install/table_description:/home/aprs/aprs/aprs_ws/install/point_cloud:/home/aprs/aprs/aprs_ws/install/gear_place:/home/aprs/aprs/aprs_ws/install/panda_description:/home/aprs/aprs/aprs_ws/install/ign_ros2_control_demos:/home/aprs/aprs/aprs_ws/install/gz_ros2_control_tests:/home/aprs/aprs/aprs_ws/install/ign_ros2_control:/home/aprs/aprs/aprs_ws/install/franka_setup:/home/aprs/aprs/aprs_ws/install/franka_gz:/home/aprs/aprs/aprs_ws/install/fanuc_moveit_config:/home/aprs/aprs/aprs_ws/install/fanuc_description:/home/aprs/aprs/aprs_ws/install/conveyor_interfaces:/home/aprs/aprs/aprs_ws/install/camera_mount:/home/aprs/aprs/aprs_ws/install/conveyor_controller:/opt/ros/humble LD_LIBRARY_PATH=/home/aprs/aprs/aprs_ws/install/realsense2_camera/lib:/home/aprs/aprs/aprs_ws/install/realsense2_camera_msgs/lib:/home/aprs/aprs/aprs_ws/install/ur_robot_driver/lib:/home/aprs/aprs/aprs_ws/install/ur_controllers/lib:/home/aprs/aprs/aprs_ws/install/ur_msgs/lib:/home/aprs/aprs/aprs_ws/install/ur_dashboard_msgs/lib:/home/aprs/aprs/aprs_ws/install/ur_client_library/lib:/home/aprs/aprs/aprs_ws/install/point_cloud/lib:/home/aprs/aprs/aprs_ws/install/ign_ros2_control/lib:/home/aprs/aprs/aprs_ws/install/conveyor_interfaces/lib:/opt/ros/humble/opt/rviz_ogre_vendor/lib:/opt/ros/humble/lib/x86_64-linux-gnu:/opt/ros/humble/lib /usr/bin/cmake --build /home/aprs/aprs/aprs_ws/build/gear_place -- -j16 -l16
[1.536s] Built target ament_cmake_python_copy_gear_place
[1.675s] running egg_info
[1.675s] creating gear_place.egg-info
[1.675s] writing gear_place.egg-info/PKG-INFO
[1.675s] writing dependency_links to gear_place.egg-info/dependency_links.txt
[1.675s] writing top-level names to gear_place.egg-info/top_level.txt
[1.675s] writing manifest file 'gear_place.egg-info/SOURCES.txt'
[1.676s] reading manifest file 'gear_place.egg-info/SOURCES.txt'
[1.677s] writing manifest file 'gear_place.egg-info/SOURCES.txt'
[1.695s] Built target ament_cmake_python_build_gear_place_egg
[1.701s] Invoked command in '/home/aprs/aprs/aprs_ws/build/gear_place' returned '0': CMAKE_PREFIX_PATH=/home/aprs/aprs/aprs_ws/install/realsense2_description:/home/aprs/aprs/aprs_ws/install/realsense2_camera:/home/aprs/aprs/aprs_ws/install/realsense2_camera_msgs:/home/aprs/aprs/aprs_ws/install/worlds:/home/aprs/aprs/aprs_ws/install/workbench_description:/home/aprs/aprs/aprs_ws/install/vaccum_description:/home/aprs/aprs/aprs_ws/install/ur_setup:/home/aprs/aprs/aprs_ws/install/ur:/home/aprs/aprs/aprs_ws/install/ur_calibration:/home/aprs/aprs/aprs_ws/install/ur_robot_driver:/home/aprs/aprs/aprs_ws/install/ur_bringup:/home/aprs/aprs/aprs_ws/install/ur_controllers:/home/aprs/aprs/aprs_ws/install/ur_msgs:/home/aprs/aprs/aprs_ws/install/ur_moveit_config:/home/aprs/aprs/aprs_ws/install/ur_gz:/home/aprs/aprs/aprs_ws/install/ur_description_gz:/home/aprs/aprs/aprs_ws/install/ur5e_moveit_config:/home/aprs/aprs/aprs_ws/install/panda_moveit_config:/home/aprs/aprs/aprs_ws/install/ur_description:/home/aprs/aprs/aprs_ws/install/ur_dashboard_msgs:/home/aprs/aprs/aprs_ws/install/ur_client_library:/home/aprs/aprs/aprs_ws/install/table_description:/home/aprs/aprs/aprs_ws/install/point_cloud:/home/aprs/aprs/aprs_ws/install/gear_place:/home/aprs/aprs/aprs_ws/install/panda_description:/home/aprs/aprs/aprs_ws/install/ign_ros2_control_demos:/home/aprs/aprs/aprs_ws/install/gz_ros2_control_tests:/home/aprs/aprs/aprs_ws/install/ign_ros2_control:/home/aprs/aprs/aprs_ws/install/franka_setup:/home/aprs/aprs/aprs_ws/install/franka_gz:/home/aprs/aprs/aprs_ws/install/fanuc_moveit_config:/home/aprs/aprs/aprs_ws/install/fanuc_description:/home/aprs/aprs/aprs_ws/install/conveyor_interfaces:/home/aprs/aprs/aprs_ws/install/camera_mount:/home/aprs/aprs/aprs_ws/install/conveyor_controller:/opt/ros/humble LD_LIBRARY_PATH=/home/aprs/aprs/aprs_ws/install/realsense2_camera/lib:/home/aprs/aprs/aprs_ws/install/realsense2_camera_msgs/lib:/home/aprs/aprs/aprs_ws/install/ur_robot_driver/lib:/home/aprs/aprs/aprs_ws/install/ur_controllers/lib:/home/aprs/aprs/aprs_ws/install/ur_msgs/lib:/home/aprs/aprs/aprs_ws/install/ur_dashboard_msgs/lib:/home/aprs/aprs/aprs_ws/install/ur_client_library/lib:/home/aprs/aprs/aprs_ws/install/point_cloud/lib:/home/aprs/aprs/aprs_ws/install/ign_ros2_control/lib:/home/aprs/aprs/aprs_ws/install/conveyor_interfaces/lib:/opt/ros/humble/opt/rviz_ogre_vendor/lib:/opt/ros/humble/lib/x86_64-linux-gnu:/opt/ros/humble/lib /usr/bin/cmake --build /home/aprs/aprs/aprs_ws/build/gear_place -- -j16 -l16
[1.717s] Invoking command in '/home/aprs/aprs/aprs_ws/build/gear_place': CMAKE_PREFIX_PATH=/home/aprs/aprs/aprs_ws/install/realsense2_description:/home/aprs/aprs/aprs_ws/install/realsense2_camera:/home/aprs/aprs/aprs_ws/install/realsense2_camera_msgs:/home/aprs/aprs/aprs_ws/install/worlds:/home/aprs/aprs/aprs_ws/install/workbench_description:/home/aprs/aprs/aprs_ws/install/vaccum_description:/home/aprs/aprs/aprs_ws/install/ur_setup:/home/aprs/aprs/aprs_ws/install/ur:/home/aprs/aprs/aprs_ws/install/ur_calibration:/home/aprs/aprs/aprs_ws/install/ur_robot_driver:/home/aprs/aprs/aprs_ws/install/ur_bringup:/home/aprs/aprs/aprs_ws/install/ur_controllers:/home/aprs/aprs/aprs_ws/install/ur_msgs:/home/aprs/aprs/aprs_ws/install/ur_moveit_config:/home/aprs/aprs/aprs_ws/install/ur_gz:/home/aprs/aprs/aprs_ws/install/ur_description_gz:/home/aprs/aprs/aprs_ws/install/ur5e_moveit_config:/home/aprs/aprs/aprs_ws/install/panda_moveit_config:/home/aprs/aprs/aprs_ws/install/ur_description:/home/aprs/aprs/aprs_ws/install/ur_dashboard_msgs:/home/aprs/aprs/aprs_ws/install/ur_client_library:/home/aprs/aprs/aprs_ws/install/table_description:/home/aprs/aprs/aprs_ws/install/point_cloud:/home/aprs/aprs/aprs_ws/install/gear_place:/home/aprs/aprs/aprs_ws/install/panda_description:/home/aprs/aprs/aprs_ws/install/ign_ros2_control_demos:/home/aprs/aprs/aprs_ws/install/gz_ros2_control_tests:/home/aprs/aprs/aprs_ws/install/ign_ros2_control:/home/aprs/aprs/aprs_ws/install/franka_setup:/home/aprs/aprs/aprs_ws/install/franka_gz:/home/aprs/aprs/aprs_ws/install/fanuc_moveit_config:/home/aprs/aprs/aprs_ws/install/fanuc_description:/home/aprs/aprs/aprs_ws/install/conveyor_interfaces:/home/aprs/aprs/aprs_ws/install/camera_mount:/home/aprs/aprs/aprs_ws/install/conveyor_controller:/opt/ros/humble LD_LIBRARY_PATH=/home/aprs/aprs/aprs_ws/install/realsense2_camera/lib:/home/aprs/aprs/aprs_ws/install/realsense2_camera_msgs/lib:/home/aprs/aprs/aprs_ws/install/ur_robot_driver/lib:/home/aprs/aprs/aprs_ws/install/ur_controllers/lib:/home/aprs/aprs/aprs_ws/install/ur_msgs/lib:/home/aprs/aprs/aprs_ws/install/ur_dashboard_msgs/lib:/home/aprs/aprs/aprs_ws/install/ur_client_library/lib:/home/aprs/aprs/aprs_ws/install/point_cloud/lib:/home/aprs/aprs/aprs_ws/install/ign_ros2_control/lib:/home/aprs/aprs/aprs_ws/install/conveyor_interfaces/lib:/opt/ros/humble/opt/rviz_ogre_vendor/lib:/opt/ros/humble/lib/x86_64-linux-gnu:/opt/ros/humble/lib /usr/bin/cmake --install /home/aprs/aprs/aprs_ws/build/gear_place
[1.722s] -- Install configuration: ""
[1.722s] -- Installing: /home/aprs/aprs/aprs_ws/install/gear_place/share/gear_place/environment/pythonpath.sh
[1.722s] -- Installing: /home/aprs/aprs/aprs_ws/install/gear_place/share/gear_place/environment/pythonpath.dsv
[1.722s] -- Installing: /home/aprs/aprs/aprs_ws/install/gear_place/local/lib/python3.10/dist-packages/gear_place-0.0.0-py3.10.egg-info
[1.722s] -- Installing: /home/aprs/aprs/aprs_ws/install/gear_place/local/lib/python3.10/dist-packages/gear_place-0.0.0-py3.10.egg-info/PKG-INFO
[1.723s] -- Installing: /home/aprs/aprs/aprs_ws/install/gear_place/local/lib/python3.10/dist-packages/gear_place-0.0.0-py3.10.egg-info/dependency_links.txt
[1.723s] -- Installing: /home/aprs/aprs/aprs_ws/install/gear_place/local/lib/python3.10/dist-packages/gear_place-0.0.0-py3.10.egg-info/SOURCES.txt
[1.723s] -- Installing: /home/aprs/aprs/aprs_ws/install/gear_place/local/lib/python3.10/dist-packages/gear_place-0.0.0-py3.10.egg-info/top_level.txt
[1.723s] -- Installing: /home/aprs/aprs/aprs_ws/install/gear_place/local/lib/python3.10/dist-packages/gear_place
[1.723s] -- Installing: /home/aprs/aprs/aprs_ws/install/gear_place/local/lib/python3.10/dist-packages/gear_place/__init__.py
[1.723s] -- Installing: /home/aprs/aprs/aprs_ws/install/gear_place/local/lib/python3.10/dist-packages/gear_place/object_depth.py
[1.723s] -- Installing: /home/aprs/aprs/aprs_ws/install/gear_place/local/lib/python3.10/dist-packages/gear_place/find_object_color.py
[1.723s] -- Installing: /home/aprs/aprs/aprs_ws/install/gear_place/local/lib/python3.10/dist-packages/gear_place/find_object.py
[1.747s] Listing '/home/aprs/aprs/aprs_ws/install/gear_place/local/lib/python3.10/dist-packages/gear_place'...
[1.747s] Compiling '/home/aprs/aprs/aprs_ws/install/gear_place/local/lib/python3.10/dist-packages/gear_place/__init__.py'...
[1.747s] Compiling '/home/aprs/aprs/aprs_ws/install/gear_place/local/lib/python3.10/dist-packages/gear_place/find_object.py'...
[1.747s] Compiling '/home/aprs/aprs/aprs_ws/install/gear_place/local/lib/python3.10/dist-packages/gear_place/find_object_color.py'...
[1.747s] Compiling '/home/aprs/aprs/aprs_ws/install/gear_place/local/lib/python3.10/dist-packages/gear_place/object_depth.py'...
[1.750s] -- Installing: /home/aprs/aprs/aprs_ws/install/gear_place/lib/gear_place/find_object_node.py
[1.750s] -- Installing: /home/aprs/aprs/aprs_ws/install/gear_place/share/gear_place//launch
[1.750s] -- Installing: /home/aprs/aprs/aprs_ws/install/gear_place/share/gear_place//launch/gear.launch.py
[1.750s] -- Installing: /home/aprs/aprs/aprs_ws/install/gear_place/share/ament_index/resource_index/package_run_dependencies/gear_place
[1.750s] -- Installing: /home/aprs/aprs/aprs_ws/install/gear_place/share/ament_index/resource_index/parent_prefix_path/gear_place
[1.750s] -- Installing: /home/aprs/aprs/aprs_ws/install/gear_place/share/gear_place/environment/ament_prefix_path.sh
[1.750s] -- Installing: /home/aprs/aprs/aprs_ws/install/gear_place/share/gear_place/environment/ament_prefix_path.dsv
[1.750s] -- Installing: /home/aprs/aprs/aprs_ws/install/gear_place/share/gear_place/environment/path.sh
[1.750s] -- Installing: /home/aprs/aprs/aprs_ws/install/gear_place/share/gear_place/environment/path.dsv
[1.750s] -- Installing: /home/aprs/aprs/aprs_ws/install/gear_place/share/gear_place/local_setup.bash
[1.750s] -- Installing: /home/aprs/aprs/aprs_ws/install/gear_place/share/gear_place/local_setup.sh
[1.750s] -- Installing: /home/aprs/aprs/aprs_ws/install/gear_place/share/gear_place/local_setup.zsh
[1.750s] -- Installing: /home/aprs/aprs/aprs_ws/install/gear_place/share/gear_place/local_setup.dsv
[1.751s] -- Installing: /home/aprs/aprs/aprs_ws/install/gear_place/share/gear_place/package.dsv
[1.751s] -- Installing: /home/aprs/aprs/aprs_ws/install/gear_place/share/ament_index/resource_index/packages/gear_place
[1.751s] -- Installing: /home/aprs/aprs/aprs_ws/install/gear_place/share/gear_place/cmake/gear_placeConfig.cmake
[1.751s] -- Installing: /home/aprs/aprs/aprs_ws/install/gear_place/share/gear_place/cmake/gear_placeConfig-version.cmake
[1.751s] -- Installing: /home/aprs/aprs/aprs_ws/install/gear_place/share/gear_place/package.xml
[1.754s] Invoked command in '/home/aprs/aprs/aprs_ws/build/gear_place' returned '0': CMAKE_PREFIX_PATH=/home/aprs/aprs/aprs_ws/install/realsense2_description:/home/aprs/aprs/aprs_ws/install/realsense2_camera:/home/aprs/aprs/aprs_ws/install/realsense2_camera_msgs:/home/aprs/aprs/aprs_ws/install/worlds:/home/aprs/aprs/aprs_ws/install/workbench_description:/home/aprs/aprs/aprs_ws/install/vaccum_description:/home/aprs/aprs/aprs_ws/install/ur_setup:/home/aprs/aprs/aprs_ws/install/ur:/home/aprs/aprs/aprs_ws/install/ur_calibration:/home/aprs/aprs/aprs_ws/install/ur_robot_driver:/home/aprs/aprs/aprs_ws/install/ur_bringup:/home/aprs/aprs/aprs_ws/install/ur_controllers:/home/aprs/aprs/aprs_ws/install/ur_msgs:/home/aprs/aprs/aprs_ws/install/ur_moveit_config:/home/aprs/aprs/aprs_ws/install/ur_gz:/home/aprs/aprs/aprs_ws/install/ur_description_gz:/home/aprs/aprs/aprs_ws/install/ur5e_moveit_config:/home/aprs/aprs/aprs_ws/install/panda_moveit_config:/home/aprs/aprs/aprs_ws/install/ur_description:/home/aprs/aprs/aprs_ws/install/ur_dashboard_msgs:/home/aprs/aprs/aprs_ws/install/ur_client_library:/home/aprs/aprs/aprs_ws/install/table_description:/home/aprs/aprs/aprs_ws/install/point_cloud:/home/aprs/aprs/aprs_ws/install/gear_place:/home/aprs/aprs/aprs_ws/install/panda_description:/home/aprs/aprs/aprs_ws/install/ign_ros2_control_demos:/home/aprs/aprs/aprs_ws/install/gz_ros2_control_tests:/home/aprs/aprs/aprs_ws/install/ign_ros2_control:/home/aprs/aprs/aprs_ws/install/franka_setup:/home/aprs/aprs/aprs_ws/install/franka_gz:/home/aprs/aprs/aprs_ws/install/fanuc_moveit_config:/home/aprs/aprs/aprs_ws/install/fanuc_description:/home/aprs/aprs/aprs_ws/install/conveyor_interfaces:/home/aprs/aprs/aprs_ws/install/camera_mount:/home/aprs/aprs/aprs_ws/install/conveyor_controller:/opt/ros/humble LD_LIBRARY_PATH=/home/aprs/aprs/aprs_ws/install/realsense2_camera/lib:/home/aprs/aprs/aprs_ws/install/realsense2_camera_msgs/lib:/home/aprs/aprs/aprs_ws/install/ur_robot_driver/lib:/home/aprs/aprs/aprs_ws/install/ur_controllers/lib:/home/aprs/aprs/aprs_ws/install/ur_msgs/lib:/home/aprs/aprs/aprs_ws/install/ur_dashboard_msgs/lib:/home/aprs/aprs/aprs_ws/install/ur_client_library/lib:/home/aprs/aprs/aprs_ws/install/point_cloud/lib:/home/aprs/aprs/aprs_ws/install/ign_ros2_control/lib:/home/aprs/aprs/aprs_ws/install/conveyor_interfaces/lib:/opt/ros/humble/opt/rviz_ogre_vendor/lib:/opt/ros/humble/lib/x86_64-linux-gnu:/opt/ros/humble/lib /usr/bin/cmake --install /home/aprs/aprs/aprs_ws/build/gear_place
