[0.985s] Invoking command in '/workspaces/aprs/aprs_ws/build/ur_moveit_config': CMAKE_PREFIX_PATH=/workspaces/aprs/aprs_ws/install/ur_description:/workspaces/aprs/aprs_ws/install/worlds:/workspaces/aprs/aprs_ws/install/workbench_description:/workspaces/aprs/aprs_ws/install/vaccum_description:/workspaces/aprs/aprs_ws/install/ur_setup:/workspaces/aprs/aprs_ws/install/ur:/workspaces/aprs/aprs_ws/install/ur_calibration:/workspaces/aprs/aprs_ws/install/ur_robot_driver:/workspaces/aprs/aprs_ws/install/ur_bringup:/workspaces/aprs/aprs_ws/install/ur_controllers:/workspaces/aprs/aprs_ws/install/ur_msgs:/workspaces/aprs/aprs_ws/install/ur_moveit_config:/workspaces/aprs/aprs_ws/install/ur_gz:/workspaces/aprs/aprs_ws/install/ur_description__:/workspaces/aprs/aprs_ws/install/ur5e_moveit_config:/workspaces/aprs/aprs_ws/install/panda_moveit_config:/workspaces/aprs/aprs_ws/install/motoman_moveit_config:/workspaces/aprs/aprs_ws/install/fanuc_moveit_config:/workspaces/aprs/aprs_ws/install/aprs_moveit_config:/workspaces/aprs/aprs_ws/install/ur_dashboard_msgs:/workspaces/aprs/aprs_ws/install/ur_client_library:/workspaces/aprs/aprs_ws/install/table_description:/workspaces/aprs/aprs_ws/install/ros_gz_example_gazebo:/workspaces/aprs/aprs_ws/install/point_cloud:/workspaces/aprs/aprs_ws/install/realsense2_description:/workspaces/aprs/aprs_ws/install/panda_description:/workspaces/aprs/aprs_ws/install/motoman_gz:/workspaces/aprs/aprs_ws/install/motoman_description:/workspaces/aprs/aprs_ws/install/ign_ros2_control_demos:/workspaces/aprs/aprs_ws/install/gz_ros2_control_tests:/workspaces/aprs/aprs_ws/install/ign_ros2_control:/workspaces/aprs/aprs_ws/install/franka_setup:/workspaces/aprs/aprs_ws/install/franka_gz:/workspaces/aprs/aprs_ws/install/fanuc_gz:/workspaces/aprs/aprs_ws/install/fanuc_description:/workspaces/aprs/aprs_ws/install/camera_mount:/workspaces/aprs/aprs_ws/install/aprs_lab:/workspaces/aprs/aprs_ws/install/aprs_gazebo:/opt/ros/humble /usr/bin/cmake --build /workspaces/aprs/aprs_ws/build/ur_moveit_config -- -j16 -l16
[1.310s] Built target ament_cmake_python_copy_ur_moveit_config
[1.617s] running egg_info
[1.618s] writing ur_moveit_config.egg-info/PKG-INFO
[1.619s] writing dependency_links to ur_moveit_config.egg-info/dependency_links.txt
[1.619s] writing top-level names to ur_moveit_config.egg-info/top_level.txt
[1.623s] reading manifest file 'ur_moveit_config.egg-info/SOURCES.txt'
[1.623s] writing manifest file 'ur_moveit_config.egg-info/SOURCES.txt'
[1.727s] Built target ament_cmake_python_build_ur_moveit_config_egg
[2.250s] Invoked command in '/workspaces/aprs/aprs_ws/build/ur_moveit_config' returned '0': CMAKE_PREFIX_PATH=/workspaces/aprs/aprs_ws/install/ur_description:/workspaces/aprs/aprs_ws/install/worlds:/workspaces/aprs/aprs_ws/install/workbench_description:/workspaces/aprs/aprs_ws/install/vaccum_description:/workspaces/aprs/aprs_ws/install/ur_setup:/workspaces/aprs/aprs_ws/install/ur:/workspaces/aprs/aprs_ws/install/ur_calibration:/workspaces/aprs/aprs_ws/install/ur_robot_driver:/workspaces/aprs/aprs_ws/install/ur_bringup:/workspaces/aprs/aprs_ws/install/ur_controllers:/workspaces/aprs/aprs_ws/install/ur_msgs:/workspaces/aprs/aprs_ws/install/ur_moveit_config:/workspaces/aprs/aprs_ws/install/ur_gz:/workspaces/aprs/aprs_ws/install/ur_description__:/workspaces/aprs/aprs_ws/install/ur5e_moveit_config:/workspaces/aprs/aprs_ws/install/panda_moveit_config:/workspaces/aprs/aprs_ws/install/motoman_moveit_config:/workspaces/aprs/aprs_ws/install/fanuc_moveit_config:/workspaces/aprs/aprs_ws/install/aprs_moveit_config:/workspaces/aprs/aprs_ws/install/ur_dashboard_msgs:/workspaces/aprs/aprs_ws/install/ur_client_library:/workspaces/aprs/aprs_ws/install/table_description:/workspaces/aprs/aprs_ws/install/ros_gz_example_gazebo:/workspaces/aprs/aprs_ws/install/point_cloud:/workspaces/aprs/aprs_ws/install/realsense2_description:/workspaces/aprs/aprs_ws/install/panda_description:/workspaces/aprs/aprs_ws/install/motoman_gz:/workspaces/aprs/aprs_ws/install/motoman_description:/workspaces/aprs/aprs_ws/install/ign_ros2_control_demos:/workspaces/aprs/aprs_ws/install/gz_ros2_control_tests:/workspaces/aprs/aprs_ws/install/ign_ros2_control:/workspaces/aprs/aprs_ws/install/franka_setup:/workspaces/aprs/aprs_ws/install/franka_gz:/workspaces/aprs/aprs_ws/install/fanuc_gz:/workspaces/aprs/aprs_ws/install/fanuc_description:/workspaces/aprs/aprs_ws/install/camera_mount:/workspaces/aprs/aprs_ws/install/aprs_lab:/workspaces/aprs/aprs_ws/install/aprs_gazebo:/opt/ros/humble /usr/bin/cmake --build /workspaces/aprs/aprs_ws/build/ur_moveit_config -- -j16 -l16
[3.178s] Invoking command in '/workspaces/aprs/aprs_ws/build/ur_moveit_config': CMAKE_PREFIX_PATH=/workspaces/aprs/aprs_ws/install/ur_description:/workspaces/aprs/aprs_ws/install/worlds:/workspaces/aprs/aprs_ws/install/workbench_description:/workspaces/aprs/aprs_ws/install/vaccum_description:/workspaces/aprs/aprs_ws/install/ur_setup:/workspaces/aprs/aprs_ws/install/ur:/workspaces/aprs/aprs_ws/install/ur_calibration:/workspaces/aprs/aprs_ws/install/ur_robot_driver:/workspaces/aprs/aprs_ws/install/ur_bringup:/workspaces/aprs/aprs_ws/install/ur_controllers:/workspaces/aprs/aprs_ws/install/ur_msgs:/workspaces/aprs/aprs_ws/install/ur_moveit_config:/workspaces/aprs/aprs_ws/install/ur_gz:/workspaces/aprs/aprs_ws/install/ur_description__:/workspaces/aprs/aprs_ws/install/ur5e_moveit_config:/workspaces/aprs/aprs_ws/install/panda_moveit_config:/workspaces/aprs/aprs_ws/install/motoman_moveit_config:/workspaces/aprs/aprs_ws/install/fanuc_moveit_config:/workspaces/aprs/aprs_ws/install/aprs_moveit_config:/workspaces/aprs/aprs_ws/install/ur_dashboard_msgs:/workspaces/aprs/aprs_ws/install/ur_client_library:/workspaces/aprs/aprs_ws/install/table_description:/workspaces/aprs/aprs_ws/install/ros_gz_example_gazebo:/workspaces/aprs/aprs_ws/install/point_cloud:/workspaces/aprs/aprs_ws/install/realsense2_description:/workspaces/aprs/aprs_ws/install/panda_description:/workspaces/aprs/aprs_ws/install/motoman_gz:/workspaces/aprs/aprs_ws/install/motoman_description:/workspaces/aprs/aprs_ws/install/ign_ros2_control_demos:/workspaces/aprs/aprs_ws/install/gz_ros2_control_tests:/workspaces/aprs/aprs_ws/install/ign_ros2_control:/workspaces/aprs/aprs_ws/install/franka_setup:/workspaces/aprs/aprs_ws/install/franka_gz:/workspaces/aprs/aprs_ws/install/fanuc_gz:/workspaces/aprs/aprs_ws/install/fanuc_description:/workspaces/aprs/aprs_ws/install/camera_mount:/workspaces/aprs/aprs_ws/install/aprs_lab:/workspaces/aprs/aprs_ws/install/aprs_gazebo:/opt/ros/humble /usr/bin/cmake --install /workspaces/aprs/aprs_ws/build/ur_moveit_config
[3.335s] -- Install configuration: ""
[3.335s] -- Up-to-date: /workspaces/aprs/aprs_ws/install/ur_moveit_config/share/ur_moveit_config/config
[3.336s] -- Up-to-date: /workspaces/aprs/aprs_ws/install/ur_moveit_config/share/ur_moveit_config/config/ompl_planning.yaml
[3.336s] -- Up-to-date: /workspaces/aprs/aprs_ws/install/ur_moveit_config/share/ur_moveit_config/config/ur_servo.yaml
[3.336s] -- Up-to-date: /workspaces/aprs/aprs_ws/install/ur_moveit_config/share/ur_moveit_config/config/kinematics.yaml
[3.336s] -- Up-to-date: /workspaces/aprs/aprs_ws/install/ur_moveit_config/share/ur_moveit_config/config/controllers.yaml
[3.337s] -- Up-to-date: /workspaces/aprs/aprs_ws/install/ur_moveit_config/share/ur_moveit_config/launch
[3.337s] -- Up-to-date: /workspaces/aprs/aprs_ws/install/ur_moveit_config/share/ur_moveit_config/launch/ur_moveit.launch.py
[3.337s] -- Up-to-date: /workspaces/aprs/aprs_ws/install/ur_moveit_config/share/ur_moveit_config/rviz
[3.337s] -- Up-to-date: /workspaces/aprs/aprs_ws/install/ur_moveit_config/share/ur_moveit_config/rviz/view_robot.rviz
[3.337s] -- Up-to-date: /workspaces/aprs/aprs_ws/install/ur_moveit_config/share/ur_moveit_config/srdf
[3.337s] -- Up-to-date: /workspaces/aprs/aprs_ws/install/ur_moveit_config/share/ur_moveit_config/srdf/ur_macro.srdf.xacro
[3.337s] -- Up-to-date: /workspaces/aprs/aprs_ws/install/ur_moveit_config/share/ur_moveit_config/srdf/ur.srdf.xacro
[3.337s] -- Up-to-date: /workspaces/aprs/aprs_ws/install/ur_moveit_config/share/ur_moveit_config/environment/pythonpath.sh
[3.337s] -- Up-to-date: /workspaces/aprs/aprs_ws/install/ur_moveit_config/share/ur_moveit_config/environment/pythonpath.dsv
[3.337s] -- Up-to-date: /workspaces/aprs/aprs_ws/install/ur_moveit_config/local/lib/python3.10/dist-packages/ur_moveit_config-2.2.8-py3.10.egg-info
[3.338s] -- Installing: /workspaces/aprs/aprs_ws/install/ur_moveit_config/local/lib/python3.10/dist-packages/ur_moveit_config-2.2.8-py3.10.egg-info/dependency_links.txt
[3.338s] -- Installing: /workspaces/aprs/aprs_ws/install/ur_moveit_config/local/lib/python3.10/dist-packages/ur_moveit_config-2.2.8-py3.10.egg-info/top_level.txt
[3.338s] -- Installing: /workspaces/aprs/aprs_ws/install/ur_moveit_config/local/lib/python3.10/dist-packages/ur_moveit_config-2.2.8-py3.10.egg-info/PKG-INFO
[3.338s] -- Installing: /workspaces/aprs/aprs_ws/install/ur_moveit_config/local/lib/python3.10/dist-packages/ur_moveit_config-2.2.8-py3.10.egg-info/SOURCES.txt
[3.338s] -- Up-to-date: /workspaces/aprs/aprs_ws/install/ur_moveit_config/local/lib/python3.10/dist-packages/ur_moveit_config
[3.338s] -- Up-to-date: /workspaces/aprs/aprs_ws/install/ur_moveit_config/local/lib/python3.10/dist-packages/ur_moveit_config/launch_common.py
[3.338s] -- Up-to-date: /workspaces/aprs/aprs_ws/install/ur_moveit_config/local/lib/python3.10/dist-packages/ur_moveit_config/__init__.py
[3.338s] Listing '/workspaces/aprs/aprs_ws/install/ur_moveit_config/local/lib/python3.10/dist-packages/ur_moveit_config'...
[3.338s] -- Up-to-date: /workspaces/aprs/aprs_ws/install/ur_moveit_config/local/lib/python3.10/dist-packages/launch_common.py
[3.338s] -- Up-to-date: /workspaces/aprs/aprs_ws/install/ur_moveit_config/share/ament_index/resource_index/package_run_dependencies/ur_moveit_config
[3.338s] -- Up-to-date: /workspaces/aprs/aprs_ws/install/ur_moveit_config/share/ament_index/resource_index/parent_prefix_path/ur_moveit_config
[3.339s] -- Up-to-date: /workspaces/aprs/aprs_ws/install/ur_moveit_config/share/ur_moveit_config/environment/ament_prefix_path.sh
[3.339s] -- Up-to-date: /workspaces/aprs/aprs_ws/install/ur_moveit_config/share/ur_moveit_config/environment/ament_prefix_path.dsv
[3.339s] -- Up-to-date: /workspaces/aprs/aprs_ws/install/ur_moveit_config/share/ur_moveit_config/environment/path.sh
[3.339s] -- Up-to-date: /workspaces/aprs/aprs_ws/install/ur_moveit_config/share/ur_moveit_config/environment/path.dsv
[3.339s] -- Up-to-date: /workspaces/aprs/aprs_ws/install/ur_moveit_config/share/ur_moveit_config/local_setup.bash
[3.339s] -- Up-to-date: /workspaces/aprs/aprs_ws/install/ur_moveit_config/share/ur_moveit_config/local_setup.sh
[3.339s] -- Up-to-date: /workspaces/aprs/aprs_ws/install/ur_moveit_config/share/ur_moveit_config/local_setup.zsh
[3.339s] -- Up-to-date: /workspaces/aprs/aprs_ws/install/ur_moveit_config/share/ur_moveit_config/local_setup.dsv
[3.339s] -- Installing: /workspaces/aprs/aprs_ws/install/ur_moveit_config/share/ur_moveit_config/package.dsv
[3.339s] -- Up-to-date: /workspaces/aprs/aprs_ws/install/ur_moveit_config/share/ament_index/resource_index/packages/ur_moveit_config
[3.339s] -- Up-to-date: /workspaces/aprs/aprs_ws/install/ur_moveit_config/share/ur_moveit_config/cmake/ur_moveit_configConfig.cmake
[3.340s] -- Up-to-date: /workspaces/aprs/aprs_ws/install/ur_moveit_config/share/ur_moveit_config/cmake/ur_moveit_configConfig-version.cmake
[3.340s] -- Up-to-date: /workspaces/aprs/aprs_ws/install/ur_moveit_config/share/ur_moveit_config/package.xml
[4.361s] Invoked command in '/workspaces/aprs/aprs_ws/build/ur_moveit_config' returned '0': CMAKE_PREFIX_PATH=/workspaces/aprs/aprs_ws/install/ur_description:/workspaces/aprs/aprs_ws/install/worlds:/workspaces/aprs/aprs_ws/install/workbench_description:/workspaces/aprs/aprs_ws/install/vaccum_description:/workspaces/aprs/aprs_ws/install/ur_setup:/workspaces/aprs/aprs_ws/install/ur:/workspaces/aprs/aprs_ws/install/ur_calibration:/workspaces/aprs/aprs_ws/install/ur_robot_driver:/workspaces/aprs/aprs_ws/install/ur_bringup:/workspaces/aprs/aprs_ws/install/ur_controllers:/workspaces/aprs/aprs_ws/install/ur_msgs:/workspaces/aprs/aprs_ws/install/ur_moveit_config:/workspaces/aprs/aprs_ws/install/ur_gz:/workspaces/aprs/aprs_ws/install/ur_description__:/workspaces/aprs/aprs_ws/install/ur5e_moveit_config:/workspaces/aprs/aprs_ws/install/panda_moveit_config:/workspaces/aprs/aprs_ws/install/motoman_moveit_config:/workspaces/aprs/aprs_ws/install/fanuc_moveit_config:/workspaces/aprs/aprs_ws/install/aprs_moveit_config:/workspaces/aprs/aprs_ws/install/ur_dashboard_msgs:/workspaces/aprs/aprs_ws/install/ur_client_library:/workspaces/aprs/aprs_ws/install/table_description:/workspaces/aprs/aprs_ws/install/ros_gz_example_gazebo:/workspaces/aprs/aprs_ws/install/point_cloud:/workspaces/aprs/aprs_ws/install/realsense2_description:/workspaces/aprs/aprs_ws/install/panda_description:/workspaces/aprs/aprs_ws/install/motoman_gz:/workspaces/aprs/aprs_ws/install/motoman_description:/workspaces/aprs/aprs_ws/install/ign_ros2_control_demos:/workspaces/aprs/aprs_ws/install/gz_ros2_control_tests:/workspaces/aprs/aprs_ws/install/ign_ros2_control:/workspaces/aprs/aprs_ws/install/franka_setup:/workspaces/aprs/aprs_ws/install/franka_gz:/workspaces/aprs/aprs_ws/install/fanuc_gz:/workspaces/aprs/aprs_ws/install/fanuc_description:/workspaces/aprs/aprs_ws/install/camera_mount:/workspaces/aprs/aprs_ws/install/aprs_lab:/workspaces/aprs/aprs_ws/install/aprs_gazebo:/opt/ros/humble /usr/bin/cmake --install /workspaces/aprs/aprs_ws/build/ur_moveit_config
