[0.999s] Invoking command in '/workspaces/aprs/aprs_ws/build/ur_description__': CMAKE_PREFIX_PATH=${CMAKE_PREFIX_PATH}:/opt/ros/humble /usr/bin/cmake --build /workspaces/aprs/aprs_ws/build/ur_description__ -- -j16 -l16
[1.470s] Invoked command in '/workspaces/aprs/aprs_ws/build/ur_description__' returned '0': CMAKE_PREFIX_PATH=${CMAKE_PREFIX_PATH}:/opt/ros/humble /usr/bin/cmake --build /workspaces/aprs/aprs_ws/build/ur_description__ -- -j16 -l16
[1.981s] Invoking command in '/workspaces/aprs/aprs_ws/build/ur_description__': CMAKE_PREFIX_PATH=${CMAKE_PREFIX_PATH}:/opt/ros/humble /usr/bin/cmake --install /workspaces/aprs/aprs_ws/build/ur_description__
[2.073s] -- Install configuration: ""
[2.075s] -- Up-to-date: /workspaces/aprs/aprs_ws/install/ur_description__/share/ur_description__/config
[2.076s] -- Up-to-date: /workspaces/aprs/aprs_ws/install/ur_description__/share/ur_description__/config/ur3e
[2.076s] -- Up-to-date: /workspaces/aprs/aprs_ws/install/ur_description__/share/ur_description__/config/ur3e/physical_parameters.yaml
[2.076s] -- Up-to-date: /workspaces/aprs/aprs_ws/install/ur_description__/share/ur_description__/config/ur3e/joint_limits.yaml
[2.077s] -- Up-to-date: /workspaces/aprs/aprs_ws/install/ur_description__/share/ur_description__/config/ur3e/default_kinematics.yaml
[2.077s] -- Up-to-date: /workspaces/aprs/aprs_ws/install/ur_description__/share/ur_description__/config/ur3e/visual_parameters.yaml
[2.077s] -- Up-to-date: /workspaces/aprs/aprs_ws/install/ur_description__/share/ur_description__/config/ur3
[2.077s] -- Up-to-date: /workspaces/aprs/aprs_ws/install/ur_description__/share/ur_description__/config/ur3/physical_parameters.yaml
[2.078s] -- Up-to-date: /workspaces/aprs/aprs_ws/install/ur_description__/share/ur_description__/config/ur3/joint_limits.yaml
[2.078s] -- Up-to-date: /workspaces/aprs/aprs_ws/install/ur_description__/share/ur_description__/config/ur3/default_kinematics.yaml
[2.078s] -- Up-to-date: /workspaces/aprs/aprs_ws/install/ur_description__/share/ur_description__/config/ur3/visual_parameters.yaml
[2.078s] -- Up-to-date: /workspaces/aprs/aprs_ws/install/ur_description__/share/ur_description__/config/initial_positions.yaml
[2.079s] -- Up-to-date: /workspaces/aprs/aprs_ws/install/ur_description__/share/ur_description__/config/ur10e
[2.079s] -- Up-to-date: /workspaces/aprs/aprs_ws/install/ur_description__/share/ur_description__/config/ur10e/physical_parameters.yaml
[2.079s] -- Up-to-date: /workspaces/aprs/aprs_ws/install/ur_description__/share/ur_description__/config/ur10e/joint_limits.yaml
[2.079s] -- Up-to-date: /workspaces/aprs/aprs_ws/install/ur_description__/share/ur_description__/config/ur10e/default_kinematics.yaml
[2.079s] -- Up-to-date: /workspaces/aprs/aprs_ws/install/ur_description__/share/ur_description__/config/ur10e/visual_parameters.yaml
[2.080s] -- Up-to-date: /workspaces/aprs/aprs_ws/install/ur_description__/share/ur_description__/config/ur5e
[2.080s] -- Up-to-date: /workspaces/aprs/aprs_ws/install/ur_description__/share/ur_description__/config/ur5e/physical_parameters.yaml
[2.080s] -- Up-to-date: /workspaces/aprs/aprs_ws/install/ur_description__/share/ur_description__/config/ur5e/joint_limits.yaml
[2.080s] -- Up-to-date: /workspaces/aprs/aprs_ws/install/ur_description__/share/ur_description__/config/ur5e/default_kinematics.yaml
[2.080s] -- Up-to-date: /workspaces/aprs/aprs_ws/install/ur_description__/share/ur_description__/config/ur5e/visual_parameters.yaml
[2.081s] -- Up-to-date: /workspaces/aprs/aprs_ws/install/ur_description__/share/ur_description__/config/ur10
[2.081s] -- Up-to-date: /workspaces/aprs/aprs_ws/install/ur_description__/share/ur_description__/config/ur10/physical_parameters.yaml
[2.081s] -- Up-to-date: /workspaces/aprs/aprs_ws/install/ur_description__/share/ur_description__/config/ur10/joint_limits.yaml
[2.081s] -- Up-to-date: /workspaces/aprs/aprs_ws/install/ur_description__/share/ur_description__/config/ur10/default_kinematics.yaml
[2.081s] -- Up-to-date: /workspaces/aprs/aprs_ws/install/ur_description__/share/ur_description__/config/ur10/visual_parameters.yaml
[2.082s] -- Up-to-date: /workspaces/aprs/aprs_ws/install/ur_description__/share/ur_description__/config/ur5
[2.082s] -- Up-to-date: /workspaces/aprs/aprs_ws/install/ur_description__/share/ur_description__/config/ur5/physical_parameters.yaml
[2.082s] -- Up-to-date: /workspaces/aprs/aprs_ws/install/ur_description__/share/ur_description__/config/ur5/joint_limits.yaml
[2.082s] -- Up-to-date: /workspaces/aprs/aprs_ws/install/ur_description__/share/ur_description__/config/ur5/default_kinematics.yaml
[2.083s] -- Up-to-date: /workspaces/aprs/aprs_ws/install/ur_description__/share/ur_description__/config/ur5/visual_parameters.yaml
[2.083s] -- Up-to-date: /workspaces/aprs/aprs_ws/install/ur_description__/share/ur_description__/config/ur16e
[2.084s] -- Up-to-date: /workspaces/aprs/aprs_ws/install/ur_description__/share/ur_description__/config/ur16e/physical_parameters.yaml
[2.085s] -- Up-to-date: /workspaces/aprs/aprs_ws/install/ur_description__/share/ur_description__/config/ur16e/joint_limits.yaml
[2.085s] -- Up-to-date: /workspaces/aprs/aprs_ws/install/ur_description__/share/ur_description__/config/ur16e/default_kinematics.yaml
[2.085s] -- Up-to-date: /workspaces/aprs/aprs_ws/install/ur_description__/share/ur_description__/config/ur16e/visual_parameters.yaml
[2.085s] -- Up-to-date: /workspaces/aprs/aprs_ws/install/ur_description__/share/ur_description__/launch
[2.086s] -- Up-to-date: /workspaces/aprs/aprs_ws/install/ur_description__/share/ur_description__/launch/view_ur.launch.py
[2.086s] -- Up-to-date: /workspaces/aprs/aprs_ws/install/ur_description__/share/ur_description__/meshes
[2.086s] -- Up-to-date: /workspaces/aprs/aprs_ws/install/ur_description__/share/ur_description__/meshes/ur3e
[2.086s] -- Up-to-date: /workspaces/aprs/aprs_ws/install/ur_description__/share/ur_description__/meshes/ur3e/visual
[2.086s] -- Up-to-date: /workspaces/aprs/aprs_ws/install/ur_description__/share/ur_description__/meshes/ur3e/visual/upperarm.dae
[2.086s] -- Up-to-date: /workspaces/aprs/aprs_ws/install/ur_description__/share/ur_description__/meshes/ur3e/visual/forearm.dae
[2.087s] -- Up-to-date: /workspaces/aprs/aprs_ws/install/ur_description__/share/ur_description__/meshes/ur3e/visual/wrist2.dae
[2.087s] -- Up-to-date: /workspaces/aprs/aprs_ws/install/ur_description__/share/ur_description__/meshes/ur3e/visual/shoulder.dae
[2.087s] -- Up-to-date: /workspaces/aprs/aprs_ws/install/ur_description__/share/ur_description__/meshes/ur3e/visual/wrist3.dae
[2.087s] -- Up-to-date: /workspaces/aprs/aprs_ws/install/ur_description__/share/ur_description__/meshes/ur3e/visual/wrist1.dae
[2.087s] -- Up-to-date: /workspaces/aprs/aprs_ws/install/ur_description__/share/ur_description__/meshes/ur3e/visual/base.dae
[2.088s] -- Up-to-date: /workspaces/aprs/aprs_ws/install/ur_description__/share/ur_description__/meshes/ur3e/collision
[2.088s] -- Up-to-date: /workspaces/aprs/aprs_ws/install/ur_description__/share/ur_description__/meshes/ur3e/collision/wrist3.stl
[2.088s] -- Up-to-date: /workspaces/aprs/aprs_ws/install/ur_description__/share/ur_description__/meshes/ur3e/collision/base.stl
[2.088s] -- Up-to-date: /workspaces/aprs/aprs_ws/install/ur_description__/share/ur_description__/meshes/ur3e/collision/shoulder.stl
[2.088s] -- Up-to-date: /workspaces/aprs/aprs_ws/install/ur_description__/share/ur_description__/meshes/ur3e/collision/wrist1.stl
[2.089s] -- Up-to-date: /workspaces/aprs/aprs_ws/install/ur_description__/share/ur_description__/meshes/ur3e/collision/wrist2.stl
[2.089s] -- Up-to-date: /workspaces/aprs/aprs_ws/install/ur_description__/share/ur_description__/meshes/ur3e/collision/upperarm.stl
[2.089s] -- Up-to-date: /workspaces/aprs/aprs_ws/install/ur_description__/share/ur_description__/meshes/ur3e/collision/forearm.stl
[2.089s] -- Up-to-date: /workspaces/aprs/aprs_ws/install/ur_description__/share/ur_description__/meshes/ur3
[2.089s] -- Up-to-date: /workspaces/aprs/aprs_ws/install/ur_description__/share/ur_description__/meshes/ur3/visual
[2.089s] -- Up-to-date: /workspaces/aprs/aprs_ws/install/ur_description__/share/ur_description__/meshes/ur3/visual/upperarm.dae
[2.090s] -- Up-to-date: /workspaces/aprs/aprs_ws/install/ur_description__/share/ur_description__/meshes/ur3/visual/forearm.dae
[2.090s] -- Up-to-date: /workspaces/aprs/aprs_ws/install/ur_description__/share/ur_description__/meshes/ur3/visual/wrist2.dae
[2.090s] -- Up-to-date: /workspaces/aprs/aprs_ws/install/ur_description__/share/ur_description__/meshes/ur3/visual/shoulder.dae
[2.090s] -- Up-to-date: /workspaces/aprs/aprs_ws/install/ur_description__/share/ur_description__/meshes/ur3/visual/wrist3.dae
[2.090s] -- Up-to-date: /workspaces/aprs/aprs_ws/install/ur_description__/share/ur_description__/meshes/ur3/visual/wrist1.dae
[2.090s] -- Up-to-date: /workspaces/aprs/aprs_ws/install/ur_description__/share/ur_description__/meshes/ur3/visual/base.dae
[2.090s] -- Up-to-date: /workspaces/aprs/aprs_ws/install/ur_description__/share/ur_description__/meshes/ur3/collision
[2.091s] -- Up-to-date: /workspaces/aprs/aprs_ws/install/ur_description__/share/ur_description__/meshes/ur3/collision/wrist3.stl
[2.091s] -- Up-to-date: /workspaces/aprs/aprs_ws/install/ur_description__/share/ur_description__/meshes/ur3/collision/base.stl
[2.091s] -- Up-to-date: /workspaces/aprs/aprs_ws/install/ur_description__/share/ur_description__/meshes/ur3/collision/shoulder.stl
[2.091s] -- Up-to-date: /workspaces/aprs/aprs_ws/install/ur_description__/share/ur_description__/meshes/ur3/collision/wrist1.stl
[2.091s] -- Up-to-date: /workspaces/aprs/aprs_ws/install/ur_description__/share/ur_description__/meshes/ur3/collision/wrist2.stl
[2.091s] -- Up-to-date: /workspaces/aprs/aprs_ws/install/ur_description__/share/ur_description__/meshes/ur3/collision/upperarm.stl
[2.091s] -- Up-to-date: /workspaces/aprs/aprs_ws/install/ur_description__/share/ur_description__/meshes/ur3/collision/forearm.stl
[2.092s] -- Up-to-date: /workspaces/aprs/aprs_ws/install/ur_description__/share/ur_description__/meshes/ur10e
[2.092s] -- Up-to-date: /workspaces/aprs/aprs_ws/install/ur_description__/share/ur_description__/meshes/ur10e/visual
[2.092s] -- Up-to-date: /workspaces/aprs/aprs_ws/install/ur_description__/share/ur_description__/meshes/ur10e/visual/upperarm.dae
[2.093s] -- Up-to-date: /workspaces/aprs/aprs_ws/install/ur_description__/share/ur_description__/meshes/ur10e/visual/forearm.dae
[2.093s] -- Up-to-date: /workspaces/aprs/aprs_ws/install/ur_description__/share/ur_description__/meshes/ur10e/visual/wrist2.dae
[2.094s] -- Up-to-date: /workspaces/aprs/aprs_ws/install/ur_description__/share/ur_description__/meshes/ur10e/visual/shoulder.dae
[2.094s] -- Up-to-date: /workspaces/aprs/aprs_ws/install/ur_description__/share/ur_description__/meshes/ur10e/visual/wrist3.dae
[2.094s] -- Up-to-date: /workspaces/aprs/aprs_ws/install/ur_description__/share/ur_description__/meshes/ur10e/visual/wrist1.dae
[2.095s] -- Up-to-date: /workspaces/aprs/aprs_ws/install/ur_description__/share/ur_description__/meshes/ur10e/visual/base.dae
[2.095s] -- Up-to-date: /workspaces/aprs/aprs_ws/install/ur_description__/share/ur_description__/meshes/ur10e/collision
[2.095s] -- Up-to-date: /workspaces/aprs/aprs_ws/install/ur_description__/share/ur_description__/meshes/ur10e/collision/wrist3.stl
[2.095s] -- Up-to-date: /workspaces/aprs/aprs_ws/install/ur_description__/share/ur_description__/meshes/ur10e/collision/base.stl
[2.096s] -- Up-to-date: /workspaces/aprs/aprs_ws/install/ur_description__/share/ur_description__/meshes/ur10e/collision/shoulder.stl
[2.096s] -- Up-to-date: /workspaces/aprs/aprs_ws/install/ur_description__/share/ur_description__/meshes/ur10e/collision/wrist1.stl
[2.096s] -- Up-to-date: /workspaces/aprs/aprs_ws/install/ur_description__/share/ur_description__/meshes/ur10e/collision/wrist2.stl
[2.096s] -- Up-to-date: /workspaces/aprs/aprs_ws/install/ur_description__/share/ur_description__/meshes/ur10e/collision/upperarm.stl
[2.096s] -- Up-to-date: /workspaces/aprs/aprs_ws/install/ur_description__/share/ur_description__/meshes/ur10e/collision/forearm.stl
[2.097s] -- Up-to-date: /workspaces/aprs/aprs_ws/install/ur_description__/share/ur_description__/meshes/ur5e
[2.097s] -- Up-to-date: /workspaces/aprs/aprs_ws/install/ur_description__/share/ur_description__/meshes/ur5e/visual
[2.097s] -- Up-to-date: /workspaces/aprs/aprs_ws/install/ur_description__/share/ur_description__/meshes/ur5e/visual/upperarm.dae
[2.098s] -- Up-to-date: /workspaces/aprs/aprs_ws/install/ur_description__/share/ur_description__/meshes/ur5e/visual/forearm.dae
[2.098s] -- Up-to-date: /workspaces/aprs/aprs_ws/install/ur_description__/share/ur_description__/meshes/ur5e/visual/wrist2.dae
[2.098s] -- Up-to-date: /workspaces/aprs/aprs_ws/install/ur_description__/share/ur_description__/meshes/ur5e/visual/shoulder.dae
[2.098s] -- Up-to-date: /workspaces/aprs/aprs_ws/install/ur_description__/share/ur_description__/meshes/ur5e/visual/wrist3.dae
[2.098s] -- Up-to-date: /workspaces/aprs/aprs_ws/install/ur_description__/share/ur_description__/meshes/ur5e/visual/wrist1.dae
[2.099s] -- Up-to-date: /workspaces/aprs/aprs_ws/install/ur_description__/share/ur_description__/meshes/ur5e/visual/base.dae
[2.099s] -- Up-to-date: /workspaces/aprs/aprs_ws/install/ur_description__/share/ur_description__/meshes/ur5e/collision
[2.099s] -- Up-to-date: /workspaces/aprs/aprs_ws/install/ur_description__/share/ur_description__/meshes/ur5e/collision/wrist3.stl
[2.099s] -- Up-to-date: /workspaces/aprs/aprs_ws/install/ur_description__/share/ur_description__/meshes/ur5e/collision/base.stl
[2.100s] -- Up-to-date: /workspaces/aprs/aprs_ws/install/ur_description__/share/ur_description__/meshes/ur5e/collision/shoulder.stl
[2.100s] -- Up-to-date: /workspaces/aprs/aprs_ws/install/ur_description__/share/ur_description__/meshes/ur5e/collision/wrist1.stl
[2.100s] -- Up-to-date: /workspaces/aprs/aprs_ws/install/ur_description__/share/ur_description__/meshes/ur5e/collision/wrist2.stl
[2.101s] -- Up-to-date: /workspaces/aprs/aprs_ws/install/ur_description__/share/ur_description__/meshes/ur5e/collision/upperarm.stl
[2.101s] -- Up-to-date: /workspaces/aprs/aprs_ws/install/ur_description__/share/ur_description__/meshes/ur5e/collision/forearm.stl
[2.101s] -- Up-to-date: /workspaces/aprs/aprs_ws/install/ur_description__/share/ur_description__/meshes/ur10
[2.101s] -- Up-to-date: /workspaces/aprs/aprs_ws/install/ur_description__/share/ur_description__/meshes/ur10/visual
[2.101s] -- Up-to-date: /workspaces/aprs/aprs_ws/install/ur_description__/share/ur_description__/meshes/ur10/visual/upperarm.dae
[2.102s] -- Up-to-date: /workspaces/aprs/aprs_ws/install/ur_description__/share/ur_description__/meshes/ur10/visual/forearm.dae
[2.102s] -- Up-to-date: /workspaces/aprs/aprs_ws/install/ur_description__/share/ur_description__/meshes/ur10/visual/wrist2.dae
[2.102s] -- Up-to-date: /workspaces/aprs/aprs_ws/install/ur_description__/share/ur_description__/meshes/ur10/visual/shoulder.dae
[2.102s] -- Up-to-date: /workspaces/aprs/aprs_ws/install/ur_description__/share/ur_description__/meshes/ur10/visual/wrist3.dae
[2.103s] -- Up-to-date: /workspaces/aprs/aprs_ws/install/ur_description__/share/ur_description__/meshes/ur10/visual/wrist1.dae
[2.103s] -- Up-to-date: /workspaces/aprs/aprs_ws/install/ur_description__/share/ur_description__/meshes/ur10/visual/base.dae
[2.103s] -- Up-to-date: /workspaces/aprs/aprs_ws/install/ur_description__/share/ur_description__/meshes/ur10/collision
[2.103s] -- Up-to-date: /workspaces/aprs/aprs_ws/install/ur_description__/share/ur_description__/meshes/ur10/collision/wrist3.stl
[2.104s] -- Up-to-date: /workspaces/aprs/aprs_ws/install/ur_description__/share/ur_description__/meshes/ur10/collision/base.stl
[2.104s] -- Up-to-date: /workspaces/aprs/aprs_ws/install/ur_description__/share/ur_description__/meshes/ur10/collision/shoulder.stl
[2.104s] -- Up-to-date: /workspaces/aprs/aprs_ws/install/ur_description__/share/ur_description__/meshes/ur10/collision/wrist1.stl
[2.104s] -- Up-to-date: /workspaces/aprs/aprs_ws/install/ur_description__/share/ur_description__/meshes/ur10/collision/wrist2.stl
[2.105s] -- Up-to-date: /workspaces/aprs/aprs_ws/install/ur_description__/share/ur_description__/meshes/ur10/collision/upperarm.stl
[2.105s] -- Up-to-date: /workspaces/aprs/aprs_ws/install/ur_description__/share/ur_description__/meshes/ur10/collision/forearm.stl
[2.105s] -- Up-to-date: /workspaces/aprs/aprs_ws/install/ur_description__/share/ur_description__/meshes/ur5
[2.105s] -- Up-to-date: /workspaces/aprs/aprs_ws/install/ur_description__/share/ur_description__/meshes/ur5/visual
[2.106s] -- Up-to-date: /workspaces/aprs/aprs_ws/install/ur_description__/share/ur_description__/meshes/ur5/visual/upperarm.dae
[2.106s] -- Up-to-date: /workspaces/aprs/aprs_ws/install/ur_description__/share/ur_description__/meshes/ur5/visual/forearm.dae
[2.106s] -- Up-to-date: /workspaces/aprs/aprs_ws/install/ur_description__/share/ur_description__/meshes/ur5/visual/wrist2.dae
[2.106s] -- Up-to-date: /workspaces/aprs/aprs_ws/install/ur_description__/share/ur_description__/meshes/ur5/visual/shoulder.dae
[2.106s] -- Up-to-date: /workspaces/aprs/aprs_ws/install/ur_description__/share/ur_description__/meshes/ur5/visual/wrist3.dae
[2.107s] -- Up-to-date: /workspaces/aprs/aprs_ws/install/ur_description__/share/ur_description__/meshes/ur5/visual/wrist1.dae
[2.107s] -- Up-to-date: /workspaces/aprs/aprs_ws/install/ur_description__/share/ur_description__/meshes/ur5/visual/base.dae
[2.107s] -- Up-to-date: /workspaces/aprs/aprs_ws/install/ur_description__/share/ur_description__/meshes/ur5/collision
[2.107s] -- Up-to-date: /workspaces/aprs/aprs_ws/install/ur_description__/share/ur_description__/meshes/ur5/collision/wrist3.stl
[2.108s] -- Up-to-date: /workspaces/aprs/aprs_ws/install/ur_description__/share/ur_description__/meshes/ur5/collision/base.stl
[2.108s] -- Up-to-date: /workspaces/aprs/aprs_ws/install/ur_description__/share/ur_description__/meshes/ur5/collision/shoulder.stl
[2.113s] -- Up-to-date: /workspaces/aprs/aprs_ws/install/ur_description__/share/ur_description__/meshes/ur5/collision/wrist1.stl
[2.113s] -- Up-to-date: /workspaces/aprs/aprs_ws/install/ur_description__/share/ur_description__/meshes/ur5/collision/wrist2.stl
[2.114s] -- Up-to-date: /workspaces/aprs/aprs_ws/install/ur_description__/share/ur_description__/meshes/ur5/collision/upperarm.stl
[2.114s] -- Up-to-date: /workspaces/aprs/aprs_ws/install/ur_description__/share/ur_description__/meshes/ur5/collision/forearm.stl
[2.114s] -- Up-to-date: /workspaces/aprs/aprs_ws/install/ur_description__/share/ur_description__/meshes/ur16e
[2.114s] -- Up-to-date: /workspaces/aprs/aprs_ws/install/ur_description__/share/ur_description__/meshes/ur16e/visual
[2.114s] -- Up-to-date: /workspaces/aprs/aprs_ws/install/ur_description__/share/ur_description__/meshes/ur16e/visual/upperarm.dae
[2.114s] -- Up-to-date: /workspaces/aprs/aprs_ws/install/ur_description__/share/ur_description__/meshes/ur16e/visual/forearm.dae
[2.115s] -- Up-to-date: /workspaces/aprs/aprs_ws/install/ur_description__/share/ur_description__/meshes/ur16e/collision
[2.115s] -- Up-to-date: /workspaces/aprs/aprs_ws/install/ur_description__/share/ur_description__/meshes/ur16e/collision/upperarm.stl
[2.115s] -- Up-to-date: /workspaces/aprs/aprs_ws/install/ur_description__/share/ur_description__/meshes/ur16e/collision/forearm.stl
[2.115s] -- Up-to-date: /workspaces/aprs/aprs_ws/install/ur_description__/share/ur_description__/rviz
[2.118s] -- Up-to-date: /workspaces/aprs/aprs_ws/install/ur_description__/share/ur_description__/rviz/view_robot.rviz
[2.118s] -- Up-to-date: /workspaces/aprs/aprs_ws/install/ur_description__/share/ur_description__/urdf
[2.118s] -- Up-to-date: /workspaces/aprs/aprs_ws/install/ur_description__/share/ur_description__/urdf/ur.urdf
[2.118s] -- Up-to-date: /workspaces/aprs/aprs_ws/install/ur_description__/share/ur_description__/urdf/ur_macro.xacro
[2.119s] -- Up-to-date: /workspaces/aprs/aprs_ws/install/ur_description__/share/ur_description__/urdf/inc
[2.119s] -- Up-to-date: /workspaces/aprs/aprs_ws/install/ur_description__/share/ur_description__/urdf/inc/ur_common.xacro
[2.119s] -- Up-to-date: /workspaces/aprs/aprs_ws/install/ur_description__/share/ur_description__/urdf/inc/ur_transmissions.xacro
[2.120s] -- Up-to-date: /workspaces/aprs/aprs_ws/install/ur_description__/share/ur_description__/urdf/ur.urdf.xacro
[2.120s] -- Up-to-date: /workspaces/aprs/aprs_ws/install/ur_description__/share/ur_description__/urdf/ur.ros2_control.xacro
[2.120s] -- Up-to-date: /workspaces/aprs/aprs_ws/install/ur_description__/share/ur_description__/test
[2.120s] -- Up-to-date: /workspaces/aprs/aprs_ws/install/ur_description__/share/ur_description__/test/test_ur_urdf_xacro.py
[2.120s] -- Up-to-date: /workspaces/aprs/aprs_ws/install/ur_description__/share/ur_description__/test/test_view_ur_launch.py
[2.120s] -- Up-to-date: /workspaces/aprs/aprs_ws/install/ur_description__/share/ur_description__/environment/ur_description__.dsv
[2.120s] -- Up-to-date: /workspaces/aprs/aprs_ws/install/ur_description__/share/ur_description__/environment/ur_description__.sh
[2.120s] -- Up-to-date: /workspaces/aprs/aprs_ws/install/ur_description__/share/ament_index/resource_index/package_run_dependencies/ur_description__
[2.122s] -- Up-to-date: /workspaces/aprs/aprs_ws/install/ur_description__/share/ament_index/resource_index/parent_prefix_path/ur_description__
[2.122s] -- Up-to-date: /workspaces/aprs/aprs_ws/install/ur_description__/share/ur_description__/environment/ament_prefix_path.sh
[2.123s] -- Up-to-date: /workspaces/aprs/aprs_ws/install/ur_description__/share/ur_description__/environment/ament_prefix_path.dsv
[2.123s] -- Up-to-date: /workspaces/aprs/aprs_ws/install/ur_description__/share/ur_description__/environment/path.sh
[2.123s] -- Up-to-date: /workspaces/aprs/aprs_ws/install/ur_description__/share/ur_description__/environment/path.dsv
[2.123s] -- Up-to-date: /workspaces/aprs/aprs_ws/install/ur_description__/share/ur_description__/local_setup.bash
[2.123s] -- Up-to-date: /workspaces/aprs/aprs_ws/install/ur_description__/share/ur_description__/local_setup.sh
[2.123s] -- Up-to-date: /workspaces/aprs/aprs_ws/install/ur_description__/share/ur_description__/local_setup.zsh
[2.123s] -- Up-to-date: /workspaces/aprs/aprs_ws/install/ur_description__/share/ur_description__/local_setup.dsv
[2.123s] -- Installing: /workspaces/aprs/aprs_ws/install/ur_description__/share/ur_description__/package.dsv
[2.123s] -- Up-to-date: /workspaces/aprs/aprs_ws/install/ur_description__/share/ament_index/resource_index/packages/ur_description__
[2.123s] -- Up-to-date: /workspaces/aprs/aprs_ws/install/ur_description__/share/ur_description__/cmake/ur_description__Config.cmake
[2.123s] -- Up-to-date: /workspaces/aprs/aprs_ws/install/ur_description__/share/ur_description__/cmake/ur_description__Config-version.cmake
[2.124s] -- Up-to-date: /workspaces/aprs/aprs_ws/install/ur_description__/share/ur_description__/package.xml
[2.429s] Invoked command in '/workspaces/aprs/aprs_ws/build/ur_description__' returned '0': CMAKE_PREFIX_PATH=${CMAKE_PREFIX_PATH}:/opt/ros/humble /usr/bin/cmake --install /workspaces/aprs/aprs_ws/build/ur_description__
