[0.056s] Invoking command in '/workspaces/aprs/aprs_ws/build/panda_moveit_config': AMENT_PREFIX_PATH=/workspaces/aprs/aprs_ws/install/ur_description:/workspaces/aprs/aprs_ws/install/panda_description:${AMENT_PREFIX_PATH} CMAKE_PREFIX_PATH=/workspaces/aprs/aprs_ws/install/ur_description:/workspaces/aprs/aprs_ws/install/panda_description:/opt/ros/rolling GZ_MODEL_PATH=/workspaces/aprs/aprs_ws/install/panda_description/share/panda_description/meshes GZ_SIM_PLUGIn_PATH=/workspaces/aprs/aprs_ws/install/panda_description/lib/panda_description GZ_SIM_RESOURCE_PATH=/workspaces/aprs/aprs_ws/install/panda_description/share /usr/bin/cmake /workspaces/aprs/aprs_ws/src/assets/robots/panda_robot/panda_moveit_config -DBUILD_TESTING=ON -DCMAKE_INSTALL_PREFIX=/workspaces/aprs/aprs_ws/install/panda_moveit_config
[0.213s] -- The C compiler identification is GNU 11.4.0
[0.314s] -- The CXX compiler identification is GNU 11.4.0
[0.324s] -- Detecting C compiler ABI info
[0.439s] -- Detecting C compiler ABI info - done
[0.459s] -- Check for working C compiler: /usr/bin/cc - skipped
[0.460s] -- Detecting C compile features
[0.460s] -- Detecting C compile features - done
[0.477s] -- Detecting CXX compiler ABI info
[0.631s] -- Detecting CXX compiler ABI info - done
[0.645s] -- Check for working CXX compiler: /usr/bin/c++ - skipped
[0.645s] -- Detecting CXX compile features
[0.646s] -- Detecting CXX compile features - done
[0.651s] -- Found ament_cmake: 2.2.1 (/opt/ros/rolling/share/ament_cmake/cmake)
[0.981s] -- Found Python3: /usr/bin/python3.10 (found version "3.10.12") found components: Interpreter 
[1.183s] -- Found panda_description: 0.7.0 (/workspaces/aprs/aprs_ws/install/panda_description/share/panda_description/cmake)
[1.469s] -- Configuring done
[1.476s] -- Generating done
[1.477s] -- Build files have been written to: /workspaces/aprs/aprs_ws/build/panda_moveit_config
[1.499s] Invoked command in '/workspaces/aprs/aprs_ws/build/panda_moveit_config' returned '0': AMENT_PREFIX_PATH=/workspaces/aprs/aprs_ws/install/ur_description:/workspaces/aprs/aprs_ws/install/panda_description:${AMENT_PREFIX_PATH} CMAKE_PREFIX_PATH=/workspaces/aprs/aprs_ws/install/ur_description:/workspaces/aprs/aprs_ws/install/panda_description:/opt/ros/rolling GZ_MODEL_PATH=/workspaces/aprs/aprs_ws/install/panda_description/share/panda_description/meshes GZ_SIM_PLUGIn_PATH=/workspaces/aprs/aprs_ws/install/panda_description/lib/panda_description GZ_SIM_RESOURCE_PATH=/workspaces/aprs/aprs_ws/install/panda_description/share /usr/bin/cmake /workspaces/aprs/aprs_ws/src/assets/robots/panda_robot/panda_moveit_config -DBUILD_TESTING=ON -DCMAKE_INSTALL_PREFIX=/workspaces/aprs/aprs_ws/install/panda_moveit_config
[1.500s] Invoking command in '/workspaces/aprs/aprs_ws/build/panda_moveit_config': AMENT_PREFIX_PATH=/workspaces/aprs/aprs_ws/install/ur_description:/workspaces/aprs/aprs_ws/install/panda_description:${AMENT_PREFIX_PATH} CMAKE_PREFIX_PATH=/workspaces/aprs/aprs_ws/install/ur_description:/workspaces/aprs/aprs_ws/install/panda_description:/opt/ros/rolling GZ_MODEL_PATH=/workspaces/aprs/aprs_ws/install/panda_description/share/panda_description/meshes GZ_SIM_PLUGIn_PATH=/workspaces/aprs/aprs_ws/install/panda_description/lib/panda_description GZ_SIM_RESOURCE_PATH=/workspaces/aprs/aprs_ws/install/panda_description/share /usr/bin/cmake --build /workspaces/aprs/aprs_ws/build/panda_moveit_config -- -j16 -l16
[1.602s] Built target ament_cmake_python_copy_panda_moveit_config
[2.014s] running install_scripts
[2.019s] /usr/lib/python3/dist-packages/setuptools/command/install.py:34: SetuptoolsDeprecationWarning: setup.py install is deprecated. Use build and pip and other standards-based tools.
[2.019s]   warnings.warn(
[2.020s] running egg_info
[2.022s] creating panda_moveit_config.egg-info
[2.022s] writing panda_moveit_config.egg-info/PKG-INFO
[2.022s] writing dependency_links to panda_moveit_config.egg-info/dependency_links.txt
[2.023s] writing top-level names to panda_moveit_config.egg-info/top_level.txt
[2.023s] writing manifest file 'panda_moveit_config.egg-info/SOURCES.txt'
[2.026s] reading manifest file 'panda_moveit_config.egg-info/SOURCES.txt'
[2.027s] writing manifest file 'panda_moveit_config.egg-info/SOURCES.txt'
[2.057s] running egg_info
[2.059s] writing panda_moveit_config.egg-info/PKG-INFO
[2.059s] writing dependency_links to panda_moveit_config.egg-info/dependency_links.txt
[2.060s] writing top-level names to panda_moveit_config.egg-info/top_level.txt
[2.063s] reading manifest file 'panda_moveit_config.egg-info/SOURCES.txt'
[2.064s] writing manifest file 'panda_moveit_config.egg-info/SOURCES.txt'
[2.131s] Built target ament_cmake_python_build_panda_moveit_config_egg
[2.153s] Built target ament_cmake_python_build_panda_moveit_config_scripts
[2.182s] Invoked command in '/workspaces/aprs/aprs_ws/build/panda_moveit_config' returned '0': AMENT_PREFIX_PATH=/workspaces/aprs/aprs_ws/install/ur_description:/workspaces/aprs/aprs_ws/install/panda_description:${AMENT_PREFIX_PATH} CMAKE_PREFIX_PATH=/workspaces/aprs/aprs_ws/install/ur_description:/workspaces/aprs/aprs_ws/install/panda_description:/opt/ros/rolling GZ_MODEL_PATH=/workspaces/aprs/aprs_ws/install/panda_description/share/panda_description/meshes GZ_SIM_PLUGIn_PATH=/workspaces/aprs/aprs_ws/install/panda_description/lib/panda_description GZ_SIM_RESOURCE_PATH=/workspaces/aprs/aprs_ws/install/panda_description/share /usr/bin/cmake --build /workspaces/aprs/aprs_ws/build/panda_moveit_config -- -j16 -l16
[2.282s] Invoking command in '/workspaces/aprs/aprs_ws/build/panda_moveit_config': AMENT_PREFIX_PATH=/workspaces/aprs/aprs_ws/install/ur_description:/workspaces/aprs/aprs_ws/install/panda_description:${AMENT_PREFIX_PATH} CMAKE_PREFIX_PATH=/workspaces/aprs/aprs_ws/install/ur_description:/workspaces/aprs/aprs_ws/install/panda_description:/opt/ros/rolling GZ_MODEL_PATH=/workspaces/aprs/aprs_ws/install/panda_description/share/panda_description/meshes GZ_SIM_PLUGIn_PATH=/workspaces/aprs/aprs_ws/install/panda_description/lib/panda_description GZ_SIM_RESOURCE_PATH=/workspaces/aprs/aprs_ws/install/panda_description/share /usr/bin/cmake --install /workspaces/aprs/aprs_ws/build/panda_moveit_config
[2.293s] -- Install configuration: ""
[2.293s] -- Installing: /workspaces/aprs/aprs_ws/install/panda_moveit_config/share/panda_moveit_config/config
[2.293s] -- Installing: /workspaces/aprs/aprs_ws/install/panda_moveit_config/share/panda_moveit_config/config/kinematics.yaml
[2.294s] -- Installing: /workspaces/aprs/aprs_ws/install/panda_moveit_config/share/panda_moveit_config/config/controllers.yaml
[2.295s] -- Installing: /workspaces/aprs/aprs_ws/install/panda_moveit_config/share/panda_moveit_config/config/controllers_velocity.yaml
[2.296s] -- Installing: /workspaces/aprs/aprs_ws/install/panda_moveit_config/share/panda_moveit_config/config/moveit_controller_manager.yaml
[2.296s] -- Installing: /workspaces/aprs/aprs_ws/install/panda_moveit_config/share/panda_moveit_config/config/controllers_position,velocity.yaml
[2.296s] -- Installing: /workspaces/aprs/aprs_ws/install/panda_moveit_config/share/panda_moveit_config/config/joint_limits.yaml
[2.297s] -- Installing: /workspaces/aprs/aprs_ws/install/panda_moveit_config/share/panda_moveit_config/config/controllers_position.yaml
[2.297s] -- Installing: /workspaces/aprs/aprs_ws/install/panda_moveit_config/share/panda_moveit_config/config/servo.yaml
[2.297s] -- Installing: /workspaces/aprs/aprs_ws/install/panda_moveit_config/share/panda_moveit_config/config/controllers_effort.yaml
[2.297s] -- Installing: /workspaces/aprs/aprs_ws/install/panda_moveit_config/share/panda_moveit_config/config/ompl_planning.yaml
[2.297s] -- Installing: /workspaces/aprs/aprs_ws/install/panda_moveit_config/share/panda_moveit_config/launch
[2.297s] -- Installing: /workspaces/aprs/aprs_ws/install/panda_moveit_config/share/panda_moveit_config/launch/franka_moveit.launch.py
[2.297s] -- Installing: /workspaces/aprs/aprs_ws/install/panda_moveit_config/share/panda_moveit_config/rviz
[2.297s] -- Installing: /workspaces/aprs/aprs_ws/install/panda_moveit_config/share/panda_moveit_config/rviz/moveit.rviz
[2.298s] -- Installing: /workspaces/aprs/aprs_ws/install/panda_moveit_config/share/panda_moveit_config/srdf
[2.298s] -- Installing: /workspaces/aprs/aprs_ws/install/panda_moveit_config/share/panda_moveit_config/srdf/panda_gripper.xacro
[2.298s] -- Installing: /workspaces/aprs/aprs_ws/install/panda_moveit_config/share/panda_moveit_config/srdf/panda.srdf
[2.298s] -- Installing: /workspaces/aprs/aprs_ws/install/panda_moveit_config/share/panda_moveit_config/srdf/panda.srdf.xacro
[2.298s] -- Installing: /workspaces/aprs/aprs_ws/install/panda_moveit_config/share/panda_moveit_config/srdf/panda_arm.xacro
[2.298s] -- Installing: /workspaces/aprs/aprs_ws/install/panda_moveit_config/share/panda_moveit_config/environment/pythonpath.sh
[2.298s] -- Installing: /workspaces/aprs/aprs_ws/install/panda_moveit_config/share/panda_moveit_config/environment/pythonpath.dsv
[2.298s] -- Installing: /workspaces/aprs/aprs_ws/install/panda_moveit_config/lib/python3.10/site-packages/panda_moveit_config-3.0.0-py3.10.egg-info
[2.299s] -- Installing: /workspaces/aprs/aprs_ws/install/panda_moveit_config/lib/python3.10/site-packages/panda_moveit_config-3.0.0-py3.10.egg-info/dependency_links.txt
[2.299s] -- Installing: /workspaces/aprs/aprs_ws/install/panda_moveit_config/lib/python3.10/site-packages/panda_moveit_config-3.0.0-py3.10.egg-info/PKG-INFO
[2.299s] -- Installing: /workspaces/aprs/aprs_ws/install/panda_moveit_config/lib/python3.10/site-packages/panda_moveit_config-3.0.0-py3.10.egg-info/SOURCES.txt
[2.299s] -- Installing: /workspaces/aprs/aprs_ws/install/panda_moveit_config/lib/python3.10/site-packages/panda_moveit_config-3.0.0-py3.10.egg-info/top_level.txt
[2.299s] -- Installing: /workspaces/aprs/aprs_ws/install/panda_moveit_config/lib/panda_moveit_config/
[2.299s] -- Installing: /workspaces/aprs/aprs_ws/install/panda_moveit_config/lib/python3.10/site-packages/panda_moveit_config
[2.299s] -- Installing: /workspaces/aprs/aprs_ws/install/panda_moveit_config/lib/python3.10/site-packages/panda_moveit_config/__init__.py
[2.300s] -- Installing: /workspaces/aprs/aprs_ws/install/panda_moveit_config/lib/python3.10/site-packages/panda_moveit_config/parameters.py
[2.352s] Listing '/workspaces/aprs/aprs_ws/install/panda_moveit_config/lib/python3.10/site-packages/panda_moveit_config'...
[2.352s] Compiling '/workspaces/aprs/aprs_ws/install/panda_moveit_config/lib/python3.10/site-packages/panda_moveit_config/__init__.py'...
[2.353s] Compiling '/workspaces/aprs/aprs_ws/install/panda_moveit_config/lib/python3.10/site-packages/panda_moveit_config/parameters.py'...
[2.363s] -- Installing: /workspaces/aprs/aprs_ws/install/panda_moveit_config/share/ament_index/resource_index/package_run_dependencies/panda_moveit_config
[2.365s] -- Installing: /workspaces/aprs/aprs_ws/install/panda_moveit_config/share/ament_index/resource_index/parent_prefix_path/panda_moveit_config
[2.365s] -- Installing: /workspaces/aprs/aprs_ws/install/panda_moveit_config/share/panda_moveit_config/environment/ament_prefix_path.sh
[2.365s] -- Installing: /workspaces/aprs/aprs_ws/install/panda_moveit_config/share/panda_moveit_config/environment/ament_prefix_path.dsv
[2.365s] -- Installing: /workspaces/aprs/aprs_ws/install/panda_moveit_config/share/panda_moveit_config/environment/path.sh
[2.365s] -- Installing: /workspaces/aprs/aprs_ws/install/panda_moveit_config/share/panda_moveit_config/environment/path.dsv
[2.365s] -- Installing: /workspaces/aprs/aprs_ws/install/panda_moveit_config/share/panda_moveit_config/local_setup.bash
[2.365s] -- Installing: /workspaces/aprs/aprs_ws/install/panda_moveit_config/share/panda_moveit_config/local_setup.sh
[2.366s] -- Installing: /workspaces/aprs/aprs_ws/install/panda_moveit_config/share/panda_moveit_config/local_setup.zsh
[2.366s] -- Installing: /workspaces/aprs/aprs_ws/install/panda_moveit_config/share/panda_moveit_config/local_setup.dsv
[2.367s] -- Installing: /workspaces/aprs/aprs_ws/install/panda_moveit_config/share/panda_moveit_config/package.dsv
[2.367s] -- Installing: /workspaces/aprs/aprs_ws/install/panda_moveit_config/share/ament_index/resource_index/packages/panda_moveit_config
[2.367s] -- Installing: /workspaces/aprs/aprs_ws/install/panda_moveit_config/share/panda_moveit_config/cmake/panda_moveit_configConfig.cmake
[2.368s] -- Installing: /workspaces/aprs/aprs_ws/install/panda_moveit_config/share/panda_moveit_config/cmake/panda_moveit_configConfig-version.cmake
[2.368s] -- Installing: /workspaces/aprs/aprs_ws/install/panda_moveit_config/share/panda_moveit_config/package.xml
[2.376s] Invoked command in '/workspaces/aprs/aprs_ws/build/panda_moveit_config' returned '0': AMENT_PREFIX_PATH=/workspaces/aprs/aprs_ws/install/ur_description:/workspaces/aprs/aprs_ws/install/panda_description:${AMENT_PREFIX_PATH} CMAKE_PREFIX_PATH=/workspaces/aprs/aprs_ws/install/ur_description:/workspaces/aprs/aprs_ws/install/panda_description:/opt/ros/rolling GZ_MODEL_PATH=/workspaces/aprs/aprs_ws/install/panda_description/share/panda_description/meshes GZ_SIM_PLUGIn_PATH=/workspaces/aprs/aprs_ws/install/panda_description/lib/panda_description GZ_SIM_RESOURCE_PATH=/workspaces/aprs/aprs_ws/install/panda_description/share /usr/bin/cmake --install /workspaces/aprs/aprs_ws/build/panda_moveit_config
