[0.728s] Invoking command in '/workspaces/aprs/aprs_ws/build/point_cloud': CMAKE_PREFIX_PATH=/workspaces/aprs/aprs_ws/install/realsense2_description:/workspaces/aprs/aprs_ws/install/worlds:/workspaces/aprs/aprs_ws/install/workbench_description:/workspaces/aprs/aprs_ws/install/vaccum_description:/workspaces/aprs/aprs_ws/install/ur_setup:/workspaces/aprs/aprs_ws/install/ur:/workspaces/aprs/aprs_ws/install/ur_calibration:/workspaces/aprs/aprs_ws/install/ur_robot_driver:/workspaces/aprs/aprs_ws/install/ur_bringup:/workspaces/aprs/aprs_ws/install/ur_controllers:/workspaces/aprs/aprs_ws/install/ur_msgs:/workspaces/aprs/aprs_ws/install/ur_moveit_config:/workspaces/aprs/aprs_ws/install/ur_gz:/workspaces/aprs/aprs_ws/install/ur_description__:/workspaces/aprs/aprs_ws/install/ur5e_moveit_config:/workspaces/aprs/aprs_ws/install/panda_moveit_config:/workspaces/aprs/aprs_ws/install/motoman_moveit_config:/workspaces/aprs/aprs_ws/install/fanuc_moveit_config:/workspaces/aprs/aprs_ws/install/aprs_moveit_config:/workspaces/aprs/aprs_ws/install/ur_description:/workspaces/aprs/aprs_ws/install/ur_dashboard_msgs:/workspaces/aprs/aprs_ws/install/ur_client_library:/workspaces/aprs/aprs_ws/install/table_description:/workspaces/aprs/aprs_ws/install/ros_gz_example_gazebo:/workspaces/aprs/aprs_ws/install/point_cloud:/workspaces/aprs/aprs_ws/install/panda_description:/workspaces/aprs/aprs_ws/install/motoman_gz:/workspaces/aprs/aprs_ws/install/motoman_description:/workspaces/aprs/aprs_ws/install/ign_ros2_control_demos:/workspaces/aprs/aprs_ws/install/gz_ros2_control_tests:/workspaces/aprs/aprs_ws/install/ign_ros2_control:/workspaces/aprs/aprs_ws/install/franka_setup:/workspaces/aprs/aprs_ws/install/franka_gz:/workspaces/aprs/aprs_ws/install/fanuc_gz:/workspaces/aprs/aprs_ws/install/fanuc_description:/workspaces/aprs/aprs_ws/install/camera_mount:/workspaces/aprs/aprs_ws/install/aprs_lab:/workspaces/aprs/aprs_ws/install/aprs_gazebo:/opt/ros/humble /usr/bin/cmake --build /workspaces/aprs/aprs_ws/build/point_cloud -- -j16 -l16
[0.860s] Built target ament_cmake_python_copy_point_cloud
[1.217s] running egg_info
[1.218s] writing point_cloud.egg-info/PKG-INFO
[1.218s] writing dependency_links to point_cloud.egg-info/dependency_links.txt
[1.219s] writing top-level names to point_cloud.egg-info/top_level.txt
[1.221s] reading manifest file 'point_cloud.egg-info/SOURCES.txt'
[1.222s] writing manifest file 'point_cloud.egg-info/SOURCES.txt'
[1.296s] Built target ament_cmake_python_build_point_cloud_egg
[1.536s] Invoked command in '/workspaces/aprs/aprs_ws/build/point_cloud' returned '0': CMAKE_PREFIX_PATH=/workspaces/aprs/aprs_ws/install/realsense2_description:/workspaces/aprs/aprs_ws/install/worlds:/workspaces/aprs/aprs_ws/install/workbench_description:/workspaces/aprs/aprs_ws/install/vaccum_description:/workspaces/aprs/aprs_ws/install/ur_setup:/workspaces/aprs/aprs_ws/install/ur:/workspaces/aprs/aprs_ws/install/ur_calibration:/workspaces/aprs/aprs_ws/install/ur_robot_driver:/workspaces/aprs/aprs_ws/install/ur_bringup:/workspaces/aprs/aprs_ws/install/ur_controllers:/workspaces/aprs/aprs_ws/install/ur_msgs:/workspaces/aprs/aprs_ws/install/ur_moveit_config:/workspaces/aprs/aprs_ws/install/ur_gz:/workspaces/aprs/aprs_ws/install/ur_description__:/workspaces/aprs/aprs_ws/install/ur5e_moveit_config:/workspaces/aprs/aprs_ws/install/panda_moveit_config:/workspaces/aprs/aprs_ws/install/motoman_moveit_config:/workspaces/aprs/aprs_ws/install/fanuc_moveit_config:/workspaces/aprs/aprs_ws/install/aprs_moveit_config:/workspaces/aprs/aprs_ws/install/ur_description:/workspaces/aprs/aprs_ws/install/ur_dashboard_msgs:/workspaces/aprs/aprs_ws/install/ur_client_library:/workspaces/aprs/aprs_ws/install/table_description:/workspaces/aprs/aprs_ws/install/ros_gz_example_gazebo:/workspaces/aprs/aprs_ws/install/point_cloud:/workspaces/aprs/aprs_ws/install/panda_description:/workspaces/aprs/aprs_ws/install/motoman_gz:/workspaces/aprs/aprs_ws/install/motoman_description:/workspaces/aprs/aprs_ws/install/ign_ros2_control_demos:/workspaces/aprs/aprs_ws/install/gz_ros2_control_tests:/workspaces/aprs/aprs_ws/install/ign_ros2_control:/workspaces/aprs/aprs_ws/install/franka_setup:/workspaces/aprs/aprs_ws/install/franka_gz:/workspaces/aprs/aprs_ws/install/fanuc_gz:/workspaces/aprs/aprs_ws/install/fanuc_description:/workspaces/aprs/aprs_ws/install/camera_mount:/workspaces/aprs/aprs_ws/install/aprs_lab:/workspaces/aprs/aprs_ws/install/aprs_gazebo:/opt/ros/humble /usr/bin/cmake --build /workspaces/aprs/aprs_ws/build/point_cloud -- -j16 -l16
[1.761s] Invoking command in '/workspaces/aprs/aprs_ws/build/point_cloud': CMAKE_PREFIX_PATH=/workspaces/aprs/aprs_ws/install/realsense2_description:/workspaces/aprs/aprs_ws/install/worlds:/workspaces/aprs/aprs_ws/install/workbench_description:/workspaces/aprs/aprs_ws/install/vaccum_description:/workspaces/aprs/aprs_ws/install/ur_setup:/workspaces/aprs/aprs_ws/install/ur:/workspaces/aprs/aprs_ws/install/ur_calibration:/workspaces/aprs/aprs_ws/install/ur_robot_driver:/workspaces/aprs/aprs_ws/install/ur_bringup:/workspaces/aprs/aprs_ws/install/ur_controllers:/workspaces/aprs/aprs_ws/install/ur_msgs:/workspaces/aprs/aprs_ws/install/ur_moveit_config:/workspaces/aprs/aprs_ws/install/ur_gz:/workspaces/aprs/aprs_ws/install/ur_description__:/workspaces/aprs/aprs_ws/install/ur5e_moveit_config:/workspaces/aprs/aprs_ws/install/panda_moveit_config:/workspaces/aprs/aprs_ws/install/motoman_moveit_config:/workspaces/aprs/aprs_ws/install/fanuc_moveit_config:/workspaces/aprs/aprs_ws/install/aprs_moveit_config:/workspaces/aprs/aprs_ws/install/ur_description:/workspaces/aprs/aprs_ws/install/ur_dashboard_msgs:/workspaces/aprs/aprs_ws/install/ur_client_library:/workspaces/aprs/aprs_ws/install/table_description:/workspaces/aprs/aprs_ws/install/ros_gz_example_gazebo:/workspaces/aprs/aprs_ws/install/point_cloud:/workspaces/aprs/aprs_ws/install/panda_description:/workspaces/aprs/aprs_ws/install/motoman_gz:/workspaces/aprs/aprs_ws/install/motoman_description:/workspaces/aprs/aprs_ws/install/ign_ros2_control_demos:/workspaces/aprs/aprs_ws/install/gz_ros2_control_tests:/workspaces/aprs/aprs_ws/install/ign_ros2_control:/workspaces/aprs/aprs_ws/install/franka_setup:/workspaces/aprs/aprs_ws/install/franka_gz:/workspaces/aprs/aprs_ws/install/fanuc_gz:/workspaces/aprs/aprs_ws/install/fanuc_description:/workspaces/aprs/aprs_ws/install/camera_mount:/workspaces/aprs/aprs_ws/install/aprs_lab:/workspaces/aprs/aprs_ws/install/aprs_gazebo:/opt/ros/humble /usr/bin/cmake --install /workspaces/aprs/aprs_ws/build/point_cloud
[1.773s] -- Install configuration: ""
[1.774s] -- Up-to-date: /workspaces/aprs/aprs_ws/install/point_cloud/share/point_cloud/environment/pythonpath.sh
[1.774s] -- Up-to-date: /workspaces/aprs/aprs_ws/install/point_cloud/share/point_cloud/environment/pythonpath.dsv
[1.774s] -- Up-to-date: /workspaces/aprs/aprs_ws/install/point_cloud/local/lib/python3.10/dist-packages/point_cloud-0.0.0-py3.10.egg-info
[1.774s] -- Installing: /workspaces/aprs/aprs_ws/install/point_cloud/local/lib/python3.10/dist-packages/point_cloud-0.0.0-py3.10.egg-info/dependency_links.txt
[1.774s] -- Installing: /workspaces/aprs/aprs_ws/install/point_cloud/local/lib/python3.10/dist-packages/point_cloud-0.0.0-py3.10.egg-info/top_level.txt
[1.774s] -- Installing: /workspaces/aprs/aprs_ws/install/point_cloud/local/lib/python3.10/dist-packages/point_cloud-0.0.0-py3.10.egg-info/PKG-INFO
[1.774s] -- Installing: /workspaces/aprs/aprs_ws/install/point_cloud/local/lib/python3.10/dist-packages/point_cloud-0.0.0-py3.10.egg-info/SOURCES.txt
[1.775s] -- Up-to-date: /workspaces/aprs/aprs_ws/install/point_cloud/local/lib/python3.10/dist-packages/point_cloud
[1.775s] -- Up-to-date: /workspaces/aprs/aprs_ws/install/point_cloud/local/lib/python3.10/dist-packages/point_cloud/__init__.py
[1.824s] Listing '/workspaces/aprs/aprs_ws/install/point_cloud/local/lib/python3.10/dist-packages/point_cloud'...
[1.833s] -- Up-to-date: /workspaces/aprs/aprs_ws/install/point_cloud/lib/point_cloud/point_cloud.py
[1.833s] -- Up-to-date: /workspaces/aprs/aprs_ws/install/point_cloud/share/point_cloud/environment/library_path.sh
[1.833s] -- Up-to-date: /workspaces/aprs/aprs_ws/install/point_cloud/share/point_cloud/environment/library_path.dsv
[1.834s] -- Up-to-date: /workspaces/aprs/aprs_ws/install/point_cloud/share/ament_index/resource_index/package_run_dependencies/point_cloud
[1.834s] -- Up-to-date: /workspaces/aprs/aprs_ws/install/point_cloud/share/ament_index/resource_index/parent_prefix_path/point_cloud
[1.834s] -- Up-to-date: /workspaces/aprs/aprs_ws/install/point_cloud/share/point_cloud/environment/ament_prefix_path.sh
[1.834s] -- Up-to-date: /workspaces/aprs/aprs_ws/install/point_cloud/share/point_cloud/environment/ament_prefix_path.dsv
[1.835s] -- Up-to-date: /workspaces/aprs/aprs_ws/install/point_cloud/share/point_cloud/environment/path.sh
[1.835s] -- Up-to-date: /workspaces/aprs/aprs_ws/install/point_cloud/share/point_cloud/environment/path.dsv
[1.835s] -- Up-to-date: /workspaces/aprs/aprs_ws/install/point_cloud/share/point_cloud/local_setup.bash
[1.835s] -- Up-to-date: /workspaces/aprs/aprs_ws/install/point_cloud/share/point_cloud/local_setup.sh
[1.835s] -- Up-to-date: /workspaces/aprs/aprs_ws/install/point_cloud/share/point_cloud/local_setup.zsh
[1.836s] -- Up-to-date: /workspaces/aprs/aprs_ws/install/point_cloud/share/point_cloud/local_setup.dsv
[1.836s] -- Installing: /workspaces/aprs/aprs_ws/install/point_cloud/share/point_cloud/package.dsv
[1.836s] -- Up-to-date: /workspaces/aprs/aprs_ws/install/point_cloud/share/ament_index/resource_index/packages/point_cloud
[1.836s] -- Up-to-date: /workspaces/aprs/aprs_ws/install/point_cloud/share/point_cloud/cmake/ament_cmake_export_libraries-extras.cmake
[1.837s] -- Up-to-date: /workspaces/aprs/aprs_ws/install/point_cloud/share/point_cloud/cmake/ament_cmake_export_dependencies-extras.cmake
[1.837s] -- Up-to-date: /workspaces/aprs/aprs_ws/install/point_cloud/share/point_cloud/cmake/point_cloudConfig.cmake
[1.837s] -- Up-to-date: /workspaces/aprs/aprs_ws/install/point_cloud/share/point_cloud/cmake/point_cloudConfig-version.cmake
[1.837s] -- Up-to-date: /workspaces/aprs/aprs_ws/install/point_cloud/share/point_cloud/package.xml
[2.150s] Invoked command in '/workspaces/aprs/aprs_ws/build/point_cloud' returned '0': CMAKE_PREFIX_PATH=/workspaces/aprs/aprs_ws/install/realsense2_description:/workspaces/aprs/aprs_ws/install/worlds:/workspaces/aprs/aprs_ws/install/workbench_description:/workspaces/aprs/aprs_ws/install/vaccum_description:/workspaces/aprs/aprs_ws/install/ur_setup:/workspaces/aprs/aprs_ws/install/ur:/workspaces/aprs/aprs_ws/install/ur_calibration:/workspaces/aprs/aprs_ws/install/ur_robot_driver:/workspaces/aprs/aprs_ws/install/ur_bringup:/workspaces/aprs/aprs_ws/install/ur_controllers:/workspaces/aprs/aprs_ws/install/ur_msgs:/workspaces/aprs/aprs_ws/install/ur_moveit_config:/workspaces/aprs/aprs_ws/install/ur_gz:/workspaces/aprs/aprs_ws/install/ur_description__:/workspaces/aprs/aprs_ws/install/ur5e_moveit_config:/workspaces/aprs/aprs_ws/install/panda_moveit_config:/workspaces/aprs/aprs_ws/install/motoman_moveit_config:/workspaces/aprs/aprs_ws/install/fanuc_moveit_config:/workspaces/aprs/aprs_ws/install/aprs_moveit_config:/workspaces/aprs/aprs_ws/install/ur_description:/workspaces/aprs/aprs_ws/install/ur_dashboard_msgs:/workspaces/aprs/aprs_ws/install/ur_client_library:/workspaces/aprs/aprs_ws/install/table_description:/workspaces/aprs/aprs_ws/install/ros_gz_example_gazebo:/workspaces/aprs/aprs_ws/install/point_cloud:/workspaces/aprs/aprs_ws/install/panda_description:/workspaces/aprs/aprs_ws/install/motoman_gz:/workspaces/aprs/aprs_ws/install/motoman_description:/workspaces/aprs/aprs_ws/install/ign_ros2_control_demos:/workspaces/aprs/aprs_ws/install/gz_ros2_control_tests:/workspaces/aprs/aprs_ws/install/ign_ros2_control:/workspaces/aprs/aprs_ws/install/franka_setup:/workspaces/aprs/aprs_ws/install/franka_gz:/workspaces/aprs/aprs_ws/install/fanuc_gz:/workspaces/aprs/aprs_ws/install/fanuc_description:/workspaces/aprs/aprs_ws/install/camera_mount:/workspaces/aprs/aprs_ws/install/aprs_lab:/workspaces/aprs/aprs_ws/install/aprs_gazebo:/opt/ros/humble /usr/bin/cmake --install /workspaces/aprs/aprs_ws/build/point_cloud
