[0.283s] Invoking command in '/home/aprs/aprs/aprs_ws/build/conveyor_interfaces': CMAKE_PREFIX_PATH=${CMAKE_PREFIX_PATH}:/home/aprs/aprs/aprs_ws/install/conveyor_controller:/opt/ros/humble /usr/bin/cmake --build /home/aprs/aprs/aprs_ws/build/conveyor_interfaces -- -j16 -l16
[0.360s] [  2%] Built target conveyor_interfaces__cpp
[0.360s] [ 12%] Built target conveyor_interfaces__rosidl_generator_c
[0.360s] [ 12%] Built target ament_cmake_python_copy_conveyor_interfaces
[0.386s] [ 23%] Built target conveyor_interfaces__rosidl_typesupport_c
[0.423s] [ 34%] Built target conveyor_interfaces__rosidl_typesupport_fastrtps_c
[0.423s] [ 61%] Built target conveyor_interfaces__rosidl_typesupport_fastrtps_cpp
[0.424s] [ 65%] Built target conveyor_interfaces__rosidl_typesupport_cpp
[0.425s] [ 65%] Built target conveyor_interfaces__rosidl_typesupport_introspection_c
[0.425s] [ 76%] Built target conveyor_interfaces__rosidl_typesupport_introspection_cpp
[0.434s] [ 76%] Built target conveyor_interfaces
[0.449s] [ 78%] Built target conveyor_interfaces__py
[0.452s] [ 87%] Built target conveyor_interfaces__rosidl_generator_py
[0.471s] [ 91%] Built target conveyor_interfaces__rosidl_typesupport_fastrtps_c__pyext
[0.474s] [ 95%] Built target conveyor_interfaces__rosidl_typesupport_introspection_c__pyext
[0.474s] [100%] Built target conveyor_interfaces__rosidl_typesupport_c__pyext
[0.586s] running egg_info
[0.594s] writing conveyor_interfaces.egg-info/PKG-INFO
[0.594s] writing dependency_links to conveyor_interfaces.egg-info/dependency_links.txt
[0.594s] writing top-level names to conveyor_interfaces.egg-info/top_level.txt
[0.594s] reading manifest file 'conveyor_interfaces.egg-info/SOURCES.txt'
[0.594s] writing manifest file 'conveyor_interfaces.egg-info/SOURCES.txt'
[0.595s] [100%] Built target ament_cmake_python_build_conveyor_interfaces_egg
[0.680s] Invoked command in '/home/aprs/aprs/aprs_ws/build/conveyor_interfaces' returned '0': CMAKE_PREFIX_PATH=${CMAKE_PREFIX_PATH}:/home/aprs/aprs/aprs_ws/install/conveyor_controller:/opt/ros/humble /usr/bin/cmake --build /home/aprs/aprs/aprs_ws/build/conveyor_interfaces -- -j16 -l16
[0.868s] Invoking command in '/home/aprs/aprs/aprs_ws/build/conveyor_interfaces': CMAKE_PREFIX_PATH=${CMAKE_PREFIX_PATH}:/home/aprs/aprs/aprs_ws/install/conveyor_controller:/opt/ros/humble /usr/bin/cmake --install /home/aprs/aprs/aprs_ws/build/conveyor_interfaces
[0.901s] -- Install configuration: ""
[0.901s] -- Up-to-date: /home/aprs/aprs/aprs_ws/install/conveyor_interfaces/share/ament_index/resource_index/rosidl_interfaces/conveyor_interfaces
[0.901s] -- Up-to-date: /home/aprs/aprs/aprs_ws/install/conveyor_interfaces/include/conveyor_interfaces/conveyor_interfaces
[0.902s] -- Up-to-date: /home/aprs/aprs/aprs_ws/install/conveyor_interfaces/include/conveyor_interfaces/conveyor_interfaces/msg
[0.903s] -- Up-to-date: /home/aprs/aprs/aprs_ws/install/conveyor_interfaces/include/conveyor_interfaces/conveyor_interfaces/msg/detail
[0.903s] -- Up-to-date: /home/aprs/aprs/aprs_ws/install/conveyor_interfaces/include/conveyor_interfaces/conveyor_interfaces/msg/detail/conveyor_state__functions.h
[0.903s] -- Up-to-date: /home/aprs/aprs/aprs_ws/install/conveyor_interfaces/include/conveyor_interfaces/conveyor_interfaces/msg/detail/conveyor_state__struct.h
[0.903s] -- Up-to-date: /home/aprs/aprs/aprs_ws/install/conveyor_interfaces/include/conveyor_interfaces/conveyor_interfaces/msg/detail/conveyor_state__functions.c
[0.903s] -- Up-to-date: /home/aprs/aprs/aprs_ws/install/conveyor_interfaces/include/conveyor_interfaces/conveyor_interfaces/msg/detail/conveyor_state__type_support.h
[0.904s] -- Up-to-date: /home/aprs/aprs/aprs_ws/install/conveyor_interfaces/include/conveyor_interfaces/conveyor_interfaces/msg/rosidl_generator_c__visibility_control.h
[0.904s] -- Up-to-date: /home/aprs/aprs/aprs_ws/install/conveyor_interfaces/include/conveyor_interfaces/conveyor_interfaces/msg/conveyor_state.h
[0.904s] -- Up-to-date: /home/aprs/aprs/aprs_ws/install/conveyor_interfaces/include/conveyor_interfaces/conveyor_interfaces/srv
[0.905s] -- Up-to-date: /home/aprs/aprs/aprs_ws/install/conveyor_interfaces/include/conveyor_interfaces/conveyor_interfaces/srv/set_conveyor_state.h
[0.905s] -- Up-to-date: /home/aprs/aprs/aprs_ws/install/conveyor_interfaces/include/conveyor_interfaces/conveyor_interfaces/srv/detail
[0.905s] -- Up-to-date: /home/aprs/aprs/aprs_ws/install/conveyor_interfaces/include/conveyor_interfaces/conveyor_interfaces/srv/detail/enable_conveyor__functions.c
[0.905s] -- Up-to-date: /home/aprs/aprs/aprs_ws/install/conveyor_interfaces/include/conveyor_interfaces/conveyor_interfaces/srv/detail/enable_conveyor__struct.h
[0.907s] -- Up-to-date: /home/aprs/aprs/aprs_ws/install/conveyor_interfaces/include/conveyor_interfaces/conveyor_interfaces/srv/detail/set_conveyor_state__functions.c
[0.908s] -- Up-to-date: /home/aprs/aprs/aprs_ws/install/conveyor_interfaces/include/conveyor_interfaces/conveyor_interfaces/srv/detail/enable_conveyor__functions.h
[0.909s] -- Up-to-date: /home/aprs/aprs/aprs_ws/install/conveyor_interfaces/include/conveyor_interfaces/conveyor_interfaces/srv/detail/enable_conveyor__type_support.h
[0.910s] -- Up-to-date: /home/aprs/aprs/aprs_ws/install/conveyor_interfaces/include/conveyor_interfaces/conveyor_interfaces/srv/detail/set_conveyor_state__functions.h
[0.910s] -- Up-to-date: /home/aprs/aprs/aprs_ws/install/conveyor_interfaces/include/conveyor_interfaces/conveyor_interfaces/srv/detail/set_conveyor_state__struct.h
[0.911s] -- Up-to-date: /home/aprs/aprs/aprs_ws/install/conveyor_interfaces/include/conveyor_interfaces/conveyor_interfaces/srv/detail/set_conveyor_state__type_support.h
[0.911s] -- Up-to-date: /home/aprs/aprs/aprs_ws/install/conveyor_interfaces/include/conveyor_interfaces/conveyor_interfaces/srv/enable_conveyor.h
[0.911s] -- Up-to-date: /home/aprs/aprs/aprs_ws/install/conveyor_interfaces/share/conveyor_interfaces/environment/library_path.sh
[0.911s] -- Up-to-date: /home/aprs/aprs/aprs_ws/install/conveyor_interfaces/share/conveyor_interfaces/environment/library_path.dsv
[0.911s] -- Up-to-date: /home/aprs/aprs/aprs_ws/install/conveyor_interfaces/lib/libconveyor_interfaces__rosidl_generator_c.so
[0.911s] -- Up-to-date: /home/aprs/aprs/aprs_ws/install/conveyor_interfaces/include/conveyor_interfaces/conveyor_interfaces
[0.911s] -- Up-to-date: /home/aprs/aprs/aprs_ws/install/conveyor_interfaces/include/conveyor_interfaces/conveyor_interfaces/msg
[0.911s] -- Up-to-date: /home/aprs/aprs/aprs_ws/install/conveyor_interfaces/include/conveyor_interfaces/conveyor_interfaces/msg/rosidl_typesupport_fastrtps_c__visibility_control.h
[0.911s] -- Up-to-date: /home/aprs/aprs/aprs_ws/install/conveyor_interfaces/include/conveyor_interfaces/conveyor_interfaces/msg/detail
[0.911s] -- Up-to-date: /home/aprs/aprs/aprs_ws/install/conveyor_interfaces/include/conveyor_interfaces/conveyor_interfaces/msg/detail/conveyor_state__rosidl_typesupport_fastrtps_c.h
[0.911s] -- Up-to-date: /home/aprs/aprs/aprs_ws/install/conveyor_interfaces/include/conveyor_interfaces/conveyor_interfaces/srv
[0.912s] -- Up-to-date: /home/aprs/aprs/aprs_ws/install/conveyor_interfaces/include/conveyor_interfaces/conveyor_interfaces/srv/detail
[0.912s] -- Up-to-date: /home/aprs/aprs/aprs_ws/install/conveyor_interfaces/include/conveyor_interfaces/conveyor_interfaces/srv/detail/enable_conveyor__rosidl_typesupport_fastrtps_c.h
[0.912s] -- Up-to-date: /home/aprs/aprs/aprs_ws/install/conveyor_interfaces/include/conveyor_interfaces/conveyor_interfaces/srv/detail/set_conveyor_state__rosidl_typesupport_fastrtps_c.h
[0.912s] -- Up-to-date: /home/aprs/aprs/aprs_ws/install/conveyor_interfaces/lib/libconveyor_interfaces__rosidl_typesupport_fastrtps_c.so
[0.912s] -- Up-to-date: /home/aprs/aprs/aprs_ws/install/conveyor_interfaces/include/conveyor_interfaces/conveyor_interfaces
[0.912s] -- Up-to-date: /home/aprs/aprs/aprs_ws/install/conveyor_interfaces/include/conveyor_interfaces/conveyor_interfaces/msg
[0.912s] -- Up-to-date: /home/aprs/aprs/aprs_ws/install/conveyor_interfaces/include/conveyor_interfaces/conveyor_interfaces/msg/detail
[0.912s] -- Up-to-date: /home/aprs/aprs/aprs_ws/install/conveyor_interfaces/include/conveyor_interfaces/conveyor_interfaces/msg/detail/conveyor_state__rosidl_typesupport_introspection_c.h
[0.912s] -- Up-to-date: /home/aprs/aprs/aprs_ws/install/conveyor_interfaces/include/conveyor_interfaces/conveyor_interfaces/msg/detail/conveyor_state__type_support.c
[0.912s] -- Up-to-date: /home/aprs/aprs/aprs_ws/install/conveyor_interfaces/include/conveyor_interfaces/conveyor_interfaces/msg/rosidl_typesupport_introspection_c__visibility_control.h
[0.912s] -- Up-to-date: /home/aprs/aprs/aprs_ws/install/conveyor_interfaces/include/conveyor_interfaces/conveyor_interfaces/srv
[0.912s] -- Up-to-date: /home/aprs/aprs/aprs_ws/install/conveyor_interfaces/include/conveyor_interfaces/conveyor_interfaces/srv/detail
[0.912s] -- Up-to-date: /home/aprs/aprs/aprs_ws/install/conveyor_interfaces/include/conveyor_interfaces/conveyor_interfaces/srv/detail/set_conveyor_state__type_support.c
[0.913s] -- Up-to-date: /home/aprs/aprs/aprs_ws/install/conveyor_interfaces/include/conveyor_interfaces/conveyor_interfaces/srv/detail/set_conveyor_state__rosidl_typesupport_introspection_c.h
[0.913s] -- Up-to-date: /home/aprs/aprs/aprs_ws/install/conveyor_interfaces/include/conveyor_interfaces/conveyor_interfaces/srv/detail/enable_conveyor__type_support.c
[0.913s] -- Up-to-date: /home/aprs/aprs/aprs_ws/install/conveyor_interfaces/include/conveyor_interfaces/conveyor_interfaces/srv/detail/enable_conveyor__rosidl_typesupport_introspection_c.h
[0.913s] -- Up-to-date: /home/aprs/aprs/aprs_ws/install/conveyor_interfaces/lib/libconveyor_interfaces__rosidl_typesupport_introspection_c.so
[0.913s] -- Up-to-date: /home/aprs/aprs/aprs_ws/install/conveyor_interfaces/lib/libconveyor_interfaces__rosidl_typesupport_c.so
[0.913s] -- Up-to-date: /home/aprs/aprs/aprs_ws/install/conveyor_interfaces/include/conveyor_interfaces/conveyor_interfaces
[0.913s] -- Up-to-date: /home/aprs/aprs/aprs_ws/install/conveyor_interfaces/include/conveyor_interfaces/conveyor_interfaces/msg
[0.913s] -- Up-to-date: /home/aprs/aprs/aprs_ws/install/conveyor_interfaces/include/conveyor_interfaces/conveyor_interfaces/msg/detail
[0.913s] -- Up-to-date: /home/aprs/aprs/aprs_ws/install/conveyor_interfaces/include/conveyor_interfaces/conveyor_interfaces/msg/detail/conveyor_state__traits.hpp
[0.913s] -- Up-to-date: /home/aprs/aprs/aprs_ws/install/conveyor_interfaces/include/conveyor_interfaces/conveyor_interfaces/msg/detail/conveyor_state__struct.hpp
[0.913s] -- Up-to-date: /home/aprs/aprs/aprs_ws/install/conveyor_interfaces/include/conveyor_interfaces/conveyor_interfaces/msg/detail/conveyor_state__builder.hpp
[0.913s] -- Up-to-date: /home/aprs/aprs/aprs_ws/install/conveyor_interfaces/include/conveyor_interfaces/conveyor_interfaces/msg/conveyor_state.hpp
[0.913s] -- Up-to-date: /home/aprs/aprs/aprs_ws/install/conveyor_interfaces/include/conveyor_interfaces/conveyor_interfaces/srv
[0.913s] -- Up-to-date: /home/aprs/aprs/aprs_ws/install/conveyor_interfaces/include/conveyor_interfaces/conveyor_interfaces/srv/set_conveyor_state.hpp
[0.913s] -- Up-to-date: /home/aprs/aprs/aprs_ws/install/conveyor_interfaces/include/conveyor_interfaces/conveyor_interfaces/srv/detail
[0.914s] -- Up-to-date: /home/aprs/aprs/aprs_ws/install/conveyor_interfaces/include/conveyor_interfaces/conveyor_interfaces/srv/detail/enable_conveyor__builder.hpp
[0.914s] -- Up-to-date: /home/aprs/aprs/aprs_ws/install/conveyor_interfaces/include/conveyor_interfaces/conveyor_interfaces/srv/detail/set_conveyor_state__builder.hpp
[0.914s] -- Up-to-date: /home/aprs/aprs/aprs_ws/install/conveyor_interfaces/include/conveyor_interfaces/conveyor_interfaces/srv/detail/enable_conveyor__traits.hpp
[0.914s] -- Up-to-date: /home/aprs/aprs/aprs_ws/install/conveyor_interfaces/include/conveyor_interfaces/conveyor_interfaces/srv/detail/set_conveyor_state__traits.hpp
[0.914s] -- Up-to-date: /home/aprs/aprs/aprs_ws/install/conveyor_interfaces/include/conveyor_interfaces/conveyor_interfaces/srv/detail/enable_conveyor__struct.hpp
[0.914s] -- Up-to-date: /home/aprs/aprs/aprs_ws/install/conveyor_interfaces/include/conveyor_interfaces/conveyor_interfaces/srv/detail/set_conveyor_state__struct.hpp
[0.914s] -- Up-to-date: /home/aprs/aprs/aprs_ws/install/conveyor_interfaces/include/conveyor_interfaces/conveyor_interfaces/srv/enable_conveyor.hpp
[0.915s] -- Up-to-date: /home/aprs/aprs/aprs_ws/install/conveyor_interfaces/include/conveyor_interfaces/conveyor_interfaces
[0.916s] -- Up-to-date: /home/aprs/aprs/aprs_ws/install/conveyor_interfaces/include/conveyor_interfaces/conveyor_interfaces/msg
[0.919s] -- Up-to-date: /home/aprs/aprs/aprs_ws/install/conveyor_interfaces/include/conveyor_interfaces/conveyor_interfaces/msg/detail
[0.920s] -- Up-to-date: /home/aprs/aprs/aprs_ws/install/conveyor_interfaces/include/conveyor_interfaces/conveyor_interfaces/msg/detail/conveyor_state__rosidl_typesupport_fastrtps_cpp.hpp
[0.920s] -- Up-to-date: /home/aprs/aprs/aprs_ws/install/conveyor_interfaces/include/conveyor_interfaces/conveyor_interfaces/msg/detail/dds_fastrtps
[0.920s] -- Up-to-date: /home/aprs/aprs/aprs_ws/install/conveyor_interfaces/include/conveyor_interfaces/conveyor_interfaces/msg/rosidl_typesupport_fastrtps_cpp__visibility_control.h
[0.920s] -- Up-to-date: /home/aprs/aprs/aprs_ws/install/conveyor_interfaces/include/conveyor_interfaces/conveyor_interfaces/srv
[0.921s] -- Up-to-date: /home/aprs/aprs/aprs_ws/install/conveyor_interfaces/include/conveyor_interfaces/conveyor_interfaces/srv/detail
[0.923s] -- Up-to-date: /home/aprs/aprs/aprs_ws/install/conveyor_interfaces/include/conveyor_interfaces/conveyor_interfaces/srv/detail/set_conveyor_state__rosidl_typesupport_fastrtps_cpp.hpp
[0.923s] -- Up-to-date: /home/aprs/aprs/aprs_ws/install/conveyor_interfaces/include/conveyor_interfaces/conveyor_interfaces/srv/detail/dds_fastrtps
[0.923s] -- Up-to-date: /home/aprs/aprs/aprs_ws/install/conveyor_interfaces/include/conveyor_interfaces/conveyor_interfaces/srv/detail/enable_conveyor__rosidl_typesupport_fastrtps_cpp.hpp
[0.923s] -- Up-to-date: /home/aprs/aprs/aprs_ws/install/conveyor_interfaces/lib/libconveyor_interfaces__rosidl_typesupport_fastrtps_cpp.so
[0.924s] -- Up-to-date: /home/aprs/aprs/aprs_ws/install/conveyor_interfaces/include/conveyor_interfaces/conveyor_interfaces
[0.924s] -- Up-to-date: /home/aprs/aprs/aprs_ws/install/conveyor_interfaces/include/conveyor_interfaces/conveyor_interfaces/msg
[0.926s] -- Up-to-date: /home/aprs/aprs/aprs_ws/install/conveyor_interfaces/include/conveyor_interfaces/conveyor_interfaces/msg/detail
[0.926s] -- Up-to-date: /home/aprs/aprs/aprs_ws/install/conveyor_interfaces/include/conveyor_interfaces/conveyor_interfaces/msg/detail/conveyor_state__rosidl_typesupport_introspection_cpp.hpp
[0.926s] -- Up-to-date: /home/aprs/aprs/aprs_ws/install/conveyor_interfaces/include/conveyor_interfaces/conveyor_interfaces/msg/detail/conveyor_state__type_support.cpp
[0.926s] -- Up-to-date: /home/aprs/aprs/aprs_ws/install/conveyor_interfaces/include/conveyor_interfaces/conveyor_interfaces/srv
[0.927s] -- Up-to-date: /home/aprs/aprs/aprs_ws/install/conveyor_interfaces/include/conveyor_interfaces/conveyor_interfaces/srv/detail
[0.927s] -- Up-to-date: /home/aprs/aprs/aprs_ws/install/conveyor_interfaces/include/conveyor_interfaces/conveyor_interfaces/srv/detail/set_conveyor_state__type_support.cpp
[0.927s] -- Up-to-date: /home/aprs/aprs/aprs_ws/install/conveyor_interfaces/include/conveyor_interfaces/conveyor_interfaces/srv/detail/enable_conveyor__rosidl_typesupport_introspection_cpp.hpp
[0.927s] -- Up-to-date: /home/aprs/aprs/aprs_ws/install/conveyor_interfaces/include/conveyor_interfaces/conveyor_interfaces/srv/detail/set_conveyor_state__rosidl_typesupport_introspection_cpp.hpp
[0.927s] -- Up-to-date: /home/aprs/aprs/aprs_ws/install/conveyor_interfaces/include/conveyor_interfaces/conveyor_interfaces/srv/detail/enable_conveyor__type_support.cpp
[0.927s] -- Up-to-date: /home/aprs/aprs/aprs_ws/install/conveyor_interfaces/lib/libconveyor_interfaces__rosidl_typesupport_introspection_cpp.so
[0.928s] -- Up-to-date: /home/aprs/aprs/aprs_ws/install/conveyor_interfaces/lib/libconveyor_interfaces__rosidl_typesupport_cpp.so
[0.928s] -- Up-to-date: /home/aprs/aprs/aprs_ws/install/conveyor_interfaces/share/conveyor_interfaces/environment/pythonpath.sh
[0.928s] -- Up-to-date: /home/aprs/aprs/aprs_ws/install/conveyor_interfaces/share/conveyor_interfaces/environment/pythonpath.dsv
[0.928s] -- Up-to-date: /home/aprs/aprs/aprs_ws/install/conveyor_interfaces/local/lib/python3.10/dist-packages/conveyor_interfaces-0.0.0-py3.10.egg-info
[0.929s] -- Installing: /home/aprs/aprs/aprs_ws/install/conveyor_interfaces/local/lib/python3.10/dist-packages/conveyor_interfaces-0.0.0-py3.10.egg-info/PKG-INFO
[0.929s] -- Installing: /home/aprs/aprs/aprs_ws/install/conveyor_interfaces/local/lib/python3.10/dist-packages/conveyor_interfaces-0.0.0-py3.10.egg-info/dependency_links.txt
[0.929s] -- Installing: /home/aprs/aprs/aprs_ws/install/conveyor_interfaces/local/lib/python3.10/dist-packages/conveyor_interfaces-0.0.0-py3.10.egg-info/SOURCES.txt
[0.930s] -- Installing: /home/aprs/aprs/aprs_ws/install/conveyor_interfaces/local/lib/python3.10/dist-packages/conveyor_interfaces-0.0.0-py3.10.egg-info/top_level.txt
[0.930s] -- Up-to-date: /home/aprs/aprs/aprs_ws/install/conveyor_interfaces/local/lib/python3.10/dist-packages/conveyor_interfaces
[0.930s] -- Up-to-date: /home/aprs/aprs/aprs_ws/install/conveyor_interfaces/local/lib/python3.10/dist-packages/conveyor_interfaces/__init__.py
[0.930s] -- Up-to-date: /home/aprs/aprs/aprs_ws/install/conveyor_interfaces/local/lib/python3.10/dist-packages/conveyor_interfaces/_conveyor_interfaces_s.ep.rosidl_typesupport_c.c
[0.931s] -- Up-to-date: /home/aprs/aprs/aprs_ws/install/conveyor_interfaces/local/lib/python3.10/dist-packages/conveyor_interfaces/_conveyor_interfaces_s.ep.rosidl_typesupport_introspection_c.c
[0.931s] -- Up-to-date: /home/aprs/aprs/aprs_ws/install/conveyor_interfaces/local/lib/python3.10/dist-packages/conveyor_interfaces/_conveyor_interfaces_s.ep.rosidl_typesupport_fastrtps_c.c
[0.931s] -- Up-to-date: /home/aprs/aprs/aprs_ws/install/conveyor_interfaces/local/lib/python3.10/dist-packages/conveyor_interfaces/libconveyor_interfaces__rosidl_generator_py.so
[0.933s] -- Up-to-date: /home/aprs/aprs/aprs_ws/install/conveyor_interfaces/local/lib/python3.10/dist-packages/conveyor_interfaces/msg
[0.933s] -- Up-to-date: /home/aprs/aprs/aprs_ws/install/conveyor_interfaces/local/lib/python3.10/dist-packages/conveyor_interfaces/msg/__init__.py
[0.933s] -- Up-to-date: /home/aprs/aprs/aprs_ws/install/conveyor_interfaces/local/lib/python3.10/dist-packages/conveyor_interfaces/msg/_conveyor_state_s.c
[0.933s] -- Up-to-date: /home/aprs/aprs/aprs_ws/install/conveyor_interfaces/local/lib/python3.10/dist-packages/conveyor_interfaces/msg/_conveyor_state.py
[0.933s] -- Up-to-date: /home/aprs/aprs/aprs_ws/install/conveyor_interfaces/local/lib/python3.10/dist-packages/conveyor_interfaces/conveyor_interfaces_s__rosidl_typesupport_introspection_c.cpython-310-x86_64-linux-gnu.so
[0.934s] -- Up-to-date: /home/aprs/aprs/aprs_ws/install/conveyor_interfaces/local/lib/python3.10/dist-packages/conveyor_interfaces/srv
[0.934s] -- Up-to-date: /home/aprs/aprs/aprs_ws/install/conveyor_interfaces/local/lib/python3.10/dist-packages/conveyor_interfaces/srv/__init__.py
[0.934s] -- Up-to-date: /home/aprs/aprs/aprs_ws/install/conveyor_interfaces/local/lib/python3.10/dist-packages/conveyor_interfaces/srv/_enable_conveyor_s.c
[0.934s] -- Up-to-date: /home/aprs/aprs/aprs_ws/install/conveyor_interfaces/local/lib/python3.10/dist-packages/conveyor_interfaces/srv/_enable_conveyor.py
[0.934s] -- Up-to-date: /home/aprs/aprs/aprs_ws/install/conveyor_interfaces/local/lib/python3.10/dist-packages/conveyor_interfaces/srv/_set_conveyor_state.py
[0.934s] -- Up-to-date: /home/aprs/aprs/aprs_ws/install/conveyor_interfaces/local/lib/python3.10/dist-packages/conveyor_interfaces/srv/_set_conveyor_state_s.c
[0.934s] -- Up-to-date: /home/aprs/aprs/aprs_ws/install/conveyor_interfaces/local/lib/python3.10/dist-packages/conveyor_interfaces/conveyor_interfaces_s__rosidl_typesupport_fastrtps_c.cpython-310-x86_64-linux-gnu.so
[0.935s] -- Up-to-date: /home/aprs/aprs/aprs_ws/install/conveyor_interfaces/local/lib/python3.10/dist-packages/conveyor_interfaces/conveyor_interfaces_s__rosidl_typesupport_c.cpython-310-x86_64-linux-gnu.so
[0.935s] Listing '/home/aprs/aprs/aprs_ws/install/conveyor_interfaces/local/lib/python3.10/dist-packages/conveyor_interfaces'...
[0.935s] Listing '/home/aprs/aprs/aprs_ws/install/conveyor_interfaces/local/lib/python3.10/dist-packages/conveyor_interfaces/msg'...
[0.935s] Listing '/home/aprs/aprs/aprs_ws/install/conveyor_interfaces/local/lib/python3.10/dist-packages/conveyor_interfaces/srv'...
[0.935s] -- Up-to-date: /home/aprs/aprs/aprs_ws/install/conveyor_interfaces/local/lib/python3.10/dist-packages/conveyor_interfaces/conveyor_interfaces_s__rosidl_typesupport_fastrtps_c.cpython-310-x86_64-linux-gnu.so
[0.935s] -- Up-to-date: /home/aprs/aprs/aprs_ws/install/conveyor_interfaces/local/lib/python3.10/dist-packages/conveyor_interfaces/conveyor_interfaces_s__rosidl_typesupport_introspection_c.cpython-310-x86_64-linux-gnu.so
[0.935s] -- Up-to-date: /home/aprs/aprs/aprs_ws/install/conveyor_interfaces/local/lib/python3.10/dist-packages/conveyor_interfaces/conveyor_interfaces_s__rosidl_typesupport_c.cpython-310-x86_64-linux-gnu.so
[0.935s] -- Up-to-date: /home/aprs/aprs/aprs_ws/install/conveyor_interfaces/lib/libconveyor_interfaces__rosidl_generator_py.so
[0.936s] -- Up-to-date: /home/aprs/aprs/aprs_ws/install/conveyor_interfaces/share/conveyor_interfaces/msg/ConveyorState.idl
[0.936s] -- Up-to-date: /home/aprs/aprs/aprs_ws/install/conveyor_interfaces/share/conveyor_interfaces/srv/EnableConveyor.idl
[0.937s] -- Up-to-date: /home/aprs/aprs/aprs_ws/install/conveyor_interfaces/share/conveyor_interfaces/srv/SetConveyorState.idl
[0.937s] -- Up-to-date: /home/aprs/aprs/aprs_ws/install/conveyor_interfaces/share/conveyor_interfaces/msg/ConveyorState.msg
[0.937s] -- Up-to-date: /home/aprs/aprs/aprs_ws/install/conveyor_interfaces/share/conveyor_interfaces/srv/EnableConveyor.srv
[0.937s] -- Up-to-date: /home/aprs/aprs/aprs_ws/install/conveyor_interfaces/share/conveyor_interfaces/srv/EnableConveyor_Request.msg
[0.939s] -- Up-to-date: /home/aprs/aprs/aprs_ws/install/conveyor_interfaces/share/conveyor_interfaces/srv/EnableConveyor_Response.msg
[0.939s] -- Up-to-date: /home/aprs/aprs/aprs_ws/install/conveyor_interfaces/share/conveyor_interfaces/srv/SetConveyorState.srv
[0.939s] -- Up-to-date: /home/aprs/aprs/aprs_ws/install/conveyor_interfaces/share/conveyor_interfaces/srv/SetConveyorState_Request.msg
[0.939s] -- Up-to-date: /home/aprs/aprs/aprs_ws/install/conveyor_interfaces/share/conveyor_interfaces/srv/SetConveyorState_Response.msg
[0.939s] -- Up-to-date: /home/aprs/aprs/aprs_ws/install/conveyor_interfaces/share/ament_index/resource_index/package_run_dependencies/conveyor_interfaces
[0.939s] -- Up-to-date: /home/aprs/aprs/aprs_ws/install/conveyor_interfaces/share/ament_index/resource_index/parent_prefix_path/conveyor_interfaces
[0.940s] -- Up-to-date: /home/aprs/aprs/aprs_ws/install/conveyor_interfaces/share/conveyor_interfaces/environment/ament_prefix_path.sh
[0.940s] -- Up-to-date: /home/aprs/aprs/aprs_ws/install/conveyor_interfaces/share/conveyor_interfaces/environment/ament_prefix_path.dsv
[0.940s] -- Up-to-date: /home/aprs/aprs/aprs_ws/install/conveyor_interfaces/share/conveyor_interfaces/environment/path.sh
[0.940s] -- Up-to-date: /home/aprs/aprs/aprs_ws/install/conveyor_interfaces/share/conveyor_interfaces/environment/path.dsv
[0.940s] -- Up-to-date: /home/aprs/aprs/aprs_ws/install/conveyor_interfaces/share/conveyor_interfaces/local_setup.bash
[0.940s] -- Up-to-date: /home/aprs/aprs/aprs_ws/install/conveyor_interfaces/share/conveyor_interfaces/local_setup.sh
[0.940s] -- Up-to-date: /home/aprs/aprs/aprs_ws/install/conveyor_interfaces/share/conveyor_interfaces/local_setup.zsh
[0.940s] -- Up-to-date: /home/aprs/aprs/aprs_ws/install/conveyor_interfaces/share/conveyor_interfaces/local_setup.dsv
[0.940s] -- Installing: /home/aprs/aprs/aprs_ws/install/conveyor_interfaces/share/conveyor_interfaces/package.dsv
[0.940s] -- Up-to-date: /home/aprs/aprs/aprs_ws/install/conveyor_interfaces/share/ament_index/resource_index/packages/conveyor_interfaces
[0.941s] -- Up-to-date: /home/aprs/aprs/aprs_ws/install/conveyor_interfaces/share/conveyor_interfaces/cmake/export_conveyor_interfaces__rosidl_generator_cExport.cmake
[0.941s] -- Up-to-date: /home/aprs/aprs/aprs_ws/install/conveyor_interfaces/share/conveyor_interfaces/cmake/export_conveyor_interfaces__rosidl_generator_cExport-noconfig.cmake
[0.941s] -- Up-to-date: /home/aprs/aprs/aprs_ws/install/conveyor_interfaces/share/conveyor_interfaces/cmake/export_conveyor_interfaces__rosidl_typesupport_fastrtps_cExport.cmake
[0.941s] -- Up-to-date: /home/aprs/aprs/aprs_ws/install/conveyor_interfaces/share/conveyor_interfaces/cmake/export_conveyor_interfaces__rosidl_typesupport_fastrtps_cExport-noconfig.cmake
[0.941s] -- Up-to-date: /home/aprs/aprs/aprs_ws/install/conveyor_interfaces/share/conveyor_interfaces/cmake/conveyor_interfaces__rosidl_typesupport_introspection_cExport.cmake
[0.941s] -- Up-to-date: /home/aprs/aprs/aprs_ws/install/conveyor_interfaces/share/conveyor_interfaces/cmake/conveyor_interfaces__rosidl_typesupport_introspection_cExport-noconfig.cmake
[0.941s] -- Up-to-date: /home/aprs/aprs/aprs_ws/install/conveyor_interfaces/share/conveyor_interfaces/cmake/conveyor_interfaces__rosidl_typesupport_cExport.cmake
[0.941s] -- Up-to-date: /home/aprs/aprs/aprs_ws/install/conveyor_interfaces/share/conveyor_interfaces/cmake/conveyor_interfaces__rosidl_typesupport_cExport-noconfig.cmake
[0.941s] -- Up-to-date: /home/aprs/aprs/aprs_ws/install/conveyor_interfaces/share/conveyor_interfaces/cmake/export_conveyor_interfaces__rosidl_generator_cppExport.cmake
[0.941s] -- Up-to-date: /home/aprs/aprs/aprs_ws/install/conveyor_interfaces/share/conveyor_interfaces/cmake/export_conveyor_interfaces__rosidl_typesupport_fastrtps_cppExport.cmake
[0.941s] -- Up-to-date: /home/aprs/aprs/aprs_ws/install/conveyor_interfaces/share/conveyor_interfaces/cmake/export_conveyor_interfaces__rosidl_typesupport_fastrtps_cppExport-noconfig.cmake
[0.941s] -- Up-to-date: /home/aprs/aprs/aprs_ws/install/conveyor_interfaces/share/conveyor_interfaces/cmake/conveyor_interfaces__rosidl_typesupport_introspection_cppExport.cmake
[0.942s] -- Up-to-date: /home/aprs/aprs/aprs_ws/install/conveyor_interfaces/share/conveyor_interfaces/cmake/conveyor_interfaces__rosidl_typesupport_introspection_cppExport-noconfig.cmake
[0.942s] -- Up-to-date: /home/aprs/aprs/aprs_ws/install/conveyor_interfaces/share/conveyor_interfaces/cmake/conveyor_interfaces__rosidl_typesupport_cppExport.cmake
[0.942s] -- Up-to-date: /home/aprs/aprs/aprs_ws/install/conveyor_interfaces/share/conveyor_interfaces/cmake/conveyor_interfaces__rosidl_typesupport_cppExport-noconfig.cmake
[0.942s] -- Up-to-date: /home/aprs/aprs/aprs_ws/install/conveyor_interfaces/share/conveyor_interfaces/cmake/export_conveyor_interfaces__rosidl_generator_pyExport.cmake
[0.942s] -- Up-to-date: /home/aprs/aprs/aprs_ws/install/conveyor_interfaces/share/conveyor_interfaces/cmake/export_conveyor_interfaces__rosidl_generator_pyExport-noconfig.cmake
[0.942s] -- Up-to-date: /home/aprs/aprs/aprs_ws/install/conveyor_interfaces/share/conveyor_interfaces/cmake/rosidl_cmake-extras.cmake
[0.942s] -- Up-to-date: /home/aprs/aprs/aprs_ws/install/conveyor_interfaces/share/conveyor_interfaces/cmake/ament_cmake_export_include_directories-extras.cmake
[0.942s] -- Up-to-date: /home/aprs/aprs/aprs_ws/install/conveyor_interfaces/share/conveyor_interfaces/cmake/ament_cmake_export_libraries-extras.cmake
[0.942s] -- Up-to-date: /home/aprs/aprs/aprs_ws/install/conveyor_interfaces/share/conveyor_interfaces/cmake/ament_cmake_export_targets-extras.cmake
[0.942s] -- Up-to-date: /home/aprs/aprs/aprs_ws/install/conveyor_interfaces/share/conveyor_interfaces/cmake/rosidl_cmake_export_typesupport_targets-extras.cmake
[0.942s] -- Up-to-date: /home/aprs/aprs/aprs_ws/install/conveyor_interfaces/share/conveyor_interfaces/cmake/ament_cmake_export_dependencies-extras.cmake
[0.943s] -- Up-to-date: /home/aprs/aprs/aprs_ws/install/conveyor_interfaces/share/conveyor_interfaces/cmake/rosidl_cmake_export_typesupport_libraries-extras.cmake
[0.943s] -- Up-to-date: /home/aprs/aprs/aprs_ws/install/conveyor_interfaces/share/conveyor_interfaces/cmake/conveyor_interfacesConfig.cmake
[0.943s] -- Up-to-date: /home/aprs/aprs/aprs_ws/install/conveyor_interfaces/share/conveyor_interfaces/cmake/conveyor_interfacesConfig-version.cmake
[0.943s] -- Up-to-date: /home/aprs/aprs/aprs_ws/install/conveyor_interfaces/share/conveyor_interfaces/package.xml
[0.950s] Invoked command in '/home/aprs/aprs/aprs_ws/build/conveyor_interfaces' returned '0': CMAKE_PREFIX_PATH=${CMAKE_PREFIX_PATH}:/home/aprs/aprs/aprs_ws/install/conveyor_controller:/opt/ros/humble /usr/bin/cmake --install /home/aprs/aprs/aprs_ws/build/conveyor_interfaces
