[0.014s] Invoking command in '/workspaces/aprs_humble/aprs_ws/build/ur_controllers': AMENT_PREFIX_PATH=/workspaces/aprs_humble/aprs_ws/install/controller_interface:/workspaces/aprs_humble/aprs_ws/install/hardware_interface:/workspaces/aprs_humble/aprs_ws/install/ur_msgs:/workspaces/aprs_humble/aprs_ws/install/ur_dashboard_msgs:${AMENT_PREFIX_PATH} CMAKE_PREFIX_PATH=/workspaces/aprs_humble/aprs_ws/install/controller_interface:/workspaces/aprs_humble/aprs_ws/install/hardware_interface:/workspaces/aprs_humble/aprs_ws/install/ur_msgs:/workspaces/aprs_humble/aprs_ws/install/ur_dashboard_msgs:/opt/ros/humble LD_LIBRARY_PATH=/workspaces/aprs_humble/aprs_ws/install/controller_interface/lib:/workspaces/aprs_humble/aprs_ws/install/hardware_interface/lib:/workspaces/aprs_humble/aprs_ws/install/ur_msgs/lib:/workspaces/aprs_humble/aprs_ws/install/ur_dashboard_msgs/lib:${LD_LIBRARY_PATH} PYTHONPATH=/workspaces/aprs_humble/aprs_ws/install/ur_msgs/local/lib/python3.10/dist-packages:/workspaces/aprs_humble/aprs_ws/install/ur_dashboard_msgs/local/lib/python3.10/dist-packages:${PYTHONPATH} /usr/bin/cmake /workspaces/aprs_humble/aprs_ws/src/Universal_Robots_ROS2_Driver/ur_controllers -DBUILD_TESTING=ON -DCMAKE_INSTALL_PREFIX=/workspaces/aprs_humble/aprs_ws/install/ur_controllers
[0.066s] -- The C compiler identification is GNU 11.4.0
[0.124s] -- The CXX compiler identification is GNU 11.4.0
[0.131s] -- Detecting C compiler ABI info
[0.195s] -- Detecting C compiler ABI info - done
[0.202s] -- Check for working C compiler: /usr/bin/cc - skipped
[0.202s] -- Detecting C compile features
[0.203s] -- Detecting C compile features - done
[0.206s] -- Detecting CXX compiler ABI info
[0.274s] -- Detecting CXX compiler ABI info - done
[0.281s] -- Check for working CXX compiler: /usr/bin/c++ - skipped
[0.281s] -- Detecting CXX compile features
[0.281s] -- Detecting CXX compile features - done
[0.286s] -- Found ament_cmake: 1.3.5 (/opt/ros/humble/share/ament_cmake/cmake)
[0.437s] -- Found Python3: /usr/bin/python3.10 (found version "3.10.12") found components: Interpreter 
[0.535s] -- Found angles: 1.15.0 (/opt/ros/humble/share/angles/cmake)
[0.536s] -- Found controller_interface: 2.31.0 (/workspaces/aprs_humble/aprs_ws/install/controller_interface/share/controller_interface/cmake)
[0.594s] -- Found rosidl_generator_c: 3.1.5 (/opt/ros/humble/share/rosidl_generator_c/cmake)
[0.602s] -- Found rosidl_adapter: 3.1.5 (/opt/ros/humble/share/rosidl_adapter/cmake)
[0.612s] -- Found rosidl_generator_cpp: 3.1.5 (/opt/ros/humble/share/rosidl_generator_cpp/cmake)
[0.628s] -- Using all available rosidl_typesupport_c: rosidl_typesupport_fastrtps_c;rosidl_typesupport_introspection_c
[0.651s] -- Using all available rosidl_typesupport_cpp: rosidl_typesupport_fastrtps_cpp;rosidl_typesupport_introspection_cpp
[1.396s] -- Found rmw_implementation_cmake: 6.1.1 (/opt/ros/humble/share/rmw_implementation_cmake/cmake)
[1.401s] -- Found rmw_fastrtps_cpp: 6.2.3 (/opt/ros/humble/share/rmw_fastrtps_cpp/cmake)
[1.518s] -- Found OpenSSL: /usr/lib/x86_64-linux-gnu/libcrypto.so (found version "3.0.2")  
[1.563s] -- Found FastRTPS: /opt/ros/humble/include  
[1.625s] -- Using RMW implementation 'rmw_fastrtps_cpp' as default
[1.641s] -- Looking for pthread.h
[1.709s] -- Looking for pthread.h - found
[1.709s] -- Performing Test CMAKE_HAVE_LIBC_PTHREAD
[1.778s] -- Performing Test CMAKE_HAVE_LIBC_PTHREAD - Success
[1.780s] -- Found Threads: TRUE  
[2.057s] -- Found joint_trajectory_controller: 2.24.0 (/opt/ros/humble/share/joint_trajectory_controller/cmake)
[2.255s] -- Found parameter_traits: 0.3.6 (/opt/ros/humble/share/parameter_traits/cmake)
[2.447s] -- Found std_srvs: 4.2.3 (/opt/ros/humble/share/std_srvs/cmake)
[2.463s] -- Found ur_dashboard_msgs: 2.2.8 (/workspaces/aprs_humble/aprs_ws/install/ur_dashboard_msgs/share/ur_dashboard_msgs/cmake)
[2.534s] -- Found ur_msgs: 2.0.0 (/workspaces/aprs_humble/aprs_ws/install/ur_msgs/share/ur_msgs/cmake)
[2.740s] -- Configuring done
[2.776s] [33mCMake Warning at CMakeLists.txt:57 (add_library):
[2.776s]   Cannot generate a safe runtime search path for target ur_controllers
[2.776s]   because there is a cycle in the constraint graph:
[2.776s] 
[2.776s]     dir 0 is [/opt/ros/humble/lib]
[2.776s]       dir 3 must precede it due to runtime library [libfake_components.so]
[2.776s]       dir 4 must precede it due to runtime library [libcontroller_interface.so]
[2.776s]     dir 1 is [/workspaces/aprs_humble/aprs_ws/install/ur_dashboard_msgs/lib]
[2.776s]     dir 2 is [/workspaces/aprs_humble/aprs_ws/install/ur_msgs/lib]
[2.776s]     dir 3 is [/workspaces/aprs_humble/aprs_ws/install/hardware_interface/lib]
[2.776s]       dir 0 must precede it due to runtime library [libfake_components.so]
[2.776s]     dir 4 is [/workspaces/aprs_humble/aprs_ws/install/controller_interface/lib]
[2.776s]       dir 0 must precede it due to runtime library [libcontroller_interface.so]
[2.776s] 
[2.777s]   Some of these libraries may not be found correctly.
[2.777s] 
[2.777s] [0m
[2.777s] -- Generating done
[2.779s] -- Build files have been written to: /workspaces/aprs_humble/aprs_ws/build/ur_controllers
[2.795s] Invoked command in '/workspaces/aprs_humble/aprs_ws/build/ur_controllers' returned '0': AMENT_PREFIX_PATH=/workspaces/aprs_humble/aprs_ws/install/controller_interface:/workspaces/aprs_humble/aprs_ws/install/hardware_interface:/workspaces/aprs_humble/aprs_ws/install/ur_msgs:/workspaces/aprs_humble/aprs_ws/install/ur_dashboard_msgs:${AMENT_PREFIX_PATH} CMAKE_PREFIX_PATH=/workspaces/aprs_humble/aprs_ws/install/controller_interface:/workspaces/aprs_humble/aprs_ws/install/hardware_interface:/workspaces/aprs_humble/aprs_ws/install/ur_msgs:/workspaces/aprs_humble/aprs_ws/install/ur_dashboard_msgs:/opt/ros/humble LD_LIBRARY_PATH=/workspaces/aprs_humble/aprs_ws/install/controller_interface/lib:/workspaces/aprs_humble/aprs_ws/install/hardware_interface/lib:/workspaces/aprs_humble/aprs_ws/install/ur_msgs/lib:/workspaces/aprs_humble/aprs_ws/install/ur_dashboard_msgs/lib:${LD_LIBRARY_PATH} PYTHONPATH=/workspaces/aprs_humble/aprs_ws/install/ur_msgs/local/lib/python3.10/dist-packages:/workspaces/aprs_humble/aprs_ws/install/ur_dashboard_msgs/local/lib/python3.10/dist-packages:${PYTHONPATH} /usr/bin/cmake /workspaces/aprs_humble/aprs_ws/src/Universal_Robots_ROS2_Driver/ur_controllers -DBUILD_TESTING=ON -DCMAKE_INSTALL_PREFIX=/workspaces/aprs_humble/aprs_ws/install/ur_controllers
[2.797s] Invoking command in '/workspaces/aprs_humble/aprs_ws/build/ur_controllers': AMENT_PREFIX_PATH=/workspaces/aprs_humble/aprs_ws/install/controller_interface:/workspaces/aprs_humble/aprs_ws/install/hardware_interface:/workspaces/aprs_humble/aprs_ws/install/ur_msgs:/workspaces/aprs_humble/aprs_ws/install/ur_dashboard_msgs:${AMENT_PREFIX_PATH} CMAKE_PREFIX_PATH=/workspaces/aprs_humble/aprs_ws/install/controller_interface:/workspaces/aprs_humble/aprs_ws/install/hardware_interface:/workspaces/aprs_humble/aprs_ws/install/ur_msgs:/workspaces/aprs_humble/aprs_ws/install/ur_dashboard_msgs:/opt/ros/humble LD_LIBRARY_PATH=/workspaces/aprs_humble/aprs_ws/install/controller_interface/lib:/workspaces/aprs_humble/aprs_ws/install/hardware_interface/lib:/workspaces/aprs_humble/aprs_ws/install/ur_msgs/lib:/workspaces/aprs_humble/aprs_ws/install/ur_dashboard_msgs/lib:${LD_LIBRARY_PATH} PYTHONPATH=/workspaces/aprs_humble/aprs_ws/install/ur_msgs/local/lib/python3.10/dist-packages:/workspaces/aprs_humble/aprs_ws/install/ur_dashboard_msgs/local/lib/python3.10/dist-packages:${PYTHONPATH} /usr/bin/cmake --build /workspaces/aprs_humble/aprs_ws/build/ur_controllers -- -j16 -l16
[2.839s] [ 14%] [34m[1mRunning `/opt/ros/humble/bin/generate_parameter_library_cpp /workspaces/aprs_humble/aprs_ws/build/ur_controllers/scaled_joint_trajectory_controller_parameters/include//scaled_joint_trajectory_controller_parameters.hpp /workspaces/aprs_humble/aprs_ws/src/Universal_Robots_ROS2_Driver/ur_controllers/src/scaled_joint_trajectory_controller_parameters.yaml `[0m
[2.839s] [ 42%] [34m[1mRunning `/opt/ros/humble/bin/generate_parameter_library_cpp /workspaces/aprs_humble/aprs_ws/build/ur_controllers/gpio_controller_parameters/include//gpio_controller_parameters.hpp /workspaces/aprs_humble/aprs_ws/src/Universal_Robots_ROS2_Driver/ur_controllers/src/gpio_controller_parameters.yaml `[0m
[2.839s] [ 42%] [34m[1mRunning `/opt/ros/humble/bin/generate_parameter_library_cpp /workspaces/aprs_humble/aprs_ws/build/ur_controllers/speed_scaling_state_broadcaster_parameters/include//speed_scaling_state_broadcaster_parameters.hpp /workspaces/aprs_humble/aprs_ws/src/Universal_Robots_ROS2_Driver/ur_controllers/src/speed_scaling_state_broadcaster_parameters.yaml `[0m
[2.986s] [ 42%] Built target scaled_joint_trajectory_controller_parameters
[3.007s] [ 42%] Built target speed_scaling_state_broadcaster_parameters
[3.012s] [ 42%] Built target gpio_controller_parameters
[3.030s] [ 71%] [32mBuilding CXX object CMakeFiles/ur_controllers.dir/src/scaled_joint_trajectory_controller.cpp.o[0m
[3.030s] [ 71%] [32mBuilding CXX object CMakeFiles/ur_controllers.dir/src/speed_scaling_state_broadcaster.cpp.o[0m
[3.030s] [ 85%] [32mBuilding CXX object CMakeFiles/ur_controllers.dir/src/gpio_controller.cpp.o[0m
[12.153s] [100%] [32m[1mLinking CXX shared library libur_controllers.so[0m
[12.820s] [100%] Built target ur_controllers
[12.829s] Invoked command in '/workspaces/aprs_humble/aprs_ws/build/ur_controllers' returned '0': AMENT_PREFIX_PATH=/workspaces/aprs_humble/aprs_ws/install/controller_interface:/workspaces/aprs_humble/aprs_ws/install/hardware_interface:/workspaces/aprs_humble/aprs_ws/install/ur_msgs:/workspaces/aprs_humble/aprs_ws/install/ur_dashboard_msgs:${AMENT_PREFIX_PATH} CMAKE_PREFIX_PATH=/workspaces/aprs_humble/aprs_ws/install/controller_interface:/workspaces/aprs_humble/aprs_ws/install/hardware_interface:/workspaces/aprs_humble/aprs_ws/install/ur_msgs:/workspaces/aprs_humble/aprs_ws/install/ur_dashboard_msgs:/opt/ros/humble LD_LIBRARY_PATH=/workspaces/aprs_humble/aprs_ws/install/controller_interface/lib:/workspaces/aprs_humble/aprs_ws/install/hardware_interface/lib:/workspaces/aprs_humble/aprs_ws/install/ur_msgs/lib:/workspaces/aprs_humble/aprs_ws/install/ur_dashboard_msgs/lib:${LD_LIBRARY_PATH} PYTHONPATH=/workspaces/aprs_humble/aprs_ws/install/ur_msgs/local/lib/python3.10/dist-packages:/workspaces/aprs_humble/aprs_ws/install/ur_dashboard_msgs/local/lib/python3.10/dist-packages:${PYTHONPATH} /usr/bin/cmake --build /workspaces/aprs_humble/aprs_ws/build/ur_controllers -- -j16 -l16
[12.853s] Invoking command in '/workspaces/aprs_humble/aprs_ws/build/ur_controllers': AMENT_PREFIX_PATH=/workspaces/aprs_humble/aprs_ws/install/controller_interface:/workspaces/aprs_humble/aprs_ws/install/hardware_interface:/workspaces/aprs_humble/aprs_ws/install/ur_msgs:/workspaces/aprs_humble/aprs_ws/install/ur_dashboard_msgs:${AMENT_PREFIX_PATH} CMAKE_PREFIX_PATH=/workspaces/aprs_humble/aprs_ws/install/controller_interface:/workspaces/aprs_humble/aprs_ws/install/hardware_interface:/workspaces/aprs_humble/aprs_ws/install/ur_msgs:/workspaces/aprs_humble/aprs_ws/install/ur_dashboard_msgs:/opt/ros/humble LD_LIBRARY_PATH=/workspaces/aprs_humble/aprs_ws/install/controller_interface/lib:/workspaces/aprs_humble/aprs_ws/install/hardware_interface/lib:/workspaces/aprs_humble/aprs_ws/install/ur_msgs/lib:/workspaces/aprs_humble/aprs_ws/install/ur_dashboard_msgs/lib:${LD_LIBRARY_PATH} PYTHONPATH=/workspaces/aprs_humble/aprs_ws/install/ur_msgs/local/lib/python3.10/dist-packages:/workspaces/aprs_humble/aprs_ws/install/ur_dashboard_msgs/local/lib/python3.10/dist-packages:${PYTHONPATH} /usr/bin/cmake --install /workspaces/aprs_humble/aprs_ws/build/ur_controllers
[12.859s] -- Install configuration: ""
[12.859s] -- Installing: /workspaces/aprs_humble/aprs_ws/install/ur_controllers/include/gpio_controller_parameters
[12.859s] -- Installing: /workspaces/aprs_humble/aprs_ws/install/ur_controllers/include/gpio_controller_parameters/gpio_controller_parameters.hpp
[12.859s] -- Installing: /workspaces/aprs_humble/aprs_ws/install/ur_controllers/include/speed_scaling_state_broadcaster_parameters
[12.859s] -- Installing: /workspaces/aprs_humble/aprs_ws/install/ur_controllers/include/speed_scaling_state_broadcaster_parameters/speed_scaling_state_broadcaster_parameters.hpp
[12.859s] -- Installing: /workspaces/aprs_humble/aprs_ws/install/ur_controllers/include/scaled_joint_trajectory_controller_parameters
[12.859s] -- Installing: /workspaces/aprs_humble/aprs_ws/install/ur_controllers/include/scaled_joint_trajectory_controller_parameters/scaled_joint_trajectory_controller_parameters.hpp
[12.859s] -- Installing: /workspaces/aprs_humble/aprs_ws/install/ur_controllers/share/ur_controllers/controller_plugins.xml
[12.859s] -- Installing: /workspaces/aprs_humble/aprs_ws/install/ur_controllers/lib/libur_controllers.so
[12.865s] -- Set runtime path of "/workspaces/aprs_humble/aprs_ws/install/ur_controllers/lib/libur_controllers.so" to ""
[12.866s] -- Up-to-date: /workspaces/aprs_humble/aprs_ws/install/ur_controllers/include
[12.866s] -- Installing: /workspaces/aprs_humble/aprs_ws/install/ur_controllers/include/ur_controllers
[12.866s] -- Installing: /workspaces/aprs_humble/aprs_ws/install/ur_controllers/include/ur_controllers/scaled_joint_trajectory_controller.hpp
[12.866s] -- Installing: /workspaces/aprs_humble/aprs_ws/install/ur_controllers/include/ur_controllers/gpio_controller.hpp
[12.866s] -- Installing: /workspaces/aprs_humble/aprs_ws/install/ur_controllers/include/ur_controllers/speed_scaling_state_broadcaster.hpp
[12.866s] -- Up-to-date: /workspaces/aprs_humble/aprs_ws/install/ur_controllers/share/ur_controllers/controller_plugins.xml
[12.866s] -- Installing: /workspaces/aprs_humble/aprs_ws/install/ur_controllers/share/ur_controllers/environment/library_path.sh
[12.866s] -- Installing: /workspaces/aprs_humble/aprs_ws/install/ur_controllers/share/ur_controllers/environment/library_path.dsv
[12.866s] -- Installing: /workspaces/aprs_humble/aprs_ws/install/ur_controllers/share/ament_index/resource_index/package_run_dependencies/ur_controllers
[12.866s] -- Installing: /workspaces/aprs_humble/aprs_ws/install/ur_controllers/share/ament_index/resource_index/parent_prefix_path/ur_controllers
[12.866s] -- Installing: /workspaces/aprs_humble/aprs_ws/install/ur_controllers/share/ur_controllers/environment/ament_prefix_path.sh
[12.866s] -- Installing: /workspaces/aprs_humble/aprs_ws/install/ur_controllers/share/ur_controllers/environment/ament_prefix_path.dsv
[12.866s] -- Installing: /workspaces/aprs_humble/aprs_ws/install/ur_controllers/share/ur_controllers/environment/path.sh
[12.866s] -- Installing: /workspaces/aprs_humble/aprs_ws/install/ur_controllers/share/ur_controllers/environment/path.dsv
[12.867s] -- Installing: /workspaces/aprs_humble/aprs_ws/install/ur_controllers/share/ur_controllers/local_setup.bash
[12.867s] -- Installing: /workspaces/aprs_humble/aprs_ws/install/ur_controllers/share/ur_controllers/local_setup.sh
[12.867s] -- Installing: /workspaces/aprs_humble/aprs_ws/install/ur_controllers/share/ur_controllers/local_setup.zsh
[12.867s] -- Installing: /workspaces/aprs_humble/aprs_ws/install/ur_controllers/share/ur_controllers/local_setup.dsv
[12.867s] -- Installing: /workspaces/aprs_humble/aprs_ws/install/ur_controllers/share/ur_controllers/package.dsv
[12.867s] -- Installing: /workspaces/aprs_humble/aprs_ws/install/ur_controllers/share/ament_index/resource_index/packages/ur_controllers
[12.867s] -- Installing: /workspaces/aprs_humble/aprs_ws/install/ur_controllers/share/ament_index/resource_index/controller_interface__pluginlib__plugin/ur_controllers
[12.867s] -- Installing: /workspaces/aprs_humble/aprs_ws/install/ur_controllers/share/ur_controllers/cmake/ament_cmake_export_dependencies-extras.cmake
[12.867s] -- Installing: /workspaces/aprs_humble/aprs_ws/install/ur_controllers/share/ur_controllers/cmake/ament_cmake_export_include_directories-extras.cmake
[12.867s] -- Installing: /workspaces/aprs_humble/aprs_ws/install/ur_controllers/share/ur_controllers/cmake/ament_cmake_export_libraries-extras.cmake
[12.868s] -- Installing: /workspaces/aprs_humble/aprs_ws/install/ur_controllers/share/ur_controllers/cmake/ur_controllersConfig.cmake
[12.868s] -- Installing: /workspaces/aprs_humble/aprs_ws/install/ur_controllers/share/ur_controllers/cmake/ur_controllersConfig-version.cmake
[12.868s] -- Installing: /workspaces/aprs_humble/aprs_ws/install/ur_controllers/share/ur_controllers/package.xml
[12.871s] Invoked command in '/workspaces/aprs_humble/aprs_ws/build/ur_controllers' returned '0': AMENT_PREFIX_PATH=/workspaces/aprs_humble/aprs_ws/install/controller_interface:/workspaces/aprs_humble/aprs_ws/install/hardware_interface:/workspaces/aprs_humble/aprs_ws/install/ur_msgs:/workspaces/aprs_humble/aprs_ws/install/ur_dashboard_msgs:${AMENT_PREFIX_PATH} CMAKE_PREFIX_PATH=/workspaces/aprs_humble/aprs_ws/install/controller_interface:/workspaces/aprs_humble/aprs_ws/install/hardware_interface:/workspaces/aprs_humble/aprs_ws/install/ur_msgs:/workspaces/aprs_humble/aprs_ws/install/ur_dashboard_msgs:/opt/ros/humble LD_LIBRARY_PATH=/workspaces/aprs_humble/aprs_ws/install/controller_interface/lib:/workspaces/aprs_humble/aprs_ws/install/hardware_interface/lib:/workspaces/aprs_humble/aprs_ws/install/ur_msgs/lib:/workspaces/aprs_humble/aprs_ws/install/ur_dashboard_msgs/lib:${LD_LIBRARY_PATH} PYTHONPATH=/workspaces/aprs_humble/aprs_ws/install/ur_msgs/local/lib/python3.10/dist-packages:/workspaces/aprs_humble/aprs_ws/install/ur_dashboard_msgs/local/lib/python3.10/dist-packages:${PYTHONPATH} /usr/bin/cmake --install /workspaces/aprs_humble/aprs_ws/build/ur_controllers
